Log file: cifar10_lava0.5_randomoversampling_selection_exp0.01_seed42_20260501_133134.log
Run started: 2026-05-01 13:31:34.508205
Dataset: cifar10
Imbalance type: exp, factor: 0.01
Selection method: lava, ratio: 0.5
Strategy: RandomOversampling_Selection, epochs: 200
Seed: 42, rand_number: 0
Augmentation: weak
Noise ratio: 0.5
============================================================

=> Preparing logger and tensorboard writer !
----------------------------------------------------
Class ID   | Original   | Selected   | Keep %  
----------------------------------------------------
0          | 4000       | 2636       |    65.9%
1          | 4000       | 1606       |    40.2%
2          | 4000       | 3050       |    76.2%
3          | 4000       | 2600       |    65.0%
4          | 4000       | 2217       |    55.4%
5          | 4000       | 1888       |    47.2%
6          | 4000       | 1544       |    38.6%
7          | 4000       | 1634       |    40.8%
8          | 4000       | 1385       |    34.6%
9          | 4000       | 1440       |    36.0%
----------------------------------------------------
TOTAL      | 40000      | 20000      |    50.0%
----------------------------------------------------
Epoch [0] Training Results: Prec@1 21.695 Prec@5 65.820             Loss 2.21998
Epoch [0] Training Class Recall: [0.513,0.348,0.376,0.291,0.171,0.022,0.023,0.019,0.023,0.003]
Epoch [0] Testing Results: Prec@1 21.360 Prec@5 71.050             Loss 2.18765
Epoch [0] Testing Class Recall: [0.283,0.566,0.649,0.186,0.452,0.000,0.000,0.000,0.000,0.000]
Epoch [1] Training Results: Prec@1 25.290 Prec@5 69.990             Loss 2.13571
Epoch [1] Training Class Recall: [0.555,0.567,0.373,0.352,0.168,0.066,0.053,0.012,0.002,0.020]
Epoch [1] Testing Results: Prec@1 15.000 Prec@5 70.740             Loss 2.23322
Epoch [1] Testing Class Recall: [0.221,0.215,0.968,0.001,0.000,0.055,0.002,0.038,0.000,0.000]
Epoch [2] Training Results: Prec@1 26.950 Prec@5 72.605             Loss 2.07131
Epoch [2] Training Class Recall: [0.605,0.606,0.428,0.355,0.153,0.076,0.046,0.021,0.003,0.002]
Epoch [2] Testing Results: Prec@1 24.560 Prec@5 81.790             Loss 2.00506
Epoch [2] Testing Class Recall: [0.883,0.371,0.282,0.269,0.637,0.002,0.003,0.009,0.000,0.000]
Epoch [3] Training Results: Prec@1 29.865 Prec@5 74.845             Loss 2.01641
Epoch [3] Training Class Recall: [0.659,0.679,0.439,0.398,0.152,0.105,0.104,0.044,0.001,0.003]
Epoch [3] Testing Results: Prec@1 25.890 Prec@5 81.030             Loss 2.04429
Epoch [3] Testing Class Recall: [0.913,0.437,0.308,0.313,0.509,0.060,0.001,0.048,0.000,0.000]
Epoch [4] Training Results: Prec@1 31.510 Prec@5 76.255             Loss 1.97768
Epoch [4] Training Class Recall: [0.666,0.712,0.466,0.408,0.199,0.104,0.095,0.067,0.014,0.006]
Epoch [4] Testing Results: Prec@1 28.510 Prec@5 81.430             Loss 1.93705
Epoch [4] Testing Class Recall: [0.778,0.643,0.784,0.109,0.002,0.394,0.015,0.007,0.016,0.103]
Epoch [5] Training Results: Prec@1 33.670 Prec@5 77.915             Loss 1.93482
Epoch [5] Training Class Recall: [0.685,0.734,0.492,0.403,0.237,0.144,0.148,0.073,0.036,0.005]
Epoch [5] Testing Results: Prec@1 37.120 Prec@5 84.790             Loss 1.78200
Epoch [5] Testing Class Recall: [0.630,0.826,0.558,0.122,0.435,0.424,0.364,0.280,0.056,0.017]
Epoch [6] Training Results: Prec@1 35.785 Prec@5 79.725             Loss 1.88214
Epoch [6] Training Class Recall: [0.670,0.736,0.510,0.412,0.279,0.181,0.194,0.102,0.092,0.017]
Epoch [6] Testing Results: Prec@1 29.620 Prec@5 72.680             Loss 2.08186
Epoch [6] Testing Class Recall: [0.829,0.341,0.591,0.373,0.300,0.230,0.162,0.124,0.004,0.008]
Epoch [7] Training Results: Prec@1 37.975 Prec@5 81.085             Loss 1.83734
Epoch [7] Training Class Recall: [0.685,0.742,0.525,0.395,0.328,0.236,0.225,0.128,0.131,0.040]
Epoch [7] Testing Results: Prec@1 38.380 Prec@5 82.500             Loss 1.83391
Epoch [7] Testing Class Recall: [0.714,0.813,0.282,0.295,0.214,0.702,0.161,0.404,0.134,0.119]
Epoch [8] Training Results: Prec@1 39.045 Prec@5 82.635             Loss 1.80054
Epoch [8] Training Class Recall: [0.670,0.752,0.530,0.428,0.346,0.243,0.245,0.146,0.128,0.061]
Epoch [8] Testing Results: Prec@1 41.800 Prec@5 85.390             Loss 1.71623
Epoch [8] Testing Class Recall: [0.695,0.584,0.438,0.645,0.237,0.239,0.457,0.322,0.386,0.177]
Epoch [9] Training Results: Prec@1 41.350 Prec@5 84.335             Loss 1.73827
Epoch [9] Training Class Recall: [0.676,0.760,0.558,0.412,0.387,0.254,0.282,0.201,0.184,0.096]
Epoch [9] Testing Results: Prec@1 40.060 Prec@5 85.440             Loss 1.72561
Epoch [9] Testing Class Recall: [0.715,0.696,0.511,0.380,0.524,0.240,0.119,0.434,0.332,0.055]
Epoch [10] Training Results: Prec@1 43.090 Prec@5 85.545             Loss 1.68383
Epoch [10] Training Class Recall: [0.661,0.765,0.568,0.430,0.399,0.288,0.293,0.254,0.231,0.126]
Epoch [10] Testing Results: Prec@1 37.050 Prec@5 74.770             Loss 2.12267
Epoch [10] Testing Class Recall: [0.704,0.735,0.657,0.321,0.432,0.129,0.366,0.247,0.068,0.046]
Epoch [11] Training Results: Prec@1 45.305 Prec@5 87.045             Loss 1.62637
Epoch [11] Training Class Recall: [0.666,0.765,0.572,0.432,0.442,0.318,0.311,0.289,0.300,0.181]
Epoch [11] Testing Results: Prec@1 39.410 Prec@5 79.430             Loss 2.02215
Epoch [11] Testing Class Recall: [0.643,0.925,0.422,0.120,0.185,0.210,0.542,0.673,0.053,0.168]
Epoch [12] Training Results: Prec@1 46.775 Prec@5 88.335             Loss 1.57472
Epoch [12] Training Class Recall: [0.668,0.752,0.575,0.438,0.452,0.337,0.354,0.335,0.301,0.238]
Epoch [12] Testing Results: Prec@1 39.920 Prec@5 80.270             Loss 1.94773
Epoch [12] Testing Class Recall: [0.797,0.639,0.608,0.404,0.245,0.439,0.303,0.065,0.131,0.361]
Epoch [13] Training Results: Prec@1 50.350 Prec@5 89.955             Loss 1.48641
Epoch [13] Training Class Recall: [0.672,0.763,0.606,0.468,0.482,0.395,0.378,0.379,0.388,0.315]
Epoch [13] Testing Results: Prec@1 33.610 Prec@5 72.560             Loss 2.64029
Epoch [13] Testing Class Recall: [0.789,0.509,0.536,0.138,0.542,0.094,0.550,0.166,0.025,0.012]
Epoch [14] Training Results: Prec@1 52.650 Prec@5 91.295             Loss 1.42622
Epoch [14] Training Class Recall: [0.667,0.772,0.596,0.493,0.510,0.404,0.447,0.450,0.426,0.365]
Epoch [14] Testing Results: Prec@1 34.140 Prec@5 76.240             Loss 2.31748
Epoch [14] Testing Class Recall: [0.409,0.756,0.562,0.124,0.366,0.474,0.175,0.360,0.167,0.021]
Epoch [15] Training Results: Prec@1 55.030 Prec@5 92.045             Loss 1.35109
Epoch [15] Training Class Recall: [0.662,0.761,0.608,0.500,0.529,0.467,0.469,0.489,0.500,0.428]
Epoch [15] Testing Results: Prec@1 38.430 Prec@5 83.560             Loss 2.02726
Epoch [15] Testing Class Recall: [0.398,0.864,0.487,0.409,0.157,0.212,0.316,0.330,0.567,0.103]
Epoch [16] Training Results: Prec@1 58.080 Prec@5 93.085             Loss 1.27111
Epoch [16] Training Class Recall: [0.672,0.767,0.635,0.535,0.544,0.497,0.525,0.532,0.539,0.496]
Epoch [16] Testing Results: Prec@1 32.700 Prec@5 75.050             Loss 2.88799
Epoch [16] Testing Class Recall: [0.592,0.772,0.739,0.180,0.094,0.085,0.254,0.156,0.340,0.058]
Epoch [17] Training Results: Prec@1 60.470 Prec@5 93.945             Loss 1.20058
Epoch [17] Training Class Recall: [0.670,0.779,0.645,0.547,0.581,0.533,0.547,0.573,0.583,0.559]
Epoch [17] Testing Results: Prec@1 33.370 Prec@5 74.720             Loss 2.72655
Epoch [17] Testing Class Recall: [0.769,0.566,0.624,0.181,0.581,0.066,0.155,0.172,0.054,0.169]
Epoch [18] Training Results: Prec@1 62.995 Prec@5 94.855             Loss 1.12771
Epoch [18] Training Class Recall: [0.682,0.787,0.651,0.568,0.594,0.582,0.588,0.614,0.638,0.598]
Epoch [18] Testing Results: Prec@1 36.390 Prec@5 79.310             Loss 2.61151
Epoch [18] Testing Class Recall: [0.627,0.634,0.434,0.296,0.517,0.260,0.229,0.124,0.250,0.268]
Epoch [19] Training Results: Prec@1 65.090 Prec@5 95.325             Loss 1.06159
Epoch [19] Training Class Recall: [0.692,0.798,0.656,0.595,0.626,0.583,0.624,0.643,0.666,0.654]
Epoch [19] Testing Results: Prec@1 34.790 Prec@5 78.730             Loss 2.63149
Epoch [19] Testing Class Recall: [0.597,0.694,0.238,0.261,0.167,0.149,0.439,0.637,0.187,0.110]
Epoch [20] Training Results: Prec@1 66.275 Prec@5 95.930             Loss 1.02233
Epoch [20] Training Class Recall: [0.663,0.793,0.683,0.618,0.626,0.601,0.651,0.660,0.703,0.672]
Epoch [20] Testing Results: Prec@1 36.810 Prec@5 75.040             Loss 2.92614
Epoch [20] Testing Class Recall: [0.566,0.807,0.528,0.451,0.484,0.074,0.321,0.211,0.107,0.132]
Epoch [21] Training Results: Prec@1 69.465 Prec@5 96.470             Loss 0.93421
Epoch [21] Training Class Recall: [0.697,0.801,0.696,0.636,0.672,0.647,0.678,0.711,0.747,0.722]
Epoch [21] Testing Results: Prec@1 36.150 Prec@5 75.050             Loss 2.89100
Epoch [21] Testing Class Recall: [0.821,0.620,0.622,0.387,0.134,0.256,0.483,0.082,0.097,0.113]
Epoch [22] Training Results: Prec@1 71.025 Prec@5 97.040             Loss 0.87973
Epoch [22] Training Class Recall: [0.699,0.803,0.705,0.675,0.684,0.690,0.697,0.728,0.745,0.730]
Epoch [22] Testing Results: Prec@1 35.350 Prec@5 72.220             Loss 3.28847
Epoch [22] Testing Class Recall: [0.699,0.646,0.495,0.439,0.542,0.203,0.209,0.106,0.133,0.063]
Epoch [23] Training Results: Prec@1 72.145 Prec@5 97.055             Loss 0.85035
Epoch [23] Training Class Recall: [0.703,0.811,0.710,0.682,0.713,0.683,0.719,0.761,0.747,0.749]
Epoch [23] Testing Results: Prec@1 32.850 Prec@5 75.800             Loss 3.49782
Epoch [23] Testing Class Recall: [0.171,0.792,0.549,0.544,0.275,0.229,0.152,0.470,0.056,0.047]
Epoch [24] Training Results: Prec@1 73.675 Prec@5 97.330             Loss 0.80001
Epoch [24] Training Class Recall: [0.714,0.802,0.723,0.699,0.720,0.718,0.729,0.766,0.791,0.776]
Epoch [24] Testing Results: Prec@1 35.540 Prec@5 77.540             Loss 2.93917
Epoch [24] Testing Class Recall: [0.559,0.675,0.716,0.200,0.294,0.137,0.369,0.289,0.291,0.024]
Epoch [25] Training Results: Prec@1 75.435 Prec@5 97.785             Loss 0.75225
Epoch [25] Training Class Recall: [0.722,0.814,0.752,0.714,0.725,0.741,0.758,0.791,0.793,0.805]
Epoch [25] Testing Results: Prec@1 34.750 Prec@5 77.420             Loss 3.72063
Epoch [25] Testing Class Recall: [0.595,0.550,0.384,0.042,0.239,0.702,0.264,0.307,0.374,0.018]
Epoch [26] Training Results: Prec@1 76.340 Prec@5 97.915             Loss 0.72917
Epoch [26] Training Class Recall: [0.729,0.816,0.745,0.730,0.752,0.747,0.782,0.799,0.808,0.803]
Epoch [26] Testing Results: Prec@1 34.320 Prec@5 76.570             Loss 3.29650
Epoch [26] Testing Class Recall: [0.582,0.674,0.613,0.346,0.151,0.097,0.187,0.394,0.250,0.138]
Epoch [27] Training Results: Prec@1 76.895 Prec@5 98.080             Loss 0.69726
Epoch [27] Training Class Recall: [0.725,0.828,0.757,0.737,0.763,0.744,0.791,0.811,0.825,0.786]
Epoch [27] Testing Results: Prec@1 35.370 Prec@5 76.340             Loss 3.13601
Epoch [27] Testing Class Recall: [0.772,0.638,0.358,0.256,0.403,0.110,0.149,0.476,0.327,0.048]
Epoch [28] Training Results: Prec@1 77.695 Prec@5 98.315             Loss 0.67696
Epoch [28] Training Class Recall: [0.735,0.827,0.763,0.759,0.770,0.759,0.781,0.809,0.817,0.816]
Epoch [28] Testing Results: Prec@1 34.330 Prec@5 76.330             Loss 3.97448
Epoch [28] Testing Class Recall: [0.480,0.851,0.179,0.782,0.319,0.150,0.192,0.235,0.184,0.061]
Epoch [29] Training Results: Prec@1 79.375 Prec@5 98.380             Loss 0.63090
Epoch [29] Training Class Recall: [0.736,0.846,0.780,0.771,0.791,0.783,0.806,0.831,0.837,0.831]
Epoch [29] Testing Results: Prec@1 34.290 Prec@5 76.990             Loss 3.77434
Epoch [29] Testing Class Recall: [0.597,0.683,0.583,0.259,0.215,0.562,0.202,0.220,0.048,0.060]
Epoch [30] Training Results: Prec@1 81.065 Prec@5 98.585             Loss 0.58635
Epoch [30] Training Class Recall: [0.760,0.852,0.796,0.796,0.803,0.794,0.824,0.843,0.847,0.861]
Epoch [30] Testing Results: Prec@1 33.880 Prec@5 71.910             Loss 3.70297
Epoch [30] Testing Class Recall: [0.647,0.871,0.709,0.261,0.134,0.207,0.207,0.184,0.123,0.045]
Epoch [31] Training Results: Prec@1 81.805 Prec@5 98.615             Loss 0.56307
Epoch [31] Training Class Recall: [0.772,0.849,0.804,0.813,0.811,0.808,0.832,0.834,0.863,0.853]
Epoch [31] Testing Results: Prec@1 35.800 Prec@5 75.360             Loss 3.68485
Epoch [31] Testing Class Recall: [0.678,0.787,0.306,0.131,0.332,0.484,0.387,0.180,0.105,0.190]
Epoch [32] Training Results: Prec@1 81.910 Prec@5 98.880             Loss 0.55148
Epoch [32] Training Class Recall: [0.767,0.846,0.802,0.797,0.816,0.818,0.838,0.844,0.875,0.864]
Epoch [32] Testing Results: Prec@1 36.530 Prec@5 76.720             Loss 3.39602
Epoch [32] Testing Class Recall: [0.816,0.667,0.707,0.178,0.322,0.161,0.255,0.225,0.142,0.180]
Epoch [33] Training Results: Prec@1 81.680 Prec@5 98.865             Loss 0.55802
Epoch [33] Training Class Recall: [0.763,0.849,0.807,0.800,0.824,0.809,0.817,0.845,0.851,0.865]
Epoch [33] Testing Results: Prec@1 36.160 Prec@5 74.440             Loss 3.95944
Epoch [33] Testing Class Recall: [0.557,0.780,0.413,0.404,0.220,0.154,0.092,0.674,0.227,0.095]
Epoch [34] Training Results: Prec@1 82.965 Prec@5 98.955             Loss 0.52263
Epoch [34] Training Class Recall: [0.784,0.852,0.817,0.823,0.816,0.825,0.847,0.854,0.873,0.867]
Epoch [34] Testing Results: Prec@1 39.120 Prec@5 76.660             Loss 3.39066
Epoch [34] Testing Class Recall: [0.671,0.887,0.594,0.277,0.198,0.216,0.333,0.450,0.126,0.160]
Epoch [35] Training Results: Prec@1 83.520 Prec@5 99.070             Loss 0.50707
Epoch [35] Training Class Recall: [0.785,0.862,0.833,0.806,0.837,0.825,0.858,0.855,0.882,0.875]
Epoch [35] Testing Results: Prec@1 34.660 Prec@5 77.230             Loss 3.80417
Epoch [35] Testing Class Recall: [0.732,0.662,0.359,0.111,0.219,0.504,0.237,0.360,0.130,0.152]
Epoch [36] Training Results: Prec@1 84.230 Prec@5 99.075             Loss 0.48705
Epoch [36] Training Class Recall: [0.789,0.870,0.832,0.830,0.843,0.835,0.847,0.862,0.883,0.892]
Epoch [36] Testing Results: Prec@1 34.640 Prec@5 72.200             Loss 3.83512
Epoch [36] Testing Class Recall: [0.750,0.917,0.489,0.297,0.404,0.213,0.058,0.144,0.070,0.122]
Epoch [37] Training Results: Prec@1 85.120 Prec@5 99.185             Loss 0.46051
Epoch [37] Training Class Recall: [0.795,0.872,0.836,0.846,0.847,0.855,0.867,0.878,0.889,0.891]
Epoch [37] Testing Results: Prec@1 33.010 Prec@5 74.990             Loss 4.57004
Epoch [37] Testing Class Recall: [0.501,0.516,0.776,0.352,0.395,0.048,0.274,0.070,0.222,0.147]
Epoch [38] Training Results: Prec@1 84.370 Prec@5 99.235             Loss 0.46555
Epoch [38] Training Class Recall: [0.782,0.862,0.842,0.821,0.852,0.847,0.869,0.869,0.871,0.883]
Epoch [38] Testing Results: Prec@1 39.930 Prec@5 79.260             Loss 3.34991
Epoch [38] Testing Class Recall: [0.591,0.777,0.589,0.237,0.380,0.221,0.403,0.409,0.207,0.179]
Epoch [39] Training Results: Prec@1 85.255 Prec@5 99.225             Loss 0.44398
Epoch [39] Training Class Recall: [0.802,0.861,0.839,0.851,0.859,0.854,0.863,0.876,0.888,0.881]
Epoch [39] Testing Results: Prec@1 37.090 Prec@5 76.850             Loss 3.72896
Epoch [39] Testing Class Recall: [0.731,0.823,0.388,0.644,0.189,0.191,0.238,0.234,0.128,0.143]
Epoch [40] Training Results: Prec@1 85.510 Prec@5 99.260             Loss 0.44106
Epoch [40] Training Class Recall: [0.805,0.880,0.840,0.847,0.849,0.849,0.874,0.886,0.887,0.898]
Epoch [40] Testing Results: Prec@1 34.100 Prec@5 73.650             Loss 3.84177
Epoch [40] Testing Class Recall: [0.646,0.665,0.621,0.303,0.336,0.145,0.297,0.114,0.236,0.047]
Epoch [41] Training Results: Prec@1 86.580 Prec@5 99.385             Loss 0.40788
Epoch [41] Training Class Recall: [0.813,0.880,0.859,0.858,0.870,0.860,0.883,0.892,0.897,0.897]
Epoch [41] Testing Results: Prec@1 36.340 Prec@5 73.770             Loss 4.20334
Epoch [41] Testing Class Recall: [0.573,0.805,0.590,0.128,0.213,0.286,0.114,0.496,0.264,0.165]
Epoch [42] Training Results: Prec@1 86.355 Prec@5 99.345             Loss 0.42355
Epoch [42] Training Class Recall: [0.808,0.877,0.855,0.850,0.865,0.857,0.884,0.897,0.900,0.904]
Epoch [42] Testing Results: Prec@1 35.860 Prec@5 73.380             Loss 3.96562
Epoch [42] Testing Class Recall: [0.417,0.848,0.593,0.495,0.389,0.205,0.193,0.242,0.155,0.049]
Epoch [43] Training Results: Prec@1 87.460 Prec@5 99.410             Loss 0.39243
Epoch [43] Training Class Recall: [0.816,0.885,0.867,0.870,0.887,0.871,0.892,0.895,0.908,0.907]
Epoch [43] Testing Results: Prec@1 34.440 Prec@5 73.570             Loss 4.13355
Epoch [43] Testing Class Recall: [0.646,0.830,0.317,0.543,0.269,0.263,0.044,0.273,0.087,0.172]
Epoch [44] Training Results: Prec@1 86.460 Prec@5 99.430             Loss 0.41380
Epoch [44] Training Class Recall: [0.824,0.881,0.862,0.858,0.859,0.874,0.863,0.886,0.884,0.894]
Epoch [44] Testing Results: Prec@1 33.400 Prec@5 74.080             Loss 5.00867
Epoch [44] Testing Class Recall: [0.489,0.915,0.378,0.119,0.774,0.173,0.193,0.151,0.119,0.029]
Epoch [45] Training Results: Prec@1 86.925 Prec@5 99.625             Loss 0.40266
Epoch [45] Training Class Recall: [0.808,0.889,0.862,0.868,0.865,0.863,0.891,0.890,0.914,0.900]
Epoch [45] Testing Results: Prec@1 37.500 Prec@5 77.440             Loss 4.10082
Epoch [45] Testing Class Recall: [0.723,0.689,0.511,0.221,0.584,0.247,0.306,0.216,0.186,0.067]
Epoch [46] Training Results: Prec@1 88.730 Prec@5 99.495             Loss 0.34878
Epoch [46] Training Class Recall: [0.837,0.888,0.873,0.883,0.893,0.898,0.911,0.912,0.916,0.914]
Epoch [46] Testing Results: Prec@1 37.440 Prec@5 73.600             Loss 4.17511
Epoch [46] Testing Class Recall: [0.696,0.847,0.491,0.200,0.067,0.395,0.516,0.183,0.329,0.020]
Epoch [47] Training Results: Prec@1 86.945 Prec@5 99.480             Loss 0.39310
Epoch [47] Training Class Recall: [0.818,0.880,0.852,0.864,0.874,0.872,0.883,0.900,0.900,0.910]
Epoch [47] Testing Results: Prec@1 37.570 Prec@5 74.040             Loss 4.19636
Epoch [47] Testing Class Recall: [0.649,0.873,0.394,0.329,0.398,0.219,0.118,0.473,0.228,0.076]
Epoch [48] Training Results: Prec@1 87.690 Prec@5 99.500             Loss 0.37900
Epoch [48] Training Class Recall: [0.825,0.892,0.869,0.868,0.889,0.881,0.878,0.907,0.916,0.892]
Epoch [48] Testing Results: Prec@1 36.640 Prec@5 77.310             Loss 3.79648
Epoch [48] Testing Class Recall: [0.558,0.823,0.300,0.439,0.254,0.404,0.191,0.306,0.111,0.278]
Epoch [49] Training Results: Prec@1 88.595 Prec@5 99.575             Loss 0.35126
Epoch [49] Training Class Recall: [0.840,0.885,0.874,0.884,0.904,0.883,0.890,0.911,0.914,0.915]
Epoch [49] Testing Results: Prec@1 34.920 Prec@5 73.300             Loss 4.23629
Epoch [49] Testing Class Recall: [0.587,0.872,0.700,0.332,0.116,0.143,0.222,0.255,0.153,0.112]
Epoch [50] Training Results: Prec@1 86.935 Prec@5 99.530             Loss 0.39687
Epoch [50] Training Class Recall: [0.827,0.889,0.863,0.860,0.866,0.868,0.887,0.887,0.879,0.914]
Epoch [50] Testing Results: Prec@1 37.410 Prec@5 76.470             Loss 3.65319
Epoch [50] Testing Class Recall: [0.668,0.906,0.605,0.204,0.232,0.188,0.244,0.344,0.198,0.152]
Epoch [51] Training Results: Prec@1 88.695 Prec@5 99.575             Loss 0.34731
Epoch [51] Training Class Recall: [0.836,0.885,0.876,0.886,0.887,0.885,0.900,0.919,0.923,0.923]
Epoch [51] Testing Results: Prec@1 39.120 Prec@5 79.300             Loss 3.68770
Epoch [51] Testing Class Recall: [0.510,0.908,0.358,0.513,0.304,0.330,0.353,0.303,0.205,0.128]
Epoch [52] Training Results: Prec@1 88.645 Prec@5 99.670             Loss 0.34759
Epoch [52] Training Class Recall: [0.834,0.899,0.883,0.889,0.892,0.878,0.880,0.908,0.918,0.926]
Epoch [52] Testing Results: Prec@1 39.450 Prec@5 79.020             Loss 3.74812
Epoch [52] Testing Class Recall: [0.728,0.869,0.339,0.159,0.508,0.325,0.246,0.248,0.308,0.215]
Epoch [53] Training Results: Prec@1 88.485 Prec@5 99.645             Loss 0.35281
Epoch [53] Training Class Recall: [0.840,0.892,0.874,0.874,0.890,0.890,0.908,0.914,0.908,0.906]
Epoch [53] Testing Results: Prec@1 34.810 Prec@5 77.390             Loss 3.98753
Epoch [53] Testing Class Recall: [0.530,0.574,0.458,0.601,0.208,0.222,0.263,0.327,0.085,0.213]
Epoch [54] Training Results: Prec@1 88.905 Prec@5 99.645             Loss 0.33983
Epoch [54] Training Class Recall: [0.860,0.887,0.887,0.880,0.888,0.898,0.889,0.908,0.905,0.919]
Epoch [54] Testing Results: Prec@1 36.860 Prec@5 73.890             Loss 4.41873
Epoch [54] Testing Class Recall: [0.736,0.798,0.628,0.273,0.368,0.177,0.399,0.108,0.152,0.047]
Epoch [55] Training Results: Prec@1 88.705 Prec@5 99.655             Loss 0.34190
Epoch [55] Training Class Recall: [0.837,0.895,0.877,0.891,0.906,0.881,0.892,0.897,0.921,0.914]
Epoch [55] Testing Results: Prec@1 34.630 Prec@5 74.410             Loss 4.08601
Epoch [55] Testing Class Recall: [0.567,0.687,0.531,0.548,0.265,0.224,0.306,0.120,0.168,0.047]
Epoch [56] Training Results: Prec@1 88.735 Prec@5 99.585             Loss 0.35174
Epoch [56] Training Class Recall: [0.849,0.900,0.882,0.882,0.897,0.881,0.903,0.913,0.911,0.890]
Epoch [56] Testing Results: Prec@1 35.290 Prec@5 73.960             Loss 4.27788
Epoch [56] Testing Class Recall: [0.674,0.575,0.516,0.165,0.376,0.026,0.244,0.334,0.542,0.077]
Epoch [57] Training Results: Prec@1 89.600 Prec@5 99.715             Loss 0.31280
Epoch [57] Training Class Recall: [0.858,0.894,0.889,0.903,0.898,0.892,0.900,0.919,0.918,0.919]
Epoch [57] Testing Results: Prec@1 36.560 Prec@5 74.070             Loss 4.26968
Epoch [57] Testing Class Recall: [0.680,0.926,0.543,0.393,0.166,0.153,0.470,0.134,0.107,0.084]
Epoch [58] Training Results: Prec@1 88.870 Prec@5 99.725             Loss 0.34015
Epoch [58] Training Class Recall: [0.850,0.903,0.880,0.884,0.887,0.886,0.892,0.907,0.917,0.924]
Epoch [58] Testing Results: Prec@1 37.880 Prec@5 77.550             Loss 3.70961
Epoch [58] Testing Class Recall: [0.627,0.884,0.475,0.345,0.363,0.265,0.294,0.262,0.230,0.043]
Epoch [59] Training Results: Prec@1 88.915 Prec@5 99.710             Loss 0.33641
Epoch [59] Training Class Recall: [0.847,0.900,0.880,0.887,0.893,0.894,0.895,0.909,0.918,0.908]
Epoch [59] Testing Results: Prec@1 34.490 Prec@5 73.960             Loss 4.48976
Epoch [59] Testing Class Recall: [0.509,0.740,0.467,0.404,0.603,0.271,0.120,0.088,0.126,0.121]
Epoch [60] Training Results: Prec@1 89.425 Prec@5 99.560             Loss 0.33180
Epoch [60] Training Class Recall: [0.854,0.900,0.889,0.880,0.906,0.898,0.907,0.917,0.912,0.921]
Epoch [60] Testing Results: Prec@1 35.130 Prec@5 74.100             Loss 4.34196
Epoch [60] Testing Class Recall: [0.804,0.553,0.316,0.597,0.499,0.089,0.197,0.168,0.133,0.157]
Epoch [61] Training Results: Prec@1 88.675 Prec@5 99.675             Loss 0.34326
Epoch [61] Training Class Recall: [0.845,0.901,0.873,0.891,0.883,0.891,0.916,0.889,0.914,0.910]
Epoch [61] Testing Results: Prec@1 32.480 Prec@5 73.620             Loss 4.35261
Epoch [61] Testing Class Recall: [0.413,0.629,0.663,0.373,0.363,0.172,0.207,0.164,0.235,0.029]
Epoch [62] Training Results: Prec@1 90.060 Prec@5 99.720             Loss 0.30348
Epoch [62] Training Class Recall: [0.851,0.900,0.901,0.898,0.914,0.893,0.911,0.916,0.933,0.925]
Epoch [62] Testing Results: Prec@1 35.720 Prec@5 73.930             Loss 4.85971
Epoch [62] Testing Class Recall: [0.580,0.893,0.577,0.369,0.260,0.178,0.144,0.441,0.097,0.033]
Epoch [63] Training Results: Prec@1 90.005 Prec@5 99.700             Loss 0.30186
Epoch [63] Training Class Recall: [0.857,0.910,0.889,0.894,0.904,0.907,0.912,0.920,0.930,0.922]
Epoch [63] Testing Results: Prec@1 36.290 Prec@5 77.550             Loss 4.24616
Epoch [63] Testing Class Recall: [0.590,0.606,0.724,0.311,0.168,0.211,0.239,0.198,0.339,0.243]
Epoch [64] Training Results: Prec@1 89.005 Prec@5 99.670             Loss 0.33579
Epoch [64] Training Class Recall: [0.855,0.905,0.877,0.882,0.903,0.887,0.905,0.888,0.919,0.922]
Epoch [64] Testing Results: Prec@1 38.540 Prec@5 75.040             Loss 4.02181
Epoch [64] Testing Class Recall: [0.657,0.859,0.520,0.557,0.382,0.136,0.250,0.343,0.088,0.062]
Epoch [65] Training Results: Prec@1 89.620 Prec@5 99.720             Loss 0.31744
Epoch [65] Training Class Recall: [0.861,0.909,0.885,0.887,0.905,0.896,0.894,0.919,0.918,0.928]
Epoch [65] Testing Results: Prec@1 33.740 Prec@5 71.800             Loss 4.30755
Epoch [65] Testing Class Recall: [0.794,0.809,0.348,0.381,0.116,0.197,0.296,0.260,0.130,0.043]
Epoch [66] Training Results: Prec@1 90.095 Prec@5 99.755             Loss 0.30196
Epoch [66] Training Class Recall: [0.867,0.907,0.894,0.895,0.903,0.900,0.911,0.925,0.924,0.919]
Epoch [66] Testing Results: Prec@1 37.430 Prec@5 76.670             Loss 4.20729
Epoch [66] Testing Class Recall: [0.655,0.754,0.412,0.576,0.297,0.181,0.242,0.363,0.181,0.082]
Epoch [67] Training Results: Prec@1 90.145 Prec@5 99.750             Loss 0.29222
Epoch [67] Training Class Recall: [0.860,0.912,0.892,0.899,0.912,0.902,0.912,0.916,0.923,0.926]
Epoch [67] Testing Results: Prec@1 38.270 Prec@5 79.900             Loss 3.66928
Epoch [67] Testing Class Recall: [0.494,0.588,0.445,0.562,0.258,0.068,0.387,0.204,0.339,0.482]
Epoch [68] Training Results: Prec@1 89.600 Prec@5 99.710             Loss 0.31913
Epoch [68] Training Class Recall: [0.863,0.902,0.891,0.885,0.903,0.897,0.911,0.900,0.920,0.924]
Epoch [68] Testing Results: Prec@1 39.810 Prec@5 78.010             Loss 3.69929
Epoch [68] Testing Class Recall: [0.732,0.870,0.374,0.338,0.409,0.207,0.201,0.474,0.202,0.174]
Epoch [69] Training Results: Prec@1 90.785 Prec@5 99.775             Loss 0.27901
Epoch [69] Training Class Recall: [0.872,0.918,0.903,0.904,0.910,0.905,0.917,0.923,0.934,0.929]
Epoch [69] Testing Results: Prec@1 32.440 Prec@5 72.450             Loss 5.25279
Epoch [69] Testing Class Recall: [0.555,0.892,0.779,0.241,0.182,0.111,0.143,0.213,0.085,0.043]
Epoch [70] Training Results: Prec@1 88.795 Prec@5 99.675             Loss 0.33868
Epoch [70] Training Class Recall: [0.858,0.896,0.881,0.880,0.886,0.898,0.900,0.906,0.908,0.900]
Epoch [70] Testing Results: Prec@1 36.370 Prec@5 75.970             Loss 4.16460
Epoch [70] Testing Class Recall: [0.637,0.800,0.540,0.132,0.362,0.113,0.292,0.462,0.220,0.079]
Epoch [71] Training Results: Prec@1 90.290 Prec@5 99.655             Loss 0.29411
Epoch [71] Training Class Recall: [0.869,0.914,0.897,0.895,0.917,0.900,0.909,0.916,0.923,0.920]
Epoch [71] Testing Results: Prec@1 35.590 Prec@5 76.520             Loss 3.77397
Epoch [71] Testing Class Recall: [0.615,0.880,0.351,0.257,0.355,0.218,0.322,0.254,0.121,0.186]
Epoch [72] Training Results: Prec@1 90.865 Prec@5 99.775             Loss 0.28120
Epoch [72] Training Class Recall: [0.875,0.908,0.901,0.902,0.922,0.905,0.920,0.924,0.929,0.934]
Epoch [72] Testing Results: Prec@1 34.370 Prec@5 69.440             Loss 5.05228
Epoch [72] Testing Class Recall: [0.679,0.806,0.683,0.296,0.118,0.176,0.259,0.284,0.129,0.007]
Epoch [73] Training Results: Prec@1 89.890 Prec@5 99.685             Loss 0.30725
Epoch [73] Training Class Recall: [0.862,0.905,0.889,0.890,0.908,0.898,0.909,0.917,0.923,0.930]
Epoch [73] Testing Results: Prec@1 34.430 Prec@5 76.560             Loss 4.79475
Epoch [73] Testing Class Recall: [0.547,0.852,0.222,0.817,0.153,0.062,0.287,0.337,0.116,0.050]
Epoch [74] Training Results: Prec@1 90.780 Prec@5 99.775             Loss 0.27588
Epoch [74] Training Class Recall: [0.870,0.913,0.900,0.902,0.910,0.914,0.903,0.935,0.940,0.929]
Epoch [74] Testing Results: Prec@1 34.700 Prec@5 75.640             Loss 5.10392
Epoch [74] Testing Class Recall: [0.590,0.782,0.282,0.624,0.310,0.245,0.166,0.104,0.132,0.235]
Epoch [75] Training Results: Prec@1 90.470 Prec@5 99.750             Loss 0.29029
Epoch [75] Training Class Recall: [0.872,0.910,0.896,0.903,0.903,0.907,0.908,0.922,0.936,0.926]
Epoch [75] Testing Results: Prec@1 37.710 Prec@5 76.220             Loss 4.29049
Epoch [75] Testing Class Recall: [0.522,0.815,0.586,0.458,0.415,0.145,0.186,0.349,0.212,0.083]
Epoch [76] Training Results: Prec@1 89.595 Prec@5 99.770             Loss 0.31242
Epoch [76] Training Class Recall: [0.857,0.909,0.890,0.886,0.899,0.900,0.918,0.919,0.910,0.910]
Epoch [76] Testing Results: Prec@1 38.180 Prec@5 78.710             Loss 3.94431
Epoch [76] Testing Class Recall: [0.638,0.743,0.370,0.465,0.488,0.254,0.309,0.134,0.238,0.179]
Epoch [77] Training Results: Prec@1 91.545 Prec@5 99.785             Loss 0.25376
Epoch [77] Training Class Recall: [0.884,0.923,0.913,0.909,0.922,0.908,0.931,0.931,0.929,0.933]
Epoch [77] Testing Results: Prec@1 33.870 Prec@5 71.520             Loss 4.95650
Epoch [77] Testing Class Recall: [0.643,0.827,0.431,0.377,0.076,0.238,0.097,0.572,0.096,0.030]
Epoch [78] Training Results: Prec@1 89.395 Prec@5 99.715             Loss 0.31672
Epoch [78] Training Class Recall: [0.860,0.907,0.883,0.900,0.889,0.891,0.902,0.906,0.916,0.921]
Epoch [78] Testing Results: Prec@1 36.530 Prec@5 74.710             Loss 4.67787
Epoch [78] Testing Class Recall: [0.606,0.818,0.701,0.121,0.370,0.099,0.180,0.497,0.192,0.069]
Epoch [79] Training Results: Prec@1 90.495 Prec@5 99.760             Loss 0.28450
Epoch [79] Training Class Recall: [0.878,0.914,0.899,0.899,0.911,0.898,0.908,0.923,0.931,0.919]
Epoch [79] Testing Results: Prec@1 38.220 Prec@5 78.830             Loss 3.63139
Epoch [79] Testing Class Recall: [0.668,0.811,0.514,0.242,0.234,0.242,0.385,0.254,0.279,0.193]
Epoch [80] Training Results: Prec@1 90.655 Prec@5 99.775             Loss 0.29201
Epoch [80] Training Class Recall: [0.874,0.921,0.900,0.896,0.922,0.897,0.915,0.928,0.933,0.912]
Epoch [80] Testing Results: Prec@1 38.100 Prec@5 76.970             Loss 4.16467
Epoch [80] Testing Class Recall: [0.768,0.748,0.586,0.289,0.468,0.123,0.447,0.115,0.103,0.163]
Epoch [81] Training Results: Prec@1 91.205 Prec@5 99.755             Loss 0.26721
Epoch [81] Training Class Recall: [0.876,0.920,0.906,0.909,0.921,0.915,0.911,0.927,0.931,0.935]
Epoch [81] Testing Results: Prec@1 37.850 Prec@5 76.550             Loss 3.78222
Epoch [81] Testing Class Recall: [0.644,0.734,0.649,0.133,0.196,0.306,0.378,0.157,0.458,0.130]
Epoch [82] Training Results: Prec@1 90.855 Prec@5 99.735             Loss 0.28328
Epoch [82] Training Class Recall: [0.880,0.913,0.910,0.901,0.916,0.910,0.914,0.916,0.926,0.922]
Epoch [82] Testing Results: Prec@1 36.540 Prec@5 76.290             Loss 3.66572
Epoch [82] Testing Class Recall: [0.585,0.781,0.602,0.361,0.237,0.381,0.207,0.257,0.133,0.110]
Epoch [83] Training Results: Prec@1 91.300 Prec@5 99.835             Loss 0.26076
Epoch [83] Training Class Recall: [0.882,0.913,0.905,0.913,0.920,0.916,0.919,0.925,0.932,0.935]
Epoch [83] Testing Results: Prec@1 37.380 Prec@5 75.380             Loss 4.20598
Epoch [83] Testing Class Recall: [0.716,0.795,0.444,0.395,0.424,0.390,0.174,0.122,0.228,0.050]
Epoch [84] Training Results: Prec@1 91.200 Prec@5 99.810             Loss 0.27154
Epoch [84] Training Class Recall: [0.879,0.911,0.914,0.912,0.916,0.910,0.918,0.924,0.930,0.927]
Epoch [84] Testing Results: Prec@1 35.120 Prec@5 75.250             Loss 4.31894
Epoch [84] Testing Class Recall: [0.539,0.935,0.406,0.307,0.140,0.542,0.212,0.342,0.060,0.029]
Epoch [85] Training Results: Prec@1 90.475 Prec@5 99.790             Loss 0.28591
Epoch [85] Training Class Recall: [0.880,0.913,0.896,0.904,0.913,0.901,0.915,0.925,0.912,0.913]
Epoch [85] Testing Results: Prec@1 37.340 Prec@5 75.100             Loss 3.96559
Epoch [85] Testing Class Recall: [0.640,0.905,0.479,0.303,0.076,0.431,0.457,0.206,0.118,0.119]
Epoch [86] Training Results: Prec@1 91.235 Prec@5 99.770             Loss 0.26551
Epoch [86] Training Class Recall: [0.888,0.922,0.901,0.912,0.913,0.921,0.917,0.923,0.932,0.922]
Epoch [86] Testing Results: Prec@1 37.360 Prec@5 76.350             Loss 4.08382
Epoch [86] Testing Class Recall: [0.529,0.910,0.619,0.332,0.298,0.299,0.354,0.093,0.226,0.076]
Epoch [87] Training Results: Prec@1 90.765 Prec@5 99.755             Loss 0.27519
Epoch [87] Training Class Recall: [0.878,0.918,0.897,0.903,0.916,0.903,0.915,0.927,0.925,0.931]
Epoch [87] Testing Results: Prec@1 39.370 Prec@5 74.820             Loss 4.29871
Epoch [87] Testing Class Recall: [0.710,0.920,0.451,0.425,0.441,0.369,0.175,0.263,0.171,0.012]
Epoch [88] Training Results: Prec@1 91.790 Prec@5 99.825             Loss 0.24996
Epoch [88] Training Class Recall: [0.887,0.910,0.912,0.913,0.926,0.923,0.921,0.936,0.937,0.942]
Epoch [88] Testing Results: Prec@1 34.950 Prec@5 75.240             Loss 4.66278
Epoch [88] Testing Class Recall: [0.677,0.630,0.366,0.601,0.158,0.079,0.437,0.345,0.085,0.117]
Epoch [89] Training Results: Prec@1 90.975 Prec@5 99.805             Loss 0.27158
Epoch [89] Training Class Recall: [0.868,0.920,0.904,0.911,0.909,0.915,0.908,0.926,0.938,0.935]
Epoch [89] Testing Results: Prec@1 36.160 Prec@5 72.290             Loss 4.57760
Epoch [89] Testing Class Recall: [0.677,0.792,0.527,0.313,0.365,0.249,0.533,0.046,0.073,0.041]
Epoch [90] Training Results: Prec@1 90.990 Prec@5 99.810             Loss 0.27470
Epoch [90] Training Class Recall: [0.875,0.918,0.903,0.908,0.910,0.909,0.918,0.933,0.930,0.930]
Epoch [90] Testing Results: Prec@1 36.620 Prec@5 78.780             Loss 4.13378
Epoch [90] Testing Class Recall: [0.445,0.841,0.457,0.251,0.202,0.432,0.283,0.337,0.192,0.222]
Epoch [91] Training Results: Prec@1 90.815 Prec@5 99.730             Loss 0.27905
Epoch [91] Training Class Recall: [0.887,0.915,0.906,0.892,0.911,0.918,0.910,0.916,0.929,0.924]
Epoch [91] Testing Results: Prec@1 36.090 Prec@5 77.880             Loss 3.95636
Epoch [91] Testing Class Recall: [0.692,0.808,0.349,0.272,0.305,0.275,0.332,0.140,0.292,0.144]
Epoch [92] Training Results: Prec@1 91.510 Prec@5 99.845             Loss 0.26278
Epoch [92] Training Class Recall: [0.880,0.921,0.904,0.918,0.921,0.916,0.922,0.928,0.940,0.935]
Epoch [92] Testing Results: Prec@1 38.780 Prec@5 76.120             Loss 4.34683
Epoch [92] Testing Class Recall: [0.741,0.796,0.603,0.322,0.183,0.407,0.299,0.328,0.159,0.040]
Epoch [93] Training Results: Prec@1 92.030 Prec@5 99.830             Loss 0.24299
Epoch [93] Training Class Recall: [0.892,0.931,0.911,0.907,0.924,0.926,0.935,0.934,0.937,0.943]
Epoch [93] Testing Results: Prec@1 35.450 Prec@5 76.580             Loss 4.08253
Epoch [93] Testing Class Recall: [0.609,0.737,0.591,0.393,0.406,0.220,0.092,0.169,0.227,0.101]
Epoch [94] Training Results: Prec@1 91.150 Prec@5 99.845             Loss 0.26773
Epoch [94] Training Class Recall: [0.882,0.917,0.913,0.907,0.923,0.907,0.917,0.928,0.926,0.915]
Epoch [94] Testing Results: Prec@1 34.570 Prec@5 75.470             Loss 4.37904
Epoch [94] Testing Class Recall: [0.632,0.695,0.572,0.406,0.227,0.234,0.085,0.179,0.360,0.067]
Epoch [95] Training Results: Prec@1 90.940 Prec@5 99.805             Loss 0.27139
Epoch [95] Training Class Recall: [0.884,0.919,0.905,0.909,0.910,0.899,0.924,0.927,0.925,0.917]
Epoch [95] Testing Results: Prec@1 37.550 Prec@5 78.790             Loss 3.82791
Epoch [95] Testing Class Recall: [0.753,0.726,0.483,0.248,0.372,0.308,0.250,0.166,0.242,0.207]
Epoch [96] Training Results: Prec@1 90.795 Prec@5 99.830             Loss 0.27354
Epoch [96] Training Class Recall: [0.885,0.913,0.900,0.900,0.913,0.912,0.922,0.921,0.913,0.927]
Epoch [96] Testing Results: Prec@1 37.680 Prec@5 74.040             Loss 4.53415
Epoch [96] Testing Class Recall: [0.706,0.878,0.604,0.409,0.455,0.089,0.378,0.113,0.084,0.052]
Epoch [97] Training Results: Prec@1 91.710 Prec@5 99.830             Loss 0.25672
Epoch [97] Training Class Recall: [0.893,0.922,0.915,0.917,0.913,0.916,0.917,0.933,0.940,0.926]
Epoch [97] Testing Results: Prec@1 37.700 Prec@5 75.530             Loss 4.58878
Epoch [97] Testing Class Recall: [0.767,0.866,0.541,0.357,0.559,0.104,0.172,0.092,0.183,0.129]
Epoch [98] Training Results: Prec@1 91.345 Prec@5 99.780             Loss 0.26283
Epoch [98] Training Class Recall: [0.883,0.927,0.907,0.909,0.913,0.917,0.923,0.929,0.924,0.933]
Epoch [98] Testing Results: Prec@1 37.260 Prec@5 77.600             Loss 4.11438
Epoch [98] Testing Class Recall: [0.699,0.600,0.470,0.452,0.476,0.394,0.127,0.152,0.229,0.127]
Epoch [99] Training Results: Prec@1 91.620 Prec@5 99.785             Loss 0.25489
Epoch [99] Training Class Recall: [0.885,0.926,0.918,0.907,0.916,0.924,0.922,0.912,0.934,0.944]
Epoch [99] Testing Results: Prec@1 34.400 Prec@5 75.580             Loss 5.24761
Epoch [99] Testing Class Recall: [0.828,0.730,0.201,0.459,0.252,0.143,0.196,0.540,0.048,0.043]
Epoch [100] Training Results: Prec@1 91.320 Prec@5 99.860             Loss 0.26350
Epoch [100] Training Class Recall: [0.890,0.922,0.903,0.912,0.916,0.915,0.927,0.928,0.923,0.923]
Epoch [100] Testing Results: Prec@1 38.370 Prec@5 79.990             Loss 3.95165
Epoch [100] Testing Class Recall: [0.550,0.859,0.511,0.294,0.444,0.388,0.210,0.125,0.369,0.087]
Epoch [101] Training Results: Prec@1 90.420 Prec@5 99.815             Loss 0.28311
Epoch [101] Training Class Recall: [0.873,0.908,0.903,0.904,0.907,0.906,0.906,0.918,0.916,0.924]
Epoch [101] Testing Results: Prec@1 35.680 Prec@5 77.560             Loss 4.35445
Epoch [101] Testing Class Recall: [0.721,0.703,0.382,0.714,0.262,0.103,0.126,0.178,0.120,0.259]
Epoch [102] Training Results: Prec@1 90.550 Prec@5 99.825             Loss 0.29018
Epoch [102] Training Class Recall: [0.881,0.924,0.899,0.899,0.904,0.899,0.922,0.919,0.916,0.922]
Epoch [102] Testing Results: Prec@1 35.200 Prec@5 75.430             Loss 4.35220
Epoch [102] Testing Class Recall: [0.725,0.780,0.626,0.360,0.155,0.212,0.172,0.190,0.120,0.180]
Epoch [103] Training Results: Prec@1 91.845 Prec@5 99.855             Loss 0.24435
Epoch [103] Training Class Recall: [0.899,0.925,0.911,0.915,0.921,0.914,0.924,0.931,0.939,0.930]
Epoch [103] Testing Results: Prec@1 37.400 Prec@5 77.100             Loss 4.29777
Epoch [103] Testing Class Recall: [0.704,0.866,0.541,0.196,0.287,0.211,0.282,0.372,0.221,0.060]
Epoch [104] Training Results: Prec@1 91.385 Prec@5 99.860             Loss 0.26240
Epoch [104] Training Class Recall: [0.891,0.920,0.905,0.910,0.918,0.915,0.912,0.919,0.946,0.932]
Epoch [104] Testing Results: Prec@1 29.850 Prec@5 76.760             Loss 4.56582
Epoch [104] Testing Class Recall: [0.366,0.618,0.264,0.716,0.167,0.333,0.169,0.056,0.168,0.128]
Epoch [105] Training Results: Prec@1 91.235 Prec@5 99.835             Loss 0.25791
Epoch [105] Training Class Recall: [0.879,0.920,0.909,0.909,0.917,0.915,0.926,0.914,0.933,0.931]
Epoch [105] Testing Results: Prec@1 37.410 Prec@5 76.640             Loss 4.07310
Epoch [105] Testing Class Recall: [0.793,0.807,0.478,0.451,0.224,0.276,0.285,0.107,0.203,0.117]
Epoch [106] Training Results: Prec@1 90.600 Prec@5 99.815             Loss 0.28852
Epoch [106] Training Class Recall: [0.874,0.915,0.908,0.909,0.902,0.908,0.918,0.920,0.916,0.908]
Epoch [106] Testing Results: Prec@1 38.080 Prec@5 77.380             Loss 4.07982
Epoch [106] Testing Class Recall: [0.712,0.734,0.461,0.581,0.410,0.173,0.152,0.108,0.345,0.132]
Epoch [107] Training Results: Prec@1 92.565 Prec@5 99.875             Loss 0.22835
Epoch [107] Training Class Recall: [0.902,0.924,0.914,0.923,0.928,0.930,0.931,0.941,0.949,0.944]
Epoch [107] Testing Results: Prec@1 36.190 Prec@5 77.460             Loss 3.87638
Epoch [107] Testing Class Recall: [0.670,0.666,0.689,0.259,0.283,0.098,0.275,0.198,0.192,0.289]
Epoch [108] Training Results: Prec@1 91.385 Prec@5 99.800             Loss 0.25990
Epoch [108] Training Class Recall: [0.897,0.928,0.908,0.899,0.923,0.919,0.922,0.920,0.921,0.924]
Epoch [108] Testing Results: Prec@1 36.140 Prec@5 78.430             Loss 4.01472
Epoch [108] Testing Class Recall: [0.671,0.672,0.334,0.478,0.346,0.188,0.137,0.508,0.206,0.074]
Epoch [109] Training Results: Prec@1 91.960 Prec@5 99.845             Loss 0.24236
Epoch [109] Training Class Recall: [0.889,0.933,0.908,0.922,0.925,0.916,0.927,0.931,0.939,0.937]
Epoch [109] Testing Results: Prec@1 39.710 Prec@5 79.060             Loss 3.68209
Epoch [109] Testing Class Recall: [0.619,0.790,0.546,0.544,0.363,0.180,0.389,0.117,0.227,0.196]
Epoch [110] Training Results: Prec@1 91.315 Prec@5 99.885             Loss 0.25074
Epoch [110] Training Class Recall: [0.878,0.917,0.906,0.907,0.914,0.913,0.927,0.938,0.927,0.942]
Epoch [110] Testing Results: Prec@1 38.930 Prec@5 78.540             Loss 3.82051
Epoch [110] Testing Class Recall: [0.578,0.876,0.648,0.413,0.349,0.108,0.316,0.189,0.219,0.197]
Epoch [111] Training Results: Prec@1 91.890 Prec@5 99.800             Loss 0.24014
Epoch [111] Training Class Recall: [0.894,0.927,0.916,0.917,0.922,0.911,0.926,0.928,0.936,0.936]
Epoch [111] Testing Results: Prec@1 36.370 Prec@5 75.010             Loss 5.12174
Epoch [111] Testing Class Recall: [0.565,0.851,0.733,0.149,0.351,0.110,0.261,0.519,0.066,0.032]
Epoch [112] Training Results: Prec@1 91.560 Prec@5 99.845             Loss 0.25547
Epoch [112] Training Class Recall: [0.888,0.918,0.915,0.911,0.916,0.925,0.931,0.921,0.926,0.928]
Epoch [112] Testing Results: Prec@1 37.140 Prec@5 76.370             Loss 4.11259
Epoch [112] Testing Class Recall: [0.789,0.803,0.564,0.190,0.496,0.159,0.177,0.184,0.140,0.212]
Epoch [113] Training Results: Prec@1 91.620 Prec@5 99.825             Loss 0.25573
Epoch [113] Training Class Recall: [0.898,0.920,0.913,0.910,0.927,0.917,0.914,0.921,0.930,0.929]
Epoch [113] Testing Results: Prec@1 35.260 Prec@5 73.850             Loss 4.04295
Epoch [113] Testing Class Recall: [0.512,0.742,0.626,0.527,0.171,0.129,0.294,0.285,0.154,0.086]
Epoch [114] Training Results: Prec@1 91.820 Prec@5 99.830             Loss 0.24959
Epoch [114] Training Class Recall: [0.890,0.919,0.920,0.916,0.916,0.916,0.926,0.933,0.939,0.932]
Epoch [114] Testing Results: Prec@1 37.140 Prec@5 79.390             Loss 4.10481
Epoch [114] Testing Class Recall: [0.556,0.719,0.260,0.474,0.596,0.226,0.160,0.185,0.260,0.278]
Epoch [115] Training Results: Prec@1 91.895 Prec@5 99.830             Loss 0.24402
Epoch [115] Training Class Recall: [0.892,0.931,0.917,0.913,0.921,0.918,0.920,0.936,0.938,0.928]
Epoch [115] Testing Results: Prec@1 38.540 Prec@5 74.220             Loss 4.60102
Epoch [115] Testing Class Recall: [0.779,0.873,0.466,0.375,0.544,0.149,0.382,0.090,0.091,0.105]
Epoch [116] Training Results: Prec@1 91.905 Prec@5 99.875             Loss 0.25048
Epoch [116] Training Class Recall: [0.889,0.922,0.917,0.918,0.925,0.918,0.924,0.928,0.930,0.943]
Epoch [116] Testing Results: Prec@1 35.670 Prec@5 74.670             Loss 4.96320
Epoch [116] Testing Class Recall: [0.782,0.761,0.636,0.155,0.419,0.174,0.212,0.290,0.104,0.034]
Epoch [117] Training Results: Prec@1 91.865 Prec@5 99.835             Loss 0.24450
Epoch [117] Training Class Recall: [0.898,0.926,0.909,0.909,0.921,0.915,0.921,0.939,0.941,0.941]
Epoch [117] Testing Results: Prec@1 38.340 Prec@5 75.920             Loss 3.97910
Epoch [117] Testing Class Recall: [0.761,0.857,0.542,0.279,0.057,0.301,0.394,0.212,0.250,0.181]
Epoch [118] Training Results: Prec@1 90.845 Prec@5 99.815             Loss 0.28115
Epoch [118] Training Class Recall: [0.880,0.924,0.913,0.892,0.911,0.919,0.916,0.923,0.917,0.912]
Epoch [118] Testing Results: Prec@1 38.960 Prec@5 75.150             Loss 3.69999
Epoch [118] Testing Class Recall: [0.586,0.853,0.519,0.421,0.417,0.124,0.495,0.193,0.214,0.074]
Epoch [119] Training Results: Prec@1 92.425 Prec@5 99.835             Loss 0.23180
Epoch [119] Training Class Recall: [0.903,0.927,0.924,0.917,0.921,0.925,0.935,0.931,0.948,0.936]
Epoch [119] Testing Results: Prec@1 35.650 Prec@5 78.270             Loss 4.47694
Epoch [119] Testing Class Recall: [0.662,0.608,0.281,0.626,0.286,0.216,0.306,0.147,0.162,0.271]
Epoch [120] Training Results: Prec@1 90.625 Prec@5 99.775             Loss 0.28200
Epoch [120] Training Class Recall: [0.884,0.909,0.905,0.892,0.911,0.903,0.912,0.917,0.929,0.929]
Epoch [120] Testing Results: Prec@1 36.630 Prec@5 78.450             Loss 3.96858
Epoch [120] Testing Class Recall: [0.452,0.902,0.613,0.282,0.357,0.204,0.353,0.109,0.151,0.240]
Epoch [121] Training Results: Prec@1 93.130 Prec@5 99.925             Loss 0.20703
Epoch [121] Training Class Recall: [0.901,0.940,0.931,0.934,0.934,0.925,0.935,0.935,0.947,0.953]
Epoch [121] Testing Results: Prec@1 34.610 Prec@5 72.850             Loss 4.52110
Epoch [121] Testing Class Recall: [0.730,0.787,0.609,0.203,0.172,0.127,0.138,0.467,0.087,0.141]
Epoch [122] Training Results: Prec@1 91.880 Prec@5 99.855             Loss 0.24925
Epoch [122] Training Class Recall: [0.889,0.927,0.922,0.912,0.922,0.918,0.927,0.930,0.934,0.931]
Epoch [122] Testing Results: Prec@1 36.370 Prec@5 78.140             Loss 3.97586
Epoch [122] Testing Class Recall: [0.634,0.755,0.269,0.607,0.208,0.400,0.275,0.148,0.139,0.202]
Epoch [123] Training Results: Prec@1 92.445 Prec@5 99.885             Loss 0.22941
Epoch [123] Training Class Recall: [0.902,0.930,0.913,0.927,0.931,0.924,0.926,0.935,0.941,0.940]
Epoch [123] Testing Results: Prec@1 36.700 Prec@5 76.820             Loss 4.52230
Epoch [123] Testing Class Recall: [0.556,0.708,0.621,0.141,0.436,0.076,0.440,0.059,0.381,0.252]
Epoch [124] Training Results: Prec@1 92.050 Prec@5 99.840             Loss 0.24217
Epoch [124] Training Class Recall: [0.894,0.919,0.923,0.917,0.929,0.919,0.935,0.924,0.933,0.929]
Epoch [124] Testing Results: Prec@1 39.070 Prec@5 79.320             Loss 4.07541
Epoch [124] Testing Class Recall: [0.670,0.854,0.496,0.372,0.150,0.468,0.117,0.376,0.219,0.185]
Epoch [125] Training Results: Prec@1 90.700 Prec@5 99.865             Loss 0.27564
Epoch [125] Training Class Recall: [0.894,0.930,0.899,0.901,0.899,0.905,0.907,0.916,0.916,0.930]
Epoch [125] Testing Results: Prec@1 36.720 Prec@5 76.660             Loss 4.07709
Epoch [125] Testing Class Recall: [0.753,0.659,0.371,0.451,0.492,0.126,0.340,0.247,0.190,0.043]
Epoch [126] Training Results: Prec@1 91.470 Prec@5 99.805             Loss 0.25825
Epoch [126] Training Class Recall: [0.889,0.923,0.910,0.907,0.925,0.909,0.929,0.933,0.923,0.923]
Epoch [126] Testing Results: Prec@1 36.080 Prec@5 75.870             Loss 4.31487
Epoch [126] Testing Class Recall: [0.652,0.643,0.483,0.344,0.566,0.057,0.439,0.108,0.198,0.118]
Epoch [127] Training Results: Prec@1 92.535 Prec@5 99.875             Loss 0.22677
Epoch [127] Training Class Recall: [0.894,0.926,0.917,0.924,0.932,0.931,0.937,0.938,0.939,0.944]
Epoch [127] Testing Results: Prec@1 36.660 Prec@5 75.350             Loss 4.26773
Epoch [127] Testing Class Recall: [0.788,0.834,0.603,0.324,0.180,0.240,0.120,0.325,0.106,0.146]
Epoch [128] Training Results: Prec@1 92.420 Prec@5 99.870             Loss 0.23185
Epoch [128] Training Class Recall: [0.900,0.930,0.925,0.924,0.927,0.924,0.926,0.931,0.937,0.933]
Epoch [128] Testing Results: Prec@1 34.360 Prec@5 73.290             Loss 4.35979
Epoch [128] Testing Class Recall: [0.825,0.779,0.423,0.176,0.307,0.118,0.096,0.528,0.125,0.059]
Epoch [129] Training Results: Prec@1 92.550 Prec@5 99.880             Loss 0.23154
Epoch [129] Training Class Recall: [0.906,0.930,0.923,0.918,0.937,0.925,0.931,0.933,0.935,0.933]
Epoch [129] Testing Results: Prec@1 35.510 Prec@5 75.580             Loss 4.52736
Epoch [129] Testing Class Recall: [0.866,0.822,0.537,0.349,0.109,0.252,0.183,0.116,0.189,0.128]
Epoch [130] Training Results: Prec@1 90.915 Prec@5 99.775             Loss 0.27841
Epoch [130] Training Class Recall: [0.891,0.928,0.899,0.912,0.908,0.913,0.918,0.913,0.910,0.919]
Epoch [130] Testing Results: Prec@1 38.280 Prec@5 76.920             Loss 4.09201
Epoch [130] Testing Class Recall: [0.655,0.907,0.424,0.543,0.131,0.340,0.311,0.096,0.303,0.118]
Epoch [131] Training Results: Prec@1 91.805 Prec@5 99.880             Loss 0.24963
Epoch [131] Training Class Recall: [0.892,0.920,0.905,0.920,0.922,0.927,0.920,0.925,0.944,0.934]
Epoch [131] Testing Results: Prec@1 37.560 Prec@5 76.860             Loss 3.92665
Epoch [131] Testing Class Recall: [0.588,0.878,0.635,0.247,0.343,0.099,0.475,0.119,0.274,0.098]
Epoch [132] Training Results: Prec@1 92.975 Prec@5 99.885             Loss 0.21413
Epoch [132] Training Class Recall: [0.909,0.937,0.928,0.918,0.928,0.935,0.939,0.936,0.939,0.951]
Epoch [132] Testing Results: Prec@1 35.350 Prec@5 75.890             Loss 4.74740
Epoch [132] Testing Class Recall: [0.521,0.953,0.415,0.471,0.401,0.198,0.254,0.043,0.162,0.117]
Epoch [133] Training Results: Prec@1 90.885 Prec@5 99.795             Loss 0.27784
Epoch [133] Training Class Recall: [0.883,0.916,0.909,0.897,0.914,0.907,0.917,0.915,0.924,0.935]
Epoch [133] Testing Results: Prec@1 35.760 Prec@5 77.080             Loss 4.29056
Epoch [133] Testing Class Recall: [0.514,0.788,0.587,0.656,0.236,0.109,0.220,0.109,0.221,0.136]
Epoch [134] Training Results: Prec@1 92.190 Prec@5 99.915             Loss 0.23176
Epoch [134] Training Class Recall: [0.906,0.928,0.912,0.915,0.927,0.925,0.928,0.933,0.936,0.932]
Epoch [134] Testing Results: Prec@1 36.080 Prec@5 72.610             Loss 4.93797
Epoch [134] Testing Class Recall: [0.687,0.870,0.714,0.301,0.279,0.152,0.345,0.019,0.224,0.017]
Epoch [135] Training Results: Prec@1 92.260 Prec@5 99.850             Loss 0.23347
Epoch [135] Training Class Recall: [0.897,0.930,0.921,0.917,0.925,0.923,0.931,0.941,0.935,0.928]
Epoch [135] Testing Results: Prec@1 36.170 Prec@5 74.920             Loss 4.00004
Epoch [135] Testing Class Recall: [0.705,0.886,0.553,0.124,0.432,0.071,0.251,0.232,0.157,0.206]
Epoch [136] Training Results: Prec@1 92.960 Prec@5 99.895             Loss 0.20683
Epoch [136] Training Class Recall: [0.909,0.933,0.924,0.927,0.925,0.931,0.938,0.944,0.942,0.948]
Epoch [136] Testing Results: Prec@1 34.120 Prec@5 74.860             Loss 4.90801
Epoch [136] Testing Class Recall: [0.681,0.754,0.389,0.219,0.074,0.231,0.130,0.722,0.108,0.104]
Epoch [137] Training Results: Prec@1 91.350 Prec@5 99.810             Loss 0.26467
Epoch [137] Training Class Recall: [0.892,0.933,0.907,0.908,0.923,0.913,0.910,0.919,0.930,0.925]
Epoch [137] Testing Results: Prec@1 38.680 Prec@5 78.260             Loss 3.79172
Epoch [137] Testing Class Recall: [0.597,0.830,0.677,0.378,0.284,0.170,0.193,0.357,0.269,0.113]
Epoch [138] Training Results: Prec@1 92.010 Prec@5 99.865             Loss 0.24681
Epoch [138] Training Class Recall: [0.895,0.927,0.922,0.913,0.920,0.924,0.924,0.931,0.931,0.933]
Epoch [138] Testing Results: Prec@1 37.160 Prec@5 76.990             Loss 3.94601
Epoch [138] Testing Class Recall: [0.713,0.817,0.363,0.182,0.260,0.334,0.531,0.160,0.154,0.202]
Epoch [139] Training Results: Prec@1 91.890 Prec@5 99.885             Loss 0.24142
Epoch [139] Training Class Recall: [0.901,0.933,0.911,0.906,0.924,0.914,0.927,0.938,0.936,0.928]
Epoch [139] Testing Results: Prec@1 37.210 Prec@5 78.190             Loss 3.99797
Epoch [139] Testing Class Recall: [0.699,0.770,0.360,0.445,0.053,0.328,0.249,0.276,0.403,0.138]
Epoch [140] Training Results: Prec@1 92.440 Prec@5 99.875             Loss 0.23073
Epoch [140] Training Class Recall: [0.893,0.932,0.918,0.930,0.927,0.925,0.928,0.934,0.941,0.940]
Epoch [140] Testing Results: Prec@1 35.140 Prec@5 72.450             Loss 4.95649
Epoch [140] Testing Class Recall: [0.833,0.905,0.500,0.429,0.214,0.093,0.106,0.159,0.254,0.021]
Epoch [141] Training Results: Prec@1 92.575 Prec@5 99.860             Loss 0.23120
Epoch [141] Training Class Recall: [0.910,0.935,0.914,0.928,0.918,0.915,0.934,0.943,0.943,0.944]
Epoch [141] Testing Results: Prec@1 35.480 Prec@5 76.580             Loss 4.60854
Epoch [141] Testing Class Recall: [0.764,0.722,0.435,0.309,0.189,0.194,0.116,0.610,0.124,0.085]
Epoch [142] Training Results: Prec@1 92.035 Prec@5 99.770             Loss 0.24289
Epoch [142] Training Class Recall: [0.896,0.922,0.922,0.915,0.929,0.922,0.918,0.936,0.934,0.924]
Epoch [142] Testing Results: Prec@1 39.450 Prec@5 78.770             Loss 4.17716
Epoch [142] Testing Class Recall: [0.652,0.837,0.651,0.494,0.188,0.110,0.123,0.433,0.380,0.077]
Epoch [143] Training Results: Prec@1 92.915 Prec@5 99.860             Loss 0.21247
Epoch [143] Training Class Recall: [0.905,0.933,0.924,0.920,0.937,0.933,0.930,0.944,0.939,0.953]
Epoch [143] Testing Results: Prec@1 35.600 Prec@5 76.380             Loss 4.74786
Epoch [143] Testing Class Recall: [0.774,0.655,0.428,0.584,0.326,0.065,0.240,0.155,0.211,0.122]
Epoch [144] Training Results: Prec@1 92.370 Prec@5 99.895             Loss 0.23300
Epoch [144] Training Class Recall: [0.906,0.933,0.919,0.915,0.923,0.923,0.926,0.939,0.940,0.936]
Epoch [144] Testing Results: Prec@1 39.750 Prec@5 80.680             Loss 3.58326
Epoch [144] Testing Class Recall: [0.685,0.817,0.403,0.509,0.183,0.160,0.477,0.187,0.202,0.352]
Epoch [145] Training Results: Prec@1 92.185 Prec@5 99.910             Loss 0.23621
Epoch [145] Training Class Recall: [0.907,0.934,0.922,0.918,0.923,0.912,0.923,0.927,0.942,0.928]
Epoch [145] Testing Results: Prec@1 36.080 Prec@5 77.690             Loss 4.48736
Epoch [145] Testing Class Recall: [0.688,0.729,0.626,0.266,0.443,0.124,0.343,0.207,0.080,0.102]
Epoch [146] Training Results: Prec@1 92.240 Prec@5 99.850             Loss 0.24002
Epoch [146] Training Class Recall: [0.899,0.934,0.920,0.912,0.927,0.915,0.931,0.940,0.938,0.933]
Epoch [146] Testing Results: Prec@1 38.240 Prec@5 77.380             Loss 4.11502
Epoch [146] Testing Class Recall: [0.621,0.773,0.505,0.537,0.251,0.064,0.499,0.230,0.214,0.130]
Epoch [147] Training Results: Prec@1 93.290 Prec@5 99.865             Loss 0.20435
Epoch [147] Training Class Recall: [0.915,0.938,0.928,0.927,0.940,0.928,0.946,0.932,0.956,0.940]
Epoch [147] Testing Results: Prec@1 37.770 Prec@5 77.530             Loss 4.20984
Epoch [147] Testing Class Recall: [0.810,0.781,0.538,0.365,0.193,0.403,0.308,0.227,0.090,0.062]
Epoch [148] Training Results: Prec@1 92.440 Prec@5 99.880             Loss 0.23132
Epoch [148] Training Class Recall: [0.895,0.930,0.918,0.924,0.932,0.924,0.925,0.935,0.936,0.951]
Epoch [148] Testing Results: Prec@1 36.840 Prec@5 74.840             Loss 4.17693
Epoch [148] Testing Class Recall: [0.685,0.766,0.568,0.353,0.173,0.142,0.416,0.308,0.262,0.011]
Epoch [149] Training Results: Prec@1 91.830 Prec@5 99.830             Loss 0.25035
Epoch [149] Training Class Recall: [0.897,0.929,0.916,0.914,0.922,0.919,0.924,0.921,0.931,0.930]
Epoch [149] Testing Results: Prec@1 39.730 Prec@5 79.270             Loss 3.93318
Epoch [149] Testing Class Recall: [0.721,0.854,0.505,0.360,0.348,0.179,0.158,0.433,0.202,0.213]
Epoch [150] Training Results: Prec@1 92.060 Prec@5 99.865             Loss 0.24467
Epoch [150] Training Class Recall: [0.896,0.927,0.917,0.921,0.922,0.927,0.929,0.930,0.923,0.931]
Epoch [150] Testing Results: Prec@1 34.340 Prec@5 76.990             Loss 4.54516
Epoch [150] Testing Class Recall: [0.725,0.520,0.694,0.241,0.309,0.297,0.117,0.205,0.198,0.128]
Epoch [151] Training Results: Prec@1 92.220 Prec@5 99.870             Loss 0.23453
Epoch [151] Training Class Recall: [0.904,0.930,0.914,0.921,0.918,0.931,0.924,0.922,0.947,0.937]
Epoch [151] Testing Results: Prec@1 36.940 Prec@5 78.510             Loss 3.94653
Epoch [151] Testing Class Recall: [0.508,0.777,0.328,0.210,0.402,0.326,0.533,0.236,0.097,0.277]
Epoch [152] Training Results: Prec@1 91.950 Prec@5 99.840             Loss 0.24175
Epoch [152] Training Class Recall: [0.895,0.935,0.918,0.919,0.920,0.921,0.922,0.929,0.923,0.931]
Epoch [152] Testing Results: Prec@1 38.630 Prec@5 78.590             Loss 4.02476
Epoch [152] Testing Class Recall: [0.554,0.901,0.505,0.380,0.349,0.163,0.357,0.294,0.319,0.041]
Epoch [153] Training Results: Prec@1 91.875 Prec@5 99.845             Loss 0.24397
Epoch [153] Training Class Recall: [0.899,0.925,0.910,0.911,0.922,0.919,0.917,0.929,0.943,0.941]
Epoch [153] Testing Results: Prec@1 35.490 Prec@5 75.760             Loss 4.19609
Epoch [153] Testing Class Recall: [0.789,0.823,0.502,0.234,0.106,0.287,0.267,0.250,0.208,0.083]
Epoch [154] Training Results: Prec@1 92.265 Prec@5 99.815             Loss 0.23791
Epoch [154] Training Class Recall: [0.894,0.938,0.923,0.912,0.923,0.926,0.924,0.935,0.935,0.944]
Epoch [154] Testing Results: Prec@1 38.810 Prec@5 81.020             Loss 3.89374
Epoch [154] Testing Class Recall: [0.602,0.701,0.416,0.278,0.562,0.281,0.230,0.374,0.324,0.113]
Epoch [155] Training Results: Prec@1 92.155 Prec@5 99.875             Loss 0.23014
Epoch [155] Training Class Recall: [0.894,0.923,0.911,0.933,0.931,0.920,0.930,0.927,0.941,0.926]
Epoch [155] Testing Results: Prec@1 35.940 Prec@5 78.400             Loss 3.88140
Epoch [155] Testing Class Recall: [0.697,0.613,0.303,0.349,0.512,0.140,0.168,0.226,0.332,0.254]
Epoch [156] Training Results: Prec@1 93.490 Prec@5 99.910             Loss 0.19970
Epoch [156] Training Class Recall: [0.920,0.936,0.927,0.934,0.937,0.939,0.947,0.946,0.934,0.944]
Epoch [156] Testing Results: Prec@1 37.590 Prec@5 75.770             Loss 4.82740
Epoch [156] Testing Class Recall: [0.775,0.889,0.541,0.225,0.141,0.312,0.057,0.600,0.108,0.111]
Epoch [157] Training Results: Prec@1 91.540 Prec@5 99.895             Loss 0.26266
Epoch [157] Training Class Recall: [0.900,0.923,0.916,0.911,0.915,0.910,0.907,0.930,0.927,0.930]
Epoch [157] Testing Results: Prec@1 38.850 Prec@5 78.980             Loss 3.87431
Epoch [157] Testing Class Recall: [0.740,0.739,0.587,0.308,0.296,0.404,0.242,0.161,0.131,0.277]
Epoch [158] Training Results: Prec@1 92.390 Prec@5 99.860             Loss 0.22449
Epoch [158] Training Class Recall: [0.898,0.938,0.925,0.919,0.931,0.909,0.924,0.930,0.946,0.944]
Epoch [158] Testing Results: Prec@1 37.470 Prec@5 77.180             Loss 4.43135
Epoch [158] Testing Class Recall: [0.728,0.735,0.531,0.584,0.466,0.200,0.107,0.220,0.078,0.098]
Epoch [159] Training Results: Prec@1 92.640 Prec@5 99.895             Loss 0.22502
Epoch [159] Training Class Recall: [0.909,0.933,0.923,0.927,0.932,0.921,0.921,0.933,0.942,0.939]
Epoch [159] Testing Results: Prec@1 35.030 Prec@5 76.010             Loss 4.18337
Epoch [159] Testing Class Recall: [0.564,0.764,0.569,0.212,0.307,0.351,0.189,0.178,0.283,0.086]
Epoch [160] Training Results: Prec@1 95.110 Prec@5 99.935             Loss 0.15458
Epoch [160] Training Class Recall: [0.931,0.953,0.960,0.936,0.963,0.955,0.954,0.947,0.960,0.965]
Epoch [160] Testing Results: Prec@1 39.580 Prec@5 78.310             Loss 3.79829
Epoch [160] Testing Class Recall: [0.720,0.844,0.605,0.386,0.342,0.257,0.266,0.240,0.164,0.134]
Epoch [161] Training Results: Prec@1 96.900 Prec@5 99.980             Loss 0.10611
Epoch [161] Training Class Recall: [0.957,0.966,0.969,0.963,0.977,0.977,0.970,0.969,0.983,0.969]
Epoch [161] Testing Results: Prec@1 40.560 Prec@5 78.770             Loss 3.71654
Epoch [161] Testing Class Recall: [0.744,0.855,0.596,0.407,0.342,0.242,0.315,0.261,0.163,0.131]
Epoch [162] Training Results: Prec@1 97.290 Prec@5 99.985             Loss 0.08985
Epoch [162] Training Class Recall: [0.956,0.967,0.972,0.970,0.976,0.977,0.982,0.972,0.987,0.985]
Epoch [162] Testing Results: Prec@1 41.330 Prec@5 78.940             Loss 3.71793
Epoch [162] Testing Class Recall: [0.744,0.871,0.594,0.434,0.360,0.223,0.340,0.278,0.172,0.117]
Epoch [163] Training Results: Prec@1 97.915 Prec@5 99.990             Loss 0.07440
Epoch [163] Training Class Recall: [0.966,0.974,0.975,0.975,0.984,0.984,0.988,0.986,0.985,0.989]
Epoch [163] Testing Results: Prec@1 41.570 Prec@5 79.390             Loss 3.65805
Epoch [163] Testing Class Recall: [0.745,0.868,0.583,0.429,0.355,0.252,0.360,0.289,0.158,0.118]
Epoch [164] Training Results: Prec@1 98.140 Prec@5 99.990             Loss 0.06939
Epoch [164] Training Class Recall: [0.967,0.976,0.979,0.978,0.987,0.984,0.986,0.986,0.990,0.994]
Epoch [164] Testing Results: Prec@1 41.300 Prec@5 79.420             Loss 3.63667
Epoch [164] Testing Class Recall: [0.741,0.854,0.614,0.438,0.345,0.235,0.328,0.284,0.177,0.114]
Epoch [165] Training Results: Prec@1 98.355 Prec@5 99.990             Loss 0.06139
Epoch [165] Training Class Recall: [0.977,0.981,0.982,0.977,0.984,0.987,0.994,0.985,0.991,0.987]
Epoch [165] Testing Results: Prec@1 41.460 Prec@5 79.300             Loss 3.66727
Epoch [165] Testing Class Recall: [0.753,0.873,0.611,0.421,0.372,0.259,0.310,0.262,0.168,0.117]
Epoch [166] Training Results: Prec@1 98.565 Prec@5 100.000             Loss 0.05902
Epoch [166] Training Class Recall: [0.974,0.976,0.984,0.984,0.992,0.989,0.990,0.988,0.993,0.996]
Epoch [166] Testing Results: Prec@1 41.440 Prec@5 79.140             Loss 3.69578
Epoch [166] Testing Class Recall: [0.759,0.882,0.603,0.412,0.376,0.252,0.307,0.282,0.160,0.111]
Epoch [167] Training Results: Prec@1 98.410 Prec@5 99.985             Loss 0.05678
Epoch [167] Training Class Recall: [0.972,0.978,0.979,0.984,0.987,0.986,0.990,0.988,0.995,0.996]
Epoch [167] Testing Results: Prec@1 41.110 Prec@5 78.900             Loss 3.74371
Epoch [167] Testing Class Recall: [0.756,0.883,0.613,0.418,0.342,0.252,0.308,0.266,0.161,0.112]
Epoch [168] Training Results: Prec@1 98.735 Prec@5 99.975             Loss 0.05080
Epoch [168] Training Class Recall: [0.979,0.980,0.987,0.987,0.991,0.988,0.992,0.991,0.993,0.993]
Epoch [168] Testing Results: Prec@1 41.460 Prec@5 79.390             Loss 3.72710
Epoch [168] Testing Class Recall: [0.762,0.863,0.628,0.417,0.371,0.242,0.305,0.274,0.170,0.114]
Epoch [169] Training Results: Prec@1 98.675 Prec@5 100.000             Loss 0.05059
Epoch [169] Training Class Recall: [0.980,0.984,0.983,0.988,0.988,0.988,0.986,0.990,0.994,0.994]
Epoch [169] Testing Results: Prec@1 41.650 Prec@5 79.540             Loss 3.70015
Epoch [169] Testing Class Recall: [0.751,0.872,0.630,0.428,0.352,0.252,0.303,0.308,0.167,0.102]
Epoch [170] Training Results: Prec@1 98.775 Prec@5 100.000             Loss 0.04904
Epoch [170] Training Class Recall: [0.983,0.978,0.985,0.983,0.990,0.993,0.990,0.989,0.996,0.998]
Epoch [170] Testing Results: Prec@1 41.540 Prec@5 79.370             Loss 3.70664
Epoch [170] Testing Class Recall: [0.774,0.880,0.598,0.441,0.359,0.250,0.305,0.271,0.169,0.107]
Epoch [171] Training Results: Prec@1 98.960 Prec@5 99.990             Loss 0.04442
Epoch [171] Training Class Recall: [0.980,0.986,0.988,0.988,0.992,0.992,0.996,0.993,0.996,0.995]
Epoch [171] Testing Results: Prec@1 41.400 Prec@5 79.310             Loss 3.72265
Epoch [171] Testing Class Recall: [0.766,0.886,0.601,0.437,0.352,0.264,0.301,0.261,0.172,0.100]
Epoch [172] Training Results: Prec@1 98.955 Prec@5 99.990             Loss 0.04149
Epoch [172] Training Class Recall: [0.983,0.983,0.988,0.987,0.992,0.993,0.992,0.992,0.996,0.996]
Epoch [172] Testing Results: Prec@1 41.290 Prec@5 79.300             Loss 3.72776
Epoch [172] Testing Class Recall: [0.769,0.881,0.620,0.419,0.335,0.257,0.299,0.271,0.172,0.106]
Epoch [173] Training Results: Prec@1 99.040 Prec@5 99.995             Loss 0.04126
Epoch [173] Training Class Recall: [0.982,0.986,0.988,0.992,0.992,0.992,0.995,0.993,0.995,0.997]
Epoch [173] Testing Results: Prec@1 41.350 Prec@5 79.600             Loss 3.71750
Epoch [173] Testing Class Recall: [0.782,0.873,0.601,0.426,0.343,0.259,0.314,0.247,0.174,0.116]
Epoch [174] Training Results: Prec@1 99.000 Prec@5 99.995             Loss 0.04053
Epoch [174] Training Class Recall: [0.984,0.986,0.985,0.988,0.991,0.993,0.995,0.994,0.996,0.996]
Epoch [174] Testing Results: Prec@1 41.530 Prec@5 79.590             Loss 3.70083
Epoch [174] Testing Class Recall: [0.777,0.871,0.615,0.424,0.358,0.256,0.287,0.300,0.164,0.101]
Epoch [175] Training Results: Prec@1 99.085 Prec@5 99.995             Loss 0.03930
Epoch [175] Training Class Recall: [0.985,0.989,0.986,0.991,0.992,0.994,0.990,0.994,0.999,0.997]
Epoch [175] Testing Results: Prec@1 41.450 Prec@5 79.680             Loss 3.74782
Epoch [175] Testing Class Recall: [0.768,0.868,0.636,0.421,0.355,0.260,0.309,0.261,0.164,0.103]
Epoch [176] Training Results: Prec@1 99.035 Prec@5 99.985             Loss 0.03870
Epoch [176] Training Class Recall: [0.983,0.986,0.988,0.993,0.991,0.990,0.995,0.993,0.996,0.994]
Epoch [176] Testing Results: Prec@1 41.490 Prec@5 79.230             Loss 3.76931
Epoch [176] Testing Class Recall: [0.771,0.886,0.622,0.423,0.347,0.255,0.307,0.283,0.158,0.097]
Epoch [177] Training Results: Prec@1 99.235 Prec@5 100.000             Loss 0.03473
Epoch [177] Training Class Recall: [0.989,0.990,0.990,0.988,0.995,0.994,0.995,0.996,0.997,0.997]
Epoch [177] Testing Results: Prec@1 41.710 Prec@5 79.400             Loss 3.72672
Epoch [177] Testing Class Recall: [0.779,0.889,0.619,0.390,0.328,0.261,0.332,0.291,0.165,0.117]
Epoch [178] Training Results: Prec@1 99.200 Prec@5 99.985             Loss 0.03639
Epoch [178] Training Class Recall: [0.986,0.985,0.987,0.992,0.996,0.992,1.000,0.993,1.000,0.998]
Epoch [178] Testing Results: Prec@1 41.510 Prec@5 79.650             Loss 3.71301
Epoch [178] Testing Class Recall: [0.772,0.873,0.611,0.434,0.331,0.270,0.304,0.281,0.167,0.108]
Epoch [179] Training Results: Prec@1 99.110 Prec@5 100.000             Loss 0.03471
Epoch [179] Training Class Recall: [0.987,0.988,0.989,0.988,0.991,0.992,0.995,0.994,0.996,0.998]
Epoch [179] Testing Results: Prec@1 41.740 Prec@5 79.660             Loss 3.74378
Epoch [179] Testing Class Recall: [0.763,0.885,0.630,0.413,0.346,0.259,0.310,0.288,0.169,0.111]
Epoch [180] Training Results: Prec@1 99.200 Prec@5 99.990             Loss 0.03578
Epoch [180] Training Class Recall: [0.988,0.985,0.990,0.993,0.993,0.994,0.997,0.994,0.996,0.997]
Epoch [180] Testing Results: Prec@1 41.600 Prec@5 79.490             Loss 3.74951
Epoch [180] Testing Class Recall: [0.761,0.881,0.628,0.409,0.372,0.258,0.303,0.279,0.165,0.104]
Epoch [181] Training Results: Prec@1 99.200 Prec@5 99.990             Loss 0.03545
Epoch [181] Training Class Recall: [0.986,0.985,0.992,0.990,0.995,0.993,0.995,0.996,0.994,0.999]
Epoch [181] Testing Results: Prec@1 41.350 Prec@5 79.340             Loss 3.77947
Epoch [181] Testing Class Recall: [0.764,0.871,0.635,0.413,0.332,0.254,0.312,0.286,0.167,0.101]
Epoch [182] Training Results: Prec@1 99.200 Prec@5 99.995             Loss 0.03363
Epoch [182] Training Class Recall: [0.989,0.984,0.986,0.990,0.995,0.995,0.996,0.996,0.999,0.997]
Epoch [182] Testing Results: Prec@1 41.620 Prec@5 79.510             Loss 3.75536
Epoch [182] Testing Class Recall: [0.765,0.881,0.624,0.424,0.358,0.259,0.318,0.269,0.157,0.107]
Epoch [183] Training Results: Prec@1 99.215 Prec@5 100.000             Loss 0.03384
Epoch [183] Training Class Recall: [0.988,0.988,0.988,0.993,0.991,0.993,0.995,0.996,0.998,0.998]
Epoch [183] Testing Results: Prec@1 41.900 Prec@5 79.820             Loss 3.69995
Epoch [183] Testing Class Recall: [0.758,0.876,0.619,0.434,0.371,0.271,0.296,0.280,0.173,0.112]
Epoch [184] Training Results: Prec@1 99.200 Prec@5 99.995             Loss 0.03494
Epoch [184] Training Class Recall: [0.984,0.993,0.989,0.989,0.993,0.996,0.997,0.996,0.998,0.996]
Epoch [184] Testing Results: Prec@1 41.720 Prec@5 79.770             Loss 3.69738
Epoch [184] Testing Class Recall: [0.765,0.880,0.618,0.433,0.337,0.278,0.308,0.281,0.164,0.108]
Epoch [185] Training Results: Prec@1 99.185 Prec@5 99.995             Loss 0.03530
Epoch [185] Training Class Recall: [0.986,0.983,0.991,0.992,0.995,0.993,0.997,0.993,0.995,0.999]
Epoch [185] Testing Results: Prec@1 41.490 Prec@5 79.290             Loss 3.78269
Epoch [185] Testing Class Recall: [0.779,0.871,0.618,0.437,0.363,0.214,0.319,0.275,0.167,0.106]
Epoch [186] Training Results: Prec@1 99.270 Prec@5 100.000             Loss 0.03511
Epoch [186] Training Class Recall: [0.990,0.986,0.990,0.993,0.993,0.995,0.995,0.996,0.996,0.997]
Epoch [186] Testing Results: Prec@1 41.680 Prec@5 79.570             Loss 3.74855
Epoch [186] Testing Class Recall: [0.753,0.888,0.626,0.418,0.368,0.258,0.288,0.293,0.165,0.111]
Epoch [187] Training Results: Prec@1 99.235 Prec@5 99.990             Loss 0.03269
Epoch [187] Training Class Recall: [0.989,0.986,0.989,0.990,0.992,0.997,0.997,0.995,0.996,0.999]
Epoch [187] Testing Results: Prec@1 41.650 Prec@5 79.360             Loss 3.75431
Epoch [187] Testing Class Recall: [0.760,0.887,0.629,0.443,0.348,0.261,0.318,0.253,0.160,0.106]
Epoch [188] Training Results: Prec@1 99.260 Prec@5 99.995             Loss 0.03229
Epoch [188] Training Class Recall: [0.990,0.988,0.989,0.992,0.995,0.994,0.994,0.994,0.999,0.998]
Epoch [188] Testing Results: Prec@1 42.080 Prec@5 79.860             Loss 3.67437
Epoch [188] Testing Class Recall: [0.761,0.877,0.612,0.429,0.363,0.263,0.335,0.278,0.175,0.115]
Epoch [189] Training Results: Prec@1 99.305 Prec@5 100.000             Loss 0.03232
Epoch [189] Training Class Recall: [0.987,0.988,0.991,0.993,0.995,0.995,0.994,0.997,0.998,0.998]
Epoch [189] Testing Results: Prec@1 41.860 Prec@5 79.600             Loss 3.72952
Epoch [189] Testing Class Recall: [0.777,0.881,0.604,0.439,0.358,0.257,0.317,0.297,0.159,0.097]
Epoch [190] Training Results: Prec@1 99.285 Prec@5 100.000             Loss 0.03280
Epoch [190] Training Class Recall: [0.987,0.988,0.990,0.993,0.993,0.994,0.997,0.998,0.999,0.998]
Epoch [190] Testing Results: Prec@1 41.860 Prec@5 79.690             Loss 3.74082
Epoch [190] Testing Class Recall: [0.776,0.879,0.606,0.436,0.368,0.276,0.307,0.280,0.158,0.100]
Epoch [191] Training Results: Prec@1 99.260 Prec@5 99.990             Loss 0.03329
Epoch [191] Training Class Recall: [0.984,0.993,0.991,0.993,0.996,0.994,0.992,0.994,0.996,0.999]
Epoch [191] Testing Results: Prec@1 41.810 Prec@5 79.410             Loss 3.75147
Epoch [191] Testing Class Recall: [0.766,0.893,0.618,0.437,0.337,0.262,0.304,0.292,0.169,0.103]
Epoch [192] Training Results: Prec@1 99.250 Prec@5 99.995             Loss 0.03285
Epoch [192] Training Class Recall: [0.987,0.988,0.990,0.995,0.990,0.994,0.994,0.996,0.997,0.999]
Epoch [192] Testing Results: Prec@1 41.700 Prec@5 79.580             Loss 3.75843
Epoch [192] Testing Class Recall: [0.769,0.878,0.632,0.423,0.356,0.261,0.312,0.282,0.161,0.096]
Epoch [193] Training Results: Prec@1 99.240 Prec@5 100.000             Loss 0.03366
Epoch [193] Training Class Recall: [0.987,0.987,0.989,0.993,0.992,0.994,0.997,0.998,0.999,0.997]
Epoch [193] Testing Results: Prec@1 41.690 Prec@5 79.570             Loss 3.73104
Epoch [193] Testing Class Recall: [0.766,0.892,0.612,0.427,0.323,0.265,0.313,0.285,0.175,0.111]
Epoch [194] Training Results: Prec@1 99.205 Prec@5 100.000             Loss 0.03311
Epoch [194] Training Class Recall: [0.985,0.989,0.990,0.989,0.992,0.994,0.995,0.996,0.999,0.998]
Epoch [194] Testing Results: Prec@1 41.970 Prec@5 79.960             Loss 3.67191
Epoch [194] Testing Class Recall: [0.760,0.875,0.613,0.448,0.371,0.262,0.312,0.282,0.166,0.108]
Epoch [195] Training Results: Prec@1 99.270 Prec@5 99.995             Loss 0.03265
Epoch [195] Training Class Recall: [0.988,0.990,0.990,0.993,0.993,0.995,0.995,0.994,0.996,0.998]
Epoch [195] Testing Results: Prec@1 41.280 Prec@5 79.350             Loss 3.79448
Epoch [195] Testing Class Recall: [0.762,0.882,0.628,0.424,0.354,0.262,0.292,0.277,0.151,0.096]
Epoch [196] Training Results: Prec@1 99.215 Prec@5 99.995             Loss 0.03451
Epoch [196] Training Class Recall: [0.987,0.987,0.990,0.992,0.995,0.993,0.997,0.995,0.994,0.997]
Epoch [196] Testing Results: Prec@1 41.800 Prec@5 79.750             Loss 3.71234
Epoch [196] Testing Class Recall: [0.774,0.883,0.603,0.432,0.340,0.269,0.324,0.279,0.170,0.106]
Epoch [197] Training Results: Prec@1 99.270 Prec@5 99.995             Loss 0.03351
Epoch [197] Training Class Recall: [0.990,0.987,0.991,0.991,0.996,0.996,0.995,0.993,0.996,0.997]
Epoch [197] Testing Results: Prec@1 41.770 Prec@5 79.650             Loss 3.73198
Epoch [197] Testing Class Recall: [0.777,0.884,0.614,0.419,0.323,0.286,0.336,0.271,0.164,0.103]
Epoch [198] Training Results: Prec@1 99.250 Prec@5 100.000             Loss 0.03292
Epoch [198] Training Class Recall: [0.988,0.986,0.991,0.993,0.995,0.993,0.995,0.997,0.996,0.995]
Epoch [198] Testing Results: Prec@1 41.470 Prec@5 79.320             Loss 3.77590
Epoch [198] Testing Class Recall: [0.771,0.878,0.625,0.420,0.360,0.244,0.304,0.277,0.170,0.098]
Epoch [199] Training Results: Prec@1 99.240 Prec@5 100.000             Loss 0.03320
Epoch [199] Training Class Recall: [0.986,0.989,0.991,0.992,0.993,0.996,0.995,0.993,0.996,0.997]
Epoch [199] Testing Results: Prec@1 41.680 Prec@5 79.650             Loss 3.73048
Epoch [199] Testing Class Recall: [0.771,0.881,0.619,0.409,0.380,0.253,0.281,0.286,0.185,0.103]
