Log file: cifar10_lava1.0_randomoversampling_selection_exp0.01_seed42_20260501_112124.log
Run started: 2026-05-01 11:21:24.830322
Dataset: cifar10
Imbalance type: exp, factor: 0.01
Selection method: lava, ratio: 1.0
Strategy: RandomOversampling_Selection, epochs: 200
Seed: 42, rand_number: 0
Augmentation: weak
Noise ratio: 0.5
============================================================

=> Preparing logger and tensorboard writer !
----------------------------------------------------
Class ID   | Original   | Selected   | Keep %  
----------------------------------------------------
0          | 4000       | 4000       |   100.0%
1          | 4000       | 4000       |   100.0%
2          | 4000       | 4000       |   100.0%
3          | 4000       | 4000       |   100.0%
4          | 4000       | 4000       |   100.0%
5          | 4000       | 4000       |   100.0%
6          | 4000       | 4000       |   100.0%
7          | 4000       | 4000       |   100.0%
8          | 4000       | 4000       |   100.0%
9          | 4000       | 4000       |   100.0%
----------------------------------------------------
TOTAL      | 40000      | 40000      |   100.0%
----------------------------------------------------
Epoch [0] Training Results: Prec@1 14.780 Prec@5 57.520             Loss 2.30754
Epoch [0] Training Class Recall: [0.300,0.350,0.214,0.138,0.112,0.080,0.049,0.087,0.063,0.085]
Epoch [0] Testing Results: Prec@1 25.770 Prec@5 73.450             Loss 2.08142
Epoch [0] Testing Class Recall: [0.422,0.931,0.529,0.437,0.002,0.000,0.003,0.247,0.006,0.000]
Epoch [1] Training Results: Prec@1 17.885 Prec@5 61.822             Loss 2.24513
Epoch [1] Training Class Recall: [0.431,0.530,0.239,0.261,0.133,0.042,0.031,0.030,0.037,0.055]
Epoch [1] Testing Results: Prec@1 25.780 Prec@5 72.180             Loss 2.08339
Epoch [1] Testing Class Recall: [0.783,0.748,0.337,0.154,0.513,0.000,0.000,0.000,0.000,0.043]
Epoch [2] Training Results: Prec@1 19.467 Prec@5 63.202             Loss 2.22340
Epoch [2] Training Class Recall: [0.535,0.607,0.299,0.295,0.104,0.024,0.013,0.013,0.035,0.021]
Epoch [2] Testing Results: Prec@1 28.390 Prec@5 77.260             Loss 2.04166
Epoch [2] Testing Class Recall: [0.720,0.838,0.043,0.529,0.694,0.001,0.005,0.000,0.000,0.009]
Epoch [3] Training Results: Prec@1 19.993 Prec@5 64.325             Loss 2.21252
Epoch [3] Training Class Recall: [0.564,0.618,0.283,0.317,0.124,0.024,0.025,0.015,0.008,0.023]
Epoch [3] Testing Results: Prec@1 26.230 Prec@5 77.440             Loss 2.03351
Epoch [3] Testing Class Recall: [0.644,0.592,0.619,0.651,0.035,0.017,0.002,0.014,0.037,0.012]
Epoch [4] Training Results: Prec@1 20.645 Prec@5 64.817             Loss 2.20474
Epoch [4] Training Class Recall: [0.596,0.634,0.289,0.338,0.106,0.022,0.028,0.021,0.011,0.019]
Epoch [4] Testing Results: Prec@1 31.270 Prec@5 81.380             Loss 1.96500
Epoch [4] Testing Class Recall: [0.676,0.808,0.235,0.161,0.549,0.598,0.048,0.007,0.031,0.014]
Epoch [5] Training Results: Prec@1 21.522 Prec@5 65.860             Loss 2.18882
Epoch [5] Training Class Recall: [0.617,0.645,0.309,0.320,0.124,0.045,0.040,0.027,0.008,0.017]
Epoch [5] Testing Results: Prec@1 31.980 Prec@5 81.990             Loss 1.96639
Epoch [5] Testing Class Recall: [0.725,0.753,0.293,0.498,0.387,0.258,0.224,0.004,0.023,0.033]
Epoch [6] Training Results: Prec@1 22.427 Prec@5 67.045             Loss 2.17688
Epoch [6] Training Class Recall: [0.623,0.656,0.313,0.312,0.139,0.070,0.078,0.033,0.011,0.008]
Epoch [6] Testing Results: Prec@1 32.070 Prec@5 80.200             Loss 1.96447
Epoch [6] Testing Class Recall: [0.667,0.895,0.369,0.427,0.324,0.289,0.044,0.024,0.168,0.000]
Epoch [7] Training Results: Prec@1 23.192 Prec@5 68.120             Loss 2.16361
Epoch [7] Training Class Recall: [0.618,0.663,0.339,0.290,0.166,0.098,0.090,0.028,0.019,0.007]
Epoch [7] Testing Results: Prec@1 26.460 Prec@5 75.040             Loss 2.04215
Epoch [7] Testing Class Recall: [0.895,0.565,0.723,0.253,0.018,0.109,0.033,0.045,0.005,0.000]
