Log file: cifar10_lava0.7_randomoversampling_selection_exp0.01_seed42_20260501_125525.log
Run started: 2026-05-01 12:55:25.643965
Dataset: cifar10
Imbalance type: exp, factor: 0.01
Selection method: lava, ratio: 0.7
Strategy: RandomOversampling_Selection, epochs: 200
Seed: 42, rand_number: 0
Augmentation: weak
Noise ratio: 0.5
============================================================

=> Preparing logger and tensorboard writer !
----------------------------------------------------
Class ID   | Original   | Selected   | Keep %  
----------------------------------------------------
0          | 4000       | 3628       |    90.7%
1          | 4000       | 3031       |    75.8%
2          | 4000       | 3365       |    84.1%
3          | 4000       | 3107       |    77.7%
4          | 4000       | 2800       |    70.0%
5          | 4000       | 2591       |    64.8%
6          | 4000       | 2297       |    57.4%
7          | 4000       | 2584       |    64.6%
8          | 4000       | 2225       |    55.6%
9          | 4000       | 2372       |    59.3%
----------------------------------------------------
TOTAL      | 40000      | 28000      |    70.0%
----------------------------------------------------
Epoch [0] Training Results: Prec@1 20.068 Prec@5 63.007             Loss 2.23717
Epoch [0] Training Class Recall: [0.462,0.530,0.291,0.203,0.139,0.036,0.020,0.030,0.011,0.040]
Epoch [0] Testing Results: Prec@1 24.040 Prec@5 77.200             Loss 2.04164
Epoch [0] Testing Class Recall: [0.520,0.571,0.618,0.238,0.246,0.000,0.000,0.169,0.025,0.017]
Epoch [1] Training Results: Prec@1 23.529 Prec@5 66.118             Loss 2.16955
Epoch [1] Training Class Recall: [0.579,0.661,0.311,0.231,0.134,0.042,0.028,0.031,0.015,0.023]
Epoch [1] Testing Results: Prec@1 26.480 Prec@5 85.490             Loss 1.95264
Epoch [1] Testing Class Recall: [0.791,0.784,0.766,0.026,0.000,0.232,0.049,0.000,0.000,0.000]
Epoch [2] Training Results: Prec@1 26.432 Prec@5 68.811             Loss 2.10069
Epoch [2] Training Class Recall: [0.663,0.710,0.340,0.341,0.151,0.045,0.013,0.016,0.003,0.009]
Epoch [2] Testing Results: Prec@1 26.130 Prec@5 81.770             Loss 1.99115
Epoch [2] Testing Class Recall: [0.871,0.844,0.645,0.196,0.006,0.024,0.027,0.000,0.000,0.000]
Epoch [3] Training Results: Prec@1 27.518 Prec@5 69.536             Loss 2.07535
Epoch [3] Training Class Recall: [0.682,0.740,0.342,0.379,0.148,0.039,0.041,0.011,0.001,0.008]
Epoch [3] Testing Results: Prec@1 29.020 Prec@5 83.760             Loss 1.90214
Epoch [3] Testing Class Recall: [0.655,0.744,0.206,0.509,0.578,0.109,0.090,0.002,0.000,0.009]
Epoch [4] Training Results: Prec@1 28.921 Prec@5 71.129             Loss 2.04715
Epoch [4] Training Class Recall: [0.698,0.750,0.380,0.353,0.146,0.083,0.079,0.030,0.000,0.013]
Epoch [4] Testing Results: Prec@1 31.410 Prec@5 84.320             Loss 1.87285
Epoch [4] Testing Class Recall: [0.600,0.785,0.351,0.585,0.550,0.113,0.129,0.022,0.000,0.006]
Epoch [5] Training Results: Prec@1 30.454 Prec@5 72.771             Loss 2.01456
Epoch [5] Training Class Recall: [0.695,0.757,0.410,0.366,0.184,0.100,0.114,0.041,0.001,0.021]
Epoch [5] Testing Results: Prec@1 29.460 Prec@5 82.160             Loss 1.91524
Epoch [5] Testing Class Recall: [0.703,0.681,0.781,0.021,0.350,0.143,0.216,0.033,0.009,0.009]
Epoch [6] Training Results: Prec@1 31.600 Prec@5 74.261             Loss 1.98656
Epoch [6] Training Class Recall: [0.701,0.765,0.422,0.344,0.239,0.125,0.114,0.058,0.002,0.036]
Epoch [6] Testing Results: Prec@1 37.770 Prec@5 86.560             Loss 1.80978
Epoch [6] Testing Class Recall: [0.717,0.913,0.558,0.434,0.191,0.228,0.364,0.268,0.006,0.098]
Epoch [7] Training Results: Prec@1 32.696 Prec@5 75.282             Loss 1.96268
Epoch [7] Training Class Recall: [0.707,0.774,0.444,0.321,0.233,0.149,0.136,0.095,0.011,0.056]
Epoch [7] Testing Results: Prec@1 34.840 Prec@5 82.140             Loss 1.85333
Epoch [7] Testing Class Recall: [0.679,0.708,0.443,0.302,0.626,0.307,0.290,0.060,0.016,0.053]
Epoch [8] Training Results: Prec@1 34.104 Prec@5 76.639             Loss 1.92749
Epoch [8] Training Class Recall: [0.701,0.774,0.439,0.333,0.279,0.186,0.148,0.103,0.025,0.094]
Epoch [8] Testing Results: Prec@1 36.570 Prec@5 81.180             Loss 1.83233
Epoch [8] Testing Class Recall: [0.500,0.730,0.667,0.119,0.559,0.149,0.099,0.244,0.494,0.096]
Epoch [9] Training Results: Prec@1 35.539 Prec@5 78.396             Loss 1.88860
Epoch [9] Training Class Recall: [0.689,0.767,0.443,0.324,0.303,0.202,0.184,0.156,0.052,0.132]
Epoch [9] Testing Results: Prec@1 38.730 Prec@5 80.430             Loss 1.86359
Epoch [9] Testing Class Recall: [0.754,0.773,0.427,0.625,0.107,0.091,0.695,0.333,0.020,0.048]
Epoch [10] Training Results: Prec@1 37.350 Prec@5 79.986             Loss 1.84597
Epoch [10] Training Class Recall: [0.676,0.773,0.448,0.344,0.310,0.241,0.203,0.195,0.079,0.188]
Epoch [10] Testing Results: Prec@1 32.180 Prec@5 68.710             Loss 2.32453
Epoch [10] Testing Class Recall: [0.836,0.912,0.610,0.206,0.096,0.448,0.026,0.020,0.060,0.004]
Epoch [11] Training Results: Prec@1 39.079 Prec@5 81.668             Loss 1.80209
Epoch [11] Training Class Recall: [0.675,0.775,0.465,0.354,0.354,0.257,0.205,0.205,0.113,0.239]
Epoch [11] Testing Results: Prec@1 37.730 Prec@5 84.460             Loss 1.80222
Epoch [11] Testing Class Recall: [0.466,0.799,0.422,0.240,0.243,0.254,0.357,0.238,0.215,0.539]
Epoch [12] Training Results: Prec@1 40.704 Prec@5 82.779             Loss 1.75559
Epoch [12] Training Class Recall: [0.647,0.777,0.452,0.359,0.391,0.284,0.237,0.253,0.159,0.285]
Epoch [12] Testing Results: Prec@1 37.990 Prec@5 78.660             Loss 1.92701
Epoch [12] Testing Class Recall: [0.856,0.755,0.331,0.283,0.463,0.448,0.290,0.161,0.009,0.203]
Epoch [13] Training Results: Prec@1 42.454 Prec@5 84.107             Loss 1.71073
Epoch [13] Training Class Recall: [0.663,0.777,0.455,0.372,0.396,0.289,0.268,0.277,0.210,0.329]
Epoch [13] Testing Results: Prec@1 33.270 Prec@5 72.990             Loss 2.18063
Epoch [13] Testing Class Recall: [0.514,0.692,0.474,0.360,0.668,0.092,0.341,0.087,0.058,0.041]
Epoch [14] Training Results: Prec@1 44.736 Prec@5 85.746             Loss 1.65029
Epoch [14] Training Class Recall: [0.638,0.772,0.448,0.377,0.430,0.320,0.308,0.344,0.262,0.414]
Epoch [14] Testing Results: Prec@1 36.000 Prec@5 74.540             Loss 2.39621
Epoch [14] Testing Class Recall: [0.637,0.956,0.433,0.200,0.254,0.206,0.574,0.269,0.006,0.065]
Epoch [15] Training Results: Prec@1 46.504 Prec@5 86.861             Loss 1.59877
Epoch [15] Training Class Recall: [0.646,0.768,0.483,0.385,0.446,0.359,0.332,0.361,0.280,0.432]
Epoch [15] Testing Results: Prec@1 37.040 Prec@5 80.060             Loss 1.97837
Epoch [15] Testing Class Recall: [0.481,0.771,0.445,0.106,0.517,0.235,0.394,0.495,0.105,0.155]
Epoch [16] Training Results: Prec@1 48.421 Prec@5 87.879             Loss 1.54689
Epoch [16] Training Class Recall: [0.643,0.767,0.455,0.398,0.460,0.384,0.374,0.407,0.368,0.473]
Epoch [16] Testing Results: Prec@1 34.480 Prec@5 77.350             Loss 2.21323
Epoch [16] Testing Class Recall: [0.445,0.875,0.353,0.366,0.206,0.236,0.238,0.547,0.092,0.090]
Epoch [17] Training Results: Prec@1 51.221 Prec@5 89.193             Loss 1.47598
Epoch [17] Training Class Recall: [0.636,0.765,0.463,0.429,0.482,0.420,0.432,0.453,0.433,0.532]
Epoch [17] Testing Results: Prec@1 33.330 Prec@5 75.320             Loss 2.19845
Epoch [17] Testing Class Recall: [0.715,0.726,0.223,0.298,0.234,0.091,0.418,0.414,0.111,0.103]
Epoch [18] Training Results: Prec@1 53.329 Prec@5 90.336             Loss 1.41695
Epoch [18] Training Class Recall: [0.635,0.773,0.481,0.442,0.509,0.451,0.468,0.490,0.464,0.561]
Epoch [18] Testing Results: Prec@1 33.320 Prec@5 76.040             Loss 2.42518
Epoch [18] Testing Class Recall: [0.376,0.752,0.233,0.400,0.581,0.103,0.166,0.421,0.010,0.290]
Epoch [19] Training Results: Prec@1 55.311 Prec@5 91.311             Loss 1.35593
Epoch [19] Training Class Recall: [0.633,0.772,0.498,0.469,0.521,0.482,0.494,0.503,0.505,0.611]
Epoch [19] Testing Results: Prec@1 36.970 Prec@5 74.740             Loss 2.23998
Epoch [19] Testing Class Recall: [0.637,0.806,0.374,0.427,0.148,0.265,0.556,0.286,0.167,0.031]
Epoch [20] Training Results: Prec@1 57.707 Prec@5 92.146             Loss 1.28643
Epoch [20] Training Class Recall: [0.647,0.780,0.496,0.476,0.550,0.512,0.555,0.551,0.558,0.629]
Epoch [20] Testing Results: Prec@1 32.720 Prec@5 72.230             Loss 2.83291
Epoch [20] Testing Class Recall: [0.476,0.840,0.380,0.287,0.153,0.651,0.070,0.117,0.224,0.074]
Epoch [21] Training Results: Prec@1 59.093 Prec@5 92.975             Loss 1.23676
Epoch [21] Training Class Recall: [0.635,0.781,0.514,0.484,0.564,0.533,0.574,0.590,0.568,0.665]
Epoch [21] Testing Results: Prec@1 30.320 Prec@5 71.170             Loss 2.60434
Epoch [21] Testing Class Recall: [0.591,0.804,0.379,0.303,0.089,0.057,0.416,0.089,0.034,0.270]
Epoch [22] Training Results: Prec@1 60.936 Prec@5 93.600             Loss 1.18539
Epoch [22] Training Class Recall: [0.628,0.787,0.528,0.517,0.586,0.550,0.603,0.607,0.609,0.691]
Epoch [22] Testing Results: Prec@1 32.270 Prec@5 75.660             Loss 2.63045
Epoch [22] Testing Class Recall: [0.475,0.884,0.218,0.246,0.275,0.181,0.353,0.215,0.193,0.187]
Epoch [23] Training Results: Prec@1 63.264 Prec@5 94.129             Loss 1.12934
Epoch [23] Training Class Recall: [0.646,0.783,0.548,0.540,0.610,0.589,0.630,0.646,0.640,0.717]
Epoch [23] Testing Results: Prec@1 33.460 Prec@5 75.240             Loss 2.62127
Epoch [23] Testing Class Recall: [0.469,0.846,0.325,0.246,0.438,0.370,0.153,0.101,0.300,0.098]
Epoch [24] Training Results: Prec@1 64.361 Prec@5 94.486             Loss 1.09336
Epoch [24] Training Class Recall: [0.647,0.784,0.573,0.542,0.619,0.591,0.663,0.647,0.680,0.723]
Epoch [24] Testing Results: Prec@1 33.680 Prec@5 72.420             Loss 2.73440
Epoch [24] Testing Class Recall: [0.625,0.815,0.253,0.215,0.414,0.261,0.314,0.187,0.203,0.081]
Epoch [25] Training Results: Prec@1 65.539 Prec@5 95.043             Loss 1.04957
Epoch [25] Training Class Recall: [0.646,0.779,0.570,0.570,0.631,0.604,0.686,0.674,0.684,0.752]
Epoch [25] Testing Results: Prec@1 27.560 Prec@5 70.100             Loss 4.61948
Epoch [25] Testing Class Recall: [0.358,0.772,0.236,0.049,0.878,0.057,0.265,0.007,0.117,0.017]
Epoch [26] Training Results: Prec@1 67.682 Prec@5 95.571             Loss 0.99260
Epoch [26] Training Class Recall: [0.652,0.792,0.607,0.604,0.646,0.635,0.682,0.712,0.706,0.772]
Epoch [26] Testing Results: Prec@1 30.280 Prec@5 72.510             Loss 2.84193
Epoch [26] Testing Class Recall: [0.618,0.706,0.242,0.202,0.350,0.171,0.197,0.084,0.216,0.242]
Epoch [27] Training Results: Prec@1 68.346 Prec@5 96.082             Loss 0.96305
Epoch [27] Training Class Recall: [0.671,0.782,0.601,0.612,0.660,0.651,0.694,0.715,0.728,0.766]
Epoch [27] Testing Results: Prec@1 33.630 Prec@5 68.230             Loss 3.39279
Epoch [27] Testing Class Recall: [0.603,0.832,0.456,0.138,0.358,0.582,0.256,0.089,0.009,0.040]
Epoch [28] Training Results: Prec@1 69.746 Prec@5 96.096             Loss 0.93210
Epoch [28] Training Class Recall: [0.669,0.801,0.612,0.622,0.682,0.675,0.727,0.726,0.740,0.772]
Epoch [28] Testing Results: Prec@1 33.610 Prec@5 75.590             Loss 3.26670
Epoch [28] Testing Class Recall: [0.316,0.810,0.112,0.177,0.507,0.414,0.281,0.576,0.080,0.088]
Epoch [29] Training Results: Prec@1 70.779 Prec@5 96.593             Loss 0.89439
Epoch [29] Training Class Recall: [0.666,0.797,0.635,0.643,0.678,0.682,0.751,0.733,0.752,0.798]
Epoch [29] Testing Results: Prec@1 35.040 Prec@5 71.240             Loss 3.15701
Epoch [29] Testing Class Recall: [0.569,0.871,0.303,0.384,0.238,0.374,0.239,0.311,0.170,0.045]
Epoch [30] Training Results: Prec@1 71.957 Prec@5 96.707             Loss 0.86427
Epoch [30] Training Class Recall: [0.672,0.802,0.655,0.661,0.699,0.688,0.743,0.749,0.778,0.804]
Epoch [30] Testing Results: Prec@1 31.010 Prec@5 67.110             Loss 4.05167
Epoch [30] Testing Class Recall: [0.504,0.702,0.626,0.173,0.142,0.330,0.461,0.007,0.132,0.024]
Epoch [31] Training Results: Prec@1 72.707 Prec@5 96.796             Loss 0.84498
Epoch [31] Training Class Recall: [0.682,0.798,0.646,0.673,0.712,0.699,0.762,0.765,0.777,0.817]
Epoch [31] Testing Results: Prec@1 33.600 Prec@5 71.430             Loss 3.35773
Epoch [31] Testing Class Recall: [0.532,0.884,0.420,0.256,0.389,0.155,0.402,0.177,0.080,0.065]
Epoch [32] Training Results: Prec@1 73.575 Prec@5 97.275             Loss 0.80944
Epoch [32] Training Class Recall: [0.682,0.818,0.655,0.684,0.716,0.713,0.766,0.783,0.785,0.817]
Epoch [32] Testing Results: Prec@1 33.490 Prec@5 70.130             Loss 3.19879
Epoch [32] Testing Class Recall: [0.696,0.799,0.321,0.136,0.361,0.160,0.581,0.151,0.072,0.072]
Epoch [33] Training Results: Prec@1 74.589 Prec@5 97.436             Loss 0.77530
Epoch [33] Training Class Recall: [0.695,0.810,0.664,0.697,0.746,0.722,0.764,0.781,0.810,0.830]
Epoch [33] Testing Results: Prec@1 32.870 Prec@5 71.450             Loss 3.46552
Epoch [33] Testing Class Recall: [0.591,0.722,0.302,0.231,0.635,0.160,0.221,0.293,0.028,0.104]
Epoch [34] Training Results: Prec@1 75.239 Prec@5 97.729             Loss 0.75747
Epoch [34] Training Class Recall: [0.691,0.817,0.685,0.707,0.741,0.719,0.787,0.797,0.814,0.828]
Epoch [34] Testing Results: Prec@1 31.570 Prec@5 68.660             Loss 3.64823
Epoch [34] Testing Class Recall: [0.430,0.759,0.301,0.175,0.579,0.183,0.200,0.409,0.101,0.020]
Epoch [35] Training Results: Prec@1 75.629 Prec@5 97.800             Loss 0.75125
Epoch [35] Training Class Recall: [0.694,0.812,0.686,0.702,0.752,0.748,0.795,0.792,0.818,0.831]
Epoch [35] Testing Results: Prec@1 33.460 Prec@5 72.560             Loss 3.23358
Epoch [35] Testing Class Recall: [0.480,0.796,0.588,0.295,0.284,0.257,0.063,0.348,0.166,0.069]
Epoch [36] Training Results: Prec@1 75.943 Prec@5 97.718             Loss 0.73303
Epoch [36] Training Class Recall: [0.695,0.813,0.689,0.719,0.754,0.756,0.796,0.801,0.809,0.826]
Epoch [36] Testing Results: Prec@1 32.780 Prec@5 72.520             Loss 3.43174
Epoch [36] Testing Class Recall: [0.593,0.775,0.189,0.461,0.368,0.151,0.089,0.196,0.250,0.206]
Epoch [37] Training Results: Prec@1 76.396 Prec@5 97.936             Loss 0.71842
Epoch [37] Training Class Recall: [0.704,0.809,0.690,0.725,0.756,0.765,0.781,0.804,0.824,0.846]
Epoch [37] Testing Results: Prec@1 34.590 Prec@5 70.020             Loss 3.65666
Epoch [37] Testing Class Recall: [0.686,0.879,0.203,0.361,0.498,0.287,0.143,0.190,0.166,0.046]
Epoch [38] Training Results: Prec@1 77.554 Prec@5 98.132             Loss 0.68760
Epoch [38] Training Class Recall: [0.700,0.814,0.712,0.727,0.774,0.776,0.810,0.838,0.824,0.851]
Epoch [38] Testing Results: Prec@1 32.650 Prec@5 73.030             Loss 3.39431
Epoch [38] Testing Class Recall: [0.426,0.566,0.468,0.141,0.431,0.090,0.417,0.365,0.262,0.099]
Epoch [39] Training Results: Prec@1 78.057 Prec@5 98.257             Loss 0.67387
Epoch [39] Training Class Recall: [0.709,0.823,0.725,0.737,0.783,0.774,0.806,0.820,0.826,0.866]
Epoch [39] Testing Results: Prec@1 34.730 Prec@5 75.590             Loss 2.99487
Epoch [39] Testing Class Recall: [0.566,0.740,0.362,0.312,0.310,0.373,0.323,0.092,0.176,0.219]
Epoch [40] Training Results: Prec@1 78.475 Prec@5 98.386             Loss 0.65709
Epoch [40] Training Class Recall: [0.706,0.835,0.720,0.754,0.772,0.786,0.820,0.824,0.840,0.856]
Epoch [40] Testing Results: Prec@1 33.790 Prec@5 72.340             Loss 3.88274
Epoch [40] Testing Class Recall: [0.613,0.850,0.243,0.189,0.101,0.733,0.214,0.306,0.056,0.074]
Epoch [41] Training Results: Prec@1 78.761 Prec@5 98.332             Loss 0.64686
Epoch [41] Training Class Recall: [0.717,0.829,0.737,0.744,0.779,0.783,0.818,0.826,0.849,0.856]
Epoch [41] Testing Results: Prec@1 33.730 Prec@5 70.360             Loss 3.40669
Epoch [41] Testing Class Recall: [0.583,0.826,0.374,0.094,0.506,0.248,0.266,0.228,0.107,0.141]
Epoch [42] Training Results: Prec@1 78.846 Prec@5 98.364             Loss 0.64893
Epoch [42] Training Class Recall: [0.714,0.839,0.724,0.755,0.786,0.794,0.807,0.823,0.844,0.863]
Epoch [42] Testing Results: Prec@1 36.040 Prec@5 71.820             Loss 3.65038
Epoch [42] Testing Class Recall: [0.640,0.829,0.424,0.297,0.331,0.085,0.323,0.471,0.042,0.162]
Epoch [43] Training Results: Prec@1 79.111 Prec@5 98.536             Loss 0.63592
Epoch [43] Training Class Recall: [0.721,0.834,0.732,0.761,0.790,0.790,0.820,0.839,0.834,0.851]
Epoch [43] Testing Results: Prec@1 35.550 Prec@5 71.820             Loss 3.66986
Epoch [43] Testing Class Recall: [0.494,0.803,0.464,0.387,0.204,0.268,0.505,0.077,0.336,0.017]
Epoch [44] Training Results: Prec@1 80.443 Prec@5 98.325             Loss 0.60475
Epoch [44] Training Class Recall: [0.729,0.842,0.749,0.777,0.796,0.811,0.828,0.841,0.862,0.873]
Epoch [44] Testing Results: Prec@1 33.500 Prec@5 73.360             Loss 3.54123
Epoch [44] Testing Class Recall: [0.494,0.742,0.198,0.228,0.413,0.364,0.466,0.173,0.060,0.212]
Epoch [45] Training Results: Prec@1 80.443 Prec@5 98.596             Loss 0.59647
Epoch [45] Training Class Recall: [0.727,0.837,0.750,0.777,0.806,0.799,0.842,0.841,0.855,0.876]
Epoch [45] Testing Results: Prec@1 35.930 Prec@5 76.680             Loss 3.35552
Epoch [45] Testing Class Recall: [0.513,0.757,0.206,0.601,0.393,0.210,0.249,0.308,0.229,0.127]
Epoch [46] Training Results: Prec@1 80.593 Prec@5 98.675             Loss 0.59050
Epoch [46] Training Class Recall: [0.729,0.842,0.755,0.768,0.805,0.806,0.841,0.850,0.863,0.867]
Epoch [46] Testing Results: Prec@1 32.090 Prec@5 72.550             Loss 3.72877
Epoch [46] Testing Class Recall: [0.371,0.791,0.517,0.571,0.123,0.168,0.224,0.171,0.224,0.049]
Epoch [47] Training Results: Prec@1 81.189 Prec@5 98.732             Loss 0.57629
Epoch [47] Training Class Recall: [0.743,0.846,0.761,0.780,0.814,0.812,0.846,0.847,0.851,0.876]
Epoch [47] Testing Results: Prec@1 32.750 Prec@5 70.120             Loss 3.54424
Epoch [47] Testing Class Recall: [0.762,0.774,0.181,0.387,0.340,0.223,0.167,0.246,0.139,0.056]
Epoch [48] Training Results: Prec@1 81.461 Prec@5 98.725             Loss 0.57381
Epoch [48] Training Class Recall: [0.744,0.845,0.761,0.796,0.811,0.823,0.846,0.852,0.855,0.871]
Epoch [48] Testing Results: Prec@1 30.090 Prec@5 69.870             Loss 3.66245
Epoch [48] Testing Class Recall: [0.439,0.842,0.341,0.279,0.112,0.104,0.187,0.232,0.368,0.105]
Epoch [49] Training Results: Prec@1 81.182 Prec@5 98.821             Loss 0.57631
Epoch [49] Training Class Recall: [0.744,0.845,0.751,0.790,0.821,0.817,0.839,0.832,0.869,0.869]
Epoch [49] Testing Results: Prec@1 33.670 Prec@5 71.450             Loss 3.48775
Epoch [49] Testing Class Recall: [0.671,0.842,0.305,0.231,0.318,0.422,0.149,0.286,0.068,0.075]
Epoch [50] Training Results: Prec@1 81.743 Prec@5 98.911             Loss 0.54930
Epoch [50] Training Class Recall: [0.741,0.846,0.772,0.793,0.814,0.830,0.847,0.841,0.874,0.876]
Epoch [50] Testing Results: Prec@1 31.090 Prec@5 70.470             Loss 4.12802
Epoch [50] Testing Class Recall: [0.566,0.814,0.635,0.209,0.147,0.078,0.229,0.174,0.091,0.166]
Epoch [51] Training Results: Prec@1 81.296 Prec@5 98.861             Loss 0.56800
Epoch [51] Training Class Recall: [0.737,0.850,0.760,0.793,0.826,0.815,0.839,0.847,0.860,0.859]
Epoch [51] Testing Results: Prec@1 32.900 Prec@5 73.140             Loss 3.81552
Epoch [51] Testing Class Recall: [0.541,0.692,0.275,0.343,0.461,0.321,0.280,0.199,0.056,0.122]
Epoch [52] Training Results: Prec@1 81.857 Prec@5 98.979             Loss 0.54408
Epoch [52] Training Class Recall: [0.740,0.844,0.763,0.801,0.824,0.814,0.843,0.857,0.875,0.887]
Epoch [52] Testing Results: Prec@1 31.630 Prec@5 71.720             Loss 3.70690
Epoch [52] Testing Class Recall: [0.462,0.693,0.199,0.323,0.470,0.439,0.252,0.038,0.161,0.126]
Epoch [53] Training Results: Prec@1 81.436 Prec@5 98.882             Loss 0.56069
Epoch [53] Training Class Recall: [0.740,0.848,0.752,0.790,0.816,0.823,0.848,0.851,0.863,0.876]
Epoch [53] Testing Results: Prec@1 35.440 Prec@5 72.540             Loss 3.86968
Epoch [53] Testing Class Recall: [0.627,0.796,0.375,0.285,0.363,0.507,0.087,0.215,0.093,0.196]
Epoch [54] Training Results: Prec@1 82.218 Prec@5 98.968             Loss 0.54077
Epoch [54] Training Class Recall: [0.757,0.849,0.779,0.796,0.822,0.822,0.844,0.853,0.874,0.879]
Epoch [54] Testing Results: Prec@1 30.630 Prec@5 69.430             Loss 4.15571
Epoch [54] Testing Class Recall: [0.572,0.595,0.326,0.275,0.717,0.085,0.226,0.070,0.182,0.015]
Epoch [55] Training Results: Prec@1 82.025 Prec@5 98.896             Loss 0.54903
Epoch [55] Training Class Recall: [0.752,0.847,0.776,0.793,0.827,0.821,0.845,0.851,0.874,0.871]
Epoch [55] Testing Results: Prec@1 32.650 Prec@5 71.380             Loss 3.74150
Epoch [55] Testing Class Recall: [0.306,0.790,0.494,0.278,0.476,0.148,0.380,0.093,0.142,0.158]
Epoch [56] Training Results: Prec@1 82.793 Prec@5 98.961             Loss 0.52637
Epoch [56] Training Class Recall: [0.753,0.856,0.786,0.806,0.833,0.831,0.855,0.863,0.863,0.888]
Epoch [56] Testing Results: Prec@1 32.050 Prec@5 69.760             Loss 4.50914
Epoch [56] Testing Class Recall: [0.484,0.829,0.410,0.041,0.572,0.293,0.212,0.275,0.068,0.021]
Epoch [57] Training Results: Prec@1 82.536 Prec@5 99.004             Loss 0.53226
Epoch [57] Training Class Recall: [0.756,0.857,0.774,0.793,0.828,0.834,0.854,0.858,0.879,0.882]
Epoch [57] Testing Results: Prec@1 31.390 Prec@5 72.310             Loss 3.65698
Epoch [57] Testing Class Recall: [0.428,0.822,0.361,0.368,0.420,0.087,0.192,0.166,0.044,0.251]
Epoch [58] Training Results: Prec@1 83.150 Prec@5 99.114             Loss 0.51203
Epoch [58] Training Class Recall: [0.765,0.853,0.775,0.814,0.833,0.838,0.859,0.870,0.874,0.893]
Epoch [58] Testing Results: Prec@1 30.200 Prec@5 65.510             Loss 4.14203
Epoch [58] Testing Class Recall: [0.534,0.767,0.373,0.210,0.356,0.446,0.017,0.086,0.091,0.140]
Epoch [59] Training Results: Prec@1 83.386 Prec@5 99.121             Loss 0.50530
Epoch [59] Training Class Recall: [0.765,0.858,0.798,0.816,0.836,0.836,0.849,0.865,0.879,0.885]
Epoch [59] Testing Results: Prec@1 32.560 Prec@5 68.960             Loss 4.11336
Epoch [59] Testing Class Recall: [0.635,0.880,0.285,0.564,0.135,0.207,0.083,0.315,0.122,0.030]
Epoch [60] Training Results: Prec@1 84.182 Prec@5 99.150             Loss 0.48140
Epoch [60] Training Class Recall: [0.774,0.861,0.801,0.828,0.852,0.848,0.869,0.862,0.894,0.882]
Epoch [60] Testing Results: Prec@1 34.510 Prec@5 73.550             Loss 3.38813
Epoch [60] Testing Class Recall: [0.548,0.759,0.365,0.331,0.263,0.230,0.350,0.252,0.128,0.225]
Epoch [61] Training Results: Prec@1 83.943 Prec@5 99.132             Loss 0.48950
Epoch [61] Training Class Recall: [0.771,0.862,0.804,0.818,0.841,0.844,0.862,0.867,0.884,0.891]
Epoch [61] Testing Results: Prec@1 33.980 Prec@5 73.210             Loss 3.92773
Epoch [61] Testing Class Recall: [0.408,0.764,0.195,0.378,0.294,0.220,0.636,0.117,0.320,0.066]
Epoch [62] Training Results: Prec@1 83.768 Prec@5 99.029             Loss 0.49263
Epoch [62] Training Class Recall: [0.767,0.865,0.795,0.818,0.832,0.844,0.869,0.863,0.893,0.888]
Epoch [62] Testing Results: Prec@1 33.790 Prec@5 72.180             Loss 3.72833
Epoch [62] Testing Class Recall: [0.525,0.835,0.396,0.342,0.183,0.482,0.200,0.128,0.227,0.061]
Epoch [63] Training Results: Prec@1 84.189 Prec@5 99.143             Loss 0.49002
Epoch [63] Training Class Recall: [0.773,0.867,0.802,0.827,0.854,0.845,0.869,0.872,0.871,0.887]
Epoch [63] Testing Results: Prec@1 31.550 Prec@5 69.610             Loss 4.25446
Epoch [63] Testing Class Recall: [0.472,0.914,0.417,0.093,0.032,0.323,0.426,0.305,0.088,0.085]
Epoch [64] Training Results: Prec@1 84.057 Prec@5 99.239             Loss 0.48877
Epoch [64] Training Class Recall: [0.770,0.865,0.794,0.828,0.835,0.849,0.869,0.872,0.888,0.891]
Epoch [64] Testing Results: Prec@1 35.640 Prec@5 71.940             Loss 4.05162
Epoch [64] Testing Class Recall: [0.642,0.925,0.294,0.292,0.351,0.165,0.416,0.182,0.227,0.070]
Epoch [65] Training Results: Prec@1 84.400 Prec@5 99.250             Loss 0.47056
Epoch [65] Training Class Recall: [0.777,0.867,0.803,0.818,0.851,0.851,0.867,0.866,0.898,0.898]
Epoch [65] Testing Results: Prec@1 31.550 Prec@5 70.510             Loss 4.66938
Epoch [65] Testing Class Recall: [0.404,0.886,0.096,0.576,0.117,0.403,0.154,0.369,0.096,0.054]
Epoch [66] Training Results: Prec@1 83.796 Prec@5 99.125             Loss 0.49176
Epoch [66] Training Class Recall: [0.765,0.864,0.799,0.824,0.838,0.848,0.866,0.866,0.883,0.878]
Epoch [66] Testing Results: Prec@1 32.230 Prec@5 72.980             Loss 3.79840
Epoch [66] Testing Class Recall: [0.466,0.723,0.590,0.194,0.297,0.327,0.115,0.186,0.241,0.084]
Epoch [67] Training Results: Prec@1 84.261 Prec@5 99.332             Loss 0.47229
Epoch [67] Training Class Recall: [0.769,0.875,0.802,0.815,0.843,0.848,0.865,0.884,0.889,0.892]
Epoch [67] Testing Results: Prec@1 30.340 Prec@5 72.270             Loss 4.44015
Epoch [67] Testing Class Recall: [0.356,0.764,0.296,0.334,0.349,0.135,0.108,0.305,0.275,0.112]
Epoch [68] Training Results: Prec@1 83.839 Prec@5 99.239             Loss 0.48901
Epoch [68] Training Class Recall: [0.774,0.858,0.796,0.826,0.841,0.848,0.872,0.863,0.881,0.876]
Epoch [68] Testing Results: Prec@1 34.390 Prec@5 71.980             Loss 3.70082
Epoch [68] Testing Class Recall: [0.569,0.847,0.309,0.510,0.343,0.242,0.250,0.257,0.099,0.013]
Epoch [69] Training Results: Prec@1 84.089 Prec@5 99.168             Loss 0.48353
Epoch [69] Training Class Recall: [0.765,0.870,0.796,0.824,0.845,0.848,0.868,0.872,0.889,0.888]
Epoch [69] Testing Results: Prec@1 30.200 Prec@5 70.530             Loss 4.25876
Epoch [69] Testing Class Recall: [0.544,0.911,0.146,0.275,0.197,0.375,0.137,0.263,0.065,0.107]
Epoch [70] Training Results: Prec@1 84.700 Prec@5 99.239             Loss 0.46876
Epoch [70] Training Class Recall: [0.773,0.864,0.811,0.832,0.847,0.853,0.882,0.877,0.894,0.891]
Epoch [70] Testing Results: Prec@1 33.130 Prec@5 70.690             Loss 3.53730
Epoch [70] Testing Class Recall: [0.502,0.837,0.549,0.245,0.391,0.081,0.209,0.210,0.172,0.117]
Epoch [71] Training Results: Prec@1 85.393 Prec@5 99.271             Loss 0.44539
Epoch [71] Training Class Recall: [0.786,0.874,0.819,0.835,0.859,0.852,0.875,0.876,0.900,0.914]
Epoch [71] Testing Results: Prec@1 31.710 Prec@5 73.910             Loss 4.07206
Epoch [71] Testing Class Recall: [0.517,0.702,0.123,0.439,0.146,0.254,0.223,0.649,0.079,0.039]
Epoch [72] Training Results: Prec@1 84.850 Prec@5 99.361             Loss 0.45526
Epoch [72] Training Class Recall: [0.782,0.868,0.807,0.831,0.863,0.851,0.875,0.878,0.874,0.906]
Epoch [72] Testing Results: Prec@1 32.950 Prec@5 73.020             Loss 3.99005
Epoch [72] Testing Class Recall: [0.504,0.771,0.332,0.265,0.409,0.168,0.273,0.106,0.415,0.052]
Epoch [73] Training Results: Prec@1 84.989 Prec@5 99.343             Loss 0.46154
Epoch [73] Training Class Recall: [0.787,0.877,0.801,0.848,0.859,0.849,0.867,0.874,0.893,0.887]
Epoch [73] Testing Results: Prec@1 32.200 Prec@5 74.130             Loss 3.86493
Epoch [73] Testing Class Recall: [0.519,0.777,0.302,0.455,0.184,0.170,0.117,0.407,0.217,0.072]
Epoch [74] Training Results: Prec@1 84.418 Prec@5 99.332             Loss 0.46991
Epoch [74] Training Class Recall: [0.782,0.871,0.803,0.824,0.845,0.854,0.865,0.875,0.884,0.887]
Epoch [74] Testing Results: Prec@1 33.230 Prec@5 73.600             Loss 3.76894
Epoch [74] Testing Class Recall: [0.457,0.820,0.218,0.227,0.249,0.403,0.374,0.211,0.073,0.291]
Epoch [75] Training Results: Prec@1 85.143 Prec@5 99.279             Loss 0.44799
Epoch [75] Training Class Recall: [0.789,0.875,0.811,0.833,0.860,0.863,0.875,0.880,0.888,0.887]
Epoch [75] Testing Results: Prec@1 30.950 Prec@5 69.580             Loss 4.17101
Epoch [75] Testing Class Recall: [0.564,0.639,0.475,0.333,0.219,0.079,0.334,0.340,0.055,0.057]
Epoch [76] Training Results: Prec@1 84.811 Prec@5 99.282             Loss 0.46201
Epoch [76] Training Class Recall: [0.793,0.861,0.818,0.829,0.851,0.847,0.865,0.881,0.889,0.889]
Epoch [76] Testing Results: Prec@1 33.630 Prec@5 70.610             Loss 3.76072
Epoch [76] Testing Class Recall: [0.616,0.850,0.351,0.374,0.408,0.036,0.245,0.210,0.194,0.079]
Epoch [77] Training Results: Prec@1 85.639 Prec@5 99.379             Loss 0.43735
Epoch [77] Training Class Recall: [0.796,0.877,0.819,0.846,0.854,0.859,0.881,0.882,0.890,0.906]
Epoch [77] Testing Results: Prec@1 30.980 Prec@5 68.600             Loss 4.77460
Epoch [77] Testing Class Recall: [0.730,0.718,0.164,0.136,0.375,0.670,0.016,0.074,0.093,0.122]
Epoch [78] Training Results: Prec@1 85.218 Prec@5 99.275             Loss 0.45880
Epoch [78] Training Class Recall: [0.787,0.876,0.821,0.836,0.858,0.859,0.866,0.875,0.882,0.906]
Epoch [78] Testing Results: Prec@1 33.170 Prec@5 73.590             Loss 3.55694
Epoch [78] Testing Class Recall: [0.687,0.703,0.376,0.159,0.292,0.390,0.213,0.148,0.187,0.162]
Epoch [79] Training Results: Prec@1 84.586 Prec@5 99.346             Loss 0.46917
Epoch [79] Training Class Recall: [0.777,0.865,0.816,0.834,0.846,0.853,0.873,0.867,0.879,0.895]
Epoch [79] Testing Results: Prec@1 32.750 Prec@5 73.480             Loss 3.71073
Epoch [79] Testing Class Recall: [0.446,0.805,0.344,0.488,0.288,0.185,0.303,0.150,0.084,0.182]
Epoch [80] Training Results: Prec@1 85.364 Prec@5 99.314             Loss 0.44655
Epoch [80] Training Class Recall: [0.795,0.870,0.817,0.839,0.844,0.870,0.880,0.886,0.893,0.890]
Epoch [80] Testing Results: Prec@1 33.360 Prec@5 71.110             Loss 3.87310
Epoch [80] Testing Class Recall: [0.563,0.843,0.316,0.323,0.685,0.210,0.172,0.072,0.113,0.039]
Epoch [81] Training Results: Prec@1 85.954 Prec@5 99.364             Loss 0.43227
Epoch [81] Training Class Recall: [0.793,0.886,0.829,0.847,0.862,0.873,0.876,0.876,0.893,0.904]
Epoch [81] Testing Results: Prec@1 33.720 Prec@5 73.450             Loss 3.78351
Epoch [81] Testing Class Recall: [0.610,0.890,0.316,0.259,0.325,0.243,0.194,0.284,0.067,0.184]
Epoch [82] Training Results: Prec@1 85.604 Prec@5 99.411             Loss 0.43537
Epoch [82] Training Class Recall: [0.799,0.880,0.823,0.847,0.859,0.858,0.875,0.875,0.889,0.898]
Epoch [82] Testing Results: Prec@1 31.800 Prec@5 73.470             Loss 4.32907
Epoch [82] Testing Class Recall: [0.325,0.839,0.313,0.611,0.209,0.101,0.188,0.335,0.175,0.084]
Epoch [83] Training Results: Prec@1 85.182 Prec@5 99.332             Loss 0.44671
Epoch [83] Training Class Recall: [0.784,0.871,0.823,0.843,0.866,0.860,0.867,0.874,0.889,0.884]
Epoch [83] Testing Results: Prec@1 32.700 Prec@5 73.370             Loss 3.64880
Epoch [83] Testing Class Recall: [0.538,0.687,0.227,0.308,0.148,0.492,0.220,0.386,0.089,0.175]
Epoch [84] Training Results: Prec@1 85.568 Prec@5 99.368             Loss 0.43642
Epoch [84] Training Class Recall: [0.796,0.883,0.823,0.842,0.850,0.867,0.879,0.878,0.886,0.895]
Epoch [84] Testing Results: Prec@1 29.340 Prec@5 71.040             Loss 3.85511
Epoch [84] Testing Class Recall: [0.375,0.827,0.306,0.331,0.252,0.274,0.132,0.150,0.138,0.149]
Epoch [85] Training Results: Prec@1 85.196 Prec@5 99.375             Loss 0.44244
Epoch [85] Training Class Recall: [0.785,0.884,0.817,0.824,0.867,0.848,0.880,0.874,0.884,0.905]
Epoch [85] Testing Results: Prec@1 31.790 Prec@5 72.080             Loss 3.81238
Epoch [85] Testing Class Recall: [0.457,0.876,0.329,0.323,0.191,0.400,0.250,0.075,0.068,0.210]
Epoch [86] Training Results: Prec@1 85.964 Prec@5 99.407             Loss 0.42709
Epoch [86] Training Class Recall: [0.795,0.885,0.827,0.843,0.862,0.868,0.889,0.882,0.897,0.896]
Epoch [86] Testing Results: Prec@1 32.560 Prec@5 71.000             Loss 4.06532
Epoch [86] Testing Class Recall: [0.644,0.842,0.344,0.453,0.195,0.140,0.179,0.251,0.045,0.163]
Epoch [87] Training Results: Prec@1 85.657 Prec@5 99.400             Loss 0.43712
Epoch [87] Training Class Recall: [0.794,0.878,0.821,0.846,0.856,0.863,0.870,0.892,0.897,0.895]
Epoch [87] Testing Results: Prec@1 31.480 Prec@5 70.100             Loss 3.76179
Epoch [87] Testing Class Recall: [0.623,0.766,0.448,0.267,0.200,0.172,0.281,0.195,0.112,0.084]
Epoch [88] Training Results: Prec@1 85.761 Prec@5 99.421             Loss 0.42447
Epoch [88] Training Class Recall: [0.795,0.873,0.825,0.846,0.857,0.862,0.880,0.887,0.893,0.903]
Epoch [88] Testing Results: Prec@1 31.780 Prec@5 69.700             Loss 4.05518
Epoch [88] Testing Class Recall: [0.439,0.844,0.474,0.549,0.317,0.084,0.193,0.091,0.114,0.073]
Epoch [89] Training Results: Prec@1 85.668 Prec@5 99.411             Loss 0.43298
Epoch [89] Training Class Recall: [0.786,0.882,0.826,0.843,0.870,0.853,0.887,0.878,0.888,0.900]
Epoch [89] Testing Results: Prec@1 31.660 Prec@5 71.730             Loss 4.12976
Epoch [89] Testing Class Recall: [0.419,0.901,0.129,0.520,0.173,0.226,0.448,0.231,0.012,0.107]
Epoch [90] Training Results: Prec@1 85.064 Prec@5 99.350             Loss 0.45027
Epoch [90] Training Class Recall: [0.793,0.873,0.815,0.844,0.841,0.860,0.888,0.868,0.872,0.895]
Epoch [90] Testing Results: Prec@1 36.060 Prec@5 72.430             Loss 4.24786
Epoch [90] Testing Class Recall: [0.748,0.817,0.261,0.391,0.371,0.296,0.328,0.350,0.025,0.019]
Epoch [91] Training Results: Prec@1 85.925 Prec@5 99.357             Loss 0.42923
Epoch [91] Training Class Recall: [0.795,0.886,0.832,0.847,0.856,0.864,0.869,0.881,0.901,0.904]
Epoch [91] Testing Results: Prec@1 32.970 Prec@5 73.420             Loss 3.41601
Epoch [91] Testing Class Recall: [0.442,0.754,0.269,0.364,0.420,0.248,0.205,0.344,0.135,0.116]
Epoch [92] Training Results: Prec@1 85.789 Prec@5 99.386             Loss 0.42914
Epoch [92] Training Class Recall: [0.807,0.884,0.822,0.848,0.853,0.862,0.878,0.873,0.897,0.895]
Epoch [92] Testing Results: Prec@1 29.430 Prec@5 70.890             Loss 4.91428
Epoch [92] Testing Class Recall: [0.271,0.700,0.231,0.064,0.516,0.363,0.083,0.536,0.088,0.091]
Epoch [93] Training Results: Prec@1 86.561 Prec@5 99.382             Loss 0.42081
Epoch [93] Training Class Recall: [0.802,0.883,0.831,0.854,0.875,0.868,0.888,0.893,0.900,0.907]
Epoch [93] Testing Results: Prec@1 33.040 Prec@5 74.450             Loss 3.83116
Epoch [93] Testing Class Recall: [0.459,0.754,0.259,0.167,0.289,0.252,0.482,0.385,0.166,0.091]
Epoch [94] Training Results: Prec@1 85.814 Prec@5 99.418             Loss 0.42789
Epoch [94] Training Class Recall: [0.800,0.884,0.831,0.844,0.861,0.860,0.881,0.875,0.884,0.901]
Epoch [94] Testing Results: Prec@1 31.870 Prec@5 69.710             Loss 4.19144
Epoch [94] Testing Class Recall: [0.467,0.879,0.541,0.281,0.267,0.102,0.121,0.433,0.027,0.069]
Epoch [95] Training Results: Prec@1 85.704 Prec@5 99.379             Loss 0.43459
Epoch [95] Training Class Recall: [0.798,0.883,0.823,0.845,0.853,0.865,0.878,0.880,0.891,0.897]
Epoch [95] Testing Results: Prec@1 31.010 Prec@5 70.040             Loss 4.05003
Epoch [95] Testing Class Recall: [0.566,0.920,0.249,0.396,0.166,0.288,0.108,0.257,0.124,0.027]
Epoch [96] Training Results: Prec@1 85.914 Prec@5 99.464             Loss 0.42672
Epoch [96] Training Class Recall: [0.804,0.878,0.829,0.838,0.863,0.858,0.877,0.890,0.898,0.899]
Epoch [96] Testing Results: Prec@1 33.230 Prec@5 70.070             Loss 3.92799
Epoch [96] Testing Class Recall: [0.731,0.753,0.373,0.319,0.333,0.189,0.381,0.130,0.062,0.052]
Epoch [97] Training Results: Prec@1 86.525 Prec@5 99.446             Loss 0.40556
Epoch [97] Training Class Recall: [0.814,0.885,0.835,0.853,0.864,0.863,0.874,0.890,0.909,0.904]
Epoch [97] Testing Results: Prec@1 32.400 Prec@5 74.190             Loss 3.85739
Epoch [97] Testing Class Recall: [0.453,0.850,0.268,0.323,0.253,0.183,0.330,0.280,0.249,0.051]
Epoch [98] Training Results: Prec@1 86.625 Prec@5 99.393             Loss 0.41060
Epoch [98] Training Class Recall: [0.806,0.888,0.842,0.850,0.875,0.859,0.886,0.890,0.901,0.907]
Epoch [98] Testing Results: Prec@1 33.510 Prec@5 72.110             Loss 4.35650
Epoch [98] Testing Class Recall: [0.394,0.801,0.559,0.299,0.215,0.203,0.460,0.301,0.070,0.049]
Epoch [99] Training Results: Prec@1 86.082 Prec@5 99.454             Loss 0.42423
Epoch [99] Training Class Recall: [0.807,0.882,0.826,0.848,0.863,0.865,0.883,0.882,0.893,0.900]
Epoch [99] Testing Results: Prec@1 31.760 Prec@5 73.800             Loss 3.58471
Epoch [99] Testing Class Recall: [0.553,0.587,0.448,0.308,0.280,0.131,0.518,0.163,0.139,0.049]
Epoch [100] Training Results: Prec@1 86.218 Prec@5 99.393             Loss 0.41992
Epoch [100] Training Class Recall: [0.802,0.885,0.837,0.855,0.860,0.863,0.879,0.883,0.901,0.897]
Epoch [100] Testing Results: Prec@1 32.050 Prec@5 72.460             Loss 3.96880
Epoch [100] Testing Class Recall: [0.521,0.865,0.236,0.252,0.538,0.245,0.089,0.139,0.055,0.265]
Epoch [101] Training Results: Prec@1 86.361 Prec@5 99.446             Loss 0.41040
Epoch [101] Training Class Recall: [0.805,0.886,0.834,0.848,0.867,0.864,0.886,0.892,0.896,0.901]
Epoch [101] Testing Results: Prec@1 32.600 Prec@5 70.840             Loss 4.33954
Epoch [101] Testing Class Recall: [0.599,0.931,0.425,0.275,0.251,0.362,0.024,0.196,0.055,0.142]
Epoch [102] Training Results: Prec@1 86.682 Prec@5 99.471             Loss 0.40158
Epoch [102] Training Class Recall: [0.815,0.891,0.838,0.843,0.875,0.872,0.889,0.890,0.891,0.902]
Epoch [102] Testing Results: Prec@1 33.380 Prec@5 72.650             Loss 4.20209
Epoch [102] Testing Class Recall: [0.474,0.754,0.427,0.444,0.103,0.340,0.385,0.051,0.146,0.214]
Epoch [103] Training Results: Prec@1 86.325 Prec@5 99.554             Loss 0.41628
Epoch [103] Training Class Recall: [0.808,0.881,0.832,0.855,0.859,0.868,0.880,0.884,0.899,0.908]
Epoch [103] Testing Results: Prec@1 32.220 Prec@5 70.060             Loss 4.33176
Epoch [103] Testing Class Recall: [0.748,0.883,0.297,0.140,0.308,0.405,0.077,0.221,0.074,0.069]
Epoch [104] Training Results: Prec@1 86.032 Prec@5 99.429             Loss 0.41924
Epoch [104] Training Class Recall: [0.805,0.883,0.833,0.850,0.858,0.861,0.878,0.877,0.893,0.904]
Epoch [104] Testing Results: Prec@1 29.880 Prec@5 66.440             Loss 4.64013
Epoch [104] Testing Class Recall: [0.480,0.885,0.729,0.179,0.235,0.154,0.080,0.158,0.074,0.014]
Epoch [105] Training Results: Prec@1 86.314 Prec@5 99.504             Loss 0.41472
Epoch [105] Training Class Recall: [0.803,0.890,0.837,0.846,0.868,0.873,0.874,0.888,0.897,0.893]
Epoch [105] Testing Results: Prec@1 35.030 Prec@5 77.880             Loss 3.69546
Epoch [105] Testing Class Recall: [0.611,0.658,0.281,0.415,0.228,0.377,0.225,0.275,0.190,0.243]
Epoch [106] Training Results: Prec@1 86.136 Prec@5 99.443             Loss 0.42114
Epoch [106] Training Class Recall: [0.800,0.890,0.828,0.855,0.854,0.869,0.878,0.886,0.888,0.907]
Epoch [106] Testing Results: Prec@1 32.150 Prec@5 71.880             Loss 4.02587
Epoch [106] Testing Class Recall: [0.557,0.769,0.216,0.211,0.531,0.375,0.270,0.109,0.131,0.046]
Epoch [107] Training Results: Prec@1 86.729 Prec@5 99.518             Loss 0.39549
Epoch [107] Training Class Recall: [0.802,0.886,0.837,0.859,0.875,0.872,0.886,0.890,0.902,0.907]
Epoch [107] Testing Results: Prec@1 33.490 Prec@5 69.160             Loss 4.09467
Epoch [107] Testing Class Recall: [0.615,0.787,0.545,0.349,0.412,0.134,0.097,0.283,0.114,0.013]
Epoch [108] Training Results: Prec@1 86.471 Prec@5 99.479             Loss 0.41078
Epoch [108] Training Class Recall: [0.811,0.891,0.833,0.844,0.873,0.876,0.872,0.892,0.886,0.907]
Epoch [108] Testing Results: Prec@1 33.010 Prec@5 70.110             Loss 4.47690
Epoch [108] Testing Class Recall: [0.743,0.831,0.508,0.171,0.385,0.113,0.313,0.092,0.132,0.013]
Epoch [109] Training Results: Prec@1 86.450 Prec@5 99.514             Loss 0.40627
Epoch [109] Training Class Recall: [0.811,0.889,0.837,0.848,0.859,0.876,0.891,0.887,0.889,0.897]
Epoch [109] Testing Results: Prec@1 33.490 Prec@5 75.950             Loss 3.75921
Epoch [109] Testing Class Recall: [0.493,0.804,0.265,0.319,0.180,0.339,0.322,0.413,0.115,0.099]
Epoch [110] Training Results: Prec@1 87.007 Prec@5 99.504             Loss 0.39229
Epoch [110] Training Class Recall: [0.809,0.883,0.845,0.852,0.873,0.880,0.879,0.902,0.904,0.915]
Epoch [110] Testing Results: Prec@1 34.190 Prec@5 76.160             Loss 3.61674
Epoch [110] Testing Class Recall: [0.508,0.750,0.322,0.245,0.327,0.352,0.258,0.293,0.115,0.249]
Epoch [111] Training Results: Prec@1 86.346 Prec@5 99.475             Loss 0.41178
Epoch [111] Training Class Recall: [0.811,0.884,0.833,0.855,0.857,0.869,0.873,0.885,0.902,0.904]
Epoch [111] Testing Results: Prec@1 35.220 Prec@5 76.780             Loss 3.96009
Epoch [111] Testing Class Recall: [0.361,0.725,0.494,0.262,0.370,0.493,0.291,0.301,0.069,0.156]
Epoch [112] Training Results: Prec@1 86.700 Prec@5 99.514             Loss 0.40668
Epoch [112] Training Class Recall: [0.814,0.882,0.845,0.853,0.861,0.857,0.895,0.891,0.904,0.907]
Epoch [112] Testing Results: Prec@1 32.780 Prec@5 75.180             Loss 3.82192
Epoch [112] Testing Class Recall: [0.581,0.720,0.186,0.382,0.340,0.294,0.296,0.063,0.186,0.230]
Epoch [113] Training Results: Prec@1 86.254 Prec@5 99.536             Loss 0.41322
Epoch [113] Training Class Recall: [0.805,0.881,0.832,0.853,0.874,0.869,0.872,0.887,0.895,0.897]
Epoch [113] Testing Results: Prec@1 31.270 Prec@5 70.490             Loss 4.38880
Epoch [113] Testing Class Recall: [0.519,0.897,0.342,0.278,0.322,0.310,0.171,0.125,0.099,0.064]
Epoch [114] Training Results: Prec@1 86.400 Prec@5 99.457             Loss 0.41266
Epoch [114] Training Class Recall: [0.814,0.883,0.835,0.843,0.871,0.858,0.886,0.900,0.893,0.896]
Epoch [114] Testing Results: Prec@1 34.400 Prec@5 75.410             Loss 3.50383
Epoch [114] Testing Class Recall: [0.583,0.766,0.306,0.315,0.425,0.242,0.249,0.190,0.210,0.154]
Epoch [115] Training Results: Prec@1 86.996 Prec@5 99.571             Loss 0.39646
Epoch [115] Training Class Recall: [0.817,0.898,0.831,0.863,0.870,0.869,0.895,0.887,0.899,0.911]
Epoch [115] Testing Results: Prec@1 33.570 Prec@5 69.880             Loss 4.60036
Epoch [115] Testing Class Recall: [0.609,0.921,0.238,0.360,0.418,0.151,0.366,0.222,0.056,0.016]
Epoch [116] Training Results: Prec@1 86.921 Prec@5 99.550             Loss 0.39809
Epoch [116] Training Class Recall: [0.819,0.896,0.840,0.853,0.867,0.871,0.890,0.892,0.905,0.899]
Epoch [116] Testing Results: Prec@1 29.230 Prec@5 74.010             Loss 3.99859
Epoch [116] Testing Class Recall: [0.440,0.748,0.404,0.150,0.231,0.247,0.139,0.102,0.283,0.179]
Epoch [117] Training Results: Prec@1 86.943 Prec@5 99.521             Loss 0.39854
Epoch [117] Training Class Recall: [0.815,0.892,0.841,0.849,0.880,0.877,0.891,0.884,0.899,0.905]
Epoch [117] Testing Results: Prec@1 35.420 Prec@5 73.800             Loss 3.96913
Epoch [117] Testing Class Recall: [0.575,0.874,0.402,0.462,0.349,0.072,0.273,0.286,0.171,0.078]
Epoch [118] Training Results: Prec@1 87.046 Prec@5 99.479             Loss 0.39663
Epoch [118] Training Class Recall: [0.822,0.890,0.833,0.857,0.868,0.873,0.888,0.896,0.908,0.911]
Epoch [118] Testing Results: Prec@1 34.290 Prec@5 73.820             Loss 3.92782
Epoch [118] Testing Class Recall: [0.608,0.913,0.361,0.308,0.419,0.280,0.216,0.146,0.100,0.078]
Epoch [119] Training Results: Prec@1 86.925 Prec@5 99.514             Loss 0.39309
Epoch [119] Training Class Recall: [0.815,0.895,0.838,0.851,0.875,0.873,0.882,0.895,0.894,0.911]
Epoch [119] Testing Results: Prec@1 32.450 Prec@5 72.420             Loss 4.20642
Epoch [119] Testing Class Recall: [0.641,0.672,0.109,0.367,0.335,0.349,0.108,0.536,0.084,0.044]
Epoch [120] Training Results: Prec@1 87.039 Prec@5 99.564             Loss 0.39351
Epoch [120] Training Class Recall: [0.818,0.893,0.837,0.868,0.869,0.878,0.879,0.889,0.902,0.908]
Epoch [120] Testing Results: Prec@1 32.410 Prec@5 72.930             Loss 3.80921
Epoch [120] Testing Class Recall: [0.498,0.838,0.260,0.368,0.184,0.348,0.218,0.379,0.083,0.065]
Epoch [121] Training Results: Prec@1 87.125 Prec@5 99.568             Loss 0.39359
Epoch [121] Training Class Recall: [0.821,0.893,0.844,0.853,0.876,0.875,0.890,0.894,0.897,0.905]
Epoch [121] Testing Results: Prec@1 30.890 Prec@5 72.390             Loss 4.23453
Epoch [121] Testing Class Recall: [0.360,0.751,0.177,0.679,0.319,0.038,0.204,0.253,0.138,0.170]
Epoch [122] Training Results: Prec@1 86.875 Prec@5 99.539             Loss 0.39426
Epoch [122] Training Class Recall: [0.818,0.899,0.837,0.863,0.860,0.870,0.892,0.879,0.904,0.904]
Epoch [122] Testing Results: Prec@1 34.020 Prec@5 74.630             Loss 3.97286
Epoch [122] Testing Class Recall: [0.463,0.887,0.484,0.203,0.404,0.306,0.225,0.165,0.142,0.123]
Epoch [123] Training Results: Prec@1 87.682 Prec@5 99.596             Loss 0.37798
Epoch [123] Training Class Recall: [0.829,0.896,0.841,0.864,0.875,0.872,0.893,0.896,0.921,0.922]
Epoch [123] Testing Results: Prec@1 32.530 Prec@5 70.230             Loss 4.15530
Epoch [123] Testing Class Recall: [0.658,0.809,0.512,0.222,0.285,0.238,0.250,0.106,0.025,0.148]
Epoch [124] Training Results: Prec@1 87.204 Prec@5 99.568             Loss 0.39109
Epoch [124] Training Class Recall: [0.813,0.894,0.847,0.864,0.874,0.876,0.891,0.886,0.909,0.904]
Epoch [124] Testing Results: Prec@1 33.340 Prec@5 76.010             Loss 3.63201
Epoch [124] Testing Class Recall: [0.611,0.700,0.233,0.312,0.267,0.175,0.347,0.271,0.188,0.230]
Epoch [125] Training Results: Prec@1 87.289 Prec@5 99.529             Loss 0.38527
Epoch [125] Training Class Recall: [0.814,0.899,0.840,0.870,0.875,0.881,0.890,0.890,0.900,0.908]
Epoch [125] Testing Results: Prec@1 31.310 Prec@5 71.510             Loss 4.16808
Epoch [125] Testing Class Recall: [0.730,0.667,0.362,0.394,0.384,0.100,0.189,0.058,0.072,0.175]
Epoch [126] Training Results: Prec@1 87.439 Prec@5 99.589             Loss 0.38137
Epoch [126] Training Class Recall: [0.819,0.895,0.852,0.867,0.879,0.875,0.890,0.885,0.902,0.914]
Epoch [126] Testing Results: Prec@1 33.860 Prec@5 74.410             Loss 3.89811
Epoch [126] Testing Class Recall: [0.451,0.890,0.269,0.211,0.114,0.371,0.467,0.401,0.078,0.134]
Epoch [127] Training Results: Prec@1 86.932 Prec@5 99.582             Loss 0.39385
Epoch [127] Training Class Recall: [0.813,0.894,0.841,0.860,0.864,0.883,0.891,0.880,0.905,0.901]
Epoch [127] Testing Results: Prec@1 31.960 Prec@5 74.550             Loss 4.00480
Epoch [127] Testing Class Recall: [0.550,0.714,0.374,0.472,0.127,0.132,0.092,0.339,0.216,0.180]
Epoch [128] Training Results: Prec@1 87.200 Prec@5 99.550             Loss 0.38467
Epoch [128] Training Class Recall: [0.822,0.900,0.846,0.853,0.869,0.879,0.883,0.894,0.904,0.906]
Epoch [128] Testing Results: Prec@1 35.000 Prec@5 75.520             Loss 3.78502
Epoch [128] Testing Class Recall: [0.407,0.848,0.268,0.136,0.454,0.421,0.538,0.190,0.133,0.105]
Epoch [129] Training Results: Prec@1 87.243 Prec@5 99.525             Loss 0.38633
Epoch [129] Training Class Recall: [0.805,0.895,0.854,0.864,0.875,0.882,0.888,0.897,0.900,0.901]
Epoch [129] Testing Results: Prec@1 35.670 Prec@5 75.440             Loss 3.71197
Epoch [129] Testing Class Recall: [0.567,0.812,0.448,0.450,0.217,0.226,0.166,0.366,0.181,0.134]
Epoch [130] Training Results: Prec@1 87.318 Prec@5 99.564             Loss 0.38633
Epoch [130] Training Class Recall: [0.820,0.895,0.850,0.858,0.871,0.880,0.893,0.895,0.899,0.908]
Epoch [130] Testing Results: Prec@1 34.760 Prec@5 72.820             Loss 4.25231
Epoch [130] Testing Class Recall: [0.774,0.731,0.474,0.500,0.282,0.061,0.296,0.239,0.092,0.027]
Epoch [131] Training Results: Prec@1 87.111 Prec@5 99.550             Loss 0.38775
Epoch [131] Training Class Recall: [0.823,0.895,0.847,0.855,0.872,0.882,0.886,0.891,0.886,0.907]
Epoch [131] Testing Results: Prec@1 34.700 Prec@5 74.290             Loss 3.88356
Epoch [131] Testing Class Recall: [0.688,0.741,0.227,0.467,0.463,0.341,0.280,0.115,0.086,0.062]
Epoch [132] Training Results: Prec@1 87.268 Prec@5 99.536             Loss 0.38342
Epoch [132] Training Class Recall: [0.816,0.898,0.852,0.849,0.876,0.870,0.894,0.893,0.905,0.913]
Epoch [132] Testing Results: Prec@1 32.610 Prec@5 75.960             Loss 4.00937
Epoch [132] Testing Class Recall: [0.524,0.781,0.418,0.231,0.248,0.188,0.172,0.204,0.090,0.405]
Epoch [133] Training Results: Prec@1 87.175 Prec@5 99.582             Loss 0.38893
Epoch [133] Training Class Recall: [0.820,0.903,0.843,0.854,0.869,0.870,0.895,0.895,0.902,0.904]
Epoch [133] Testing Results: Prec@1 35.500 Prec@5 74.600             Loss 3.43090
Epoch [133] Testing Class Recall: [0.543,0.825,0.402,0.378,0.354,0.317,0.208,0.281,0.136,0.106]
Epoch [134] Training Results: Prec@1 87.507 Prec@5 99.579             Loss 0.37482
Epoch [134] Training Class Recall: [0.814,0.891,0.843,0.868,0.868,0.883,0.896,0.906,0.906,0.919]
Epoch [134] Testing Results: Prec@1 34.100 Prec@5 78.400             Loss 3.86859
Epoch [134] Testing Class Recall: [0.476,0.762,0.332,0.405,0.320,0.267,0.306,0.216,0.122,0.204]
Epoch [135] Training Results: Prec@1 87.093 Prec@5 99.557             Loss 0.38772
Epoch [135] Training Class Recall: [0.826,0.894,0.848,0.851,0.868,0.870,0.881,0.899,0.906,0.902]
Epoch [135] Testing Results: Prec@1 32.300 Prec@5 73.880             Loss 3.83776
Epoch [135] Testing Class Recall: [0.478,0.730,0.396,0.490,0.229,0.074,0.247,0.352,0.195,0.039]
Epoch [136] Training Results: Prec@1 87.154 Prec@5 99.514             Loss 0.38930
Epoch [136] Training Class Recall: [0.818,0.892,0.842,0.869,0.883,0.873,0.886,0.886,0.903,0.898]
Epoch [136] Testing Results: Prec@1 34.450 Prec@5 75.470             Loss 3.83109
Epoch [136] Testing Class Recall: [0.561,0.727,0.496,0.310,0.210,0.231,0.234,0.466,0.153,0.057]
Epoch [137] Training Results: Prec@1 87.918 Prec@5 99.579             Loss 0.36594
Epoch [137] Training Class Recall: [0.831,0.903,0.850,0.861,0.882,0.888,0.899,0.898,0.902,0.915]
Epoch [137] Testing Results: Prec@1 32.550 Prec@5 73.610             Loss 3.77335
Epoch [137] Testing Class Recall: [0.597,0.674,0.199,0.157,0.528,0.026,0.357,0.328,0.283,0.106]
Epoch [138] Training Results: Prec@1 87.414 Prec@5 99.614             Loss 0.38303
Epoch [138] Training Class Recall: [0.821,0.902,0.848,0.870,0.869,0.873,0.895,0.887,0.907,0.905]
Epoch [138] Testing Results: Prec@1 30.640 Prec@5 75.400             Loss 4.21583
Epoch [138] Testing Class Recall: [0.371,0.578,0.357,0.232,0.557,0.043,0.216,0.208,0.196,0.306]
Epoch [139] Training Results: Prec@1 87.325 Prec@5 99.518             Loss 0.38414
Epoch [139] Training Class Recall: [0.827,0.897,0.850,0.858,0.872,0.873,0.889,0.883,0.911,0.909]
Epoch [139] Testing Results: Prec@1 33.610 Prec@5 74.650             Loss 3.79492
Epoch [139] Testing Class Recall: [0.565,0.785,0.384,0.385,0.230,0.226,0.262,0.237,0.105,0.182]
Epoch [140] Training Results: Prec@1 87.411 Prec@5 99.579             Loss 0.38144
Epoch [140] Training Class Recall: [0.820,0.894,0.852,0.863,0.875,0.889,0.883,0.897,0.893,0.909]
Epoch [140] Testing Results: Prec@1 31.790 Prec@5 75.540             Loss 3.92131
Epoch [140] Testing Class Recall: [0.417,0.705,0.263,0.127,0.172,0.381,0.390,0.371,0.215,0.138]
Epoch [141] Training Results: Prec@1 87.150 Prec@5 99.582             Loss 0.38982
Epoch [141] Training Class Recall: [0.827,0.896,0.845,0.860,0.870,0.865,0.889,0.896,0.909,0.891]
Epoch [141] Testing Results: Prec@1 33.990 Prec@5 71.760             Loss 4.27876
Epoch [141] Testing Class Recall: [0.716,0.878,0.154,0.243,0.552,0.314,0.117,0.296,0.059,0.070]
Epoch [142] Training Results: Prec@1 87.254 Prec@5 99.557             Loss 0.38112
Epoch [142] Training Class Recall: [0.824,0.901,0.848,0.853,0.868,0.871,0.880,0.897,0.903,0.914]
Epoch [142] Testing Results: Prec@1 34.680 Prec@5 74.440             Loss 4.05199
Epoch [142] Testing Class Recall: [0.348,0.788,0.402,0.340,0.506,0.235,0.453,0.258,0.101,0.037]
Epoch [143] Training Results: Prec@1 87.546 Prec@5 99.539             Loss 0.37496
Epoch [143] Training Class Recall: [0.823,0.897,0.850,0.866,0.887,0.888,0.885,0.892,0.898,0.901]
Epoch [143] Testing Results: Prec@1 32.320 Prec@5 72.760             Loss 3.71711
Epoch [143] Testing Class Recall: [0.622,0.790,0.397,0.313,0.219,0.074,0.291,0.200,0.076,0.250]
Epoch [144] Training Results: Prec@1 87.654 Prec@5 99.579             Loss 0.37528
Epoch [144] Training Class Recall: [0.827,0.890,0.855,0.867,0.875,0.887,0.889,0.901,0.902,0.906]
Epoch [144] Testing Results: Prec@1 32.590 Prec@5 71.600             Loss 4.47297
Epoch [144] Testing Class Recall: [0.358,0.954,0.234,0.493,0.454,0.192,0.280,0.189,0.070,0.035]
Epoch [145] Training Results: Prec@1 87.368 Prec@5 99.554             Loss 0.38527
Epoch [145] Training Class Recall: [0.819,0.903,0.846,0.870,0.875,0.871,0.899,0.887,0.894,0.906]
Epoch [145] Testing Results: Prec@1 33.480 Prec@5 75.040             Loss 3.78334
Epoch [145] Testing Class Recall: [0.573,0.712,0.067,0.462,0.389,0.278,0.254,0.315,0.248,0.050]
Epoch [146] Training Results: Prec@1 87.996 Prec@5 99.632             Loss 0.35731
Epoch [146] Training Class Recall: [0.832,0.905,0.856,0.873,0.877,0.875,0.891,0.894,0.918,0.912]
Epoch [146] Testing Results: Prec@1 30.570 Prec@5 71.610             Loss 4.61314
Epoch [146] Testing Class Recall: [0.689,0.872,0.234,0.184,0.102,0.443,0.236,0.086,0.102,0.109]
Epoch [147] Training Results: Prec@1 87.232 Prec@5 99.579             Loss 0.38602
Epoch [147] Training Class Recall: [0.816,0.897,0.840,0.860,0.877,0.878,0.897,0.889,0.899,0.911]
Epoch [147] Testing Results: Prec@1 31.420 Prec@5 72.940             Loss 4.76199
Epoch [147] Testing Class Recall: [0.340,0.927,0.657,0.185,0.234,0.039,0.412,0.105,0.187,0.056]
Epoch [148] Training Results: Prec@1 87.721 Prec@5 99.579             Loss 0.37057
Epoch [148] Training Class Recall: [0.829,0.904,0.850,0.859,0.875,0.878,0.892,0.902,0.908,0.911]
Epoch [148] Testing Results: Prec@1 30.420 Prec@5 71.150             Loss 4.34709
Epoch [148] Testing Class Recall: [0.639,0.665,0.669,0.301,0.148,0.125,0.208,0.149,0.116,0.022]
Epoch [149] Training Results: Prec@1 87.546 Prec@5 99.571             Loss 0.37825
Epoch [149] Training Class Recall: [0.831,0.898,0.850,0.861,0.872,0.882,0.896,0.896,0.902,0.899]
Epoch [149] Testing Results: Prec@1 31.890 Prec@5 69.760             Loss 4.04556
Epoch [149] Testing Class Recall: [0.587,0.830,0.487,0.202,0.495,0.124,0.168,0.106,0.088,0.102]
Epoch [150] Training Results: Prec@1 87.461 Prec@5 99.604             Loss 0.38153
Epoch [150] Training Class Recall: [0.832,0.895,0.846,0.859,0.867,0.879,0.889,0.897,0.911,0.906]
Epoch [150] Testing Results: Prec@1 34.270 Prec@5 74.340             Loss 4.09295
Epoch [150] Testing Class Recall: [0.495,0.833,0.301,0.270,0.316,0.449,0.193,0.444,0.085,0.041]
Epoch [151] Training Results: Prec@1 87.921 Prec@5 99.532             Loss 0.37024
Epoch [151] Training Class Recall: [0.830,0.894,0.851,0.869,0.878,0.888,0.898,0.904,0.904,0.913]
Epoch [151] Testing Results: Prec@1 34.340 Prec@5 75.670             Loss 3.80754
Epoch [151] Testing Class Recall: [0.565,0.784,0.379,0.282,0.419,0.190,0.305,0.273,0.115,0.122]
Epoch [152] Training Results: Prec@1 88.068 Prec@5 99.529             Loss 0.36321
Epoch [152] Training Class Recall: [0.835,0.900,0.856,0.864,0.883,0.878,0.905,0.897,0.907,0.914]
Epoch [152] Testing Results: Prec@1 34.530 Prec@5 75.430             Loss 3.81377
Epoch [152] Testing Class Recall: [0.441,0.733,0.367,0.465,0.311,0.066,0.361,0.438,0.188,0.083]
Epoch [153] Training Results: Prec@1 87.339 Prec@5 99.543             Loss 0.38060
Epoch [153] Training Class Recall: [0.829,0.900,0.846,0.860,0.882,0.873,0.885,0.888,0.902,0.901]
Epoch [153] Testing Results: Prec@1 31.130 Prec@5 74.270             Loss 3.87221
Epoch [153] Testing Class Recall: [0.435,0.794,0.418,0.265,0.220,0.162,0.122,0.387,0.058,0.252]
Epoch [154] Training Results: Prec@1 88.293 Prec@5 99.582             Loss 0.35584
Epoch [154] Training Class Recall: [0.832,0.898,0.855,0.873,0.886,0.887,0.894,0.907,0.915,0.919]
Epoch [154] Testing Results: Prec@1 31.560 Prec@5 73.490             Loss 4.05106
Epoch [154] Testing Class Recall: [0.651,0.800,0.267,0.327,0.180,0.289,0.078,0.212,0.252,0.100]
Epoch [155] Training Results: Prec@1 87.954 Prec@5 99.636             Loss 0.36751
Epoch [155] Training Class Recall: [0.837,0.892,0.859,0.864,0.878,0.885,0.904,0.887,0.911,0.912]
Epoch [155] Testing Results: Prec@1 32.690 Prec@5 73.100             Loss 4.12606
Epoch [155] Testing Class Recall: [0.376,0.875,0.448,0.259,0.089,0.523,0.216,0.216,0.189,0.078]
Epoch [156] Training Results: Prec@1 88.175 Prec@5 99.564             Loss 0.36438
Epoch [156] Training Class Recall: [0.842,0.908,0.861,0.868,0.885,0.880,0.893,0.886,0.909,0.914]
Epoch [156] Testing Results: Prec@1 32.580 Prec@5 73.160             Loss 3.62000
Epoch [156] Testing Class Recall: [0.556,0.743,0.361,0.406,0.203,0.283,0.147,0.325,0.059,0.175]
Epoch [157] Training Results: Prec@1 87.796 Prec@5 99.561             Loss 0.37215
Epoch [157] Training Class Recall: [0.826,0.900,0.858,0.866,0.876,0.879,0.893,0.899,0.904,0.912]
Epoch [157] Testing Results: Prec@1 34.260 Prec@5 74.020             Loss 3.87743
Epoch [157] Testing Class Recall: [0.661,0.889,0.231,0.525,0.272,0.101,0.321,0.273,0.119,0.034]
Epoch [158] Training Results: Prec@1 88.093 Prec@5 99.575             Loss 0.35886
Epoch [158] Training Class Recall: [0.829,0.906,0.855,0.867,0.881,0.886,0.896,0.898,0.919,0.907]
Epoch [158] Testing Results: Prec@1 34.140 Prec@5 73.250             Loss 4.19905
Epoch [158] Testing Class Recall: [0.632,0.857,0.576,0.101,0.344,0.202,0.324,0.203,0.073,0.102]
Epoch [159] Training Results: Prec@1 86.768 Prec@5 99.550             Loss 0.39399
Epoch [159] Training Class Recall: [0.818,0.894,0.841,0.853,0.867,0.879,0.881,0.890,0.886,0.901]
Epoch [159] Testing Results: Prec@1 35.030 Prec@5 75.730             Loss 3.80006
Epoch [159] Testing Class Recall: [0.546,0.849,0.270,0.342,0.257,0.271,0.130,0.613,0.133,0.092]
Epoch [160] Training Results: Prec@1 91.418 Prec@5 99.800             Loss 0.26340
Epoch [160] Training Class Recall: [0.876,0.936,0.882,0.890,0.902,0.926,0.943,0.955,0.933,0.933]
Epoch [160] Testing Results: Prec@1 38.060 Prec@5 76.230             Loss 3.39193
Epoch [160] Testing Class Recall: [0.637,0.854,0.456,0.405,0.374,0.242,0.288,0.289,0.157,0.104]
Epoch [161] Training Results: Prec@1 94.546 Prec@5 99.871             Loss 0.18401
Epoch [161] Training Class Recall: [0.906,0.950,0.932,0.940,0.946,0.949,0.958,0.964,0.975,0.963]
Epoch [161] Testing Results: Prec@1 38.230 Prec@5 76.470             Loss 3.35740
Epoch [161] Testing Class Recall: [0.638,0.861,0.465,0.419,0.358,0.250,0.299,0.276,0.149,0.108]
Epoch [162] Training Results: Prec@1 95.418 Prec@5 99.918             Loss 0.15842
Epoch [162] Training Class Recall: [0.920,0.955,0.943,0.943,0.959,0.961,0.966,0.970,0.977,0.973]
Epoch [162] Testing Results: Prec@1 38.640 Prec@5 76.200             Loss 3.36218
Epoch [162] Testing Class Recall: [0.664,0.857,0.458,0.428,0.370,0.253,0.319,0.266,0.147,0.102]
Epoch [163] Training Results: Prec@1 96.143 Prec@5 99.957             Loss 0.13910
Epoch [163] Training Class Recall: [0.930,0.957,0.949,0.958,0.969,0.968,0.968,0.976,0.982,0.982]
Epoch [163] Testing Results: Prec@1 38.260 Prec@5 76.330             Loss 3.37056
Epoch [163] Testing Class Recall: [0.647,0.847,0.469,0.426,0.376,0.253,0.282,0.265,0.156,0.105]
Epoch [164] Training Results: Prec@1 96.257 Prec@5 99.943             Loss 0.13322
Epoch [164] Training Class Recall: [0.935,0.960,0.949,0.955,0.966,0.970,0.976,0.976,0.982,0.979]
Epoch [164] Testing Results: Prec@1 38.020 Prec@5 75.670             Loss 3.45386
Epoch [164] Testing Class Recall: [0.658,0.878,0.465,0.410,0.380,0.248,0.272,0.233,0.149,0.109]
Epoch [165] Training Results: Prec@1 96.686 Prec@5 99.957             Loss 0.12291
Epoch [165] Training Class Recall: [0.940,0.964,0.958,0.966,0.972,0.974,0.976,0.974,0.982,0.981]
Epoch [165] Testing Results: Prec@1 37.990 Prec@5 75.930             Loss 3.42420
Epoch [165] Testing Class Recall: [0.671,0.859,0.459,0.423,0.352,0.261,0.289,0.237,0.146,0.102]
Epoch [166] Training Results: Prec@1 96.682 Prec@5 99.943             Loss 0.11631
Epoch [166] Training Class Recall: [0.943,0.960,0.954,0.964,0.971,0.975,0.979,0.978,0.983,0.981]
Epoch [166] Testing Results: Prec@1 38.190 Prec@5 75.860             Loss 3.43694
Epoch [166] Testing Class Recall: [0.685,0.853,0.461,0.401,0.380,0.257,0.307,0.246,0.134,0.095]
Epoch [167] Training Results: Prec@1 97.071 Prec@5 99.964             Loss 0.10809
Epoch [167] Training Class Recall: [0.940,0.969,0.960,0.965,0.970,0.980,0.987,0.985,0.985,0.990]
Epoch [167] Testing Results: Prec@1 38.040 Prec@5 75.890             Loss 3.45105
Epoch [167] Testing Class Recall: [0.685,0.855,0.465,0.413,0.350,0.245,0.287,0.258,0.141,0.105]
Epoch [168] Training Results: Prec@1 97.339 Prec@5 99.939             Loss 0.10332
Epoch [168] Training Class Recall: [0.954,0.967,0.965,0.969,0.973,0.981,0.982,0.986,0.987,0.987]
Epoch [168] Testing Results: Prec@1 38.130 Prec@5 75.690             Loss 3.48506
Epoch [168] Testing Class Recall: [0.690,0.854,0.457,0.425,0.364,0.253,0.289,0.237,0.141,0.103]
Epoch [169] Training Results: Prec@1 97.404 Prec@5 99.954             Loss 0.09957
Epoch [169] Training Class Recall: [0.953,0.969,0.967,0.967,0.977,0.983,0.983,0.983,0.989,0.988]
Epoch [169] Testing Results: Prec@1 37.870 Prec@5 75.560             Loss 3.53364
Epoch [169] Testing Class Recall: [0.689,0.851,0.478,0.437,0.358,0.236,0.269,0.237,0.135,0.097]
Epoch [170] Training Results: Prec@1 97.521 Prec@5 99.946             Loss 0.09533
Epoch [170] Training Class Recall: [0.958,0.966,0.965,0.974,0.978,0.983,0.988,0.983,0.990,0.985]
Epoch [170] Testing Results: Prec@1 38.270 Prec@5 76.160             Loss 3.49430
Epoch [170] Testing Class Recall: [0.681,0.852,0.476,0.426,0.374,0.230,0.278,0.263,0.145,0.102]
Epoch [171] Training Results: Prec@1 97.557 Prec@5 99.979             Loss 0.09214
Epoch [171] Training Class Recall: [0.953,0.972,0.964,0.972,0.980,0.981,0.987,0.988,0.987,0.989]
Epoch [171] Testing Results: Prec@1 38.110 Prec@5 75.800             Loss 3.50983
Epoch [171] Testing Class Recall: [0.684,0.861,0.485,0.414,0.353,0.242,0.286,0.244,0.147,0.095]
Epoch [172] Training Results: Prec@1 97.704 Prec@5 99.964             Loss 0.08987
Epoch [172] Training Class Recall: [0.958,0.970,0.968,0.976,0.980,0.982,0.986,0.986,0.992,0.989]
Epoch [172] Testing Results: Prec@1 38.150 Prec@5 75.850             Loss 3.51463
Epoch [172] Testing Class Recall: [0.689,0.859,0.457,0.425,0.380,0.244,0.282,0.252,0.138,0.089]
Epoch [173] Training Results: Prec@1 97.832 Prec@5 99.964             Loss 0.08742
Epoch [173] Training Class Recall: [0.959,0.971,0.967,0.973,0.980,0.986,0.988,0.992,0.994,0.990]
Epoch [173] Testing Results: Prec@1 38.110 Prec@5 75.600             Loss 3.55654
Epoch [173] Testing Class Recall: [0.704,0.861,0.483,0.413,0.380,0.233,0.275,0.237,0.130,0.095]
Epoch [174] Training Results: Prec@1 97.918 Prec@5 99.975             Loss 0.08122
Epoch [174] Training Class Recall: [0.962,0.977,0.968,0.974,0.983,0.984,0.988,0.989,0.991,0.992]
Epoch [174] Testing Results: Prec@1 38.000 Prec@5 75.900             Loss 3.56905
Epoch [174] Testing Class Recall: [0.697,0.853,0.491,0.405,0.368,0.248,0.267,0.247,0.138,0.086]
Epoch [175] Training Results: Prec@1 98.021 Prec@5 99.961             Loss 0.08044
Epoch [175] Training Class Recall: [0.962,0.975,0.973,0.977,0.984,0.985,0.991,0.988,0.992,0.989]
Epoch [175] Testing Results: Prec@1 37.870 Prec@5 75.940             Loss 3.59928
Epoch [175] Testing Class Recall: [0.673,0.871,0.494,0.403,0.379,0.236,0.264,0.243,0.132,0.092]
Epoch [176] Training Results: Prec@1 97.961 Prec@5 99.986             Loss 0.07947
Epoch [176] Training Class Recall: [0.964,0.974,0.975,0.977,0.982,0.985,0.987,0.987,0.988,0.990]
Epoch [176] Testing Results: Prec@1 38.070 Prec@5 75.900             Loss 3.60933
Epoch [176] Testing Class Recall: [0.677,0.882,0.489,0.411,0.374,0.228,0.287,0.232,0.134,0.093]
Epoch [177] Training Results: Prec@1 98.011 Prec@5 99.964             Loss 0.07764
Epoch [177] Training Class Recall: [0.962,0.974,0.972,0.978,0.981,0.986,0.991,0.986,0.995,0.991]
Epoch [177] Testing Results: Prec@1 37.950 Prec@5 75.750             Loss 3.61973
Epoch [177] Testing Class Recall: [0.711,0.856,0.477,0.422,0.377,0.236,0.270,0.233,0.124,0.089]
Epoch [178] Training Results: Prec@1 97.925 Prec@5 99.968             Loss 0.07718
Epoch [178] Training Class Recall: [0.961,0.975,0.966,0.975,0.984,0.985,0.988,0.992,0.992,0.991]
Epoch [178] Testing Results: Prec@1 38.270 Prec@5 76.030             Loss 3.60413
Epoch [178] Testing Class Recall: [0.687,0.861,0.487,0.443,0.359,0.233,0.276,0.253,0.144,0.084]
Epoch [179] Training Results: Prec@1 98.004 Prec@5 99.975             Loss 0.07515
Epoch [179] Training Class Recall: [0.958,0.979,0.974,0.978,0.986,0.983,0.986,0.991,0.991,0.990]
Epoch [179] Testing Results: Prec@1 37.890 Prec@5 75.830             Loss 3.65418
Epoch [179] Testing Class Recall: [0.697,0.858,0.474,0.438,0.381,0.226,0.263,0.236,0.133,0.083]
Epoch [180] Training Results: Prec@1 98.243 Prec@5 99.961             Loss 0.07231
Epoch [180] Training Class Recall: [0.966,0.980,0.972,0.976,0.986,0.987,0.992,0.991,0.996,0.992]
Epoch [180] Testing Results: Prec@1 37.950 Prec@5 75.800             Loss 3.63631
Epoch [180] Testing Class Recall: [0.702,0.866,0.487,0.406,0.373,0.245,0.269,0.228,0.132,0.087]
Epoch [181] Training Results: Prec@1 98.125 Prec@5 99.971             Loss 0.07311
Epoch [181] Training Class Recall: [0.959,0.979,0.968,0.982,0.988,0.985,0.990,0.990,0.994,0.992]
Epoch [181] Testing Results: Prec@1 37.940 Prec@5 75.850             Loss 3.64326
Epoch [181] Testing Class Recall: [0.695,0.859,0.482,0.430,0.381,0.235,0.276,0.229,0.129,0.078]
Epoch [182] Training Results: Prec@1 98.118 Prec@5 99.979             Loss 0.07117
Epoch [182] Training Class Recall: [0.968,0.973,0.975,0.978,0.981,0.985,0.992,0.990,0.992,0.991]
Epoch [182] Testing Results: Prec@1 37.800 Prec@5 75.760             Loss 3.62487
Epoch [182] Testing Class Recall: [0.711,0.858,0.472,0.430,0.352,0.242,0.267,0.234,0.125,0.089]
Epoch [183] Training Results: Prec@1 98.221 Prec@5 99.954             Loss 0.07205
Epoch [183] Training Class Recall: [0.962,0.981,0.978,0.980,0.983,0.987,0.990,0.991,0.993,0.992]
Epoch [183] Testing Results: Prec@1 37.890 Prec@5 75.740             Loss 3.64403
Epoch [183] Testing Class Recall: [0.703,0.869,0.463,0.412,0.354,0.241,0.284,0.245,0.134,0.084]
Epoch [184] Training Results: Prec@1 98.068 Prec@5 99.946             Loss 0.07507
Epoch [184] Training Class Recall: [0.965,0.979,0.972,0.977,0.984,0.986,0.989,0.986,0.991,0.990]
Epoch [184] Testing Results: Prec@1 37.670 Prec@5 75.680             Loss 3.67895
Epoch [184] Testing Class Recall: [0.701,0.860,0.483,0.418,0.357,0.229,0.275,0.228,0.134,0.082]
Epoch [185] Training Results: Prec@1 98.243 Prec@5 99.954             Loss 0.07212
Epoch [185] Training Class Recall: [0.960,0.977,0.976,0.979,0.989,0.989,0.992,0.990,0.996,0.991]
Epoch [185] Testing Results: Prec@1 37.720 Prec@5 75.500             Loss 3.68205
Epoch [185] Testing Class Recall: [0.715,0.855,0.478,0.430,0.363,0.233,0.262,0.239,0.123,0.074]
Epoch [186] Training Results: Prec@1 98.111 Prec@5 99.964             Loss 0.07285
Epoch [186] Training Class Recall: [0.966,0.975,0.973,0.979,0.981,0.986,0.991,0.991,0.992,0.990]
Epoch [186] Testing Results: Prec@1 37.910 Prec@5 75.820             Loss 3.64457
Epoch [186] Testing Class Recall: [0.697,0.859,0.478,0.436,0.357,0.235,0.261,0.254,0.130,0.084]
Epoch [187] Training Results: Prec@1 98.175 Prec@5 99.971             Loss 0.07166
Epoch [187] Training Class Recall: [0.964,0.977,0.973,0.980,0.984,0.984,0.991,0.991,0.994,0.994]
Epoch [187] Testing Results: Prec@1 37.820 Prec@5 75.740             Loss 3.61321
Epoch [187] Testing Class Recall: [0.707,0.859,0.481,0.425,0.343,0.232,0.271,0.243,0.137,0.084]
Epoch [188] Training Results: Prec@1 98.275 Prec@5 99.968             Loss 0.07140
Epoch [188] Training Class Recall: [0.964,0.978,0.978,0.979,0.985,0.988,0.992,0.990,0.993,0.994]
Epoch [188] Testing Results: Prec@1 37.950 Prec@5 76.000             Loss 3.63874
Epoch [188] Testing Class Recall: [0.692,0.867,0.487,0.413,0.380,0.237,0.270,0.226,0.136,0.087]
Epoch [189] Training Results: Prec@1 98.196 Prec@5 99.968             Loss 0.07312
Epoch [189] Training Class Recall: [0.965,0.974,0.972,0.981,0.984,0.988,0.991,0.992,0.995,0.995]
Epoch [189] Testing Results: Prec@1 37.810 Prec@5 75.700             Loss 3.64674
Epoch [189] Testing Class Recall: [0.694,0.857,0.480,0.424,0.373,0.218,0.280,0.240,0.138,0.077]
Epoch [190] Training Results: Prec@1 98.193 Prec@5 99.982             Loss 0.07091
Epoch [190] Training Class Recall: [0.966,0.974,0.977,0.979,0.986,0.989,0.989,0.989,0.995,0.989]
Epoch [190] Testing Results: Prec@1 37.720 Prec@5 75.630             Loss 3.66952
Epoch [190] Testing Class Recall: [0.702,0.859,0.468,0.417,0.378,0.230,0.263,0.241,0.136,0.078]
Epoch [191] Training Results: Prec@1 98.264 Prec@5 99.971             Loss 0.07118
Epoch [191] Training Class Recall: [0.964,0.978,0.976,0.982,0.985,0.986,0.990,0.991,0.994,0.993]
Epoch [191] Testing Results: Prec@1 37.640 Prec@5 75.370             Loss 3.69170
Epoch [191] Testing Class Recall: [0.723,0.860,0.475,0.419,0.356,0.224,0.270,0.230,0.130,0.077]
Epoch [192] Training Results: Prec@1 98.157 Prec@5 99.968             Loss 0.07235
Epoch [192] Training Class Recall: [0.963,0.976,0.975,0.980,0.985,0.987,0.989,0.990,0.993,0.992]
Epoch [192] Testing Results: Prec@1 37.590 Prec@5 75.590             Loss 3.67766
Epoch [192] Testing Class Recall: [0.708,0.861,0.478,0.413,0.367,0.231,0.255,0.221,0.139,0.086]
Epoch [193] Training Results: Prec@1 98.164 Prec@5 99.986             Loss 0.07172
Epoch [193] Training Class Recall: [0.967,0.977,0.970,0.977,0.985,0.988,0.987,0.994,0.993,0.991]
Epoch [193] Testing Results: Prec@1 37.900 Prec@5 75.820             Loss 3.65252
Epoch [193] Testing Class Recall: [0.696,0.862,0.487,0.424,0.370,0.242,0.266,0.234,0.129,0.080]
Epoch [194] Training Results: Prec@1 98.014 Prec@5 99.957             Loss 0.07428
Epoch [194] Training Class Recall: [0.960,0.976,0.968,0.980,0.982,0.984,0.990,0.992,0.992,0.993]
Epoch [194] Testing Results: Prec@1 37.880 Prec@5 75.840             Loss 3.61986
Epoch [194] Testing Class Recall: [0.686,0.870,0.486,0.396,0.374,0.236,0.270,0.254,0.131,0.085]
Epoch [195] Training Results: Prec@1 98.196 Prec@5 99.979             Loss 0.07224
Epoch [195] Training Class Recall: [0.966,0.975,0.975,0.981,0.987,0.985,0.990,0.990,0.992,0.993]
Epoch [195] Testing Results: Prec@1 37.970 Prec@5 75.820             Loss 3.63840
Epoch [195] Testing Class Recall: [0.702,0.854,0.486,0.439,0.349,0.230,0.273,0.238,0.132,0.094]
Epoch [196] Training Results: Prec@1 98.218 Prec@5 99.975             Loss 0.07164
Epoch [196] Training Class Recall: [0.966,0.978,0.978,0.980,0.983,0.986,0.987,0.993,0.992,0.990]
Epoch [196] Testing Results: Prec@1 37.760 Prec@5 75.800             Loss 3.67504
Epoch [196] Testing Class Recall: [0.709,0.859,0.487,0.390,0.384,0.234,0.266,0.241,0.126,0.080]
Epoch [197] Training Results: Prec@1 98.300 Prec@5 99.957             Loss 0.07085
Epoch [197] Training Class Recall: [0.964,0.974,0.979,0.980,0.988,0.985,0.992,0.993,0.996,0.993]
Epoch [197] Testing Results: Prec@1 37.980 Prec@5 75.920             Loss 3.62410
Epoch [197] Testing Class Recall: [0.694,0.862,0.475,0.411,0.359,0.236,0.275,0.268,0.132,0.086]
Epoch [198] Training Results: Prec@1 98.350 Prec@5 99.968             Loss 0.06868
Epoch [198] Training Class Recall: [0.965,0.980,0.977,0.981,0.985,0.989,0.992,0.993,0.995,0.992]
Epoch [198] Testing Results: Prec@1 37.790 Prec@5 75.620             Loss 3.69052
Epoch [198] Testing Class Recall: [0.710,0.856,0.493,0.418,0.376,0.220,0.265,0.225,0.133,0.083]
Epoch [199] Training Results: Prec@1 98.332 Prec@5 99.968             Loss 0.07066
Epoch [199] Training Class Recall: [0.970,0.980,0.976,0.983,0.982,0.989,0.990,0.988,0.996,0.992]
Epoch [199] Testing Results: Prec@1 37.800 Prec@5 75.410             Loss 3.70573
Epoch [199] Testing Class Recall: [0.721,0.860,0.472,0.416,0.380,0.221,0.276,0.222,0.131,0.081]
