Log file: cifar10_random0.5_deepsmote_selection_exp0.01_seed42_20260501_054323.log
Run started: 2026-05-01 05:43:23.493792
Dataset: cifar10
Imbalance type: exp, factor: 0.01
Selection method: random, ratio: 0.5
Strategy: DeepSMOTE_Selection, epochs: 200
Seed: 42, rand_number: 0
Augmentation: weak
Noise ratio: 0.25
============================================================

=> Preparing logger and tensorboard writer !
----------------------------------------------------
Class ID   | Original   | Selected   | Keep %  
----------------------------------------------------
0          | 4000       | 1989       |    49.7%
1          | 4000       | 2022       |    50.5%
2          | 4000       | 2010       |    50.2%
3          | 4000       | 1998       |    50.0%
4          | 4000       | 1975       |    49.4%
5          | 4000       | 1995       |    49.9%
6          | 4000       | 2005       |    50.1%
7          | 4000       | 2012       |    50.3%
8          | 4000       | 1993       |    49.8%
9          | 4000       | 2001       |    50.0%
----------------------------------------------------
TOTAL      | 40000      | 20000      |    50.0%
----------------------------------------------------
Epoch [0] Training Results: Prec@1 24.580 Prec@5 71.625             Loss 2.13379
Epoch [0] Training Class Recall: [0.263,0.353,0.079,0.161,0.218,0.195,0.240,0.243,0.382,0.322]
Epoch [0] Testing Results: Prec@1 28.210 Prec@5 80.660             Loss 2.00757
Epoch [0] Testing Class Recall: [0.285,0.662,0.183,0.000,0.022,0.516,0.218,0.734,0.181,0.020]
Epoch [1] Training Results: Prec@1 32.755 Prec@5 77.850             Loss 1.98577
Epoch [1] Training Class Recall: [0.333,0.436,0.115,0.190,0.247,0.280,0.335,0.406,0.463,0.469]
Epoch [1] Testing Results: Prec@1 33.580 Prec@5 86.310             Loss 1.81073
Epoch [1] Testing Class Recall: [0.363,0.859,0.357,0.381,0.123,0.189,0.301,0.285,0.183,0.317]
Epoch [2] Training Results: Prec@1 38.500 Prec@5 80.980             Loss 1.86094
Epoch [2] Training Class Recall: [0.402,0.498,0.150,0.184,0.289,0.321,0.454,0.495,0.532,0.523]
Epoch [2] Testing Results: Prec@1 33.830 Prec@5 82.820             Loss 1.89751
Epoch [2] Testing Class Recall: [0.836,0.464,0.058,0.010,0.340,0.668,0.127,0.580,0.098,0.202]
Epoch [3] Training Results: Prec@1 41.735 Prec@5 81.825             Loss 1.80122
Epoch [3] Training Class Recall: [0.444,0.497,0.211,0.223,0.304,0.315,0.476,0.547,0.562,0.592]
Epoch [3] Testing Results: Prec@1 39.460 Prec@5 88.220             Loss 1.73439
Epoch [3] Testing Class Recall: [0.529,0.785,0.080,0.074,0.073,0.152,0.742,0.653,0.349,0.509]
Epoch [4] Training Results: Prec@1 45.910 Prec@5 82.680             Loss 1.72819
Epoch [4] Training Class Recall: [0.480,0.540,0.259,0.209,0.359,0.400,0.537,0.570,0.613,0.623]
Epoch [4] Testing Results: Prec@1 47.430 Prec@5 89.690             Loss 1.54069
Epoch [4] Testing Class Recall: [0.601,0.749,0.288,0.114,0.535,0.578,0.475,0.437,0.543,0.423]
Epoch [5] Training Results: Prec@1 47.965 Prec@5 83.685             Loss 1.67997
Epoch [5] Training Class Recall: [0.495,0.551,0.284,0.241,0.380,0.395,0.555,0.593,0.628,0.672]
Epoch [5] Testing Results: Prec@1 41.960 Prec@5 85.210             Loss 1.71245
Epoch [5] Testing Class Recall: [0.826,0.658,0.226,0.024,0.290,0.725,0.670,0.496,0.194,0.087]
Epoch [6] Training Results: Prec@1 49.865 Prec@5 84.200             Loss 1.64368
Epoch [6] Training Class Recall: [0.513,0.579,0.308,0.267,0.396,0.413,0.570,0.617,0.645,0.677]
Epoch [6] Testing Results: Prec@1 40.410 Prec@5 87.240             Loss 1.74610
Epoch [6] Testing Class Recall: [0.646,0.786,0.633,0.438,0.172,0.327,0.320,0.274,0.198,0.247]
Epoch [7] Training Results: Prec@1 51.500 Prec@5 84.575             Loss 1.60771
Epoch [7] Training Class Recall: [0.536,0.565,0.340,0.293,0.415,0.424,0.591,0.630,0.663,0.691]
Epoch [7] Testing Results: Prec@1 46.620 Prec@5 88.220             Loss 1.60649
Epoch [7] Testing Class Recall: [0.597,0.926,0.352,0.114,0.219,0.760,0.610,0.404,0.607,0.073]
Epoch [8] Training Results: Prec@1 53.845 Prec@5 85.035             Loss 1.56845
Epoch [8] Training Class Recall: [0.547,0.604,0.360,0.327,0.453,0.456,0.607,0.644,0.681,0.704]
Epoch [8] Testing Results: Prec@1 46.830 Prec@5 87.360             Loss 1.60945
Epoch [8] Testing Class Recall: [0.747,0.809,0.083,0.217,0.209,0.809,0.531,0.555,0.237,0.486]
Epoch [9] Training Results: Prec@1 54.790 Prec@5 85.485             Loss 1.54246
Epoch [9] Training Class Recall: [0.568,0.608,0.379,0.358,0.463,0.468,0.603,0.654,0.673,0.704]
Epoch [9] Testing Results: Prec@1 50.030 Prec@5 90.220             Loss 1.50529
Epoch [9] Testing Class Recall: [0.614,0.854,0.249,0.168,0.408,0.574,0.537,0.789,0.491,0.319]
Epoch [10] Training Results: Prec@1 55.795 Prec@5 85.435             Loss 1.52062
Epoch [10] Training Class Recall: [0.567,0.619,0.402,0.364,0.465,0.491,0.610,0.647,0.692,0.720]
Epoch [10] Testing Results: Prec@1 43.580 Prec@5 85.500             Loss 1.77639
Epoch [10] Testing Class Recall: [0.871,0.906,0.505,0.393,0.253,0.269,0.487,0.287,0.343,0.044]
Epoch [11] Training Results: Prec@1 57.510 Prec@5 85.595             Loss 1.49500
Epoch [11] Training Class Recall: [0.587,0.639,0.417,0.404,0.477,0.489,0.628,0.685,0.699,0.722]
Epoch [11] Testing Results: Prec@1 46.970 Prec@5 88.100             Loss 1.62493
Epoch [11] Testing Class Recall: [0.870,0.812,0.426,0.152,0.195,0.629,0.438,0.442,0.219,0.514]
Epoch [12] Training Results: Prec@1 57.845 Prec@5 85.980             Loss 1.47926
Epoch [12] Training Class Recall: [0.588,0.629,0.420,0.406,0.490,0.512,0.634,0.675,0.701,0.728]
Epoch [12] Testing Results: Prec@1 49.040 Prec@5 89.810             Loss 1.52533
Epoch [12] Testing Class Recall: [0.580,0.922,0.291,0.557,0.067,0.344,0.650,0.594,0.698,0.201]
Epoch [13] Training Results: Prec@1 58.255 Prec@5 85.930             Loss 1.46762
Epoch [13] Training Class Recall: [0.595,0.625,0.422,0.418,0.499,0.525,0.629,0.684,0.709,0.717]
Epoch [13] Testing Results: Prec@1 50.930 Prec@5 89.600             Loss 1.49358
Epoch [13] Testing Class Recall: [0.782,0.826,0.394,0.401,0.388,0.377,0.223,0.621,0.573,0.508]
Epoch [14] Training Results: Prec@1 59.370 Prec@5 86.385             Loss 1.44572
Epoch [14] Training Class Recall: [0.597,0.644,0.439,0.431,0.517,0.548,0.626,0.689,0.709,0.734]
Epoch [14] Testing Results: Prec@1 44.830 Prec@5 85.390             Loss 1.74948
Epoch [14] Testing Class Recall: [0.861,0.896,0.413,0.195,0.182,0.683,0.560,0.339,0.192,0.162]
Epoch [15] Training Results: Prec@1 60.105 Prec@5 86.515             Loss 1.42866
Epoch [15] Training Class Recall: [0.605,0.645,0.462,0.450,0.525,0.544,0.639,0.696,0.708,0.733]
Epoch [15] Testing Results: Prec@1 55.100 Prec@5 91.320             Loss 1.39205
Epoch [15] Testing Class Recall: [0.737,0.951,0.569,0.271,0.329,0.563,0.747,0.683,0.363,0.297]
Epoch [16] Training Results: Prec@1 60.785 Prec@5 86.490             Loss 1.41621
Epoch [16] Training Class Recall: [0.614,0.654,0.474,0.458,0.524,0.551,0.652,0.691,0.721,0.740]
Epoch [16] Testing Results: Prec@1 55.100 Prec@5 89.910             Loss 1.42956
Epoch [16] Testing Class Recall: [0.765,0.918,0.440,0.371,0.515,0.581,0.705,0.550,0.402,0.263]
Epoch [17] Training Results: Prec@1 61.660 Prec@5 86.900             Loss 1.39507
Epoch [17] Training Class Recall: [0.632,0.668,0.481,0.463,0.553,0.568,0.645,0.696,0.725,0.734]
Epoch [17] Testing Results: Prec@1 49.710 Prec@5 89.290             Loss 1.54484
Epoch [17] Testing Class Recall: [0.759,0.886,0.245,0.157,0.200,0.476,0.306,0.827,0.538,0.577]
Epoch [18] Training Results: Prec@1 61.950 Prec@5 86.810             Loss 1.38967
Epoch [18] Training Class Recall: [0.629,0.663,0.479,0.482,0.553,0.566,0.657,0.703,0.721,0.742]
Epoch [18] Testing Results: Prec@1 56.910 Prec@5 91.520             Loss 1.34911
Epoch [18] Testing Class Recall: [0.796,0.918,0.215,0.313,0.604,0.769,0.415,0.534,0.501,0.626]
Epoch [19] Training Results: Prec@1 62.140 Prec@5 87.115             Loss 1.37803
Epoch [19] Training Class Recall: [0.622,0.673,0.491,0.490,0.551,0.565,0.657,0.698,0.724,0.741]
Epoch [19] Testing Results: Prec@1 49.940 Prec@5 89.450             Loss 1.58224
Epoch [19] Testing Class Recall: [0.880,0.961,0.325,0.240,0.453,0.511,0.766,0.439,0.311,0.108]
Epoch [20] Training Results: Prec@1 62.830 Prec@5 87.150             Loss 1.36573
Epoch [20] Training Class Recall: [0.623,0.670,0.500,0.497,0.570,0.587,0.667,0.708,0.727,0.732]
Epoch [20] Testing Results: Prec@1 56.420 Prec@5 91.440             Loss 1.38279
Epoch [20] Testing Class Recall: [0.733,0.933,0.343,0.357,0.376,0.783,0.641,0.561,0.583,0.332]
Epoch [21] Training Results: Prec@1 63.120 Prec@5 87.140             Loss 1.35846
Epoch [21] Training Class Recall: [0.621,0.672,0.505,0.505,0.576,0.595,0.666,0.710,0.730,0.731]
Epoch [21] Testing Results: Prec@1 60.450 Prec@5 92.370             Loss 1.29303
Epoch [21] Testing Class Recall: [0.750,0.932,0.372,0.259,0.512,0.593,0.733,0.811,0.571,0.512]
Epoch [22] Training Results: Prec@1 64.370 Prec@5 87.165             Loss 1.33683
Epoch [22] Training Class Recall: [0.641,0.681,0.533,0.527,0.581,0.603,0.676,0.714,0.730,0.750]
Epoch [22] Testing Results: Prec@1 55.550 Prec@5 90.700             Loss 1.43623
Epoch [22] Testing Class Recall: [0.744,0.876,0.324,0.710,0.558,0.100,0.611,0.459,0.635,0.538]
Epoch [23] Training Results: Prec@1 63.905 Prec@5 87.450             Loss 1.33760
Epoch [23] Training Class Recall: [0.646,0.683,0.498,0.521,0.584,0.601,0.679,0.702,0.734,0.742]
Epoch [23] Testing Results: Prec@1 46.460 Prec@5 79.200             Loss 1.81232
Epoch [23] Testing Class Recall: [0.898,0.894,0.617,0.399,0.306,0.041,0.799,0.485,0.101,0.106]
Epoch [24] Training Results: Prec@1 64.595 Prec@5 87.535             Loss 1.32483
Epoch [24] Training Class Recall: [0.646,0.684,0.529,0.526,0.599,0.602,0.674,0.721,0.729,0.748]
Epoch [24] Testing Results: Prec@1 51.310 Prec@5 88.290             Loss 1.59120
Epoch [24] Testing Class Recall: [0.890,0.943,0.326,0.154,0.414,0.739,0.425,0.613,0.515,0.112]
Epoch [25] Training Results: Prec@1 64.510 Prec@5 87.655             Loss 1.32620
Epoch [25] Training Class Recall: [0.645,0.680,0.530,0.531,0.583,0.614,0.678,0.715,0.732,0.743]
Epoch [25] Testing Results: Prec@1 50.090 Prec@5 84.740             Loss 1.65422
Epoch [25] Testing Class Recall: [0.942,0.857,0.529,0.569,0.365,0.432,0.568,0.393,0.097,0.257]
Epoch [26] Training Results: Prec@1 64.965 Prec@5 87.710             Loss 1.31641
Epoch [26] Training Class Recall: [0.639,0.681,0.535,0.554,0.605,0.615,0.676,0.714,0.730,0.748]
Epoch [26] Testing Results: Prec@1 56.490 Prec@5 92.070             Loss 1.36511
Epoch [26] Testing Class Recall: [0.902,0.824,0.540,0.629,0.448,0.317,0.471,0.629,0.553,0.336]
Epoch [27] Training Results: Prec@1 65.245 Prec@5 87.785             Loss 1.30680
Epoch [27] Training Class Recall: [0.659,0.693,0.540,0.538,0.599,0.606,0.684,0.718,0.737,0.749]
Epoch [27] Testing Results: Prec@1 45.020 Prec@5 83.310             Loss 1.81784
Epoch [27] Testing Class Recall: [0.898,0.777,0.534,0.296,0.450,0.144,0.851,0.221,0.201,0.130]
Epoch [28] Training Results: Prec@1 65.280 Prec@5 87.825             Loss 1.30581
Epoch [28] Training Class Recall: [0.652,0.682,0.537,0.552,0.598,0.629,0.680,0.722,0.732,0.743]
Epoch [28] Testing Results: Prec@1 54.800 Prec@5 91.210             Loss 1.43537
Epoch [28] Testing Class Recall: [0.774,0.960,0.593,0.650,0.423,0.157,0.599,0.396,0.598,0.330]
Epoch [29] Training Results: Prec@1 65.545 Prec@5 87.830             Loss 1.29652
Epoch [29] Training Class Recall: [0.648,0.693,0.552,0.547,0.598,0.632,0.679,0.720,0.739,0.747]
Epoch [29] Testing Results: Prec@1 55.500 Prec@5 91.650             Loss 1.44122
Epoch [29] Testing Class Recall: [0.853,0.691,0.562,0.673,0.244,0.418,0.548,0.610,0.464,0.487]
Epoch [30] Training Results: Prec@1 65.560 Prec@5 87.890             Loss 1.28919
Epoch [30] Training Class Recall: [0.648,0.684,0.559,0.553,0.594,0.630,0.697,0.714,0.728,0.748]
Epoch [30] Testing Results: Prec@1 59.300 Prec@5 90.950             Loss 1.31727
Epoch [30] Testing Class Recall: [0.742,0.937,0.516,0.460,0.384,0.555,0.659,0.667,0.497,0.513]
Epoch [31] Training Results: Prec@1 65.890 Prec@5 88.240             Loss 1.29225
Epoch [31] Training Class Recall: [0.656,0.685,0.555,0.562,0.612,0.636,0.679,0.727,0.733,0.744]
Epoch [31] Testing Results: Prec@1 54.030 Prec@5 88.720             Loss 1.48787
Epoch [31] Testing Class Recall: [0.905,0.907,0.522,0.541,0.427,0.418,0.588,0.550,0.255,0.290]
Epoch [32] Training Results: Prec@1 66.275 Prec@5 88.115             Loss 1.27856
Epoch [32] Training Class Recall: [0.650,0.697,0.571,0.564,0.607,0.636,0.694,0.725,0.739,0.743]
Epoch [32] Testing Results: Prec@1 54.810 Prec@5 90.020             Loss 1.43693
Epoch [32] Testing Class Recall: [0.911,0.836,0.438,0.473,0.710,0.643,0.439,0.405,0.159,0.467]
Epoch [33] Training Results: Prec@1 66.170 Prec@5 88.230             Loss 1.27727
Epoch [33] Training Class Recall: [0.656,0.689,0.563,0.570,0.604,0.640,0.683,0.724,0.739,0.748]
Epoch [33] Testing Results: Prec@1 57.290 Prec@5 89.470             Loss 1.43501
Epoch [33] Testing Class Recall: [0.716,0.753,0.572,0.672,0.413,0.087,0.713,0.467,0.644,0.692]
Epoch [34] Training Results: Prec@1 66.485 Prec@5 88.395             Loss 1.27231
Epoch [34] Training Class Recall: [0.644,0.687,0.566,0.579,0.622,0.642,0.692,0.729,0.735,0.752]
Epoch [34] Testing Results: Prec@1 55.550 Prec@5 89.260             Loss 1.44109
Epoch [34] Testing Class Recall: [0.815,0.882,0.444,0.655,0.250,0.324,0.584,0.584,0.592,0.425]
Epoch [35] Training Results: Prec@1 66.690 Prec@5 88.330             Loss 1.26517
Epoch [35] Training Class Recall: [0.655,0.697,0.563,0.584,0.622,0.639,0.698,0.726,0.739,0.747]
Epoch [35] Testing Results: Prec@1 50.000 Prec@5 90.340             Loss 1.57851
Epoch [35] Testing Class Recall: [0.965,0.755,0.472,0.579,0.367,0.319,0.502,0.297,0.388,0.356]
Epoch [36] Training Results: Prec@1 66.690 Prec@5 88.280             Loss 1.26548
Epoch [36] Training Class Recall: [0.658,0.695,0.560,0.582,0.614,0.646,0.695,0.730,0.740,0.749]
Epoch [36] Testing Results: Prec@1 57.680 Prec@5 88.680             Loss 1.41261
Epoch [36] Testing Class Recall: [0.889,0.887,0.409,0.455,0.675,0.215,0.787,0.606,0.623,0.222]
Epoch [37] Training Results: Prec@1 66.840 Prec@5 88.660             Loss 1.25625
Epoch [37] Training Class Recall: [0.666,0.692,0.574,0.583,0.616,0.639,0.701,0.724,0.739,0.749]
Epoch [37] Testing Results: Prec@1 58.760 Prec@5 90.910             Loss 1.35147
Epoch [37] Testing Class Recall: [0.824,0.942,0.593,0.544,0.556,0.416,0.562,0.687,0.483,0.269]
Epoch [38] Training Results: Prec@1 67.250 Prec@5 88.670             Loss 1.24508
Epoch [38] Training Class Recall: [0.661,0.692,0.575,0.587,0.641,0.649,0.694,0.730,0.743,0.755]
Epoch [38] Testing Results: Prec@1 52.410 Prec@5 88.830             Loss 1.54342
Epoch [38] Testing Class Recall: [0.937,0.805,0.291,0.427,0.505,0.129,0.661,0.774,0.486,0.226]
Epoch [39] Training Results: Prec@1 66.945 Prec@5 88.685             Loss 1.25373
Epoch [39] Training Class Recall: [0.653,0.688,0.571,0.590,0.625,0.655,0.700,0.726,0.741,0.745]
Epoch [39] Testing Results: Prec@1 54.840 Prec@5 89.800             Loss 1.47932
Epoch [39] Testing Class Recall: [0.939,0.813,0.348,0.238,0.309,0.657,0.681,0.651,0.206,0.642]
Epoch [40] Training Results: Prec@1 67.250 Prec@5 88.915             Loss 1.24627
Epoch [40] Training Class Recall: [0.672,0.697,0.577,0.587,0.630,0.645,0.704,0.730,0.737,0.746]
Epoch [40] Testing Results: Prec@1 58.850 Prec@5 90.900             Loss 1.34974
Epoch [40] Testing Class Recall: [0.814,0.909,0.478,0.569,0.527,0.453,0.823,0.422,0.592,0.298]
Epoch [41] Training Results: Prec@1 67.780 Prec@5 88.940             Loss 1.23602
Epoch [41] Training Class Recall: [0.669,0.702,0.597,0.592,0.635,0.659,0.704,0.725,0.744,0.752]
Epoch [41] Testing Results: Prec@1 48.850 Prec@5 88.570             Loss 1.75353
Epoch [41] Testing Class Recall: [0.983,0.777,0.407,0.389,0.320,0.420,0.609,0.561,0.170,0.249]
Epoch [42] Training Results: Prec@1 67.685 Prec@5 88.930             Loss 1.23369
Epoch [42] Training Class Recall: [0.668,0.696,0.591,0.588,0.636,0.654,0.714,0.733,0.738,0.752]
Epoch [42] Testing Results: Prec@1 53.890 Prec@5 87.170             Loss 1.51465
Epoch [42] Testing Class Recall: [0.864,0.966,0.499,0.437,0.305,0.471,0.512,0.729,0.292,0.314]
Epoch [43] Training Results: Prec@1 67.875 Prec@5 89.030             Loss 1.22897
Epoch [43] Training Class Recall: [0.668,0.709,0.590,0.607,0.635,0.651,0.709,0.726,0.742,0.751]
Epoch [43] Testing Results: Prec@1 54.180 Prec@5 87.500             Loss 1.55591
Epoch [43] Testing Class Recall: [0.917,0.856,0.479,0.503,0.397,0.350,0.633,0.685,0.193,0.405]
Epoch [44] Training Results: Prec@1 67.850 Prec@5 88.980             Loss 1.22586
Epoch [44] Training Class Recall: [0.656,0.703,0.583,0.609,0.639,0.664,0.705,0.738,0.740,0.749]
Epoch [44] Testing Results: Prec@1 56.200 Prec@5 86.810             Loss 1.52017
Epoch [44] Testing Class Recall: [0.769,0.989,0.517,0.370,0.666,0.526,0.663,0.456,0.487,0.177]
Epoch [45] Training Results: Prec@1 68.240 Prec@5 89.005             Loss 1.22244
Epoch [45] Training Class Recall: [0.668,0.706,0.598,0.611,0.649,0.655,0.709,0.741,0.740,0.748]
Epoch [45] Testing Results: Prec@1 51.000 Prec@5 89.160             Loss 1.58066
Epoch [45] Testing Class Recall: [0.743,0.990,0.526,0.224,0.375,0.503,0.439,0.706,0.277,0.317]
Epoch [46] Training Results: Prec@1 68.440 Prec@5 89.345             Loss 1.21793
Epoch [46] Training Class Recall: [0.667,0.705,0.601,0.607,0.646,0.674,0.713,0.733,0.746,0.753]
Epoch [46] Testing Results: Prec@1 53.670 Prec@5 89.450             Loss 1.51258
Epoch [46] Testing Class Recall: [0.915,0.952,0.475,0.481,0.425,0.406,0.693,0.536,0.241,0.243]
Epoch [47] Training Results: Prec@1 68.340 Prec@5 89.250             Loss 1.21641
Epoch [47] Training Class Recall: [0.674,0.706,0.611,0.596,0.657,0.662,0.696,0.738,0.740,0.753]
Epoch [47] Testing Results: Prec@1 55.860 Prec@5 89.440             Loss 1.46226
Epoch [47] Testing Class Recall: [0.869,0.877,0.454,0.653,0.558,0.488,0.435,0.684,0.282,0.286]
Epoch [48] Training Results: Prec@1 68.205 Prec@5 89.415             Loss 1.21238
Epoch [48] Training Class Recall: [0.670,0.701,0.600,0.608,0.643,0.668,0.707,0.732,0.741,0.751]
Epoch [48] Testing Results: Prec@1 58.870 Prec@5 90.780             Loss 1.35466
Epoch [48] Testing Class Recall: [0.765,0.887,0.560,0.570,0.429,0.256,0.803,0.776,0.294,0.547]
Epoch [49] Training Results: Prec@1 68.545 Prec@5 89.595             Loss 1.20167
Epoch [49] Training Class Recall: [0.670,0.705,0.600,0.616,0.651,0.665,0.714,0.737,0.745,0.753]
Epoch [49] Testing Results: Prec@1 57.460 Prec@5 89.480             Loss 1.41778
Epoch [49] Testing Class Recall: [0.759,0.912,0.457,0.319,0.255,0.741,0.706,0.731,0.321,0.545]
Epoch [50] Training Results: Prec@1 68.580 Prec@5 89.555             Loss 1.20369
Epoch [50] Training Class Recall: [0.672,0.699,0.602,0.622,0.647,0.669,0.710,0.740,0.741,0.756]
Epoch [50] Testing Results: Prec@1 51.160 Prec@5 87.000             Loss 1.60681
Epoch [50] Testing Class Recall: [0.811,0.981,0.621,0.408,0.322,0.402,0.390,0.478,0.480,0.223]
Epoch [51] Training Results: Prec@1 68.455 Prec@5 89.580             Loss 1.20169
Epoch [51] Training Class Recall: [0.677,0.707,0.603,0.608,0.643,0.667,0.708,0.733,0.744,0.755]
Epoch [51] Testing Results: Prec@1 55.990 Prec@5 90.100             Loss 1.44125
Epoch [51] Testing Class Recall: [0.840,0.940,0.550,0.593,0.468,0.384,0.541,0.584,0.441,0.258]
Epoch [52] Training Results: Prec@1 68.475 Prec@5 89.905             Loss 1.20252
Epoch [52] Training Class Recall: [0.660,0.701,0.607,0.617,0.650,0.674,0.707,0.736,0.741,0.756]
Epoch [52] Testing Results: Prec@1 42.370 Prec@5 86.150             Loss 2.02686
Epoch [52] Testing Class Recall: [0.979,0.562,0.313,0.531,0.575,0.172,0.466,0.201,0.330,0.108]
Epoch [53] Training Results: Prec@1 68.680 Prec@5 89.775             Loss 1.19381
Epoch [53] Training Class Recall: [0.674,0.704,0.600,0.619,0.654,0.674,0.706,0.737,0.741,0.760]
Epoch [53] Testing Results: Prec@1 56.530 Prec@5 90.570             Loss 1.44249
Epoch [53] Testing Class Recall: [0.863,0.825,0.449,0.705,0.367,0.534,0.650,0.430,0.489,0.341]
Epoch [54] Training Results: Prec@1 68.725 Prec@5 89.920             Loss 1.18696
Epoch [54] Training Class Recall: [0.674,0.710,0.612,0.618,0.650,0.676,0.706,0.733,0.740,0.755]
Epoch [54] Testing Results: Prec@1 53.040 Prec@5 84.610             Loss 1.67683
Epoch [54] Testing Class Recall: [0.779,0.889,0.786,0.432,0.540,0.288,0.656,0.432,0.387,0.115]
Epoch [55] Training Results: Prec@1 68.825 Prec@5 90.025             Loss 1.19079
Epoch [55] Training Class Recall: [0.671,0.706,0.600,0.624,0.664,0.673,0.711,0.731,0.750,0.753]
Epoch [55] Testing Results: Prec@1 50.570 Prec@5 87.670             Loss 1.65680
Epoch [55] Testing Class Recall: [0.863,0.976,0.248,0.097,0.428,0.308,0.450,0.878,0.464,0.345]
Epoch [56] Training Results: Prec@1 69.175 Prec@5 90.100             Loss 1.18038
Epoch [56] Training Class Recall: [0.673,0.707,0.604,0.631,0.659,0.683,0.720,0.740,0.747,0.754]
Epoch [56] Testing Results: Prec@1 57.560 Prec@5 88.850             Loss 1.42465
Epoch [56] Testing Class Recall: [0.765,0.807,0.480,0.561,0.677,0.372,0.572,0.527,0.678,0.317]
Epoch [57] Training Results: Prec@1 68.900 Prec@5 90.130             Loss 1.18548
Epoch [57] Training Class Recall: [0.681,0.695,0.614,0.622,0.652,0.677,0.717,0.734,0.744,0.753]
Epoch [57] Testing Results: Prec@1 52.850 Prec@5 87.090             Loss 1.61079
Epoch [57] Testing Class Recall: [0.834,0.939,0.752,0.344,0.515,0.387,0.757,0.368,0.224,0.165]
Epoch [58] Training Results: Prec@1 69.035 Prec@5 90.145             Loss 1.18106
Epoch [58] Training Class Recall: [0.688,0.707,0.614,0.623,0.659,0.668,0.710,0.739,0.741,0.756]
Epoch [58] Testing Results: Prec@1 58.270 Prec@5 89.410             Loss 1.42229
Epoch [58] Testing Class Recall: [0.716,0.939,0.653,0.480,0.556,0.318,0.726,0.624,0.425,0.390]
Epoch [59] Training Results: Prec@1 69.285 Prec@5 90.130             Loss 1.17808
Epoch [59] Training Class Recall: [0.665,0.707,0.618,0.645,0.657,0.673,0.723,0.745,0.744,0.752]
Epoch [59] Testing Results: Prec@1 50.450 Prec@5 82.220             Loss 1.79252
Epoch [59] Testing Class Recall: [0.856,0.962,0.378,0.684,0.287,0.259,0.697,0.546,0.302,0.074]
Epoch [60] Training Results: Prec@1 69.260 Prec@5 90.220             Loss 1.17566
Epoch [60] Training Class Recall: [0.674,0.708,0.615,0.639,0.664,0.671,0.715,0.742,0.744,0.756]
Epoch [60] Testing Results: Prec@1 55.060 Prec@5 89.720             Loss 1.48862
Epoch [60] Testing Class Recall: [0.795,0.918,0.473,0.263,0.348,0.818,0.489,0.646,0.263,0.493]
Epoch [61] Training Results: Prec@1 69.380 Prec@5 90.385             Loss 1.17183
Epoch [61] Training Class Recall: [0.682,0.712,0.614,0.630,0.656,0.684,0.721,0.742,0.740,0.757]
Epoch [61] Testing Results: Prec@1 58.770 Prec@5 90.350             Loss 1.38368
Epoch [61] Testing Class Recall: [0.714,0.891,0.521,0.276,0.695,0.478,0.641,0.766,0.530,0.365]
Epoch [62] Training Results: Prec@1 69.505 Prec@5 90.365             Loss 1.16412
Epoch [62] Training Class Recall: [0.677,0.705,0.640,0.629,0.663,0.678,0.708,0.745,0.746,0.761]
Epoch [62] Testing Results: Prec@1 53.500 Prec@5 88.740             Loss 1.53347
Epoch [62] Testing Class Recall: [0.635,0.951,0.521,0.424,0.366,0.658,0.542,0.515,0.238,0.500]
Epoch [63] Training Results: Prec@1 69.180 Prec@5 90.425             Loss 1.17168
Epoch [63] Training Class Recall: [0.675,0.704,0.624,0.637,0.659,0.673,0.712,0.737,0.745,0.753]
Epoch [63] Testing Results: Prec@1 57.680 Prec@5 89.190             Loss 1.46899
Epoch [63] Testing Class Recall: [0.849,0.869,0.576,0.656,0.442,0.478,0.575,0.661,0.419,0.243]
Epoch [64] Training Results: Prec@1 69.855 Prec@5 90.500             Loss 1.15802
Epoch [64] Training Class Recall: [0.685,0.714,0.628,0.639,0.664,0.702,0.719,0.733,0.745,0.756]
Epoch [64] Testing Results: Prec@1 53.490 Prec@5 86.000             Loss 1.67574
Epoch [64] Testing Class Recall: [0.898,0.863,0.564,0.660,0.384,0.142,0.785,0.448,0.304,0.301]
Epoch [65] Training Results: Prec@1 69.710 Prec@5 90.770             Loss 1.15718
Epoch [65] Training Class Recall: [0.680,0.705,0.639,0.641,0.673,0.689,0.711,0.735,0.742,0.756]
Epoch [65] Testing Results: Prec@1 54.910 Prec@5 87.330             Loss 1.61394
Epoch [65] Testing Class Recall: [0.688,0.919,0.797,0.533,0.408,0.218,0.374,0.722,0.636,0.196]
Epoch [66] Training Results: Prec@1 69.685 Prec@5 90.535             Loss 1.15564
Epoch [66] Training Class Recall: [0.674,0.713,0.629,0.634,0.674,0.682,0.724,0.745,0.740,0.754]
Epoch [66] Testing Results: Prec@1 58.340 Prec@5 88.430             Loss 1.42422
Epoch [66] Testing Class Recall: [0.812,0.873,0.495,0.495,0.617,0.346,0.754,0.758,0.291,0.393]
Epoch [67] Training Results: Prec@1 69.690 Prec@5 90.670             Loss 1.15379
Epoch [67] Training Class Recall: [0.686,0.712,0.619,0.645,0.663,0.682,0.717,0.745,0.745,0.755]
Epoch [67] Testing Results: Prec@1 55.280 Prec@5 87.980             Loss 1.52267
Epoch [67] Testing Class Recall: [0.786,0.884,0.807,0.454,0.580,0.376,0.391,0.433,0.536,0.281]
Epoch [68] Training Results: Prec@1 69.860 Prec@5 91.015             Loss 1.14427
Epoch [68] Training Class Recall: [0.681,0.711,0.640,0.642,0.673,0.684,0.720,0.733,0.744,0.758]
Epoch [68] Testing Results: Prec@1 56.440 Prec@5 87.100             Loss 1.52830
Epoch [68] Testing Class Recall: [0.897,0.910,0.454,0.468,0.490,0.597,0.565,0.756,0.165,0.342]
Epoch [69] Training Results: Prec@1 69.985 Prec@5 90.725             Loss 1.14319
Epoch [69] Training Class Recall: [0.680,0.706,0.642,0.644,0.671,0.692,0.723,0.741,0.744,0.755]
Epoch [69] Testing Results: Prec@1 53.590 Prec@5 87.170             Loss 1.59933
Epoch [69] Testing Class Recall: [0.822,0.834,0.402,0.599,0.472,0.678,0.258,0.452,0.581,0.261]
Epoch [70] Training Results: Prec@1 69.835 Prec@5 90.815             Loss 1.14240
Epoch [70] Training Class Recall: [0.688,0.713,0.626,0.637,0.666,0.685,0.724,0.736,0.748,0.760]
Epoch [70] Testing Results: Prec@1 55.240 Prec@5 87.090             Loss 1.59419
Epoch [70] Testing Class Recall: [0.866,0.940,0.651,0.412,0.592,0.329,0.680,0.498,0.284,0.272]
Epoch [71] Training Results: Prec@1 69.615 Prec@5 90.920             Loss 1.14839
Epoch [71] Training Class Recall: [0.675,0.711,0.636,0.634,0.663,0.678,0.728,0.738,0.748,0.750]
Epoch [71] Testing Results: Prec@1 55.790 Prec@5 88.080             Loss 1.59065
Epoch [71] Testing Class Recall: [0.750,0.878,0.509,0.718,0.445,0.297,0.564,0.480,0.313,0.625]
Epoch [72] Training Results: Prec@1 70.010 Prec@5 91.225             Loss 1.13390
Epoch [72] Training Class Recall: [0.681,0.709,0.640,0.646,0.675,0.686,0.718,0.738,0.749,0.759]
Epoch [72] Testing Results: Prec@1 56.860 Prec@5 88.570             Loss 1.45669
Epoch [72] Testing Class Recall: [0.776,0.933,0.708,0.354,0.531,0.392,0.644,0.558,0.394,0.396]
Epoch [73] Training Results: Prec@1 69.995 Prec@5 90.860             Loss 1.13437
Epoch [73] Training Class Recall: [0.689,0.709,0.629,0.643,0.683,0.679,0.724,0.747,0.741,0.755]
Epoch [73] Testing Results: Prec@1 53.160 Prec@5 84.670             Loss 1.67123
Epoch [73] Testing Class Recall: [0.817,0.927,0.523,0.582,0.494,0.327,0.433,0.469,0.625,0.119]
Epoch [74] Training Results: Prec@1 70.045 Prec@5 91.215             Loss 1.13504
Epoch [74] Training Class Recall: [0.682,0.709,0.634,0.643,0.683,0.696,0.717,0.743,0.745,0.753]
Epoch [74] Testing Results: Prec@1 44.110 Prec@5 82.580             Loss 1.92374
Epoch [74] Testing Class Recall: [0.782,0.974,0.563,0.248,0.223,0.498,0.245,0.230,0.546,0.102]
Epoch [75] Training Results: Prec@1 70.295 Prec@5 91.150             Loss 1.12672
Epoch [75] Training Class Recall: [0.687,0.713,0.641,0.661,0.666,0.686,0.731,0.743,0.746,0.755]
Epoch [75] Testing Results: Prec@1 55.950 Prec@5 87.730             Loss 1.53916
Epoch [75] Testing Class Recall: [0.883,0.942,0.684,0.367,0.551,0.383,0.619,0.655,0.109,0.402]
Epoch [76] Training Results: Prec@1 70.575 Prec@5 91.305             Loss 1.12842
Epoch [76] Training Class Recall: [0.693,0.716,0.650,0.657,0.678,0.694,0.728,0.743,0.742,0.756]
Epoch [76] Testing Results: Prec@1 55.570 Prec@5 89.240             Loss 1.52063
Epoch [76] Testing Class Recall: [0.837,0.917,0.331,0.642,0.594,0.543,0.428,0.483,0.389,0.393]
Epoch [77] Training Results: Prec@1 70.115 Prec@5 91.605             Loss 1.12303
Epoch [77] Training Class Recall: [0.677,0.717,0.642,0.639,0.677,0.687,0.721,0.750,0.743,0.757]
Epoch [77] Testing Results: Prec@1 53.110 Prec@5 85.200             Loss 1.72853
Epoch [77] Testing Class Recall: [0.875,0.879,0.572,0.340,0.288,0.449,0.663,0.759,0.232,0.254]
Epoch [78] Training Results: Prec@1 70.330 Prec@5 91.580             Loss 1.12122
Epoch [78] Training Class Recall: [0.696,0.709,0.648,0.646,0.670,0.687,0.719,0.744,0.751,0.762]
Epoch [78] Testing Results: Prec@1 55.260 Prec@5 88.170             Loss 1.52095
Epoch [78] Testing Class Recall: [0.794,0.925,0.655,0.381,0.509,0.680,0.330,0.376,0.487,0.389]
Epoch [79] Training Results: Prec@1 70.225 Prec@5 91.470             Loss 1.12210
Epoch [79] Training Class Recall: [0.681,0.709,0.641,0.661,0.675,0.689,0.724,0.738,0.748,0.756]
Epoch [79] Testing Results: Prec@1 57.730 Prec@5 90.360             Loss 1.41626
Epoch [79] Testing Class Recall: [0.488,0.861,0.711,0.545,0.371,0.462,0.704,0.686,0.546,0.399]
Epoch [80] Training Results: Prec@1 70.315 Prec@5 91.525             Loss 1.11465
Epoch [80] Training Class Recall: [0.692,0.709,0.645,0.655,0.661,0.698,0.718,0.748,0.751,0.754]
Epoch [80] Testing Results: Prec@1 51.680 Prec@5 85.480             Loss 1.79091
Epoch [80] Testing Class Recall: [0.868,0.935,0.734,0.279,0.531,0.288,0.660,0.373,0.131,0.369]
Epoch [81] Training Results: Prec@1 70.475 Prec@5 91.590             Loss 1.11955
Epoch [81] Training Class Recall: [0.686,0.712,0.643,0.658,0.669,0.693,0.730,0.745,0.752,0.759]
Epoch [81] Testing Results: Prec@1 52.740 Prec@5 86.370             Loss 1.76659
Epoch [81] Testing Class Recall: [0.811,0.945,0.544,0.570,0.330,0.625,0.565,0.385,0.079,0.420]
Epoch [82] Training Results: Prec@1 70.415 Prec@5 91.585             Loss 1.11699
Epoch [82] Training Class Recall: [0.682,0.716,0.647,0.660,0.674,0.687,0.723,0.744,0.749,0.759]
Epoch [82] Testing Results: Prec@1 55.960 Prec@5 87.300             Loss 1.52411
Epoch [82] Testing Class Recall: [0.745,0.873,0.769,0.509,0.535,0.430,0.440,0.523,0.562,0.210]
Epoch [83] Training Results: Prec@1 70.570 Prec@5 91.670             Loss 1.11168
Epoch [83] Training Class Recall: [0.684,0.711,0.655,0.658,0.674,0.694,0.726,0.746,0.752,0.757]
Epoch [83] Testing Results: Prec@1 46.740 Prec@5 83.200             Loss 2.04156
Epoch [83] Testing Class Recall: [0.665,0.843,0.896,0.301,0.344,0.440,0.265,0.494,0.294,0.132]
Epoch [84] Training Results: Prec@1 70.365 Prec@5 91.935             Loss 1.10492
Epoch [84] Training Class Recall: [0.685,0.721,0.650,0.643,0.669,0.686,0.725,0.746,0.749,0.763]
Epoch [84] Testing Results: Prec@1 55.100 Prec@5 87.150             Loss 1.61697
Epoch [84] Testing Class Recall: [0.913,0.782,0.633,0.593,0.489,0.321,0.618,0.559,0.275,0.327]
Epoch [85] Training Results: Prec@1 70.195 Prec@5 91.760             Loss 1.11600
Epoch [85] Training Class Recall: [0.680,0.709,0.645,0.652,0.674,0.684,0.720,0.751,0.746,0.758]
Epoch [85] Testing Results: Prec@1 55.780 Prec@5 87.670             Loss 1.50806
Epoch [85] Testing Class Recall: [0.849,0.845,0.434,0.370,0.387,0.572,0.794,0.751,0.191,0.385]
Epoch [86] Training Results: Prec@1 70.835 Prec@5 91.750             Loss 1.11127
Epoch [86] Training Class Recall: [0.696,0.713,0.656,0.652,0.685,0.709,0.725,0.749,0.748,0.751]
Epoch [86] Testing Results: Prec@1 57.940 Prec@5 89.780             Loss 1.45535
Epoch [86] Testing Class Recall: [0.837,0.968,0.482,0.555,0.569,0.474,0.615,0.525,0.400,0.369]
Epoch [87] Training Results: Prec@1 70.790 Prec@5 92.065             Loss 1.10181
Epoch [87] Training Class Recall: [0.685,0.707,0.658,0.661,0.682,0.709,0.731,0.742,0.743,0.760]
Epoch [87] Testing Results: Prec@1 50.420 Prec@5 87.010             Loss 1.72950
Epoch [87] Testing Class Recall: [0.713,0.991,0.519,0.281,0.488,0.411,0.564,0.621,0.331,0.123]
Epoch [88] Training Results: Prec@1 70.585 Prec@5 91.965             Loss 1.09722
Epoch [88] Training Class Recall: [0.688,0.705,0.648,0.655,0.682,0.696,0.728,0.750,0.746,0.761]
Epoch [88] Testing Results: Prec@1 55.460 Prec@5 84.790             Loss 1.69522
Epoch [88] Testing Class Recall: [0.683,0.967,0.664,0.200,0.612,0.367,0.527,0.702,0.581,0.243]
Epoch [89] Training Results: Prec@1 70.875 Prec@5 91.895             Loss 1.09652
Epoch [89] Training Class Recall: [0.685,0.717,0.647,0.662,0.687,0.697,0.733,0.747,0.749,0.764]
Epoch [89] Testing Results: Prec@1 57.110 Prec@5 87.950             Loss 1.50235
Epoch [89] Testing Class Recall: [0.821,0.917,0.546,0.246,0.379,0.729,0.672,0.424,0.546,0.431]
Epoch [90] Training Results: Prec@1 71.045 Prec@5 92.350             Loss 1.09088
Epoch [90] Training Class Recall: [0.686,0.719,0.662,0.675,0.679,0.696,0.734,0.745,0.749,0.760]
Epoch [90] Testing Results: Prec@1 56.310 Prec@5 87.450             Loss 1.52229
Epoch [90] Testing Class Recall: [0.814,0.948,0.346,0.458,0.511,0.672,0.467,0.648,0.278,0.489]
Epoch [91] Training Results: Prec@1 71.070 Prec@5 92.280             Loss 1.09094
Epoch [91] Training Class Recall: [0.693,0.715,0.646,0.666,0.688,0.703,0.726,0.751,0.752,0.767]
Epoch [91] Testing Results: Prec@1 57.280 Prec@5 89.070             Loss 1.48134
Epoch [91] Testing Class Recall: [0.842,0.779,0.432,0.474,0.455,0.357,0.736,0.546,0.678,0.429]
Epoch [92] Training Results: Prec@1 70.810 Prec@5 92.365             Loss 1.08955
Epoch [92] Training Class Recall: [0.691,0.714,0.655,0.656,0.693,0.695,0.721,0.746,0.754,0.757]
Epoch [92] Testing Results: Prec@1 58.720 Prec@5 87.440             Loss 1.48208
Epoch [92] Testing Class Recall: [0.796,0.896,0.520,0.542,0.524,0.339,0.483,0.701,0.576,0.495]
Epoch [93] Training Results: Prec@1 70.810 Prec@5 92.290             Loss 1.09560
Epoch [93] Training Class Recall: [0.693,0.717,0.658,0.661,0.675,0.698,0.721,0.749,0.752,0.757]
Epoch [93] Testing Results: Prec@1 54.630 Prec@5 86.110             Loss 1.66991
Epoch [93] Testing Class Recall: [0.730,0.976,0.437,0.570,0.755,0.274,0.718,0.435,0.442,0.126]
Epoch [94] Training Results: Prec@1 71.070 Prec@5 92.585             Loss 1.08567
Epoch [94] Training Class Recall: [0.690,0.722,0.655,0.667,0.679,0.697,0.737,0.749,0.750,0.761]
Epoch [94] Testing Results: Prec@1 48.720 Prec@5 84.100             Loss 2.07543
Epoch [94] Testing Class Recall: [0.920,0.877,0.689,0.177,0.388,0.532,0.737,0.242,0.185,0.125]
Epoch [95] Training Results: Prec@1 70.885 Prec@5 92.405             Loss 1.08736
Epoch [95] Training Class Recall: [0.688,0.710,0.655,0.665,0.686,0.708,0.720,0.745,0.755,0.757]
Epoch [95] Testing Results: Prec@1 55.110 Prec@5 85.560             Loss 1.64135
Epoch [95] Testing Class Recall: [0.697,0.921,0.553,0.342,0.650,0.272,0.822,0.590,0.486,0.178]
Epoch [96] Training Results: Prec@1 70.840 Prec@5 92.220             Loss 1.08964
Epoch [96] Training Class Recall: [0.695,0.723,0.652,0.650,0.675,0.703,0.723,0.747,0.759,0.758]
Epoch [96] Testing Results: Prec@1 49.750 Prec@5 84.840             Loss 1.75690
Epoch [96] Testing Class Recall: [0.930,0.937,0.391,0.281,0.406,0.631,0.406,0.611,0.181,0.201]
Epoch [97] Training Results: Prec@1 70.950 Prec@5 92.365             Loss 1.08448
Epoch [97] Training Class Recall: [0.701,0.711,0.656,0.658,0.689,0.697,0.729,0.746,0.751,0.757]
Epoch [97] Testing Results: Prec@1 52.480 Prec@5 87.210             Loss 1.75524
Epoch [97] Testing Class Recall: [0.912,0.682,0.655,0.403,0.515,0.417,0.512,0.507,0.425,0.220]
Epoch [98] Training Results: Prec@1 70.880 Prec@5 92.500             Loss 1.08011
Epoch [98] Training Class Recall: [0.698,0.710,0.651,0.654,0.693,0.700,0.734,0.739,0.746,0.765]
Epoch [98] Testing Results: Prec@1 56.110 Prec@5 87.460             Loss 1.53069
Epoch [98] Testing Class Recall: [0.835,0.893,0.464,0.403,0.407,0.640,0.713,0.732,0.331,0.193]
Epoch [99] Training Results: Prec@1 71.340 Prec@5 92.645             Loss 1.07575
Epoch [99] Training Class Recall: [0.697,0.720,0.656,0.666,0.689,0.710,0.731,0.752,0.753,0.760]
Epoch [99] Testing Results: Prec@1 56.110 Prec@5 86.810             Loss 1.53531
Epoch [99] Testing Class Recall: [0.682,0.866,0.612,0.369,0.541,0.752,0.543,0.482,0.224,0.540]
Epoch [100] Training Results: Prec@1 71.080 Prec@5 92.635             Loss 1.07506
Epoch [100] Training Class Recall: [0.680,0.719,0.664,0.666,0.686,0.706,0.721,0.752,0.751,0.763]
Epoch [100] Testing Results: Prec@1 55.340 Prec@5 88.280             Loss 1.58110
Epoch [100] Testing Class Recall: [0.858,0.929,0.338,0.383,0.565,0.478,0.706,0.483,0.444,0.350]
Epoch [101] Training Results: Prec@1 71.110 Prec@5 92.790             Loss 1.07407
Epoch [101] Training Class Recall: [0.692,0.715,0.654,0.670,0.694,0.691,0.734,0.750,0.753,0.758]
Epoch [101] Testing Results: Prec@1 57.020 Prec@5 87.110             Loss 1.53011
Epoch [101] Testing Class Recall: [0.823,0.861,0.631,0.537,0.552,0.471,0.378,0.674,0.471,0.304]
Epoch [102] Training Results: Prec@1 71.475 Prec@5 92.565             Loss 1.06557
Epoch [102] Training Class Recall: [0.696,0.715,0.663,0.683,0.697,0.699,0.736,0.749,0.750,0.759]
Epoch [102] Testing Results: Prec@1 54.200 Prec@5 86.260             Loss 1.68710
Epoch [102] Testing Class Recall: [0.715,0.898,0.726,0.197,0.449,0.384,0.565,0.779,0.378,0.329]
Epoch [103] Training Results: Prec@1 71.425 Prec@5 92.670             Loss 1.07246
Epoch [103] Training Class Recall: [0.691,0.721,0.671,0.669,0.680,0.706,0.735,0.755,0.751,0.764]
Epoch [103] Testing Results: Prec@1 45.260 Prec@5 84.520             Loss 2.04577
Epoch [103] Testing Class Recall: [0.849,0.865,0.844,0.306,0.354,0.279,0.480,0.257,0.149,0.143]
Epoch [104] Training Results: Prec@1 71.130 Prec@5 92.965             Loss 1.07204
Epoch [104] Training Class Recall: [0.686,0.720,0.663,0.663,0.685,0.705,0.726,0.750,0.754,0.762]
Epoch [104] Testing Results: Prec@1 48.060 Prec@5 84.200             Loss 1.94645
Epoch [104] Testing Class Recall: [0.924,0.748,0.539,0.432,0.696,0.184,0.435,0.481,0.154,0.213]
Epoch [105] Training Results: Prec@1 71.090 Prec@5 92.720             Loss 1.07214
Epoch [105] Training Class Recall: [0.695,0.722,0.657,0.660,0.692,0.689,0.728,0.757,0.748,0.762]
Epoch [105] Testing Results: Prec@1 57.110 Prec@5 86.180             Loss 1.53311
Epoch [105] Testing Class Recall: [0.747,0.869,0.607,0.239,0.522,0.283,0.757,0.696,0.758,0.233]
Epoch [106] Training Results: Prec@1 71.070 Prec@5 92.850             Loss 1.07222
Epoch [106] Training Class Recall: [0.688,0.717,0.657,0.656,0.683,0.712,0.732,0.750,0.753,0.759]
Epoch [106] Testing Results: Prec@1 57.030 Prec@5 87.900             Loss 1.52389
Epoch [106] Testing Class Recall: [0.800,0.921,0.491,0.717,0.415,0.320,0.601,0.584,0.345,0.509]
Epoch [107] Training Results: Prec@1 71.195 Prec@5 92.835             Loss 1.06656
Epoch [107] Training Class Recall: [0.697,0.719,0.653,0.674,0.681,0.706,0.733,0.746,0.753,0.758]
Epoch [107] Testing Results: Prec@1 53.330 Prec@5 86.310             Loss 1.68460
Epoch [107] Testing Class Recall: [0.814,0.836,0.662,0.580,0.470,0.367,0.351,0.540,0.442,0.271]
Epoch [108] Training Results: Prec@1 71.140 Prec@5 93.140             Loss 1.06577
Epoch [108] Training Class Recall: [0.699,0.719,0.664,0.663,0.689,0.689,0.727,0.745,0.753,0.766]
Epoch [108] Testing Results: Prec@1 54.430 Prec@5 86.260             Loss 1.65387
Epoch [108] Testing Class Recall: [0.860,0.867,0.547,0.237,0.507,0.742,0.655,0.378,0.356,0.294]
Epoch [109] Training Results: Prec@1 71.170 Prec@5 93.115             Loss 1.05450
Epoch [109] Training Class Recall: [0.695,0.709,0.654,0.668,0.688,0.701,0.742,0.742,0.756,0.763]
Epoch [109] Testing Results: Prec@1 50.300 Prec@5 84.960             Loss 1.95973
Epoch [109] Testing Class Recall: [0.895,0.857,0.695,0.528,0.452,0.272,0.324,0.514,0.384,0.109]
Epoch [110] Training Results: Prec@1 71.755 Prec@5 93.325             Loss 1.04316
Epoch [110] Training Class Recall: [0.703,0.713,0.672,0.681,0.687,0.710,0.742,0.749,0.758,0.760]
Epoch [110] Testing Results: Prec@1 52.460 Prec@5 83.840             Loss 1.71823
Epoch [110] Testing Class Recall: [0.757,0.913,0.639,0.540,0.458,0.356,0.330,0.258,0.748,0.247]
Epoch [111] Training Results: Prec@1 71.445 Prec@5 93.565             Loss 1.04639
Epoch [111] Training Class Recall: [0.693,0.716,0.666,0.660,0.693,0.719,0.733,0.750,0.754,0.761]
Epoch [111] Testing Results: Prec@1 54.560 Prec@5 86.090             Loss 1.72151
Epoch [111] Testing Class Recall: [0.856,0.849,0.650,0.603,0.506,0.246,0.668,0.554,0.394,0.130]
Epoch [112] Training Results: Prec@1 71.230 Prec@5 93.255             Loss 1.05856
Epoch [112] Training Class Recall: [0.697,0.709,0.654,0.666,0.697,0.706,0.715,0.755,0.761,0.762]
Epoch [112] Testing Results: Prec@1 53.820 Prec@5 87.580             Loss 1.61388
Epoch [112] Testing Class Recall: [0.757,0.607,0.545,0.433,0.536,0.334,0.829,0.684,0.390,0.267]
Epoch [113] Training Results: Prec@1 71.640 Prec@5 93.340             Loss 1.04871
Epoch [113] Training Class Recall: [0.696,0.718,0.662,0.672,0.696,0.709,0.736,0.756,0.760,0.760]
Epoch [113] Testing Results: Prec@1 49.710 Prec@5 83.610             Loss 1.91427
Epoch [113] Testing Class Recall: [0.727,0.793,0.600,0.666,0.487,0.227,0.821,0.299,0.180,0.171]
Epoch [114] Training Results: Prec@1 71.690 Prec@5 93.285             Loss 1.04683
Epoch [114] Training Class Recall: [0.692,0.714,0.667,0.669,0.699,0.717,0.736,0.751,0.761,0.763]
Epoch [114] Testing Results: Prec@1 53.100 Prec@5 86.110             Loss 1.72090
Epoch [114] Testing Class Recall: [0.780,0.959,0.401,0.463,0.585,0.319,0.634,0.644,0.182,0.343]
Epoch [115] Training Results: Prec@1 71.360 Prec@5 93.140             Loss 1.05480
Epoch [115] Training Class Recall: [0.693,0.714,0.657,0.675,0.696,0.697,0.734,0.749,0.757,0.763]
Epoch [115] Testing Results: Prec@1 52.940 Prec@5 86.650             Loss 1.64339
Epoch [115] Testing Class Recall: [0.652,0.966,0.658,0.335,0.323,0.385,0.810,0.601,0.247,0.317]
Epoch [116] Training Results: Prec@1 71.645 Prec@5 93.275             Loss 1.04701
Epoch [116] Training Class Recall: [0.698,0.719,0.649,0.669,0.702,0.706,0.740,0.762,0.757,0.763]
Epoch [116] Testing Results: Prec@1 56.590 Prec@5 87.920             Loss 1.53078
Epoch [116] Testing Class Recall: [0.854,0.774,0.480,0.646,0.311,0.447,0.771,0.555,0.576,0.245]
Epoch [117] Training Results: Prec@1 71.670 Prec@5 93.595             Loss 1.04272
Epoch [117] Training Class Recall: [0.697,0.723,0.671,0.664,0.700,0.704,0.738,0.757,0.756,0.757]
Epoch [117] Testing Results: Prec@1 51.950 Prec@5 82.890             Loss 1.91649
Epoch [117] Testing Class Recall: [0.755,0.946,0.663,0.482,0.517,0.183,0.705,0.433,0.311,0.200]
Epoch [118] Training Results: Prec@1 71.470 Prec@5 93.525             Loss 1.04301
Epoch [118] Training Class Recall: [0.695,0.726,0.662,0.667,0.694,0.702,0.735,0.750,0.754,0.761]
Epoch [118] Testing Results: Prec@1 56.330 Prec@5 87.890             Loss 1.61694
Epoch [118] Testing Class Recall: [0.828,0.885,0.684,0.467,0.437,0.562,0.559,0.383,0.480,0.348]
Epoch [119] Training Results: Prec@1 71.795 Prec@5 93.520             Loss 1.04299
Epoch [119] Training Class Recall: [0.691,0.718,0.664,0.684,0.695,0.712,0.735,0.757,0.760,0.763]
Epoch [119] Testing Results: Prec@1 52.570 Prec@5 85.610             Loss 1.76368
Epoch [119] Testing Class Recall: [0.819,0.973,0.384,0.528,0.421,0.610,0.398,0.554,0.314,0.256]
Epoch [120] Training Results: Prec@1 71.670 Prec@5 93.415             Loss 1.03738
Epoch [120] Training Class Recall: [0.706,0.717,0.668,0.673,0.678,0.707,0.729,0.757,0.765,0.766]
Epoch [120] Testing Results: Prec@1 51.630 Prec@5 83.540             Loss 1.81806
Epoch [120] Testing Class Recall: [0.854,0.952,0.409,0.367,0.520,0.454,0.635,0.441,0.350,0.181]
Epoch [121] Training Results: Prec@1 71.600 Prec@5 93.770             Loss 1.03707
Epoch [121] Training Class Recall: [0.706,0.724,0.665,0.660,0.687,0.699,0.736,0.756,0.758,0.770]
Epoch [121] Testing Results: Prec@1 55.310 Prec@5 87.660             Loss 1.68807
Epoch [121] Testing Class Recall: [0.783,0.831,0.617,0.425,0.464,0.616,0.752,0.515,0.149,0.379]
Epoch [122] Training Results: Prec@1 71.915 Prec@5 93.530             Loss 1.03697
Epoch [122] Training Class Recall: [0.696,0.715,0.678,0.683,0.703,0.706,0.733,0.752,0.760,0.766]
Epoch [122] Testing Results: Prec@1 49.210 Prec@5 84.710             Loss 1.81385
Epoch [122] Testing Class Recall: [0.901,0.933,0.465,0.282,0.464,0.158,0.646,0.469,0.359,0.244]
Epoch [123] Training Results: Prec@1 71.745 Prec@5 93.770             Loss 1.03445
Epoch [123] Training Class Recall: [0.700,0.723,0.666,0.674,0.696,0.694,0.741,0.755,0.759,0.767]
Epoch [123] Testing Results: Prec@1 57.390 Prec@5 88.180             Loss 1.51586
Epoch [123] Testing Class Recall: [0.693,0.932,0.419,0.545,0.594,0.559,0.723,0.509,0.451,0.314]
Epoch [124] Training Results: Prec@1 71.590 Prec@5 93.705             Loss 1.03268
Epoch [124] Training Class Recall: [0.687,0.720,0.662,0.680,0.713,0.696,0.738,0.751,0.754,0.758]
Epoch [124] Testing Results: Prec@1 54.000 Prec@5 88.070             Loss 1.60273
Epoch [124] Testing Class Recall: [0.518,0.902,0.768,0.303,0.617,0.394,0.666,0.498,0.384,0.350]
Epoch [125] Training Results: Prec@1 71.500 Prec@5 93.615             Loss 1.04223
Epoch [125] Training Class Recall: [0.702,0.721,0.656,0.676,0.680,0.704,0.740,0.751,0.755,0.766]
Epoch [125] Testing Results: Prec@1 54.490 Prec@5 85.170             Loss 1.68424
Epoch [125] Testing Class Recall: [0.677,0.949,0.800,0.224,0.430,0.505,0.449,0.625,0.323,0.467]
Epoch [126] Training Results: Prec@1 71.690 Prec@5 93.810             Loss 1.02848
Epoch [126] Training Class Recall: [0.700,0.726,0.665,0.661,0.697,0.698,0.731,0.753,0.768,0.770]
Epoch [126] Testing Results: Prec@1 52.480 Prec@5 86.700             Loss 1.71174
Epoch [126] Testing Class Recall: [0.838,0.718,0.392,0.504,0.601,0.453,0.454,0.734,0.300,0.254]
Epoch [127] Training Results: Prec@1 71.680 Prec@5 93.520             Loss 1.03981
Epoch [127] Training Class Recall: [0.694,0.719,0.671,0.667,0.705,0.698,0.731,0.752,0.765,0.766]
Epoch [127] Testing Results: Prec@1 52.130 Prec@5 84.610             Loss 1.82756
Epoch [127] Testing Class Recall: [0.744,0.952,0.629,0.553,0.327,0.497,0.448,0.350,0.500,0.213]
Epoch [128] Training Results: Prec@1 72.035 Prec@5 93.890             Loss 1.02829
Epoch [128] Training Class Recall: [0.701,0.719,0.670,0.671,0.706,0.706,0.744,0.759,0.758,0.769]
Epoch [128] Testing Results: Prec@1 56.270 Prec@5 87.330             Loss 1.63095
Epoch [128] Testing Class Recall: [0.866,0.857,0.400,0.513,0.289,0.612,0.463,0.634,0.574,0.419]
Epoch [129] Training Results: Prec@1 71.905 Prec@5 93.860             Loss 1.03201
Epoch [129] Training Class Recall: [0.695,0.723,0.671,0.679,0.702,0.705,0.735,0.758,0.758,0.763]
Epoch [129] Testing Results: Prec@1 54.390 Prec@5 86.510             Loss 1.70811
Epoch [129] Testing Class Recall: [0.807,0.916,0.612,0.526,0.501,0.449,0.545,0.285,0.472,0.326]
Epoch [130] Training Results: Prec@1 71.580 Prec@5 93.925             Loss 1.02211
Epoch [130] Training Class Recall: [0.694,0.705,0.675,0.675,0.699,0.705,0.725,0.754,0.762,0.766]
Epoch [130] Testing Results: Prec@1 49.960 Prec@5 82.970             Loss 2.07739
Epoch [130] Testing Class Recall: [0.924,0.927,0.524,0.355,0.567,0.338,0.460,0.541,0.115,0.245]
Epoch [131] Training Results: Prec@1 71.840 Prec@5 94.065             Loss 1.02545
Epoch [131] Training Class Recall: [0.701,0.720,0.673,0.674,0.687,0.704,0.744,0.754,0.758,0.769]
Epoch [131] Testing Results: Prec@1 54.560 Prec@5 87.260             Loss 1.64975
Epoch [131] Testing Class Recall: [0.856,0.863,0.525,0.542,0.264,0.450,0.624,0.545,0.297,0.490]
Epoch [132] Training Results: Prec@1 71.855 Prec@5 94.010             Loss 1.02844
Epoch [132] Training Class Recall: [0.698,0.715,0.677,0.677,0.693,0.706,0.738,0.758,0.758,0.765]
Epoch [132] Testing Results: Prec@1 57.830 Prec@5 88.950             Loss 1.50962
Epoch [132] Testing Class Recall: [0.806,0.859,0.559,0.331,0.482,0.386,0.681,0.729,0.649,0.301]
Epoch [133] Training Results: Prec@1 71.720 Prec@5 93.905             Loss 1.02641
Epoch [133] Training Class Recall: [0.694,0.715,0.672,0.673,0.698,0.702,0.740,0.756,0.755,0.767]
Epoch [133] Testing Results: Prec@1 54.750 Prec@5 87.340             Loss 1.54813
Epoch [133] Testing Class Recall: [0.729,0.578,0.571,0.298,0.420,0.603,0.396,0.557,0.709,0.614]
Epoch [134] Training Results: Prec@1 72.215 Prec@5 94.080             Loss 1.01327
Epoch [134] Training Class Recall: [0.700,0.722,0.669,0.686,0.701,0.713,0.734,0.760,0.767,0.770]
Epoch [134] Testing Results: Prec@1 56.690 Prec@5 87.220             Loss 1.56177
Epoch [134] Testing Class Recall: [0.786,0.894,0.727,0.429,0.380,0.540,0.622,0.602,0.412,0.277]
Epoch [135] Training Results: Prec@1 71.790 Prec@5 94.165             Loss 1.01995
Epoch [135] Training Class Recall: [0.701,0.723,0.669,0.675,0.688,0.705,0.736,0.760,0.757,0.765]
Epoch [135] Testing Results: Prec@1 53.110 Prec@5 86.960             Loss 1.73647
Epoch [135] Testing Class Recall: [0.629,0.922,0.630,0.642,0.525,0.381,0.498,0.346,0.247,0.491]
Epoch [136] Training Results: Prec@1 72.225 Prec@5 94.155             Loss 1.01562
Epoch [136] Training Class Recall: [0.698,0.720,0.679,0.684,0.713,0.705,0.739,0.759,0.758,0.768]
Epoch [136] Testing Results: Prec@1 50.270 Prec@5 84.240             Loss 1.99240
Epoch [136] Testing Class Recall: [0.883,0.799,0.459,0.649,0.295,0.351,0.689,0.349,0.401,0.152]
Epoch [137] Training Results: Prec@1 72.090 Prec@5 94.190             Loss 1.01187
Epoch [137] Training Class Recall: [0.704,0.717,0.677,0.674,0.695,0.705,0.747,0.761,0.759,0.770]
Epoch [137] Testing Results: Prec@1 55.590 Prec@5 88.110             Loss 1.56431
Epoch [137] Testing Class Recall: [0.675,0.885,0.508,0.593,0.492,0.556,0.621,0.451,0.491,0.287]
Epoch [138] Training Results: Prec@1 71.810 Prec@5 94.230             Loss 1.01615
Epoch [138] Training Class Recall: [0.694,0.720,0.670,0.679,0.691,0.713,0.736,0.764,0.751,0.764]
Epoch [138] Testing Results: Prec@1 53.500 Prec@5 86.290             Loss 1.74578
Epoch [138] Testing Class Recall: [0.845,0.838,0.577,0.291,0.543,0.328,0.608,0.427,0.491,0.402]
Epoch [139] Training Results: Prec@1 71.995 Prec@5 94.125             Loss 1.01472
Epoch [139] Training Class Recall: [0.695,0.723,0.674,0.676,0.690,0.707,0.746,0.756,0.761,0.771]
Epoch [139] Testing Results: Prec@1 52.460 Prec@5 86.400             Loss 1.85857
Epoch [139] Testing Class Recall: [0.908,0.679,0.640,0.567,0.598,0.352,0.507,0.453,0.254,0.288]
Epoch [140] Training Results: Prec@1 71.950 Prec@5 93.965             Loss 1.01617
Epoch [140] Training Class Recall: [0.704,0.723,0.672,0.670,0.703,0.713,0.738,0.754,0.761,0.757]
Epoch [140] Testing Results: Prec@1 53.860 Prec@5 85.690             Loss 1.78012
Epoch [140] Testing Class Recall: [0.769,0.905,0.742,0.397,0.461,0.500,0.696,0.348,0.389,0.179]
Epoch [141] Training Results: Prec@1 72.240 Prec@5 94.225             Loss 1.01021
Epoch [141] Training Class Recall: [0.701,0.728,0.672,0.686,0.697,0.711,0.735,0.761,0.763,0.769]
Epoch [141] Testing Results: Prec@1 50.580 Prec@5 83.210             Loss 1.86318
Epoch [141] Testing Class Recall: [0.837,0.670,0.659,0.287,0.675,0.260,0.558,0.575,0.227,0.310]
Epoch [142] Training Results: Prec@1 72.175 Prec@5 94.445             Loss 1.00410
Epoch [142] Training Class Recall: [0.701,0.715,0.673,0.682,0.697,0.716,0.744,0.760,0.759,0.771]
Epoch [142] Testing Results: Prec@1 55.170 Prec@5 86.590             Loss 1.72816
Epoch [142] Testing Class Recall: [0.858,0.839,0.424,0.460,0.743,0.661,0.321,0.409,0.451,0.351]
Epoch [143] Training Results: Prec@1 72.120 Prec@5 94.370             Loss 1.00399
Epoch [143] Training Class Recall: [0.711,0.721,0.673,0.671,0.711,0.706,0.731,0.759,0.761,0.769]
Epoch [143] Testing Results: Prec@1 53.550 Prec@5 82.780             Loss 1.78863
Epoch [143] Testing Class Recall: [0.690,0.957,0.705,0.104,0.470,0.608,0.762,0.543,0.198,0.318]
Epoch [144] Training Results: Prec@1 72.205 Prec@5 94.460             Loss 1.00798
Epoch [144] Training Class Recall: [0.710,0.719,0.667,0.679,0.699,0.706,0.737,0.761,0.765,0.777]
Epoch [144] Testing Results: Prec@1 52.890 Prec@5 88.540             Loss 1.69500
Epoch [144] Testing Class Recall: [0.632,0.816,0.410,0.751,0.329,0.485,0.363,0.649,0.411,0.443]
Epoch [145] Training Results: Prec@1 72.515 Prec@5 94.510             Loss 0.99292
Epoch [145] Training Class Recall: [0.707,0.721,0.681,0.682,0.708,0.716,0.748,0.762,0.758,0.768]
Epoch [145] Testing Results: Prec@1 52.430 Prec@5 86.980             Loss 1.80513
Epoch [145] Testing Class Recall: [0.891,0.840,0.621,0.473,0.326,0.501,0.605,0.521,0.149,0.316]
Epoch [146] Training Results: Prec@1 72.495 Prec@5 94.305             Loss 1.00075
Epoch [146] Training Class Recall: [0.709,0.723,0.684,0.675,0.699,0.709,0.748,0.765,0.760,0.777]
Epoch [146] Testing Results: Prec@1 53.530 Prec@5 84.930             Loss 1.79421
Epoch [146] Testing Class Recall: [0.696,0.951,0.710,0.314,0.415,0.370,0.444,0.700,0.532,0.221]
Epoch [147] Training Results: Prec@1 72.455 Prec@5 94.275             Loss 0.99975
Epoch [147] Training Class Recall: [0.707,0.721,0.674,0.685,0.694,0.715,0.744,0.764,0.765,0.777]
Epoch [147] Testing Results: Prec@1 52.100 Prec@5 85.490             Loss 1.80029
Epoch [147] Testing Class Recall: [0.898,0.752,0.449,0.356,0.554,0.620,0.704,0.423,0.248,0.206]
Epoch [148] Training Results: Prec@1 71.930 Prec@5 94.355             Loss 1.00286
Epoch [148] Training Class Recall: [0.689,0.721,0.670,0.676,0.696,0.702,0.746,0.764,0.764,0.765]
Epoch [148] Testing Results: Prec@1 52.840 Prec@5 84.600             Loss 1.68611
Epoch [148] Testing Class Recall: [0.625,0.931,0.564,0.244,0.481,0.627,0.320,0.685,0.415,0.392]
Epoch [149] Training Results: Prec@1 72.570 Prec@5 94.490             Loss 0.99377
Epoch [149] Training Class Recall: [0.703,0.721,0.679,0.678,0.707,0.719,0.743,0.765,0.771,0.771]
Epoch [149] Testing Results: Prec@1 56.460 Prec@5 88.390             Loss 1.68429
Epoch [149] Testing Class Recall: [0.856,0.795,0.688,0.397,0.561,0.549,0.534,0.433,0.352,0.481]
Epoch [150] Training Results: Prec@1 72.130 Prec@5 94.365             Loss 1.00495
Epoch [150] Training Class Recall: [0.697,0.721,0.675,0.684,0.690,0.713,0.746,0.759,0.758,0.770]
Epoch [150] Testing Results: Prec@1 55.400 Prec@5 87.810             Loss 1.59434
Epoch [150] Testing Class Recall: [0.709,0.914,0.609,0.155,0.511,0.671,0.682,0.403,0.564,0.322]
Epoch [151] Training Results: Prec@1 72.290 Prec@5 94.340             Loss 1.00069
Epoch [151] Training Class Recall: [0.706,0.728,0.681,0.672,0.703,0.703,0.744,0.759,0.758,0.773]
Epoch [151] Testing Results: Prec@1 57.680 Prec@5 87.750             Loss 1.57626
Epoch [151] Testing Class Recall: [0.743,0.900,0.546,0.524,0.651,0.459,0.526,0.588,0.519,0.312]
Epoch [152] Training Results: Prec@1 72.150 Prec@5 94.575             Loss 1.00262
Epoch [152] Training Class Recall: [0.706,0.729,0.675,0.686,0.681,0.716,0.735,0.754,0.764,0.768]
Epoch [152] Testing Results: Prec@1 53.600 Prec@5 86.980             Loss 1.69321
Epoch [152] Testing Class Recall: [0.686,0.792,0.672,0.320,0.478,0.709,0.566,0.460,0.285,0.392]
Epoch [153] Training Results: Prec@1 72.255 Prec@5 94.495             Loss 0.99202
Epoch [153] Training Class Recall: [0.696,0.722,0.672,0.673,0.711,0.709,0.747,0.761,0.764,0.770]
Epoch [153] Testing Results: Prec@1 54.110 Prec@5 84.720             Loss 1.84532
Epoch [153] Testing Class Recall: [0.838,0.903,0.672,0.425,0.618,0.363,0.515,0.640,0.144,0.293]
Epoch [154] Training Results: Prec@1 72.265 Prec@5 94.475             Loss 0.99591
Epoch [154] Training Class Recall: [0.698,0.716,0.677,0.683,0.703,0.721,0.735,0.765,0.754,0.774]
Epoch [154] Testing Results: Prec@1 48.160 Prec@5 84.080             Loss 2.09725
Epoch [154] Testing Class Recall: [0.805,0.738,0.723,0.516,0.386,0.370,0.366,0.328,0.379,0.205]
Epoch [155] Training Results: Prec@1 72.615 Prec@5 94.640             Loss 0.98809
Epoch [155] Training Class Recall: [0.706,0.727,0.685,0.689,0.698,0.710,0.749,0.766,0.759,0.771]
Epoch [155] Testing Results: Prec@1 56.870 Prec@5 88.730             Loss 1.62301
Epoch [155] Testing Class Recall: [0.759,0.832,0.681,0.361,0.638,0.258,0.613,0.538,0.482,0.525]
Epoch [156] Training Results: Prec@1 72.305 Prec@5 94.545             Loss 1.00231
Epoch [156] Training Class Recall: [0.704,0.722,0.674,0.686,0.698,0.706,0.745,0.756,0.766,0.773]
Epoch [156] Testing Results: Prec@1 37.410 Prec@5 82.750             Loss 2.43937
Epoch [156] Testing Class Recall: [0.984,0.603,0.267,0.198,0.206,0.418,0.345,0.446,0.186,0.088]
Epoch [157] Training Results: Prec@1 72.480 Prec@5 94.955             Loss 0.98927
Epoch [157] Training Class Recall: [0.710,0.718,0.682,0.675,0.704,0.719,0.738,0.763,0.762,0.777]
Epoch [157] Testing Results: Prec@1 54.680 Prec@5 86.840             Loss 1.61383
Epoch [157] Testing Class Recall: [0.748,0.737,0.562,0.218,0.364,0.602,0.815,0.682,0.373,0.367]
Epoch [158] Training Results: Prec@1 72.315 Prec@5 94.740             Loss 0.99754
Epoch [158] Training Class Recall: [0.704,0.724,0.668,0.690,0.699,0.706,0.736,0.763,0.762,0.778]
Epoch [158] Testing Results: Prec@1 51.780 Prec@5 83.830             Loss 1.87897
Epoch [158] Testing Class Recall: [0.740,0.850,0.711,0.361,0.320,0.228,0.582,0.598,0.601,0.187]
Epoch [159] Training Results: Prec@1 72.145 Prec@5 94.760             Loss 0.99328
Epoch [159] Training Class Recall: [0.707,0.730,0.669,0.683,0.693,0.705,0.735,0.761,0.765,0.766]
Epoch [159] Testing Results: Prec@1 58.070 Prec@5 87.890             Loss 1.54705
Epoch [159] Testing Class Recall: [0.745,0.906,0.635,0.282,0.527,0.628,0.713,0.559,0.356,0.456]
Epoch [160] Training Results: Prec@1 74.655 Prec@5 95.800             Loss 0.90679
Epoch [160] Training Class Recall: [0.730,0.751,0.703,0.676,0.736,0.766,0.773,0.777,0.766,0.787]
Epoch [160] Testing Results: Prec@1 59.620 Prec@5 88.860             Loss 1.49464
Epoch [160] Testing Class Recall: [0.859,0.898,0.594,0.495,0.558,0.532,0.695,0.597,0.311,0.423]
Epoch [161] Training Results: Prec@1 75.715 Prec@5 96.240             Loss 0.86100
Epoch [161] Training Class Recall: [0.741,0.759,0.720,0.716,0.752,0.754,0.770,0.789,0.781,0.789]
Epoch [161] Testing Results: Prec@1 60.080 Prec@5 88.940             Loss 1.48789
Epoch [161] Testing Class Recall: [0.868,0.896,0.603,0.541,0.547,0.492,0.670,0.609,0.342,0.440]
Epoch [162] Training Results: Prec@1 76.145 Prec@5 96.550             Loss 0.83339
Epoch [162] Training Class Recall: [0.741,0.757,0.742,0.728,0.752,0.766,0.765,0.793,0.780,0.790]
Epoch [162] Testing Results: Prec@1 59.110 Prec@5 88.510             Loss 1.54577
Epoch [162] Testing Class Recall: [0.862,0.910,0.594,0.577,0.547,0.490,0.642,0.597,0.323,0.369]
Epoch [163] Training Results: Prec@1 76.910 Prec@5 96.610             Loss 0.81622
Epoch [163] Training Class Recall: [0.754,0.761,0.750,0.742,0.759,0.766,0.777,0.804,0.787,0.791]
Epoch [163] Testing Results: Prec@1 59.350 Prec@5 88.790             Loss 1.53197
Epoch [163] Testing Class Recall: [0.861,0.896,0.604,0.572,0.569,0.474,0.656,0.584,0.338,0.381]
Epoch [164] Training Results: Prec@1 77.170 Prec@5 96.690             Loss 0.80681
Epoch [164] Training Class Recall: [0.752,0.761,0.754,0.754,0.759,0.770,0.779,0.797,0.793,0.799]
Epoch [164] Testing Results: Prec@1 58.730 Prec@5 88.380             Loss 1.55778
Epoch [164] Testing Class Recall: [0.859,0.902,0.626,0.524,0.558,0.477,0.625,0.604,0.343,0.355]
Epoch [165] Training Results: Prec@1 77.520 Prec@5 96.900             Loss 0.79467
Epoch [165] Training Class Recall: [0.754,0.770,0.763,0.752,0.772,0.774,0.777,0.802,0.793,0.795]
Epoch [165] Testing Results: Prec@1 58.850 Prec@5 88.480             Loss 1.57029
Epoch [165] Testing Class Recall: [0.855,0.905,0.612,0.569,0.561,0.472,0.623,0.582,0.347,0.359]
Epoch [166] Training Results: Prec@1 77.360 Prec@5 97.005             Loss 0.78677
Epoch [166] Training Class Recall: [0.756,0.760,0.759,0.765,0.768,0.766,0.780,0.801,0.788,0.793]
Epoch [166] Testing Results: Prec@1 58.850 Prec@5 88.470             Loss 1.58148
Epoch [166] Testing Class Recall: [0.862,0.891,0.614,0.584,0.540,0.477,0.629,0.577,0.357,0.354]
Epoch [167] Training Results: Prec@1 77.715 Prec@5 97.120             Loss 0.77803
Epoch [167] Training Class Recall: [0.758,0.773,0.761,0.763,0.765,0.772,0.783,0.807,0.789,0.801]
Epoch [167] Testing Results: Prec@1 58.570 Prec@5 88.300             Loss 1.59111
Epoch [167] Testing Class Recall: [0.855,0.899,0.620,0.583,0.531,0.468,0.637,0.562,0.344,0.358]
Epoch [168] Training Results: Prec@1 77.815 Prec@5 97.225             Loss 0.77248
Epoch [168] Training Class Recall: [0.765,0.772,0.771,0.763,0.768,0.776,0.781,0.803,0.789,0.794]
Epoch [168] Testing Results: Prec@1 58.810 Prec@5 88.530             Loss 1.57993
Epoch [168] Testing Class Recall: [0.852,0.900,0.609,0.587,0.541,0.483,0.620,0.559,0.356,0.374]
Epoch [169] Training Results: Prec@1 77.935 Prec@5 97.150             Loss 0.76375
Epoch [169] Training Class Recall: [0.761,0.773,0.767,0.764,0.771,0.774,0.787,0.804,0.795,0.798]
Epoch [169] Testing Results: Prec@1 57.660 Prec@5 87.750             Loss 1.65574
Epoch [169] Testing Class Recall: [0.857,0.904,0.607,0.582,0.541,0.470,0.615,0.545,0.327,0.318]
Epoch [170] Training Results: Prec@1 78.090 Prec@5 97.240             Loss 0.75450
Epoch [170] Training Class Recall: [0.765,0.770,0.776,0.778,0.775,0.774,0.784,0.804,0.789,0.795]
Epoch [170] Testing Results: Prec@1 57.460 Prec@5 87.890             Loss 1.66691
Epoch [170] Testing Class Recall: [0.857,0.899,0.629,0.543,0.551,0.468,0.588,0.548,0.323,0.340]
Epoch [171] Training Results: Prec@1 78.190 Prec@5 97.310             Loss 0.75447
Epoch [171] Training Class Recall: [0.768,0.776,0.774,0.775,0.770,0.769,0.786,0.809,0.796,0.796]
Epoch [171] Testing Results: Prec@1 57.460 Prec@5 87.710             Loss 1.67111
Epoch [171] Testing Class Recall: [0.840,0.895,0.606,0.603,0.541,0.462,0.608,0.541,0.332,0.318]
Epoch [172] Training Results: Prec@1 78.440 Prec@5 97.330             Loss 0.74885
Epoch [172] Training Class Recall: [0.766,0.776,0.777,0.774,0.774,0.776,0.786,0.811,0.806,0.798]
Epoch [172] Testing Results: Prec@1 57.690 Prec@5 87.880             Loss 1.64175
Epoch [172] Testing Class Recall: [0.845,0.895,0.604,0.583,0.528,0.464,0.609,0.539,0.351,0.351]
Epoch [173] Training Results: Prec@1 78.470 Prec@5 97.420             Loss 0.74318
Epoch [173] Training Class Recall: [0.763,0.778,0.773,0.778,0.777,0.777,0.789,0.812,0.796,0.805]
Epoch [173] Testing Results: Prec@1 57.680 Prec@5 87.910             Loss 1.65906
Epoch [173] Testing Class Recall: [0.833,0.903,0.627,0.566,0.521,0.476,0.604,0.554,0.329,0.355]
Epoch [174] Training Results: Prec@1 78.640 Prec@5 97.265             Loss 0.73733
Epoch [174] Training Class Recall: [0.767,0.773,0.777,0.778,0.781,0.786,0.792,0.803,0.803,0.803]
Epoch [174] Testing Results: Prec@1 57.550 Prec@5 87.900             Loss 1.66912
Epoch [174] Testing Class Recall: [0.828,0.894,0.622,0.579,0.526,0.472,0.585,0.561,0.329,0.359]
Epoch [175] Training Results: Prec@1 78.655 Prec@5 97.455             Loss 0.73416
Epoch [175] Training Class Recall: [0.769,0.776,0.783,0.772,0.779,0.782,0.791,0.809,0.804,0.802]
Epoch [175] Testing Results: Prec@1 57.070 Prec@5 87.470             Loss 1.69806
Epoch [175] Testing Class Recall: [0.842,0.878,0.610,0.584,0.530,0.422,0.604,0.560,0.326,0.351]
Epoch [176] Training Results: Prec@1 78.975 Prec@5 97.410             Loss 0.72543
Epoch [176] Training Class Recall: [0.772,0.779,0.782,0.779,0.782,0.787,0.788,0.822,0.804,0.803]
Epoch [176] Testing Results: Prec@1 56.930 Prec@5 87.700             Loss 1.70856
Epoch [176] Testing Class Recall: [0.852,0.882,0.600,0.567,0.525,0.472,0.596,0.536,0.313,0.350]
Epoch [177] Training Results: Prec@1 78.810 Prec@5 97.490             Loss 0.72464
Epoch [177] Training Class Recall: [0.770,0.773,0.779,0.776,0.780,0.782,0.793,0.813,0.810,0.805]
Epoch [177] Testing Results: Prec@1 57.240 Prec@5 87.450             Loss 1.69362
Epoch [177] Testing Class Recall: [0.838,0.882,0.604,0.537,0.560,0.467,0.618,0.545,0.324,0.349]
Epoch [178] Training Results: Prec@1 79.055 Prec@5 97.525             Loss 0.72206
Epoch [178] Training Class Recall: [0.768,0.784,0.789,0.776,0.784,0.784,0.798,0.817,0.798,0.806]
Epoch [178] Testing Results: Prec@1 56.910 Prec@5 87.510             Loss 1.70104
Epoch [178] Testing Class Recall: [0.844,0.880,0.589,0.563,0.533,0.473,0.591,0.529,0.343,0.346]
Epoch [179] Training Results: Prec@1 79.160 Prec@5 97.510             Loss 0.71527
Epoch [179] Training Class Recall: [0.774,0.778,0.789,0.784,0.785,0.788,0.789,0.819,0.801,0.810]
Epoch [179] Testing Results: Prec@1 56.270 Prec@5 86.830             Loss 1.78181
Epoch [179] Testing Class Recall: [0.844,0.890,0.611,0.564,0.527,0.469,0.578,0.536,0.329,0.279]
Epoch [180] Training Results: Prec@1 79.145 Prec@5 97.625             Loss 0.71409
Epoch [180] Training Class Recall: [0.773,0.776,0.783,0.786,0.776,0.792,0.796,0.823,0.802,0.808]
Epoch [180] Testing Results: Prec@1 56.870 Prec@5 87.380             Loss 1.73086
Epoch [180] Testing Class Recall: [0.847,0.884,0.613,0.575,0.533,0.458,0.580,0.515,0.326,0.356]
Epoch [181] Training Results: Prec@1 79.095 Prec@5 97.570             Loss 0.71850
Epoch [181] Training Class Recall: [0.779,0.781,0.788,0.783,0.777,0.782,0.797,0.812,0.803,0.809]
Epoch [181] Testing Results: Prec@1 57.020 Prec@5 87.480             Loss 1.72036
Epoch [181] Testing Class Recall: [0.825,0.903,0.622,0.575,0.523,0.456,0.573,0.530,0.357,0.338]
Epoch [182] Training Results: Prec@1 78.960 Prec@5 97.570             Loss 0.71637
Epoch [182] Training Class Recall: [0.769,0.778,0.784,0.783,0.778,0.790,0.792,0.811,0.808,0.804]
Epoch [182] Testing Results: Prec@1 56.770 Prec@5 87.450             Loss 1.72284
Epoch [182] Testing Class Recall: [0.836,0.879,0.597,0.576,0.544,0.458,0.589,0.546,0.315,0.337]
Epoch [183] Training Results: Prec@1 79.115 Prec@5 97.590             Loss 0.71130
Epoch [183] Training Class Recall: [0.776,0.783,0.784,0.785,0.782,0.793,0.795,0.808,0.800,0.806]
Epoch [183] Testing Results: Prec@1 56.140 Prec@5 87.130             Loss 1.77475
Epoch [183] Testing Class Recall: [0.855,0.886,0.606,0.570,0.532,0.461,0.568,0.516,0.305,0.315]
Epoch [184] Training Results: Prec@1 79.180 Prec@5 97.435             Loss 0.71416
Epoch [184] Training Class Recall: [0.772,0.780,0.790,0.778,0.783,0.789,0.801,0.814,0.804,0.806]
Epoch [184] Testing Results: Prec@1 56.290 Prec@5 87.240             Loss 1.74321
Epoch [184] Testing Class Recall: [0.843,0.879,0.589,0.574,0.539,0.457,0.580,0.509,0.321,0.338]
Epoch [185] Training Results: Prec@1 79.145 Prec@5 97.500             Loss 0.71726
Epoch [185] Training Class Recall: [0.772,0.785,0.786,0.779,0.784,0.781,0.796,0.816,0.808,0.808]
Epoch [185] Testing Results: Prec@1 56.550 Prec@5 87.320             Loss 1.72855
Epoch [185] Testing Class Recall: [0.831,0.883,0.625,0.569,0.518,0.446,0.594,0.546,0.320,0.323]
Epoch [186] Training Results: Prec@1 79.145 Prec@5 97.575             Loss 0.71354
Epoch [186] Training Class Recall: [0.776,0.785,0.779,0.785,0.783,0.785,0.794,0.814,0.803,0.809]
Epoch [186] Testing Results: Prec@1 56.630 Prec@5 87.320             Loss 1.73488
Epoch [186] Testing Class Recall: [0.859,0.882,0.569,0.582,0.517,0.476,0.576,0.525,0.335,0.342]
Epoch [187] Training Results: Prec@1 78.890 Prec@5 97.460             Loss 0.71889
Epoch [187] Training Class Recall: [0.766,0.785,0.783,0.776,0.772,0.789,0.794,0.812,0.808,0.804]
Epoch [187] Testing Results: Prec@1 56.630 Prec@5 87.290             Loss 1.73245
Epoch [187] Testing Class Recall: [0.836,0.879,0.618,0.560,0.534,0.465,0.584,0.536,0.308,0.343]
Epoch [188] Training Results: Prec@1 79.205 Prec@5 97.510             Loss 0.71153
Epoch [188] Training Class Recall: [0.769,0.783,0.785,0.776,0.780,0.801,0.796,0.815,0.808,0.807]
Epoch [188] Testing Results: Prec@1 56.420 Prec@5 87.140             Loss 1.74443
Epoch [188] Testing Class Recall: [0.835,0.900,0.590,0.567,0.529,0.467,0.569,0.533,0.317,0.335]
Epoch [189] Training Results: Prec@1 79.115 Prec@5 97.525             Loss 0.71864
Epoch [189] Training Class Recall: [0.776,0.779,0.788,0.784,0.774,0.788,0.798,0.813,0.804,0.806]
Epoch [189] Testing Results: Prec@1 56.560 Prec@5 87.190             Loss 1.73611
Epoch [189] Testing Class Recall: [0.841,0.900,0.573,0.584,0.522,0.469,0.584,0.530,0.331,0.322]
Epoch [190] Training Results: Prec@1 79.150 Prec@5 97.610             Loss 0.71042
Epoch [190] Training Class Recall: [0.769,0.783,0.783,0.778,0.782,0.790,0.801,0.810,0.811,0.806]
Epoch [190] Testing Results: Prec@1 57.080 Prec@5 87.620             Loss 1.70484
Epoch [190] Testing Class Recall: [0.827,0.887,0.610,0.575,0.544,0.470,0.591,0.552,0.312,0.340]
Epoch [191] Training Results: Prec@1 79.075 Prec@5 97.585             Loss 0.71555
Epoch [191] Training Class Recall: [0.765,0.789,0.783,0.783,0.785,0.787,0.795,0.812,0.808,0.800]
Epoch [191] Testing Results: Prec@1 56.900 Prec@5 87.550             Loss 1.72488
Epoch [191] Testing Class Recall: [0.834,0.887,0.585,0.591,0.518,0.460,0.581,0.536,0.353,0.345]
Epoch [192] Training Results: Prec@1 79.285 Prec@5 97.645             Loss 0.70943
Epoch [192] Training Class Recall: [0.769,0.784,0.786,0.787,0.790,0.789,0.798,0.813,0.801,0.810]
Epoch [192] Testing Results: Prec@1 56.410 Prec@5 87.120             Loss 1.74432
Epoch [192] Testing Class Recall: [0.845,0.898,0.594,0.544,0.536,0.468,0.568,0.535,0.330,0.323]
Epoch [193] Training Results: Prec@1 79.055 Prec@5 97.545             Loss 0.71954
Epoch [193] Training Class Recall: [0.773,0.781,0.781,0.781,0.777,0.788,0.800,0.815,0.806,0.803]
Epoch [193] Testing Results: Prec@1 56.320 Prec@5 87.120             Loss 1.76068
Epoch [193] Testing Class Recall: [0.855,0.882,0.576,0.578,0.534,0.448,0.579,0.532,0.318,0.330]
Epoch [194] Training Results: Prec@1 79.050 Prec@5 97.470             Loss 0.71669
Epoch [194] Training Class Recall: [0.769,0.778,0.785,0.787,0.778,0.785,0.793,0.816,0.803,0.811]
Epoch [194] Testing Results: Prec@1 56.440 Prec@5 87.210             Loss 1.74367
Epoch [194] Testing Class Recall: [0.851,0.877,0.585,0.589,0.519,0.454,0.574,0.540,0.321,0.334]
Epoch [195] Training Results: Prec@1 79.125 Prec@5 97.485             Loss 0.71690
Epoch [195] Training Class Recall: [0.773,0.780,0.787,0.778,0.778,0.788,0.797,0.820,0.803,0.809]
Epoch [195] Testing Results: Prec@1 57.020 Prec@5 87.610             Loss 1.69994
Epoch [195] Testing Class Recall: [0.832,0.891,0.605,0.571,0.517,0.466,0.579,0.550,0.330,0.361]
Epoch [196] Training Results: Prec@1 79.005 Prec@5 97.325             Loss 0.71449
Epoch [196] Training Class Recall: [0.773,0.772,0.786,0.778,0.784,0.782,0.795,0.818,0.808,0.805]
Epoch [196] Testing Results: Prec@1 56.120 Prec@5 87.150             Loss 1.76570
Epoch [196] Testing Class Recall: [0.844,0.881,0.595,0.599,0.514,0.425,0.572,0.551,0.306,0.325]
Epoch [197] Training Results: Prec@1 79.230 Prec@5 97.545             Loss 0.71249
Epoch [197] Training Class Recall: [0.780,0.780,0.787,0.782,0.785,0.782,0.796,0.815,0.808,0.807]
Epoch [197] Testing Results: Prec@1 57.060 Prec@5 87.320             Loss 1.70656
Epoch [197] Testing Class Recall: [0.833,0.892,0.602,0.546,0.552,0.454,0.598,0.551,0.334,0.344]
Epoch [198] Training Results: Prec@1 79.185 Prec@5 97.545             Loss 0.71475
Epoch [198] Training Class Recall: [0.770,0.779,0.782,0.784,0.785,0.790,0.797,0.818,0.806,0.806]
Epoch [198] Testing Results: Prec@1 56.100 Prec@5 87.050             Loss 1.76436
Epoch [198] Testing Class Recall: [0.860,0.883,0.587,0.576,0.529,0.441,0.593,0.522,0.304,0.315]
Epoch [199] Training Results: Prec@1 79.115 Prec@5 97.440             Loss 0.71774
Epoch [199] Training Class Recall: [0.776,0.779,0.779,0.782,0.787,0.789,0.788,0.821,0.803,0.807]
Epoch [199] Testing Results: Prec@1 56.480 Prec@5 87.110             Loss 1.75726
Epoch [199] Testing Class Recall: [0.837,0.896,0.607,0.568,0.537,0.455,0.587,0.512,0.330,0.319]
