Log file: cifar10_random0.9_deepsmote_selection_exp0.01_seed42_20260429_143004.log
Run started: 2026-04-29 14:30:04.850178
Dataset: cifar10
Imbalance type: exp, factor: 0.01
Selection method: random, ratio: 0.9
Strategy: DeepSMOTE_Selection, epochs: 200
Seed: 42, rand_number: 0
Augmentation: weak
============================================================

=> Preparing logger and tensorboard writer !
----------------------------------------------------
Class ID   | Original   | Selected   | Keep %  
----------------------------------------------------
0          | 4000       | 3602       |    90.0%
1          | 4000       | 3622       |    90.5%
2          | 4000       | 3598       |    90.0%
3          | 4000       | 3593       |    89.8%
4          | 4000       | 3579       |    89.5%
5          | 4000       | 3607       |    90.2%
6          | 4000       | 3597       |    89.9%
7          | 4000       | 3593       |    89.8%
8          | 4000       | 3633       |    90.8%
9          | 4000       | 3576       |    89.4%
----------------------------------------------------
TOTAL      | 40000      | 36000      |    90.0%
----------------------------------------------------
Epoch [0] Training Results: Prec@1 42.128 Prec@5 89.075             Loss 1.57307
Epoch [0] Training Class Recall: [0.444,0.563,0.165,0.234,0.310,0.361,0.408,0.498,0.621,0.607]
Epoch [0] Testing Results: Prec@1 34.980 Prec@5 84.650             Loss 2.24901
Epoch [0] Testing Class Recall: [0.643,0.517,0.102,0.000,0.305,0.422,0.239,0.709,0.477,0.084]
Epoch [1] Training Results: Prec@1 58.236 Prec@5 96.008             Loss 1.14709
Epoch [1] Training Class Recall: [0.626,0.695,0.308,0.291,0.442,0.478,0.659,0.715,0.793,0.813]
Epoch [1] Testing Results: Prec@1 38.180 Prec@5 86.100             Loss 3.38603
Epoch [1] Testing Class Recall: [0.335,0.779,0.172,0.088,0.114,0.445,0.606,0.489,0.042,0.748]
Epoch [2] Training Results: Prec@1 66.964 Prec@5 97.667             Loss 0.92074
Epoch [2] Training Class Recall: [0.707,0.776,0.410,0.397,0.546,0.546,0.749,0.792,0.869,0.902]
Epoch [2] Testing Results: Prec@1 46.960 Prec@5 91.800             Loss 1.91211
Epoch [2] Testing Class Recall: [0.655,0.401,0.313,0.167,0.406,0.601,0.304,0.732,0.317,0.800]
Epoch [3] Training Results: Prec@1 72.322 Prec@5 98.500             Loss 0.77406
Epoch [3] Training Class Recall: [0.749,0.825,0.481,0.452,0.630,0.631,0.799,0.827,0.913,0.923]
Epoch [3] Testing Results: Prec@1 49.800 Prec@5 91.260             Loss 1.93239
Epoch [3] Testing Class Recall: [0.514,0.894,0.657,0.142,0.272,0.414,0.715,0.650,0.212,0.510]
Epoch [4] Training Results: Prec@1 75.844 Prec@5 98.964             Loss 0.67768
Epoch [4] Training Class Recall: [0.796,0.845,0.551,0.512,0.656,0.672,0.827,0.855,0.930,0.939]
Epoch [4] Testing Results: Prec@1 49.690 Prec@5 89.140             Loss 1.87557
Epoch [4] Testing Class Recall: [0.724,0.863,0.675,0.353,0.251,0.626,0.685,0.404,0.289,0.099]
Epoch [5] Training Results: Prec@1 79.744 Prec@5 99.289             Loss 0.57500
Epoch [5] Training Class Recall: [0.833,0.882,0.588,0.570,0.727,0.719,0.857,0.894,0.949,0.953]
Epoch [5] Testing Results: Prec@1 43.480 Prec@5 91.190             Loss 2.25977
Epoch [5] Testing Class Recall: [0.853,0.500,0.588,0.694,0.255,0.428,0.199,0.500,0.211,0.120]
Epoch [6] Training Results: Prec@1 82.783 Prec@5 99.489             Loss 0.49367
Epoch [6] Training Class Recall: [0.853,0.898,0.627,0.642,0.761,0.756,0.880,0.920,0.965,0.975]
Epoch [6] Testing Results: Prec@1 45.950 Prec@5 88.500             Loss 2.45774
Epoch [6] Testing Class Recall: [0.831,0.831,0.703,0.491,0.174,0.670,0.219,0.294,0.305,0.077]
Epoch [7] Training Results: Prec@1 84.481 Prec@5 99.614             Loss 0.43971
Epoch [7] Training Class Recall: [0.870,0.912,0.662,0.665,0.780,0.785,0.901,0.927,0.968,0.977]
Epoch [7] Testing Results: Prec@1 54.640 Prec@5 91.100             Loss 1.97747
Epoch [7] Testing Class Recall: [0.692,0.944,0.722,0.625,0.655,0.480,0.512,0.323,0.328,0.183]
Epoch [8] Training Results: Prec@1 85.633 Prec@5 99.689             Loss 0.41028
Epoch [8] Training Class Recall: [0.872,0.917,0.684,0.688,0.810,0.798,0.905,0.941,0.971,0.976]
Epoch [8] Testing Results: Prec@1 48.080 Prec@5 89.010             Loss 2.62558
Epoch [8] Testing Class Recall: [0.954,0.769,0.617,0.566,0.523,0.314,0.492,0.330,0.034,0.209]
Epoch [9] Training Results: Prec@1 86.989 Prec@5 99.753             Loss 0.37334
Epoch [9] Training Class Recall: [0.881,0.922,0.714,0.721,0.808,0.836,0.911,0.947,0.978,0.980]
Epoch [9] Testing Results: Prec@1 58.540 Prec@5 93.320             Loss 1.70238
Epoch [9] Testing Class Recall: [0.594,0.932,0.742,0.214,0.583,0.628,0.834,0.479,0.541,0.307]
Epoch [10] Training Results: Prec@1 87.597 Prec@5 99.817             Loss 0.35132
Epoch [10] Training Class Recall: [0.886,0.930,0.717,0.726,0.828,0.843,0.924,0.947,0.977,0.982]
Epoch [10] Testing Results: Prec@1 57.640 Prec@5 93.320             Loss 1.89684
Epoch [10] Testing Class Recall: [0.681,0.838,0.478,0.334,0.911,0.678,0.404,0.436,0.557,0.447]
Epoch [11] Training Results: Prec@1 88.747 Prec@5 99.825             Loss 0.32344
Epoch [11] Training Class Recall: [0.903,0.928,0.741,0.747,0.845,0.862,0.927,0.959,0.981,0.980]
Epoch [11] Testing Results: Prec@1 48.830 Prec@5 91.080             Loss 2.64349
Epoch [11] Testing Class Recall: [0.860,0.979,0.832,0.404,0.283,0.294,0.508,0.417,0.159,0.147]
Epoch [12] Training Results: Prec@1 88.936 Prec@5 99.825             Loss 0.31641
Epoch [12] Training Class Recall: [0.903,0.930,0.742,0.753,0.847,0.863,0.928,0.960,0.981,0.985]
Epoch [12] Testing Results: Prec@1 63.560 Prec@5 94.920             Loss 1.50004
Epoch [12] Testing Class Recall: [0.686,0.823,0.773,0.502,0.648,0.691,0.562,0.600,0.543,0.528]
Epoch [13] Training Results: Prec@1 89.897 Prec@5 99.844             Loss 0.28729
Epoch [13] Training Class Recall: [0.903,0.939,0.761,0.776,0.866,0.883,0.935,0.962,0.981,0.984]
Epoch [13] Testing Results: Prec@1 57.280 Prec@5 91.680             Loss 1.93502
Epoch [13] Testing Class Recall: [0.873,0.812,0.642,0.532,0.503,0.653,0.699,0.369,0.201,0.444]
Epoch [14] Training Results: Prec@1 90.278 Prec@5 99.858             Loss 0.28213
Epoch [14] Training Class Recall: [0.908,0.939,0.775,0.780,0.869,0.881,0.939,0.966,0.984,0.987]
Epoch [14] Testing Results: Prec@1 59.560 Prec@5 92.120             Loss 1.83736
Epoch [14] Testing Class Recall: [0.887,0.828,0.624,0.678,0.577,0.465,0.801,0.618,0.305,0.173]
Epoch [15] Training Results: Prec@1 90.992 Prec@5 99.861             Loss 0.26349
Epoch [15] Training Class Recall: [0.915,0.944,0.780,0.805,0.879,0.891,0.943,0.971,0.983,0.986]
Epoch [15] Testing Results: Prec@1 56.590 Prec@5 91.860             Loss 2.03640
Epoch [15] Testing Class Recall: [0.849,0.921,0.794,0.330,0.399,0.472,0.761,0.682,0.259,0.192]
Epoch [16] Training Results: Prec@1 90.847 Prec@5 99.903             Loss 0.26317
Epoch [16] Training Class Recall: [0.913,0.944,0.781,0.801,0.875,0.893,0.939,0.972,0.980,0.986]
Epoch [16] Testing Results: Prec@1 65.670 Prec@5 95.660             Loss 1.40217
Epoch [16] Testing Class Recall: [0.778,0.900,0.630,0.593,0.410,0.730,0.628,0.608,0.693,0.597]
Epoch [17] Training Results: Prec@1 91.147 Prec@5 99.900             Loss 0.25528
Epoch [17] Training Class Recall: [0.913,0.943,0.799,0.806,0.885,0.897,0.942,0.965,0.979,0.984]
Epoch [17] Testing Results: Prec@1 57.160 Prec@5 92.610             Loss 1.92554
Epoch [17] Testing Class Recall: [0.892,0.936,0.763,0.753,0.495,0.292,0.483,0.523,0.335,0.244]
Epoch [18] Training Results: Prec@1 91.831 Prec@5 99.917             Loss 0.23456
Epoch [18] Training Class Recall: [0.921,0.947,0.798,0.828,0.894,0.903,0.950,0.971,0.985,0.987]
Epoch [18] Testing Results: Prec@1 60.180 Prec@5 93.290             Loss 1.72779
Epoch [18] Testing Class Recall: [0.883,0.861,0.638,0.607,0.430,0.417,0.820,0.607,0.468,0.287]
Epoch [19] Training Results: Prec@1 91.808 Prec@5 99.900             Loss 0.23879
Epoch [19] Training Class Recall: [0.920,0.950,0.814,0.820,0.888,0.906,0.938,0.970,0.988,0.986]
Epoch [19] Testing Results: Prec@1 63.660 Prec@5 95.530             Loss 1.52270
Epoch [19] Testing Class Recall: [0.912,0.933,0.498,0.657,0.481,0.570,0.674,0.639,0.585,0.417]
Epoch [20] Training Results: Prec@1 92.133 Prec@5 99.914             Loss 0.22923
Epoch [20] Training Class Recall: [0.927,0.949,0.807,0.833,0.891,0.905,0.951,0.971,0.988,0.990]
Epoch [20] Testing Results: Prec@1 64.210 Prec@5 95.180             Loss 1.61413
Epoch [20] Testing Class Recall: [0.794,0.845,0.817,0.565,0.508,0.560,0.690,0.597,0.532,0.513]
Epoch [21] Training Results: Prec@1 92.331 Prec@5 99.919             Loss 0.22286
Epoch [21] Training Class Recall: [0.923,0.951,0.813,0.837,0.896,0.910,0.953,0.974,0.987,0.989]
Epoch [21] Testing Results: Prec@1 63.650 Prec@5 93.940             Loss 1.67687
Epoch [21] Testing Class Recall: [0.854,0.945,0.781,0.558,0.462,0.614,0.552,0.675,0.667,0.257]
Epoch [22] Training Results: Prec@1 92.822 Prec@5 99.931             Loss 0.20735
Epoch [22] Training Class Recall: [0.924,0.955,0.831,0.844,0.911,0.915,0.955,0.975,0.986,0.987]
Epoch [22] Testing Results: Prec@1 61.880 Prec@5 94.240             Loss 1.78202
Epoch [22] Testing Class Recall: [0.922,0.930,0.539,0.649,0.498,0.710,0.636,0.581,0.198,0.525]
Epoch [23] Training Results: Prec@1 92.719 Prec@5 99.925             Loss 0.21098
Epoch [23] Training Class Recall: [0.923,0.953,0.834,0.839,0.908,0.912,0.957,0.974,0.987,0.985]
Epoch [23] Testing Results: Prec@1 64.350 Prec@5 94.780             Loss 1.50810
Epoch [23] Testing Class Recall: [0.857,0.966,0.701,0.469,0.591,0.490,0.769,0.591,0.593,0.408]
Epoch [24] Training Results: Prec@1 92.775 Prec@5 99.919             Loss 0.20603
Epoch [24] Training Class Recall: [0.935,0.954,0.822,0.848,0.897,0.915,0.957,0.974,0.987,0.987]
Epoch [24] Testing Results: Prec@1 60.920 Prec@5 93.440             Loss 1.91827
Epoch [24] Testing Class Recall: [0.787,0.797,0.634,0.697,0.628,0.386,0.266,0.797,0.759,0.341]
Epoch [25] Training Results: Prec@1 92.633 Prec@5 99.908             Loss 0.21337
Epoch [25] Training Class Recall: [0.929,0.954,0.827,0.841,0.899,0.917,0.952,0.971,0.987,0.987]
Epoch [25] Testing Results: Prec@1 57.970 Prec@5 93.950             Loss 1.99728
Epoch [25] Testing Class Recall: [0.921,0.938,0.657,0.786,0.523,0.229,0.369,0.533,0.310,0.531]
Epoch [26] Training Results: Prec@1 93.056 Prec@5 99.922             Loss 0.20370
Epoch [26] Training Class Recall: [0.931,0.949,0.840,0.860,0.905,0.920,0.951,0.976,0.986,0.987]
Epoch [26] Testing Results: Prec@1 59.870 Prec@5 90.240             Loss 2.32645
Epoch [26] Testing Class Recall: [0.838,0.914,0.505,0.573,0.584,0.749,0.761,0.650,0.020,0.393]
Epoch [27] Training Results: Prec@1 93.264 Prec@5 99.939             Loss 0.19492
Epoch [27] Training Class Recall: [0.931,0.960,0.840,0.857,0.908,0.918,0.961,0.970,0.989,0.990]
Epoch [27] Testing Results: Prec@1 53.270 Prec@5 91.460             Loss 2.49577
Epoch [27] Testing Class Recall: [0.960,0.924,0.768,0.399,0.558,0.421,0.590,0.432,0.106,0.169]
Epoch [28] Training Results: Prec@1 93.322 Prec@5 99.919             Loss 0.19618
Epoch [28] Training Class Recall: [0.932,0.953,0.846,0.863,0.905,0.929,0.959,0.970,0.987,0.987]
Epoch [28] Testing Results: Prec@1 58.110 Prec@5 92.600             Loss 2.08910
Epoch [28] Testing Class Recall: [0.878,0.966,0.820,0.556,0.629,0.509,0.408,0.314,0.450,0.281]
Epoch [29] Training Results: Prec@1 93.347 Prec@5 99.947             Loss 0.19352
Epoch [29] Training Class Recall: [0.933,0.951,0.846,0.856,0.914,0.928,0.955,0.976,0.985,0.990]
Epoch [29] Testing Results: Prec@1 61.020 Prec@5 93.820             Loss 1.91548
Epoch [29] Testing Class Recall: [0.922,0.925,0.642,0.663,0.660,0.378,0.477,0.665,0.543,0.227]
Epoch [30] Training Results: Prec@1 93.514 Prec@5 99.978             Loss 0.18670
Epoch [30] Training Class Recall: [0.933,0.954,0.849,0.859,0.915,0.929,0.958,0.974,0.987,0.992]
Epoch [30] Testing Results: Prec@1 66.860 Prec@5 96.540             Loss 1.44833
Epoch [30] Testing Class Recall: [0.845,0.948,0.477,0.575,0.645,0.693,0.669,0.583,0.554,0.697]
Epoch [31] Training Results: Prec@1 93.881 Prec@5 99.947             Loss 0.18014
Epoch [31] Training Class Recall: [0.935,0.961,0.853,0.875,0.914,0.931,0.963,0.980,0.986,0.990]
Epoch [31] Testing Results: Prec@1 64.110 Prec@5 94.370             Loss 1.57514
Epoch [31] Testing Class Recall: [0.838,0.929,0.723,0.598,0.590,0.628,0.798,0.670,0.210,0.427]
Epoch [32] Training Results: Prec@1 93.728 Prec@5 99.944             Loss 0.17943
Epoch [32] Training Class Recall: [0.932,0.953,0.859,0.869,0.915,0.930,0.957,0.978,0.987,0.992]
Epoch [32] Testing Results: Prec@1 53.310 Prec@5 86.770             Loss 2.78885
Epoch [32] Testing Class Recall: [0.938,0.927,0.688,0.598,0.772,0.203,0.425,0.425,0.353,0.002]
Epoch [33] Training Results: Prec@1 93.633 Prec@5 99.953             Loss 0.18414
Epoch [33] Training Class Recall: [0.935,0.958,0.850,0.868,0.913,0.927,0.959,0.973,0.990,0.991]
Epoch [33] Testing Results: Prec@1 65.250 Prec@5 95.870             Loss 1.58320
Epoch [33] Testing Class Recall: [0.813,0.747,0.605,0.782,0.604,0.372,0.684,0.664,0.545,0.709]
Epoch [34] Training Results: Prec@1 93.753 Prec@5 99.944             Loss 0.18130
Epoch [34] Training Class Recall: [0.929,0.956,0.858,0.873,0.910,0.931,0.960,0.978,0.991,0.990]
Epoch [34] Testing Results: Prec@1 49.660 Prec@5 89.500             Loss 2.84284
Epoch [34] Testing Class Recall: [0.943,0.915,0.814,0.508,0.459,0.204,0.111,0.423,0.259,0.330]
Epoch [35] Training Results: Prec@1 93.858 Prec@5 99.944             Loss 0.17630
Epoch [35] Training Class Recall: [0.939,0.959,0.853,0.866,0.919,0.927,0.967,0.977,0.990,0.990]
Epoch [35] Testing Results: Prec@1 59.990 Prec@5 93.690             Loss 1.86520
Epoch [35] Testing Class Recall: [0.935,0.879,0.722,0.601,0.784,0.486,0.520,0.516,0.362,0.194]
Epoch [36] Training Results: Prec@1 94.114 Prec@5 99.961             Loss 0.17306
Epoch [36] Training Class Recall: [0.938,0.961,0.869,0.867,0.921,0.931,0.961,0.984,0.989,0.990]
Epoch [36] Testing Results: Prec@1 59.980 Prec@5 92.880             Loss 2.00654
Epoch [36] Testing Class Recall: [0.885,0.944,0.676,0.636,0.721,0.608,0.693,0.392,0.306,0.137]
Epoch [37] Training Results: Prec@1 94.192 Prec@5 99.958             Loss 0.16836
Epoch [37] Training Class Recall: [0.936,0.965,0.854,0.878,0.928,0.935,0.966,0.980,0.988,0.989]
Epoch [37] Testing Results: Prec@1 67.270 Prec@5 95.670             Loss 1.69389
Epoch [37] Testing Class Recall: [0.915,0.861,0.661,0.502,0.746,0.586,0.735,0.649,0.402,0.670]
Epoch [38] Training Results: Prec@1 94.369 Prec@5 99.958             Loss 0.16235
Epoch [38] Training Class Recall: [0.936,0.963,0.869,0.877,0.921,0.941,0.968,0.980,0.989,0.993]
Epoch [38] Testing Results: Prec@1 62.430 Prec@5 95.990             Loss 1.75625
Epoch [38] Testing Class Recall: [0.963,0.899,0.591,0.428,0.622,0.769,0.669,0.655,0.299,0.348]
Epoch [39] Training Results: Prec@1 94.300 Prec@5 99.956             Loss 0.16473
Epoch [39] Training Class Recall: [0.941,0.966,0.860,0.874,0.930,0.933,0.964,0.979,0.991,0.991]
Epoch [39] Testing Results: Prec@1 52.440 Prec@5 92.760             Loss 2.64986
Epoch [39] Testing Class Recall: [0.969,0.963,0.739,0.541,0.504,0.280,0.464,0.406,0.317,0.061]
Epoch [40] Training Results: Prec@1 94.342 Prec@5 99.947             Loss 0.16409
Epoch [40] Training Class Recall: [0.940,0.961,0.870,0.884,0.926,0.933,0.966,0.980,0.985,0.990]
Epoch [40] Testing Results: Prec@1 61.610 Prec@5 95.110             Loss 1.96385
Epoch [40] Testing Class Recall: [0.959,0.958,0.598,0.623,0.627,0.485,0.661,0.561,0.235,0.454]
Epoch [41] Training Results: Prec@1 94.217 Prec@5 99.967             Loss 0.16870
Epoch [41] Training Class Recall: [0.941,0.964,0.869,0.876,0.917,0.933,0.964,0.979,0.989,0.989]
Epoch [41] Testing Results: Prec@1 62.790 Prec@5 94.550             Loss 1.90762
Epoch [41] Testing Class Recall: [0.931,0.946,0.666,0.646,0.794,0.525,0.614,0.579,0.319,0.259]
Epoch [42] Training Results: Prec@1 94.433 Prec@5 99.969             Loss 0.15798
Epoch [42] Training Class Recall: [0.945,0.964,0.877,0.887,0.918,0.932,0.963,0.976,0.988,0.992]
Epoch [42] Testing Results: Prec@1 59.700 Prec@5 94.860             Loss 2.14397
Epoch [42] Testing Class Recall: [0.954,0.877,0.586,0.670,0.440,0.638,0.733,0.431,0.269,0.372]
Epoch [43] Training Results: Prec@1 94.119 Prec@5 99.967             Loss 0.16562
Epoch [43] Training Class Recall: [0.939,0.959,0.867,0.878,0.922,0.932,0.964,0.977,0.989,0.985]
Epoch [43] Testing Results: Prec@1 66.870 Prec@5 95.980             Loss 1.45846
Epoch [43] Testing Class Recall: [0.886,0.932,0.659,0.590,0.702,0.574,0.470,0.788,0.540,0.546]
Epoch [44] Training Results: Prec@1 94.422 Prec@5 99.939             Loss 0.16147
Epoch [44] Training Class Recall: [0.934,0.962,0.874,0.882,0.930,0.938,0.962,0.983,0.986,0.991]
Epoch [44] Testing Results: Prec@1 57.540 Prec@5 92.770             Loss 2.14165
Epoch [44] Testing Class Recall: [0.804,0.896,0.885,0.637,0.457,0.427,0.482,0.570,0.478,0.118]
Epoch [45] Training Results: Prec@1 94.936 Prec@5 99.967             Loss 0.15060
Epoch [45] Training Class Recall: [0.947,0.967,0.873,0.889,0.938,0.942,0.969,0.981,0.993,0.993]
Epoch [45] Testing Results: Prec@1 57.090 Prec@5 94.460             Loss 2.21132
Epoch [45] Testing Class Recall: [0.954,0.830,0.687,0.612,0.529,0.407,0.684,0.566,0.199,0.241]
Epoch [46] Training Results: Prec@1 94.611 Prec@5 99.961             Loss 0.15964
Epoch [46] Training Class Recall: [0.943,0.964,0.878,0.881,0.930,0.936,0.967,0.981,0.988,0.992]
Epoch [46] Testing Results: Prec@1 52.710 Prec@5 92.100             Loss 2.75369
Epoch [46] Testing Class Recall: [0.950,0.948,0.405,0.822,0.602,0.417,0.304,0.590,0.042,0.191]
Epoch [47] Training Results: Prec@1 94.669 Prec@5 99.958             Loss 0.15478
Epoch [47] Training Class Recall: [0.939,0.961,0.879,0.890,0.929,0.941,0.969,0.979,0.990,0.990]
Epoch [47] Testing Results: Prec@1 54.830 Prec@5 92.930             Loss 2.16666
Epoch [47] Testing Class Recall: [0.901,0.972,0.867,0.512,0.472,0.317,0.613,0.280,0.243,0.306]
Epoch [48] Training Results: Prec@1 94.956 Prec@5 99.983             Loss 0.14944
Epoch [48] Training Class Recall: [0.944,0.964,0.884,0.896,0.939,0.943,0.968,0.980,0.988,0.990]
Epoch [48] Testing Results: Prec@1 55.550 Prec@5 91.180             Loss 2.64292
Epoch [48] Testing Class Recall: [0.871,0.958,0.871,0.624,0.560,0.376,0.573,0.308,0.253,0.161]
Epoch [49] Training Results: Prec@1 94.706 Prec@5 99.958             Loss 0.15139
Epoch [49] Training Class Recall: [0.940,0.965,0.878,0.890,0.930,0.937,0.965,0.981,0.991,0.993]
Epoch [49] Testing Results: Prec@1 62.470 Prec@5 94.670             Loss 1.91306
Epoch [49] Testing Class Recall: [0.909,0.971,0.566,0.551,0.446,0.745,0.483,0.667,0.659,0.250]
Epoch [50] Training Results: Prec@1 94.867 Prec@5 99.953             Loss 0.14992
Epoch [50] Training Class Recall: [0.945,0.965,0.882,0.890,0.926,0.946,0.968,0.981,0.991,0.991]
Epoch [50] Testing Results: Prec@1 57.080 Prec@5 93.590             Loss 2.34007
Epoch [50] Testing Class Recall: [0.944,0.982,0.624,0.608,0.691,0.461,0.576,0.468,0.218,0.136]
Epoch [51] Training Results: Prec@1 94.778 Prec@5 99.972             Loss 0.14960
Epoch [51] Training Class Recall: [0.946,0.964,0.881,0.889,0.929,0.938,0.969,0.982,0.990,0.989]
Epoch [51] Testing Results: Prec@1 64.330 Prec@5 95.140             Loss 1.72322
Epoch [51] Testing Class Recall: [0.929,0.895,0.724,0.494,0.498,0.581,0.846,0.581,0.454,0.431]
Epoch [52] Training Results: Prec@1 95.142 Prec@5 99.967             Loss 0.14334
Epoch [52] Training Class Recall: [0.946,0.969,0.881,0.899,0.934,0.951,0.969,0.982,0.992,0.992]
Epoch [52] Testing Results: Prec@1 62.030 Prec@5 95.460             Loss 1.90809
Epoch [52] Testing Class Recall: [0.898,0.867,0.591,0.807,0.598,0.420,0.339,0.626,0.510,0.547]
Epoch [53] Training Results: Prec@1 94.578 Prec@5 99.950             Loss 0.16029
Epoch [53] Training Class Recall: [0.944,0.961,0.875,0.892,0.930,0.932,0.966,0.982,0.987,0.987]
Epoch [53] Testing Results: Prec@1 62.210 Prec@5 95.280             Loss 1.70273
Epoch [53] Testing Class Recall: [0.907,0.973,0.740,0.523,0.588,0.646,0.572,0.659,0.436,0.177]
Epoch [54] Training Results: Prec@1 94.864 Prec@5 99.958             Loss 0.14950
Epoch [54] Training Class Recall: [0.943,0.967,0.880,0.888,0.929,0.949,0.966,0.983,0.990,0.989]
Epoch [54] Testing Results: Prec@1 64.500 Prec@5 95.510             Loss 1.67890
Epoch [54] Testing Class Recall: [0.801,0.934,0.788,0.653,0.615,0.688,0.385,0.464,0.614,0.508]
Epoch [55] Training Results: Prec@1 95.011 Prec@5 99.978             Loss 0.14275
Epoch [55] Training Class Recall: [0.948,0.964,0.879,0.898,0.932,0.943,0.971,0.981,0.993,0.992]
Epoch [55] Testing Results: Prec@1 62.660 Prec@5 93.830             Loss 1.96709
Epoch [55] Testing Class Recall: [0.864,0.982,0.670,0.642,0.564,0.501,0.843,0.487,0.437,0.276]
Epoch [56] Training Results: Prec@1 94.808 Prec@5 99.975             Loss 0.14825
Epoch [56] Training Class Recall: [0.939,0.962,0.881,0.891,0.932,0.944,0.974,0.980,0.989,0.989]
Epoch [56] Testing Results: Prec@1 61.620 Prec@5 93.930             Loss 2.01781
Epoch [56] Testing Class Recall: [0.942,0.962,0.602,0.626,0.347,0.618,0.753,0.678,0.152,0.482]
Epoch [57] Training Results: Prec@1 95.169 Prec@5 99.972             Loss 0.14012
Epoch [57] Training Class Recall: [0.946,0.970,0.889,0.900,0.939,0.938,0.973,0.982,0.990,0.990]
Epoch [57] Testing Results: Prec@1 63.220 Prec@5 93.820             Loss 1.91488
Epoch [57] Testing Class Recall: [0.895,0.935,0.815,0.707,0.536,0.432,0.634,0.408,0.342,0.618]
Epoch [58] Training Results: Prec@1 94.958 Prec@5 99.972             Loss 0.14559
Epoch [58] Training Class Recall: [0.948,0.966,0.883,0.896,0.928,0.948,0.971,0.976,0.987,0.992]
Epoch [58] Testing Results: Prec@1 56.270 Prec@5 90.520             Loss 2.54232
Epoch [58] Testing Class Recall: [0.906,0.942,0.735,0.658,0.785,0.449,0.731,0.183,0.105,0.133]
Epoch [59] Training Results: Prec@1 94.853 Prec@5 99.964             Loss 0.15061
Epoch [59] Training Class Recall: [0.943,0.964,0.887,0.892,0.927,0.941,0.969,0.981,0.991,0.989]
Epoch [59] Testing Results: Prec@1 55.320 Prec@5 93.180             Loss 2.72186
Epoch [59] Testing Class Recall: [0.955,0.839,0.702,0.766,0.636,0.280,0.665,0.379,0.114,0.196]
Epoch [60] Training Results: Prec@1 95.381 Prec@5 99.981             Loss 0.13423
Epoch [60] Training Class Recall: [0.952,0.969,0.891,0.902,0.936,0.946,0.970,0.984,0.993,0.995]
Epoch [60] Testing Results: Prec@1 58.800 Prec@5 94.930             Loss 2.07308
Epoch [60] Testing Class Recall: [0.904,0.957,0.700,0.783,0.680,0.268,0.398,0.419,0.522,0.249]
Epoch [61] Training Results: Prec@1 94.697 Prec@5 99.958             Loss 0.15285
Epoch [61] Training Class Recall: [0.943,0.962,0.878,0.889,0.932,0.946,0.962,0.979,0.989,0.990]
Epoch [61] Testing Results: Prec@1 63.140 Prec@5 94.420             Loss 1.82006
Epoch [61] Testing Class Recall: [0.932,0.961,0.684,0.684,0.733,0.456,0.753,0.555,0.288,0.268]
Epoch [62] Training Results: Prec@1 95.114 Prec@5 99.969             Loss 0.14085
Epoch [62] Training Class Recall: [0.945,0.970,0.882,0.900,0.932,0.946,0.968,0.982,0.991,0.994]
Epoch [62] Testing Results: Prec@1 62.600 Prec@5 95.110             Loss 1.79111
Epoch [62] Testing Class Recall: [0.954,0.940,0.590,0.659,0.604,0.498,0.675,0.510,0.508,0.322]
Epoch [63] Training Results: Prec@1 95.147 Prec@5 99.944             Loss 0.14199
Epoch [63] Training Class Recall: [0.942,0.966,0.886,0.903,0.937,0.950,0.972,0.980,0.989,0.989]
Epoch [63] Testing Results: Prec@1 61.390 Prec@5 94.690             Loss 1.85371
Epoch [63] Testing Class Recall: [0.919,0.937,0.769,0.692,0.505,0.534,0.501,0.581,0.314,0.387]
Epoch [64] Training Results: Prec@1 95.203 Prec@5 99.958             Loss 0.13939
Epoch [64] Training Class Recall: [0.944,0.967,0.892,0.906,0.939,0.946,0.968,0.980,0.989,0.990]
Epoch [64] Testing Results: Prec@1 60.260 Prec@5 93.750             Loss 2.04457
Epoch [64] Testing Class Recall: [0.841,0.964,0.829,0.622,0.411,0.316,0.766,0.547,0.461,0.269]
Epoch [65] Training Results: Prec@1 95.231 Prec@5 99.969             Loss 0.13848
Epoch [65] Training Class Recall: [0.952,0.972,0.889,0.903,0.935,0.942,0.968,0.981,0.988,0.992]
Epoch [65] Testing Results: Prec@1 60.870 Prec@5 94.280             Loss 1.95094
Epoch [65] Testing Class Recall: [0.933,0.911,0.551,0.733,0.703,0.553,0.756,0.400,0.338,0.209]
Epoch [66] Training Results: Prec@1 95.478 Prec@5 99.975             Loss 0.13287
Epoch [66] Training Class Recall: [0.954,0.966,0.896,0.901,0.946,0.951,0.971,0.979,0.991,0.993]
Epoch [66] Testing Results: Prec@1 60.240 Prec@5 92.150             Loss 2.22703
Epoch [66] Testing Class Recall: [0.866,0.947,0.707,0.707,0.627,0.486,0.754,0.578,0.205,0.147]
Epoch [67] Training Results: Prec@1 95.106 Prec@5 99.953             Loss 0.14196
Epoch [67] Training Class Recall: [0.948,0.968,0.884,0.898,0.934,0.945,0.971,0.980,0.991,0.991]
Epoch [67] Testing Results: Prec@1 58.290 Prec@5 91.720             Loss 2.41035
Epoch [67] Testing Class Recall: [0.901,0.951,0.773,0.703,0.641,0.276,0.812,0.372,0.188,0.212]
Epoch [68] Training Results: Prec@1 95.044 Prec@5 99.958             Loss 0.14344
Epoch [68] Training Class Recall: [0.946,0.969,0.894,0.895,0.934,0.943,0.964,0.983,0.988,0.989]
Epoch [68] Testing Results: Prec@1 58.130 Prec@5 92.700             Loss 2.19492
Epoch [68] Testing Class Recall: [0.827,0.909,0.851,0.605,0.679,0.459,0.527,0.464,0.209,0.283]
Epoch [69] Training Results: Prec@1 95.400 Prec@5 99.958             Loss 0.13411
Epoch [69] Training Class Recall: [0.950,0.966,0.892,0.906,0.939,0.952,0.974,0.982,0.988,0.991]
Epoch [69] Testing Results: Prec@1 57.800 Prec@5 94.240             Loss 2.26641
Epoch [69] Testing Class Recall: [0.954,0.933,0.590,0.736,0.727,0.385,0.526,0.471,0.219,0.239]
Epoch [70] Training Results: Prec@1 95.061 Prec@5 99.967             Loss 0.14375
Epoch [70] Training Class Recall: [0.948,0.963,0.884,0.897,0.933,0.949,0.966,0.982,0.991,0.993]
Epoch [70] Testing Results: Prec@1 61.750 Prec@5 94.500             Loss 1.93116
Epoch [70] Testing Class Recall: [0.849,0.978,0.683,0.435,0.739,0.408,0.714,0.775,0.331,0.263]
Epoch [71] Training Results: Prec@1 95.400 Prec@5 99.975             Loss 0.13455
Epoch [71] Training Class Recall: [0.944,0.969,0.891,0.902,0.942,0.951,0.975,0.983,0.992,0.990]
Epoch [71] Testing Results: Prec@1 54.660 Prec@5 94.030             Loss 2.68592
Epoch [71] Testing Class Recall: [0.985,0.840,0.462,0.676,0.778,0.509,0.492,0.506,0.083,0.135]
Epoch [72] Training Results: Prec@1 95.292 Prec@5 99.967             Loss 0.13384
Epoch [72] Training Class Recall: [0.950,0.967,0.895,0.900,0.935,0.949,0.969,0.983,0.991,0.990]
Epoch [72] Testing Results: Prec@1 66.850 Prec@5 96.570             Loss 1.61940
Epoch [72] Testing Class Recall: [0.884,0.940,0.620,0.612,0.626,0.750,0.548,0.619,0.617,0.469]
Epoch [73] Training Results: Prec@1 95.361 Prec@5 99.981             Loss 0.13500
Epoch [73] Training Class Recall: [0.948,0.970,0.896,0.904,0.935,0.948,0.972,0.983,0.990,0.991]
Epoch [73] Testing Results: Prec@1 57.630 Prec@5 92.400             Loss 2.42274
Epoch [73] Testing Class Recall: [0.832,0.918,0.722,0.851,0.611,0.521,0.453,0.434,0.373,0.048]
Epoch [74] Training Results: Prec@1 95.436 Prec@5 99.978             Loss 0.13008
Epoch [74] Training Class Recall: [0.949,0.969,0.891,0.910,0.939,0.949,0.969,0.982,0.991,0.995]
Epoch [74] Testing Results: Prec@1 56.850 Prec@5 93.920             Loss 2.35207
Epoch [74] Testing Class Recall: [0.938,0.986,0.795,0.558,0.601,0.373,0.340,0.542,0.343,0.209]
Epoch [75] Training Results: Prec@1 95.400 Prec@5 99.958             Loss 0.13341
Epoch [75] Training Class Recall: [0.947,0.972,0.895,0.901,0.941,0.947,0.970,0.981,0.993,0.992]
Epoch [75] Testing Results: Prec@1 65.320 Prec@5 95.550             Loss 1.61990
Epoch [75] Testing Class Recall: [0.897,0.919,0.758,0.512,0.633,0.695,0.437,0.656,0.546,0.479]
Epoch [76] Training Results: Prec@1 95.672 Prec@5 99.978             Loss 0.12737
Epoch [76] Training Class Recall: [0.953,0.968,0.899,0.912,0.941,0.952,0.974,0.986,0.990,0.992]
Epoch [76] Testing Results: Prec@1 56.270 Prec@5 90.910             Loss 2.46754
Epoch [76] Testing Class Recall: [0.955,0.961,0.761,0.655,0.776,0.345,0.544,0.147,0.336,0.147]
Epoch [77] Training Results: Prec@1 95.217 Prec@5 99.969             Loss 0.14055
Epoch [77] Training Class Recall: [0.950,0.966,0.887,0.906,0.935,0.948,0.969,0.974,0.991,0.994]
Epoch [77] Testing Results: Prec@1 60.820 Prec@5 92.950             Loss 2.21577
Epoch [77] Testing Class Recall: [0.845,0.966,0.802,0.594,0.589,0.483,0.669,0.600,0.427,0.107]
Epoch [78] Training Results: Prec@1 95.650 Prec@5 99.978             Loss 0.12794
Epoch [78] Training Class Recall: [0.952,0.971,0.900,0.915,0.939,0.947,0.972,0.985,0.993,0.990]
Epoch [78] Testing Results: Prec@1 61.790 Prec@5 94.130             Loss 2.09931
Epoch [78] Testing Class Recall: [0.957,0.895,0.554,0.752,0.602,0.476,0.606,0.452,0.219,0.666]
Epoch [79] Training Results: Prec@1 95.539 Prec@5 99.978             Loss 0.12928
Epoch [79] Training Class Recall: [0.955,0.967,0.897,0.910,0.944,0.943,0.973,0.984,0.990,0.992]
Epoch [79] Testing Results: Prec@1 63.780 Prec@5 94.110             Loss 1.92930
Epoch [79] Testing Class Recall: [0.933,0.905,0.714,0.603,0.672,0.558,0.786,0.673,0.238,0.296]
Epoch [80] Training Results: Prec@1 95.736 Prec@5 99.983             Loss 0.12648
Epoch [80] Training Class Recall: [0.951,0.973,0.905,0.913,0.947,0.946,0.968,0.983,0.993,0.994]
Epoch [80] Testing Results: Prec@1 59.390 Prec@5 94.290             Loss 2.27986
Epoch [80] Testing Class Recall: [0.977,0.777,0.595,0.551,0.787,0.511,0.789,0.578,0.194,0.180]
Epoch [81] Training Results: Prec@1 95.714 Prec@5 99.981             Loss 0.12881
Epoch [81] Training Class Recall: [0.950,0.973,0.902,0.906,0.943,0.957,0.975,0.985,0.990,0.991]
Epoch [81] Testing Results: Prec@1 54.960 Prec@5 94.780             Loss 2.49107
Epoch [81] Testing Class Recall: [0.972,0.841,0.546,0.752,0.606,0.305,0.643,0.432,0.146,0.253]
Epoch [82] Training Results: Prec@1 95.475 Prec@5 99.975             Loss 0.13188
Epoch [82] Training Class Recall: [0.946,0.971,0.892,0.907,0.947,0.953,0.971,0.981,0.991,0.989]
Epoch [82] Testing Results: Prec@1 56.720 Prec@5 92.790             Loss 2.27681
Epoch [82] Testing Class Recall: [0.938,0.971,0.609,0.738,0.347,0.587,0.332,0.529,0.434,0.187]
Epoch [83] Training Results: Prec@1 95.667 Prec@5 99.978             Loss 0.12563
Epoch [83] Training Class Recall: [0.956,0.973,0.898,0.906,0.947,0.948,0.971,0.983,0.991,0.992]
Epoch [83] Testing Results: Prec@1 65.030 Prec@5 96.300             Loss 1.85461
Epoch [83] Testing Class Recall: [0.920,0.982,0.620,0.769,0.536,0.507,0.671,0.737,0.380,0.381]
Epoch [84] Training Results: Prec@1 95.425 Prec@5 99.975             Loss 0.13088
Epoch [84] Training Class Recall: [0.951,0.967,0.889,0.907,0.944,0.952,0.969,0.981,0.991,0.990]
Epoch [84] Testing Results: Prec@1 56.140 Prec@5 93.350             Loss 2.53992
Epoch [84] Testing Class Recall: [0.963,0.926,0.815,0.432,0.488,0.285,0.604,0.618,0.363,0.120]
Epoch [85] Training Results: Prec@1 95.886 Prec@5 99.981             Loss 0.12106
Epoch [85] Training Class Recall: [0.951,0.974,0.907,0.911,0.945,0.952,0.976,0.988,0.993,0.992]
Epoch [85] Testing Results: Prec@1 61.400 Prec@5 94.720             Loss 1.94249
Epoch [85] Testing Class Recall: [0.823,0.970,0.824,0.664,0.572,0.504,0.626,0.453,0.461,0.243]
Epoch [86] Training Results: Prec@1 95.411 Prec@5 99.978             Loss 0.13922
Epoch [86] Training Class Recall: [0.950,0.966,0.897,0.910,0.943,0.947,0.971,0.979,0.987,0.991]
Epoch [86] Testing Results: Prec@1 63.330 Prec@5 95.380             Loss 1.77962
Epoch [86] Testing Class Recall: [0.903,0.967,0.744,0.597,0.616,0.615,0.572,0.601,0.499,0.219]
Epoch [87] Training Results: Prec@1 95.839 Prec@5 99.978             Loss 0.12051
Epoch [87] Training Class Recall: [0.955,0.970,0.905,0.918,0.940,0.950,0.972,0.984,0.992,0.996]
Epoch [87] Testing Results: Prec@1 61.140 Prec@5 93.370             Loss 2.07642
Epoch [87] Testing Class Recall: [0.909,0.936,0.731,0.729,0.563,0.459,0.244,0.485,0.575,0.483]
Epoch [88] Training Results: Prec@1 95.797 Prec@5 99.972             Loss 0.12153
Epoch [88] Training Class Recall: [0.953,0.972,0.901,0.913,0.943,0.955,0.974,0.983,0.993,0.993]
Epoch [88] Testing Results: Prec@1 57.830 Prec@5 94.580             Loss 2.26681
Epoch [88] Testing Class Recall: [0.910,0.984,0.786,0.579,0.672,0.483,0.637,0.352,0.153,0.227]
Epoch [89] Training Results: Prec@1 95.489 Prec@5 99.978             Loss 0.13107
Epoch [89] Training Class Recall: [0.950,0.969,0.892,0.910,0.939,0.955,0.969,0.981,0.991,0.992]
Epoch [89] Testing Results: Prec@1 63.600 Prec@5 94.970             Loss 1.74259
Epoch [89] Testing Class Recall: [0.912,0.919,0.682,0.606,0.782,0.550,0.515,0.360,0.563,0.471]
Epoch [90] Training Results: Prec@1 95.425 Prec@5 99.969             Loss 0.13181
Epoch [90] Training Class Recall: [0.946,0.971,0.897,0.905,0.942,0.949,0.968,0.984,0.988,0.993]
Epoch [90] Testing Results: Prec@1 62.170 Prec@5 94.180             Loss 1.93925
Epoch [90] Testing Class Recall: [0.919,0.960,0.758,0.634,0.665,0.484,0.712,0.486,0.374,0.225]
Epoch [91] Training Results: Prec@1 95.681 Prec@5 99.978             Loss 0.12394
Epoch [91] Training Class Recall: [0.953,0.972,0.903,0.909,0.939,0.953,0.972,0.982,0.992,0.994]
Epoch [91] Testing Results: Prec@1 60.860 Prec@5 95.030             Loss 1.94623
Epoch [91] Testing Class Recall: [0.934,0.930,0.581,0.511,0.396,0.683,0.575,0.764,0.401,0.311]
Epoch [92] Training Results: Prec@1 95.575 Prec@5 99.983             Loss 0.12812
Epoch [92] Training Class Recall: [0.947,0.967,0.903,0.911,0.942,0.952,0.973,0.985,0.989,0.989]
Epoch [92] Testing Results: Prec@1 63.760 Prec@5 94.880             Loss 1.74586
Epoch [92] Testing Class Recall: [0.881,0.903,0.714,0.513,0.583,0.411,0.536,0.760,0.758,0.317]
Epoch [93] Training Results: Prec@1 95.264 Prec@5 99.975             Loss 0.13706
Epoch [93] Training Class Recall: [0.953,0.964,0.895,0.901,0.935,0.939,0.976,0.984,0.989,0.991]
Epoch [93] Testing Results: Prec@1 64.230 Prec@5 95.630             Loss 1.79403
Epoch [93] Testing Class Recall: [0.950,0.954,0.564,0.596,0.618,0.764,0.611,0.687,0.335,0.344]
Epoch [94] Training Results: Prec@1 95.797 Prec@5 99.983             Loss 0.12390
Epoch [94] Training Class Recall: [0.950,0.973,0.904,0.916,0.943,0.960,0.972,0.982,0.991,0.989]
Epoch [94] Testing Results: Prec@1 60.170 Prec@5 93.690             Loss 1.99054
Epoch [94] Testing Class Recall: [0.905,0.809,0.795,0.744,0.572,0.509,0.452,0.378,0.328,0.525]
Epoch [95] Training Results: Prec@1 95.908 Prec@5 99.978             Loss 0.11901
Epoch [95] Training Class Recall: [0.958,0.969,0.908,0.913,0.948,0.953,0.974,0.984,0.992,0.991]
Epoch [95] Testing Results: Prec@1 59.380 Prec@5 93.250             Loss 2.23136
Epoch [95] Testing Class Recall: [0.901,0.968,0.883,0.373,0.641,0.493,0.682,0.348,0.426,0.223]
Epoch [96] Training Results: Prec@1 95.675 Prec@5 99.983             Loss 0.12098
Epoch [96] Training Class Recall: [0.951,0.972,0.903,0.907,0.945,0.949,0.973,0.982,0.992,0.994]
Epoch [96] Testing Results: Prec@1 57.240 Prec@5 95.900             Loss 2.34602
Epoch [96] Testing Class Recall: [0.992,0.793,0.539,0.558,0.543,0.487,0.651,0.577,0.290,0.294]
Epoch [97] Training Results: Prec@1 95.514 Prec@5 99.981             Loss 0.13530
Epoch [97] Training Class Recall: [0.954,0.970,0.900,0.901,0.941,0.945,0.973,0.987,0.990,0.991]
Epoch [97] Testing Results: Prec@1 53.610 Prec@5 91.130             Loss 2.92544
Epoch [97] Testing Class Recall: [0.968,0.870,0.696,0.681,0.605,0.365,0.643,0.335,0.105,0.093]
Epoch [98] Training Results: Prec@1 96.136 Prec@5 99.969             Loss 0.11442
Epoch [98] Training Class Recall: [0.954,0.977,0.908,0.921,0.947,0.962,0.973,0.986,0.990,0.994]
Epoch [98] Testing Results: Prec@1 55.190 Prec@5 92.690             Loss 2.75495
Epoch [98] Testing Class Recall: [0.902,0.978,0.824,0.725,0.537,0.334,0.475,0.458,0.095,0.191]
Epoch [99] Training Results: Prec@1 95.803 Prec@5 99.969             Loss 0.12321
Epoch [99] Training Class Recall: [0.948,0.970,0.901,0.919,0.949,0.952,0.975,0.983,0.989,0.994]
Epoch [99] Testing Results: Prec@1 60.000 Prec@5 94.970             Loss 2.10851
Epoch [99] Testing Class Recall: [0.910,0.920,0.817,0.656,0.566,0.471,0.289,0.712,0.353,0.306]
Epoch [100] Training Results: Prec@1 95.603 Prec@5 99.978             Loss 0.12777
Epoch [100] Training Class Recall: [0.956,0.970,0.902,0.913,0.936,0.950,0.970,0.977,0.992,0.994]
Epoch [100] Testing Results: Prec@1 60.200 Prec@5 94.740             Loss 1.90284
Epoch [100] Testing Class Recall: [0.827,0.874,0.873,0.629,0.691,0.464,0.303,0.423,0.514,0.422]
Epoch [101] Training Results: Prec@1 95.719 Prec@5 99.986             Loss 0.12650
Epoch [101] Training Class Recall: [0.955,0.970,0.908,0.911,0.945,0.949,0.969,0.985,0.990,0.989]
Epoch [101] Testing Results: Prec@1 63.530 Prec@5 95.570             Loss 1.79670
Epoch [101] Testing Class Recall: [0.907,0.973,0.684,0.767,0.587,0.408,0.713,0.365,0.663,0.286]
Epoch [102] Training Results: Prec@1 95.894 Prec@5 99.981             Loss 0.12143
Epoch [102] Training Class Recall: [0.951,0.969,0.908,0.925,0.945,0.954,0.972,0.984,0.990,0.992]
Epoch [102] Testing Results: Prec@1 62.240 Prec@5 95.030             Loss 1.90922
Epoch [102] Testing Class Recall: [0.926,0.961,0.773,0.454,0.532,0.660,0.601,0.671,0.233,0.413]
Epoch [103] Training Results: Prec@1 96.103 Prec@5 99.983             Loss 0.11445
Epoch [103] Training Class Recall: [0.953,0.974,0.906,0.917,0.950,0.954,0.981,0.986,0.994,0.996]
Epoch [103] Testing Results: Prec@1 64.220 Prec@5 95.720             Loss 1.63597
Epoch [103] Testing Class Recall: [0.839,0.968,0.808,0.714,0.477,0.473,0.640,0.641,0.379,0.483]
Epoch [104] Training Results: Prec@1 95.639 Prec@5 99.958             Loss 0.12603
Epoch [104] Training Class Recall: [0.955,0.970,0.902,0.910,0.943,0.949,0.975,0.980,0.991,0.988]
Epoch [104] Testing Results: Prec@1 64.740 Prec@5 95.290             Loss 1.64944
Epoch [104] Testing Class Recall: [0.876,0.922,0.782,0.621,0.700,0.510,0.551,0.763,0.440,0.309]
Epoch [105] Training Results: Prec@1 95.844 Prec@5 99.986             Loss 0.12067
Epoch [105] Training Class Recall: [0.952,0.970,0.902,0.918,0.944,0.955,0.977,0.983,0.992,0.991]
Epoch [105] Testing Results: Prec@1 57.230 Prec@5 94.190             Loss 2.38213
Epoch [105] Testing Class Recall: [0.927,0.957,0.808,0.380,0.713,0.401,0.653,0.543,0.163,0.178]
Epoch [106] Training Results: Prec@1 95.583 Prec@5 99.964             Loss 0.12972
Epoch [106] Training Class Recall: [0.950,0.968,0.902,0.913,0.944,0.950,0.965,0.982,0.990,0.993]
Epoch [106] Testing Results: Prec@1 60.740 Prec@5 94.110             Loss 2.00839
Epoch [106] Testing Class Recall: [0.939,0.964,0.759,0.712,0.680,0.343,0.643,0.457,0.384,0.193]
Epoch [107] Training Results: Prec@1 96.128 Prec@5 99.981             Loss 0.11557
Epoch [107] Training Class Recall: [0.961,0.975,0.904,0.921,0.949,0.951,0.981,0.987,0.992,0.993]
Epoch [107] Testing Results: Prec@1 60.510 Prec@5 92.870             Loss 1.89915
Epoch [107] Testing Class Recall: [0.898,0.958,0.672,0.760,0.823,0.370,0.558,0.520,0.242,0.250]
Epoch [108] Training Results: Prec@1 95.889 Prec@5 99.978             Loss 0.12057
Epoch [108] Training Class Recall: [0.954,0.970,0.907,0.918,0.944,0.954,0.975,0.985,0.990,0.991]
Epoch [108] Testing Results: Prec@1 64.420 Prec@5 95.440             Loss 1.77846
Epoch [108] Testing Class Recall: [0.944,0.858,0.760,0.389,0.779,0.455,0.745,0.542,0.267,0.703]
Epoch [109] Training Results: Prec@1 95.814 Prec@5 99.983             Loss 0.12152
Epoch [109] Training Class Recall: [0.951,0.973,0.904,0.911,0.949,0.951,0.974,0.984,0.993,0.992]
Epoch [109] Testing Results: Prec@1 61.190 Prec@5 95.230             Loss 1.90684
Epoch [109] Testing Class Recall: [0.930,0.953,0.775,0.704,0.521,0.522,0.435,0.614,0.376,0.289]
Epoch [110] Training Results: Prec@1 96.047 Prec@5 99.975             Loss 0.11750
Epoch [110] Training Class Recall: [0.956,0.973,0.905,0.920,0.950,0.953,0.977,0.987,0.991,0.994]
Epoch [110] Testing Results: Prec@1 60.470 Prec@5 94.810             Loss 2.08560
Epoch [110] Testing Class Recall: [0.948,0.983,0.636,0.697,0.700,0.529,0.569,0.550,0.191,0.244]
Epoch [111] Training Results: Prec@1 95.786 Prec@5 99.983             Loss 0.11681
Epoch [111] Training Class Recall: [0.953,0.973,0.907,0.908,0.947,0.953,0.974,0.982,0.988,0.992]
Epoch [111] Testing Results: Prec@1 55.000 Prec@5 92.540             Loss 2.98136
Epoch [111] Testing Class Recall: [0.953,0.977,0.717,0.621,0.463,0.399,0.769,0.406,0.069,0.126]
Epoch [112] Training Results: Prec@1 95.906 Prec@5 99.989             Loss 0.12075
Epoch [112] Training Class Recall: [0.956,0.971,0.908,0.919,0.940,0.955,0.973,0.983,0.991,0.994]
Epoch [112] Testing Results: Prec@1 59.210 Prec@5 93.800             Loss 1.99050
Epoch [112] Testing Class Recall: [0.948,0.963,0.787,0.616,0.631,0.441,0.226,0.613,0.281,0.415]
Epoch [113] Training Results: Prec@1 95.708 Prec@5 99.972             Loss 0.12347
Epoch [113] Training Class Recall: [0.955,0.972,0.903,0.908,0.944,0.950,0.972,0.982,0.992,0.993]
Epoch [113] Testing Results: Prec@1 67.520 Prec@5 95.480             Loss 1.52787
Epoch [113] Testing Class Recall: [0.767,0.984,0.643,0.763,0.728,0.525,0.733,0.517,0.712,0.380]
Epoch [114] Training Results: Prec@1 96.192 Prec@5 99.989             Loss 0.11384
Epoch [114] Training Class Recall: [0.956,0.975,0.914,0.925,0.942,0.959,0.979,0.986,0.992,0.992]
Epoch [114] Testing Results: Prec@1 57.690 Prec@5 92.740             Loss 2.57108
Epoch [114] Testing Class Recall: [0.952,0.804,0.729,0.721,0.710,0.498,0.535,0.556,0.158,0.106]
Epoch [115] Training Results: Prec@1 95.817 Prec@5 99.994             Loss 0.12468
Epoch [115] Training Class Recall: [0.952,0.973,0.904,0.910,0.953,0.947,0.974,0.984,0.992,0.992]
Epoch [115] Testing Results: Prec@1 59.470 Prec@5 95.050             Loss 2.10227
Epoch [115] Testing Class Recall: [0.943,0.947,0.530,0.291,0.445,0.655,0.454,0.861,0.419,0.402]
Epoch [116] Training Results: Prec@1 95.819 Prec@5 99.981             Loss 0.12263
Epoch [116] Training Class Recall: [0.951,0.969,0.905,0.914,0.946,0.954,0.976,0.982,0.993,0.990]
Epoch [116] Testing Results: Prec@1 57.900 Prec@5 93.570             Loss 2.33093
Epoch [116] Testing Class Recall: [0.926,0.982,0.786,0.479,0.453,0.668,0.566,0.396,0.289,0.245]
Epoch [117] Training Results: Prec@1 96.031 Prec@5 99.978             Loss 0.11812
Epoch [117] Training Class Recall: [0.953,0.975,0.913,0.917,0.945,0.950,0.977,0.986,0.992,0.993]
Epoch [117] Testing Results: Prec@1 63.310 Prec@5 95.540             Loss 1.94136
Epoch [117] Testing Class Recall: [0.972,0.949,0.658,0.558,0.733,0.641,0.684,0.592,0.165,0.379]
Epoch [118] Training Results: Prec@1 96.136 Prec@5 99.983             Loss 0.11256
Epoch [118] Training Class Recall: [0.956,0.971,0.909,0.920,0.954,0.955,0.978,0.985,0.991,0.994]
Epoch [118] Testing Results: Prec@1 61.690 Prec@5 94.230             Loss 1.94308
Epoch [118] Testing Class Recall: [0.873,0.960,0.746,0.714,0.606,0.598,0.559,0.505,0.435,0.173]
Epoch [119] Training Results: Prec@1 95.708 Prec@5 99.969             Loss 0.12731
Epoch [119] Training Class Recall: [0.953,0.970,0.903,0.911,0.946,0.953,0.971,0.981,0.992,0.991]
Epoch [119] Testing Results: Prec@1 56.550 Prec@5 95.010             Loss 2.45691
Epoch [119] Testing Class Recall: [0.941,0.955,0.870,0.438,0.508,0.434,0.538,0.381,0.253,0.337]
Epoch [120] Training Results: Prec@1 95.614 Prec@5 99.975             Loss 0.12404
Epoch [120] Training Class Recall: [0.953,0.973,0.908,0.905,0.939,0.948,0.972,0.984,0.988,0.993]
Epoch [120] Testing Results: Prec@1 54.850 Prec@5 93.390             Loss 2.76399
Epoch [120] Testing Class Recall: [0.933,0.986,0.620,0.753,0.632,0.444,0.494,0.320,0.177,0.126]
Epoch [121] Training Results: Prec@1 96.008 Prec@5 99.986             Loss 0.11848
Epoch [121] Training Class Recall: [0.956,0.976,0.910,0.916,0.949,0.951,0.976,0.983,0.990,0.994]
Epoch [121] Testing Results: Prec@1 58.370 Prec@5 94.270             Loss 2.22833
Epoch [121] Testing Class Recall: [0.926,0.982,0.726,0.536,0.474,0.466,0.602,0.408,0.432,0.285]
Epoch [122] Training Results: Prec@1 95.828 Prec@5 99.978             Loss 0.12441
Epoch [122] Training Class Recall: [0.955,0.975,0.908,0.905,0.949,0.954,0.973,0.982,0.988,0.993]
Epoch [122] Testing Results: Prec@1 62.890 Prec@5 94.130             Loss 1.90571
Epoch [122] Testing Class Recall: [0.916,0.974,0.689,0.550,0.634,0.583,0.842,0.558,0.079,0.464]
Epoch [123] Training Results: Prec@1 96.047 Prec@5 99.992             Loss 0.11624
Epoch [123] Training Class Recall: [0.958,0.972,0.905,0.919,0.947,0.961,0.974,0.984,0.994,0.991]
Epoch [123] Testing Results: Prec@1 57.430 Prec@5 94.720             Loss 2.16194
Epoch [123] Testing Class Recall: [0.988,0.898,0.599,0.681,0.649,0.450,0.458,0.515,0.317,0.188]
Epoch [124] Training Results: Prec@1 95.789 Prec@5 99.983             Loss 0.12371
Epoch [124] Training Class Recall: [0.951,0.970,0.902,0.916,0.944,0.951,0.979,0.984,0.990,0.992]
Epoch [124] Testing Results: Prec@1 61.380 Prec@5 94.640             Loss 1.90472
Epoch [124] Testing Class Recall: [0.850,0.983,0.627,0.636,0.746,0.713,0.487,0.455,0.241,0.400]
Epoch [125] Training Results: Prec@1 96.256 Prec@5 99.981             Loss 0.11053
Epoch [125] Training Class Recall: [0.960,0.975,0.905,0.925,0.950,0.961,0.976,0.987,0.996,0.991]
Epoch [125] Testing Results: Prec@1 56.020 Prec@5 92.020             Loss 2.51510
Epoch [125] Testing Class Recall: [0.895,0.964,0.776,0.454,0.306,0.484,0.317,0.581,0.237,0.588]
Epoch [126] Training Results: Prec@1 95.947 Prec@5 99.986             Loss 0.11868
Epoch [126] Training Class Recall: [0.960,0.974,0.902,0.917,0.947,0.950,0.974,0.986,0.991,0.994]
Epoch [126] Testing Results: Prec@1 65.160 Prec@5 94.950             Loss 1.68665
Epoch [126] Testing Class Recall: [0.913,0.953,0.748,0.721,0.629,0.529,0.685,0.534,0.261,0.543]
Epoch [127] Training Results: Prec@1 96.017 Prec@5 99.986             Loss 0.11754
Epoch [127] Training Class Recall: [0.955,0.972,0.905,0.924,0.947,0.957,0.975,0.983,0.990,0.993]
Epoch [127] Testing Results: Prec@1 59.130 Prec@5 94.290             Loss 2.21968
Epoch [127] Testing Class Recall: [0.943,0.971,0.687,0.451,0.469,0.666,0.777,0.420,0.241,0.288]
Epoch [128] Training Results: Prec@1 95.814 Prec@5 99.975             Loss 0.12393
Epoch [128] Training Class Recall: [0.950,0.967,0.905,0.917,0.947,0.953,0.972,0.984,0.991,0.993]
Epoch [128] Testing Results: Prec@1 55.500 Prec@5 92.160             Loss 2.59394
Epoch [128] Testing Class Recall: [0.966,0.937,0.672,0.565,0.655,0.421,0.563,0.366,0.315,0.090]
Epoch [129] Training Results: Prec@1 96.108 Prec@5 99.983             Loss 0.11364
Epoch [129] Training Class Recall: [0.959,0.974,0.908,0.918,0.948,0.955,0.981,0.984,0.992,0.991]
Epoch [129] Testing Results: Prec@1 57.030 Prec@5 93.590             Loss 2.31016
Epoch [129] Testing Class Recall: [0.886,0.956,0.869,0.682,0.462,0.420,0.438,0.413,0.278,0.299]
Epoch [130] Training Results: Prec@1 95.931 Prec@5 99.975             Loss 0.11863
Epoch [130] Training Class Recall: [0.955,0.969,0.911,0.915,0.943,0.954,0.977,0.984,0.994,0.991]
Epoch [130] Testing Results: Prec@1 60.850 Prec@5 93.990             Loss 2.21147
Epoch [130] Testing Class Recall: [0.954,0.959,0.721,0.406,0.627,0.626,0.709,0.559,0.117,0.407]
Epoch [131] Training Results: Prec@1 96.122 Prec@5 99.967             Loss 0.11616
Epoch [131] Training Class Recall: [0.952,0.977,0.911,0.915,0.954,0.957,0.978,0.985,0.991,0.993]
Epoch [131] Testing Results: Prec@1 50.440 Prec@5 92.820             Loss 2.92621
Epoch [131] Testing Class Recall: [0.982,0.880,0.700,0.525,0.326,0.544,0.432,0.347,0.123,0.185]
Epoch [132] Training Results: Prec@1 96.433 Prec@5 99.975             Loss 0.10653
Epoch [132] Training Class Recall: [0.961,0.975,0.916,0.925,0.955,0.960,0.973,0.989,0.995,0.994]
Epoch [132] Testing Results: Prec@1 58.600 Prec@5 94.270             Loss 2.30806
Epoch [132] Testing Class Recall: [0.959,0.911,0.785,0.615,0.547,0.344,0.748,0.544,0.173,0.234]
Epoch [133] Training Results: Prec@1 95.886 Prec@5 99.981             Loss 0.12101
Epoch [133] Training Class Recall: [0.958,0.971,0.906,0.920,0.946,0.955,0.974,0.982,0.989,0.989]
Epoch [133] Testing Results: Prec@1 66.390 Prec@5 94.950             Loss 1.58679
Epoch [133] Testing Class Recall: [0.790,0.945,0.770,0.439,0.857,0.595,0.650,0.538,0.709,0.346]
Epoch [134] Training Results: Prec@1 95.906 Prec@5 99.969             Loss 0.11930
Epoch [134] Training Class Recall: [0.956,0.969,0.904,0.917,0.946,0.956,0.977,0.982,0.991,0.993]
Epoch [134] Testing Results: Prec@1 61.560 Prec@5 94.250             Loss 2.17784
Epoch [134] Testing Class Recall: [0.918,0.973,0.801,0.571,0.680,0.563,0.651,0.679,0.126,0.194]
Epoch [135] Training Results: Prec@1 95.778 Prec@5 99.986             Loss 0.12257
Epoch [135] Training Class Recall: [0.952,0.974,0.899,0.911,0.945,0.955,0.973,0.985,0.992,0.991]
Epoch [135] Testing Results: Prec@1 67.520 Prec@5 95.820             Loss 1.57757
Epoch [135] Testing Class Recall: [0.822,0.978,0.694,0.670,0.688,0.524,0.618,0.647,0.674,0.437]
Epoch [136] Training Results: Prec@1 96.078 Prec@5 99.989             Loss 0.11265
Epoch [136] Training Class Recall: [0.952,0.974,0.909,0.927,0.944,0.958,0.975,0.984,0.992,0.993]
Epoch [136] Testing Results: Prec@1 60.500 Prec@5 94.030             Loss 2.17427
Epoch [136] Testing Class Recall: [0.915,0.990,0.720,0.411,0.609,0.632,0.774,0.496,0.433,0.070]
Epoch [137] Training Results: Prec@1 96.042 Prec@5 99.969             Loss 0.11642
Epoch [137] Training Class Recall: [0.953,0.975,0.912,0.917,0.949,0.952,0.976,0.986,0.992,0.993]
Epoch [137] Testing Results: Prec@1 63.480 Prec@5 94.450             Loss 1.69083
Epoch [137] Testing Class Recall: [0.914,0.976,0.720,0.611,0.647,0.552,0.733,0.387,0.415,0.393]
Epoch [138] Training Results: Prec@1 96.200 Prec@5 99.986             Loss 0.11097
Epoch [138] Training Class Recall: [0.957,0.977,0.914,0.922,0.948,0.957,0.977,0.979,0.994,0.995]
Epoch [138] Testing Results: Prec@1 62.540 Prec@5 95.220             Loss 1.96069
Epoch [138] Testing Class Recall: [0.880,0.953,0.777,0.720,0.505,0.331,0.775,0.647,0.367,0.299]
Epoch [139] Training Results: Prec@1 95.969 Prec@5 99.981             Loss 0.11922
Epoch [139] Training Class Recall: [0.956,0.970,0.905,0.917,0.947,0.956,0.977,0.986,0.991,0.992]
Epoch [139] Testing Results: Prec@1 60.610 Prec@5 93.460             Loss 2.16529
Epoch [139] Testing Class Recall: [0.888,0.870,0.829,0.698,0.615,0.409,0.741,0.511,0.143,0.357]
Epoch [140] Training Results: Prec@1 96.081 Prec@5 99.983             Loss 0.11564
Epoch [140] Training Class Recall: [0.955,0.972,0.911,0.924,0.945,0.956,0.976,0.984,0.993,0.992]
Epoch [140] Testing Results: Prec@1 58.810 Prec@5 94.360             Loss 2.00400
Epoch [140] Testing Class Recall: [0.931,0.927,0.851,0.619,0.558,0.400,0.360,0.506,0.461,0.268]
Epoch [141] Training Results: Prec@1 95.919 Prec@5 99.975             Loss 0.12055
Epoch [141] Training Class Recall: [0.957,0.975,0.908,0.919,0.940,0.949,0.975,0.982,0.993,0.993]
Epoch [141] Testing Results: Prec@1 66.130 Prec@5 95.930             Loss 1.57827
Epoch [141] Testing Class Recall: [0.958,0.889,0.724,0.491,0.706,0.622,0.646,0.608,0.328,0.641]
Epoch [142] Training Results: Prec@1 95.922 Prec@5 99.972             Loss 0.11803
Epoch [142] Training Class Recall: [0.957,0.973,0.902,0.915,0.949,0.950,0.973,0.985,0.991,0.995]
Epoch [142] Testing Results: Prec@1 64.790 Prec@5 94.850             Loss 1.69613
Epoch [142] Testing Class Recall: [0.853,0.953,0.828,0.569,0.718,0.671,0.564,0.381,0.552,0.390]
Epoch [143] Training Results: Prec@1 96.214 Prec@5 99.981             Loss 0.10941
Epoch [143] Training Class Recall: [0.954,0.974,0.911,0.922,0.954,0.957,0.978,0.987,0.991,0.995]
Epoch [143] Testing Results: Prec@1 60.640 Prec@5 94.530             Loss 2.09148
Epoch [143] Testing Class Recall: [0.908,0.974,0.702,0.584,0.662,0.621,0.622,0.668,0.187,0.136]
Epoch [144] Training Results: Prec@1 96.089 Prec@5 99.978             Loss 0.11523
Epoch [144] Training Class Recall: [0.956,0.974,0.906,0.919,0.946,0.957,0.980,0.982,0.994,0.994]
Epoch [144] Testing Results: Prec@1 53.960 Prec@5 93.150             Loss 2.48814
Epoch [144] Testing Class Recall: [0.971,0.950,0.681,0.485,0.667,0.401,0.459,0.329,0.353,0.100]
Epoch [145] Training Results: Prec@1 95.886 Prec@5 99.986             Loss 0.11783
Epoch [145] Training Class Recall: [0.958,0.969,0.905,0.913,0.952,0.951,0.971,0.984,0.993,0.991]
Epoch [145] Testing Results: Prec@1 58.800 Prec@5 93.720             Loss 2.11040
Epoch [145] Testing Class Recall: [0.913,0.928,0.852,0.619,0.692,0.220,0.284,0.636,0.403,0.333]
Epoch [146] Training Results: Prec@1 96.058 Prec@5 99.986             Loss 0.11477
Epoch [146] Training Class Recall: [0.958,0.977,0.911,0.916,0.948,0.954,0.972,0.982,0.993,0.994]
Epoch [146] Testing Results: Prec@1 67.160 Prec@5 95.950             Loss 1.54476
Epoch [146] Testing Class Recall: [0.933,0.864,0.559,0.690,0.698,0.409,0.542,0.722,0.612,0.687]
Epoch [147] Training Results: Prec@1 95.931 Prec@5 99.997             Loss 0.12082
Epoch [147] Training Class Recall: [0.951,0.973,0.905,0.916,0.953,0.951,0.974,0.983,0.993,0.992]
Epoch [147] Testing Results: Prec@1 59.020 Prec@5 93.990             Loss 2.07450
Epoch [147] Testing Class Recall: [0.951,0.981,0.505,0.627,0.715,0.612,0.519,0.412,0.400,0.180]
Epoch [148] Training Results: Prec@1 96.019 Prec@5 99.992             Loss 0.11360
Epoch [148] Training Class Recall: [0.956,0.974,0.907,0.915,0.948,0.953,0.974,0.986,0.991,0.997]
Epoch [148] Testing Results: Prec@1 57.480 Prec@5 94.700             Loss 2.26261
Epoch [148] Testing Class Recall: [0.919,0.876,0.850,0.608,0.669,0.284,0.466,0.388,0.258,0.430]
Epoch [149] Training Results: Prec@1 95.917 Prec@5 99.986             Loss 0.11810
Epoch [149] Training Class Recall: [0.957,0.973,0.905,0.916,0.940,0.958,0.975,0.982,0.991,0.993]
Epoch [149] Testing Results: Prec@1 62.940 Prec@5 95.330             Loss 1.85869
Epoch [149] Testing Class Recall: [0.922,0.966,0.654,0.688,0.661,0.393,0.521,0.504,0.660,0.325]
Epoch [150] Training Results: Prec@1 96.206 Prec@5 99.983             Loss 0.11040
Epoch [150] Training Class Recall: [0.957,0.975,0.909,0.924,0.949,0.957,0.977,0.986,0.993,0.994]
Epoch [150] Testing Results: Prec@1 59.240 Prec@5 93.960             Loss 2.30474
Epoch [150] Testing Class Recall: [0.945,0.932,0.819,0.579,0.492,0.441,0.608,0.463,0.155,0.490]
Epoch [151] Training Results: Prec@1 96.181 Prec@5 99.986             Loss 0.11136
Epoch [151] Training Class Recall: [0.959,0.973,0.910,0.925,0.946,0.956,0.975,0.989,0.993,0.992]
Epoch [151] Testing Results: Prec@1 58.840 Prec@5 93.430             Loss 2.32838
Epoch [151] Testing Class Recall: [0.970,0.891,0.650,0.660,0.565,0.517,0.785,0.422,0.225,0.199]
Epoch [152] Training Results: Prec@1 96.228 Prec@5 99.986             Loss 0.11104
Epoch [152] Training Class Recall: [0.958,0.970,0.910,0.926,0.953,0.960,0.977,0.984,0.992,0.994]
Epoch [152] Testing Results: Prec@1 63.130 Prec@5 94.830             Loss 1.90693
Epoch [152] Testing Class Recall: [0.858,0.931,0.711,0.558,0.496,0.445,0.532,0.895,0.459,0.428]
Epoch [153] Training Results: Prec@1 95.850 Prec@5 99.983             Loss 0.12064
Epoch [153] Training Class Recall: [0.954,0.973,0.910,0.920,0.944,0.950,0.971,0.981,0.990,0.991]
Epoch [153] Testing Results: Prec@1 65.040 Prec@5 95.530             Loss 1.63327
Epoch [153] Testing Class Recall: [0.808,0.927,0.800,0.443,0.826,0.556,0.645,0.691,0.520,0.288]
Epoch [154] Training Results: Prec@1 96.119 Prec@5 99.969             Loss 0.11489
Epoch [154] Training Class Recall: [0.956,0.978,0.913,0.917,0.947,0.958,0.973,0.984,0.993,0.992]
Epoch [154] Testing Results: Prec@1 66.020 Prec@5 95.930             Loss 1.61514
Epoch [154] Testing Class Recall: [0.810,0.966,0.649,0.577,0.736,0.704,0.518,0.709,0.595,0.338]
Epoch [155] Training Results: Prec@1 96.458 Prec@5 99.983             Loss 0.10550
Epoch [155] Training Class Recall: [0.960,0.975,0.912,0.932,0.953,0.962,0.980,0.986,0.993,0.994]
Epoch [155] Testing Results: Prec@1 59.620 Prec@5 93.560             Loss 2.33192
Epoch [155] Testing Class Recall: [0.971,0.954,0.726,0.595,0.717,0.466,0.598,0.576,0.253,0.106]
Epoch [156] Training Results: Prec@1 96.050 Prec@5 99.986             Loss 0.11611
Epoch [156] Training Class Recall: [0.958,0.969,0.908,0.925,0.950,0.955,0.975,0.983,0.990,0.992]
Epoch [156] Testing Results: Prec@1 61.570 Prec@5 94.460             Loss 1.87901
Epoch [156] Testing Class Recall: [0.926,0.972,0.692,0.584,0.593,0.509,0.552,0.634,0.388,0.307]
Epoch [157] Training Results: Prec@1 96.153 Prec@5 99.986             Loss 0.11024
Epoch [157] Training Class Recall: [0.958,0.970,0.915,0.913,0.954,0.955,0.980,0.984,0.992,0.993]
Epoch [157] Testing Results: Prec@1 59.080 Prec@5 94.990             Loss 2.19844
Epoch [157] Testing Class Recall: [0.957,0.963,0.760,0.520,0.482,0.468,0.702,0.474,0.283,0.299]
Epoch [158] Training Results: Prec@1 96.003 Prec@5 99.972             Loss 0.11697
Epoch [158] Training Class Recall: [0.956,0.973,0.907,0.912,0.946,0.960,0.975,0.985,0.991,0.994]
Epoch [158] Testing Results: Prec@1 57.020 Prec@5 92.690             Loss 2.38413
Epoch [158] Testing Class Recall: [0.965,0.969,0.761,0.604,0.642,0.304,0.662,0.544,0.146,0.105]
Epoch [159] Training Results: Prec@1 96.392 Prec@5 99.994             Loss 0.10897
Epoch [159] Training Class Recall: [0.959,0.977,0.913,0.929,0.954,0.957,0.976,0.985,0.994,0.995]
Epoch [159] Testing Results: Prec@1 64.020 Prec@5 94.890             Loss 1.78414
Epoch [159] Testing Class Recall: [0.863,0.924,0.814,0.717,0.713,0.399,0.543,0.573,0.287,0.569]
Epoch [160] Training Results: Prec@1 97.106 Prec@5 99.992             Loss 0.08551
Epoch [160] Training Class Recall: [0.959,0.968,0.947,0.939,0.968,0.959,0.982,0.994,0.995,0.999]
Epoch [160] Testing Results: Prec@1 65.000 Prec@5 95.430             Loss 1.75240
Epoch [160] Testing Class Recall: [0.932,0.967,0.770,0.698,0.716,0.498,0.685,0.589,0.269,0.376]
Epoch [161] Training Results: Prec@1 98.144 Prec@5 99.997             Loss 0.05790
Epoch [161] Training Class Recall: [0.974,0.981,0.950,0.965,0.984,0.978,0.989,0.995,0.999,1.000]
Epoch [161] Testing Results: Prec@1 65.770 Prec@5 95.650             Loss 1.70359
Epoch [161] Testing Class Recall: [0.937,0.967,0.785,0.713,0.687,0.538,0.692,0.574,0.292,0.392]
Epoch [162] Training Results: Prec@1 98.611 Prec@5 99.997             Loss 0.04611
Epoch [162] Training Class Recall: [0.979,0.988,0.958,0.976,0.987,0.986,0.994,0.996,0.999,1.000]
Epoch [162] Testing Results: Prec@1 64.820 Prec@5 95.380             Loss 1.83527
Epoch [162] Testing Class Recall: [0.940,0.971,0.785,0.721,0.717,0.517,0.687,0.560,0.276,0.308]
Epoch [163] Training Results: Prec@1 98.650 Prec@5 99.992             Loss 0.04365
Epoch [163] Training Class Recall: [0.984,0.989,0.961,0.974,0.983,0.985,0.995,0.997,0.998,1.000]
Epoch [163] Testing Results: Prec@1 65.370 Prec@5 95.610             Loss 1.78261
Epoch [163] Testing Class Recall: [0.944,0.973,0.784,0.719,0.697,0.537,0.690,0.573,0.302,0.318]
Epoch [164] Training Results: Prec@1 98.861 Prec@5 99.994             Loss 0.03893
Epoch [164] Training Class Recall: [0.984,0.990,0.967,0.977,0.986,0.990,0.996,0.998,0.998,1.000]
Epoch [164] Testing Results: Prec@1 65.470 Prec@5 95.680             Loss 1.75266
Epoch [164] Testing Class Recall: [0.939,0.977,0.791,0.724,0.720,0.517,0.644,0.583,0.307,0.345]
Epoch [165] Training Results: Prec@1 99.075 Prec@5 100.000             Loss 0.03450
Epoch [165] Training Class Recall: [0.988,0.993,0.971,0.986,0.988,0.990,0.996,0.998,0.999,0.999]
Epoch [165] Testing Results: Prec@1 65.160 Prec@5 95.530             Loss 1.82020
Epoch [165] Testing Class Recall: [0.943,0.976,0.815,0.692,0.721,0.518,0.683,0.576,0.291,0.301]
Epoch [166] Training Results: Prec@1 98.992 Prec@5 99.997             Loss 0.03359
Epoch [166] Training Class Recall: [0.984,0.993,0.971,0.979,0.989,0.989,0.996,0.998,0.999,1.000]
Epoch [166] Testing Results: Prec@1 64.930 Prec@5 95.540             Loss 1.83457
Epoch [166] Testing Class Recall: [0.945,0.974,0.802,0.715,0.709,0.525,0.674,0.576,0.288,0.285]
Epoch [167] Training Results: Prec@1 98.994 Prec@5 99.997             Loss 0.03351
Epoch [167] Training Class Recall: [0.983,0.990,0.974,0.981,0.987,0.991,0.997,0.997,0.999,1.000]
Epoch [167] Testing Results: Prec@1 64.880 Prec@5 95.370             Loss 1.85583
Epoch [167] Testing Class Recall: [0.945,0.977,0.794,0.726,0.718,0.534,0.677,0.545,0.298,0.274]
Epoch [168] Training Results: Prec@1 99.125 Prec@5 99.997             Loss 0.03020
Epoch [168] Training Class Recall: [0.987,0.991,0.973,0.985,0.990,0.991,0.998,0.998,0.999,0.999]
Epoch [168] Testing Results: Prec@1 65.110 Prec@5 95.460             Loss 1.83602
Epoch [168] Testing Class Recall: [0.944,0.977,0.804,0.698,0.725,0.550,0.661,0.564,0.302,0.286]
Epoch [169] Training Results: Prec@1 99.228 Prec@5 99.997             Loss 0.02808
Epoch [169] Training Class Recall: [0.991,0.992,0.975,0.987,0.990,0.992,0.998,0.999,1.000,1.000]
Epoch [169] Testing Results: Prec@1 65.410 Prec@5 95.650             Loss 1.78678
Epoch [169] Testing Class Recall: [0.940,0.977,0.811,0.716,0.708,0.536,0.669,0.588,0.296,0.300]
Epoch [170] Training Results: Prec@1 99.236 Prec@5 100.000             Loss 0.02818
Epoch [170] Training Class Recall: [0.991,0.996,0.974,0.986,0.990,0.993,0.998,0.998,0.999,1.000]
Epoch [170] Testing Results: Prec@1 65.190 Prec@5 95.520             Loss 1.81768
Epoch [170] Testing Class Recall: [0.948,0.975,0.780,0.716,0.732,0.549,0.669,0.567,0.307,0.276]
Epoch [171] Training Results: Prec@1 99.281 Prec@5 100.000             Loss 0.02708
Epoch [171] Training Class Recall: [0.988,0.993,0.979,0.986,0.994,0.995,0.998,0.999,0.998,1.000]
Epoch [171] Testing Results: Prec@1 64.540 Prec@5 95.410             Loss 1.88516
Epoch [171] Testing Class Recall: [0.946,0.978,0.778,0.734,0.723,0.534,0.661,0.551,0.284,0.265]
Epoch [172] Training Results: Prec@1 99.356 Prec@5 99.994             Loss 0.02471
Epoch [172] Training Class Recall: [0.991,0.994,0.979,0.991,0.991,0.995,0.997,0.999,0.998,1.000]
Epoch [172] Testing Results: Prec@1 65.170 Prec@5 95.570             Loss 1.83777
Epoch [172] Testing Class Recall: [0.944,0.975,0.813,0.718,0.719,0.533,0.674,0.563,0.304,0.274]
Epoch [173] Training Results: Prec@1 99.286 Prec@5 100.000             Loss 0.02613
Epoch [173] Training Class Recall: [0.989,0.994,0.977,0.986,0.993,0.993,0.997,0.999,1.000,1.000]
Epoch [173] Testing Results: Prec@1 64.300 Prec@5 95.420             Loss 1.90531
Epoch [173] Testing Class Recall: [0.946,0.979,0.799,0.732,0.713,0.516,0.666,0.533,0.280,0.266]
Epoch [174] Training Results: Prec@1 99.317 Prec@5 100.000             Loss 0.02527
Epoch [174] Training Class Recall: [0.990,0.992,0.978,0.987,0.993,0.996,0.998,0.998,0.999,0.999]
Epoch [174] Testing Results: Prec@1 64.680 Prec@5 95.520             Loss 1.88388
Epoch [174] Testing Class Recall: [0.942,0.979,0.806,0.721,0.708,0.567,0.630,0.562,0.300,0.253]
Epoch [175] Training Results: Prec@1 99.381 Prec@5 100.000             Loss 0.02360
Epoch [175] Training Class Recall: [0.991,0.994,0.979,0.988,0.995,0.995,0.998,0.999,0.999,1.000]
Epoch [175] Testing Results: Prec@1 64.940 Prec@5 95.460             Loss 1.87223
Epoch [175] Testing Class Recall: [0.943,0.978,0.800,0.725,0.733,0.517,0.680,0.547,0.322,0.249]
Epoch [176] Training Results: Prec@1 99.339 Prec@5 100.000             Loss 0.02331
Epoch [176] Training Class Recall: [0.989,0.996,0.979,0.989,0.992,0.994,0.998,0.998,1.000,0.999]
Epoch [176] Testing Results: Prec@1 64.500 Prec@5 95.500             Loss 1.88533
Epoch [176] Testing Class Recall: [0.948,0.976,0.804,0.711,0.706,0.532,0.663,0.544,0.301,0.265]
Epoch [177] Training Results: Prec@1 99.447 Prec@5 99.997             Loss 0.02216
Epoch [177] Training Class Recall: [0.990,0.996,0.982,0.992,0.994,0.995,0.998,1.000,0.999,0.999]
Epoch [177] Testing Results: Prec@1 64.870 Prec@5 95.710             Loss 1.85227
Epoch [177] Testing Class Recall: [0.948,0.976,0.795,0.709,0.709,0.558,0.649,0.571,0.327,0.245]
Epoch [178] Training Results: Prec@1 99.464 Prec@5 100.000             Loss 0.02201
Epoch [178] Training Class Recall: [0.991,0.996,0.982,0.991,0.994,0.995,0.999,0.999,0.999,0.999]
Epoch [178] Testing Results: Prec@1 64.020 Prec@5 95.470             Loss 1.95428
Epoch [178] Testing Class Recall: [0.948,0.976,0.809,0.708,0.714,0.513,0.661,0.547,0.287,0.239]
Epoch [179] Training Results: Prec@1 99.519 Prec@5 99.997             Loss 0.02079
Epoch [179] Training Class Recall: [0.992,0.996,0.985,0.992,0.995,0.996,0.998,0.999,0.999,0.999]
Epoch [179] Testing Results: Prec@1 64.660 Prec@5 95.620             Loss 1.87943
Epoch [179] Testing Class Recall: [0.940,0.978,0.811,0.726,0.714,0.525,0.642,0.577,0.318,0.235]
Epoch [180] Training Results: Prec@1 99.456 Prec@5 100.000             Loss 0.02128
Epoch [180] Training Class Recall: [0.992,0.996,0.982,0.988,0.993,0.996,1.000,0.999,0.999,1.000]
Epoch [180] Testing Results: Prec@1 64.830 Prec@5 95.530             Loss 1.86796
Epoch [180] Testing Class Recall: [0.941,0.977,0.822,0.708,0.713,0.534,0.666,0.550,0.332,0.240]
Epoch [181] Training Results: Prec@1 99.453 Prec@5 100.000             Loss 0.02171
Epoch [181] Training Class Recall: [0.991,0.996,0.983,0.990,0.994,0.995,0.999,0.998,0.999,1.000]
Epoch [181] Testing Results: Prec@1 64.230 Prec@5 95.430             Loss 1.96003
Epoch [181] Testing Class Recall: [0.941,0.979,0.821,0.715,0.706,0.524,0.664,0.561,0.269,0.243]
Epoch [182] Training Results: Prec@1 99.461 Prec@5 100.000             Loss 0.02084
Epoch [182] Training Class Recall: [0.993,0.994,0.982,0.990,0.994,0.996,0.999,0.998,0.999,1.000]
Epoch [182] Testing Results: Prec@1 64.010 Prec@5 95.440             Loss 1.95187
Epoch [182] Testing Class Recall: [0.946,0.976,0.801,0.715,0.737,0.509,0.652,0.557,0.286,0.222]
Epoch [183] Training Results: Prec@1 99.494 Prec@5 100.000             Loss 0.02042
Epoch [183] Training Class Recall: [0.992,0.995,0.984,0.992,0.994,0.996,0.998,0.999,0.999,1.000]
Epoch [183] Testing Results: Prec@1 64.620 Prec@5 95.530             Loss 1.88669
Epoch [183] Testing Class Recall: [0.945,0.976,0.794,0.722,0.725,0.533,0.668,0.555,0.293,0.251]
Epoch [184] Training Results: Prec@1 99.444 Prec@5 100.000             Loss 0.02141
Epoch [184] Training Class Recall: [0.992,0.994,0.979,0.992,0.994,0.995,0.999,0.999,1.000,1.000]
Epoch [184] Testing Results: Prec@1 63.800 Prec@5 95.540             Loss 1.98615
Epoch [184] Testing Class Recall: [0.944,0.978,0.809,0.718,0.712,0.524,0.630,0.549,0.285,0.231]
Epoch [185] Training Results: Prec@1 99.428 Prec@5 100.000             Loss 0.02125
Epoch [185] Training Class Recall: [0.992,0.994,0.981,0.990,0.996,0.996,0.998,0.999,0.999,1.000]
Epoch [185] Testing Results: Prec@1 64.240 Prec@5 95.480             Loss 1.95160
Epoch [185] Testing Class Recall: [0.941,0.983,0.823,0.710,0.704,0.528,0.656,0.559,0.271,0.249]
Epoch [186] Training Results: Prec@1 99.483 Prec@5 99.997             Loss 0.02050
Epoch [186] Training Class Recall: [0.992,0.995,0.983,0.992,0.994,0.996,0.999,0.999,0.999,1.000]
Epoch [186] Testing Results: Prec@1 64.430 Prec@5 95.520             Loss 1.92100
Epoch [186] Testing Class Recall: [0.942,0.978,0.817,0.709,0.721,0.532,0.632,0.561,0.312,0.239]
Epoch [187] Training Results: Prec@1 99.503 Prec@5 100.000             Loss 0.02046
Epoch [187] Training Class Recall: [0.993,0.995,0.983,0.990,0.996,0.996,0.999,0.999,0.999,1.000]
Epoch [187] Testing Results: Prec@1 64.070 Prec@5 95.410             Loss 1.95646
Epoch [187] Testing Class Recall: [0.942,0.978,0.807,0.731,0.712,0.533,0.654,0.542,0.260,0.248]
Epoch [188] Training Results: Prec@1 99.447 Prec@5 100.000             Loss 0.02082
Epoch [188] Training Class Recall: [0.992,0.993,0.984,0.991,0.994,0.996,0.997,0.999,0.999,1.000]
Epoch [188] Testing Results: Prec@1 64.320 Prec@5 95.560             Loss 1.91097
Epoch [188] Testing Class Recall: [0.942,0.977,0.816,0.716,0.712,0.538,0.628,0.565,0.309,0.229]
Epoch [189] Training Results: Prec@1 99.464 Prec@5 99.997             Loss 0.02057
Epoch [189] Training Class Recall: [0.989,0.995,0.986,0.992,0.993,0.997,0.998,0.999,0.999,0.999]
Epoch [189] Testing Results: Prec@1 64.560 Prec@5 95.560             Loss 1.90425
Epoch [189] Testing Class Recall: [0.943,0.976,0.810,0.712,0.740,0.524,0.667,0.587,0.280,0.217]
Epoch [190] Training Results: Prec@1 99.469 Prec@5 100.000             Loss 0.02066
Epoch [190] Training Class Recall: [0.991,0.996,0.981,0.992,0.994,0.996,0.999,0.998,0.999,1.000]
Epoch [190] Testing Results: Prec@1 64.260 Prec@5 95.510             Loss 1.93060
Epoch [190] Testing Class Recall: [0.944,0.980,0.807,0.719,0.710,0.541,0.644,0.544,0.290,0.247]
Epoch [191] Training Results: Prec@1 99.458 Prec@5 100.000             Loss 0.02120
Epoch [191] Training Class Recall: [0.992,0.996,0.982,0.990,0.994,0.995,0.999,0.998,1.000,1.000]
Epoch [191] Testing Results: Prec@1 64.620 Prec@5 95.510             Loss 1.89325
Epoch [191] Testing Class Recall: [0.943,0.976,0.807,0.723,0.729,0.529,0.661,0.541,0.298,0.255]
Epoch [192] Training Results: Prec@1 99.436 Prec@5 100.000             Loss 0.02117
Epoch [192] Training Class Recall: [0.991,0.995,0.980,0.991,0.996,0.996,0.999,0.999,0.998,1.000]
Epoch [192] Testing Results: Prec@1 64.960 Prec@5 95.650             Loss 1.84462
Epoch [192] Testing Class Recall: [0.940,0.976,0.814,0.710,0.727,0.530,0.652,0.593,0.294,0.260]
Epoch [193] Training Results: Prec@1 99.469 Prec@5 100.000             Loss 0.02124
Epoch [193] Training Class Recall: [0.993,0.994,0.980,0.991,0.996,0.997,1.000,0.999,0.998,1.000]
Epoch [193] Testing Results: Prec@1 65.550 Prec@5 95.690             Loss 1.80698
Epoch [193] Testing Class Recall: [0.942,0.976,0.806,0.712,0.723,0.547,0.660,0.583,0.324,0.282]
Epoch [194] Training Results: Prec@1 99.519 Prec@5 100.000             Loss 0.02077
Epoch [194] Training Class Recall: [0.993,0.996,0.984,0.989,0.995,0.997,1.000,0.998,0.999,1.000]
Epoch [194] Testing Results: Prec@1 64.530 Prec@5 95.550             Loss 1.91491
Epoch [194] Testing Class Recall: [0.942,0.976,0.818,0.707,0.720,0.544,0.670,0.562,0.281,0.233]
Epoch [195] Training Results: Prec@1 99.458 Prec@5 100.000             Loss 0.02050
Epoch [195] Training Class Recall: [0.990,0.996,0.984,0.990,0.994,0.997,0.998,0.999,0.999,1.000]
Epoch [195] Testing Results: Prec@1 64.340 Prec@5 95.420             Loss 1.90894
Epoch [195] Testing Class Recall: [0.941,0.979,0.828,0.692,0.721,0.551,0.636,0.555,0.284,0.247]
Epoch [196] Training Results: Prec@1 99.433 Prec@5 99.997             Loss 0.02116
Epoch [196] Training Class Recall: [0.991,0.994,0.981,0.991,0.995,0.997,0.997,1.000,0.999,0.999]
Epoch [196] Testing Results: Prec@1 64.310 Prec@5 95.480             Loss 1.94091
Epoch [196] Testing Class Recall: [0.942,0.979,0.824,0.708,0.715,0.537,0.658,0.537,0.291,0.240]
Epoch [197] Training Results: Prec@1 99.486 Prec@5 100.000             Loss 0.02016
Epoch [197] Training Class Recall: [0.992,0.994,0.981,0.993,0.994,0.996,0.999,0.999,0.999,1.000]
Epoch [197] Testing Results: Prec@1 64.430 Prec@5 95.510             Loss 1.91437
Epoch [197] Testing Class Recall: [0.941,0.977,0.807,0.728,0.716,0.508,0.648,0.538,0.320,0.260]
Epoch [198] Training Results: Prec@1 99.406 Prec@5 100.000             Loss 0.02202
Epoch [198] Training Class Recall: [0.995,0.994,0.979,0.987,0.994,0.995,0.996,0.999,1.000,1.000]
Epoch [198] Testing Results: Prec@1 64.210 Prec@5 95.570             Loss 1.96118
Epoch [198] Testing Class Recall: [0.951,0.977,0.805,0.698,0.718,0.527,0.686,0.549,0.282,0.228]
Epoch [199] Training Results: Prec@1 99.503 Prec@5 100.000             Loss 0.02006
Epoch [199] Training Class Recall: [0.991,0.996,0.984,0.992,0.995,0.997,0.998,0.998,1.000,0.999]
Epoch [199] Testing Results: Prec@1 64.810 Prec@5 95.700             Loss 1.88326
Epoch [199] Testing Class Recall: [0.938,0.977,0.822,0.709,0.699,0.569,0.669,0.570,0.298,0.230]
