Log file: cifar10_lava1.0_deepsmote_selection_exp0.01_seed42_20260424_015933.log
Run started: 2026-04-24 01:59:33.674248
Dataset: cifar10
Imbalance type: exp, factor: 0.01
Selection method: none, ratio: 1.0
Strategy: DeepSMOTE_Selection, epochs: 200
Seed: 42, rand_number: 0
Augmentation: weak
Noise ratio: 0.25
============================================================

=> Preparing logger and tensorboard writer !
----------------------------------------------------
Class ID   | Original   | Selected   | Keep %  
----------------------------------------------------
0          | 4032       | 4032       |   100.0%
1          | 4000       | 4000       |   100.0%
2          | 3955       | 3955       |   100.0%
3          | 4020       | 4020       |   100.0%
4          | 3939       | 3939       |   100.0%
5          | 3999       | 3999       |   100.0%
6          | 3965       | 3965       |   100.0%
7          | 4046       | 4046       |   100.0%
8          | 4042       | 4042       |   100.0%
9          | 4002       | 4002       |   100.0%
----------------------------------------------------
TOTAL      | 40000      | 40000      |   100.0%
----------------------------------------------------
Epoch [0] Training Results: Prec@1 29.477 Prec@5 75.447             Loss 2.03185
Epoch [0] Training Class Recall: [0.285,0.436,0.093,0.155,0.257,0.241,0.313,0.328,0.449,0.386]
Epoch [0] Testing Results: Prec@1 36.530 Prec@5 84.970             Loss 1.81582
Epoch [0] Testing Class Recall: [0.584,0.640,0.110,0.282,0.484,0.326,0.222,0.409,0.418,0.178]
Epoch [1] Training Results: Prec@1 39.372 Prec@5 80.787             Loss 1.85015
Epoch [1] Training Class Recall: [0.403,0.486,0.196,0.220,0.273,0.311,0.428,0.486,0.554,0.574]
Epoch [1] Testing Results: Prec@1 36.670 Prec@5 85.960             Loss 1.82566
Epoch [1] Testing Class Recall: [0.850,0.714,0.223,0.184,0.043,0.298,0.733,0.317,0.162,0.143]
Epoch [2] Training Results: Prec@1 45.597 Prec@5 82.847             Loss 1.73398
Epoch [2] Training Class Recall: [0.476,0.544,0.272,0.240,0.371,0.357,0.528,0.532,0.615,0.619]
Epoch [2] Testing Results: Prec@1 41.470 Prec@5 86.320             Loss 1.70087
Epoch [2] Testing Class Recall: [0.499,0.904,0.176,0.096,0.339,0.149,0.410,0.662,0.553,0.359]
Epoch [3] Training Results: Prec@1 49.177 Prec@5 83.525             Loss 1.66137
Epoch [3] Training Class Recall: [0.508,0.580,0.325,0.271,0.403,0.412,0.551,0.568,0.643,0.652]
Epoch [3] Testing Results: Prec@1 38.910 Prec@5 85.390             Loss 1.77651
Epoch [3] Testing Class Recall: [0.865,0.473,0.403,0.514,0.113,0.382,0.642,0.232,0.219,0.048]
Epoch [4] Training Results: Prec@1 51.830 Prec@5 84.215             Loss 1.61202
Epoch [4] Training Class Recall: [0.541,0.594,0.347,0.329,0.426,0.438,0.576,0.594,0.653,0.681]
Epoch [4] Testing Results: Prec@1 41.610 Prec@5 84.380             Loss 1.77374
Epoch [4] Testing Class Recall: [0.887,0.777,0.448,0.104,0.024,0.510,0.792,0.166,0.338,0.115]
Epoch [5] Training Results: Prec@1 54.835 Prec@5 84.783             Loss 1.55250
Epoch [5] Training Class Recall: [0.562,0.614,0.399,0.355,0.478,0.470,0.611,0.614,0.680,0.698]
Epoch [5] Testing Results: Prec@1 45.030 Prec@5 87.320             Loss 1.68107
Epoch [5] Testing Class Recall: [0.865,0.903,0.454,0.231,0.332,0.307,0.743,0.320,0.243,0.105]
Epoch [6] Training Results: Prec@1 57.250 Prec@5 85.267             Loss 1.49953
Epoch [6] Training Class Recall: [0.585,0.643,0.419,0.409,0.493,0.499,0.622,0.644,0.693,0.714]
Epoch [6] Testing Results: Prec@1 53.350 Prec@5 90.030             Loss 1.44271
Epoch [6] Testing Class Recall: [0.763,0.906,0.541,0.375,0.513,0.471,0.547,0.584,0.546,0.089]
Epoch [7] Training Results: Prec@1 58.870 Prec@5 85.515             Loss 1.46765
Epoch [7] Training Class Recall: [0.603,0.648,0.436,0.418,0.532,0.527,0.640,0.656,0.705,0.719]
Epoch [7] Testing Results: Prec@1 57.060 Prec@5 92.010             Loss 1.34397
Epoch [7] Testing Class Recall: [0.679,0.872,0.443,0.246,0.426,0.704,0.664,0.684,0.757,0.231]
Epoch [8] Training Results: Prec@1 59.945 Prec@5 85.562             Loss 1.44480
Epoch [8] Training Class Recall: [0.612,0.655,0.447,0.452,0.537,0.549,0.644,0.663,0.708,0.724]
Epoch [8] Testing Results: Prec@1 55.470 Prec@5 92.540             Loss 1.36083
Epoch [8] Testing Class Recall: [0.657,0.953,0.592,0.447,0.385,0.710,0.634,0.318,0.540,0.311]
Epoch [9] Training Results: Prec@1 60.980 Prec@5 85.825             Loss 1.42325
Epoch [9] Training Class Recall: [0.624,0.664,0.463,0.463,0.557,0.565,0.649,0.667,0.716,0.728]
Epoch [9] Testing Results: Prec@1 51.560 Prec@5 92.510             Loss 1.47128
Epoch [9] Testing Class Recall: [0.921,0.961,0.305,0.332,0.397,0.451,0.593,0.657,0.293,0.246]
Epoch [10] Training Results: Prec@1 62.155 Prec@5 86.065             Loss 1.40137
Epoch [10] Training Class Recall: [0.630,0.673,0.492,0.480,0.571,0.573,0.665,0.682,0.718,0.729]
Epoch [10] Testing Results: Prec@1 51.790 Prec@5 89.000             Loss 1.53248
Epoch [10] Testing Class Recall: [0.902,0.561,0.393,0.390,0.694,0.710,0.080,0.539,0.398,0.512]
Epoch [11] Training Results: Prec@1 62.502 Prec@5 86.250             Loss 1.38852
Epoch [11] Training Class Recall: [0.629,0.673,0.489,0.482,0.583,0.592,0.672,0.689,0.713,0.725]
Epoch [11] Testing Results: Prec@1 60.580 Prec@5 91.860             Loss 1.26320
Epoch [11] Testing Class Recall: [0.680,0.900,0.589,0.479,0.655,0.642,0.705,0.472,0.697,0.239]
Epoch [12] Training Results: Prec@1 63.130 Prec@5 86.305             Loss 1.37280
Epoch [12] Training Class Recall: [0.640,0.672,0.498,0.487,0.588,0.605,0.680,0.688,0.720,0.733]
Epoch [12] Testing Results: Prec@1 57.540 Prec@5 90.960             Loss 1.35975
Epoch [12] Testing Class Recall: [0.903,0.897,0.464,0.461,0.343,0.619,0.716,0.784,0.374,0.193]
Epoch [13] Training Results: Prec@1 64.040 Prec@5 86.272             Loss 1.35656
Epoch [13] Training Class Recall: [0.645,0.684,0.513,0.512,0.603,0.608,0.682,0.696,0.721,0.737]
Epoch [13] Testing Results: Prec@1 58.780 Prec@5 92.130             Loss 1.32831
Epoch [13] Testing Class Recall: [0.889,0.898,0.383,0.489,0.663,0.725,0.630,0.588,0.345,0.268]
Epoch [14] Training Results: Prec@1 64.292 Prec@5 86.232             Loss 1.34976
Epoch [14] Training Class Recall: [0.649,0.684,0.514,0.527,0.602,0.613,0.688,0.699,0.720,0.730]
Epoch [14] Testing Results: Prec@1 60.570 Prec@5 94.080             Loss 1.23068
Epoch [14] Testing Class Recall: [0.824,0.954,0.469,0.628,0.641,0.601,0.583,0.613,0.136,0.608]
Epoch [15] Training Results: Prec@1 64.755 Prec@5 86.475             Loss 1.33646
Epoch [15] Training Class Recall: [0.649,0.678,0.520,0.535,0.616,0.621,0.688,0.702,0.725,0.737]
Epoch [15] Testing Results: Prec@1 55.290 Prec@5 91.990             Loss 1.39671
Epoch [15] Testing Class Recall: [0.855,0.942,0.762,0.418,0.433,0.667,0.554,0.350,0.302,0.246]
Epoch [16] Training Results: Prec@1 64.982 Prec@5 86.795             Loss 1.33065
Epoch [16] Training Class Recall: [0.647,0.681,0.527,0.536,0.627,0.628,0.695,0.698,0.723,0.736]
Epoch [16] Testing Results: Prec@1 62.200 Prec@5 92.480             Loss 1.24152
Epoch [16] Testing Class Recall: [0.806,0.926,0.677,0.340,0.511,0.751,0.501,0.679,0.457,0.572]
Epoch [17] Training Results: Prec@1 65.502 Prec@5 86.705             Loss 1.32137
Epoch [17] Training Class Recall: [0.654,0.694,0.538,0.546,0.629,0.635,0.688,0.704,0.724,0.738]
Epoch [17] Testing Results: Prec@1 57.380 Prec@5 90.550             Loss 1.38136
Epoch [17] Testing Class Recall: [0.899,0.955,0.515,0.531,0.358,0.574,0.571,0.754,0.182,0.399]
Epoch [18] Training Results: Prec@1 65.410 Prec@5 86.618             Loss 1.32285
Epoch [18] Training Class Recall: [0.662,0.695,0.535,0.541,0.617,0.638,0.687,0.707,0.725,0.732]
Epoch [18] Testing Results: Prec@1 56.170 Prec@5 92.290             Loss 1.35753
Epoch [18] Testing Class Recall: [0.893,0.958,0.577,0.570,0.380,0.583,0.406,0.442,0.521,0.287]
Epoch [19] Training Results: Prec@1 65.997 Prec@5 86.728             Loss 1.31261
Epoch [19] Training Class Recall: [0.661,0.697,0.545,0.555,0.633,0.640,0.692,0.710,0.726,0.739]
Epoch [19] Testing Results: Prec@1 63.270 Prec@5 93.200             Loss 1.20541
Epoch [19] Testing Class Recall: [0.872,0.824,0.518,0.681,0.627,0.400,0.691,0.695,0.523,0.496]
Epoch [20] Training Results: Prec@1 66.255 Prec@5 86.860             Loss 1.30654
Epoch [20] Training Class Recall: [0.655,0.698,0.545,0.569,0.636,0.645,0.701,0.709,0.727,0.739]
Epoch [20] Testing Results: Prec@1 51.730 Prec@5 88.350             Loss 1.54146
Epoch [20] Testing Class Recall: [0.953,0.752,0.576,0.658,0.477,0.366,0.787,0.346,0.110,0.148]
Epoch [21] Training Results: Prec@1 66.395 Prec@5 86.967             Loss 1.29970
Epoch [21] Training Class Recall: [0.665,0.697,0.549,0.567,0.637,0.650,0.695,0.707,0.730,0.740]
Epoch [21] Testing Results: Prec@1 53.100 Prec@5 85.850             Loss 1.60307
Epoch [21] Testing Class Recall: [0.884,0.983,0.559,0.451,0.370,0.618,0.752,0.244,0.382,0.067]
Epoch [22] Training Results: Prec@1 66.720 Prec@5 87.002             Loss 1.29447
Epoch [22] Training Class Recall: [0.665,0.694,0.556,0.577,0.644,0.652,0.702,0.712,0.728,0.740]
Epoch [22] Testing Results: Prec@1 60.560 Prec@5 91.980             Loss 1.30512
Epoch [22] Testing Class Recall: [0.820,0.918,0.603,0.269,0.440,0.493,0.548,0.869,0.353,0.743]
Epoch [23] Training Results: Prec@1 66.760 Prec@5 86.940             Loss 1.29067
Epoch [23] Training Class Recall: [0.664,0.692,0.566,0.571,0.641,0.655,0.704,0.715,0.728,0.738]
Epoch [23] Testing Results: Prec@1 56.250 Prec@5 91.690             Loss 1.39679
Epoch [23] Testing Class Recall: [0.904,0.934,0.507,0.584,0.431,0.651,0.445,0.727,0.220,0.222]
Epoch [24] Training Results: Prec@1 67.005 Prec@5 86.993             Loss 1.28421
Epoch [24] Training Class Recall: [0.669,0.696,0.555,0.580,0.649,0.660,0.707,0.717,0.730,0.737]
Epoch [24] Testing Results: Prec@1 60.150 Prec@5 90.680             Loss 1.30038
Epoch [24] Testing Class Recall: [0.905,0.947,0.611,0.596,0.437,0.557,0.715,0.364,0.515,0.368]
Epoch [25] Training Results: Prec@1 67.365 Prec@5 87.132             Loss 1.27745
Epoch [25] Training Class Recall: [0.679,0.696,0.568,0.585,0.653,0.661,0.711,0.712,0.731,0.739]
Epoch [25] Testing Results: Prec@1 60.480 Prec@5 92.850             Loss 1.27377
Epoch [25] Testing Class Recall: [0.799,0.980,0.443,0.607,0.699,0.502,0.485,0.678,0.541,0.314]
Epoch [26] Training Results: Prec@1 67.262 Prec@5 87.237             Loss 1.27962
Epoch [26] Training Class Recall: [0.674,0.702,0.563,0.593,0.646,0.660,0.705,0.713,0.727,0.741]
Epoch [26] Testing Results: Prec@1 59.550 Prec@5 90.590             Loss 1.32252
Epoch [26] Testing Class Recall: [0.818,0.914,0.621,0.441,0.395,0.700,0.830,0.417,0.241,0.578]
Epoch [27] Training Results: Prec@1 67.575 Prec@5 87.145             Loss 1.27277
Epoch [27] Training Class Recall: [0.672,0.698,0.569,0.598,0.653,0.669,0.708,0.717,0.727,0.744]
Epoch [27] Testing Results: Prec@1 57.780 Prec@5 87.650             Loss 1.42386
Epoch [27] Testing Class Recall: [0.740,0.971,0.377,0.768,0.520,0.535,0.689,0.417,0.683,0.078]
Epoch [28] Training Results: Prec@1 67.565 Prec@5 87.160             Loss 1.27024
Epoch [28] Training Class Recall: [0.666,0.700,0.576,0.594,0.653,0.670,0.707,0.717,0.729,0.741]
Epoch [28] Testing Results: Prec@1 58.560 Prec@5 91.080             Loss 1.35363
Epoch [28] Testing Class Recall: [0.876,0.898,0.779,0.400,0.633,0.409,0.495,0.630,0.314,0.422]
Epoch [29] Training Results: Prec@1 67.838 Prec@5 87.265             Loss 1.26534
Epoch [29] Training Class Recall: [0.674,0.705,0.578,0.605,0.651,0.671,0.709,0.715,0.733,0.739]
Epoch [29] Testing Results: Prec@1 53.910 Prec@5 88.900             Loss 1.51281
Epoch [29] Testing Class Recall: [0.859,0.979,0.618,0.507,0.136,0.374,0.842,0.503,0.390,0.183]
Epoch [30] Training Results: Prec@1 67.615 Prec@5 87.295             Loss 1.26972
Epoch [30] Training Class Recall: [0.670,0.705,0.575,0.601,0.650,0.672,0.706,0.715,0.727,0.740]
Epoch [30] Testing Results: Prec@1 62.780 Prec@5 92.120             Loss 1.25058
Epoch [30] Testing Class Recall: [0.802,0.962,0.593,0.423,0.737,0.483,0.705,0.589,0.638,0.346]
Epoch [31] Training Results: Prec@1 67.582 Prec@5 87.450             Loss 1.26872
Epoch [31] Training Class Recall: [0.665,0.704,0.572,0.601,0.664,0.669,0.703,0.714,0.728,0.736]
Epoch [31] Testing Results: Prec@1 52.340 Prec@5 90.420             Loss 1.60999
Epoch [31] Testing Class Recall: [0.948,0.839,0.671,0.286,0.454,0.488,0.449,0.493,0.451,0.155]
Epoch [32] Training Results: Prec@1 67.885 Prec@5 87.395             Loss 1.26198
Epoch [32] Training Class Recall: [0.682,0.706,0.578,0.593,0.663,0.673,0.705,0.719,0.732,0.736]
Epoch [32] Testing Results: Prec@1 61.480 Prec@5 92.180             Loss 1.26874
Epoch [32] Testing Class Recall: [0.784,0.941,0.663,0.733,0.449,0.529,0.669,0.397,0.615,0.368]
Epoch [33] Training Results: Prec@1 68.115 Prec@5 87.505             Loss 1.25732
Epoch [33] Training Class Recall: [0.676,0.710,0.585,0.607,0.655,0.674,0.712,0.719,0.730,0.742]
Epoch [33] Testing Results: Prec@1 58.480 Prec@5 92.750             Loss 1.32093
Epoch [33] Testing Class Recall: [0.915,0.922,0.623,0.584,0.441,0.630,0.597,0.502,0.449,0.185]
Epoch [34] Training Results: Prec@1 68.033 Prec@5 87.417             Loss 1.25535
Epoch [34] Training Class Recall: [0.674,0.703,0.587,0.610,0.661,0.674,0.709,0.716,0.729,0.740]
Epoch [34] Testing Results: Prec@1 63.270 Prec@5 93.990             Loss 1.18070
Epoch [34] Testing Class Recall: [0.845,0.881,0.552,0.562,0.507,0.587,0.592,0.749,0.514,0.538]
Epoch [35] Training Results: Prec@1 68.265 Prec@5 87.577             Loss 1.25268
Epoch [35] Training Class Recall: [0.679,0.703,0.590,0.610,0.665,0.680,0.713,0.718,0.725,0.741]
Epoch [35] Testing Results: Prec@1 61.910 Prec@5 91.940             Loss 1.25411
Epoch [35] Testing Class Recall: [0.869,0.967,0.697,0.438,0.412,0.577,0.662,0.700,0.477,0.392]
Epoch [36] Training Results: Prec@1 68.270 Prec@5 87.682             Loss 1.24600
Epoch [36] Training Class Recall: [0.679,0.705,0.592,0.615,0.658,0.676,0.711,0.717,0.728,0.742]
Epoch [36] Testing Results: Prec@1 58.910 Prec@5 90.240             Loss 1.36018
Epoch [36] Testing Class Recall: [0.901,0.931,0.642,0.423,0.371,0.338,0.806,0.759,0.404,0.316]
Epoch [37] Training Results: Prec@1 68.215 Prec@5 87.612             Loss 1.24914
Epoch [37] Training Class Recall: [0.674,0.713,0.587,0.605,0.666,0.682,0.710,0.718,0.729,0.735]
Epoch [37] Testing Results: Prec@1 63.820 Prec@5 93.270             Loss 1.19803
Epoch [37] Testing Class Recall: [0.723,0.818,0.427,0.507,0.395,0.473,0.700,0.899,0.762,0.678]
Epoch [38] Training Results: Prec@1 68.530 Prec@5 87.603             Loss 1.24607
Epoch [38] Training Class Recall: [0.675,0.708,0.599,0.619,0.669,0.678,0.711,0.722,0.730,0.740]
Epoch [38] Testing Results: Prec@1 63.170 Prec@5 93.410             Loss 1.21614
Epoch [38] Testing Class Recall: [0.613,0.926,0.772,0.680,0.374,0.518,0.687,0.590,0.785,0.372]
Epoch [39] Training Results: Prec@1 68.557 Prec@5 87.497             Loss 1.24436
Epoch [39] Training Class Recall: [0.680,0.708,0.588,0.624,0.666,0.687,0.714,0.717,0.730,0.740]
Epoch [39] Testing Results: Prec@1 62.850 Prec@5 92.850             Loss 1.23529
Epoch [39] Testing Class Recall: [0.853,0.941,0.656,0.486,0.690,0.714,0.602,0.637,0.310,0.396]
Epoch [40] Training Results: Prec@1 68.750 Prec@5 87.478             Loss 1.23812
Epoch [40] Training Class Recall: [0.680,0.710,0.599,0.619,0.668,0.689,0.710,0.724,0.733,0.741]
Epoch [40] Testing Results: Prec@1 58.050 Prec@5 90.510             Loss 1.43073
Epoch [40] Testing Class Recall: [0.906,0.894,0.693,0.657,0.409,0.431,0.808,0.393,0.421,0.193]
Epoch [41] Training Results: Prec@1 68.590 Prec@5 87.728             Loss 1.24239
Epoch [41] Training Class Recall: [0.677,0.709,0.598,0.615,0.669,0.679,0.719,0.720,0.734,0.739]
Epoch [41] Testing Results: Prec@1 61.880 Prec@5 93.290             Loss 1.26313
Epoch [41] Testing Class Recall: [0.891,0.892,0.575,0.711,0.491,0.505,0.345,0.786,0.422,0.570]
Epoch [42] Training Results: Prec@1 68.595 Prec@5 87.690             Loss 1.24130
Epoch [42] Training Class Recall: [0.680,0.707,0.592,0.621,0.665,0.685,0.713,0.726,0.729,0.740]
Epoch [42] Testing Results: Prec@1 51.670 Prec@5 87.170             Loss 1.62632
Epoch [42] Testing Class Recall: [0.959,0.932,0.503,0.447,0.178,0.301,0.835,0.645,0.176,0.191]
Epoch [43] Training Results: Prec@1 69.018 Prec@5 87.860             Loss 1.23213
Epoch [43] Training Class Recall: [0.686,0.708,0.605,0.623,0.675,0.689,0.715,0.724,0.731,0.744]
Epoch [43] Testing Results: Prec@1 59.300 Prec@5 91.000             Loss 1.34923
Epoch [43] Testing Class Recall: [0.934,0.961,0.645,0.437,0.589,0.384,0.773,0.686,0.342,0.179]
Epoch [44] Training Results: Prec@1 68.717 Prec@5 87.730             Loss 1.23907
Epoch [44] Training Class Recall: [0.685,0.711,0.598,0.620,0.671,0.682,0.715,0.719,0.731,0.739]
Epoch [44] Testing Results: Prec@1 57.630 Prec@5 90.780             Loss 1.37158
Epoch [44] Testing Class Recall: [0.876,0.967,0.387,0.636,0.522,0.688,0.382,0.609,0.329,0.367]
Epoch [45] Training Results: Prec@1 68.647 Prec@5 87.895             Loss 1.23890
Epoch [45] Training Class Recall: [0.678,0.705,0.606,0.621,0.672,0.680,0.711,0.726,0.729,0.736]
Epoch [45] Testing Results: Prec@1 43.470 Prec@5 86.470             Loss 2.04063
Epoch [45] Testing Class Recall: [0.992,0.782,0.557,0.205,0.432,0.304,0.645,0.150,0.113,0.167]
Epoch [46] Training Results: Prec@1 68.807 Prec@5 87.722             Loss 1.23341
Epoch [46] Training Class Recall: [0.682,0.710,0.598,0.632,0.672,0.683,0.710,0.721,0.732,0.739]
Epoch [46] Testing Results: Prec@1 59.880 Prec@5 88.630             Loss 1.37847
Epoch [46] Testing Class Recall: [0.916,0.944,0.389,0.263,0.600,0.600,0.907,0.769,0.217,0.383]
Epoch [47] Training Results: Prec@1 69.100 Prec@5 87.923             Loss 1.22890
Epoch [47] Training Class Recall: [0.691,0.710,0.607,0.624,0.671,0.689,0.717,0.727,0.732,0.740]
Epoch [47] Testing Results: Prec@1 58.840 Prec@5 88.800             Loss 1.39421
Epoch [47] Testing Class Recall: [0.949,0.940,0.613,0.428,0.591,0.582,0.705,0.449,0.136,0.491]
Epoch [48] Training Results: Prec@1 69.015 Prec@5 88.040             Loss 1.22837
Epoch [48] Training Class Recall: [0.685,0.709,0.611,0.618,0.678,0.686,0.719,0.720,0.732,0.743]
Epoch [48] Testing Results: Prec@1 57.120 Prec@5 90.590             Loss 1.45719
Epoch [48] Testing Class Recall: [0.931,0.978,0.587,0.446,0.638,0.531,0.351,0.726,0.323,0.201]
Epoch [49] Training Results: Prec@1 69.012 Prec@5 87.807             Loss 1.23087
Epoch [49] Training Class Recall: [0.680,0.707,0.608,0.635,0.671,0.687,0.717,0.723,0.730,0.741]
Epoch [49] Testing Results: Prec@1 66.090 Prec@5 92.790             Loss 1.17545
Epoch [49] Testing Class Recall: [0.766,0.910,0.807,0.401,0.573,0.477,0.741,0.606,0.825,0.503]
Epoch [50] Training Results: Prec@1 69.000 Prec@5 87.930             Loss 1.23009
Epoch [50] Training Class Recall: [0.682,0.710,0.611,0.630,0.680,0.684,0.712,0.717,0.732,0.741]
Epoch [50] Testing Results: Prec@1 57.220 Prec@5 92.690             Loss 1.38377
Epoch [50] Testing Class Recall: [0.912,0.968,0.390,0.558,0.556,0.511,0.677,0.774,0.109,0.267]
Epoch [51] Training Results: Prec@1 69.120 Prec@5 88.137             Loss 1.22330
Epoch [51] Training Class Recall: [0.688,0.715,0.608,0.630,0.672,0.686,0.715,0.722,0.733,0.742]
Epoch [51] Testing Results: Prec@1 62.420 Prec@5 92.110             Loss 1.24890
Epoch [51] Testing Class Recall: [0.874,0.925,0.646,0.585,0.518,0.687,0.516,0.490,0.456,0.545]
Epoch [52] Training Results: Prec@1 69.277 Prec@5 87.965             Loss 1.22424
Epoch [52] Training Class Recall: [0.687,0.713,0.611,0.634,0.676,0.690,0.721,0.724,0.728,0.741]
Epoch [52] Testing Results: Prec@1 56.670 Prec@5 91.680             Loss 1.39825
Epoch [52] Testing Class Recall: [0.937,0.923,0.548,0.595,0.463,0.707,0.405,0.571,0.144,0.374]
Epoch [53] Training Results: Prec@1 69.147 Prec@5 88.015             Loss 1.22966
Epoch [53] Training Class Recall: [0.685,0.717,0.609,0.627,0.681,0.691,0.716,0.720,0.727,0.741]
Epoch [53] Testing Results: Prec@1 59.380 Prec@5 90.970             Loss 1.36271
Epoch [53] Testing Class Recall: [0.882,0.969,0.633,0.585,0.600,0.489,0.630,0.450,0.416,0.284]
Epoch [54] Training Results: Prec@1 69.353 Prec@5 88.152             Loss 1.22201
Epoch [54] Training Class Recall: [0.685,0.713,0.611,0.640,0.681,0.693,0.715,0.723,0.732,0.740]
Epoch [54] Testing Results: Prec@1 57.330 Prec@5 91.600             Loss 1.39266
Epoch [54] Testing Class Recall: [0.966,0.899,0.505,0.395,0.496,0.413,0.810,0.620,0.272,0.357]
Epoch [55] Training Results: Prec@1 69.395 Prec@5 87.980             Loss 1.21813
Epoch [55] Training Class Recall: [0.685,0.715,0.612,0.637,0.683,0.689,0.718,0.726,0.731,0.743]
Epoch [55] Testing Results: Prec@1 62.020 Prec@5 93.120             Loss 1.23069
Epoch [55] Testing Class Recall: [0.860,0.939,0.578,0.649,0.520,0.532,0.507,0.685,0.516,0.416]
Epoch [56] Training Results: Prec@1 69.450 Prec@5 88.103             Loss 1.22014
Epoch [56] Training Class Recall: [0.687,0.713,0.618,0.635,0.681,0.692,0.723,0.721,0.731,0.743]
Epoch [56] Testing Results: Prec@1 59.960 Prec@5 92.430             Loss 1.32498
Epoch [56] Testing Class Recall: [0.959,0.915,0.517,0.663,0.654,0.544,0.574,0.379,0.388,0.403]
Epoch [57] Training Results: Prec@1 69.485 Prec@5 88.040             Loss 1.21526
Epoch [57] Training Class Recall: [0.689,0.716,0.615,0.640,0.674,0.688,0.721,0.726,0.731,0.747]
Epoch [57] Testing Results: Prec@1 61.520 Prec@5 90.830             Loss 1.30929
Epoch [57] Testing Class Recall: [0.909,0.958,0.522,0.503,0.544,0.545,0.494,0.792,0.352,0.533]
Epoch [58] Training Results: Prec@1 69.393 Prec@5 88.112             Loss 1.21890
Epoch [58] Training Class Recall: [0.687,0.713,0.619,0.626,0.689,0.691,0.719,0.724,0.730,0.740]
Epoch [58] Testing Results: Prec@1 64.620 Prec@5 94.180             Loss 1.16522
Epoch [58] Testing Class Recall: [0.882,0.879,0.682,0.535,0.490,0.569,0.672,0.560,0.504,0.689]
Epoch [59] Training Results: Prec@1 69.590 Prec@5 88.115             Loss 1.21840
Epoch [59] Training Class Recall: [0.695,0.713,0.614,0.644,0.678,0.694,0.720,0.724,0.734,0.742]
Epoch [59] Testing Results: Prec@1 57.300 Prec@5 90.750             Loss 1.41001
Epoch [59] Testing Class Recall: [0.859,0.980,0.759,0.541,0.497,0.400,0.582,0.634,0.398,0.080]
Epoch [60] Training Results: Prec@1 69.410 Prec@5 88.215             Loss 1.21718
Epoch [60] Training Class Recall: [0.685,0.712,0.621,0.629,0.680,0.692,0.718,0.726,0.734,0.743]
Epoch [60] Testing Results: Prec@1 58.080 Prec@5 90.050             Loss 1.40716
Epoch [60] Testing Class Recall: [0.878,0.906,0.708,0.641,0.474,0.380,0.788,0.438,0.337,0.258]
Epoch [61] Training Results: Prec@1 69.420 Prec@5 88.375             Loss 1.21867
Epoch [61] Training Class Recall: [0.689,0.708,0.625,0.638,0.678,0.695,0.715,0.720,0.731,0.741]
Epoch [61] Testing Results: Prec@1 62.560 Prec@5 91.150             Loss 1.27199
Epoch [61] Testing Class Recall: [0.815,0.951,0.445,0.645,0.605,0.723,0.481,0.375,0.522,0.694]
Epoch [62] Training Results: Prec@1 69.590 Prec@5 88.232             Loss 1.21245
Epoch [62] Training Class Recall: [0.689,0.712,0.624,0.642,0.673,0.701,0.715,0.723,0.734,0.744]
Epoch [62] Testing Results: Prec@1 64.910 Prec@5 93.060             Loss 1.18348
Epoch [62] Testing Class Recall: [0.789,0.968,0.648,0.621,0.539,0.633,0.684,0.515,0.480,0.614]
Epoch [63] Training Results: Prec@1 69.610 Prec@5 88.400             Loss 1.21091
Epoch [63] Training Class Recall: [0.688,0.712,0.620,0.646,0.678,0.693,0.721,0.726,0.734,0.743]
Epoch [63] Testing Results: Prec@1 59.470 Prec@5 91.610             Loss 1.35588
Epoch [63] Testing Class Recall: [0.933,0.930,0.329,0.380,0.643,0.600,0.555,0.818,0.360,0.399]
Epoch [64] Training Results: Prec@1 69.470 Prec@5 88.347             Loss 1.21455
Epoch [64] Training Class Recall: [0.689,0.714,0.616,0.635,0.677,0.696,0.720,0.726,0.732,0.742]
Epoch [64] Testing Results: Prec@1 63.420 Prec@5 93.410             Loss 1.20337
Epoch [64] Testing Class Recall: [0.669,0.980,0.523,0.546,0.496,0.606,0.734,0.662,0.536,0.590]
Epoch [65] Training Results: Prec@1 69.600 Prec@5 88.240             Loss 1.21090
Epoch [65] Training Class Recall: [0.695,0.712,0.618,0.638,0.681,0.695,0.723,0.725,0.731,0.741]
Epoch [65] Testing Results: Prec@1 60.650 Prec@5 92.380             Loss 1.30791
Epoch [65] Testing Class Recall: [0.769,0.974,0.733,0.393,0.526,0.515,0.732,0.565,0.494,0.364]
Epoch [66] Training Results: Prec@1 69.627 Prec@5 88.262             Loss 1.21081
Epoch [66] Training Class Recall: [0.690,0.715,0.624,0.644,0.681,0.695,0.721,0.721,0.732,0.740]
Epoch [66] Testing Results: Prec@1 61.330 Prec@5 89.580             Loss 1.32473
Epoch [66] Testing Class Recall: [0.896,0.907,0.654,0.427,0.783,0.558,0.738,0.508,0.409,0.253]
Epoch [67] Training Results: Prec@1 69.677 Prec@5 88.285             Loss 1.21040
Epoch [67] Training Class Recall: [0.686,0.714,0.630,0.639,0.684,0.695,0.719,0.726,0.731,0.743]
Epoch [67] Testing Results: Prec@1 63.750 Prec@5 91.890             Loss 1.24730
Epoch [67] Testing Class Recall: [0.796,0.934,0.622,0.729,0.734,0.243,0.568,0.669,0.385,0.695]
Epoch [68] Training Results: Prec@1 69.955 Prec@5 88.397             Loss 1.20061
Epoch [68] Training Class Recall: [0.691,0.717,0.621,0.651,0.682,0.703,0.721,0.726,0.738,0.744]
Epoch [68] Testing Results: Prec@1 63.660 Prec@5 93.180             Loss 1.23823
Epoch [68] Testing Class Recall: [0.879,0.906,0.573,0.434,0.737,0.618,0.678,0.689,0.248,0.604]
Epoch [69] Training Results: Prec@1 69.787 Prec@5 88.370             Loss 1.20666
Epoch [69] Training Class Recall: [0.693,0.714,0.630,0.641,0.690,0.700,0.718,0.720,0.731,0.742]
Epoch [69] Testing Results: Prec@1 57.080 Prec@5 91.070             Loss 1.41570
Epoch [69] Testing Class Recall: [0.877,0.984,0.464,0.638,0.433,0.710,0.384,0.523,0.518,0.177]
Epoch [70] Training Results: Prec@1 69.960 Prec@5 88.345             Loss 1.20786
Epoch [70] Training Class Recall: [0.691,0.720,0.624,0.651,0.686,0.696,0.728,0.722,0.733,0.742]
Epoch [70] Testing Results: Prec@1 61.190 Prec@5 90.560             Loss 1.29042
Epoch [70] Testing Class Recall: [0.851,0.958,0.739,0.595,0.636,0.456,0.695,0.412,0.442,0.335]
Epoch [71] Training Results: Prec@1 69.902 Prec@5 88.590             Loss 1.20462
Epoch [71] Training Class Recall: [0.685,0.717,0.626,0.645,0.693,0.697,0.723,0.729,0.734,0.741]
Epoch [71] Testing Results: Prec@1 58.740 Prec@5 91.570             Loss 1.40545
Epoch [71] Testing Class Recall: [0.907,0.949,0.830,0.588,0.330,0.270,0.588,0.399,0.643,0.370]
Epoch [72] Training Results: Prec@1 69.752 Prec@5 88.542             Loss 1.20604
Epoch [72] Training Class Recall: [0.685,0.715,0.627,0.644,0.683,0.699,0.722,0.723,0.735,0.741]
Epoch [72] Testing Results: Prec@1 63.610 Prec@5 92.290             Loss 1.22052
Epoch [72] Testing Class Recall: [0.860,0.981,0.708,0.459,0.734,0.498,0.618,0.625,0.486,0.392]
Epoch [73] Training Results: Prec@1 69.725 Prec@5 88.575             Loss 1.20294
Epoch [73] Training Class Recall: [0.692,0.713,0.619,0.639,0.680,0.706,0.718,0.726,0.733,0.745]
Epoch [73] Testing Results: Prec@1 58.600 Prec@5 89.580             Loss 1.41311
Epoch [73] Testing Class Recall: [0.904,0.956,0.705,0.639,0.459,0.471,0.536,0.420,0.421,0.349]
Epoch [74] Training Results: Prec@1 70.010 Prec@5 88.560             Loss 1.20071
Epoch [74] Training Class Recall: [0.691,0.715,0.627,0.649,0.686,0.699,0.726,0.725,0.735,0.747]
Epoch [74] Testing Results: Prec@1 62.530 Prec@5 92.470             Loss 1.26463
Epoch [74] Testing Class Recall: [0.893,0.888,0.674,0.357,0.701,0.603,0.702,0.548,0.339,0.548]
Epoch [75] Training Results: Prec@1 69.780 Prec@5 88.452             Loss 1.20420
Epoch [75] Training Class Recall: [0.689,0.714,0.626,0.636,0.684,0.697,0.726,0.727,0.733,0.745]
Epoch [75] Testing Results: Prec@1 55.730 Prec@5 86.010             Loss 1.59265
Epoch [75] Testing Class Recall: [0.945,0.915,0.646,0.620,0.649,0.455,0.660,0.118,0.257,0.308]
Epoch [76] Training Results: Prec@1 70.030 Prec@5 88.542             Loss 1.20102
Epoch [76] Training Class Recall: [0.692,0.716,0.626,0.647,0.693,0.697,0.723,0.729,0.735,0.743]
Epoch [76] Testing Results: Prec@1 65.240 Prec@5 93.120             Loss 1.16931
Epoch [76] Testing Class Recall: [0.782,0.907,0.639,0.538,0.697,0.720,0.462,0.496,0.569,0.714]
Epoch [77] Training Results: Prec@1 70.048 Prec@5 88.500             Loss 1.19621
Epoch [77] Training Class Recall: [0.692,0.718,0.631,0.644,0.694,0.701,0.723,0.725,0.733,0.742]
Epoch [77] Testing Results: Prec@1 56.230 Prec@5 90.580             Loss 1.43765
Epoch [77] Testing Class Recall: [0.944,0.885,0.608,0.634,0.639,0.422,0.430,0.481,0.380,0.200]
Epoch [78] Training Results: Prec@1 69.515 Prec@5 88.647             Loss 1.20601
Epoch [78] Training Class Recall: [0.686,0.713,0.621,0.640,0.681,0.693,0.721,0.724,0.731,0.741]
Epoch [78] Testing Results: Prec@1 52.020 Prec@5 87.890             Loss 1.64692
Epoch [78] Testing Class Recall: [0.940,0.911,0.657,0.650,0.437,0.504,0.228,0.324,0.240,0.311]
Epoch [79] Training Results: Prec@1 69.978 Prec@5 88.535             Loss 1.20209
Epoch [79] Training Class Recall: [0.691,0.716,0.623,0.649,0.691,0.702,0.725,0.727,0.733,0.740]
Epoch [79] Testing Results: Prec@1 62.150 Prec@5 93.740             Loss 1.25751
Epoch [79] Testing Class Recall: [0.825,0.962,0.660,0.752,0.301,0.470,0.702,0.764,0.255,0.524]
Epoch [80] Training Results: Prec@1 69.897 Prec@5 88.395             Loss 1.20070
Epoch [80] Training Class Recall: [0.688,0.713,0.626,0.647,0.686,0.697,0.725,0.725,0.735,0.746]
Epoch [80] Testing Results: Prec@1 60.220 Prec@5 91.100             Loss 1.32629
Epoch [80] Testing Class Recall: [0.941,0.909,0.643,0.440,0.374,0.647,0.455,0.631,0.352,0.630]
Epoch [81] Training Results: Prec@1 70.137 Prec@5 88.562             Loss 1.19696
Epoch [81] Training Class Recall: [0.697,0.718,0.627,0.652,0.691,0.694,0.727,0.728,0.734,0.744]
Epoch [81] Testing Results: Prec@1 58.170 Prec@5 89.420             Loss 1.48181
Epoch [81] Testing Class Recall: [0.937,0.932,0.726,0.589,0.547,0.297,0.574,0.554,0.469,0.192]
Epoch [82] Training Results: Prec@1 70.012 Prec@5 88.660             Loss 1.19766
Epoch [82] Training Class Recall: [0.691,0.713,0.627,0.653,0.687,0.705,0.723,0.725,0.733,0.743]
Epoch [82] Testing Results: Prec@1 57.060 Prec@5 89.770             Loss 1.44985
Epoch [82] Testing Class Recall: [0.918,0.981,0.676,0.625,0.502,0.350,0.650,0.483,0.208,0.313]
Epoch [83] Training Results: Prec@1 69.982 Prec@5 88.807             Loss 1.19647
Epoch [83] Training Class Recall: [0.691,0.716,0.623,0.650,0.688,0.701,0.726,0.727,0.733,0.742]
Epoch [83] Testing Results: Prec@1 64.060 Prec@5 92.670             Loss 1.24465
Epoch [83] Testing Class Recall: [0.855,0.905,0.821,0.542,0.401,0.530,0.586,0.649,0.454,0.663]
Epoch [84] Training Results: Prec@1 70.075 Prec@5 88.688             Loss 1.19423
Epoch [84] Training Class Recall: [0.688,0.720,0.635,0.656,0.688,0.699,0.720,0.722,0.733,0.744]
Epoch [84] Testing Results: Prec@1 57.970 Prec@5 90.420             Loss 1.41444
Epoch [84] Testing Class Recall: [0.950,0.683,0.527,0.498,0.458,0.601,0.534,0.712,0.164,0.670]
Epoch [85] Training Results: Prec@1 70.010 Prec@5 88.660             Loss 1.19657
Epoch [85] Training Class Recall: [0.697,0.716,0.632,0.653,0.690,0.695,0.719,0.723,0.733,0.743]
Epoch [85] Testing Results: Prec@1 59.830 Prec@5 90.600             Loss 1.34973
Epoch [85] Testing Class Recall: [0.815,0.983,0.664,0.579,0.556,0.371,0.594,0.700,0.301,0.420]
Epoch [86] Training Results: Prec@1 70.097 Prec@5 88.862             Loss 1.19404
Epoch [86] Training Class Recall: [0.689,0.717,0.631,0.653,0.686,0.701,0.726,0.729,0.732,0.746]
Epoch [86] Testing Results: Prec@1 60.070 Prec@5 90.400             Loss 1.34576
Epoch [86] Testing Class Recall: [0.889,0.905,0.472,0.500,0.449,0.810,0.286,0.526,0.609,0.561]
Epoch [87] Training Results: Prec@1 70.045 Prec@5 88.745             Loss 1.19565
Epoch [87] Training Class Recall: [0.695,0.717,0.629,0.649,0.693,0.696,0.722,0.726,0.735,0.741]
Epoch [87] Testing Results: Prec@1 63.550 Prec@5 93.280             Loss 1.23313
Epoch [87] Testing Class Recall: [0.845,0.876,0.784,0.544,0.583,0.535,0.673,0.489,0.509,0.517]
Epoch [88] Training Results: Prec@1 70.215 Prec@5 88.737             Loss 1.18970
Epoch [88] Training Class Recall: [0.693,0.714,0.634,0.655,0.692,0.705,0.723,0.727,0.737,0.741]
Epoch [88] Testing Results: Prec@1 59.320 Prec@5 90.320             Loss 1.37397
Epoch [88] Testing Class Recall: [0.680,0.973,0.764,0.703,0.387,0.509,0.680,0.452,0.610,0.174]
Epoch [89] Training Results: Prec@1 70.222 Prec@5 88.767             Loss 1.19286
Epoch [89] Training Class Recall: [0.696,0.715,0.637,0.657,0.693,0.701,0.718,0.727,0.732,0.744]
Epoch [89] Testing Results: Prec@1 61.120 Prec@5 92.720             Loss 1.29045
Epoch [89] Testing Class Recall: [0.940,0.914,0.523,0.540,0.584,0.530,0.739,0.552,0.395,0.395]
Epoch [90] Training Results: Prec@1 69.965 Prec@5 88.713             Loss 1.19426
Epoch [90] Training Class Recall: [0.690,0.718,0.620,0.653,0.685,0.698,0.722,0.730,0.734,0.745]
Epoch [90] Testing Results: Prec@1 64.420 Prec@5 93.310             Loss 1.18275
Epoch [90] Testing Class Recall: [0.864,0.909,0.531,0.452,0.710,0.737,0.621,0.614,0.399,0.605]
Epoch [91] Training Results: Prec@1 70.115 Prec@5 88.940             Loss 1.19060
Epoch [91] Training Class Recall: [0.685,0.713,0.632,0.657,0.695,0.702,0.724,0.723,0.734,0.744]
Epoch [91] Testing Results: Prec@1 61.060 Prec@5 89.560             Loss 1.31895
Epoch [91] Testing Class Recall: [0.871,0.945,0.537,0.348,0.697,0.567,0.425,0.490,0.601,0.625]
Epoch [92] Training Results: Prec@1 70.295 Prec@5 88.705             Loss 1.19057
Epoch [92] Training Class Recall: [0.695,0.713,0.645,0.654,0.690,0.698,0.724,0.726,0.738,0.746]
Epoch [92] Testing Results: Prec@1 56.650 Prec@5 89.660             Loss 1.45238
Epoch [92] Testing Class Recall: [0.862,0.961,0.594,0.703,0.497,0.325,0.585,0.570,0.301,0.267]
Epoch [93] Training Results: Prec@1 70.150 Prec@5 88.920             Loss 1.18610
Epoch [93] Training Class Recall: [0.692,0.715,0.630,0.651,0.692,0.705,0.722,0.727,0.735,0.746]
Epoch [93] Testing Results: Prec@1 64.520 Prec@5 91.570             Loss 1.22568
Epoch [93] Testing Class Recall: [0.883,0.884,0.700,0.719,0.503,0.371,0.677,0.672,0.557,0.486]
Epoch [94] Training Results: Prec@1 70.160 Prec@5 88.853             Loss 1.19097
Epoch [94] Training Class Recall: [0.688,0.721,0.633,0.654,0.694,0.700,0.722,0.727,0.732,0.743]
Epoch [94] Testing Results: Prec@1 57.100 Prec@5 88.990             Loss 1.44517
Epoch [94] Testing Class Recall: [0.958,0.913,0.543,0.468,0.582,0.432,0.708,0.512,0.498,0.096]
Epoch [95] Training Results: Prec@1 69.938 Prec@5 88.900             Loss 1.19340
Epoch [95] Training Class Recall: [0.701,0.712,0.628,0.648,0.679,0.702,0.718,0.727,0.735,0.744]
Epoch [95] Testing Results: Prec@1 63.020 Prec@5 92.550             Loss 1.24499
Epoch [95] Testing Class Recall: [0.910,0.955,0.661,0.579,0.482,0.687,0.684,0.671,0.398,0.275]
Epoch [96] Training Results: Prec@1 70.408 Prec@5 88.887             Loss 1.18788
Epoch [96] Training Class Recall: [0.695,0.721,0.642,0.653,0.691,0.705,0.728,0.726,0.736,0.743]
Epoch [96] Testing Results: Prec@1 60.640 Prec@5 91.420             Loss 1.30176
Epoch [96] Testing Class Recall: [0.908,0.963,0.747,0.528,0.621,0.453,0.556,0.510,0.341,0.437]
Epoch [97] Training Results: Prec@1 70.330 Prec@5 88.662             Loss 1.18923
Epoch [97] Training Class Recall: [0.699,0.713,0.643,0.655,0.688,0.708,0.724,0.728,0.733,0.742]
Epoch [97] Testing Results: Prec@1 57.820 Prec@5 89.610             Loss 1.39574
Epoch [97] Testing Class Recall: [0.903,0.951,0.621,0.236,0.294,0.596,0.591,0.601,0.337,0.652]
Epoch [98] Training Results: Prec@1 70.347 Prec@5 88.868             Loss 1.18773
Epoch [98] Training Class Recall: [0.696,0.721,0.638,0.658,0.695,0.700,0.724,0.722,0.733,0.746]
Epoch [98] Testing Results: Prec@1 55.510 Prec@5 87.700             Loss 1.51479
Epoch [98] Testing Class Recall: [0.931,0.957,0.750,0.604,0.307,0.577,0.618,0.534,0.172,0.101]
Epoch [99] Training Results: Prec@1 70.232 Prec@5 88.885             Loss 1.18983
Epoch [99] Training Class Recall: [0.699,0.716,0.634,0.651,0.693,0.704,0.720,0.725,0.736,0.743]
Epoch [99] Testing Results: Prec@1 59.050 Prec@5 89.440             Loss 1.37608
Epoch [99] Testing Class Recall: [0.910,0.964,0.670,0.540,0.541,0.407,0.685,0.395,0.230,0.563]
Epoch [100] Training Results: Prec@1 70.317 Prec@5 88.790             Loss 1.18860
Epoch [100] Training Class Recall: [0.695,0.720,0.631,0.650,0.694,0.703,0.722,0.732,0.735,0.750]
Epoch [100] Testing Results: Prec@1 54.230 Prec@5 85.970             Loss 1.59018
Epoch [100] Testing Class Recall: [0.756,0.922,0.847,0.367,0.524,0.704,0.251,0.491,0.364,0.197]
Epoch [101] Training Results: Prec@1 70.182 Prec@5 88.938             Loss 1.18894
Epoch [101] Training Class Recall: [0.696,0.717,0.635,0.651,0.682,0.706,0.724,0.726,0.735,0.745]
Epoch [101] Testing Results: Prec@1 65.080 Prec@5 92.510             Loss 1.16396
Epoch [101] Testing Class Recall: [0.821,0.889,0.678,0.667,0.632,0.336,0.733,0.577,0.421,0.754]
Epoch [102] Training Results: Prec@1 70.158 Prec@5 88.947             Loss 1.19024
Epoch [102] Training Class Recall: [0.688,0.717,0.641,0.650,0.696,0.697,0.719,0.722,0.736,0.749]
Epoch [102] Testing Results: Prec@1 59.920 Prec@5 91.810             Loss 1.38246
Epoch [102] Testing Class Recall: [0.912,0.930,0.720,0.598,0.524,0.475,0.627,0.663,0.295,0.248]
Epoch [103] Training Results: Prec@1 70.272 Prec@5 88.960             Loss 1.18438
Epoch [103] Training Class Recall: [0.692,0.720,0.636,0.649,0.687,0.704,0.731,0.725,0.738,0.746]
Epoch [103] Testing Results: Prec@1 63.320 Prec@5 91.170             Loss 1.23653
Epoch [103] Testing Class Recall: [0.928,0.921,0.591,0.587,0.693,0.481,0.706,0.467,0.528,0.430]
Epoch [104] Training Results: Prec@1 70.152 Prec@5 89.033             Loss 1.19145
Epoch [104] Training Class Recall: [0.693,0.715,0.635,0.654,0.691,0.700,0.721,0.730,0.735,0.740]
Epoch [104] Testing Results: Prec@1 65.130 Prec@5 91.110             Loss 1.21203
Epoch [104] Testing Class Recall: [0.874,0.931,0.470,0.621,0.615,0.559,0.755,0.676,0.569,0.443]
Epoch [105] Training Results: Prec@1 70.147 Prec@5 88.868             Loss 1.19260
Epoch [105] Training Class Recall: [0.699,0.714,0.635,0.655,0.686,0.702,0.721,0.727,0.735,0.739]
Epoch [105] Testing Results: Prec@1 68.070 Prec@5 95.230             Loss 1.09969
Epoch [105] Testing Class Recall: [0.786,0.853,0.453,0.706,0.674,0.623,0.765,0.532,0.755,0.660]
Epoch [106] Training Results: Prec@1 70.292 Prec@5 89.182             Loss 1.18526
Epoch [106] Training Class Recall: [0.694,0.715,0.636,0.657,0.690,0.704,0.729,0.726,0.733,0.745]
Epoch [106] Testing Results: Prec@1 60.150 Prec@5 90.440             Loss 1.32795
Epoch [106] Testing Class Recall: [0.927,0.940,0.634,0.608,0.495,0.243,0.635,0.751,0.427,0.355]
Epoch [107] Training Results: Prec@1 70.290 Prec@5 89.250             Loss 1.18608
Epoch [107] Training Class Recall: [0.695,0.716,0.636,0.652,0.692,0.705,0.725,0.728,0.735,0.745]
Epoch [107] Testing Results: Prec@1 61.880 Prec@5 92.860             Loss 1.28591
Epoch [107] Testing Class Recall: [0.955,0.896,0.533,0.509,0.533,0.468,0.779,0.694,0.421,0.400]
Epoch [108] Training Results: Prec@1 70.235 Prec@5 89.115             Loss 1.18504
Epoch [108] Training Class Recall: [0.689,0.716,0.629,0.659,0.698,0.702,0.721,0.730,0.732,0.746]
Epoch [108] Testing Results: Prec@1 65.570 Prec@5 91.560             Loss 1.19093
Epoch [108] Testing Class Recall: [0.838,0.887,0.742,0.442,0.575,0.456,0.833,0.704,0.593,0.487]
Epoch [109] Training Results: Prec@1 70.375 Prec@5 89.065             Loss 1.18451
Epoch [109] Training Class Recall: [0.695,0.720,0.642,0.650,0.685,0.704,0.729,0.730,0.735,0.746]
Epoch [109] Testing Results: Prec@1 60.320 Prec@5 88.120             Loss 1.39573
Epoch [109] Testing Class Recall: [0.918,0.968,0.706,0.604,0.511,0.336,0.695,0.676,0.387,0.231]
Epoch [110] Training Results: Prec@1 70.475 Prec@5 89.103             Loss 1.18149
Epoch [110] Training Class Recall: [0.698,0.715,0.639,0.657,0.699,0.702,0.728,0.730,0.736,0.743]
Epoch [110] Testing Results: Prec@1 60.270 Prec@5 91.210             Loss 1.32893
Epoch [110] Testing Class Recall: [0.936,0.820,0.643,0.656,0.481,0.491,0.665,0.636,0.382,0.317]
Epoch [111] Training Results: Prec@1 70.592 Prec@5 89.250             Loss 1.17772
Epoch [111] Training Class Recall: [0.701,0.718,0.646,0.666,0.693,0.702,0.727,0.725,0.734,0.748]
Epoch [111] Testing Results: Prec@1 59.200 Prec@5 89.800             Loss 1.42242
Epoch [111] Testing Class Recall: [0.900,0.950,0.738,0.449,0.674,0.407,0.762,0.470,0.351,0.219]
Epoch [112] Training Results: Prec@1 70.312 Prec@5 89.130             Loss 1.18276
Epoch [112] Training Class Recall: [0.688,0.715,0.644,0.655,0.697,0.697,0.723,0.728,0.737,0.745]
Epoch [112] Testing Results: Prec@1 62.600 Prec@5 91.010             Loss 1.24929
Epoch [112] Testing Class Recall: [0.883,0.941,0.558,0.471,0.413,0.583,0.603,0.757,0.441,0.610]
Epoch [113] Training Results: Prec@1 70.402 Prec@5 89.210             Loss 1.17979
Epoch [113] Training Class Recall: [0.692,0.717,0.645,0.657,0.693,0.705,0.724,0.729,0.730,0.745]
Epoch [113] Testing Results: Prec@1 50.790 Prec@5 87.050             Loss 1.66884
Epoch [113] Testing Class Recall: [0.954,0.966,0.425,0.724,0.542,0.292,0.316,0.383,0.335,0.142]
Epoch [114] Training Results: Prec@1 70.368 Prec@5 89.197             Loss 1.17840
Epoch [114] Training Class Recall: [0.692,0.716,0.640,0.658,0.691,0.707,0.727,0.729,0.735,0.742]
Epoch [114] Testing Results: Prec@1 61.000 Prec@5 90.680             Loss 1.30780
Epoch [114] Testing Class Recall: [0.721,0.978,0.692,0.694,0.531,0.526,0.493,0.641,0.587,0.237]
Epoch [115] Training Results: Prec@1 70.515 Prec@5 89.257             Loss 1.17780
Epoch [115] Training Class Recall: [0.692,0.718,0.639,0.661,0.699,0.704,0.725,0.729,0.738,0.745]
Epoch [115] Testing Results: Prec@1 60.200 Prec@5 90.450             Loss 1.36840
Epoch [115] Testing Class Recall: [0.893,0.847,0.528,0.516,0.656,0.397,0.553,0.512,0.334,0.784]
Epoch [116] Training Results: Prec@1 70.470 Prec@5 89.262             Loss 1.17722
Epoch [116] Training Class Recall: [0.693,0.713,0.639,0.662,0.695,0.708,0.730,0.728,0.733,0.745]
Epoch [116] Testing Results: Prec@1 60.680 Prec@5 90.140             Loss 1.32582
Epoch [116] Testing Class Recall: [0.885,0.971,0.537,0.312,0.464,0.543,0.704,0.623,0.632,0.397]
Epoch [117] Training Results: Prec@1 70.660 Prec@5 89.275             Loss 1.17769
Epoch [117] Training Class Recall: [0.696,0.714,0.648,0.663,0.700,0.706,0.729,0.726,0.735,0.748]
Epoch [117] Testing Results: Prec@1 64.790 Prec@5 92.970             Loss 1.17875
Epoch [117] Testing Class Recall: [0.732,0.877,0.639,0.518,0.621,0.324,0.623,0.847,0.722,0.576]
Epoch [118] Training Results: Prec@1 70.552 Prec@5 89.210             Loss 1.17724
Epoch [118] Training Class Recall: [0.694,0.717,0.639,0.663,0.697,0.705,0.728,0.731,0.735,0.747]
Epoch [118] Testing Results: Prec@1 62.330 Prec@5 90.730             Loss 1.29849
Epoch [118] Testing Class Recall: [0.855,0.963,0.514,0.560,0.733,0.494,0.797,0.525,0.431,0.361]
Epoch [119] Training Results: Prec@1 70.535 Prec@5 89.175             Loss 1.17655
Epoch [119] Training Class Recall: [0.698,0.720,0.643,0.658,0.689,0.704,0.731,0.726,0.736,0.748]
Epoch [119] Testing Results: Prec@1 54.750 Prec@5 88.550             Loss 1.54712
Epoch [119] Testing Class Recall: [0.843,0.988,0.595,0.493,0.462,0.281,0.496,0.515,0.442,0.360]
Epoch [120] Training Results: Prec@1 70.592 Prec@5 89.077             Loss 1.17930
Epoch [120] Training Class Recall: [0.697,0.717,0.640,0.657,0.696,0.707,0.731,0.730,0.734,0.748]
Epoch [120] Testing Results: Prec@1 62.330 Prec@5 88.590             Loss 1.34167
Epoch [120] Testing Class Recall: [0.887,0.958,0.629,0.638,0.735,0.413,0.750,0.367,0.342,0.514]
Epoch [121] Training Results: Prec@1 70.255 Prec@5 89.362             Loss 1.18159
Epoch [121] Training Class Recall: [0.695,0.719,0.638,0.651,0.690,0.699,0.727,0.727,0.733,0.744]
Epoch [121] Testing Results: Prec@1 58.620 Prec@5 88.110             Loss 1.40422
Epoch [121] Testing Class Recall: [0.816,0.970,0.769,0.394,0.517,0.551,0.625,0.596,0.186,0.438]
Epoch [122] Training Results: Prec@1 70.658 Prec@5 89.237             Loss 1.17445
Epoch [122] Training Class Recall: [0.697,0.725,0.646,0.658,0.697,0.709,0.727,0.729,0.733,0.745]
Epoch [122] Testing Results: Prec@1 54.600 Prec@5 88.970             Loss 1.50698
Epoch [122] Testing Class Recall: [0.949,0.958,0.617,0.381,0.739,0.483,0.450,0.394,0.311,0.178]
Epoch [123] Training Results: Prec@1 70.478 Prec@5 89.118             Loss 1.17697
Epoch [123] Training Class Recall: [0.692,0.712,0.650,0.655,0.693,0.704,0.729,0.730,0.734,0.747]
Epoch [123] Testing Results: Prec@1 58.740 Prec@5 90.500             Loss 1.39063
Epoch [123] Testing Class Recall: [0.926,0.956,0.508,0.658,0.554,0.517,0.573,0.567,0.262,0.353]
Epoch [124] Training Results: Prec@1 70.592 Prec@5 89.357             Loss 1.17420
Epoch [124] Training Class Recall: [0.696,0.716,0.650,0.659,0.696,0.700,0.731,0.726,0.735,0.748]
Epoch [124] Testing Results: Prec@1 54.300 Prec@5 86.100             Loss 1.53142
Epoch [124] Testing Class Recall: [0.668,0.911,0.829,0.453,0.544,0.449,0.803,0.399,0.305,0.069]
Epoch [125] Training Results: Prec@1 70.618 Prec@5 89.338             Loss 1.17643
Epoch [125] Training Class Recall: [0.694,0.721,0.644,0.660,0.692,0.708,0.731,0.728,0.734,0.749]
Epoch [125] Testing Results: Prec@1 58.000 Prec@5 90.460             Loss 1.47511
Epoch [125] Testing Class Recall: [0.953,0.921,0.660,0.509,0.420,0.357,0.708,0.575,0.406,0.291]
Epoch [126] Training Results: Prec@1 70.757 Prec@5 89.495             Loss 1.17193
Epoch [126] Training Class Recall: [0.700,0.721,0.646,0.665,0.699,0.710,0.725,0.727,0.736,0.746]
Epoch [126] Testing Results: Prec@1 58.070 Prec@5 89.370             Loss 1.42793
Epoch [126] Testing Class Recall: [0.887,0.972,0.676,0.564,0.481,0.529,0.617,0.649,0.096,0.336]
Epoch [127] Training Results: Prec@1 70.405 Prec@5 89.292             Loss 1.17788
Epoch [127] Training Class Recall: [0.692,0.717,0.650,0.648,0.696,0.702,0.728,0.726,0.736,0.746]
Epoch [127] Testing Results: Prec@1 62.660 Prec@5 91.100             Loss 1.25900
Epoch [127] Testing Class Recall: [0.874,0.891,0.671,0.607,0.622,0.618,0.689,0.472,0.289,0.533]
Epoch [128] Training Results: Prec@1 70.567 Prec@5 89.228             Loss 1.17383
Epoch [128] Training Class Recall: [0.696,0.721,0.639,0.667,0.690,0.705,0.727,0.728,0.736,0.745]
Epoch [128] Testing Results: Prec@1 54.900 Prec@5 88.420             Loss 1.51867
Epoch [128] Testing Class Recall: [0.895,0.982,0.665,0.391,0.444,0.453,0.392,0.444,0.487,0.337]
Epoch [129] Training Results: Prec@1 70.552 Prec@5 89.257             Loss 1.17505
Epoch [129] Training Class Recall: [0.695,0.720,0.645,0.667,0.695,0.701,0.723,0.726,0.734,0.747]
Epoch [129] Testing Results: Prec@1 64.060 Prec@5 90.610             Loss 1.23708
Epoch [129] Testing Class Recall: [0.899,0.905,0.650,0.360,0.509,0.717,0.531,0.731,0.614,0.490]
Epoch [130] Training Results: Prec@1 70.615 Prec@5 89.307             Loss 1.17480
Epoch [130] Training Class Recall: [0.701,0.722,0.645,0.655,0.688,0.708,0.728,0.729,0.739,0.747]
Epoch [130] Testing Results: Prec@1 62.910 Prec@5 91.090             Loss 1.28581
Epoch [130] Testing Class Recall: [0.902,0.905,0.595,0.642,0.576,0.442,0.414,0.725,0.520,0.570]
Epoch [131] Training Results: Prec@1 70.545 Prec@5 89.370             Loss 1.17587
Epoch [131] Training Class Recall: [0.700,0.722,0.642,0.658,0.691,0.699,0.730,0.727,0.738,0.746]
Epoch [131] Testing Results: Prec@1 60.260 Prec@5 89.110             Loss 1.36002
Epoch [131] Testing Class Recall: [0.909,0.970,0.427,0.566,0.740,0.333,0.783,0.649,0.242,0.407]
Epoch [132] Training Results: Prec@1 70.470 Prec@5 89.408             Loss 1.17479
Epoch [132] Training Class Recall: [0.695,0.718,0.643,0.655,0.694,0.705,0.729,0.727,0.736,0.744]
Epoch [132] Testing Results: Prec@1 61.050 Prec@5 90.590             Loss 1.32801
Epoch [132] Testing Class Recall: [0.833,0.973,0.627,0.580,0.521,0.549,0.668,0.616,0.377,0.361]
Epoch [133] Training Results: Prec@1 70.490 Prec@5 89.385             Loss 1.17404
Epoch [133] Training Class Recall: [0.698,0.718,0.648,0.664,0.690,0.702,0.726,0.724,0.735,0.743]
Epoch [133] Testing Results: Prec@1 54.710 Prec@5 88.270             Loss 1.50080
Epoch [133] Testing Class Recall: [0.864,0.976,0.761,0.384,0.416,0.344,0.654,0.357,0.303,0.412]
Epoch [134] Training Results: Prec@1 70.682 Prec@5 89.410             Loss 1.16971
Epoch [134] Training Class Recall: [0.694,0.719,0.643,0.664,0.696,0.707,0.731,0.729,0.737,0.748]
Epoch [134] Testing Results: Prec@1 63.660 Prec@5 91.510             Loss 1.23693
Epoch [134] Testing Class Recall: [0.804,0.929,0.675,0.398,0.390,0.770,0.680,0.707,0.481,0.532]
Epoch [135] Training Results: Prec@1 70.717 Prec@5 89.237             Loss 1.17026
Epoch [135] Training Class Recall: [0.696,0.722,0.643,0.661,0.696,0.712,0.730,0.727,0.738,0.745]
Epoch [135] Testing Results: Prec@1 58.950 Prec@5 92.150             Loss 1.39122
Epoch [135] Testing Class Recall: [0.956,0.511,0.681,0.506,0.680,0.435,0.717,0.526,0.363,0.520]
Epoch [136] Training Results: Prec@1 70.720 Prec@5 89.372             Loss 1.17093
Epoch [136] Training Class Recall: [0.696,0.722,0.645,0.656,0.700,0.710,0.730,0.728,0.738,0.747]
Epoch [136] Testing Results: Prec@1 63.970 Prec@5 91.870             Loss 1.22402
Epoch [136] Testing Class Recall: [0.869,0.955,0.601,0.552,0.734,0.653,0.710,0.458,0.402,0.463]
Epoch [137] Training Results: Prec@1 70.542 Prec@5 89.570             Loss 1.17212
Epoch [137] Training Class Recall: [0.698,0.716,0.638,0.657,0.695,0.706,0.733,0.727,0.736,0.747]
Epoch [137] Testing Results: Prec@1 55.320 Prec@5 90.160             Loss 1.50137
Epoch [137] Testing Class Recall: [0.965,0.929,0.494,0.374,0.466,0.455,0.619,0.717,0.219,0.294]
Epoch [138] Training Results: Prec@1 70.612 Prec@5 89.465             Loss 1.17057
Epoch [138] Training Class Recall: [0.697,0.719,0.644,0.657,0.695,0.708,0.730,0.727,0.737,0.748]
Epoch [138] Testing Results: Prec@1 60.760 Prec@5 91.760             Loss 1.33068
Epoch [138] Testing Class Recall: [0.958,0.829,0.595,0.567,0.615,0.535,0.645,0.599,0.323,0.410]
Epoch [139] Training Results: Prec@1 70.702 Prec@5 89.600             Loss 1.16979
Epoch [139] Training Class Recall: [0.695,0.714,0.649,0.663,0.698,0.706,0.734,0.731,0.734,0.745]
Epoch [139] Testing Results: Prec@1 63.170 Prec@5 91.090             Loss 1.25270
Epoch [139] Testing Class Recall: [0.816,0.963,0.568,0.445,0.725,0.571,0.744,0.450,0.523,0.512]
Epoch [140] Training Results: Prec@1 70.478 Prec@5 89.595             Loss 1.17246
Epoch [140] Training Class Recall: [0.689,0.720,0.640,0.662,0.690,0.709,0.729,0.725,0.738,0.745]
Epoch [140] Testing Results: Prec@1 59.290 Prec@5 91.520             Loss 1.32363
Epoch [140] Testing Class Recall: [0.958,0.903,0.680,0.491,0.421,0.627,0.420,0.528,0.421,0.480]
Epoch [141] Training Results: Prec@1 70.625 Prec@5 89.610             Loss 1.16807
Epoch [141] Training Class Recall: [0.694,0.716,0.651,0.663,0.689,0.710,0.732,0.730,0.734,0.744]
Epoch [141] Testing Results: Prec@1 60.080 Prec@5 91.130             Loss 1.31676
Epoch [141] Testing Class Recall: [0.740,0.976,0.470,0.423,0.694,0.719,0.825,0.588,0.288,0.285]
Epoch [142] Training Results: Prec@1 70.688 Prec@5 89.620             Loss 1.17051
Epoch [142] Training Class Recall: [0.697,0.719,0.647,0.662,0.704,0.703,0.725,0.727,0.736,0.749]
Epoch [142] Testing Results: Prec@1 58.100 Prec@5 89.630             Loss 1.40023
Epoch [142] Testing Class Recall: [0.887,0.977,0.511,0.521,0.391,0.550,0.716,0.760,0.206,0.291]
Epoch [143] Training Results: Prec@1 70.600 Prec@5 89.572             Loss 1.17087
Epoch [143] Training Class Recall: [0.695,0.717,0.645,0.661,0.701,0.708,0.727,0.726,0.734,0.746]
Epoch [143] Testing Results: Prec@1 58.030 Prec@5 89.430             Loss 1.41961
Epoch [143] Testing Class Recall: [0.841,0.985,0.627,0.377,0.504,0.352,0.605,0.693,0.331,0.488]
Epoch [144] Training Results: Prec@1 70.702 Prec@5 89.572             Loss 1.17000
Epoch [144] Training Class Recall: [0.695,0.717,0.646,0.674,0.694,0.706,0.733,0.725,0.735,0.744]
Epoch [144] Testing Results: Prec@1 56.850 Prec@5 90.010             Loss 1.48060
Epoch [144] Testing Class Recall: [0.941,0.935,0.628,0.624,0.404,0.358,0.627,0.572,0.185,0.411]
Epoch [145] Training Results: Prec@1 70.533 Prec@5 89.705             Loss 1.16780
Epoch [145] Training Class Recall: [0.694,0.720,0.646,0.664,0.690,0.701,0.731,0.728,0.735,0.744]
Epoch [145] Testing Results: Prec@1 60.090 Prec@5 91.420             Loss 1.33441
Epoch [145] Testing Class Recall: [0.854,0.958,0.421,0.594,0.310,0.698,0.572,0.717,0.454,0.431]
Epoch [146] Training Results: Prec@1 70.603 Prec@5 89.480             Loss 1.16960
Epoch [146] Training Class Recall: [0.694,0.719,0.636,0.661,0.696,0.711,0.726,0.730,0.737,0.749]
Epoch [146] Testing Results: Prec@1 61.530 Prec@5 90.700             Loss 1.33549
Epoch [146] Testing Class Recall: [0.723,0.925,0.564,0.769,0.704,0.564,0.579,0.552,0.499,0.274]
Epoch [147] Training Results: Prec@1 70.790 Prec@5 89.512             Loss 1.16831
Epoch [147] Training Class Recall: [0.694,0.720,0.644,0.665,0.697,0.710,0.732,0.732,0.738,0.746]
Epoch [147] Testing Results: Prec@1 58.690 Prec@5 87.910             Loss 1.45893
Epoch [147] Testing Class Recall: [0.931,0.936,0.655,0.641,0.595,0.457,0.630,0.568,0.267,0.189]
Epoch [148] Training Results: Prec@1 70.675 Prec@5 89.595             Loss 1.16942
Epoch [148] Training Class Recall: [0.702,0.718,0.642,0.664,0.703,0.702,0.728,0.728,0.734,0.746]
Epoch [148] Testing Results: Prec@1 61.390 Prec@5 92.530             Loss 1.29946
Epoch [148] Testing Class Recall: [0.936,0.907,0.639,0.561,0.652,0.510,0.602,0.660,0.231,0.441]
Epoch [149] Training Results: Prec@1 70.807 Prec@5 89.677             Loss 1.16248
Epoch [149] Training Class Recall: [0.699,0.722,0.638,0.666,0.699,0.712,0.730,0.732,0.733,0.748]
Epoch [149] Testing Results: Prec@1 61.480 Prec@5 90.750             Loss 1.32883
Epoch [149] Testing Class Recall: [0.865,0.980,0.657,0.460,0.708,0.472,0.719,0.528,0.339,0.420]
Epoch [150] Training Results: Prec@1 70.807 Prec@5 89.660             Loss 1.16607
Epoch [150] Training Class Recall: [0.700,0.722,0.646,0.659,0.703,0.710,0.731,0.728,0.734,0.746]
Epoch [150] Testing Results: Prec@1 53.830 Prec@5 88.530             Loss 1.49872
Epoch [150] Testing Class Recall: [0.962,0.900,0.484,0.307,0.352,0.552,0.491,0.599,0.193,0.543]
Epoch [151] Training Results: Prec@1 70.810 Prec@5 89.688             Loss 1.16293
Epoch [151] Training Class Recall: [0.695,0.719,0.649,0.666,0.703,0.709,0.730,0.727,0.738,0.745]
Epoch [151] Testing Results: Prec@1 61.840 Prec@5 91.120             Loss 1.30887
Epoch [151] Testing Class Recall: [0.929,0.895,0.465,0.659,0.654,0.445,0.543,0.557,0.592,0.445]
Epoch [152] Training Results: Prec@1 70.827 Prec@5 89.542             Loss 1.16530
Epoch [152] Training Class Recall: [0.698,0.724,0.648,0.666,0.701,0.709,0.727,0.729,0.735,0.745]
Epoch [152] Testing Results: Prec@1 59.790 Prec@5 89.370             Loss 1.37927
Epoch [152] Testing Class Recall: [0.724,0.820,0.730,0.678,0.700,0.369,0.720,0.614,0.401,0.223]
Epoch [153] Training Results: Prec@1 70.855 Prec@5 89.702             Loss 1.16439
Epoch [153] Training Class Recall: [0.697,0.717,0.645,0.671,0.703,0.710,0.729,0.731,0.737,0.744]
Epoch [153] Testing Results: Prec@1 57.680 Prec@5 89.280             Loss 1.44116
Epoch [153] Testing Class Recall: [0.760,0.964,0.841,0.391,0.522,0.389,0.796,0.543,0.305,0.257]
Epoch [154] Training Results: Prec@1 70.825 Prec@5 89.642             Loss 1.16298
Epoch [154] Training Class Recall: [0.696,0.725,0.649,0.662,0.705,0.703,0.730,0.728,0.736,0.748]
Epoch [154] Testing Results: Prec@1 56.320 Prec@5 88.270             Loss 1.56785
Epoch [154] Testing Class Recall: [0.944,0.941,0.692,0.419,0.618,0.388,0.638,0.577,0.223,0.192]
Epoch [155] Training Results: Prec@1 70.810 Prec@5 89.612             Loss 1.16492
Epoch [155] Training Class Recall: [0.698,0.723,0.647,0.660,0.702,0.713,0.731,0.728,0.733,0.745]
Epoch [155] Testing Results: Prec@1 53.640 Prec@5 86.270             Loss 1.55805
Epoch [155] Testing Class Recall: [0.823,0.959,0.422,0.493,0.197,0.854,0.293,0.488,0.336,0.499]
Epoch [156] Training Results: Prec@1 70.707 Prec@5 89.605             Loss 1.16846
Epoch [156] Training Class Recall: [0.703,0.722,0.639,0.665,0.691,0.710,0.732,0.732,0.731,0.745]
Epoch [156] Testing Results: Prec@1 61.050 Prec@5 89.560             Loss 1.36886
Epoch [156] Testing Class Recall: [0.879,0.930,0.720,0.707,0.655,0.439,0.424,0.656,0.370,0.325]
Epoch [157] Training Results: Prec@1 70.895 Prec@5 89.705             Loss 1.16219
Epoch [157] Training Class Recall: [0.696,0.724,0.648,0.666,0.704,0.710,0.732,0.726,0.737,0.746]
Epoch [157] Testing Results: Prec@1 62.190 Prec@5 89.850             Loss 1.31936
Epoch [157] Testing Class Recall: [0.892,0.941,0.626,0.441,0.378,0.605,0.717,0.573,0.437,0.609]
Epoch [158] Training Results: Prec@1 70.840 Prec@5 89.702             Loss 1.16205
Epoch [158] Training Class Recall: [0.695,0.719,0.653,0.663,0.700,0.711,0.730,0.730,0.738,0.744]
Epoch [158] Testing Results: Prec@1 64.510 Prec@5 92.110             Loss 1.26855
Epoch [158] Testing Class Recall: [0.915,0.880,0.530,0.550,0.627,0.629,0.654,0.755,0.317,0.594]
Epoch [159] Training Results: Prec@1 70.935 Prec@5 89.705             Loss 1.16369
Epoch [159] Training Class Recall: [0.706,0.722,0.654,0.669,0.694,0.708,0.730,0.727,0.736,0.748]
Epoch [159] Testing Results: Prec@1 61.830 Prec@5 89.390             Loss 1.38967
Epoch [159] Testing Class Recall: [0.869,0.924,0.677,0.711,0.680,0.219,0.612,0.584,0.408,0.499]
Epoch [160] Training Results: Prec@1 72.603 Prec@5 90.932             Loss 1.09298
Epoch [160] Training Class Recall: [0.710,0.735,0.684,0.711,0.732,0.705,0.746,0.739,0.745,0.753]
Epoch [160] Testing Results: Prec@1 64.100 Prec@5 91.230             Loss 1.24964
Epoch [160] Testing Class Recall: [0.916,0.951,0.728,0.579,0.652,0.529,0.660,0.646,0.390,0.359]
Epoch [161] Training Results: Prec@1 73.615 Prec@5 91.382             Loss 1.06338
Epoch [161] Training Class Recall: [0.727,0.740,0.705,0.714,0.738,0.739,0.752,0.747,0.745,0.755]
Epoch [161] Testing Results: Prec@1 63.980 Prec@5 91.110             Loss 1.26223
Epoch [161] Testing Class Recall: [0.914,0.964,0.741,0.590,0.682,0.509,0.661,0.637,0.390,0.310]
Epoch [162] Training Results: Prec@1 73.770 Prec@5 91.775             Loss 1.05460
Epoch [162] Training Class Recall: [0.727,0.742,0.706,0.718,0.740,0.745,0.753,0.746,0.745,0.754]
Epoch [162] Testing Results: Prec@1 64.240 Prec@5 91.260             Loss 1.25892
Epoch [162] Testing Class Recall: [0.921,0.961,0.744,0.610,0.675,0.516,0.654,0.620,0.390,0.333]
Epoch [163] Training Results: Prec@1 74.060 Prec@5 91.640             Loss 1.04305
Epoch [163] Training Class Recall: [0.731,0.743,0.713,0.729,0.743,0.747,0.752,0.747,0.746,0.755]
Epoch [163] Testing Results: Prec@1 64.260 Prec@5 90.970             Loss 1.26831
Epoch [163] Testing Class Recall: [0.920,0.962,0.767,0.585,0.681,0.500,0.684,0.615,0.420,0.292]
Epoch [164] Training Results: Prec@1 74.215 Prec@5 91.772             Loss 1.03898
Epoch [164] Training Class Recall: [0.734,0.740,0.719,0.730,0.750,0.745,0.759,0.744,0.746,0.754]
Epoch [164] Testing Results: Prec@1 63.550 Prec@5 91.060             Loss 1.27793
Epoch [164] Testing Class Recall: [0.932,0.960,0.715,0.609,0.650,0.514,0.677,0.618,0.396,0.284]
Epoch [165] Training Results: Prec@1 74.235 Prec@5 91.982             Loss 1.02959
Epoch [165] Training Class Recall: [0.734,0.742,0.718,0.732,0.745,0.749,0.756,0.748,0.746,0.754]
Epoch [165] Testing Results: Prec@1 63.540 Prec@5 91.080             Loss 1.27732
Epoch [165] Testing Class Recall: [0.923,0.965,0.719,0.626,0.638,0.512,0.668,0.609,0.379,0.315]
Epoch [166] Training Results: Prec@1 74.268 Prec@5 92.002             Loss 1.02881
Epoch [166] Training Class Recall: [0.733,0.741,0.722,0.731,0.745,0.750,0.757,0.747,0.747,0.755]
Epoch [166] Testing Results: Prec@1 64.830 Prec@5 91.450             Loss 1.25291
Epoch [166] Testing Class Recall: [0.925,0.959,0.718,0.620,0.685,0.510,0.685,0.623,0.385,0.373]
Epoch [167] Training Results: Prec@1 74.487 Prec@5 92.225             Loss 1.02371
Epoch [167] Training Class Recall: [0.737,0.744,0.725,0.743,0.743,0.749,0.759,0.747,0.746,0.756]
Epoch [167] Testing Results: Prec@1 63.860 Prec@5 91.160             Loss 1.27435
Epoch [167] Testing Class Recall: [0.932,0.964,0.715,0.598,0.632,0.531,0.680,0.631,0.386,0.317]
Epoch [168] Training Results: Prec@1 74.580 Prec@5 92.230             Loss 1.01825
Epoch [168] Training Class Recall: [0.736,0.746,0.724,0.736,0.752,0.755,0.757,0.750,0.747,0.756]
Epoch [168] Testing Results: Prec@1 63.900 Prec@5 91.140             Loss 1.27984
Epoch [168] Testing Class Recall: [0.930,0.960,0.717,0.626,0.666,0.507,0.637,0.619,0.387,0.341]
Epoch [169] Training Results: Prec@1 74.665 Prec@5 92.300             Loss 1.01627
Epoch [169] Training Class Recall: [0.734,0.749,0.729,0.740,0.749,0.753,0.759,0.751,0.747,0.756]
Epoch [169] Testing Results: Prec@1 64.520 Prec@5 91.330             Loss 1.26343
Epoch [169] Testing Class Recall: [0.922,0.969,0.723,0.617,0.669,0.532,0.651,0.634,0.392,0.343]
Epoch [170] Training Results: Prec@1 74.715 Prec@5 92.382             Loss 1.01454
Epoch [170] Training Class Recall: [0.738,0.748,0.728,0.739,0.749,0.753,0.761,0.752,0.747,0.756]
Epoch [170] Testing Results: Prec@1 64.590 Prec@5 91.480             Loss 1.25334
Epoch [170] Testing Class Recall: [0.923,0.962,0.713,0.634,0.656,0.516,0.654,0.643,0.424,0.334]
Epoch [171] Training Results: Prec@1 74.725 Prec@5 92.580             Loss 1.00838
Epoch [171] Training Class Recall: [0.737,0.743,0.734,0.739,0.753,0.752,0.760,0.751,0.747,0.756]
Epoch [171] Testing Results: Prec@1 64.240 Prec@5 91.160             Loss 1.27120
Epoch [171] Testing Class Recall: [0.919,0.963,0.730,0.624,0.674,0.502,0.660,0.625,0.398,0.329]
Epoch [172] Training Results: Prec@1 74.790 Prec@5 92.580             Loss 1.00621
Epoch [172] Training Class Recall: [0.740,0.747,0.730,0.742,0.750,0.755,0.760,0.752,0.747,0.756]
Epoch [172] Testing Results: Prec@1 64.500 Prec@5 91.200             Loss 1.26616
Epoch [172] Testing Class Recall: [0.921,0.967,0.725,0.622,0.643,0.516,0.652,0.638,0.418,0.348]
Epoch [173] Training Results: Prec@1 74.697 Prec@5 92.515             Loss 1.00798
Epoch [173] Training Class Recall: [0.738,0.748,0.728,0.741,0.749,0.755,0.759,0.750,0.746,0.756]
Epoch [173] Testing Results: Prec@1 64.900 Prec@5 91.390             Loss 1.25395
Epoch [173] Testing Class Recall: [0.908,0.965,0.751,0.606,0.683,0.514,0.636,0.626,0.425,0.376]
Epoch [174] Training Results: Prec@1 74.802 Prec@5 92.533             Loss 1.00245
Epoch [174] Training Class Recall: [0.734,0.751,0.729,0.744,0.753,0.754,0.760,0.750,0.746,0.758]
Epoch [174] Testing Results: Prec@1 63.780 Prec@5 90.770             Loss 1.29819
Epoch [174] Testing Class Recall: [0.913,0.970,0.727,0.629,0.665,0.490,0.631,0.625,0.402,0.326]
Epoch [175] Training Results: Prec@1 74.967 Prec@5 92.572             Loss 0.99842
Epoch [175] Training Class Recall: [0.738,0.752,0.737,0.744,0.756,0.754,0.760,0.751,0.748,0.756]
Epoch [175] Testing Results: Prec@1 64.840 Prec@5 91.310             Loss 1.26143
Epoch [175] Testing Class Recall: [0.911,0.957,0.735,0.638,0.673,0.510,0.658,0.630,0.411,0.361]
Epoch [176] Training Results: Prec@1 74.830 Prec@5 92.495             Loss 0.99652
Epoch [176] Training Class Recall: [0.738,0.748,0.731,0.748,0.751,0.755,0.759,0.749,0.747,0.756]
Epoch [176] Testing Results: Prec@1 63.580 Prec@5 90.730             Loss 1.30253
Epoch [176] Testing Class Recall: [0.915,0.959,0.732,0.633,0.649,0.501,0.640,0.621,0.385,0.323]
Epoch [177] Training Results: Prec@1 74.908 Prec@5 92.862             Loss 0.99429
Epoch [177] Training Class Recall: [0.740,0.748,0.732,0.746,0.755,0.756,0.759,0.751,0.746,0.757]
Epoch [177] Testing Results: Prec@1 63.800 Prec@5 90.840             Loss 1.30159
Epoch [177] Testing Class Recall: [0.903,0.959,0.741,0.648,0.657,0.490,0.632,0.625,0.413,0.312]
Epoch [178] Training Results: Prec@1 74.910 Prec@5 92.622             Loss 0.99565
Epoch [178] Training Class Recall: [0.737,0.749,0.732,0.748,0.752,0.757,0.759,0.751,0.749,0.757]
Epoch [178] Testing Results: Prec@1 63.550 Prec@5 90.770             Loss 1.30853
Epoch [178] Testing Class Recall: [0.914,0.953,0.736,0.627,0.674,0.491,0.634,0.635,0.374,0.317]
Epoch [179] Training Results: Prec@1 74.995 Prec@5 92.700             Loss 0.99176
Epoch [179] Training Class Recall: [0.738,0.751,0.734,0.748,0.759,0.754,0.760,0.752,0.747,0.757]
Epoch [179] Testing Results: Prec@1 64.320 Prec@5 90.810             Loss 1.28146
Epoch [179] Testing Class Recall: [0.904,0.962,0.734,0.631,0.658,0.499,0.660,0.622,0.407,0.355]
Epoch [180] Training Results: Prec@1 75.050 Prec@5 92.895             Loss 0.98601
Epoch [180] Training Class Recall: [0.739,0.748,0.740,0.749,0.756,0.757,0.760,0.753,0.748,0.755]
Epoch [180] Testing Results: Prec@1 64.520 Prec@5 90.740             Loss 1.28195
Epoch [180] Testing Class Recall: [0.904,0.959,0.760,0.622,0.664,0.496,0.630,0.637,0.430,0.350]
Epoch [181] Training Results: Prec@1 74.990 Prec@5 92.950             Loss 0.98950
Epoch [181] Training Class Recall: [0.737,0.749,0.740,0.745,0.754,0.757,0.760,0.752,0.748,0.757]
Epoch [181] Testing Results: Prec@1 63.820 Prec@5 90.580             Loss 1.30559
Epoch [181] Testing Class Recall: [0.917,0.962,0.743,0.619,0.645,0.497,0.628,0.631,0.394,0.346]
Epoch [182] Training Results: Prec@1 75.080 Prec@5 92.935             Loss 0.98802
Epoch [182] Training Class Recall: [0.739,0.750,0.741,0.747,0.755,0.757,0.764,0.752,0.746,0.757]
Epoch [182] Testing Results: Prec@1 64.040 Prec@5 90.860             Loss 1.29503
Epoch [182] Testing Class Recall: [0.913,0.960,0.737,0.618,0.644,0.528,0.621,0.632,0.386,0.365]
Epoch [183] Training Results: Prec@1 75.055 Prec@5 92.962             Loss 0.98778
Epoch [183] Training Class Recall: [0.738,0.749,0.738,0.746,0.759,0.759,0.761,0.750,0.749,0.757]
Epoch [183] Testing Results: Prec@1 64.070 Prec@5 90.650             Loss 1.29468
Epoch [183] Testing Class Recall: [0.905,0.961,0.749,0.631,0.640,0.509,0.644,0.633,0.405,0.330]
Epoch [184] Training Results: Prec@1 75.037 Prec@5 92.923             Loss 0.98829
Epoch [184] Training Class Recall: [0.738,0.750,0.734,0.748,0.757,0.759,0.760,0.753,0.748,0.756]
Epoch [184] Testing Results: Prec@1 63.720 Prec@5 90.670             Loss 1.30556
Epoch [184] Testing Class Recall: [0.911,0.966,0.719,0.625,0.665,0.496,0.619,0.625,0.403,0.343]
Epoch [185] Training Results: Prec@1 75.020 Prec@5 92.912             Loss 0.98783
Epoch [185] Training Class Recall: [0.738,0.749,0.737,0.746,0.752,0.760,0.761,0.753,0.748,0.756]
Epoch [185] Testing Results: Prec@1 63.840 Prec@5 90.500             Loss 1.30885
Epoch [185] Testing Class Recall: [0.911,0.963,0.759,0.621,0.633,0.490,0.634,0.624,0.408,0.341]
Epoch [186] Training Results: Prec@1 75.035 Prec@5 92.765             Loss 0.98953
Epoch [186] Training Class Recall: [0.737,0.749,0.737,0.744,0.757,0.759,0.760,0.753,0.749,0.760]
Epoch [186] Testing Results: Prec@1 63.760 Prec@5 90.760             Loss 1.30262
Epoch [186] Testing Class Recall: [0.921,0.963,0.732,0.623,0.636,0.492,0.649,0.632,0.379,0.349]
Epoch [187] Training Results: Prec@1 75.122 Prec@5 92.908             Loss 0.98639
Epoch [187] Training Class Recall: [0.739,0.750,0.742,0.750,0.754,0.757,0.762,0.752,0.748,0.758]
Epoch [187] Testing Results: Prec@1 64.620 Prec@5 90.720             Loss 1.28058
Epoch [187] Testing Class Recall: [0.904,0.964,0.743,0.624,0.662,0.495,0.645,0.638,0.438,0.349]
Epoch [188] Training Results: Prec@1 75.000 Prec@5 92.927             Loss 0.98882
Epoch [188] Training Class Recall: [0.737,0.750,0.741,0.741,0.757,0.758,0.760,0.750,0.747,0.758]
Epoch [188] Testing Results: Prec@1 63.870 Prec@5 90.710             Loss 1.29834
Epoch [188] Testing Class Recall: [0.907,0.963,0.739,0.625,0.642,0.507,0.644,0.640,0.390,0.330]
Epoch [189] Training Results: Prec@1 75.030 Prec@5 92.920             Loss 0.98922
Epoch [189] Training Class Recall: [0.738,0.749,0.738,0.750,0.754,0.758,0.761,0.752,0.748,0.756]
Epoch [189] Testing Results: Prec@1 64.250 Prec@5 90.660             Loss 1.28929
Epoch [189] Testing Class Recall: [0.914,0.960,0.748,0.611,0.639,0.509,0.647,0.634,0.406,0.357]
Epoch [190] Training Results: Prec@1 75.027 Prec@5 92.750             Loss 0.98936
Epoch [190] Training Class Recall: [0.741,0.751,0.737,0.745,0.755,0.757,0.762,0.753,0.745,0.757]
Epoch [190] Testing Results: Prec@1 64.060 Prec@5 90.660             Loss 1.29580
Epoch [190] Testing Class Recall: [0.900,0.971,0.729,0.634,0.658,0.499,0.649,0.616,0.411,0.339]
Epoch [191] Training Results: Prec@1 74.987 Prec@5 92.930             Loss 0.98885
Epoch [191] Training Class Recall: [0.737,0.750,0.741,0.742,0.753,0.757,0.760,0.751,0.749,0.758]
Epoch [191] Testing Results: Prec@1 64.150 Prec@5 90.940             Loss 1.28364
Epoch [191] Testing Class Recall: [0.908,0.957,0.734,0.637,0.647,0.514,0.639,0.630,0.399,0.350]
Epoch [192] Training Results: Prec@1 75.080 Prec@5 92.765             Loss 0.98974
Epoch [192] Training Class Recall: [0.742,0.749,0.740,0.745,0.757,0.759,0.761,0.751,0.747,0.757]
Epoch [192] Testing Results: Prec@1 64.180 Prec@5 90.760             Loss 1.29391
Epoch [192] Testing Class Recall: [0.914,0.962,0.749,0.618,0.665,0.484,0.646,0.642,0.389,0.349]
Epoch [193] Training Results: Prec@1 75.037 Prec@5 92.822             Loss 0.98887
Epoch [193] Training Class Recall: [0.741,0.747,0.739,0.748,0.753,0.760,0.761,0.751,0.747,0.755]
Epoch [193] Testing Results: Prec@1 63.770 Prec@5 90.440             Loss 1.30533
Epoch [193] Testing Class Recall: [0.904,0.963,0.741,0.628,0.648,0.494,0.623,0.633,0.418,0.325]
Epoch [194] Training Results: Prec@1 74.993 Prec@5 92.840             Loss 0.98943
Epoch [194] Training Class Recall: [0.738,0.750,0.736,0.746,0.752,0.759,0.761,0.752,0.748,0.758]
Epoch [194] Testing Results: Prec@1 64.350 Prec@5 90.750             Loss 1.29227
Epoch [194] Testing Class Recall: [0.918,0.960,0.744,0.607,0.659,0.503,0.643,0.627,0.413,0.361]
Epoch [195] Training Results: Prec@1 75.042 Prec@5 92.762             Loss 0.98890
Epoch [195] Training Class Recall: [0.739,0.751,0.737,0.748,0.753,0.759,0.763,0.752,0.746,0.757]
Epoch [195] Testing Results: Prec@1 64.320 Prec@5 90.720             Loss 1.28847
Epoch [195] Testing Class Recall: [0.915,0.965,0.726,0.614,0.659,0.497,0.643,0.628,0.429,0.356]
Epoch [196] Training Results: Prec@1 75.033 Prec@5 92.925             Loss 0.98742
Epoch [196] Training Class Recall: [0.739,0.749,0.740,0.741,0.757,0.757,0.763,0.754,0.747,0.757]
Epoch [196] Testing Results: Prec@1 64.400 Prec@5 90.990             Loss 1.28305
Epoch [196] Testing Class Recall: [0.906,0.960,0.733,0.638,0.641,0.519,0.640,0.636,0.414,0.353]
Epoch [197] Training Results: Prec@1 75.045 Prec@5 92.870             Loss 0.98889
Epoch [197] Training Class Recall: [0.745,0.750,0.732,0.746,0.755,0.758,0.762,0.750,0.749,0.757]
Epoch [197] Testing Results: Prec@1 64.170 Prec@5 90.860             Loss 1.29203
Epoch [197] Testing Class Recall: [0.906,0.962,0.743,0.625,0.651,0.521,0.636,0.632,0.384,0.357]
Epoch [198] Training Results: Prec@1 75.125 Prec@5 92.780             Loss 0.98605
Epoch [198] Training Class Recall: [0.740,0.751,0.742,0.745,0.757,0.762,0.760,0.751,0.748,0.758]
Epoch [198] Testing Results: Prec@1 64.200 Prec@5 90.700             Loss 1.29040
Epoch [198] Testing Class Recall: [0.903,0.968,0.740,0.635,0.628,0.500,0.636,0.623,0.440,0.347]
Epoch [199] Training Results: Prec@1 75.040 Prec@5 92.877             Loss 0.98641
Epoch [199] Training Class Recall: [0.742,0.754,0.737,0.745,0.754,0.756,0.760,0.753,0.748,0.755]
Epoch [199] Testing Results: Prec@1 63.890 Prec@5 90.800             Loss 1.30005
Epoch [199] Testing Class Recall: [0.920,0.958,0.724,0.627,0.644,0.512,0.622,0.641,0.392,0.349]
