Log file: cifar10_random1.0_randomoversampling_selection_exp0.01_seed42_20260501_112059.log
Run started: 2026-05-01 11:20:59.452982
Dataset: cifar10
Imbalance type: exp, factor: 0.01
Selection method: random, ratio: 1.0
Strategy: RandomOversampling_Selection, epochs: 200
Seed: 42, rand_number: 0
Augmentation: weak
Noise ratio: 0.5
============================================================

=> Preparing logger and tensorboard writer !
----------------------------------------------------
Class ID   | Original   | Selected   | Keep %  
----------------------------------------------------
0          | 4000       | 4000       |   100.0%
1          | 4000       | 4000       |   100.0%
2          | 4000       | 4000       |   100.0%
3          | 4000       | 4000       |   100.0%
4          | 4000       | 4000       |   100.0%
5          | 4000       | 4000       |   100.0%
6          | 4000       | 4000       |   100.0%
7          | 4000       | 4000       |   100.0%
8          | 4000       | 4000       |   100.0%
9          | 4000       | 4000       |   100.0%
----------------------------------------------------
TOTAL      | 40000      | 40000      |   100.0%
----------------------------------------------------
Epoch [0] Training Results: Prec@1 14.500 Prec@5 57.260             Loss 2.31642
Epoch [0] Training Class Recall: [0.313,0.318,0.183,0.145,0.137,0.087,0.062,0.078,0.067,0.059]
Epoch [0] Testing Results: Prec@1 22.570 Prec@5 78.160             Loss 2.08382
Epoch [0] Testing Class Recall: [0.381,0.780,0.248,0.031,0.621,0.037,0.004,0.027,0.073,0.055]
Epoch [1] Training Results: Prec@1 17.930 Prec@5 61.397             Loss 2.24978
Epoch [1] Training Class Recall: [0.460,0.513,0.254,0.236,0.140,0.035,0.036,0.032,0.032,0.054]
Epoch [1] Testing Results: Prec@1 26.100 Prec@5 77.130             Loss 2.07195
Epoch [1] Testing Class Recall: [0.796,0.679,0.303,0.144,0.626,0.000,0.000,0.004,0.000,0.058]
Epoch [2] Training Results: Prec@1 19.493 Prec@5 63.188             Loss 2.22355
Epoch [2] Training Class Recall: [0.550,0.597,0.291,0.302,0.104,0.017,0.018,0.015,0.029,0.027]
Epoch [2] Testing Results: Prec@1 28.920 Prec@5 84.520             Loss 2.01350
Epoch [2] Testing Class Recall: [0.749,0.787,0.041,0.596,0.699,0.001,0.000,0.001,0.002,0.016]
Epoch [3] Training Results: Prec@1 20.350 Prec@5 65.030             Loss 2.20955
Epoch [3] Training Class Recall: [0.589,0.617,0.298,0.319,0.124,0.019,0.024,0.015,0.009,0.021]
Epoch [3] Testing Results: Prec@1 27.500 Prec@5 82.750             Loss 2.02114
Epoch [3] Testing Class Recall: [0.664,0.598,0.544,0.477,0.353,0.024,0.000,0.019,0.027,0.044]
Epoch [4] Training Results: Prec@1 20.590 Prec@5 65.042             Loss 2.20401
Epoch [4] Training Class Recall: [0.600,0.624,0.294,0.314,0.121,0.021,0.020,0.026,0.015,0.025]
Epoch [4] Testing Results: Prec@1 29.720 Prec@5 82.630             Loss 1.99969
Epoch [4] Testing Class Recall: [0.647,0.918,0.276,0.433,0.418,0.147,0.041,0.035,0.050,0.007]
Epoch [5] Training Results: Prec@1 21.157 Prec@5 66.577             Loss 2.19248
Epoch [5] Training Class Recall: [0.609,0.628,0.303,0.314,0.130,0.033,0.029,0.039,0.011,0.021]
Epoch [5] Testing Results: Prec@1 30.530 Prec@5 84.030             Loss 1.95680
Epoch [5] Testing Class Recall: [0.687,0.672,0.379,0.377,0.598,0.072,0.131,0.021,0.022,0.094]
Epoch [6] Training Results: Prec@1 22.100 Prec@5 67.430             Loss 2.17758
Epoch [6] Training Class Recall: [0.625,0.642,0.318,0.294,0.144,0.062,0.062,0.032,0.010,0.018]
Epoch [6] Testing Results: Prec@1 30.930 Prec@5 79.790             Loss 1.97831
Epoch [6] Testing Class Recall: [0.794,0.842,0.392,0.264,0.369,0.298,0.005,0.023,0.080,0.026]
Epoch [7] Training Results: Prec@1 23.140 Prec@5 68.530             Loss 2.16474
Epoch [7] Training Class Recall: [0.612,0.643,0.341,0.273,0.167,0.091,0.085,0.052,0.028,0.022]
Epoch [7] Testing Results: Prec@1 28.430 Prec@5 75.700             Loss 2.00879
Epoch [7] Testing Class Recall: [0.751,0.729,0.778,0.186,0.016,0.321,0.013,0.030,0.018,0.001]
Epoch [8] Training Results: Prec@1 23.370 Prec@5 69.245             Loss 2.15271
Epoch [8] Training Class Recall: [0.601,0.635,0.334,0.266,0.180,0.101,0.111,0.055,0.025,0.029]
Epoch [8] Testing Results: Prec@1 30.920 Prec@5 80.470             Loss 1.96837
Epoch [8] Testing Class Recall: [0.636,0.604,0.530,0.441,0.309,0.267,0.096,0.030,0.137,0.042]
Epoch [9] Training Results: Prec@1 24.455 Prec@5 70.338             Loss 2.13576
Epoch [9] Training Class Recall: [0.584,0.629,0.366,0.263,0.198,0.119,0.129,0.067,0.035,0.056]
Epoch [9] Testing Results: Prec@1 33.960 Prec@5 81.440             Loss 1.95422
Epoch [9] Testing Class Recall: [0.724,0.810,0.337,0.523,0.560,0.043,0.138,0.204,0.051,0.006]
