=> Preparing logger and tensorboard writer !
----------------------------------------------------
Class ID   | Original   | Selected   | Keep %  
----------------------------------------------------
0          | 5000       | 5000       |   100.0%
1          | 2997       | 2997       |   100.0%
2          | 1796       | 1796       |   100.0%
3          | 1077       | 1077       |   100.0%
4          | 645        | 645        |   100.0%
5          | 387        | 387        |   100.0%
6          | 232        | 232        |   100.0%
7          | 139        | 139        |   100.0%
8          | 83         | 83         |   100.0%
9          | 50         | 50         |   100.0%
----------------------------------------------------
TOTAL      | 12406      | 12406      |   100.0%
----------------------------------------------------
Epoch [0] Training Results: Prec@1 48.880 Prec@5 92.754             Loss 1.55924
Epoch [0] Training Class Recall: [0.750,0.538,0.349,0.068,0.003,0.000,0.000,0.000,0.000,0.000]
Epoch [0] Testing Results: Prec@1 19.230 Prec@5 58.790             Loss 2.89204
Epoch [0] Testing Class Recall: [0.921,0.547,0.446,0.009,0.000,0.000,0.000,0.000,0.000,0.000]
Epoch [1] Training Results: Prec@1 57.754 Prec@5 93.818             Loss 1.42781
Epoch [1] Training Class Recall: [0.791,0.714,0.427,0.253,0.051,0.000,0.000,0.000,0.000,0.000]
Epoch [1] Testing Results: Prec@1 24.710 Prec@5 63.230             Loss 2.73430
Epoch [1] Testing Class Recall: [0.861,0.770,0.487,0.353,0.000,0.000,0.000,0.000,0.000,0.000]
Epoch [2] Training Results: Prec@1 60.664 Prec@5 94.519             Loss 1.36443
Epoch [2] Training Class Recall: [0.817,0.740,0.486,0.326,0.002,0.000,0.000,0.000,0.000,0.000]
Epoch [2] Testing Results: Prec@1 21.750 Prec@5 65.120             Loss 2.97770
Epoch [2] Testing Class Recall: [0.947,0.661,0.438,0.129,0.000,0.000,0.000,0.000,0.000,0.000]
Epoch [3] Training Results: Prec@1 63.582 Prec@5 95.220             Loss 1.31946
Epoch [3] Training Class Recall: [0.853,0.782,0.486,0.363,0.026,0.000,0.000,0.000,0.000,0.000]
Epoch [3] Testing Results: Prec@1 24.730 Prec@5 62.290             Loss 2.60279
Epoch [3] Testing Class Recall: [0.941,0.714,0.263,0.555,0.000,0.000,0.000,0.000,0.000,0.000]
Epoch [4] Training Results: Prec@1 65.855 Prec@5 94.841             Loss 1.30575
Epoch [4] Training Class Recall: [0.871,0.829,0.498,0.403,0.002,0.000,0.000,0.000,0.000,0.000]
Epoch [4] Testing Results: Prec@1 28.700 Prec@5 68.810             Loss 2.52155
Epoch [4] Testing Class Recall: [0.870,0.801,0.464,0.735,0.000,0.000,0.000,0.000,0.000,0.000]
Epoch [5] Training Results: Prec@1 67.089 Prec@5 95.381             Loss 1.28463
Epoch [5] Training Class Recall: [0.886,0.847,0.500,0.406,0.031,0.000,0.000,0.000,0.000,0.000]
Epoch [5] Testing Results: Prec@1 23.360 Prec@5 59.130             Loss 2.66133
Epoch [5] Testing Class Recall: [0.945,0.805,0.460,0.124,0.002,0.000,0.000,0.000,0.000,0.000]
Epoch [6] Training Results: Prec@1 68.120 Prec@5 95.494             Loss 1.28995
Epoch [6] Training Class Recall: [0.896,0.867,0.486,0.454,0.023,0.000,0.000,0.000,0.000,0.000]
Epoch [6] Testing Results: Prec@1 28.910 Prec@5 64.110             Loss 2.53920
Epoch [6] Testing Class Recall: [0.915,0.908,0.663,0.382,0.023,0.000,0.000,0.000,0.000,0.000]
Epoch [7] Training Results: Prec@1 69.603 Prec@5 95.929             Loss 1.21575
Epoch [7] Training Class Recall: [0.909,0.890,0.513,0.439,0.042,0.000,0.004,0.000,0.000,0.000]
Epoch [7] Testing Results: Prec@1 30.510 Prec@5 73.230             Loss 2.33209
Epoch [7] Testing Class Recall: [0.918,0.924,0.506,0.571,0.113,0.000,0.019,0.000,0.000,0.000]
Epoch [8] Training Results: Prec@1 71.764 Prec@5 96.139             Loss 1.20677
Epoch [8] Training Class Recall: [0.916,0.911,0.545,0.490,0.124,0.000,0.026,0.000,0.000,0.000]
Epoch [8] Testing Results: Prec@1 32.580 Prec@5 72.120             Loss 2.45660
Epoch [8] Testing Class Recall: [0.893,0.970,0.441,0.609,0.197,0.000,0.148,0.000,0.000,0.000]
Epoch [9] Training Results: Prec@1 71.772 Prec@5 96.228             Loss 1.22698
Epoch [9] Training Class Recall: [0.914,0.911,0.553,0.487,0.110,0.008,0.052,0.000,0.000,0.000]
Epoch [9] Testing Results: Prec@1 29.260 Prec@5 76.470             Loss 2.38850
Epoch [9] Testing Class Recall: [0.921,0.957,0.701,0.319,0.004,0.000,0.024,0.000,0.000,0.000]
Epoch [10] Training Results: Prec@1 73.182 Prec@5 96.445             Loss 1.18700
Epoch [10] Training Class Recall: [0.925,0.926,0.545,0.495,0.198,0.010,0.155,0.000,0.000,0.000]
Epoch [10] Testing Results: Prec@1 34.390 Prec@5 74.860             Loss 2.28596
Epoch [10] Testing Class Recall: [0.981,0.864,0.424,0.514,0.221,0.000,0.435,0.000,0.000,0.000]
Epoch [11] Training Results: Prec@1 73.988 Prec@5 96.711             Loss 1.14016
Epoch [11] Training Class Recall: [0.922,0.932,0.561,0.534,0.248,0.008,0.142,0.000,0.000,0.000]
Epoch [11] Testing Results: Prec@1 25.740 Prec@5 75.100             Loss 2.59082
Epoch [11] Testing Class Recall: [0.982,0.507,0.605,0.328,0.068,0.000,0.084,0.000,0.000,0.000]
Epoch [12] Training Results: Prec@1 75.302 Prec@5 96.816             Loss 1.18483
Epoch [12] Training Class Recall: [0.927,0.943,0.593,0.545,0.301,0.000,0.155,0.000,0.000,0.000]
Epoch [12] Testing Results: Prec@1 39.430 Prec@5 72.490             Loss 2.21105
Epoch [12] Testing Class Recall: [0.912,0.942,0.574,0.638,0.553,0.001,0.323,0.000,0.000,0.000]
Epoch [13] Training Results: Prec@1 76.495 Prec@5 97.396             Loss 1.12785
Epoch [13] Training Class Recall: [0.937,0.935,0.598,0.575,0.380,0.028,0.233,0.000,0.000,0.000]
Epoch [13] Testing Results: Prec@1 35.620 Prec@5 75.130             Loss 2.25149
Epoch [13] Testing Class Recall: [0.948,0.924,0.546,0.418,0.691,0.000,0.035,0.000,0.000,0.000]
Epoch [14] Training Results: Prec@1 76.898 Prec@5 97.550             Loss 1.09687
Epoch [14] Training Class Recall: [0.934,0.939,0.605,0.598,0.386,0.047,0.233,0.029,0.000,0.000]
Epoch [14] Testing Results: Prec@1 34.500 Prec@5 82.780             Loss 2.12052
Epoch [14] Testing Class Recall: [0.966,0.957,0.553,0.446,0.240,0.026,0.104,0.158,0.000,0.000]
Epoch [15] Training Results: Prec@1 78.132 Prec@5 97.985             Loss 1.06028
Epoch [15] Training Class Recall: [0.933,0.946,0.646,0.590,0.451,0.106,0.241,0.079,0.000,0.000]
Epoch [15] Testing Results: Prec@1 36.580 Prec@5 82.970             Loss 2.20632
Epoch [15] Testing Class Recall: [0.971,0.958,0.529,0.507,0.109,0.068,0.482,0.034,0.000,0.000]
Epoch [16] Training Results: Prec@1 78.389 Prec@5 97.985             Loss 1.07419
Epoch [16] Training Class Recall: [0.930,0.947,0.640,0.578,0.481,0.171,0.341,0.079,0.000,0.000]
Epoch [16] Testing Results: Prec@1 34.440 Prec@5 83.960             Loss 2.30361
Epoch [16] Testing Class Recall: [0.992,0.710,0.596,0.100,0.496,0.040,0.403,0.107,0.000,0.000]
Epoch [17] Training Results: Prec@1 79.421 Prec@5 97.928             Loss 1.08305
Epoch [17] Training Class Recall: [0.943,0.950,0.652,0.588,0.478,0.176,0.336,0.245,0.000,0.000]
Epoch [17] Testing Results: Prec@1 35.740 Prec@5 83.890             Loss 2.26464
Epoch [17] Testing Class Recall: [0.981,0.936,0.375,0.278,0.553,0.026,0.082,0.343,0.000,0.000]
Epoch [18] Training Results: Prec@1 79.663 Prec@5 98.057             Loss 1.07061
Epoch [18] Training Class Recall: [0.946,0.952,0.663,0.591,0.504,0.132,0.302,0.216,0.000,0.000]
Epoch [18] Testing Results: Prec@1 44.920 Prec@5 86.650             Loss 1.82275
Epoch [18] Testing Class Recall: [0.944,0.965,0.664,0.654,0.384,0.296,0.470,0.115,0.000,0.000]
Epoch [19] Training Results: Prec@1 81.074 Prec@5 98.331             Loss 1.04506
Epoch [19] Training Class Recall: [0.948,0.955,0.679,0.652,0.552,0.199,0.341,0.151,0.000,0.000]
Epoch [19] Testing Results: Prec@1 42.440 Prec@5 86.970             Loss 2.00717
Epoch [19] Testing Class Recall: [0.919,0.995,0.493,0.669,0.301,0.206,0.287,0.374,0.000,0.000]
Epoch [20] Training Results: Prec@1 81.219 Prec@5 98.541             Loss 1.03672
Epoch [20] Training Class Recall: [0.945,0.957,0.698,0.614,0.546,0.217,0.405,0.273,0.000,0.000]
Epoch [20] Testing Results: Prec@1 51.300 Prec@5 89.020             Loss 1.60786
Epoch [20] Testing Class Recall: [0.886,0.975,0.647,0.669,0.439,0.435,0.459,0.581,0.038,0.001]
Epoch [21] Training Results: Prec@1 81.743 Prec@5 98.630             Loss 0.98226
Epoch [21] Training Class Recall: [0.943,0.955,0.720,0.612,0.561,0.302,0.422,0.245,0.000,0.000]
Epoch [21] Testing Results: Prec@1 43.950 Prec@5 86.540             Loss 2.02150
Epoch [21] Testing Class Recall: [0.940,0.991,0.666,0.451,0.468,0.226,0.207,0.445,0.001,0.000]
Epoch [22] Training Results: Prec@1 82.734 Prec@5 98.404             Loss 1.00570
Epoch [22] Training Class Recall: [0.953,0.958,0.718,0.649,0.592,0.271,0.427,0.324,0.072,0.000]
Epoch [22] Testing Results: Prec@1 46.460 Prec@5 90.400             Loss 1.68430
Epoch [22] Testing Class Recall: [0.948,0.974,0.473,0.781,0.401,0.196,0.428,0.413,0.011,0.021]
Epoch [23] Training Results: Prec@1 83.161 Prec@5 98.581             Loss 1.01214
Epoch [23] Training Class Recall: [0.952,0.959,0.734,0.686,0.595,0.256,0.388,0.338,0.072,0.060]
Epoch [23] Testing Results: Prec@1 42.210 Prec@5 87.900             Loss 2.00549
Epoch [23] Testing Class Recall: [0.968,0.919,0.764,0.409,0.436,0.141,0.415,0.144,0.020,0.005]
Epoch [24] Training Results: Prec@1 83.331 Prec@5 98.686             Loss 0.96864
Epoch [24] Training Class Recall: [0.951,0.961,0.741,0.665,0.617,0.287,0.427,0.266,0.120,0.080]
Epoch [24] Testing Results: Prec@1 49.710 Prec@5 86.940             Loss 1.71463
Epoch [24] Testing Class Recall: [0.971,0.932,0.666,0.679,0.583,0.213,0.692,0.233,0.002,0.000]
Epoch [25] Training Results: Prec@1 83.758 Prec@5 98.710             Loss 1.01779
Epoch [25] Training Class Recall: [0.950,0.962,0.737,0.691,0.633,0.318,0.470,0.309,0.072,0.000]
Epoch [25] Testing Results: Prec@1 47.880 Prec@5 86.750             Loss 1.80779
Epoch [25] Testing Class Recall: [0.975,0.973,0.655,0.381,0.471,0.446,0.442,0.436,0.009,0.000]
Epoch [26] Training Results: Prec@1 84.185 Prec@5 98.815             Loss 0.99092
Epoch [26] Training Class Recall: [0.960,0.960,0.726,0.673,0.623,0.375,0.522,0.338,0.229,0.120]
Epoch [26] Testing Results: Prec@1 41.150 Prec@5 84.990             Loss 2.11301
Epoch [26] Testing Class Recall: [0.981,0.945,0.605,0.587,0.201,0.243,0.425,0.066,0.049,0.013]
Epoch [27] Training Results: Prec@1 84.322 Prec@5 98.573             Loss 0.99502
Epoch [27] Training Class Recall: [0.958,0.962,0.742,0.661,0.637,0.401,0.444,0.374,0.181,0.120]
Epoch [27] Testing Results: Prec@1 47.660 Prec@5 88.950             Loss 1.67476
Epoch [27] Testing Class Recall: [0.953,0.957,0.726,0.394,0.445,0.443,0.337,0.403,0.034,0.074]
Epoch [28] Training Results: Prec@1 84.104 Prec@5 98.960             Loss 0.99472
Epoch [28] Training Class Recall: [0.958,0.962,0.748,0.664,0.614,0.377,0.392,0.331,0.169,0.160]
Epoch [28] Testing Results: Prec@1 51.800 Prec@5 86.200             Loss 1.63693
Epoch [28] Testing Class Recall: [0.940,0.973,0.771,0.658,0.715,0.287,0.545,0.169,0.102,0.020]
Epoch [29] Training Results: Prec@1 84.935 Prec@5 98.936             Loss 0.98849
Epoch [29] Training Class Recall: [0.961,0.966,0.756,0.661,0.659,0.434,0.418,0.353,0.277,0.140]
Epoch [29] Testing Results: Prec@1 48.610 Prec@5 85.270             Loss 1.91185
Epoch [29] Testing Class Recall: [0.962,0.986,0.800,0.461,0.450,0.371,0.485,0.314,0.032,0.000]
Epoch [30] Training Results: Prec@1 85.160 Prec@5 98.960             Loss 0.99112
Epoch [30] Training Class Recall: [0.957,0.965,0.778,0.690,0.606,0.413,0.491,0.424,0.265,0.080]
Epoch [30] Testing Results: Prec@1 49.390 Prec@5 88.510             Loss 1.70677
Epoch [30] Testing Class Recall: [0.962,0.980,0.812,0.600,0.489,0.428,0.288,0.267,0.074,0.039]
Epoch [31] Training Results: Prec@1 85.725 Prec@5 98.847             Loss 1.02061
Epoch [31] Training Class Recall: [0.960,0.965,0.770,0.694,0.682,0.429,0.500,0.388,0.325,0.260]
Epoch [31] Testing Results: Prec@1 50.910 Prec@5 82.120             Loss 1.98593
Epoch [31] Testing Class Recall: [0.933,0.989,0.792,0.610,0.556,0.346,0.528,0.302,0.033,0.002]
Epoch [32] Training Results: Prec@1 85.757 Prec@5 99.049             Loss 0.96239
Epoch [32] Training Class Recall: [0.957,0.970,0.753,0.697,0.704,0.437,0.522,0.417,0.313,0.300]
Epoch [32] Testing Results: Prec@1 44.340 Prec@5 83.420             Loss 2.20432
Epoch [32] Testing Class Recall: [0.964,0.984,0.789,0.430,0.332,0.234,0.474,0.209,0.001,0.017]
Epoch [33] Training Results: Prec@1 86.176 Prec@5 99.033             Loss 0.97800
Epoch [33] Training Class Recall: [0.960,0.966,0.785,0.707,0.656,0.470,0.526,0.424,0.289,0.240]
Epoch [33] Testing Results: Prec@1 55.960 Prec@5 90.720             Loss 1.53985
Epoch [33] Testing Class Recall: [0.955,0.983,0.667,0.661,0.439,0.626,0.446,0.576,0.219,0.024]
Epoch [34] Training Results: Prec@1 86.474 Prec@5 99.073             Loss 0.94814
Epoch [34] Training Class Recall: [0.962,0.968,0.776,0.721,0.679,0.481,0.487,0.417,0.386,0.360]
Epoch [34] Testing Results: Prec@1 52.410 Prec@5 86.670             Loss 1.78999
Epoch [34] Testing Class Recall: [0.845,0.994,0.843,0.549,0.401,0.538,0.568,0.375,0.094,0.034]
Epoch [35] Training Results: Prec@1 86.321 Prec@5 99.033             Loss 0.94804
Epoch [35] Training Class Recall: [0.966,0.964,0.787,0.697,0.671,0.434,0.487,0.439,0.398,0.340]
Epoch [35] Testing Results: Prec@1 53.660 Prec@5 89.420             Loss 1.52606
Epoch [35] Testing Class Recall: [0.980,0.967,0.753,0.519,0.498,0.422,0.655,0.189,0.281,0.102]
Epoch [36] Training Results: Prec@1 86.652 Prec@5 99.065             Loss 0.94219
Epoch [36] Training Class Recall: [0.962,0.967,0.803,0.696,0.685,0.468,0.517,0.460,0.386,0.240]
Epoch [36] Testing Results: Prec@1 56.840 Prec@5 91.980             Loss 1.34874
Epoch [36] Testing Class Recall: [0.971,0.984,0.540,0.477,0.635,0.625,0.403,0.649,0.267,0.133]
Epoch [37] Training Results: Prec@1 86.958 Prec@5 99.178             Loss 0.95429
Epoch [37] Training Class Recall: [0.967,0.967,0.799,0.721,0.681,0.475,0.496,0.439,0.337,0.320]
Epoch [37] Testing Results: Prec@1 44.230 Prec@5 88.550             Loss 1.83783
Epoch [37] Testing Class Recall: [0.988,0.974,0.500,0.701,0.234,0.204,0.286,0.390,0.091,0.055]
Epoch [38] Training Results: Prec@1 86.918 Prec@5 99.178             Loss 0.92323
Epoch [38] Training Class Recall: [0.965,0.971,0.802,0.682,0.704,0.460,0.547,0.432,0.398,0.360]
Epoch [38] Testing Results: Prec@1 51.400 Prec@5 84.620             Loss 1.79135
Epoch [38] Testing Class Recall: [0.882,0.970,0.886,0.544,0.478,0.251,0.738,0.152,0.227,0.012]
Epoch [39] Training Results: Prec@1 87.280 Prec@5 99.170             Loss 0.90412
Epoch [39] Training Class Recall: [0.964,0.973,0.793,0.724,0.690,0.491,0.578,0.460,0.494,0.300]
Epoch [39] Testing Results: Prec@1 57.950 Prec@5 91.990             Loss 1.37663
Epoch [39] Testing Class Recall: [0.979,0.958,0.502,0.763,0.549,0.540,0.573,0.532,0.196,0.203]
Epoch [40] Training Results: Prec@1 87.998 Prec@5 99.162             Loss 0.91883
Epoch [40] Training Class Recall: [0.959,0.973,0.811,0.754,0.747,0.506,0.599,0.410,0.506,0.440]
Epoch [40] Testing Results: Prec@1 59.270 Prec@5 91.200             Loss 1.37235
Epoch [40] Testing Class Recall: [0.953,0.968,0.836,0.517,0.589,0.519,0.690,0.494,0.158,0.203]
Epoch [41] Training Results: Prec@1 87.458 Prec@5 99.283             Loss 0.92012
Epoch [41] Training Class Recall: [0.967,0.965,0.805,0.743,0.715,0.494,0.547,0.388,0.361,0.260]
Epoch [41] Testing Results: Prec@1 60.620 Prec@5 92.260             Loss 1.28917
Epoch [41] Testing Class Recall: [0.960,0.984,0.582,0.473,0.573,0.789,0.561,0.490,0.281,0.369]
Epoch [42] Training Results: Prec@1 87.837 Prec@5 99.113             Loss 0.98960
Epoch [42] Training Class Recall: [0.961,0.974,0.805,0.748,0.724,0.537,0.565,0.504,0.337,0.320]
Epoch [42] Testing Results: Prec@1 61.540 Prec@5 92.310             Loss 1.31362
Epoch [42] Testing Class Recall: [0.943,0.991,0.797,0.547,0.464,0.565,0.621,0.525,0.287,0.414]
Epoch [43] Training Results: Prec@1 88.038 Prec@5 99.186             Loss 0.89349
Epoch [43] Training Class Recall: [0.963,0.972,0.812,0.747,0.741,0.525,0.522,0.504,0.494,0.420]
Epoch [43] Testing Results: Prec@1 60.600 Prec@5 90.780             Loss 1.31811
Epoch [43] Testing Class Recall: [0.924,0.975,0.801,0.719,0.748,0.496,0.366,0.398,0.382,0.251]
Epoch [44] Training Results: Prec@1 88.240 Prec@5 99.234             Loss 0.99184
Epoch [44] Training Class Recall: [0.973,0.963,0.807,0.758,0.729,0.519,0.539,0.504,0.506,0.440]
Epoch [44] Testing Results: Prec@1 55.320 Prec@5 91.040             Loss 1.44318
Epoch [44] Testing Class Recall: [0.976,0.982,0.675,0.482,0.570,0.250,0.469,0.449,0.254,0.425]
Epoch [45] Training Results: Prec@1 88.852 Prec@5 99.275             Loss 0.91774
Epoch [45] Training Class Recall: [0.976,0.969,0.813,0.756,0.736,0.537,0.616,0.525,0.506,0.460]
Epoch [45] Testing Results: Prec@1 55.930 Prec@5 92.760             Loss 1.48532
Epoch [45] Testing Class Recall: [0.979,0.984,0.640,0.594,0.490,0.524,0.451,0.438,0.270,0.223]
Epoch [46] Training Results: Prec@1 88.675 Prec@5 99.404             Loss 0.88958
Epoch [46] Training Class Recall: [0.967,0.969,0.836,0.746,0.732,0.530,0.612,0.511,0.506,0.460]
Epoch [46] Testing Results: Prec@1 58.120 Prec@5 91.370             Loss 1.38739
Epoch [46] Testing Class Recall: [0.952,0.992,0.774,0.487,0.740,0.711,0.480,0.216,0.219,0.241]
Epoch [47] Training Results: Prec@1 88.328 Prec@5 99.395             Loss 0.93512
Epoch [47] Training Class Recall: [0.968,0.969,0.835,0.727,0.705,0.535,0.586,0.496,0.506,0.420]
Epoch [47] Testing Results: Prec@1 55.330 Prec@5 88.030             Loss 1.61473
Epoch [47] Testing Class Recall: [0.926,0.985,0.750,0.800,0.561,0.407,0.363,0.496,0.226,0.019]
Epoch [48] Training Results: Prec@1 88.570 Prec@5 99.428             Loss 0.91155
Epoch [48] Training Class Recall: [0.962,0.971,0.819,0.760,0.763,0.517,0.642,0.511,0.482,0.500]
Epoch [48] Testing Results: Prec@1 58.010 Prec@5 88.290             Loss 1.57874
Epoch [48] Testing Class Recall: [0.899,0.990,0.764,0.628,0.637,0.253,0.802,0.038,0.632,0.158]
Epoch [49] Training Results: Prec@1 88.465 Prec@5 99.387             Loss 0.90763
Epoch [49] Training Class Recall: [0.967,0.969,0.807,0.755,0.740,0.553,0.634,0.540,0.458,0.460]
Epoch [49] Testing Results: Prec@1 61.120 Prec@5 90.630             Loss 1.31937
Epoch [49] Testing Class Recall: [0.957,0.978,0.802,0.518,0.778,0.503,0.735,0.423,0.260,0.158]
Epoch [50] Training Results: Prec@1 88.594 Prec@5 99.444             Loss 0.90093
Epoch [50] Training Class Recall: [0.965,0.970,0.811,0.760,0.761,0.548,0.616,0.540,0.482,0.440]
Epoch [50] Testing Results: Prec@1 56.930 Prec@5 90.230             Loss 1.55877
Epoch [50] Testing Class Recall: [0.975,0.973,0.751,0.505,0.620,0.614,0.528,0.489,0.152,0.086]
Epoch [51] Training Results: Prec@1 89.271 Prec@5 99.371             Loss 0.92642
Epoch [51] Training Class Recall: [0.968,0.974,0.824,0.776,0.781,0.532,0.625,0.554,0.494,0.500]
Epoch [51] Testing Results: Prec@1 57.120 Prec@5 92.210             Loss 1.43960
Epoch [51] Testing Class Recall: [0.968,0.982,0.838,0.626,0.356,0.364,0.543,0.515,0.323,0.197]
Epoch [52] Training Results: Prec@1 89.553 Prec@5 99.549             Loss 0.88673
Epoch [52] Training Class Recall: [0.971,0.978,0.833,0.773,0.758,0.574,0.642,0.576,0.422,0.480]
Epoch [52] Testing Results: Prec@1 57.500 Prec@5 90.690             Loss 1.45846
Epoch [52] Testing Class Recall: [0.952,0.988,0.761,0.714,0.444,0.342,0.628,0.556,0.235,0.130]
Epoch [53] Training Results: Prec@1 89.553 Prec@5 99.404             Loss 0.94440
Epoch [53] Training Class Recall: [0.969,0.976,0.821,0.773,0.791,0.587,0.642,0.597,0.482,0.420]
Epoch [53] Testing Results: Prec@1 60.210 Prec@5 92.660             Loss 1.29861
Epoch [53] Testing Class Recall: [0.936,0.992,0.614,0.800,0.412,0.429,0.615,0.281,0.556,0.386]
Epoch [54] Training Results: Prec@1 89.352 Prec@5 99.395             Loss 0.89074
Epoch [54] Training Class Recall: [0.968,0.976,0.836,0.758,0.761,0.522,0.668,0.626,0.494,0.540]
Epoch [54] Testing Results: Prec@1 51.220 Prec@5 92.000             Loss 1.69766
Epoch [54] Testing Class Recall: [0.986,0.931,0.714,0.430,0.553,0.284,0.475,0.410,0.176,0.163]
Epoch [55] Training Results: Prec@1 89.449 Prec@5 99.532             Loss 0.90057
Epoch [55] Training Class Recall: [0.968,0.974,0.842,0.758,0.805,0.501,0.647,0.532,0.590,0.460]
Epoch [55] Testing Results: Prec@1 61.750 Prec@5 92.460             Loss 1.25227
Epoch [55] Testing Class Recall: [0.943,0.992,0.705,0.509,0.711,0.624,0.439,0.290,0.485,0.477]
Epoch [56] Training Results: Prec@1 89.771 Prec@5 99.516             Loss 0.83731
Epoch [56] Training Class Recall: [0.973,0.972,0.842,0.759,0.803,0.561,0.591,0.590,0.602,0.540]
Epoch [56] Testing Results: Prec@1 60.020 Prec@5 91.950             Loss 1.45687
Epoch [56] Testing Class Recall: [0.945,0.991,0.760,0.805,0.457,0.521,0.672,0.334,0.436,0.081]
Epoch [57] Training Results: Prec@1 89.287 Prec@5 99.524             Loss 0.90600
Epoch [57] Training Class Recall: [0.968,0.972,0.822,0.797,0.777,0.553,0.591,0.532,0.554,0.360]
Epoch [57] Testing Results: Prec@1 56.320 Prec@5 87.910             Loss 1.59469
Epoch [57] Testing Class Recall: [0.895,0.990,0.864,0.462,0.670,0.395,0.805,0.338,0.109,0.104]
Epoch [58] Training Results: Prec@1 90.214 Prec@5 99.613             Loss 0.91627
Epoch [58] Training Class Recall: [0.972,0.976,0.851,0.779,0.778,0.581,0.707,0.561,0.542,0.500]
Epoch [58] Testing Results: Prec@1 59.470 Prec@5 93.370             Loss 1.31082
Epoch [58] Testing Class Recall: [0.964,0.991,0.684,0.759,0.594,0.397,0.518,0.464,0.277,0.299]
Epoch [59] Training Results: Prec@1 90.239 Prec@5 99.492             Loss 0.88455
Epoch [59] Training Class Recall: [0.975,0.980,0.831,0.786,0.769,0.633,0.629,0.554,0.687,0.480]
Epoch [59] Testing Results: Prec@1 55.930 Prec@5 93.160             Loss 1.46353
Epoch [59] Testing Class Recall: [0.961,0.989,0.832,0.477,0.337,0.538,0.660,0.286,0.372,0.141]
Epoch [60] Training Results: Prec@1 90.077 Prec@5 99.605             Loss 0.91127
Epoch [60] Training Class Recall: [0.971,0.980,0.841,0.775,0.757,0.594,0.690,0.619,0.566,0.500]
Epoch [60] Testing Results: Prec@1 57.750 Prec@5 91.470             Loss 1.37843
Epoch [60] Testing Class Recall: [0.989,0.953,0.720,0.675,0.477,0.444,0.555,0.298,0.354,0.310]
Epoch [61] Training Results: Prec@1 90.142 Prec@5 99.613             Loss 0.88286
Epoch [61] Training Class Recall: [0.971,0.974,0.844,0.780,0.781,0.561,0.716,0.640,0.554,0.580]
Epoch [61] Testing Results: Prec@1 62.190 Prec@5 92.900             Loss 1.26279
Epoch [61] Testing Class Recall: [0.937,0.991,0.719,0.624,0.580,0.428,0.441,0.743,0.617,0.139]
Epoch [62] Training Results: Prec@1 90.231 Prec@5 99.476             Loss 0.90290
Epoch [62] Training Class Recall: [0.970,0.977,0.846,0.782,0.806,0.587,0.647,0.561,0.675,0.460]
Epoch [62] Testing Results: Prec@1 60.570 Prec@5 91.180             Loss 1.31423
Epoch [62] Testing Class Recall: [0.836,0.984,0.905,0.729,0.554,0.502,0.195,0.291,0.607,0.454]
Epoch [63] Training Results: Prec@1 90.271 Prec@5 99.500             Loss 0.91445
Epoch [63] Training Class Recall: [0.970,0.978,0.860,0.779,0.820,0.574,0.603,0.547,0.530,0.480]
Epoch [63] Testing Results: Prec@1 58.270 Prec@5 91.920             Loss 1.45066
Epoch [63] Testing Class Recall: [0.978,0.983,0.751,0.529,0.621,0.342,0.561,0.503,0.412,0.147]
Epoch [64] Training Results: Prec@1 90.400 Prec@5 99.573             Loss 0.87918
Epoch [64] Training Class Recall: [0.967,0.977,0.865,0.773,0.808,0.594,0.647,0.540,0.687,0.620]
Epoch [64] Testing Results: Prec@1 57.160 Prec@5 89.940             Loss 1.59089
Epoch [64] Testing Class Recall: [0.972,0.985,0.797,0.568,0.568,0.537,0.528,0.380,0.288,0.093]
Epoch [65] Training Results: Prec@1 90.601 Prec@5 99.637             Loss 0.91163
Epoch [65] Training Class Recall: [0.970,0.975,0.855,0.781,0.836,0.579,0.716,0.619,0.602,0.580]
Epoch [65] Testing Results: Prec@1 59.770 Prec@5 92.600             Loss 1.37404
Epoch [65] Testing Class Recall: [0.989,0.960,0.639,0.680,0.606,0.509,0.512,0.597,0.215,0.270]
Epoch [66] Training Results: Prec@1 90.545 Prec@5 99.629             Loss 0.88265
Epoch [66] Training Class Recall: [0.970,0.978,0.858,0.806,0.792,0.568,0.629,0.640,0.627,0.520]
Epoch [66] Testing Results: Prec@1 66.510 Prec@5 92.810             Loss 1.17323
Epoch [66] Testing Class Recall: [0.965,0.988,0.789,0.607,0.693,0.647,0.738,0.629,0.339,0.256]
Epoch [67] Training Results: Prec@1 90.642 Prec@5 99.492             Loss 0.90240
Epoch [67] Training Class Recall: [0.975,0.978,0.852,0.795,0.803,0.581,0.672,0.561,0.602,0.440]
Epoch [67] Testing Results: Prec@1 61.320 Prec@5 91.750             Loss 1.31073
Epoch [67] Testing Class Recall: [0.962,0.989,0.621,0.756,0.710,0.374,0.594,0.568,0.067,0.491]
Epoch [68] Training Results: Prec@1 90.690 Prec@5 99.557             Loss 0.88124
Epoch [68] Training Class Recall: [0.970,0.978,0.856,0.797,0.814,0.556,0.703,0.626,0.639,0.600]
Epoch [68] Testing Results: Prec@1 56.050 Prec@5 87.100             Loss 1.61024
Epoch [68] Testing Class Recall: [0.947,0.988,0.751,0.798,0.624,0.590,0.404,0.190,0.248,0.065]
Epoch [69] Training Results: Prec@1 90.827 Prec@5 99.694             Loss 0.91579
Epoch [69] Training Class Recall: [0.973,0.978,0.866,0.787,0.792,0.607,0.711,0.583,0.602,0.560]
Epoch [69] Testing Results: Prec@1 55.160 Prec@5 85.360             Loss 1.74940
Epoch [69] Testing Class Recall: [0.907,0.989,0.855,0.764,0.629,0.260,0.536,0.446,0.098,0.032]
Epoch [70] Training Results: Prec@1 90.787 Prec@5 99.629             Loss 0.93386
Epoch [70] Training Class Recall: [0.973,0.980,0.857,0.797,0.808,0.592,0.668,0.597,0.554,0.560]
Epoch [70] Testing Results: Prec@1 61.300 Prec@5 92.250             Loss 1.32019
Epoch [70] Testing Class Recall: [0.949,0.992,0.859,0.464,0.632,0.613,0.423,0.399,0.469,0.330]
Epoch [71] Training Results: Prec@1 90.819 Prec@5 99.670             Loss 0.90555
Epoch [71] Training Class Recall: [0.973,0.975,0.863,0.802,0.819,0.592,0.647,0.590,0.639,0.480]
Epoch [71] Testing Results: Prec@1 59.280 Prec@5 92.900             Loss 1.34350
Epoch [71] Testing Class Recall: [0.970,0.972,0.764,0.341,0.675,0.497,0.492,0.400,0.195,0.622]
Epoch [72] Training Results: Prec@1 90.609 Prec@5 99.565             Loss 0.85540
Epoch [72] Training Class Recall: [0.970,0.979,0.846,0.801,0.781,0.602,0.720,0.590,0.699,0.600]
Epoch [72] Testing Results: Prec@1 57.360 Prec@5 92.450             Loss 1.48383
Epoch [72] Testing Class Recall: [0.981,0.983,0.773,0.298,0.473,0.557,0.657,0.466,0.332,0.216]
Epoch [73] Training Results: Prec@1 90.771 Prec@5 99.613             Loss 0.88081
Epoch [73] Training Class Recall: [0.974,0.976,0.851,0.809,0.788,0.612,0.672,0.597,0.614,0.640]
Epoch [73] Testing Results: Prec@1 58.520 Prec@5 90.730             Loss 1.42944
Epoch [73] Testing Class Recall: [0.898,0.995,0.853,0.685,0.474,0.487,0.539,0.319,0.331,0.271]
Epoch [74] Training Results: Prec@1 91.440 Prec@5 99.678             Loss 0.87311
Epoch [74] Training Class Recall: [0.970,0.977,0.869,0.823,0.848,0.633,0.668,0.633,0.675,0.600]
Epoch [74] Testing Results: Prec@1 63.380 Prec@5 91.340             Loss 1.26493
Epoch [74] Testing Class Recall: [0.957,0.947,0.849,0.556,0.674,0.407,0.847,0.405,0.401,0.295]
Epoch [75] Training Results: Prec@1 91.343 Prec@5 99.750             Loss 0.91101
Epoch [75] Training Class Recall: [0.973,0.975,0.860,0.819,0.840,0.623,0.668,0.662,0.651,0.700]
Epoch [75] Testing Results: Prec@1 62.170 Prec@5 89.910             Loss 1.36159
Epoch [75] Testing Class Recall: [0.975,0.946,0.802,0.646,0.683,0.683,0.736,0.301,0.219,0.226]
Epoch [76] Training Results: Prec@1 90.803 Prec@5 99.613             Loss 0.83963
Epoch [76] Training Class Recall: [0.973,0.975,0.854,0.790,0.836,0.615,0.681,0.597,0.602,0.500]
Epoch [76] Testing Results: Prec@1 65.920 Prec@5 93.960             Loss 1.15917
Epoch [76] Testing Class Recall: [0.965,0.989,0.688,0.631,0.797,0.607,0.669,0.528,0.234,0.484]
Epoch [77] Training Results: Prec@1 91.480 Prec@5 99.581             Loss 0.87723
Epoch [77] Training Class Recall: [0.971,0.985,0.860,0.819,0.842,0.625,0.724,0.655,0.566,0.540]
Epoch [77] Testing Results: Prec@1 63.910 Prec@5 93.930             Loss 1.21646
Epoch [77] Testing Class Recall: [0.956,0.972,0.473,0.851,0.820,0.551,0.496,0.676,0.321,0.275]
Epoch [78] Training Results: Prec@1 91.415 Prec@5 99.670             Loss 0.86256
Epoch [78] Training Class Recall: [0.974,0.980,0.864,0.822,0.820,0.607,0.703,0.612,0.663,0.580]
Epoch [78] Testing Results: Prec@1 60.320 Prec@5 90.550             Loss 1.36879
Epoch [78] Testing Class Recall: [0.975,0.965,0.549,0.700,0.750,0.730,0.288,0.335,0.213,0.527]
Epoch [79] Training Results: Prec@1 91.246 Prec@5 99.686             Loss 0.84681
Epoch [79] Training Class Recall: [0.975,0.976,0.863,0.774,0.862,0.643,0.716,0.633,0.566,0.560]
Epoch [79] Testing Results: Prec@1 62.150 Prec@5 91.080             Loss 1.35564
Epoch [79] Testing Class Recall: [0.970,0.978,0.567,0.833,0.740,0.519,0.702,0.461,0.361,0.084]
Epoch [80] Training Results: Prec@1 91.625 Prec@5 99.726             Loss 0.86888
Epoch [80] Training Class Recall: [0.974,0.980,0.864,0.824,0.845,0.592,0.759,0.640,0.675,0.480]
Epoch [80] Testing Results: Prec@1 58.930 Prec@5 92.940             Loss 1.39338
Epoch [80] Testing Class Recall: [0.980,0.960,0.738,0.515,0.551,0.399,0.711,0.405,0.296,0.338]
Epoch [81] Training Results: Prec@1 91.407 Prec@5 99.637             Loss 0.87344
Epoch [81] Training Class Recall: [0.979,0.976,0.854,0.825,0.822,0.610,0.698,0.633,0.627,0.560]
Epoch [81] Testing Results: Prec@1 64.580 Prec@5 92.050             Loss 1.24729
Epoch [81] Testing Class Recall: [0.934,0.983,0.742,0.849,0.869,0.415,0.593,0.483,0.264,0.326]
Epoch [82] Training Results: Prec@1 91.585 Prec@5 99.718             Loss 0.85793
Epoch [82] Training Class Recall: [0.975,0.981,0.885,0.796,0.823,0.615,0.711,0.604,0.614,0.640]
Epoch [82] Testing Results: Prec@1 69.450 Prec@5 94.310             Loss 1.02613
Epoch [82] Testing Class Recall: [0.971,0.965,0.761,0.653,0.777,0.689,0.498,0.593,0.551,0.487]
Epoch [83] Training Results: Prec@1 91.681 Prec@5 99.718             Loss 0.83673
Epoch [83] Training Class Recall: [0.976,0.978,0.864,0.816,0.856,0.605,0.728,0.633,0.699,0.600]
Epoch [83] Testing Results: Prec@1 58.900 Prec@5 90.300             Loss 1.47269
Epoch [83] Testing Class Recall: [0.947,0.997,0.751,0.691,0.694,0.550,0.428,0.422,0.297,0.113]
Epoch [84] Training Results: Prec@1 92.052 Prec@5 99.678             Loss 0.85324
Epoch [84] Training Class Recall: [0.974,0.978,0.878,0.834,0.822,0.682,0.707,0.705,0.747,0.540]
Epoch [84] Testing Results: Prec@1 66.310 Prec@5 92.200             Loss 1.22875
Epoch [84] Testing Class Recall: [0.972,0.990,0.563,0.628,0.656,0.643,0.827,0.756,0.136,0.460]
Epoch [85] Training Results: Prec@1 91.770 Prec@5 99.718             Loss 0.83493
Epoch [85] Training Class Recall: [0.974,0.976,0.866,0.827,0.843,0.625,0.720,0.655,0.759,0.680]
Epoch [85] Testing Results: Prec@1 64.270 Prec@5 91.890             Loss 1.23047
Epoch [85] Testing Class Recall: [0.960,0.987,0.557,0.599,0.684,0.807,0.774,0.258,0.380,0.421]
Epoch [86] Training Results: Prec@1 91.649 Prec@5 99.718             Loss 0.86794
Epoch [86] Training Class Recall: [0.976,0.975,0.866,0.819,0.833,0.623,0.763,0.647,0.675,0.540]
Epoch [86] Testing Results: Prec@1 63.410 Prec@5 89.400             Loss 1.34942
Epoch [86] Testing Class Recall: [0.930,0.993,0.737,0.563,0.844,0.677,0.773,0.515,0.117,0.192]
Epoch [87] Training Results: Prec@1 91.698 Prec@5 99.718             Loss 0.86884
Epoch [87] Training Class Recall: [0.972,0.975,0.883,0.834,0.809,0.649,0.655,0.748,0.614,0.560]
Epoch [87] Testing Results: Prec@1 62.100 Prec@5 92.660             Loss 1.35837
Epoch [87] Testing Class Recall: [0.982,0.943,0.680,0.810,0.642,0.440,0.523,0.531,0.114,0.545]
Epoch [88] Training Results: Prec@1 92.270 Prec@5 99.766             Loss 0.83777
Epoch [88] Training Class Recall: [0.973,0.980,0.894,0.838,0.828,0.643,0.746,0.655,0.699,0.640]
Epoch [88] Testing Results: Prec@1 63.480 Prec@5 91.710             Loss 1.30243
Epoch [88] Testing Class Recall: [0.979,0.984,0.753,0.627,0.378,0.668,0.348,0.778,0.424,0.409]
Epoch [89] Training Results: Prec@1 91.818 Prec@5 99.621             Loss 0.89188
Epoch [89] Training Class Recall: [0.976,0.981,0.867,0.817,0.817,0.659,0.694,0.712,0.747,0.660]
Epoch [89] Testing Results: Prec@1 62.340 Prec@5 93.060             Loss 1.28433
Epoch [89] Testing Class Recall: [0.973,0.985,0.812,0.700,0.644,0.409,0.414,0.595,0.352,0.350]
Epoch [90] Training Results: Prec@1 92.084 Prec@5 99.766             Loss 0.84080
Epoch [90] Training Class Recall: [0.972,0.981,0.880,0.830,0.842,0.643,0.707,0.698,0.735,0.660]
Epoch [90] Testing Results: Prec@1 64.800 Prec@5 92.770             Loss 1.23296
Epoch [90] Testing Class Recall: [0.973,0.974,0.777,0.704,0.556,0.547,0.754,0.399,0.397,0.399]
Epoch [91] Training Results: Prec@1 91.827 Prec@5 99.766             Loss 0.86109
Epoch [91] Training Class Recall: [0.973,0.978,0.876,0.808,0.845,0.641,0.780,0.655,0.687,0.680]
Epoch [91] Testing Results: Prec@1 63.780 Prec@5 93.730             Loss 1.19953
Epoch [91] Testing Class Recall: [0.985,0.946,0.821,0.431,0.721,0.497,0.609,0.566,0.305,0.497]
Epoch [92] Training Results: Prec@1 92.463 Prec@5 99.774             Loss 0.85967
Epoch [92] Training Class Recall: [0.976,0.981,0.880,0.825,0.848,0.672,0.724,0.698,0.855,0.700]
Epoch [92] Testing Results: Prec@1 66.180 Prec@5 92.250             Loss 1.14484
Epoch [92] Testing Class Recall: [0.965,0.978,0.765,0.625,0.793,0.630,0.313,0.464,0.422,0.663]
Epoch [93] Training Results: Prec@1 92.205 Prec@5 99.750             Loss 0.83298
Epoch [93] Training Class Recall: [0.974,0.983,0.886,0.816,0.857,0.625,0.707,0.712,0.735,0.620]
Epoch [93] Testing Results: Prec@1 56.300 Prec@5 90.170             Loss 1.58095
Epoch [93] Testing Class Recall: [0.989,0.968,0.727,0.726,0.584,0.389,0.414,0.581,0.157,0.095]
Epoch [94] Training Results: Prec@1 92.238 Prec@5 99.694             Loss 0.86533
Epoch [94] Training Class Recall: [0.974,0.981,0.892,0.818,0.850,0.641,0.698,0.727,0.759,0.540]
Epoch [94] Testing Results: Prec@1 62.680 Prec@5 92.700             Loss 1.24997
Epoch [94] Testing Class Recall: [0.898,0.967,0.922,0.671,0.509,0.357,0.405,0.461,0.600,0.478]
Epoch [95] Training Results: Prec@1 92.479 Prec@5 99.798             Loss 0.85828
Epoch [95] Training Class Recall: [0.972,0.984,0.888,0.864,0.840,0.610,0.750,0.734,0.735,0.480]
Epoch [95] Testing Results: Prec@1 58.200 Prec@5 90.310             Loss 1.48883
Epoch [95] Testing Class Recall: [0.987,0.985,0.656,0.703,0.707,0.635,0.388,0.420,0.199,0.140]
Epoch [96] Training Results: Prec@1 93.028 Prec@5 99.750             Loss 0.82049
Epoch [96] Training Class Recall: [0.977,0.986,0.884,0.861,0.860,0.672,0.767,0.712,0.759,0.580]
Epoch [96] Testing Results: Prec@1 65.680 Prec@5 92.130             Loss 1.22258
Epoch [96] Testing Class Recall: [0.970,0.970,0.555,0.831,0.779,0.558,0.723,0.539,0.427,0.216]
Epoch [97] Training Results: Prec@1 92.762 Prec@5 99.790             Loss 0.86221
Epoch [97] Training Class Recall: [0.982,0.985,0.885,0.832,0.850,0.646,0.759,0.691,0.675,0.680]
Epoch [97] Testing Results: Prec@1 61.580 Prec@5 90.880             Loss 1.34451
Epoch [97] Testing Class Recall: [0.962,0.986,0.774,0.685,0.424,0.437,0.841,0.459,0.322,0.268]
Epoch [98] Training Results: Prec@1 92.431 Prec@5 99.742             Loss 0.89834
Epoch [98] Training Class Recall: [0.974,0.981,0.882,0.848,0.839,0.677,0.767,0.698,0.723,0.480]
Epoch [98] Testing Results: Prec@1 67.870 Prec@5 92.980             Loss 1.11606
Epoch [98] Testing Class Recall: [0.874,0.992,0.875,0.631,0.635,0.601,0.814,0.742,0.300,0.323]
Epoch [99] Training Results: Prec@1 92.882 Prec@5 99.807             Loss 0.81317
Epoch [99] Training Class Recall: [0.976,0.983,0.893,0.829,0.871,0.693,0.750,0.727,0.747,0.680]
Epoch [99] Testing Results: Prec@1 66.370 Prec@5 91.700             Loss 1.20491
Epoch [99] Testing Class Recall: [0.909,0.993,0.720,0.837,0.702,0.555,0.869,0.492,0.223,0.337]
Epoch [100] Training Results: Prec@1 92.633 Prec@5 99.742             Loss 0.86089
Epoch [100] Training Class Recall: [0.976,0.987,0.881,0.825,0.879,0.667,0.733,0.655,0.771,0.680]
Epoch [100] Testing Results: Prec@1 65.520 Prec@5 91.350             Loss 1.29133
Epoch [100] Testing Class Recall: [0.921,0.990,0.700,0.791,0.804,0.464,0.740,0.693,0.383,0.066]
Epoch [101] Training Results: Prec@1 92.633 Prec@5 99.774             Loss 0.89186
Epoch [101] Training Class Recall: [0.978,0.985,0.881,0.822,0.885,0.651,0.737,0.719,0.723,0.580]
Epoch [101] Testing Results: Prec@1 66.080 Prec@5 92.150             Loss 1.17041
Epoch [101] Testing Class Recall: [0.940,0.981,0.779,0.641,0.863,0.416,0.449,0.595,0.296,0.648]
Epoch [102] Training Results: Prec@1 92.657 Prec@5 99.710             Loss 0.84594
Epoch [102] Training Class Recall: [0.979,0.983,0.880,0.843,0.851,0.654,0.780,0.698,0.663,0.580]
Epoch [102] Testing Results: Prec@1 66.100 Prec@5 94.250             Loss 1.10647
Epoch [102] Testing Class Recall: [0.971,0.977,0.646,0.660,0.817,0.527,0.328,0.698,0.559,0.427]
Epoch [103] Training Results: Prec@1 93.189 Prec@5 99.807             Loss 0.83630
Epoch [103] Training Class Recall: [0.976,0.985,0.896,0.851,0.884,0.677,0.733,0.777,0.627,0.780]
Epoch [103] Testing Results: Prec@1 61.870 Prec@5 91.310             Loss 1.34085
Epoch [103] Testing Class Recall: [0.960,0.969,0.519,0.827,0.770,0.743,0.128,0.475,0.359,0.437]
Epoch [104] Training Results: Prec@1 92.326 Prec@5 99.823             Loss 0.85078
Epoch [104] Training Class Recall: [0.975,0.983,0.868,0.837,0.859,0.687,0.685,0.719,0.711,0.660]
Epoch [104] Testing Results: Prec@1 64.780 Prec@5 91.140             Loss 1.28691
Epoch [104] Testing Class Recall: [0.903,0.991,0.839,0.763,0.855,0.607,0.486,0.406,0.348,0.280]
Epoch [105] Training Results: Prec@1 92.842 Prec@5 99.815             Loss 0.82811
Epoch [105] Training Class Recall: [0.979,0.981,0.867,0.856,0.859,0.677,0.793,0.770,0.771,0.660]
Epoch [105] Testing Results: Prec@1 62.290 Prec@5 92.300             Loss 1.30917
Epoch [105] Testing Class Recall: [0.962,0.983,0.802,0.802,0.672,0.373,0.576,0.354,0.182,0.523]
Epoch [106] Training Results: Prec@1 92.633 Prec@5 99.774             Loss 0.81802
Epoch [106] Training Class Recall: [0.969,0.980,0.886,0.854,0.874,0.685,0.754,0.741,0.711,0.620]
Epoch [106] Testing Results: Prec@1 62.810 Prec@5 88.100             Loss 1.42458
Epoch [106] Testing Class Recall: [0.942,0.974,0.805,0.632,0.809,0.650,0.774,0.434,0.205,0.056]
Epoch [107] Training Results: Prec@1 93.181 Prec@5 99.726             Loss 0.85495
Epoch [107] Training Class Recall: [0.977,0.980,0.899,0.865,0.859,0.690,0.759,0.748,0.723,0.640]
Epoch [107] Testing Results: Prec@1 64.050 Prec@5 93.920             Loss 1.19566
Epoch [107] Testing Class Recall: [0.974,0.940,0.766,0.642,0.570,0.534,0.559,0.384,0.417,0.619]
Epoch [108] Training Results: Prec@1 92.818 Prec@5 99.734             Loss 0.86879
Epoch [108] Training Class Recall: [0.975,0.982,0.885,0.852,0.856,0.680,0.741,0.777,0.711,0.700]
Epoch [108] Testing Results: Prec@1 67.460 Prec@5 93.540             Loss 1.09646
Epoch [108] Testing Class Recall: [0.927,0.973,0.706,0.790,0.628,0.715,0.632,0.568,0.432,0.375]
Epoch [109] Training Results: Prec@1 93.277 Prec@5 99.839             Loss 0.87115
Epoch [109] Training Class Recall: [0.979,0.981,0.879,0.879,0.870,0.705,0.802,0.727,0.699,0.700]
Epoch [109] Testing Results: Prec@1 65.260 Prec@5 92.270             Loss 1.20883
Epoch [109] Testing Class Recall: [0.967,0.976,0.709,0.646,0.540,0.701,0.874,0.597,0.251,0.265]
Epoch [110] Training Results: Prec@1 93.181 Prec@5 99.815             Loss 0.85529
Epoch [110] Training Class Recall: [0.978,0.982,0.891,0.858,0.879,0.656,0.810,0.770,0.687,0.620]
Epoch [110] Testing Results: Prec@1 63.920 Prec@5 91.770             Loss 1.26990
Epoch [110] Testing Class Recall: [0.959,0.991,0.799,0.521,0.728,0.826,0.401,0.531,0.208,0.428]
Epoch [111] Training Results: Prec@1 93.398 Prec@5 99.766             Loss 0.82715
Epoch [111] Training Class Recall: [0.979,0.983,0.890,0.854,0.870,0.703,0.815,0.784,0.735,0.740]
Epoch [111] Testing Results: Prec@1 63.730 Prec@5 89.300             Loss 1.38751
Epoch [111] Testing Class Recall: [0.962,0.992,0.798,0.787,0.806,0.467,0.674,0.452,0.371,0.064]
Epoch [112] Training Results: Prec@1 93.132 Prec@5 99.798             Loss 0.79280
Epoch [112] Training Class Recall: [0.978,0.985,0.877,0.866,0.868,0.685,0.797,0.705,0.723,0.720]
Epoch [112] Testing Results: Prec@1 70.800 Prec@5 94.890             Loss 0.95445
Epoch [112] Testing Class Recall: [0.918,0.987,0.826,0.678,0.734,0.395,0.713,0.712,0.600,0.517]
Epoch [113] Training Results: Prec@1 92.649 Prec@5 99.815             Loss 0.83173
Epoch [113] Training Class Recall: [0.970,0.982,0.869,0.874,0.881,0.654,0.797,0.748,0.699,0.680]
Epoch [113] Testing Results: Prec@1 64.980 Prec@5 88.940             Loss 1.34844
Epoch [113] Testing Class Recall: [0.909,0.987,0.860,0.691,0.780,0.538,0.726,0.660,0.114,0.233]
Epoch [114] Training Results: Prec@1 93.245 Prec@5 99.782             Loss 0.78603
Epoch [114] Training Class Recall: [0.979,0.986,0.899,0.844,0.843,0.685,0.780,0.755,0.795,0.680]
Epoch [114] Testing Results: Prec@1 62.080 Prec@5 91.520             Loss 1.42474
Epoch [114] Testing Class Recall: [0.977,0.986,0.841,0.620,0.771,0.541,0.450,0.616,0.124,0.282]
Epoch [115] Training Results: Prec@1 92.931 Prec@5 99.766             Loss 0.82005
Epoch [115] Training Class Recall: [0.975,0.984,0.893,0.846,0.873,0.693,0.728,0.719,0.651,0.680]
Epoch [115] Testing Results: Prec@1 58.840 Prec@5 92.430             Loss 1.43839
Epoch [115] Testing Class Recall: [0.954,0.988,0.606,0.772,0.416,0.319,0.340,0.528,0.252,0.709]
Epoch [116] Training Results: Prec@1 92.915 Prec@5 99.815             Loss 0.85147
Epoch [116] Training Class Recall: [0.972,0.985,0.885,0.858,0.890,0.646,0.772,0.719,0.807,0.600]
Epoch [116] Testing Results: Prec@1 64.300 Prec@5 90.870             Loss 1.29956
Epoch [116] Testing Class Recall: [0.967,0.978,0.847,0.682,0.696,0.473,0.728,0.487,0.311,0.261]
Epoch [117] Training Results: Prec@1 92.488 Prec@5 99.807             Loss 0.79722
Epoch [117] Training Class Recall: [0.977,0.982,0.872,0.843,0.842,0.672,0.767,0.719,0.711,0.580]
Epoch [117] Testing Results: Prec@1 65.560 Prec@5 91.950             Loss 1.23846
Epoch [117] Testing Class Recall: [0.953,0.983,0.763,0.569,0.871,0.631,0.582,0.661,0.255,0.288]
Epoch [118] Training Results: Prec@1 93.245 Prec@5 99.782             Loss 0.83967
Epoch [118] Training Class Recall: [0.979,0.977,0.896,0.840,0.891,0.713,0.784,0.734,0.711,0.720]
Epoch [118] Testing Results: Prec@1 64.050 Prec@5 92.860             Loss 1.23882
Epoch [118] Testing Class Recall: [0.960,0.982,0.541,0.498,0.682,0.826,0.507,0.549,0.340,0.520]
Epoch [119] Training Results: Prec@1 93.423 Prec@5 99.823             Loss 0.83438
Epoch [119] Training Class Recall: [0.975,0.986,0.895,0.847,0.884,0.716,0.763,0.813,0.747,0.800]
Epoch [119] Testing Results: Prec@1 63.420 Prec@5 92.690             Loss 1.30243
Epoch [119] Testing Class Recall: [0.986,0.977,0.800,0.419,0.626,0.733,0.510,0.670,0.252,0.369]
Epoch [120] Training Results: Prec@1 93.527 Prec@5 99.903             Loss 0.80843
Epoch [120] Training Class Recall: [0.973,0.984,0.891,0.877,0.899,0.739,0.763,0.770,0.711,0.640]
Epoch [120] Testing Results: Prec@1 72.570 Prec@5 94.840             Loss 0.93084
Epoch [120] Testing Class Recall: [0.833,0.955,0.881,0.588,0.776,0.371,0.732,0.664,0.612,0.845]
Epoch [121] Training Results: Prec@1 93.729 Prec@5 99.863             Loss 0.78050
Epoch [121] Training Class Recall: [0.974,0.986,0.914,0.861,0.890,0.703,0.802,0.741,0.807,0.660]
Epoch [121] Testing Results: Prec@1 63.890 Prec@5 93.620             Loss 1.23025
Epoch [121] Testing Class Recall: [0.993,0.981,0.600,0.708,0.562,0.610,0.672,0.520,0.363,0.380]
Epoch [122] Training Results: Prec@1 93.358 Prec@5 99.766             Loss 0.78490
Epoch [122] Training Class Recall: [0.976,0.986,0.895,0.844,0.881,0.705,0.849,0.683,0.807,0.660]
Epoch [122] Testing Results: Prec@1 65.110 Prec@5 92.530             Loss 1.25270
Epoch [122] Testing Class Recall: [0.946,0.994,0.860,0.748,0.613,0.321,0.518,0.681,0.363,0.467]
Epoch [123] Training Results: Prec@1 93.463 Prec@5 99.815             Loss 0.83692
Epoch [123] Training Class Recall: [0.977,0.987,0.894,0.851,0.874,0.708,0.802,0.734,0.867,0.640]
Epoch [123] Testing Results: Prec@1 68.140 Prec@5 91.800             Loss 1.13540
Epoch [123] Testing Class Recall: [0.893,0.982,0.780,0.846,0.771,0.620,0.716,0.434,0.521,0.251]
Epoch [124] Training Results: Prec@1 93.761 Prec@5 99.847             Loss 0.78625
Epoch [124] Training Class Recall: [0.973,0.986,0.906,0.864,0.902,0.700,0.841,0.806,0.711,0.680]
Epoch [124] Testing Results: Prec@1 60.820 Prec@5 92.320             Loss 1.44041
Epoch [124] Testing Class Recall: [0.979,0.991,0.764,0.490,0.579,0.679,0.477,0.581,0.304,0.238]
Epoch [125] Training Results: Prec@1 93.423 Prec@5 99.823             Loss 0.85461
Epoch [125] Training Class Recall: [0.972,0.985,0.896,0.866,0.876,0.731,0.806,0.763,0.771,0.660]
Epoch [125] Testing Results: Prec@1 61.120 Prec@5 87.630             Loss 1.43711
Epoch [125] Testing Class Recall: [0.897,0.974,0.917,0.605,0.515,0.710,0.637,0.324,0.321,0.212]
Epoch [126] Training Results: Prec@1 93.157 Prec@5 99.815             Loss 0.83192
Epoch [126] Training Class Recall: [0.973,0.986,0.902,0.840,0.868,0.716,0.793,0.712,0.723,0.680]
Epoch [126] Testing Results: Prec@1 69.230 Prec@5 93.180             Loss 1.06300
Epoch [126] Testing Class Recall: [0.946,0.988,0.827,0.560,0.820,0.682,0.714,0.622,0.443,0.321]
Epoch [127] Training Results: Prec@1 93.930 Prec@5 99.815             Loss 0.86193
Epoch [127] Training Class Recall: [0.980,0.988,0.895,0.862,0.901,0.718,0.845,0.748,0.759,0.680]
Epoch [127] Testing Results: Prec@1 56.370 Prec@5 92.350             Loss 1.50272
Epoch [127] Testing Class Recall: [0.987,0.972,0.715,0.461,0.659,0.625,0.322,0.377,0.253,0.266]
Epoch [128] Training Results: Prec@1 92.987 Prec@5 99.798             Loss 0.80652
Epoch [128] Training Class Recall: [0.973,0.984,0.891,0.841,0.867,0.747,0.716,0.719,0.795,0.700]
Epoch [128] Testing Results: Prec@1 70.390 Prec@5 93.790             Loss 1.01297
Epoch [128] Testing Class Recall: [0.927,0.956,0.730,0.855,0.854,0.483,0.694,0.553,0.446,0.541]
Epoch [129] Training Results: Prec@1 93.801 Prec@5 99.847             Loss 0.84513
Epoch [129] Training Class Recall: [0.980,0.984,0.887,0.870,0.884,0.721,0.810,0.791,0.855,0.780]
Epoch [129] Testing Results: Prec@1 65.740 Prec@5 91.330             Loss 1.23667
Epoch [129] Testing Class Recall: [0.963,0.989,0.815,0.667,0.802,0.565,0.325,0.637,0.436,0.375]
Epoch [130] Training Results: Prec@1 93.906 Prec@5 99.831             Loss 0.82828
Epoch [130] Training Class Recall: [0.976,0.984,0.895,0.875,0.895,0.721,0.853,0.770,0.819,0.800]
Epoch [130] Testing Results: Prec@1 56.480 Prec@5 90.790             Loss 1.67075
Epoch [130] Testing Class Recall: [0.992,0.967,0.803,0.571,0.647,0.381,0.635,0.351,0.187,0.114]
Epoch [131] Training Results: Prec@1 94.003 Prec@5 99.839             Loss 0.81474
Epoch [131] Training Class Recall: [0.979,0.985,0.916,0.853,0.868,0.724,0.853,0.791,0.819,0.660]
Epoch [131] Testing Results: Prec@1 63.470 Prec@5 91.040             Loss 1.31597
Epoch [131] Testing Class Recall: [0.984,0.977,0.769,0.692,0.737,0.711,0.512,0.518,0.304,0.143]
Epoch [132] Training Results: Prec@1 93.269 Prec@5 99.863             Loss 0.85071
Epoch [132] Training Class Recall: [0.970,0.985,0.913,0.834,0.868,0.726,0.810,0.748,0.831,0.620]
Epoch [132] Testing Results: Prec@1 63.800 Prec@5 90.410             Loss 1.34730
Epoch [132] Testing Class Recall: [0.982,0.986,0.725,0.756,0.779,0.610,0.589,0.516,0.262,0.175]
Epoch [133] Training Results: Prec@1 93.455 Prec@5 99.879             Loss 0.78413
Epoch [133] Training Class Recall: [0.979,0.985,0.897,0.843,0.870,0.724,0.836,0.712,0.747,0.640]
Epoch [133] Testing Results: Prec@1 56.000 Prec@5 88.930             Loss 1.68694
Epoch [133] Testing Class Recall: [0.982,0.993,0.720,0.676,0.378,0.582,0.510,0.505,0.166,0.088]
Epoch [134] Training Results: Prec@1 93.914 Prec@5 99.807             Loss 0.82309
Epoch [134] Training Class Recall: [0.977,0.989,0.895,0.880,0.884,0.705,0.836,0.784,0.771,0.700]
Epoch [134] Testing Results: Prec@1 63.460 Prec@5 92.270             Loss 1.31735
Epoch [134] Testing Class Recall: [0.982,0.975,0.748,0.661,0.707,0.574,0.564,0.515,0.199,0.421]
Epoch [135] Training Results: Prec@1 93.979 Prec@5 99.839             Loss 0.83699
Epoch [135] Training Class Recall: [0.979,0.986,0.914,0.863,0.891,0.713,0.793,0.755,0.807,0.680]
Epoch [135] Testing Results: Prec@1 65.980 Prec@5 92.770             Loss 1.14479
Epoch [135] Testing Class Recall: [0.961,0.988,0.663,0.707,0.625,0.681,0.519,0.799,0.270,0.385]
Epoch [136] Training Results: Prec@1 93.801 Prec@5 99.807             Loss 0.82590
Epoch [136] Training Class Recall: [0.977,0.986,0.905,0.845,0.890,0.736,0.763,0.856,0.771,0.860]
Epoch [136] Testing Results: Prec@1 68.900 Prec@5 93.990             Loss 1.05473
Epoch [136] Testing Class Recall: [0.946,0.977,0.731,0.878,0.700,0.393,0.620,0.586,0.619,0.440]
Epoch [137] Training Results: Prec@1 94.277 Prec@5 99.831             Loss 0.83063
Epoch [137] Training Class Recall: [0.982,0.986,0.913,0.867,0.905,0.669,0.823,0.856,0.819,0.720]
Epoch [137] Testing Results: Prec@1 65.620 Prec@5 92.110             Loss 1.25014
Epoch [137] Testing Class Recall: [0.967,0.986,0.746,0.770,0.570,0.669,0.613,0.571,0.383,0.287]
Epoch [138] Training Results: Prec@1 93.898 Prec@5 99.839             Loss 0.84839
Epoch [138] Training Class Recall: [0.980,0.986,0.897,0.882,0.865,0.718,0.836,0.799,0.735,0.620]
Epoch [138] Testing Results: Prec@1 63.190 Prec@5 92.080             Loss 1.32788
Epoch [138] Testing Class Recall: [0.983,0.985,0.696,0.665,0.742,0.511,0.475,0.532,0.338,0.392]
Epoch [139] Training Results: Prec@1 93.753 Prec@5 99.855             Loss 0.81231
Epoch [139] Training Class Recall: [0.983,0.984,0.893,0.867,0.870,0.711,0.823,0.770,0.771,0.620]
Epoch [139] Testing Results: Prec@1 67.780 Prec@5 93.430             Loss 1.13327
Epoch [139] Testing Class Recall: [0.969,0.975,0.805,0.640,0.667,0.675,0.553,0.746,0.325,0.423]
Epoch [140] Training Results: Prec@1 94.043 Prec@5 99.847             Loss 0.83252
Epoch [140] Training Class Recall: [0.977,0.989,0.906,0.858,0.899,0.755,0.832,0.727,0.795,0.660]
Epoch [140] Testing Results: Prec@1 68.920 Prec@5 93.400             Loss 1.06491
Epoch [140] Testing Class Recall: [0.953,0.960,0.814,0.674,0.610,0.741,0.638,0.442,0.487,0.573]
Epoch [141] Training Results: Prec@1 93.874 Prec@5 99.831             Loss 0.83905
Epoch [141] Training Class Recall: [0.978,0.989,0.899,0.886,0.876,0.734,0.780,0.748,0.699,0.620]
Epoch [141] Testing Results: Prec@1 64.850 Prec@5 91.980             Loss 1.26634
Epoch [141] Testing Class Recall: [0.940,0.998,0.782,0.659,0.785,0.567,0.710,0.423,0.401,0.220]
Epoch [142] Training Results: Prec@1 93.963 Prec@5 99.903             Loss 0.86724
Epoch [142] Training Class Recall: [0.981,0.988,0.895,0.877,0.878,0.731,0.789,0.763,0.747,0.800]
Epoch [142] Testing Results: Prec@1 63.200 Prec@5 92.510             Loss 1.35234
Epoch [142] Testing Class Recall: [0.985,0.988,0.764,0.730,0.784,0.426,0.653,0.474,0.149,0.367]
Epoch [143] Training Results: Prec@1 93.568 Prec@5 99.798             Loss 0.81436
Epoch [143] Training Class Recall: [0.976,0.987,0.904,0.867,0.868,0.713,0.806,0.727,0.675,0.680]
Epoch [143] Testing Results: Prec@1 66.630 Prec@5 93.950             Loss 1.16673
Epoch [143] Testing Class Recall: [0.979,0.979,0.763,0.649,0.764,0.473,0.687,0.558,0.295,0.516]
Epoch [144] Training Results: Prec@1 93.858 Prec@5 99.766             Loss 0.82278
Epoch [144] Training Class Recall: [0.977,0.986,0.893,0.878,0.902,0.731,0.802,0.784,0.723,0.660]
Epoch [144] Testing Results: Prec@1 69.220 Prec@5 92.650             Loss 1.05862
Epoch [144] Testing Class Recall: [0.850,0.988,0.857,0.646,0.866,0.517,0.807,0.570,0.476,0.345]
Epoch [145] Training Results: Prec@1 94.035 Prec@5 99.871             Loss 0.81416
Epoch [145] Training Class Recall: [0.975,0.989,0.903,0.879,0.881,0.736,0.815,0.777,0.831,0.760]
Epoch [145] Testing Results: Prec@1 66.810 Prec@5 92.350             Loss 1.19249
Epoch [145] Testing Class Recall: [0.961,0.991,0.681,0.753,0.512,0.677,0.829,0.668,0.327,0.282]
Epoch [146] Training Results: Prec@1 93.922 Prec@5 99.790             Loss 0.77370
Epoch [146] Training Class Recall: [0.979,0.987,0.905,0.876,0.887,0.685,0.802,0.763,0.759,0.740]
Epoch [146] Testing Results: Prec@1 64.140 Prec@5 91.460             Loss 1.26554
Epoch [146] Testing Class Recall: [0.925,0.990,0.923,0.580,0.793,0.431,0.639,0.522,0.290,0.321]
Epoch [147] Training Results: Prec@1 93.987 Prec@5 99.911             Loss 0.81011
Epoch [147] Training Class Recall: [0.977,0.986,0.906,0.858,0.901,0.742,0.819,0.835,0.711,0.740]
Epoch [147] Testing Results: Prec@1 66.020 Prec@5 92.150             Loss 1.23090
Epoch [147] Testing Class Recall: [0.946,0.990,0.864,0.566,0.721,0.606,0.730,0.444,0.461,0.274]
Epoch [148] Training Results: Prec@1 93.737 Prec@5 99.855             Loss 0.86003
Epoch [148] Training Class Recall: [0.977,0.986,0.913,0.837,0.879,0.757,0.802,0.777,0.759,0.700]
Epoch [148] Testing Results: Prec@1 63.140 Prec@5 91.170             Loss 1.36787
Epoch [148] Testing Class Recall: [0.973,0.991,0.737,0.770,0.824,0.371,0.677,0.323,0.334,0.314]
Epoch [149] Training Results: Prec@1 94.059 Prec@5 99.895             Loss 0.83600
Epoch [149] Training Class Recall: [0.980,0.983,0.899,0.865,0.895,0.749,0.836,0.820,0.783,0.800]
Epoch [149] Testing Results: Prec@1 66.430 Prec@5 92.180             Loss 1.17711
Epoch [149] Testing Class Recall: [0.962,0.982,0.747,0.733,0.862,0.653,0.518,0.369,0.354,0.463]
Epoch [150] Training Results: Prec@1 94.011 Prec@5 99.855             Loss 0.85183
Epoch [150] Training Class Recall: [0.983,0.984,0.910,0.854,0.904,0.734,0.772,0.755,0.771,0.640]
Epoch [150] Testing Results: Prec@1 65.590 Prec@5 92.770             Loss 1.17583
Epoch [150] Testing Class Recall: [0.889,0.997,0.752,0.797,0.670,0.664,0.604,0.520,0.320,0.346]
Epoch [151] Training Results: Prec@1 93.253 Prec@5 99.855             Loss 0.76391
Epoch [151] Training Class Recall: [0.975,0.979,0.893,0.855,0.870,0.760,0.797,0.676,0.843,0.640]
Epoch [151] Testing Results: Prec@1 65.000 Prec@5 91.180             Loss 1.32456
Epoch [151] Testing Class Recall: [0.909,0.992,0.892,0.646,0.717,0.416,0.721,0.588,0.379,0.240]
Epoch [152] Training Results: Prec@1 93.350 Prec@5 99.895             Loss 0.84884
Epoch [152] Training Class Recall: [0.977,0.983,0.909,0.840,0.882,0.677,0.784,0.770,0.771,0.620]
Epoch [152] Testing Results: Prec@1 70.320 Prec@5 93.970             Loss 1.04003
Epoch [152] Testing Class Recall: [0.970,0.963,0.849,0.514,0.793,0.790,0.731,0.514,0.470,0.438]
Epoch [153] Training Results: Prec@1 94.075 Prec@5 99.887             Loss 0.79995
Epoch [153] Training Class Recall: [0.978,0.986,0.914,0.844,0.904,0.742,0.832,0.827,0.795,0.680]
Epoch [153] Testing Results: Prec@1 63.050 Prec@5 92.270             Loss 1.31693
Epoch [153] Testing Class Recall: [0.982,0.988,0.803,0.702,0.598,0.514,0.502,0.559,0.248,0.409]
Epoch [154] Training Results: Prec@1 93.761 Prec@5 99.895             Loss 0.82730
Epoch [154] Training Class Recall: [0.976,0.986,0.904,0.864,0.874,0.716,0.836,0.784,0.771,0.700]
Epoch [154] Testing Results: Prec@1 65.360 Prec@5 91.630             Loss 1.26699
Epoch [154] Testing Class Recall: [0.957,0.980,0.793,0.799,0.752,0.521,0.422,0.744,0.158,0.410]
Epoch [155] Training Results: Prec@1 94.317 Prec@5 99.855             Loss 0.82264
Epoch [155] Training Class Recall: [0.983,0.983,0.908,0.872,0.918,0.731,0.802,0.770,0.735,0.800]
Epoch [155] Testing Results: Prec@1 64.160 Prec@5 91.080             Loss 1.31048
Epoch [155] Testing Class Recall: [0.952,0.968,0.878,0.819,0.793,0.259,0.602,0.385,0.366,0.394]
Epoch [156] Training Results: Prec@1 94.382 Prec@5 99.847             Loss 0.84435
Epoch [156] Training Class Recall: [0.981,0.987,0.910,0.862,0.874,0.783,0.858,0.806,0.843,0.740]
Epoch [156] Testing Results: Prec@1 64.730 Prec@5 90.730             Loss 1.29741
Epoch [156] Testing Class Recall: [0.977,0.991,0.627,0.691,0.824,0.697,0.528,0.599,0.145,0.394]
Epoch [157] Training Results: Prec@1 94.051 Prec@5 99.903             Loss 0.79061
Epoch [157] Training Class Recall: [0.976,0.986,0.895,0.873,0.891,0.770,0.849,0.835,0.771,0.680]
Epoch [157] Testing Results: Prec@1 61.250 Prec@5 91.270             Loss 1.40082
Epoch [157] Testing Class Recall: [0.972,0.969,0.879,0.701,0.693,0.441,0.427,0.518,0.215,0.310]
Epoch [158] Training Results: Prec@1 94.358 Prec@5 99.903             Loss 0.80166
Epoch [158] Training Class Recall: [0.976,0.988,0.913,0.890,0.922,0.703,0.841,0.770,0.711,0.780]
Epoch [158] Testing Results: Prec@1 58.140 Prec@5 89.120             Loss 1.57525
Epoch [158] Testing Class Recall: [0.990,0.968,0.747,0.627,0.489,0.793,0.395,0.382,0.255,0.168]
Epoch [159] Training Results: Prec@1 94.333 Prec@5 99.911             Loss 0.83651
Epoch [159] Training Class Recall: [0.977,0.984,0.920,0.864,0.902,0.755,0.866,0.770,0.807,0.760]
Epoch [159] Testing Results: Prec@1 68.930 Prec@5 92.780             Loss 1.08916
Epoch [159] Testing Class Recall: [0.964,0.965,0.711,0.727,0.889,0.518,0.461,0.782,0.291,0.585]
Epoch [160] Training Results: Prec@1 95.591 Prec@5 99.968             Loss 0.75843
Epoch [160] Training Class Recall: [0.980,0.986,0.927,0.894,0.960,0.819,0.884,0.906,0.819,0.880]
Epoch [160] Testing Results: Prec@1 71.560 Prec@5 94.270             Loss 1.00595
Epoch [160] Testing Class Recall: [0.971,0.984,0.845,0.741,0.800,0.652,0.720,0.634,0.339,0.470]
Epoch [161] Training Results: Prec@1 96.349 Prec@5 99.936             Loss 0.77771
Epoch [161] Training Class Recall: [0.987,0.989,0.949,0.898,0.952,0.801,0.909,0.906,0.880,0.940]
Epoch [161] Testing Results: Prec@1 71.730 Prec@5 94.120             Loss 1.00391
Epoch [161] Testing Class Recall: [0.973,0.987,0.831,0.766,0.802,0.665,0.701,0.658,0.342,0.448]
Epoch [162] Training Results: Prec@1 96.349 Prec@5 99.944             Loss 0.79093
Epoch [162] Training Class Recall: [0.987,0.988,0.942,0.902,0.960,0.827,0.927,0.935,0.867,0.800]
Epoch [162] Testing Results: Prec@1 71.180 Prec@5 94.030             Loss 1.02059
Epoch [162] Testing Class Recall: [0.970,0.990,0.840,0.765,0.794,0.645,0.702,0.646,0.315,0.451]
Epoch [163] Training Results: Prec@1 96.977 Prec@5 99.968             Loss 0.75458
Epoch [163] Training Class Recall: [0.988,0.993,0.955,0.926,0.963,0.845,0.914,0.899,0.916,0.840]
Epoch [163] Testing Results: Prec@1 71.340 Prec@5 94.230             Loss 1.00816
Epoch [163] Testing Class Recall: [0.978,0.989,0.837,0.746,0.788,0.643,0.700,0.602,0.379,0.472]
Epoch [164] Training Results: Prec@1 96.856 Prec@5 99.952             Loss 0.78485
Epoch [164] Training Class Recall: [0.988,0.990,0.953,0.917,0.967,0.848,0.909,0.914,0.892,0.880]
Epoch [164] Testing Results: Prec@1 71.970 Prec@5 94.250             Loss 1.00013
Epoch [164] Testing Class Recall: [0.977,0.988,0.835,0.761,0.804,0.675,0.729,0.624,0.376,0.428]
Epoch [165] Training Results: Prec@1 97.058 Prec@5 99.968             Loss 0.73515
Epoch [165] Training Class Recall: [0.992,0.992,0.952,0.920,0.964,0.850,0.909,0.906,0.904,0.940]
Epoch [165] Testing Results: Prec@1 71.570 Prec@5 94.030             Loss 1.02894
Epoch [165] Testing Class Recall: [0.974,0.988,0.865,0.745,0.804,0.667,0.714,0.648,0.385,0.367]
Epoch [166] Training Results: Prec@1 97.042 Prec@5 99.976             Loss 0.73654
Epoch [166] Training Class Recall: [0.988,0.994,0.950,0.931,0.961,0.858,0.918,0.906,0.892,0.860]
Epoch [166] Testing Results: Prec@1 72.540 Prec@5 94.340             Loss 0.98463
Epoch [166] Testing Class Recall: [0.976,0.988,0.856,0.763,0.807,0.661,0.708,0.659,0.381,0.455]
Epoch [167] Training Results: Prec@1 97.340 Prec@5 99.976             Loss 0.74519
Epoch [167] Training Class Recall: [0.991,0.993,0.955,0.940,0.963,0.866,0.922,0.950,0.940,0.820]
Epoch [167] Testing Results: Prec@1 72.290 Prec@5 94.220             Loss 0.99931
Epoch [167] Testing Class Recall: [0.975,0.988,0.850,0.763,0.802,0.673,0.744,0.631,0.382,0.421]
Epoch [168] Training Results: Prec@1 97.429 Prec@5 99.968             Loss 0.67252
Epoch [168] Training Class Recall: [0.992,0.995,0.959,0.935,0.969,0.863,0.935,0.906,0.940,0.780]
Epoch [168] Testing Results: Prec@1 72.640 Prec@5 94.380             Loss 0.98754
Epoch [168] Testing Class Recall: [0.975,0.988,0.841,0.778,0.822,0.666,0.703,0.637,0.406,0.448]
Epoch [169] Training Results: Prec@1 97.179 Prec@5 99.960             Loss 0.75464
Epoch [169] Training Class Recall: [0.989,0.993,0.952,0.942,0.958,0.860,0.914,0.892,0.928,0.880]
Epoch [169] Testing Results: Prec@1 72.230 Prec@5 94.380             Loss 1.00039
Epoch [169] Testing Class Recall: [0.981,0.988,0.855,0.742,0.806,0.671,0.744,0.613,0.410,0.413]
Epoch [170] Training Results: Prec@1 97.316 Prec@5 99.976             Loss 0.74113
Epoch [170] Training Class Recall: [0.990,0.993,0.955,0.935,0.963,0.860,0.944,0.935,0.916,0.880]
Epoch [170] Testing Results: Prec@1 71.530 Prec@5 94.350             Loss 1.02356
Epoch [170] Testing Class Recall: [0.981,0.988,0.846,0.734,0.790,0.682,0.713,0.623,0.389,0.407]
Epoch [171] Training Results: Prec@1 97.348 Prec@5 99.976             Loss 0.75463
Epoch [171] Training Class Recall: [0.991,0.994,0.958,0.932,0.957,0.873,0.927,0.928,0.928,0.820]
Epoch [171] Testing Results: Prec@1 72.080 Prec@5 94.100             Loss 1.01962
Epoch [171] Testing Class Recall: [0.982,0.988,0.843,0.762,0.804,0.687,0.741,0.646,0.397,0.358]
Epoch [172] Training Results: Prec@1 97.566 Prec@5 99.976             Loss 0.74884
Epoch [172] Training Class Recall: [0.993,0.995,0.955,0.945,0.961,0.858,0.944,0.928,0.928,0.880]
Epoch [172] Testing Results: Prec@1 72.920 Prec@5 94.450             Loss 0.98285
Epoch [172] Testing Class Recall: [0.979,0.988,0.850,0.764,0.797,0.698,0.703,0.663,0.386,0.464]
Epoch [173] Training Results: Prec@1 97.493 Prec@5 99.984             Loss 0.77128
Epoch [173] Training Class Recall: [0.991,0.993,0.961,0.933,0.967,0.873,0.948,0.914,0.940,0.860]
Epoch [173] Testing Results: Prec@1 72.790 Prec@5 94.470             Loss 0.99145
Epoch [173] Testing Class Recall: [0.984,0.988,0.845,0.774,0.814,0.665,0.731,0.610,0.418,0.450]
Epoch [174] Training Results: Prec@1 97.211 Prec@5 99.976             Loss 0.72019
Epoch [174] Training Class Recall: [0.989,0.995,0.955,0.942,0.953,0.873,0.918,0.871,0.916,0.840]
Epoch [174] Testing Results: Prec@1 72.100 Prec@5 94.300             Loss 1.01814
Epoch [174] Testing Class Recall: [0.982,0.988,0.847,0.762,0.804,0.677,0.722,0.634,0.397,0.397]
Epoch [175] Training Results: Prec@1 97.646 Prec@5 99.976             Loss 0.74695
Epoch [175] Training Class Recall: [0.992,0.994,0.958,0.947,0.971,0.876,0.940,0.921,0.964,0.860]
Epoch [175] Testing Results: Prec@1 71.820 Prec@5 94.140             Loss 1.02785
Epoch [175] Testing Class Recall: [0.974,0.994,0.840,0.765,0.811,0.661,0.732,0.625,0.382,0.398]
Epoch [176] Training Results: Prec@1 97.461 Prec@5 99.952             Loss 0.73745
Epoch [176] Training Class Recall: [0.990,0.991,0.959,0.949,0.963,0.871,0.948,0.914,0.928,0.920]
Epoch [176] Testing Results: Prec@1 72.350 Prec@5 94.380             Loss 1.00678
Epoch [176] Testing Class Recall: [0.982,0.988,0.838,0.776,0.817,0.672,0.747,0.608,0.441,0.366]
Epoch [177] Training Results: Prec@1 97.517 Prec@5 99.952             Loss 0.69952
Epoch [177] Training Class Recall: [0.991,0.995,0.958,0.942,0.964,0.876,0.927,0.921,0.952,0.920]
Epoch [177] Testing Results: Prec@1 72.310 Prec@5 94.190             Loss 1.00356
Epoch [177] Testing Class Recall: [0.978,0.988,0.850,0.790,0.814,0.645,0.765,0.585,0.426,0.390]
Epoch [178] Training Results: Prec@1 97.477 Prec@5 99.984             Loss 0.75502
Epoch [178] Training Class Recall: [0.990,0.993,0.962,0.941,0.974,0.853,0.931,0.921,0.964,0.860]
Epoch [178] Testing Results: Prec@1 72.660 Prec@5 94.340             Loss 1.00022
Epoch [178] Testing Class Recall: [0.978,0.989,0.835,0.785,0.817,0.672,0.736,0.649,0.408,0.397]
Epoch [179] Training Results: Prec@1 97.590 Prec@5 99.976             Loss 0.75663
Epoch [179] Training Class Recall: [0.991,0.995,0.959,0.939,0.969,0.881,0.944,0.928,0.976,0.880]
Epoch [179] Testing Results: Prec@1 72.440 Prec@5 94.440             Loss 1.00739
Epoch [179] Testing Class Recall: [0.979,0.988,0.856,0.765,0.814,0.648,0.746,0.639,0.385,0.424]
Epoch [180] Training Results: Prec@1 97.727 Prec@5 99.984             Loss 0.71766
Epoch [180] Training Class Recall: [0.992,0.995,0.961,0.942,0.971,0.886,0.935,0.935,0.964,0.920]
Epoch [180] Testing Results: Prec@1 71.740 Prec@5 94.260             Loss 1.02518
Epoch [180] Testing Class Recall: [0.978,0.989,0.837,0.768,0.793,0.683,0.727,0.611,0.394,0.394]
Epoch [181] Training Results: Prec@1 97.880 Prec@5 99.992             Loss 0.74566
Epoch [181] Training Class Recall: [0.991,0.992,0.967,0.946,0.975,0.899,0.953,0.950,0.964,0.960]
Epoch [181] Testing Results: Prec@1 72.680 Prec@5 94.210             Loss 1.00380
Epoch [181] Testing Class Recall: [0.983,0.986,0.852,0.777,0.832,0.656,0.766,0.592,0.405,0.419]
Epoch [182] Training Results: Prec@1 97.799 Prec@5 99.976             Loss 0.71129
Epoch [182] Training Class Recall: [0.992,0.995,0.961,0.944,0.974,0.899,0.940,0.950,0.928,0.880]
Epoch [182] Testing Results: Prec@1 73.430 Prec@5 94.650             Loss 0.97017
Epoch [182] Testing Class Recall: [0.976,0.988,0.844,0.770,0.814,0.675,0.771,0.628,0.437,0.440]
Epoch [183] Training Results: Prec@1 97.808 Prec@5 99.992             Loss 0.70327
Epoch [183] Training Class Recall: [0.991,0.995,0.962,0.959,0.974,0.873,0.944,0.921,0.928,0.900]
Epoch [183] Testing Results: Prec@1 72.490 Prec@5 94.410             Loss 1.00548
Epoch [183] Testing Class Recall: [0.981,0.988,0.839,0.789,0.830,0.653,0.733,0.643,0.384,0.409]
Epoch [184] Training Results: Prec@1 97.525 Prec@5 99.960             Loss 0.69564
Epoch [184] Training Class Recall: [0.989,0.997,0.963,0.941,0.966,0.866,0.935,0.928,0.940,0.800]
Epoch [184] Testing Results: Prec@1 73.890 Prec@5 94.710             Loss 0.94377
Epoch [184] Testing Class Recall: [0.979,0.988,0.852,0.767,0.814,0.693,0.738,0.620,0.451,0.487]
Epoch [185] Training Results: Prec@1 97.920 Prec@5 99.976             Loss 0.73002
Epoch [185] Training Class Recall: [0.991,0.994,0.971,0.956,0.974,0.891,0.918,0.950,0.928,0.880]
Epoch [185] Testing Results: Prec@1 71.910 Prec@5 94.400             Loss 1.02233
Epoch [185] Testing Class Recall: [0.977,0.988,0.851,0.768,0.796,0.672,0.732,0.611,0.400,0.396]
Epoch [186] Training Results: Prec@1 97.751 Prec@5 99.976             Loss 0.70836
Epoch [186] Training Class Recall: [0.991,0.995,0.963,0.948,0.963,0.884,0.944,0.950,0.952,0.940]
Epoch [186] Testing Results: Prec@1 73.010 Prec@5 94.850             Loss 0.98552
Epoch [186] Testing Class Recall: [0.985,0.988,0.850,0.762,0.806,0.674,0.725,0.667,0.432,0.412]
Epoch [187] Training Results: Prec@1 97.775 Prec@5 99.984             Loss 0.71942
Epoch [187] Training Class Recall: [0.991,0.995,0.965,0.948,0.972,0.884,0.940,0.906,0.940,0.980]
Epoch [187] Testing Results: Prec@1 71.790 Prec@5 93.990             Loss 1.03392
Epoch [187] Testing Class Recall: [0.979,0.988,0.847,0.777,0.808,0.674,0.737,0.605,0.386,0.378]
Epoch [188] Training Results: Prec@1 97.928 Prec@5 99.968             Loss 0.73808
Epoch [188] Training Class Recall: [0.992,0.994,0.964,0.954,0.977,0.902,0.940,0.928,0.964,0.920]
Epoch [188] Testing Results: Prec@1 71.510 Prec@5 94.220             Loss 1.04193
Epoch [188] Testing Class Recall: [0.985,0.988,0.848,0.769,0.786,0.664,0.741,0.614,0.322,0.434]
Epoch [189] Training Results: Prec@1 97.638 Prec@5 99.976             Loss 0.78257
Epoch [189] Training Class Recall: [0.991,0.994,0.958,0.953,0.967,0.879,0.931,0.935,0.940,0.880]
Epoch [189] Testing Results: Prec@1 72.960 Prec@5 94.380             Loss 0.98961
Epoch [189] Testing Class Recall: [0.976,0.988,0.847,0.777,0.837,0.671,0.752,0.634,0.423,0.391]
Epoch [190] Training Results: Prec@1 97.791 Prec@5 99.984             Loss 0.71041
Epoch [190] Training Class Recall: [0.989,0.995,0.964,0.959,0.969,0.881,0.940,0.942,0.940,0.920]
Epoch [190] Testing Results: Prec@1 73.260 Prec@5 94.470             Loss 0.97840
Epoch [190] Testing Class Recall: [0.978,0.988,0.849,0.773,0.827,0.679,0.749,0.596,0.428,0.459]
Epoch [191] Training Results: Prec@1 97.558 Prec@5 99.968             Loss 0.71470
Epoch [191] Training Class Recall: [0.990,0.995,0.960,0.944,0.957,0.889,0.922,0.957,0.940,0.880]
Epoch [191] Testing Results: Prec@1 72.600 Prec@5 94.400             Loss 1.00034
Epoch [191] Testing Class Recall: [0.984,0.988,0.843,0.778,0.814,0.665,0.726,0.628,0.402,0.432]
Epoch [192] Training Results: Prec@1 97.824 Prec@5 99.968             Loss 0.74601
Epoch [192] Training Class Recall: [0.992,0.995,0.964,0.950,0.969,0.884,0.953,0.921,0.940,0.860]
Epoch [192] Testing Results: Prec@1 73.080 Prec@5 94.510             Loss 0.98700
Epoch [192] Testing Class Recall: [0.979,0.988,0.836,0.779,0.822,0.679,0.731,0.645,0.392,0.457]
Epoch [193] Training Results: Prec@1 97.670 Prec@5 99.944             Loss 0.72964
Epoch [193] Training Class Recall: [0.993,0.995,0.963,0.939,0.964,0.891,0.931,0.906,0.952,0.820]
Epoch [193] Testing Results: Prec@1 73.120 Prec@5 94.380             Loss 0.98810
Epoch [193] Testing Class Recall: [0.979,0.988,0.845,0.786,0.823,0.669,0.766,0.591,0.408,0.457]
Epoch [194] Training Results: Prec@1 97.928 Prec@5 99.976             Loss 0.76221
Epoch [194] Training Class Recall: [0.993,0.996,0.963,0.952,0.971,0.891,0.940,0.935,0.952,0.900]
Epoch [194] Testing Results: Prec@1 73.510 Prec@5 94.410             Loss 0.97322
Epoch [194] Testing Class Recall: [0.971,0.988,0.853,0.789,0.835,0.664,0.778,0.631,0.446,0.396]
Epoch [195] Training Results: Prec@1 97.767 Prec@5 99.960             Loss 0.72727
Epoch [195] Training Class Recall: [0.991,0.995,0.961,0.955,0.971,0.881,0.961,0.935,0.928,0.860]
Epoch [195] Testing Results: Prec@1 72.400 Prec@5 94.030             Loss 1.02260
Epoch [195] Testing Class Recall: [0.969,0.991,0.868,0.773,0.823,0.657,0.760,0.606,0.424,0.369]
Epoch [196] Training Results: Prec@1 97.509 Prec@5 99.984             Loss 0.70798
Epoch [196] Training Class Recall: [0.991,0.993,0.967,0.942,0.963,0.855,0.927,0.921,0.976,0.820]
Epoch [196] Testing Results: Prec@1 73.360 Prec@5 94.640             Loss 0.98030
Epoch [196] Testing Class Recall: [0.976,0.988,0.865,0.776,0.811,0.649,0.771,0.659,0.425,0.416]
Epoch [197] Training Results: Prec@1 97.791 Prec@5 99.968             Loss 0.73753
Epoch [197] Training Class Recall: [0.991,0.996,0.964,0.947,0.971,0.868,0.944,0.978,0.952,0.920]
Epoch [197] Testing Results: Prec@1 72.820 Prec@5 94.660             Loss 0.99374
Epoch [197] Testing Class Recall: [0.977,0.988,0.871,0.735,0.802,0.665,0.758,0.644,0.407,0.435]
Epoch [198] Training Results: Prec@1 97.816 Prec@5 99.960             Loss 0.75056
Epoch [198] Training Class Recall: [0.990,0.997,0.964,0.949,0.978,0.886,0.940,0.950,0.940,0.860]
Epoch [198] Testing Results: Prec@1 73.240 Prec@5 94.440             Loss 0.98013
Epoch [198] Testing Class Recall: [0.972,0.990,0.853,0.781,0.841,0.646,0.762,0.617,0.439,0.423]
Epoch [199] Training Results: Prec@1 97.558 Prec@5 99.984             Loss 0.71786
Epoch [199] Training Class Recall: [0.990,0.994,0.962,0.944,0.966,0.868,0.953,0.928,0.928,0.880]
Epoch [199] Testing Results: Prec@1 73.440 Prec@5 94.620             Loss 0.96922
Epoch [199] Testing Class Recall: [0.973,0.989,0.861,0.778,0.815,0.666,0.729,0.653,0.427,0.453]