Log file: cifar10_lava0.9_erm_exp1.0_seed42_20260423_131102.log
Run started: 2026-04-23 13:11:02.162475
Dataset: cifar10
Imbalance type: exp, factor: 1.0
Selection method: lava, ratio: 0.9
Strategy: ERM, epochs: 200
Seed: 42, rand_number: 0
Augmentation: weak
============================================================

=> Preparing logger and tensorboard writer !
----------------------------------------------------
Class ID   | Original   | Selected   | Keep %  
----------------------------------------------------
0          | 4000       | 3810       |    95.2%
1          | 4000       | 3638       |    91.0%
2          | 4000       | 3523       |    88.1%
3          | 4000       | 3822       |    95.5%
4          | 4000       | 2891       |    72.3%
5          | 4000       | 3433       |    85.8%
6          | 4000       | 3866       |    96.7%
7          | 4000       | 3285       |    82.1%
8          | 4000       | 3951       |    98.8%
9          | 4000       | 3781       |    94.5%
----------------------------------------------------
TOTAL      | 40000      | 36000      |    90.0%
----------------------------------------------------
Epoch [0] Training Results: Prec@1 34.833 Prec@5 86.119             Loss 1.73781
Epoch [0] Training Class Recall: [0.381,0.467,0.190,0.229,0.202,0.276,0.442,0.333,0.467,0.442]
Epoch [0] Testing Results: Prec@1 40.360 Prec@5 89.320             Loss 1.68503
Epoch [0] Testing Class Recall: [0.375,0.613,0.282,0.619,0.095,0.348,0.615,0.106,0.763,0.220]
Epoch [1] Training Results: Prec@1 48.992 Prec@5 92.953             Loss 1.39783
Epoch [1] Training Class Recall: [0.511,0.634,0.320,0.327,0.280,0.403,0.618,0.520,0.615,0.605]
Epoch [1] Testing Results: Prec@1 50.850 Prec@5 94.760             Loss 1.34395
Epoch [1] Testing Class Recall: [0.417,0.583,0.411,0.589,0.098,0.479,0.612,0.612,0.900,0.384]
Epoch [2] Training Results: Prec@1 60.261 Prec@5 95.883             Loss 1.11389
Epoch [2] Training Class Recall: [0.636,0.787,0.449,0.398,0.397,0.480,0.710,0.617,0.741,0.742]
Epoch [2] Testing Results: Prec@1 60.650 Prec@5 95.910             Loss 1.21003
Epoch [2] Testing Class Recall: [0.224,0.839,0.439,0.432,0.405,0.568,0.821,0.595,0.916,0.826]
Epoch [3] Training Results: Prec@1 65.611 Prec@5 96.825             Loss 0.96804
Epoch [3] Training Class Recall: [0.696,0.830,0.498,0.474,0.500,0.525,0.742,0.661,0.793,0.783]
Epoch [3] Testing Results: Prec@1 58.910 Prec@5 94.120             Loss 1.20989
Epoch [3] Testing Class Recall: [0.706,0.887,0.617,0.656,0.333,0.471,0.798,0.163,0.848,0.412]
Epoch [4] Training Results: Prec@1 70.181 Prec@5 97.644             Loss 0.84835
Epoch [4] Training Class Recall: [0.733,0.859,0.564,0.533,0.571,0.591,0.773,0.703,0.821,0.820]
Epoch [4] Testing Results: Prec@1 66.130 Prec@5 97.210             Loss 1.02890
Epoch [4] Testing Class Recall: [0.853,0.922,0.593,0.592,0.392,0.183,0.863,0.721,0.807,0.687]
Epoch [5] Training Results: Prec@1 73.950 Prec@5 98.378             Loss 0.73962
Epoch [5] Training Class Recall: [0.772,0.875,0.613,0.597,0.637,0.626,0.801,0.755,0.849,0.831]
Epoch [5] Testing Results: Prec@1 68.140 Prec@5 96.400             Loss 1.05619
Epoch [5] Testing Class Recall: [0.711,0.936,0.521,0.719,0.256,0.589,0.898,0.481,0.800,0.903]
Epoch [6] Training Results: Prec@1 76.336 Prec@5 98.583             Loss 0.67456
Epoch [6] Training Class Recall: [0.793,0.884,0.647,0.615,0.682,0.650,0.820,0.775,0.867,0.863]
Epoch [6] Testing Results: Prec@1 74.410 Prec@5 97.850             Loss 0.77468
Epoch [6] Testing Class Recall: [0.826,0.963,0.625,0.537,0.532,0.490,0.864,0.882,0.892,0.830]
Epoch [7] Training Results: Prec@1 78.339 Prec@5 98.817             Loss 0.61966
Epoch [7] Training Class Recall: [0.814,0.894,0.675,0.642,0.707,0.663,0.837,0.804,0.887,0.876]
Epoch [7] Testing Results: Prec@1 68.530 Prec@5 97.260             Loss 0.98813
Epoch [7] Testing Class Recall: [0.758,0.850,0.632,0.855,0.548,0.464,0.709,0.877,0.545,0.615]
Epoch [8] Training Results: Prec@1 79.497 Prec@5 98.889             Loss 0.59323
Epoch [8] Training Class Recall: [0.828,0.903,0.697,0.659,0.730,0.668,0.851,0.816,0.889,0.878]
Epoch [8] Testing Results: Prec@1 74.920 Prec@5 98.360             Loss 0.74923
Epoch [8] Testing Class Recall: [0.686,0.887,0.663,0.619,0.720,0.706,0.585,0.805,0.891,0.930]
Epoch [9] Training Results: Prec@1 80.842 Prec@5 99.072             Loss 0.55262
Epoch [9] Training Class Recall: [0.831,0.913,0.707,0.682,0.755,0.705,0.856,0.826,0.897,0.885]
Epoch [9] Testing Results: Prec@1 80.640 Prec@5 99.130             Loss 0.57939
Epoch [9] Testing Class Recall: [0.861,0.902,0.650,0.656,0.702,0.822,0.886,0.826,0.869,0.890]
Epoch [10] Training Results: Prec@1 81.464 Prec@5 99.189             Loss 0.53051
Epoch [10] Training Class Recall: [0.845,0.912,0.729,0.693,0.755,0.701,0.864,0.825,0.900,0.893]
Epoch [10] Testing Results: Prec@1 76.780 Prec@5 98.880             Loss 0.67866
Epoch [10] Testing Class Recall: [0.779,0.921,0.857,0.469,0.552,0.724,0.777,0.927,0.771,0.901]
Epoch [11] Training Results: Prec@1 82.314 Prec@5 99.197             Loss 0.50675
Epoch [11] Training Class Recall: [0.846,0.918,0.746,0.701,0.766,0.718,0.869,0.841,0.903,0.897]
Epoch [11] Testing Results: Prec@1 75.170 Prec@5 97.810             Loss 0.79226
Epoch [11] Testing Class Recall: [0.857,0.857,0.747,0.545,0.632,0.637,0.591,0.839,0.845,0.967]
Epoch [12] Training Results: Prec@1 83.264 Prec@5 99.208             Loss 0.48345
Epoch [12] Training Class Recall: [0.857,0.918,0.761,0.720,0.783,0.732,0.874,0.848,0.910,0.897]
Epoch [12] Testing Results: Prec@1 79.210 Prec@5 98.750             Loss 0.63457
Epoch [12] Testing Class Recall: [0.863,0.916,0.748,0.630,0.605,0.790,0.724,0.891,0.835,0.919]
Epoch [13] Training Results: Prec@1 83.767 Prec@5 99.317             Loss 0.47160
Epoch [13] Training Class Recall: [0.865,0.920,0.767,0.724,0.778,0.738,0.883,0.857,0.915,0.905]
Epoch [13] Testing Results: Prec@1 75.960 Prec@5 97.870             Loss 0.81315
Epoch [13] Testing Class Recall: [0.576,0.939,0.661,0.599,0.790,0.665,0.766,0.797,0.971,0.832]
Epoch [14] Training Results: Prec@1 84.078 Prec@5 99.322             Loss 0.46443
Epoch [14] Training Class Recall: [0.862,0.927,0.781,0.720,0.798,0.743,0.883,0.861,0.912,0.900]
Epoch [14] Testing Results: Prec@1 77.730 Prec@5 98.680             Loss 0.65545
Epoch [14] Testing Class Recall: [0.860,0.891,0.709,0.752,0.784,0.457,0.933,0.677,0.937,0.773]
Epoch [15] Training Results: Prec@1 84.669 Prec@5 99.406             Loss 0.44549
Epoch [15] Training Class Recall: [0.878,0.931,0.780,0.735,0.805,0.743,0.877,0.864,0.920,0.913]
Epoch [15] Testing Results: Prec@1 78.370 Prec@5 98.910             Loss 0.67661
Epoch [15] Testing Class Recall: [0.791,0.896,0.658,0.566,0.855,0.691,0.973,0.670,0.810,0.927]
Epoch [16] Training Results: Prec@1 85.128 Prec@5 99.436             Loss 0.43482
Epoch [16] Training Class Recall: [0.875,0.925,0.781,0.744,0.815,0.761,0.890,0.875,0.919,0.911]
Epoch [16] Testing Results: Prec@1 78.240 Prec@5 98.740             Loss 0.67720
Epoch [16] Testing Class Recall: [0.845,0.924,0.763,0.357,0.740,0.731,0.951,0.879,0.727,0.907]
Epoch [17] Training Results: Prec@1 85.272 Prec@5 99.381             Loss 0.42877
Epoch [17] Training Class Recall: [0.880,0.935,0.789,0.732,0.817,0.751,0.893,0.873,0.922,0.915]
Epoch [17] Testing Results: Prec@1 76.500 Prec@5 99.200             Loss 0.73402
Epoch [17] Testing Class Recall: [0.758,0.969,0.630,0.926,0.700,0.328,0.686,0.849,0.955,0.849]
Epoch [18] Training Results: Prec@1 85.311 Prec@5 99.511             Loss 0.41870
Epoch [18] Training Class Recall: [0.871,0.934,0.788,0.744,0.810,0.759,0.889,0.875,0.926,0.915]
Epoch [18] Testing Results: Prec@1 79.770 Prec@5 98.630             Loss 0.63240
Epoch [18] Testing Class Recall: [0.825,0.912,0.815,0.575,0.617,0.669,0.909,0.835,0.962,0.858]
Epoch [19] Training Results: Prec@1 85.517 Prec@5 99.428             Loss 0.41845
Epoch [19] Training Class Recall: [0.873,0.929,0.793,0.751,0.817,0.768,0.892,0.875,0.921,0.915]
Epoch [19] Testing Results: Prec@1 80.330 Prec@5 99.050             Loss 0.59679
Epoch [19] Testing Class Recall: [0.913,0.913,0.616,0.552,0.855,0.874,0.799,0.860,0.807,0.844]
Epoch [20] Training Results: Prec@1 85.883 Prec@5 99.444             Loss 0.40402
Epoch [20] Training Class Recall: [0.882,0.935,0.794,0.759,0.826,0.764,0.894,0.876,0.924,0.916]
Epoch [20] Testing Results: Prec@1 75.940 Prec@5 99.070             Loss 0.71225
Epoch [20] Testing Class Recall: [0.761,0.947,0.943,0.738,0.757,0.482,0.526,0.783,0.904,0.753]
Epoch [21] Training Results: Prec@1 85.939 Prec@5 99.586             Loss 0.39696
Epoch [21] Training Class Recall: [0.878,0.934,0.797,0.749,0.826,0.766,0.901,0.883,0.923,0.919]
Epoch [21] Testing Results: Prec@1 79.820 Prec@5 97.900             Loss 0.67124
Epoch [21] Testing Class Recall: [0.873,0.953,0.878,0.564,0.846,0.472,0.765,0.854,0.871,0.906]
Epoch [22] Training Results: Prec@1 86.728 Prec@5 99.569             Loss 0.38544
Epoch [22] Training Class Recall: [0.885,0.938,0.818,0.765,0.835,0.770,0.904,0.893,0.928,0.922]
Epoch [22] Testing Results: Prec@1 83.380 Prec@5 99.390             Loss 0.48417
Epoch [22] Testing Class Recall: [0.926,0.947,0.672,0.651,0.876,0.857,0.816,0.822,0.895,0.876]
Epoch [23] Training Results: Prec@1 86.458 Prec@5 99.553             Loss 0.38875
Epoch [23] Training Class Recall: [0.888,0.938,0.799,0.758,0.830,0.769,0.902,0.890,0.933,0.921]
Epoch [23] Testing Results: Prec@1 81.100 Prec@5 99.090             Loss 0.59901
Epoch [23] Testing Class Recall: [0.910,0.966,0.862,0.515,0.701,0.724,0.902,0.866,0.864,0.800]
Epoch [24] Training Results: Prec@1 87.053 Prec@5 99.536             Loss 0.37254
Epoch [24] Training Class Recall: [0.888,0.944,0.808,0.772,0.844,0.781,0.907,0.891,0.929,0.925]
Epoch [24] Testing Results: Prec@1 82.880 Prec@5 99.280             Loss 0.52745
Epoch [24] Testing Class Recall: [0.823,0.966,0.856,0.700,0.859,0.765,0.804,0.840,0.905,0.770]
Epoch [25] Training Results: Prec@1 86.844 Prec@5 99.589             Loss 0.37564
Epoch [25] Training Class Recall: [0.883,0.937,0.811,0.769,0.833,0.787,0.902,0.898,0.928,0.920]
Epoch [25] Testing Results: Prec@1 79.910 Prec@5 98.880             Loss 0.63980
Epoch [25] Testing Class Recall: [0.864,0.791,0.857,0.729,0.811,0.759,0.798,0.650,0.872,0.860]
Epoch [26] Training Results: Prec@1 87.383 Prec@5 99.622             Loss 0.36134
Epoch [26] Training Class Recall: [0.898,0.941,0.818,0.778,0.843,0.785,0.913,0.887,0.934,0.923]
Epoch [26] Testing Results: Prec@1 77.370 Prec@5 97.920             Loss 0.73178
Epoch [26] Testing Class Recall: [0.523,0.767,0.844,0.673,0.769,0.788,0.916,0.822,0.743,0.892]
Epoch [27] Training Results: Prec@1 87.339 Prec@5 99.619             Loss 0.36294
Epoch [27] Training Class Recall: [0.893,0.940,0.823,0.786,0.836,0.792,0.905,0.887,0.928,0.925]
Epoch [27] Testing Results: Prec@1 80.320 Prec@5 98.930             Loss 0.59498
Epoch [27] Testing Class Recall: [0.930,0.961,0.680,0.858,0.584,0.681,0.845,0.873,0.808,0.812]
Epoch [28] Training Results: Prec@1 87.628 Prec@5 99.578             Loss 0.35425
Epoch [28] Training Class Recall: [0.901,0.946,0.818,0.777,0.851,0.791,0.913,0.892,0.940,0.919]
Epoch [28] Testing Results: Prec@1 77.950 Prec@5 97.840             Loss 0.71686
Epoch [28] Testing Class Recall: [0.952,0.841,0.765,0.719,0.638,0.297,0.819,0.925,0.883,0.956]
Epoch [29] Training Results: Prec@1 87.683 Prec@5 99.644             Loss 0.35319
Epoch [29] Training Class Recall: [0.902,0.941,0.823,0.776,0.845,0.790,0.916,0.898,0.937,0.924]
Epoch [29] Testing Results: Prec@1 81.310 Prec@5 99.050             Loss 0.61192
Epoch [29] Testing Class Recall: [0.920,0.906,0.597,0.654,0.869,0.847,0.761,0.805,0.941,0.831]
Epoch [30] Training Results: Prec@1 87.656 Prec@5 99.686             Loss 0.35251
Epoch [30] Training Class Recall: [0.891,0.942,0.820,0.782,0.850,0.806,0.911,0.897,0.934,0.920]
Epoch [30] Testing Results: Prec@1 82.930 Prec@5 99.000             Loss 0.52550
Epoch [30] Testing Class Recall: [0.900,0.913,0.872,0.770,0.653,0.615,0.793,0.911,0.941,0.925]
Epoch [31] Training Results: Prec@1 88.267 Prec@5 99.611             Loss 0.33760
Epoch [31] Training Class Recall: [0.903,0.943,0.842,0.792,0.858,0.794,0.913,0.895,0.944,0.927]
Epoch [31] Testing Results: Prec@1 79.460 Prec@5 98.870             Loss 0.67233
Epoch [31] Testing Class Recall: [0.873,0.735,0.831,0.396,0.805,0.706,0.842,0.940,0.836,0.982]
Epoch [32] Training Results: Prec@1 87.703 Prec@5 99.619             Loss 0.35378
Epoch [32] Training Class Recall: [0.885,0.940,0.831,0.787,0.851,0.800,0.915,0.895,0.931,0.921]
Epoch [32] Testing Results: Prec@1 81.400 Prec@5 99.190             Loss 0.55693
Epoch [32] Testing Class Recall: [0.775,0.924,0.777,0.385,0.738,0.890,0.907,0.927,0.874,0.943]
Epoch [33] Training Results: Prec@1 88.308 Prec@5 99.692             Loss 0.33590
Epoch [33] Training Class Recall: [0.896,0.947,0.835,0.790,0.852,0.802,0.920,0.904,0.939,0.930]
Epoch [33] Testing Results: Prec@1 81.000 Prec@5 99.060             Loss 0.58936
Epoch [33] Testing Class Recall: [0.842,0.969,0.718,0.514,0.697,0.759,0.874,0.978,0.898,0.851]
Epoch [34] Training Results: Prec@1 88.325 Prec@5 99.661             Loss 0.33584
Epoch [34] Training Class Recall: [0.902,0.946,0.837,0.794,0.851,0.799,0.923,0.900,0.937,0.926]
Epoch [34] Testing Results: Prec@1 80.160 Prec@5 98.610             Loss 0.61224
Epoch [34] Testing Class Recall: [0.902,0.963,0.811,0.612,0.620,0.842,0.591,0.916,0.862,0.897]
Epoch [35] Training Results: Prec@1 88.819 Prec@5 99.672             Loss 0.32861
Epoch [35] Training Class Recall: [0.906,0.948,0.833,0.804,0.863,0.816,0.916,0.904,0.939,0.939]
Epoch [35] Testing Results: Prec@1 77.900 Prec@5 99.020             Loss 0.71167
Epoch [35] Testing Class Recall: [0.780,0.954,0.912,0.695,0.809,0.464,0.726,0.805,0.888,0.757]
Epoch [36] Training Results: Prec@1 88.406 Prec@5 99.669             Loss 0.33216
Epoch [36] Training Class Recall: [0.907,0.945,0.835,0.792,0.861,0.804,0.918,0.903,0.937,0.925]
Epoch [36] Testing Results: Prec@1 81.480 Prec@5 99.150             Loss 0.61551
Epoch [36] Testing Class Recall: [0.915,0.843,0.673,0.710,0.773,0.769,0.900,0.852,0.959,0.754]
Epoch [37] Training Results: Prec@1 88.614 Prec@5 99.681             Loss 0.32759
Epoch [37] Training Class Recall: [0.902,0.953,0.841,0.797,0.856,0.804,0.918,0.905,0.942,0.928]
Epoch [37] Testing Results: Prec@1 83.790 Prec@5 99.220             Loss 0.50553
Epoch [37] Testing Class Recall: [0.848,0.725,0.834,0.628,0.831,0.788,0.939,0.915,0.950,0.921]
Epoch [38] Training Results: Prec@1 88.853 Prec@5 99.675             Loss 0.32099
Epoch [38] Training Class Recall: [0.902,0.948,0.847,0.805,0.865,0.809,0.922,0.900,0.940,0.933]
Epoch [38] Testing Results: Prec@1 82.800 Prec@5 99.220             Loss 0.55389
Epoch [38] Testing Class Recall: [0.694,0.942,0.903,0.562,0.751,0.852,0.899,0.826,0.896,0.955]
Epoch [39] Training Results: Prec@1 88.983 Prec@5 99.689             Loss 0.31667
Epoch [39] Training Class Recall: [0.911,0.947,0.847,0.803,0.863,0.813,0.921,0.902,0.943,0.933]
Epoch [39] Testing Results: Prec@1 84.250 Prec@5 99.300             Loss 0.49774
Epoch [39] Testing Class Recall: [0.867,0.938,0.754,0.686,0.763,0.835,0.838,0.934,0.967,0.843]
Epoch [40] Training Results: Prec@1 89.003 Prec@5 99.694             Loss 0.31316
Epoch [40] Training Class Recall: [0.903,0.950,0.842,0.813,0.861,0.815,0.917,0.907,0.941,0.936]
Epoch [40] Testing Results: Prec@1 85.370 Prec@5 99.450             Loss 0.42279
Epoch [40] Testing Class Recall: [0.868,0.940,0.757,0.824,0.812,0.752,0.869,0.878,0.937,0.900]
Epoch [41] Training Results: Prec@1 89.106 Prec@5 99.722             Loss 0.31259
Epoch [41] Training Class Recall: [0.905,0.946,0.839,0.812,0.872,0.825,0.924,0.906,0.938,0.931]
Epoch [41] Testing Results: Prec@1 79.830 Prec@5 98.770             Loss 0.62376
Epoch [41] Testing Class Recall: [0.757,0.970,0.819,0.773,0.743,0.645,0.895,0.874,0.690,0.817]
Epoch [42] Training Results: Prec@1 89.211 Prec@5 99.747             Loss 0.30989
Epoch [42] Training Class Recall: [0.910,0.953,0.843,0.807,0.874,0.814,0.920,0.910,0.938,0.940]
Epoch [42] Testing Results: Prec@1 82.920 Prec@5 99.230             Loss 0.55275
Epoch [42] Testing Class Recall: [0.890,0.898,0.640,0.806,0.888,0.765,0.923,0.774,0.873,0.835]
Epoch [43] Training Results: Prec@1 89.458 Prec@5 99.739             Loss 0.30678
Epoch [43] Training Class Recall: [0.911,0.951,0.852,0.806,0.871,0.829,0.922,0.909,0.944,0.938]
Epoch [43] Testing Results: Prec@1 82.270 Prec@5 99.120             Loss 0.55552
Epoch [43] Testing Class Recall: [0.909,0.822,0.837,0.675,0.613,0.674,0.889,0.938,0.937,0.933]
Epoch [44] Training Results: Prec@1 89.356 Prec@5 99.722             Loss 0.30484
Epoch [44] Training Class Recall: [0.909,0.949,0.852,0.814,0.868,0.813,0.927,0.908,0.945,0.937]
Epoch [44] Testing Results: Prec@1 82.940 Prec@5 99.130             Loss 0.54084
Epoch [44] Testing Class Recall: [0.901,0.928,0.750,0.686,0.871,0.845,0.900,0.710,0.860,0.843]
Epoch [45] Training Results: Prec@1 89.375 Prec@5 99.772             Loss 0.30781
Epoch [45] Training Class Recall: [0.910,0.952,0.850,0.809,0.872,0.816,0.929,0.911,0.943,0.933]
Epoch [45] Testing Results: Prec@1 82.800 Prec@5 99.030             Loss 0.54018
Epoch [45] Testing Class Recall: [0.811,0.915,0.792,0.709,0.685,0.753,0.941,0.787,0.916,0.971]
Epoch [46] Training Results: Prec@1 89.200 Prec@5 99.725             Loss 0.30928
Epoch [46] Training Class Recall: [0.904,0.951,0.844,0.812,0.869,0.820,0.928,0.907,0.940,0.932]
Epoch [46] Testing Results: Prec@1 82.480 Prec@5 99.350             Loss 0.54739
Epoch [46] Testing Class Recall: [0.750,0.787,0.754,0.841,0.819,0.560,0.886,0.924,0.948,0.979]
Epoch [47] Training Results: Prec@1 89.372 Prec@5 99.703             Loss 0.30272
Epoch [47] Training Class Recall: [0.912,0.947,0.854,0.810,0.872,0.817,0.923,0.911,0.940,0.938]
Epoch [47] Testing Results: Prec@1 83.350 Prec@5 99.410             Loss 0.53696
Epoch [47] Testing Class Recall: [0.915,0.864,0.673,0.744,0.847,0.881,0.912,0.715,0.941,0.843]
Epoch [48] Training Results: Prec@1 89.789 Prec@5 99.750             Loss 0.29621
Epoch [48] Training Class Recall: [0.918,0.949,0.855,0.826,0.872,0.822,0.924,0.918,0.944,0.938]
Epoch [48] Testing Results: Prec@1 84.270 Prec@5 99.420             Loss 0.49065
Epoch [48] Testing Class Recall: [0.845,0.947,0.770,0.691,0.902,0.833,0.838,0.827,0.945,0.829]
Epoch [49] Training Results: Prec@1 89.608 Prec@5 99.739             Loss 0.29469
Epoch [49] Training Class Recall: [0.917,0.955,0.851,0.813,0.865,0.822,0.928,0.911,0.946,0.938]
Epoch [49] Testing Results: Prec@1 84.350 Prec@5 99.350             Loss 0.47612
Epoch [49] Testing Class Recall: [0.874,0.915,0.718,0.803,0.814,0.705,0.839,0.939,0.882,0.946]
Epoch [50] Training Results: Prec@1 89.831 Prec@5 99.739             Loss 0.29677
Epoch [50] Training Class Recall: [0.912,0.951,0.857,0.829,0.872,0.833,0.926,0.911,0.942,0.938]
Epoch [50] Testing Results: Prec@1 79.470 Prec@5 99.050             Loss 0.70072
Epoch [50] Testing Class Recall: [0.868,0.890,0.799,0.687,0.709,0.640,0.983,0.641,0.915,0.815]
Epoch [51] Training Results: Prec@1 89.675 Prec@5 99.761             Loss 0.29447
Epoch [51] Training Class Recall: [0.917,0.951,0.859,0.807,0.878,0.816,0.930,0.911,0.946,0.939]
Epoch [51] Testing Results: Prec@1 83.250 Prec@5 98.970             Loss 0.53264
Epoch [51] Testing Class Recall: [0.932,0.904,0.852,0.686,0.693,0.849,0.841,0.771,0.837,0.960]
Epoch [52] Training Results: Prec@1 89.811 Prec@5 99.706             Loss 0.29419
Epoch [52] Training Class Recall: [0.914,0.954,0.859,0.822,0.871,0.828,0.926,0.908,0.947,0.938]
Epoch [52] Testing Results: Prec@1 83.380 Prec@5 99.170             Loss 0.53892
Epoch [52] Testing Class Recall: [0.778,0.962,0.827,0.808,0.813,0.668,0.794,0.895,0.971,0.822]
Epoch [53] Training Results: Prec@1 89.819 Prec@5 99.739             Loss 0.29228
Epoch [53] Training Class Recall: [0.917,0.948,0.858,0.828,0.869,0.829,0.928,0.912,0.940,0.939]
Epoch [53] Testing Results: Prec@1 81.790 Prec@5 98.290             Loss 0.63917
Epoch [53] Testing Class Recall: [0.681,0.967,0.504,0.652,0.864,0.815,0.905,0.907,0.961,0.923]
Epoch [54] Training Results: Prec@1 89.703 Prec@5 99.783             Loss 0.29121
Epoch [54] Training Class Recall: [0.908,0.949,0.859,0.822,0.871,0.825,0.925,0.912,0.948,0.937]
Epoch [54] Testing Results: Prec@1 79.990 Prec@5 98.860             Loss 0.62519
Epoch [54] Testing Class Recall: [0.781,0.845,0.876,0.760,0.742,0.661,0.514,0.926,0.960,0.934]
Epoch [55] Training Results: Prec@1 89.900 Prec@5 99.747             Loss 0.28909
Epoch [55] Training Class Recall: [0.911,0.955,0.856,0.820,0.873,0.831,0.927,0.918,0.946,0.941]
Epoch [55] Testing Results: Prec@1 83.580 Prec@5 99.190             Loss 0.53479
Epoch [55] Testing Class Recall: [0.891,0.804,0.810,0.835,0.867,0.653,0.873,0.761,0.898,0.966]
Epoch [56] Training Results: Prec@1 90.008 Prec@5 99.706             Loss 0.28571
Epoch [56] Training Class Recall: [0.915,0.956,0.858,0.825,0.871,0.835,0.928,0.913,0.944,0.941]
Epoch [56] Testing Results: Prec@1 85.630 Prec@5 99.400             Loss 0.44680
Epoch [56] Testing Class Recall: [0.888,0.929,0.748,0.732,0.921,0.759,0.870,0.835,0.921,0.960]
Epoch [57] Training Results: Prec@1 89.975 Prec@5 99.756             Loss 0.28659
Epoch [57] Training Class Recall: [0.914,0.952,0.857,0.825,0.872,0.835,0.925,0.913,0.947,0.943]
Epoch [57] Testing Results: Prec@1 82.800 Prec@5 98.820             Loss 0.57374
Epoch [57] Testing Class Recall: [0.939,0.964,0.704,0.695,0.725,0.604,0.908,0.945,0.874,0.922]
Epoch [58] Training Results: Prec@1 90.147 Prec@5 99.797             Loss 0.28285
Epoch [58] Training Class Recall: [0.920,0.956,0.858,0.821,0.882,0.834,0.929,0.912,0.946,0.943]
Epoch [58] Testing Results: Prec@1 81.780 Prec@5 99.240             Loss 0.58577
Epoch [58] Testing Class Recall: [0.907,0.919,0.850,0.837,0.748,0.546,0.778,0.804,0.956,0.833]
Epoch [59] Training Results: Prec@1 90.236 Prec@5 99.750             Loss 0.28274
Epoch [59] Training Class Recall: [0.921,0.952,0.873,0.824,0.882,0.828,0.929,0.916,0.949,0.937]
Epoch [59] Testing Results: Prec@1 84.770 Prec@5 99.450             Loss 0.46187
Epoch [59] Testing Class Recall: [0.821,0.899,0.749,0.854,0.894,0.775,0.818,0.773,0.973,0.921]
Epoch [60] Training Results: Prec@1 90.050 Prec@5 99.775             Loss 0.28242
Epoch [60] Training Class Recall: [0.913,0.958,0.860,0.823,0.874,0.834,0.929,0.910,0.946,0.944]
Epoch [60] Testing Results: Prec@1 82.650 Prec@5 98.740             Loss 0.55969
Epoch [60] Testing Class Recall: [0.777,0.970,0.856,0.704,0.738,0.533,0.894,0.916,0.939,0.938]
Epoch [61] Training Results: Prec@1 90.483 Prec@5 99.792             Loss 0.27124
Epoch [61] Training Class Recall: [0.914,0.956,0.867,0.831,0.887,0.845,0.934,0.918,0.946,0.940]
Epoch [61] Testing Results: Prec@1 81.830 Prec@5 99.010             Loss 0.62649
Epoch [61] Testing Class Recall: [0.807,0.834,0.865,0.650,0.808,0.509,0.937,0.891,0.895,0.987]
Epoch [62] Training Results: Prec@1 90.272 Prec@5 99.800             Loss 0.27914
Epoch [62] Training Class Recall: [0.913,0.952,0.857,0.831,0.883,0.845,0.935,0.915,0.945,0.939]
Epoch [62] Testing Results: Prec@1 81.590 Prec@5 98.800             Loss 0.65030
Epoch [62] Testing Class Recall: [0.858,0.927,0.740,0.388,0.920,0.652,0.945,0.937,0.970,0.822]
Epoch [63] Training Results: Prec@1 90.489 Prec@5 99.775             Loss 0.27524
Epoch [63] Training Class Recall: [0.917,0.951,0.868,0.833,0.889,0.846,0.930,0.920,0.949,0.938]
Epoch [63] Testing Results: Prec@1 85.810 Prec@5 99.460             Loss 0.47892
Epoch [63] Testing Class Recall: [0.911,0.931,0.783,0.804,0.835,0.842,0.903,0.811,0.938,0.823]
Epoch [64] Training Results: Prec@1 90.433 Prec@5 99.781             Loss 0.27521
Epoch [64] Training Class Recall: [0.916,0.958,0.867,0.831,0.884,0.839,0.927,0.917,0.950,0.943]
Epoch [64] Testing Results: Prec@1 84.910 Prec@5 99.190             Loss 0.48976
Epoch [64] Testing Class Recall: [0.933,0.935,0.859,0.730,0.772,0.598,0.908,0.927,0.889,0.940]
Epoch [65] Training Results: Prec@1 90.306 Prec@5 99.797             Loss 0.27879
Epoch [65] Training Class Recall: [0.910,0.956,0.868,0.823,0.885,0.840,0.934,0.920,0.943,0.942]
Epoch [65] Testing Results: Prec@1 83.180 Prec@5 99.340             Loss 0.52537
Epoch [65] Testing Class Recall: [0.812,0.944,0.870,0.870,0.728,0.721,0.774,0.799,0.917,0.883]
Epoch [66] Training Results: Prec@1 90.281 Prec@5 99.769             Loss 0.27654
Epoch [66] Training Class Recall: [0.918,0.955,0.862,0.827,0.878,0.835,0.935,0.910,0.950,0.945]
Epoch [66] Testing Results: Prec@1 85.070 Prec@5 99.510             Loss 0.46866
Epoch [66] Testing Class Recall: [0.887,0.834,0.843,0.747,0.827,0.734,0.909,0.853,0.913,0.960]
Epoch [67] Training Results: Prec@1 90.394 Prec@5 99.822             Loss 0.27271
Epoch [67] Training Class Recall: [0.922,0.954,0.868,0.825,0.885,0.839,0.931,0.915,0.947,0.940]
Epoch [67] Testing Results: Prec@1 85.060 Prec@5 99.390             Loss 0.45871
Epoch [67] Testing Class Recall: [0.926,0.918,0.724,0.850,0.839,0.690,0.874,0.849,0.918,0.918]
Epoch [68] Training Results: Prec@1 90.489 Prec@5 99.778             Loss 0.27219
Epoch [68] Training Class Recall: [0.919,0.951,0.872,0.825,0.890,0.838,0.931,0.922,0.952,0.939]
Epoch [68] Testing Results: Prec@1 84.870 Prec@5 99.540             Loss 0.46630
Epoch [68] Testing Class Recall: [0.846,0.932,0.856,0.834,0.743,0.681,0.848,0.912,0.947,0.888]
Epoch [69] Training Results: Prec@1 90.572 Prec@5 99.806             Loss 0.27224
Epoch [69] Training Class Recall: [0.920,0.957,0.871,0.834,0.889,0.835,0.927,0.925,0.948,0.941]
Epoch [69] Testing Results: Prec@1 83.120 Prec@5 99.310             Loss 0.53487
Epoch [69] Testing Class Recall: [0.867,0.975,0.642,0.778,0.621,0.751,0.920,0.961,0.940,0.857]
Epoch [70] Training Results: Prec@1 90.483 Prec@5 99.744             Loss 0.27232
Epoch [70] Training Class Recall: [0.912,0.956,0.869,0.834,0.884,0.836,0.935,0.921,0.946,0.946]
Epoch [70] Testing Results: Prec@1 85.070 Prec@5 99.410             Loss 0.50817
Epoch [70] Testing Class Recall: [0.793,0.912,0.775,0.832,0.763,0.779,0.969,0.852,0.921,0.911]
Epoch [71] Training Results: Prec@1 90.717 Prec@5 99.786             Loss 0.26757
Epoch [71] Training Class Recall: [0.926,0.960,0.871,0.839,0.877,0.845,0.929,0.924,0.944,0.943]
Epoch [71] Testing Results: Prec@1 84.820 Prec@5 99.400             Loss 0.48216
Epoch [71] Testing Class Recall: [0.927,0.931,0.748,0.795,0.707,0.859,0.925,0.841,0.928,0.821]
Epoch [72] Training Results: Prec@1 90.614 Prec@5 99.794             Loss 0.27045
Epoch [72] Training Class Recall: [0.921,0.958,0.863,0.837,0.886,0.838,0.937,0.922,0.952,0.935]
Epoch [72] Testing Results: Prec@1 84.400 Prec@5 99.050             Loss 0.50161
Epoch [72] Testing Class Recall: [0.905,0.935,0.802,0.708,0.789,0.715,0.915,0.853,0.878,0.940]
Epoch [73] Training Results: Prec@1 90.728 Prec@5 99.794             Loss 0.26857
Epoch [73] Training Class Recall: [0.921,0.957,0.872,0.837,0.888,0.849,0.932,0.925,0.943,0.941]
Epoch [73] Testing Results: Prec@1 83.680 Prec@5 99.470             Loss 0.51556
Epoch [73] Testing Class Recall: [0.825,0.923,0.834,0.919,0.872,0.571,0.795,0.787,0.953,0.889]
Epoch [74] Training Results: Prec@1 90.697 Prec@5 99.781             Loss 0.26989
Epoch [74] Training Class Recall: [0.926,0.956,0.873,0.835,0.889,0.829,0.939,0.918,0.953,0.939]
Epoch [74] Testing Results: Prec@1 84.250 Prec@5 99.260             Loss 0.50101
Epoch [74] Testing Class Recall: [0.732,0.926,0.784,0.797,0.857,0.756,0.726,0.929,0.958,0.960]
Epoch [75] Training Results: Prec@1 90.775 Prec@5 99.803             Loss 0.26245
Epoch [75] Training Class Recall: [0.923,0.957,0.866,0.838,0.882,0.849,0.932,0.921,0.948,0.948]
Epoch [75] Testing Results: Prec@1 84.000 Prec@5 99.400             Loss 0.52001
Epoch [75] Testing Class Recall: [0.807,0.894,0.851,0.816,0.765,0.618,0.951,0.849,0.878,0.971]
Epoch [76] Training Results: Prec@1 90.639 Prec@5 99.778             Loss 0.26773
Epoch [76] Training Class Recall: [0.916,0.957,0.869,0.837,0.883,0.843,0.933,0.918,0.954,0.942]
Epoch [76] Testing Results: Prec@1 84.360 Prec@5 99.210             Loss 0.52640
Epoch [76] Testing Class Recall: [0.788,0.954,0.805,0.815,0.765,0.685,0.946,0.850,0.969,0.859]
Epoch [77] Training Results: Prec@1 90.739 Prec@5 99.775             Loss 0.26875
Epoch [77] Training Class Recall: [0.924,0.954,0.867,0.841,0.888,0.840,0.935,0.922,0.950,0.940]
Epoch [77] Testing Results: Prec@1 82.460 Prec@5 99.240             Loss 0.54968
Epoch [77] Testing Class Recall: [0.689,0.840,0.839,0.801,0.773,0.855,0.758,0.791,0.968,0.932]
Epoch [78] Training Results: Prec@1 90.956 Prec@5 99.814             Loss 0.25849
Epoch [78] Training Class Recall: [0.922,0.957,0.874,0.838,0.896,0.845,0.939,0.920,0.945,0.951]
Epoch [78] Testing Results: Prec@1 81.060 Prec@5 99.120             Loss 0.65402
Epoch [78] Testing Class Recall: [0.715,0.885,0.804,0.732,0.581,0.896,0.881,0.783,0.925,0.904]
Epoch [79] Training Results: Prec@1 90.786 Prec@5 99.786             Loss 0.26361
Epoch [79] Training Class Recall: [0.926,0.956,0.866,0.833,0.888,0.836,0.935,0.927,0.954,0.946]
Epoch [79] Testing Results: Prec@1 83.200 Prec@5 99.330             Loss 0.54155
Epoch [79] Testing Class Recall: [0.936,0.881,0.611,0.912,0.828,0.601,0.828,0.920,0.918,0.885]
Epoch [80] Training Results: Prec@1 90.906 Prec@5 99.808             Loss 0.26049
Epoch [80] Training Class Recall: [0.922,0.954,0.872,0.836,0.892,0.847,0.931,0.925,0.955,0.946]
Epoch [80] Testing Results: Prec@1 85.500 Prec@5 99.360             Loss 0.48048
Epoch [80] Testing Class Recall: [0.842,0.983,0.776,0.737,0.873,0.687,0.955,0.856,0.927,0.914]
Epoch [81] Training Results: Prec@1 90.653 Prec@5 99.775             Loss 0.26792
Epoch [81] Training Class Recall: [0.921,0.960,0.873,0.832,0.891,0.843,0.929,0.917,0.943,0.946]
Epoch [81] Testing Results: Prec@1 84.080 Prec@5 99.180             Loss 0.54028
Epoch [81] Testing Class Recall: [0.834,0.954,0.800,0.608,0.779,0.869,0.883,0.846,0.887,0.948]
Epoch [82] Training Results: Prec@1 90.703 Prec@5 99.825             Loss 0.26503
Epoch [82] Training Class Recall: [0.920,0.955,0.872,0.830,0.883,0.846,0.931,0.924,0.954,0.942]
Epoch [82] Testing Results: Prec@1 81.010 Prec@5 98.920             Loss 0.63727
Epoch [82] Testing Class Recall: [0.877,0.840,0.856,0.740,0.771,0.637,0.961,0.748,0.742,0.929]
Epoch [83] Training Results: Prec@1 90.861 Prec@5 99.814             Loss 0.25893
Epoch [83] Training Class Recall: [0.924,0.956,0.868,0.846,0.888,0.843,0.939,0.918,0.947,0.944]
Epoch [83] Testing Results: Prec@1 85.750 Prec@5 99.320             Loss 0.48687
Epoch [83] Testing Class Recall: [0.834,0.958,0.793,0.659,0.877,0.826,0.909,0.865,0.976,0.878]
Epoch [84] Training Results: Prec@1 90.631 Prec@5 99.831             Loss 0.26631
Epoch [84] Training Class Recall: [0.917,0.956,0.867,0.833,0.886,0.844,0.939,0.919,0.951,0.939]
Epoch [84] Testing Results: Prec@1 82.930 Prec@5 99.130             Loss 0.56717
Epoch [84] Testing Class Recall: [0.929,0.885,0.834,0.638,0.702,0.644,0.888,0.906,0.964,0.903]
Epoch [85] Training Results: Prec@1 90.900 Prec@5 99.836             Loss 0.25570
Epoch [85] Training Class Recall: [0.921,0.959,0.884,0.838,0.884,0.847,0.936,0.913,0.950,0.945]
Epoch [85] Testing Results: Prec@1 84.940 Prec@5 99.370             Loss 0.52241
Epoch [85] Testing Class Recall: [0.905,0.875,0.816,0.663,0.801,0.913,0.859,0.820,0.960,0.882]
Epoch [86] Training Results: Prec@1 90.967 Prec@5 99.844             Loss 0.25347
Epoch [86] Training Class Recall: [0.921,0.959,0.875,0.844,0.884,0.843,0.935,0.923,0.954,0.945]
Epoch [86] Testing Results: Prec@1 85.470 Prec@5 99.460             Loss 0.46464
Epoch [86] Testing Class Recall: [0.936,0.940,0.747,0.832,0.859,0.766,0.836,0.911,0.792,0.928]
Epoch [87] Training Results: Prec@1 91.203 Prec@5 99.850             Loss 0.25337
Epoch [87] Training Class Recall: [0.929,0.960,0.881,0.847,0.896,0.846,0.931,0.920,0.952,0.948]
Epoch [87] Testing Results: Prec@1 83.570 Prec@5 99.140             Loss 0.53974
Epoch [87] Testing Class Recall: [0.960,0.950,0.728,0.661,0.805,0.928,0.705,0.836,0.907,0.877]
Epoch [88] Training Results: Prec@1 91.058 Prec@5 99.811             Loss 0.25636
Epoch [88] Training Class Recall: [0.925,0.954,0.870,0.841,0.895,0.847,0.940,0.922,0.950,0.951]
Epoch [88] Testing Results: Prec@1 84.880 Prec@5 99.330             Loss 0.49863
Epoch [88] Testing Class Recall: [0.611,0.964,0.919,0.811,0.885,0.724,0.854,0.893,0.952,0.875]
Epoch [89] Training Results: Prec@1 91.003 Prec@5 99.808             Loss 0.25605
Epoch [89] Training Class Recall: [0.917,0.956,0.866,0.841,0.887,0.857,0.938,0.929,0.952,0.946]
Epoch [89] Testing Results: Prec@1 82.140 Prec@5 98.970             Loss 0.61846
Epoch [89] Testing Class Recall: [0.833,0.847,0.802,0.818,0.901,0.809,0.767,0.836,0.959,0.642]
Epoch [90] Training Results: Prec@1 91.186 Prec@5 99.822             Loss 0.25452
Epoch [90] Training Class Recall: [0.925,0.960,0.877,0.844,0.890,0.851,0.936,0.926,0.951,0.947]
Epoch [90] Testing Results: Prec@1 83.740 Prec@5 99.360             Loss 0.54310
Epoch [90] Testing Class Recall: [0.761,0.855,0.756,0.535,0.957,0.838,0.932,0.829,0.931,0.980]
Epoch [91] Training Results: Prec@1 91.239 Prec@5 99.822             Loss 0.24905
Epoch [91] Training Class Recall: [0.919,0.958,0.877,0.846,0.898,0.856,0.942,0.921,0.952,0.946]
Epoch [91] Testing Results: Prec@1 84.400 Prec@5 98.690             Loss 0.54836
Epoch [91] Testing Class Recall: [0.893,0.920,0.804,0.679,0.908,0.516,0.912,0.921,0.977,0.910]
Epoch [92] Training Results: Prec@1 91.150 Prec@5 99.803             Loss 0.25508
Epoch [92] Training Class Recall: [0.925,0.958,0.885,0.838,0.899,0.844,0.939,0.921,0.950,0.946]
Epoch [92] Testing Results: Prec@1 81.790 Prec@5 99.290             Loss 0.61208
Epoch [92] Testing Class Recall: [0.790,0.929,0.660,0.395,0.813,0.947,0.863,0.895,0.930,0.957]
Epoch [93] Training Results: Prec@1 90.925 Prec@5 99.822             Loss 0.25819
Epoch [93] Training Class Recall: [0.925,0.957,0.875,0.846,0.891,0.845,0.934,0.916,0.951,0.942]
Epoch [93] Testing Results: Prec@1 83.720 Prec@5 98.810             Loss 0.53140
Epoch [93] Testing Class Recall: [0.870,0.927,0.801,0.778,0.818,0.504,0.912,0.857,0.969,0.936]
Epoch [94] Training Results: Prec@1 91.081 Prec@5 99.833             Loss 0.25475
Epoch [94] Training Class Recall: [0.925,0.962,0.883,0.840,0.888,0.846,0.932,0.922,0.953,0.945]
Epoch [94] Testing Results: Prec@1 82.710 Prec@5 99.190             Loss 0.56837
Epoch [94] Testing Class Recall: [0.781,0.928,0.659,0.905,0.657,0.747,0.904,0.914,0.898,0.878]
Epoch [95] Training Results: Prec@1 91.172 Prec@5 99.828             Loss 0.25438
Epoch [95] Training Class Recall: [0.924,0.958,0.871,0.846,0.890,0.852,0.939,0.927,0.952,0.947]
Epoch [95] Testing Results: Prec@1 84.570 Prec@5 99.360             Loss 0.47298
Epoch [95] Testing Class Recall: [0.832,0.979,0.864,0.829,0.695,0.724,0.905,0.862,0.893,0.874]
Epoch [96] Training Results: Prec@1 91.103 Prec@5 99.842             Loss 0.25568
Epoch [96] Training Class Recall: [0.927,0.960,0.879,0.850,0.899,0.839,0.931,0.923,0.951,0.942]
Epoch [96] Testing Results: Prec@1 81.920 Prec@5 98.710             Loss 0.65238
Epoch [96] Testing Class Recall: [0.878,0.880,0.783,0.752,0.932,0.753,0.652,0.924,0.856,0.782]
Epoch [97] Training Results: Prec@1 91.081 Prec@5 99.867             Loss 0.25337
Epoch [97] Training Class Recall: [0.922,0.963,0.880,0.845,0.887,0.842,0.935,0.922,0.951,0.948]
Epoch [97] Testing Results: Prec@1 84.430 Prec@5 99.310             Loss 0.51171
Epoch [97] Testing Class Recall: [0.819,0.938,0.818,0.556,0.869,0.903,0.895,0.867,0.824,0.954]
Epoch [98] Training Results: Prec@1 90.917 Prec@5 99.819             Loss 0.25473
Epoch [98] Training Class Recall: [0.921,0.957,0.876,0.834,0.892,0.851,0.939,0.921,0.946,0.944]
Epoch [98] Testing Results: Prec@1 84.890 Prec@5 99.350             Loss 0.48944
Epoch [98] Testing Class Recall: [0.912,0.970,0.751,0.513,0.910,0.812,0.877,0.927,0.933,0.884]
Epoch [99] Training Results: Prec@1 91.025 Prec@5 99.822             Loss 0.25465
Epoch [99] Training Class Recall: [0.926,0.959,0.876,0.836,0.890,0.842,0.937,0.925,0.955,0.946]
Epoch [99] Testing Results: Prec@1 85.190 Prec@5 99.300             Loss 0.48145
Epoch [99] Testing Class Recall: [0.862,0.811,0.850,0.624,0.900,0.851,0.819,0.887,0.949,0.966]
Epoch [100] Training Results: Prec@1 91.189 Prec@5 99.828             Loss 0.25166
Epoch [100] Training Class Recall: [0.914,0.958,0.883,0.849,0.900,0.856,0.935,0.926,0.946,0.944]
Epoch [100] Testing Results: Prec@1 86.720 Prec@5 99.380             Loss 0.43013
Epoch [100] Testing Class Recall: [0.909,0.916,0.874,0.784,0.894,0.672,0.909,0.834,0.950,0.930]
Epoch [101] Training Results: Prec@1 91.325 Prec@5 99.839             Loss 0.24881
Epoch [101] Training Class Recall: [0.926,0.959,0.873,0.848,0.893,0.846,0.941,0.928,0.955,0.951]
Epoch [101] Testing Results: Prec@1 87.200 Prec@5 99.450             Loss 0.39556
Epoch [101] Testing Class Recall: [0.919,0.970,0.859,0.745,0.829,0.843,0.917,0.910,0.809,0.919]
Epoch [102] Training Results: Prec@1 91.461 Prec@5 99.878             Loss 0.24582
Epoch [102] Training Class Recall: [0.930,0.963,0.882,0.854,0.894,0.854,0.939,0.923,0.949,0.947]
Epoch [102] Testing Results: Prec@1 85.490 Prec@5 99.540             Loss 0.44466
Epoch [102] Testing Class Recall: [0.865,0.799,0.714,0.775,0.919,0.804,0.918,0.872,0.920,0.963]
Epoch [103] Training Results: Prec@1 91.297 Prec@5 99.853             Loss 0.24872
Epoch [103] Training Class Recall: [0.924,0.960,0.886,0.845,0.895,0.853,0.938,0.922,0.951,0.945]
Epoch [103] Testing Results: Prec@1 84.860 Prec@5 99.270             Loss 0.50526
Epoch [103] Testing Class Recall: [0.898,0.950,0.861,0.627,0.888,0.834,0.869,0.901,0.945,0.713]
Epoch [104] Training Results: Prec@1 91.536 Prec@5 99.839             Loss 0.24338
Epoch [104] Training Class Recall: [0.922,0.959,0.882,0.853,0.900,0.860,0.942,0.926,0.956,0.944]
Epoch [104] Testing Results: Prec@1 86.590 Prec@5 99.450             Loss 0.44381
Epoch [104] Testing Class Recall: [0.886,0.903,0.854,0.792,0.880,0.780,0.878,0.810,0.967,0.909]
Epoch [105] Training Results: Prec@1 91.653 Prec@5 99.808             Loss 0.24214
Epoch [105] Training Class Recall: [0.931,0.957,0.891,0.857,0.894,0.864,0.935,0.924,0.957,0.944]
Epoch [105] Testing Results: Prec@1 83.700 Prec@5 99.260             Loss 0.55871
Epoch [105] Testing Class Recall: [0.725,0.911,0.632,0.746,0.828,0.887,0.911,0.856,0.985,0.889]
Epoch [106] Training Results: Prec@1 91.472 Prec@5 99.856             Loss 0.24769
Epoch [106] Training Class Recall: [0.928,0.962,0.881,0.850,0.904,0.853,0.936,0.926,0.950,0.948]
Epoch [106] Testing Results: Prec@1 83.710 Prec@5 99.400             Loss 0.52340
Epoch [106] Testing Class Recall: [0.789,0.922,0.886,0.805,0.864,0.459,0.951,0.888,0.890,0.917]
Epoch [107] Training Results: Prec@1 91.181 Prec@5 99.814             Loss 0.25163
Epoch [107] Training Class Recall: [0.919,0.954,0.886,0.846,0.890,0.852,0.937,0.921,0.953,0.948]
Epoch [107] Testing Results: Prec@1 81.050 Prec@5 99.040             Loss 0.68909
Epoch [107] Testing Class Recall: [0.768,0.882,0.627,0.816,0.858,0.879,0.729,0.787,0.844,0.915]
Epoch [108] Training Results: Prec@1 91.547 Prec@5 99.875             Loss 0.24020
Epoch [108] Training Class Recall: [0.923,0.960,0.884,0.856,0.886,0.862,0.938,0.929,0.953,0.950]
Epoch [108] Testing Results: Prec@1 85.920 Prec@5 99.510             Loss 0.46614
Epoch [108] Testing Class Recall: [0.843,0.950,0.768,0.644,0.827,0.888,0.913,0.861,0.956,0.942]
Epoch [109] Training Results: Prec@1 91.397 Prec@5 99.867             Loss 0.24646
Epoch [109] Training Class Recall: [0.924,0.959,0.882,0.845,0.889,0.854,0.942,0.932,0.954,0.948]
Epoch [109] Testing Results: Prec@1 84.690 Prec@5 99.300             Loss 0.49613
Epoch [109] Testing Class Recall: [0.886,0.927,0.782,0.805,0.832,0.529,0.903,0.944,0.960,0.901]
Epoch [110] Training Results: Prec@1 91.517 Prec@5 99.850             Loss 0.24160
Epoch [110] Training Class Recall: [0.933,0.961,0.882,0.848,0.894,0.847,0.937,0.932,0.954,0.951]
Epoch [110] Testing Results: Prec@1 83.990 Prec@5 99.340             Loss 0.55532
Epoch [110] Testing Class Recall: [0.857,0.925,0.687,0.788,0.920,0.578,0.955,0.835,0.925,0.929]
Epoch [111] Training Results: Prec@1 91.619 Prec@5 99.875             Loss 0.23909
Epoch [111] Training Class Recall: [0.928,0.961,0.884,0.855,0.902,0.849,0.945,0.925,0.954,0.948]
Epoch [111] Testing Results: Prec@1 85.080 Prec@5 99.480             Loss 0.50082
Epoch [111] Testing Class Recall: [0.880,0.901,0.811,0.557,0.899,0.939,0.879,0.762,0.935,0.945]
Epoch [112] Training Results: Prec@1 91.486 Prec@5 99.847             Loss 0.24191
Epoch [112] Training Class Recall: [0.924,0.959,0.873,0.857,0.893,0.862,0.942,0.926,0.954,0.946]
Epoch [112] Testing Results: Prec@1 82.730 Prec@5 99.160             Loss 0.56841
Epoch [112] Testing Class Recall: [0.828,0.885,0.865,0.576,0.869,0.719,0.722,0.969,0.954,0.886]
Epoch [113] Training Results: Prec@1 91.503 Prec@5 99.847             Loss 0.23917
Epoch [113] Training Class Recall: [0.928,0.962,0.883,0.850,0.898,0.853,0.941,0.926,0.956,0.944]
Epoch [113] Testing Results: Prec@1 85.600 Prec@5 99.400             Loss 0.47875
Epoch [113] Testing Class Recall: [0.870,0.978,0.878,0.831,0.870,0.810,0.785,0.853,0.856,0.829]
Epoch [114] Training Results: Prec@1 91.319 Prec@5 99.844             Loss 0.24723
Epoch [114] Training Class Recall: [0.918,0.957,0.881,0.851,0.891,0.858,0.942,0.932,0.947,0.944]
Epoch [114] Testing Results: Prec@1 85.070 Prec@5 99.170             Loss 0.52060
Epoch [114] Testing Class Recall: [0.899,0.970,0.834,0.644,0.839,0.728,0.928,0.849,0.920,0.896]
Epoch [115] Training Results: Prec@1 91.183 Prec@5 99.817             Loss 0.24717
Epoch [115] Training Class Recall: [0.925,0.959,0.879,0.844,0.902,0.850,0.936,0.920,0.949,0.946]
Epoch [115] Testing Results: Prec@1 85.510 Prec@5 99.200             Loss 0.48457
Epoch [115] Testing Class Recall: [0.795,0.954,0.689,0.754,0.891,0.724,0.933,0.906,0.955,0.950]
Epoch [116] Training Results: Prec@1 91.731 Prec@5 99.842             Loss 0.23792
Epoch [116] Training Class Recall: [0.930,0.962,0.891,0.852,0.899,0.858,0.940,0.927,0.957,0.948]
Epoch [116] Testing Results: Prec@1 84.110 Prec@5 99.550             Loss 0.52983
Epoch [116] Testing Class Recall: [0.839,0.977,0.792,0.935,0.926,0.608,0.779,0.835,0.865,0.855]
Epoch [117] Training Results: Prec@1 91.597 Prec@5 99.839             Loss 0.24488
Epoch [117] Training Class Recall: [0.925,0.958,0.884,0.858,0.891,0.860,0.942,0.928,0.956,0.944]
Epoch [117] Testing Results: Prec@1 83.470 Prec@5 99.150             Loss 0.55533
Epoch [117] Testing Class Recall: [0.674,0.837,0.673,0.808,0.873,0.827,0.859,0.919,0.952,0.925]
Epoch [118] Training Results: Prec@1 91.472 Prec@5 99.867             Loss 0.24250
Epoch [118] Training Class Recall: [0.921,0.962,0.891,0.849,0.899,0.853,0.939,0.923,0.954,0.947]
Epoch [118] Testing Results: Prec@1 85.400 Prec@5 99.440             Loss 0.47026
Epoch [118] Testing Class Recall: [0.845,0.938,0.790,0.725,0.803,0.902,0.920,0.736,0.962,0.919]
Epoch [119] Training Results: Prec@1 91.800 Prec@5 99.858             Loss 0.23708
Epoch [119] Training Class Recall: [0.934,0.955,0.887,0.855,0.911,0.856,0.942,0.930,0.958,0.944]
Epoch [119] Testing Results: Prec@1 85.770 Prec@5 99.440             Loss 0.45520
Epoch [119] Testing Class Recall: [0.904,0.894,0.885,0.827,0.875,0.616,0.901,0.816,0.924,0.935]
Epoch [120] Training Results: Prec@1 91.456 Prec@5 99.817             Loss 0.24018
Epoch [120] Training Class Recall: [0.924,0.958,0.884,0.851,0.903,0.851,0.937,0.926,0.955,0.947]
Epoch [120] Testing Results: Prec@1 84.450 Prec@5 99.060             Loss 0.50321
Epoch [120] Testing Class Recall: [0.805,0.989,0.831,0.810,0.764,0.652,0.886,0.921,0.958,0.829]
Epoch [121] Training Results: Prec@1 91.317 Prec@5 99.828             Loss 0.24449
Epoch [121] Training Class Recall: [0.931,0.955,0.880,0.851,0.897,0.853,0.934,0.929,0.949,0.944]
Epoch [121] Testing Results: Prec@1 86.300 Prec@5 99.450             Loss 0.43172
Epoch [121] Testing Class Recall: [0.794,0.919,0.807,0.796,0.894,0.731,0.921,0.901,0.962,0.905]
Epoch [122] Training Results: Prec@1 91.892 Prec@5 99.811             Loss 0.23368
Epoch [122] Training Class Recall: [0.929,0.959,0.889,0.854,0.901,0.863,0.939,0.934,0.956,0.956]
Epoch [122] Testing Results: Prec@1 86.000 Prec@5 99.420             Loss 0.45605
Epoch [122] Testing Class Recall: [0.950,0.928,0.883,0.793,0.901,0.718,0.840,0.795,0.905,0.887]
Epoch [123] Training Results: Prec@1 91.481 Prec@5 99.867             Loss 0.24501
Epoch [123] Training Class Recall: [0.931,0.961,0.890,0.852,0.890,0.851,0.940,0.922,0.951,0.947]
Epoch [123] Testing Results: Prec@1 83.280 Prec@5 99.240             Loss 0.55236
Epoch [123] Testing Class Recall: [0.861,0.898,0.795,0.884,0.741,0.452,0.900,0.910,0.948,0.939]
Epoch [124] Training Results: Prec@1 91.331 Prec@5 99.836             Loss 0.24751
Epoch [124] Training Class Recall: [0.929,0.957,0.884,0.840,0.892,0.849,0.941,0.924,0.955,0.950]
Epoch [124] Testing Results: Prec@1 84.840 Prec@5 99.400             Loss 0.52946
Epoch [124] Testing Class Recall: [0.828,0.945,0.813,0.882,0.815,0.721,0.908,0.760,0.884,0.928]
Epoch [125] Training Results: Prec@1 91.586 Prec@5 99.839             Loss 0.23763
Epoch [125] Training Class Recall: [0.927,0.959,0.892,0.858,0.892,0.853,0.939,0.930,0.949,0.948]
Epoch [125] Testing Results: Prec@1 84.850 Prec@5 99.250             Loss 0.51171
Epoch [125] Testing Class Recall: [0.829,0.859,0.766,0.826,0.772,0.807,0.905,0.891,0.844,0.986]
Epoch [126] Training Results: Prec@1 91.686 Prec@5 99.803             Loss 0.23980
Epoch [126] Training Class Recall: [0.928,0.960,0.872,0.855,0.902,0.863,0.945,0.932,0.954,0.948]
Epoch [126] Testing Results: Prec@1 85.970 Prec@5 99.700             Loss 0.44312
Epoch [126] Testing Class Recall: [0.870,0.963,0.802,0.937,0.855,0.574,0.877,0.887,0.929,0.903]
Epoch [127] Training Results: Prec@1 91.814 Prec@5 99.878             Loss 0.23402
Epoch [127] Training Class Recall: [0.929,0.963,0.891,0.851,0.905,0.863,0.937,0.937,0.951,0.946]
Epoch [127] Testing Results: Prec@1 83.500 Prec@5 99.480             Loss 0.55772
Epoch [127] Testing Class Recall: [0.804,0.964,0.917,0.872,0.681,0.730,0.639,0.918,0.932,0.893]
Epoch [128] Training Results: Prec@1 91.936 Prec@5 99.819             Loss 0.23299
Epoch [128] Training Class Recall: [0.930,0.958,0.895,0.862,0.900,0.863,0.944,0.928,0.955,0.949]
Epoch [128] Testing Results: Prec@1 86.930 Prec@5 99.370             Loss 0.41623
Epoch [128] Testing Class Recall: [0.924,0.970,0.848,0.599,0.858,0.854,0.899,0.939,0.914,0.888]
Epoch [129] Training Results: Prec@1 91.881 Prec@5 99.892             Loss 0.23476
Epoch [129] Training Class Recall: [0.930,0.962,0.887,0.856,0.905,0.860,0.945,0.931,0.953,0.950]
Epoch [129] Testing Results: Prec@1 86.150 Prec@5 99.410             Loss 0.44319
Epoch [129] Testing Class Recall: [0.822,0.930,0.857,0.756,0.763,0.749,0.942,0.961,0.913,0.922]
Epoch [130] Training Results: Prec@1 91.583 Prec@5 99.822             Loss 0.23844
Epoch [130] Training Class Recall: [0.927,0.957,0.887,0.847,0.890,0.866,0.943,0.928,0.953,0.949]
Epoch [130] Testing Results: Prec@1 81.870 Prec@5 99.110             Loss 0.61124
Epoch [130] Testing Class Recall: [0.838,0.949,0.576,0.858,0.869,0.832,0.821,0.750,0.933,0.761]
Epoch [131] Training Results: Prec@1 91.486 Prec@5 99.831             Loss 0.24218
Epoch [131] Training Class Recall: [0.924,0.957,0.882,0.851,0.901,0.857,0.938,0.936,0.954,0.942]
Epoch [131] Testing Results: Prec@1 81.780 Prec@5 98.580             Loss 0.62193
Epoch [131] Testing Class Recall: [0.803,0.841,0.708,0.556,0.838,0.844,0.723,0.942,0.981,0.942]
Epoch [132] Training Results: Prec@1 91.864 Prec@5 99.814             Loss 0.23044
Epoch [132] Training Class Recall: [0.933,0.961,0.886,0.860,0.905,0.850,0.943,0.930,0.954,0.954]
Epoch [132] Testing Results: Prec@1 86.940 Prec@5 99.480             Loss 0.42936
Epoch [132] Testing Class Recall: [0.899,0.957,0.852,0.758,0.855,0.826,0.884,0.941,0.866,0.856]
Epoch [133] Training Results: Prec@1 91.486 Prec@5 99.858             Loss 0.24241
Epoch [133] Training Class Recall: [0.927,0.957,0.881,0.854,0.905,0.849,0.944,0.926,0.953,0.943]
Epoch [133] Testing Results: Prec@1 84.790 Prec@5 99.310             Loss 0.50414
Epoch [133] Testing Class Recall: [0.840,0.875,0.692,0.722,0.896,0.764,0.910,0.913,0.897,0.970]
Epoch [134] Training Results: Prec@1 91.819 Prec@5 99.869             Loss 0.23329
Epoch [134] Training Class Recall: [0.929,0.963,0.888,0.860,0.900,0.858,0.945,0.933,0.951,0.945]
Epoch [134] Testing Results: Prec@1 85.410 Prec@5 99.420             Loss 0.48952
Epoch [134] Testing Class Recall: [0.895,0.990,0.749,0.693,0.804,0.895,0.895,0.878,0.893,0.849]
Epoch [135] Training Results: Prec@1 91.689 Prec@5 99.867             Loss 0.23552
Epoch [135] Training Class Recall: [0.927,0.957,0.889,0.860,0.899,0.856,0.942,0.930,0.953,0.947]
Epoch [135] Testing Results: Prec@1 78.810 Prec@5 98.750             Loss 0.78547
Epoch [135] Testing Class Recall: [0.943,0.819,0.707,0.691,0.824,0.909,0.843,0.590,0.708,0.847]
Epoch [136] Training Results: Prec@1 91.844 Prec@5 99.828             Loss 0.23404
Epoch [136] Training Class Recall: [0.932,0.958,0.890,0.858,0.901,0.856,0.943,0.926,0.956,0.953]
Epoch [136] Testing Results: Prec@1 87.520 Prec@5 99.570             Loss 0.39660
Epoch [136] Testing Class Recall: [0.922,0.977,0.866,0.783,0.886,0.774,0.881,0.900,0.882,0.881]
Epoch [137] Training Results: Prec@1 92.011 Prec@5 99.875             Loss 0.23078
Epoch [137] Training Class Recall: [0.935,0.963,0.887,0.855,0.908,0.855,0.946,0.937,0.953,0.954]
Epoch [137] Testing Results: Prec@1 85.090 Prec@5 99.410             Loss 0.52174
Epoch [137] Testing Class Recall: [0.880,0.959,0.744,0.720,0.697,0.932,0.903,0.816,0.921,0.937]
Epoch [138] Training Results: Prec@1 91.956 Prec@5 99.822             Loss 0.23416
Epoch [138] Training Class Recall: [0.930,0.965,0.889,0.858,0.898,0.865,0.945,0.933,0.952,0.949]
Epoch [138] Testing Results: Prec@1 86.480 Prec@5 99.370             Loss 0.42418
Epoch [138] Testing Class Recall: [0.888,0.925,0.783,0.689,0.854,0.832,0.902,0.922,0.971,0.882]
Epoch [139] Training Results: Prec@1 91.361 Prec@5 99.892             Loss 0.24177
Epoch [139] Training Class Recall: [0.920,0.958,0.878,0.856,0.896,0.854,0.944,0.923,0.950,0.947]
Epoch [139] Testing Results: Prec@1 83.720 Prec@5 99.190             Loss 0.55428
Epoch [139] Testing Class Recall: [0.790,0.952,0.558,0.614,0.879,0.914,0.896,0.910,0.916,0.943]
Epoch [140] Training Results: Prec@1 91.764 Prec@5 99.847             Loss 0.23506
Epoch [140] Training Class Recall: [0.929,0.963,0.888,0.851,0.901,0.863,0.945,0.927,0.955,0.945]
Epoch [140] Testing Results: Prec@1 84.450 Prec@5 99.140             Loss 0.53954
Epoch [140] Testing Class Recall: [0.786,0.944,0.759,0.550,0.859,0.900,0.917,0.822,0.952,0.956]
Epoch [141] Training Results: Prec@1 91.742 Prec@5 99.836             Loss 0.23585
Epoch [141] Training Class Recall: [0.929,0.962,0.888,0.854,0.895,0.865,0.944,0.922,0.953,0.951]
Epoch [141] Testing Results: Prec@1 85.980 Prec@5 99.340             Loss 0.47556
Epoch [141] Testing Class Recall: [0.820,0.862,0.763,0.827,0.849,0.816,0.947,0.811,0.973,0.930]
Epoch [142] Training Results: Prec@1 91.697 Prec@5 99.839             Loss 0.23951
Epoch [142] Training Class Recall: [0.928,0.958,0.892,0.856,0.901,0.857,0.941,0.924,0.955,0.948]
Epoch [142] Testing Results: Prec@1 86.520 Prec@5 99.300             Loss 0.42844
Epoch [142] Testing Class Recall: [0.883,0.957,0.770,0.774,0.837,0.787,0.901,0.941,0.885,0.917]
Epoch [143] Training Results: Prec@1 92.008 Prec@5 99.850             Loss 0.22999
Epoch [143] Training Class Recall: [0.931,0.960,0.890,0.862,0.905,0.862,0.943,0.930,0.957,0.951]
Epoch [143] Testing Results: Prec@1 84.330 Prec@5 99.240             Loss 0.49886
Epoch [143] Testing Class Recall: [0.805,0.935,0.881,0.798,0.796,0.678,0.882,0.788,0.960,0.910]
Epoch [144] Training Results: Prec@1 91.658 Prec@5 99.864             Loss 0.23479
Epoch [144] Training Class Recall: [0.922,0.958,0.892,0.858,0.895,0.862,0.941,0.928,0.952,0.947]
Epoch [144] Testing Results: Prec@1 84.940 Prec@5 99.340             Loss 0.49622
Epoch [144] Testing Class Recall: [0.876,0.919,0.598,0.664,0.920,0.803,0.924,0.955,0.937,0.898]
Epoch [145] Training Results: Prec@1 91.833 Prec@5 99.842             Loss 0.23470
Epoch [145] Training Class Recall: [0.928,0.962,0.894,0.854,0.900,0.861,0.941,0.931,0.953,0.952]
Epoch [145] Testing Results: Prec@1 85.370 Prec@5 99.350             Loss 0.47647
Epoch [145] Testing Class Recall: [0.893,0.914,0.745,0.727,0.734,0.811,0.863,0.949,0.960,0.941]
Epoch [146] Training Results: Prec@1 91.931 Prec@5 99.867             Loss 0.23130
Epoch [146] Training Class Recall: [0.930,0.964,0.886,0.857,0.902,0.856,0.947,0.927,0.960,0.952]
Epoch [146] Testing Results: Prec@1 84.890 Prec@5 99.360             Loss 0.50198
Epoch [146] Testing Class Recall: [0.809,0.981,0.834,0.788,0.891,0.610,0.964,0.831,0.939,0.842]
Epoch [147] Training Results: Prec@1 91.828 Prec@5 99.850             Loss 0.23224
Epoch [147] Training Class Recall: [0.928,0.962,0.895,0.855,0.903,0.862,0.942,0.928,0.950,0.949]
Epoch [147] Testing Results: Prec@1 83.810 Prec@5 99.250             Loss 0.56602
Epoch [147] Testing Class Recall: [0.920,0.907,0.715,0.713,0.747,0.800,0.965,0.966,0.799,0.849]
Epoch [148] Training Results: Prec@1 91.728 Prec@5 99.881             Loss 0.23129
Epoch [148] Training Class Recall: [0.925,0.961,0.877,0.859,0.910,0.861,0.945,0.928,0.953,0.946]
Epoch [148] Testing Results: Prec@1 82.560 Prec@5 99.340             Loss 0.58455
Epoch [148] Testing Class Recall: [0.825,0.788,0.797,0.601,0.742,0.876,0.758,0.966,0.946,0.957]
Epoch [149] Training Results: Prec@1 92.039 Prec@5 99.856             Loss 0.22588
Epoch [149] Training Class Recall: [0.928,0.961,0.893,0.856,0.902,0.866,0.947,0.936,0.955,0.951]
Epoch [149] Testing Results: Prec@1 84.500 Prec@5 99.190             Loss 0.51444
Epoch [149] Testing Class Recall: [0.856,0.965,0.748,0.809,0.917,0.701,0.732,0.902,0.959,0.861]
Epoch [150] Training Results: Prec@1 91.647 Prec@5 99.822             Loss 0.24240
Epoch [150] Training Class Recall: [0.929,0.959,0.884,0.856,0.898,0.855,0.947,0.925,0.954,0.947]
Epoch [150] Testing Results: Prec@1 85.100 Prec@5 99.370             Loss 0.48334
Epoch [150] Testing Class Recall: [0.885,0.868,0.730,0.831,0.787,0.731,0.869,0.905,0.966,0.938]
Epoch [151] Training Results: Prec@1 92.147 Prec@5 99.847             Loss 0.22263
Epoch [151] Training Class Recall: [0.934,0.960,0.892,0.864,0.908,0.861,0.943,0.932,0.956,0.954]
Epoch [151] Testing Results: Prec@1 81.080 Prec@5 99.470             Loss 0.66431
Epoch [151] Testing Class Recall: [0.814,0.937,0.962,0.692,0.706,0.618,0.681,0.867,0.930,0.901]
Epoch [152] Training Results: Prec@1 91.917 Prec@5 99.839             Loss 0.23407
Epoch [152] Training Class Recall: [0.930,0.963,0.887,0.863,0.910,0.851,0.946,0.925,0.955,0.951]
Epoch [152] Testing Results: Prec@1 85.030 Prec@5 99.330             Loss 0.48956
Epoch [152] Testing Class Recall: [0.852,0.882,0.906,0.777,0.909,0.685,0.815,0.892,0.917,0.868]
Epoch [153] Training Results: Prec@1 91.547 Prec@5 99.828             Loss 0.23887
Epoch [153] Training Class Recall: [0.928,0.956,0.882,0.855,0.905,0.862,0.938,0.926,0.950,0.945]
Epoch [153] Testing Results: Prec@1 81.260 Prec@5 99.220             Loss 0.65482
Epoch [153] Testing Class Recall: [0.897,0.801,0.664,0.505,0.843,0.947,0.927,0.837,0.770,0.935]
Epoch [154] Training Results: Prec@1 92.142 Prec@5 99.853             Loss 0.22527
Epoch [154] Training Class Recall: [0.929,0.966,0.889,0.869,0.911,0.867,0.943,0.933,0.949,0.950]
Epoch [154] Testing Results: Prec@1 84.110 Prec@5 99.050             Loss 0.52846
Epoch [154] Testing Class Recall: [0.899,0.851,0.910,0.503,0.865,0.734,0.921,0.939,0.857,0.932]
Epoch [155] Training Results: Prec@1 91.939 Prec@5 99.867             Loss 0.22886
Epoch [155] Training Class Recall: [0.929,0.961,0.883,0.858,0.902,0.865,0.945,0.931,0.959,0.950]
Epoch [155] Testing Results: Prec@1 85.500 Prec@5 99.470             Loss 0.47089
Epoch [155] Testing Class Recall: [0.959,0.909,0.844,0.643,0.760,0.848,0.916,0.875,0.858,0.938]
Epoch [156] Training Results: Prec@1 92.139 Prec@5 99.847             Loss 0.22690
Epoch [156] Training Class Recall: [0.933,0.966,0.895,0.852,0.908,0.869,0.941,0.933,0.956,0.953]
Epoch [156] Testing Results: Prec@1 85.740 Prec@5 99.300             Loss 0.45157
Epoch [156] Testing Class Recall: [0.854,0.928,0.784,0.672,0.867,0.714,0.936,0.944,0.955,0.920]
Epoch [157] Training Results: Prec@1 92.078 Prec@5 99.917             Loss 0.22612
Epoch [157] Training Class Recall: [0.933,0.957,0.888,0.862,0.910,0.867,0.945,0.932,0.960,0.946]
Epoch [157] Testing Results: Prec@1 83.570 Prec@5 98.780             Loss 0.53943
Epoch [157] Testing Class Recall: [0.881,0.945,0.882,0.754,0.813,0.505,0.908,0.818,0.896,0.955]
Epoch [158] Training Results: Prec@1 91.942 Prec@5 99.867             Loss 0.23138
Epoch [158] Training Class Recall: [0.928,0.959,0.889,0.862,0.901,0.862,0.946,0.934,0.956,0.947]
Epoch [158] Testing Results: Prec@1 82.730 Prec@5 99.030             Loss 0.60557
Epoch [158] Testing Class Recall: [0.834,0.845,0.638,0.775,0.882,0.883,0.683,0.900,0.890,0.943]
Epoch [159] Training Results: Prec@1 91.942 Prec@5 99.892             Loss 0.23137
Epoch [159] Training Class Recall: [0.927,0.958,0.891,0.853,0.905,0.870,0.946,0.936,0.953,0.948]
Epoch [159] Testing Results: Prec@1 85.200 Prec@5 99.280             Loss 0.48555
Epoch [159] Testing Class Recall: [0.887,0.952,0.792,0.479,0.831,0.823,0.944,0.968,0.940,0.904]
Epoch [160] Training Results: Prec@1 94.000 Prec@5 99.928             Loss 0.17510
Epoch [160] Training Class Recall: [0.961,0.975,0.898,0.873,0.934,0.907,0.968,0.966,0.958,0.956]
Epoch [160] Testing Results: Prec@1 89.810 Prec@5 99.740             Loss 0.31011
Epoch [160] Testing Class Recall: [0.911,0.959,0.832,0.801,0.913,0.839,0.926,0.922,0.944,0.934]
Epoch [161] Training Results: Prec@1 95.289 Prec@5 99.961             Loss 0.14048
Epoch [161] Training Class Recall: [0.962,0.976,0.928,0.908,0.949,0.914,0.975,0.966,0.975,0.971]
Epoch [161] Testing Results: Prec@1 90.480 Prec@5 99.740             Loss 0.29333
Epoch [161] Testing Class Recall: [0.905,0.961,0.868,0.815,0.904,0.847,0.920,0.935,0.954,0.939]
Epoch [162] Training Results: Prec@1 95.647 Prec@5 99.958             Loss 0.13037
Epoch [162] Training Class Recall: [0.965,0.983,0.934,0.919,0.951,0.916,0.978,0.966,0.976,0.972]
Epoch [162] Testing Results: Prec@1 90.640 Prec@5 99.760             Loss 0.28456
Epoch [162] Testing Class Recall: [0.915,0.957,0.856,0.816,0.922,0.832,0.926,0.938,0.952,0.950]
Epoch [163] Training Results: Prec@1 96.181 Prec@5 99.972             Loss 0.11734
Epoch [163] Training Class Recall: [0.969,0.981,0.941,0.928,0.954,0.930,0.979,0.967,0.985,0.978]
Epoch [163] Testing Results: Prec@1 90.900 Prec@5 99.760             Loss 0.27678
Epoch [163] Testing Class Recall: [0.916,0.965,0.872,0.834,0.906,0.837,0.932,0.934,0.949,0.945]
Epoch [164] Training Results: Prec@1 96.394 Prec@5 99.969             Loss 0.11104
Epoch [164] Training Class Recall: [0.972,0.985,0.947,0.933,0.958,0.931,0.981,0.970,0.980,0.977]
Epoch [164] Testing Results: Prec@1 91.080 Prec@5 99.780             Loss 0.27133
Epoch [164] Testing Class Recall: [0.911,0.965,0.874,0.831,0.907,0.854,0.934,0.929,0.956,0.947]
Epoch [165] Training Results: Prec@1 96.608 Prec@5 99.975             Loss 0.10681
Epoch [165] Training Class Recall: [0.976,0.982,0.953,0.937,0.961,0.929,0.981,0.971,0.986,0.979]
Epoch [165] Testing Results: Prec@1 91.160 Prec@5 99.790             Loss 0.26952
Epoch [165] Testing Class Recall: [0.917,0.967,0.862,0.830,0.911,0.867,0.935,0.928,0.952,0.947]
Epoch [166] Training Results: Prec@1 96.714 Prec@5 99.967             Loss 0.10245
Epoch [166] Training Class Recall: [0.977,0.983,0.956,0.935,0.961,0.934,0.981,0.973,0.985,0.982]
Epoch [166] Testing Results: Prec@1 91.220 Prec@5 99.810             Loss 0.26826
Epoch [166] Testing Class Recall: [0.908,0.969,0.868,0.846,0.905,0.859,0.937,0.924,0.961,0.945]
Epoch [167] Training Results: Prec@1 96.836 Prec@5 99.981             Loss 0.09898
Epoch [167] Training Class Recall: [0.977,0.987,0.955,0.938,0.962,0.935,0.981,0.974,0.986,0.983]
Epoch [167] Testing Results: Prec@1 91.400 Prec@5 99.800             Loss 0.26760
Epoch [167] Testing Class Recall: [0.915,0.969,0.871,0.842,0.915,0.857,0.930,0.934,0.961,0.946]
Epoch [168] Training Results: Prec@1 96.978 Prec@5 99.986             Loss 0.09436
Epoch [168] Training Class Recall: [0.979,0.985,0.953,0.939,0.970,0.934,0.986,0.979,0.985,0.983]
Epoch [168] Testing Results: Prec@1 91.370 Prec@5 99.820             Loss 0.26530
Epoch [168] Testing Class Recall: [0.918,0.968,0.871,0.843,0.926,0.842,0.934,0.926,0.965,0.944]
Epoch [169] Training Results: Prec@1 97.017 Prec@5 99.981             Loss 0.09190
Epoch [169] Training Class Recall: [0.978,0.987,0.958,0.943,0.962,0.939,0.987,0.976,0.986,0.981]
Epoch [169] Testing Results: Prec@1 91.450 Prec@5 99.780             Loss 0.26355
Epoch [169] Testing Class Recall: [0.913,0.970,0.871,0.841,0.921,0.851,0.932,0.937,0.961,0.948]
Epoch [170] Training Results: Prec@1 97.092 Prec@5 99.983             Loss 0.09041
Epoch [170] Training Class Recall: [0.980,0.988,0.957,0.940,0.965,0.945,0.986,0.975,0.988,0.981]
Epoch [170] Testing Results: Prec@1 91.560 Prec@5 99.790             Loss 0.26178
Epoch [170] Testing Class Recall: [0.919,0.969,0.883,0.849,0.917,0.850,0.933,0.924,0.962,0.950]
Epoch [171] Training Results: Prec@1 97.272 Prec@5 99.975             Loss 0.08689
Epoch [171] Training Class Recall: [0.979,0.986,0.962,0.944,0.969,0.946,0.984,0.977,0.990,0.986]
Epoch [171] Testing Results: Prec@1 91.630 Prec@5 99.790             Loss 0.25927
Epoch [171] Testing Class Recall: [0.926,0.966,0.877,0.839,0.924,0.847,0.938,0.943,0.953,0.950]
Epoch [172] Training Results: Prec@1 97.281 Prec@5 99.978             Loss 0.08325
Epoch [172] Training Class Recall: [0.978,0.991,0.964,0.941,0.969,0.949,0.984,0.982,0.986,0.983]
Epoch [172] Testing Results: Prec@1 91.650 Prec@5 99.810             Loss 0.26073
Epoch [172] Testing Class Recall: [0.920,0.968,0.864,0.849,0.922,0.851,0.935,0.946,0.959,0.951]
Epoch [173] Training Results: Prec@1 97.389 Prec@5 99.981             Loss 0.08235
Epoch [173] Training Class Recall: [0.983,0.990,0.963,0.950,0.971,0.946,0.984,0.979,0.985,0.985]
Epoch [173] Testing Results: Prec@1 91.690 Prec@5 99.810             Loss 0.25909
Epoch [173] Testing Class Recall: [0.932,0.965,0.872,0.849,0.925,0.852,0.933,0.935,0.959,0.947]
Epoch [174] Training Results: Prec@1 97.375 Prec@5 99.989             Loss 0.08286
Epoch [174] Training Class Recall: [0.982,0.989,0.963,0.952,0.967,0.949,0.982,0.977,0.986,0.987]
Epoch [174] Testing Results: Prec@1 91.760 Prec@5 99.820             Loss 0.25944
Epoch [174] Testing Class Recall: [0.927,0.964,0.882,0.851,0.918,0.860,0.941,0.923,0.961,0.949]
Epoch [175] Training Results: Prec@1 97.447 Prec@5 99.983             Loss 0.08178
Epoch [175] Training Class Recall: [0.983,0.989,0.970,0.948,0.973,0.944,0.987,0.980,0.987,0.982]
Epoch [175] Testing Results: Prec@1 91.630 Prec@5 99.820             Loss 0.26109
Epoch [175] Testing Class Recall: [0.913,0.961,0.877,0.845,0.931,0.848,0.946,0.929,0.959,0.954]
Epoch [176] Training Results: Prec@1 97.511 Prec@5 99.975             Loss 0.07834
Epoch [176] Training Class Recall: [0.983,0.991,0.967,0.944,0.972,0.951,0.986,0.978,0.990,0.987]
Epoch [176] Testing Results: Prec@1 91.670 Prec@5 99.830             Loss 0.25979
Epoch [176] Testing Class Recall: [0.924,0.964,0.878,0.844,0.924,0.862,0.941,0.917,0.962,0.951]
Epoch [177] Training Results: Prec@1 97.581 Prec@5 99.972             Loss 0.07644
Epoch [177] Training Class Recall: [0.983,0.991,0.964,0.951,0.974,0.948,0.989,0.982,0.991,0.983]
Epoch [177] Testing Results: Prec@1 91.660 Prec@5 99.810             Loss 0.25800
Epoch [177] Testing Class Recall: [0.919,0.965,0.883,0.840,0.921,0.867,0.936,0.927,0.956,0.952]
Epoch [178] Training Results: Prec@1 97.686 Prec@5 99.986             Loss 0.07438
Epoch [178] Training Class Recall: [0.984,0.991,0.970,0.954,0.974,0.952,0.988,0.975,0.989,0.987]
Epoch [178] Testing Results: Prec@1 91.760 Prec@5 99.810             Loss 0.25743
Epoch [178] Testing Class Recall: [0.927,0.967,0.872,0.842,0.926,0.865,0.937,0.932,0.959,0.949]
Epoch [179] Training Results: Prec@1 97.736 Prec@5 99.986             Loss 0.07241
Epoch [179] Training Class Recall: [0.983,0.988,0.967,0.955,0.975,0.952,0.988,0.986,0.989,0.987]
Epoch [179] Testing Results: Prec@1 91.710 Prec@5 99.780             Loss 0.25896
Epoch [179] Testing Class Recall: [0.921,0.966,0.876,0.843,0.931,0.854,0.934,0.934,0.961,0.951]
Epoch [180] Training Results: Prec@1 97.792 Prec@5 99.983             Loss 0.07122
Epoch [180] Training Class Recall: [0.984,0.991,0.971,0.951,0.976,0.957,0.988,0.980,0.992,0.986]
Epoch [180] Testing Results: Prec@1 91.970 Prec@5 99.810             Loss 0.25704
Epoch [180] Testing Class Recall: [0.926,0.966,0.877,0.839,0.925,0.872,0.942,0.946,0.959,0.945]
Epoch [181] Training Results: Prec@1 97.667 Prec@5 99.969             Loss 0.07484
Epoch [181] Training Class Recall: [0.986,0.991,0.972,0.951,0.973,0.949,0.987,0.981,0.987,0.987]
Epoch [181] Testing Results: Prec@1 91.620 Prec@5 99.780             Loss 0.26177
Epoch [181] Testing Class Recall: [0.920,0.966,0.875,0.848,0.925,0.849,0.936,0.934,0.958,0.951]
Epoch [182] Training Results: Prec@1 97.700 Prec@5 99.983             Loss 0.07160
Epoch [182] Training Class Recall: [0.984,0.991,0.968,0.952,0.969,0.952,0.986,0.983,0.992,0.989]
Epoch [182] Testing Results: Prec@1 91.890 Prec@5 99.790             Loss 0.25805
Epoch [182] Testing Class Recall: [0.931,0.966,0.883,0.855,0.926,0.855,0.936,0.926,0.961,0.950]
Epoch [183] Training Results: Prec@1 97.689 Prec@5 99.975             Loss 0.07405
Epoch [183] Training Class Recall: [0.984,0.991,0.964,0.952,0.974,0.954,0.987,0.984,0.989,0.987]
Epoch [183] Testing Results: Prec@1 91.870 Prec@5 99.810             Loss 0.25862
Epoch [183] Testing Class Recall: [0.930,0.967,0.878,0.833,0.922,0.872,0.941,0.943,0.955,0.946]
Epoch [184] Training Results: Prec@1 97.714 Prec@5 99.989             Loss 0.07414
Epoch [184] Training Class Recall: [0.987,0.990,0.969,0.949,0.973,0.951,0.987,0.984,0.990,0.988]
Epoch [184] Testing Results: Prec@1 91.750 Prec@5 99.790             Loss 0.25960
Epoch [184] Testing Class Recall: [0.920,0.964,0.874,0.852,0.923,0.855,0.938,0.934,0.963,0.952]
Epoch [185] Training Results: Prec@1 97.675 Prec@5 99.989             Loss 0.07355
Epoch [185] Training Class Recall: [0.982,0.989,0.970,0.951,0.972,0.953,0.987,0.979,0.991,0.989]
Epoch [185] Testing Results: Prec@1 91.850 Prec@5 99.790             Loss 0.25667
Epoch [185] Testing Class Recall: [0.919,0.965,0.881,0.843,0.928,0.860,0.941,0.937,0.960,0.951]
Epoch [186] Training Results: Prec@1 97.675 Prec@5 99.981             Loss 0.07384
Epoch [186] Training Class Recall: [0.985,0.991,0.965,0.955,0.976,0.953,0.986,0.980,0.987,0.986]
Epoch [186] Testing Results: Prec@1 91.870 Prec@5 99.780             Loss 0.25853
Epoch [186] Testing Class Recall: [0.935,0.967,0.880,0.844,0.923,0.860,0.935,0.933,0.962,0.948]
Epoch [187] Training Results: Prec@1 97.697 Prec@5 99.989             Loss 0.07382
Epoch [187] Training Class Recall: [0.985,0.989,0.974,0.945,0.972,0.954,0.987,0.984,0.991,0.987]
Epoch [187] Testing Results: Prec@1 91.780 Prec@5 99.820             Loss 0.25748
Epoch [187] Testing Class Recall: [0.919,0.963,0.877,0.847,0.921,0.864,0.942,0.933,0.960,0.952]
Epoch [188] Training Results: Prec@1 97.733 Prec@5 99.994             Loss 0.07272
Epoch [188] Training Class Recall: [0.984,0.990,0.972,0.952,0.973,0.954,0.989,0.982,0.991,0.985]
Epoch [188] Testing Results: Prec@1 91.790 Prec@5 99.810             Loss 0.25861
Epoch [188] Testing Class Recall: [0.925,0.967,0.872,0.839,0.927,0.852,0.941,0.944,0.962,0.950]
Epoch [189] Training Results: Prec@1 97.700 Prec@5 99.989             Loss 0.07345
Epoch [189] Training Class Recall: [0.983,0.991,0.970,0.953,0.974,0.950,0.990,0.982,0.991,0.983]
Epoch [189] Testing Results: Prec@1 91.910 Prec@5 99.780             Loss 0.25868
Epoch [189] Testing Class Recall: [0.928,0.966,0.871,0.834,0.930,0.867,0.937,0.943,0.964,0.951]
Epoch [190] Training Results: Prec@1 97.706 Prec@5 99.981             Loss 0.07318
Epoch [190] Training Class Recall: [0.983,0.991,0.967,0.951,0.974,0.958,0.986,0.981,0.990,0.986]
Epoch [190] Testing Results: Prec@1 91.870 Prec@5 99.840             Loss 0.25710
Epoch [190] Testing Class Recall: [0.926,0.964,0.880,0.840,0.929,0.869,0.941,0.926,0.962,0.950]
Epoch [191] Training Results: Prec@1 97.847 Prec@5 99.992             Loss 0.07137
Epoch [191] Training Class Recall: [0.981,0.990,0.970,0.957,0.974,0.958,0.988,0.983,0.990,0.989]
Epoch [191] Testing Results: Prec@1 91.810 Prec@5 99.800             Loss 0.25738
Epoch [191] Testing Class Recall: [0.932,0.966,0.877,0.841,0.924,0.854,0.938,0.943,0.958,0.948]
Epoch [192] Training Results: Prec@1 97.686 Prec@5 99.981             Loss 0.07450
Epoch [192] Training Class Recall: [0.984,0.990,0.971,0.952,0.974,0.952,0.986,0.983,0.989,0.985]
Epoch [192] Testing Results: Prec@1 91.900 Prec@5 99.820             Loss 0.25858
Epoch [192] Testing Class Recall: [0.921,0.966,0.883,0.828,0.920,0.880,0.940,0.941,0.959,0.952]
Epoch [193] Training Results: Prec@1 97.792 Prec@5 99.989             Loss 0.07188
Epoch [193] Training Class Recall: [0.985,0.991,0.970,0.955,0.974,0.956,0.988,0.982,0.990,0.987]
Epoch [193] Testing Results: Prec@1 91.840 Prec@5 99.820             Loss 0.25787
Epoch [193] Testing Class Recall: [0.931,0.968,0.879,0.846,0.920,0.862,0.938,0.929,0.963,0.948]
Epoch [194] Training Results: Prec@1 97.722 Prec@5 99.969             Loss 0.07348
Epoch [194] Training Class Recall: [0.982,0.991,0.969,0.951,0.977,0.953,0.988,0.980,0.992,0.988]
Epoch [194] Testing Results: Prec@1 91.730 Prec@5 99.780             Loss 0.25828
Epoch [194] Testing Class Recall: [0.924,0.968,0.879,0.846,0.926,0.856,0.938,0.928,0.962,0.946]
Epoch [195] Training Results: Prec@1 97.781 Prec@5 99.975             Loss 0.07247
Epoch [195] Training Class Recall: [0.984,0.993,0.968,0.951,0.976,0.957,0.987,0.982,0.992,0.985]
Epoch [195] Testing Results: Prec@1 91.760 Prec@5 99.770             Loss 0.25963
Epoch [195] Testing Class Recall: [0.923,0.963,0.877,0.845,0.933,0.859,0.934,0.930,0.959,0.953]
Epoch [196] Training Results: Prec@1 97.656 Prec@5 99.992             Loss 0.07384
Epoch [196] Training Class Recall: [0.983,0.991,0.972,0.947,0.972,0.952,0.990,0.979,0.990,0.987]
Epoch [196] Testing Results: Prec@1 91.780 Prec@5 99.770             Loss 0.25853
Epoch [196] Testing Class Recall: [0.922,0.969,0.880,0.854,0.921,0.857,0.934,0.933,0.961,0.947]
Epoch [197] Training Results: Prec@1 97.714 Prec@5 99.983             Loss 0.07357
Epoch [197] Training Class Recall: [0.986,0.990,0.972,0.950,0.970,0.959,0.987,0.981,0.991,0.983]
Epoch [197] Testing Results: Prec@1 91.750 Prec@5 99.790             Loss 0.25853
Epoch [197] Testing Class Recall: [0.916,0.964,0.882,0.851,0.929,0.855,0.940,0.925,0.961,0.952]
Epoch [198] Training Results: Prec@1 97.797 Prec@5 99.989             Loss 0.07253
Epoch [198] Training Class Recall: [0.985,0.990,0.973,0.953,0.975,0.953,0.988,0.983,0.990,0.986]
Epoch [198] Testing Results: Prec@1 91.820 Prec@5 99.780             Loss 0.25778
Epoch [198] Testing Class Recall: [0.932,0.965,0.876,0.843,0.918,0.863,0.939,0.935,0.960,0.951]
Epoch [199] Training Results: Prec@1 97.767 Prec@5 99.989             Loss 0.07179
Epoch [199] Training Class Recall: [0.983,0.991,0.967,0.953,0.979,0.953,0.989,0.981,0.992,0.986]
Epoch [199] Testing Results: Prec@1 91.660 Prec@5 99.790             Loss 0.26229
Epoch [199] Testing Class Recall: [0.924,0.968,0.884,0.836,0.927,0.860,0.939,0.916,0.964,0.948]
