Log file: cifar10_lava0.7_mixup_drw_exp0.01_seed42_20260421_111021.log
Run started: 2026-04-21 11:10:21.137676
Dataset: cifar10
Imbalance type: exp, factor: 0.01
Selection method: lava, ratio: 0.7
Strategy: Mixup_DRW, epochs: 200
Seed: 42, rand_number: 0
Augmentation: weak
Noise ratio: 0.25
mixup_alpha: 1.0
============================================================

=> Preparing logger and tensorboard writer !
----------------------------------------------------
Class ID   | Original   | Selected   | Keep %  
----------------------------------------------------
0          | 5000       | 3379       |    67.6%
1          | 2997       | 904        |    30.2%
2          | 1796       | 1788       |    99.6%
3          | 1077       | 1077       |   100.0%
4          | 645        | 645        |   100.0%
5          | 387        | 387        |   100.0%
6          | 232        | 232        |   100.0%
7          | 139        | 139        |   100.0%
8          | 83         | 83         |   100.0%
9          | 50         | 50         |   100.0%
----------------------------------------------------
TOTAL      | 12406      | 8684       |    70.0%
----------------------------------------------------
Epoch [0] Training Results: Prec@1 43.344 Prec@5 87.909             Loss 1.77338
Epoch [0] Training Class Recall: [0.814,0.043,0.490,0.053,0.060,0.000,0.000,0.000,0.000,0.000]
Epoch [0] Testing Results: Prec@1 15.960 Prec@5 60.040             Loss 3.22815
Epoch [0] Testing Class Recall: [0.943,0.000,0.455,0.198,0.000,0.000,0.000,0.000,0.000,0.000]
Epoch [1] Training Results: Prec@1 50.795 Prec@5 92.227             Loss 1.57593
Epoch [1] Training Class Recall: [0.839,0.371,0.529,0.247,0.045,0.003,0.000,0.000,0.000,0.000]
Epoch [1] Testing Results: Prec@1 22.350 Prec@5 61.380             Loss 2.72444
Epoch [1] Testing Class Recall: [0.905,0.446,0.185,0.631,0.068,0.000,0.000,0.000,0.000,0.000]
Epoch [2] Training Results: Prec@1 52.649 Prec@5 92.941             Loss 1.53970
Epoch [2] Training Class Recall: [0.848,0.388,0.536,0.355,0.023,0.000,0.000,0.000,0.000,0.000]
Epoch [2] Testing Results: Prec@1 22.630 Prec@5 67.310             Loss 2.56564
Epoch [2] Testing Class Recall: [0.868,0.312,0.612,0.449,0.022,0.000,0.000,0.000,0.000,0.000]
Epoch [3] Training Results: Prec@1 53.961 Prec@5 93.643             Loss 1.51719
Epoch [3] Training Class Recall: [0.860,0.430,0.548,0.378,0.003,0.005,0.000,0.000,0.000,0.000]
Epoch [3] Testing Results: Prec@1 22.660 Prec@5 67.180             Loss 2.61836
Epoch [3] Testing Class Recall: [0.906,0.320,0.565,0.331,0.144,0.000,0.000,0.000,0.000,0.000]
Epoch [4] Training Results: Prec@1 55.343 Prec@5 93.713             Loss 1.47208
Epoch [4] Training Class Recall: [0.868,0.435,0.535,0.461,0.040,0.000,0.000,0.000,0.000,0.000]
Epoch [4] Testing Results: Prec@1 26.610 Prec@5 71.320             Loss 2.39641
Epoch [4] Testing Class Recall: [0.891,0.598,0.478,0.674,0.020,0.000,0.000,0.000,0.000,0.000]
Epoch [5] Training Results: Prec@1 57.186 Prec@5 94.323             Loss 1.44930
Epoch [5] Training Class Recall: [0.880,0.541,0.554,0.475,0.002,0.000,0.000,0.000,0.000,0.000]
Epoch [5] Testing Results: Prec@1 24.130 Prec@5 73.670             Loss 2.41605
Epoch [5] Testing Class Recall: [0.836,0.473,0.747,0.357,0.000,0.000,0.000,0.000,0.000,0.000]
Epoch [6] Training Results: Prec@1 59.155 Prec@5 94.841             Loss 1.45055
Epoch [6] Training Class Recall: [0.885,0.543,0.597,0.519,0.040,0.005,0.000,0.000,0.000,0.000]
Epoch [6] Testing Results: Prec@1 24.500 Prec@5 74.140             Loss 2.47711
Epoch [6] Testing Class Recall: [0.956,0.564,0.500,0.393,0.036,0.000,0.001,0.000,0.000,0.000]
Epoch [7] Training Results: Prec@1 60.583 Prec@5 95.325             Loss 1.39996
Epoch [7] Training Class Recall: [0.883,0.632,0.597,0.512,0.129,0.000,0.022,0.000,0.000,0.000]
Epoch [7] Testing Results: Prec@1 32.310 Prec@5 75.380             Loss 2.37520
Epoch [7] Testing Class Recall: [0.829,0.730,0.598,0.703,0.273,0.000,0.098,0.000,0.000,0.000]
Epoch [8] Training Results: Prec@1 60.421 Prec@5 95.382             Loss 1.41829
Epoch [8] Training Class Recall: [0.886,0.613,0.585,0.512,0.141,0.008,0.034,0.007,0.000,0.000]
Epoch [8] Testing Results: Prec@1 29.770 Prec@5 76.690             Loss 2.19054
Epoch [8] Testing Class Recall: [0.773,0.902,0.787,0.471,0.003,0.032,0.009,0.000,0.000,0.000]
Epoch [9] Training Results: Prec@1 62.091 Prec@5 96.016             Loss 1.40716
Epoch [9] Training Class Recall: [0.902,0.656,0.595,0.512,0.181,0.003,0.082,0.000,0.000,0.000]
Epoch [9] Testing Results: Prec@1 31.140 Prec@5 74.170             Loss 2.39268
Epoch [9] Testing Class Recall: [0.871,0.701,0.697,0.585,0.251,0.000,0.009,0.000,0.000,0.000]
Epoch [10] Training Results: Prec@1 63.565 Prec@5 96.350             Loss 1.34325
Epoch [10] Training Class Recall: [0.891,0.673,0.616,0.552,0.271,0.023,0.056,0.058,0.000,0.000]
Epoch [10] Testing Results: Prec@1 33.710 Prec@5 85.030             Loss 2.14634
Epoch [10] Testing Class Recall: [0.949,0.706,0.344,0.519,0.552,0.041,0.059,0.201,0.000,0.000]
Epoch [11] Training Results: Prec@1 64.809 Prec@5 96.568             Loss 1.34222
Epoch [11] Training Class Recall: [0.897,0.702,0.617,0.549,0.326,0.028,0.103,0.158,0.000,0.000]
Epoch [11] Testing Results: Prec@1 33.400 Prec@5 83.350             Loss 2.09561
Epoch [11] Testing Class Recall: [0.895,0.867,0.666,0.340,0.080,0.086,0.003,0.403,0.000,0.000]
Epoch [12] Training Results: Prec@1 65.166 Prec@5 97.110             Loss 1.32583
Epoch [12] Training Class Recall: [0.903,0.715,0.624,0.535,0.296,0.034,0.185,0.158,0.000,0.000]
Epoch [12] Testing Results: Prec@1 35.350 Prec@5 84.980             Loss 1.99114
Epoch [12] Testing Class Recall: [0.921,0.825,0.641,0.463,0.344,0.007,0.150,0.184,0.000,0.000]
Epoch [13] Training Results: Prec@1 66.640 Prec@5 96.845             Loss 1.33352
Epoch [13] Training Class Recall: [0.914,0.701,0.649,0.584,0.319,0.041,0.142,0.137,0.000,0.000]
Epoch [13] Testing Results: Prec@1 36.360 Prec@5 82.840             Loss 2.28891
Epoch [13] Testing Class Recall: [0.926,0.904,0.501,0.528,0.318,0.188,0.109,0.162,0.000,0.000]
Epoch [14] Training Results: Prec@1 67.561 Prec@5 96.937             Loss 1.31422
Epoch [14] Training Class Recall: [0.907,0.761,0.669,0.538,0.388,0.072,0.172,0.144,0.000,0.000]
Epoch [14] Testing Results: Prec@1 37.700 Prec@5 86.010             Loss 1.90050
Epoch [14] Testing Class Recall: [0.890,0.955,0.563,0.516,0.324,0.027,0.165,0.301,0.000,0.029]
Epoch [15] Training Results: Prec@1 68.632 Prec@5 97.202             Loss 1.26077
Epoch [15] Training Class Recall: [0.912,0.757,0.673,0.568,0.397,0.090,0.241,0.223,0.000,0.000]
Epoch [15] Testing Results: Prec@1 33.970 Prec@5 84.110             Loss 2.29240
Epoch [15] Testing Class Recall: [0.940,0.740,0.645,0.353,0.217,0.017,0.393,0.092,0.000,0.000]
Epoch [16] Training Results: Prec@1 69.876 Prec@5 97.167             Loss 1.21809
Epoch [16] Training Class Recall: [0.914,0.773,0.668,0.623,0.431,0.124,0.233,0.259,0.000,0.000]
Epoch [16] Testing Results: Prec@1 41.320 Prec@5 89.590             Loss 1.67451
Epoch [16] Testing Class Recall: [0.911,0.861,0.563,0.723,0.471,0.080,0.354,0.117,0.000,0.052]
Epoch [17] Training Results: Prec@1 70.394 Prec@5 97.421             Loss 1.25525
Epoch [17] Training Class Recall: [0.915,0.773,0.681,0.603,0.460,0.150,0.297,0.223,0.000,0.020]
Epoch [17] Testing Results: Prec@1 39.010 Prec@5 85.570             Loss 1.92387
Epoch [17] Testing Class Recall: [0.909,0.935,0.694,0.157,0.474,0.401,0.171,0.159,0.000,0.001]
Epoch [18] Training Results: Prec@1 71.799 Prec@5 97.593             Loss 1.25836
Epoch [18] Training Class Recall: [0.928,0.796,0.696,0.614,0.470,0.176,0.328,0.201,0.000,0.000]
Epoch [18] Testing Results: Prec@1 37.730 Prec@5 85.060             Loss 2.16138
Epoch [18] Testing Class Recall: [0.922,0.951,0.652,0.457,0.395,0.057,0.037,0.300,0.000,0.002]
Epoch [19] Training Results: Prec@1 72.259 Prec@5 97.835             Loss 1.26108
Epoch [19] Training Class Recall: [0.923,0.820,0.721,0.599,0.485,0.217,0.224,0.223,0.000,0.020]
Epoch [19] Testing Results: Prec@1 43.270 Prec@5 85.100             Loss 1.87179
Epoch [19] Testing Class Recall: [0.897,0.950,0.678,0.537,0.337,0.244,0.544,0.119,0.000,0.021]
Epoch [20] Training Results: Prec@1 72.766 Prec@5 97.904             Loss 1.19156
Epoch [20] Training Class Recall: [0.916,0.810,0.709,0.599,0.550,0.248,0.371,0.281,0.012,0.020]
Epoch [20] Testing Results: Prec@1 46.890 Prec@5 87.860             Loss 1.70603
Epoch [20] Testing Class Recall: [0.923,0.907,0.629,0.684,0.386,0.266,0.540,0.307,0.007,0.040]
Epoch [21] Training Results: Prec@1 74.033 Prec@5 97.916             Loss 1.15967
Epoch [21] Training Class Recall: [0.919,0.830,0.737,0.619,0.560,0.245,0.353,0.324,0.060,0.020]
Epoch [21] Testing Results: Prec@1 45.500 Prec@5 90.220             Loss 1.64209
Epoch [21] Testing Class Recall: [0.948,0.809,0.601,0.655,0.549,0.239,0.299,0.416,0.008,0.026]
Epoch [22] Training Results: Prec@1 75.035 Prec@5 98.134             Loss 1.16576
Epoch [22] Training Class Recall: [0.926,0.843,0.747,0.644,0.560,0.233,0.375,0.338,0.060,0.080]
Epoch [22] Testing Results: Prec@1 47.810 Prec@5 88.910             Loss 1.72933
Epoch [22] Testing Class Recall: [0.887,0.935,0.629,0.656,0.242,0.641,0.172,0.481,0.008,0.130]
Epoch [23] Training Results: Prec@1 76.163 Prec@5 98.296             Loss 1.17611
Epoch [23] Training Class Recall: [0.929,0.852,0.760,0.642,0.566,0.310,0.448,0.388,0.108,0.080]
Epoch [23] Testing Results: Prec@1 41.780 Prec@5 88.550             Loss 1.90748
Epoch [23] Testing Class Recall: [0.975,0.873,0.609,0.202,0.418,0.321,0.481,0.271,0.011,0.017]
Epoch [24] Training Results: Prec@1 76.048 Prec@5 98.422             Loss 1.15296
Epoch [24] Training Class Recall: [0.928,0.858,0.752,0.643,0.592,0.295,0.392,0.360,0.193,0.040]
Epoch [24] Testing Results: Prec@1 44.960 Prec@5 90.160             Loss 1.75859
Epoch [24] Testing Class Recall: [0.931,0.984,0.683,0.533,0.442,0.248,0.378,0.114,0.150,0.033]
Epoch [25] Training Results: Prec@1 76.566 Prec@5 98.526             Loss 1.18754
Epoch [25] Training Class Recall: [0.936,0.860,0.759,0.651,0.603,0.264,0.427,0.324,0.157,0.040]
Epoch [25] Testing Results: Prec@1 50.870 Prec@5 91.030             Loss 1.46013
Epoch [25] Testing Class Recall: [0.876,0.920,0.805,0.762,0.540,0.249,0.268,0.303,0.171,0.193]
Epoch [26] Training Results: Prec@1 77.246 Prec@5 98.503             Loss 1.14447
Epoch [26] Training Class Recall: [0.936,0.861,0.761,0.669,0.608,0.315,0.405,0.374,0.193,0.160]
Epoch [26] Testing Results: Prec@1 50.800 Prec@5 87.190             Loss 1.62080
Epoch [26] Testing Class Recall: [0.899,0.943,0.771,0.712,0.646,0.235,0.456,0.386,0.025,0.007]
Epoch [27] Training Results: Prec@1 77.879 Prec@5 98.618             Loss 1.13036
Epoch [27] Training Class Recall: [0.940,0.882,0.772,0.660,0.574,0.341,0.491,0.424,0.205,0.120]
Epoch [27] Testing Results: Prec@1 52.230 Prec@5 89.950             Loss 1.46921
Epoch [27] Testing Class Recall: [0.862,0.974,0.778,0.658,0.590,0.347,0.500,0.298,0.196,0.020]
Epoch [28] Training Results: Prec@1 78.282 Prec@5 98.561             Loss 1.13038
Epoch [28] Training Class Recall: [0.943,0.886,0.753,0.676,0.642,0.326,0.470,0.453,0.205,0.140]
Epoch [28] Testing Results: Prec@1 43.700 Prec@5 89.070             Loss 1.78329
Epoch [28] Testing Class Recall: [0.975,0.769,0.587,0.684,0.420,0.159,0.139,0.488,0.015,0.134]
Epoch [29] Training Results: Prec@1 78.593 Prec@5 98.883             Loss 1.14103
Epoch [29] Training Class Recall: [0.938,0.875,0.768,0.682,0.645,0.362,0.487,0.410,0.265,0.180]
Epoch [29] Testing Results: Prec@1 50.930 Prec@5 89.990             Loss 1.63518
Epoch [29] Testing Class Recall: [0.963,0.944,0.634,0.701,0.460,0.240,0.507,0.486,0.106,0.052]
Epoch [30] Training Results: Prec@1 79.560 Prec@5 98.768             Loss 1.04662
Epoch [30] Training Class Recall: [0.938,0.887,0.794,0.695,0.648,0.377,0.491,0.453,0.277,0.120]
Epoch [30] Testing Results: Prec@1 47.100 Prec@5 91.730             Loss 1.60603
Epoch [30] Testing Class Recall: [0.955,0.979,0.552,0.554,0.512,0.194,0.251,0.338,0.117,0.258]
Epoch [31] Training Results: Prec@1 80.078 Prec@5 98.975             Loss 1.08084
Epoch [31] Training Class Recall: [0.943,0.888,0.787,0.711,0.682,0.382,0.474,0.424,0.361,0.060]
Epoch [31] Testing Results: Prec@1 48.430 Prec@5 90.630             Loss 1.64759
Epoch [31] Testing Class Recall: [0.907,0.979,0.800,0.374,0.569,0.391,0.411,0.283,0.053,0.076]
Epoch [32] Training Results: Prec@1 79.929 Prec@5 98.745             Loss 1.07985
Epoch [32] Training Class Recall: [0.942,0.877,0.791,0.665,0.704,0.419,0.509,0.468,0.289,0.220]
Epoch [32] Testing Results: Prec@1 48.940 Prec@5 91.830             Loss 1.66446
Epoch [32] Testing Class Recall: [0.982,0.779,0.733,0.545,0.375,0.307,0.595,0.300,0.097,0.181]
Epoch [33] Training Results: Prec@1 79.998 Prec@5 98.848             Loss 1.11530
Epoch [33] Training Class Recall: [0.947,0.889,0.790,0.671,0.648,0.419,0.530,0.504,0.313,0.160]
Epoch [33] Testing Results: Prec@1 51.940 Prec@5 90.460             Loss 1.47131
Epoch [33] Testing Class Recall: [0.956,0.863,0.590,0.521,0.621,0.328,0.142,0.270,0.455,0.448]
Epoch [34] Training Results: Prec@1 81.172 Prec@5 98.941             Loss 1.04411
Epoch [34] Training Class Recall: [0.943,0.903,0.791,0.698,0.726,0.447,0.539,0.489,0.398,0.260]
Epoch [34] Testing Results: Prec@1 50.900 Prec@5 92.360             Loss 1.59138
Epoch [34] Testing Class Recall: [0.974,0.927,0.538,0.518,0.563,0.363,0.576,0.365,0.050,0.216]
Epoch [35] Training Results: Prec@1 81.230 Prec@5 98.848             Loss 1.05126
Epoch [35] Training Class Recall: [0.935,0.904,0.788,0.734,0.702,0.447,0.578,0.482,0.398,0.340]
Epoch [35] Testing Results: Prec@1 51.060 Prec@5 91.250             Loss 1.54296
Epoch [35] Testing Class Recall: [0.898,0.993,0.622,0.513,0.534,0.689,0.295,0.340,0.153,0.069]
Epoch [36] Training Results: Prec@1 81.955 Prec@5 99.102             Loss 1.07774
Epoch [36] Training Class Recall: [0.949,0.886,0.820,0.698,0.719,0.447,0.586,0.518,0.386,0.280]
Epoch [36] Testing Results: Prec@1 48.690 Prec@5 88.840             Loss 1.68318
Epoch [36] Testing Class Recall: [0.964,0.918,0.780,0.668,0.473,0.174,0.438,0.378,0.054,0.022]
Epoch [37] Training Results: Prec@1 81.679 Prec@5 98.952             Loss 1.07273
Epoch [37] Training Class Recall: [0.946,0.894,0.795,0.724,0.726,0.424,0.612,0.504,0.289,0.360]
Epoch [37] Testing Results: Prec@1 51.410 Prec@5 87.550             Loss 1.57027
Epoch [37] Testing Class Recall: [0.944,0.935,0.775,0.711,0.447,0.360,0.646,0.202,0.091,0.030]
Epoch [38] Training Results: Prec@1 82.140 Prec@5 99.056             Loss 1.09531
Epoch [38] Training Class Recall: [0.951,0.914,0.791,0.721,0.736,0.455,0.543,0.518,0.410,0.420]
Epoch [38] Testing Results: Prec@1 54.120 Prec@5 92.050             Loss 1.46291
Epoch [38] Testing Class Recall: [0.970,0.956,0.661,0.677,0.639,0.419,0.479,0.336,0.110,0.165]
Epoch [39] Training Results: Prec@1 82.393 Prec@5 99.102             Loss 1.07861
Epoch [39] Training Class Recall: [0.958,0.898,0.795,0.717,0.736,0.457,0.595,0.496,0.422,0.360]
Epoch [39] Testing Results: Prec@1 53.370 Prec@5 90.500             Loss 1.48230
Epoch [39] Testing Class Recall: [0.934,0.979,0.673,0.644,0.771,0.287,0.112,0.389,0.207,0.341]
Epoch [40] Training Results: Prec@1 83.383 Prec@5 99.148             Loss 1.06511
Epoch [40] Training Class Recall: [0.954,0.897,0.828,0.752,0.744,0.457,0.560,0.540,0.458,0.300]
Epoch [40] Testing Results: Prec@1 51.340 Prec@5 88.420             Loss 1.58246
Epoch [40] Testing Class Recall: [0.735,0.996,0.866,0.533,0.370,0.410,0.595,0.350,0.015,0.264]
Epoch [41] Training Results: Prec@1 83.913 Prec@5 99.298             Loss 1.04355
Epoch [41] Training Class Recall: [0.952,0.917,0.810,0.778,0.753,0.463,0.621,0.597,0.434,0.520]
Epoch [41] Testing Results: Prec@1 50.740 Prec@5 89.800             Loss 1.62685
Epoch [41] Testing Class Recall: [0.935,0.938,0.841,0.497,0.552,0.283,0.532,0.224,0.161,0.111]
Epoch [42] Training Results: Prec@1 83.395 Prec@5 99.251             Loss 1.07092
Epoch [42] Training Class Recall: [0.955,0.928,0.819,0.711,0.758,0.486,0.608,0.518,0.434,0.380]
Epoch [42] Testing Results: Prec@1 58.480 Prec@5 90.580             Loss 1.38996
Epoch [42] Testing Class Recall: [0.914,0.902,0.805,0.645,0.766,0.421,0.698,0.447,0.160,0.090]
Epoch [43] Training Results: Prec@1 84.189 Prec@5 99.298             Loss 1.06542
Epoch [43] Training Class Recall: [0.954,0.904,0.825,0.773,0.758,0.494,0.586,0.583,0.590,0.340]
Epoch [43] Testing Results: Prec@1 59.260 Prec@5 92.530             Loss 1.27882
Epoch [43] Testing Class Recall: [0.958,0.955,0.732,0.676,0.675,0.319,0.476,0.396,0.178,0.561]
Epoch [44] Training Results: Prec@1 84.696 Prec@5 99.240             Loss 1.10887
Epoch [44] Training Class Recall: [0.951,0.923,0.836,0.766,0.774,0.522,0.638,0.525,0.542,0.420]
Epoch [44] Testing Results: Prec@1 49.190 Prec@5 87.330             Loss 1.87484
Epoch [44] Testing Class Recall: [0.852,0.989,0.908,0.593,0.562,0.252,0.259,0.391,0.078,0.035]
Epoch [45] Training Results: Prec@1 84.512 Prec@5 99.205             Loss 1.04542
Epoch [45] Training Class Recall: [0.954,0.921,0.820,0.773,0.783,0.509,0.629,0.540,0.410,0.540]
Epoch [45] Testing Results: Prec@1 56.950 Prec@5 93.900             Loss 1.32625
Epoch [45] Testing Class Recall: [0.975,0.857,0.726,0.585,0.569,0.172,0.618,0.519,0.216,0.458]
Epoch [46] Training Results: Prec@1 84.005 Prec@5 99.367             Loss 1.03835
Epoch [46] Training Class Recall: [0.951,0.910,0.830,0.734,0.764,0.525,0.621,0.568,0.506,0.440]
Epoch [46] Testing Results: Prec@1 57.430 Prec@5 91.660             Loss 1.34320
Epoch [46] Testing Class Recall: [0.951,0.936,0.793,0.576,0.814,0.445,0.476,0.309,0.241,0.202]
Epoch [47] Training Results: Prec@1 85.007 Prec@5 99.424             Loss 1.06091
Epoch [47] Training Class Recall: [0.958,0.909,0.850,0.754,0.772,0.504,0.634,0.583,0.554,0.480]
Epoch [47] Testing Results: Prec@1 60.890 Prec@5 93.800             Loss 1.22841
Epoch [47] Testing Class Recall: [0.934,0.951,0.848,0.496,0.739,0.463,0.474,0.337,0.409,0.438]
Epoch [48] Training Results: Prec@1 84.742 Prec@5 99.390             Loss 1.04794
Epoch [48] Training Class Recall: [0.956,0.928,0.834,0.762,0.781,0.491,0.599,0.597,0.554,0.340]
Epoch [48] Testing Results: Prec@1 56.140 Prec@5 93.490             Loss 1.38541
Epoch [48] Testing Class Recall: [0.983,0.959,0.482,0.573,0.724,0.365,0.692,0.265,0.261,0.310]
Epoch [49] Training Results: Prec@1 85.352 Prec@5 99.390             Loss 0.99651
Epoch [49] Training Class Recall: [0.957,0.927,0.831,0.788,0.791,0.540,0.599,0.626,0.422,0.520]
Epoch [49] Testing Results: Prec@1 59.840 Prec@5 93.300             Loss 1.22382
Epoch [49] Testing Class Recall: [0.976,0.799,0.706,0.553,0.731,0.349,0.368,0.583,0.212,0.707]
Epoch [50] Training Results: Prec@1 86.285 Prec@5 99.482             Loss 0.99513
Epoch [50] Training Class Recall: [0.957,0.924,0.850,0.796,0.814,0.527,0.638,0.669,0.578,0.600]
Epoch [50] Testing Results: Prec@1 62.420 Prec@5 93.110             Loss 1.21790
Epoch [50] Testing Class Recall: [0.935,0.948,0.689,0.808,0.831,0.362,0.533,0.414,0.294,0.428]
Epoch [51] Training Results: Prec@1 85.249 Prec@5 99.459             Loss 1.02124
Epoch [51] Training Class Recall: [0.964,0.899,0.815,0.774,0.814,0.543,0.621,0.662,0.494,0.580]
Epoch [51] Testing Results: Prec@1 61.080 Prec@5 92.210             Loss 1.29577
Epoch [51] Testing Class Recall: [0.916,0.981,0.867,0.563,0.629,0.498,0.719,0.502,0.126,0.307]
Epoch [52] Training Results: Prec@1 85.571 Prec@5 99.597             Loss 1.03062
Epoch [52] Training Class Recall: [0.956,0.914,0.847,0.758,0.809,0.537,0.634,0.669,0.590,0.500]
Epoch [52] Testing Results: Prec@1 53.840 Prec@5 89.170             Loss 1.66773
Epoch [52] Testing Class Recall: [0.980,0.944,0.707,0.558,0.562,0.428,0.621,0.496,0.055,0.033]
Epoch [53] Training Results: Prec@1 86.055 Prec@5 99.424             Loss 0.98862
Epoch [53] Training Class Recall: [0.962,0.920,0.843,0.753,0.822,0.602,0.629,0.647,0.627,0.420]
Epoch [53] Testing Results: Prec@1 62.350 Prec@5 93.090             Loss 1.22789
Epoch [53] Testing Class Recall: [0.867,0.994,0.674,0.759,0.683,0.528,0.485,0.660,0.168,0.417]
Epoch [54] Training Results: Prec@1 86.734 Prec@5 99.447             Loss 1.03294
Epoch [54] Training Class Recall: [0.959,0.937,0.848,0.792,0.811,0.566,0.664,0.712,0.566,0.620]
Epoch [54] Testing Results: Prec@1 70.910 Prec@5 95.010             Loss 0.94145
Epoch [54] Testing Class Recall: [0.930,0.964,0.725,0.732,0.732,0.661,0.699,0.582,0.585,0.481]
Epoch [55] Training Results: Prec@1 86.711 Prec@5 99.493             Loss 0.95152
Epoch [55] Training Class Recall: [0.960,0.933,0.860,0.801,0.777,0.579,0.681,0.626,0.602,0.460]
Epoch [55] Testing Results: Prec@1 52.180 Prec@5 92.320             Loss 1.59665
Epoch [55] Testing Class Recall: [0.957,0.943,0.888,0.492,0.357,0.144,0.602,0.312,0.286,0.237]
Epoch [56] Training Results: Prec@1 86.757 Prec@5 99.470             Loss 0.96259
Epoch [56] Training Class Recall: [0.959,0.945,0.865,0.783,0.803,0.543,0.642,0.669,0.614,0.540]
Epoch [56] Testing Results: Prec@1 55.760 Prec@5 91.270             Loss 1.52075
Epoch [56] Testing Class Recall: [0.910,0.984,0.883,0.759,0.443,0.334,0.419,0.592,0.098,0.154]
Epoch [57] Training Results: Prec@1 87.448 Prec@5 99.620             Loss 0.94618
Epoch [57] Training Class Recall: [0.964,0.945,0.866,0.797,0.820,0.571,0.685,0.676,0.590,0.480]
Epoch [57] Testing Results: Prec@1 64.250 Prec@5 93.140             Loss 1.17602
Epoch [57] Testing Class Recall: [0.920,0.985,0.867,0.641,0.635,0.647,0.529,0.511,0.446,0.244]
Epoch [58] Training Results: Prec@1 87.586 Prec@5 99.620             Loss 1.05490
Epoch [58] Training Class Recall: [0.965,0.944,0.858,0.794,0.812,0.618,0.724,0.633,0.675,0.540]
Epoch [58] Testing Results: Prec@1 57.580 Prec@5 90.140             Loss 1.49457
Epoch [58] Testing Class Recall: [0.960,0.923,0.799,0.712,0.610,0.530,0.435,0.428,0.092,0.269]
Epoch [59] Training Results: Prec@1 87.080 Prec@5 99.562             Loss 0.97003
Epoch [59] Training Class Recall: [0.960,0.930,0.856,0.803,0.805,0.612,0.668,0.619,0.627,0.640]
Epoch [59] Testing Results: Prec@1 60.720 Prec@5 88.070             Loss 1.38367
Epoch [59] Testing Class Recall: [0.942,0.885,0.808,0.637,0.734,0.441,0.856,0.413,0.241,0.115]
Epoch [60] Training Results: Prec@1 87.517 Prec@5 99.608             Loss 1.06282
Epoch [60] Training Class Recall: [0.968,0.921,0.859,0.812,0.814,0.563,0.685,0.698,0.639,0.700]
Epoch [60] Testing Results: Prec@1 59.330 Prec@5 92.850             Loss 1.32680
Epoch [60] Testing Class Recall: [0.980,0.960,0.688,0.537,0.583,0.605,0.527,0.509,0.226,0.318]
Epoch [61] Training Results: Prec@1 87.932 Prec@5 99.608             Loss 0.96748
Epoch [61] Training Class Recall: [0.978,0.942,0.856,0.784,0.826,0.587,0.724,0.676,0.614,0.640]
Epoch [61] Testing Results: Prec@1 59.900 Prec@5 92.610             Loss 1.30860
Epoch [61] Testing Class Recall: [0.928,0.985,0.770,0.384,0.604,0.726,0.513,0.501,0.218,0.361]
Epoch [62] Training Results: Prec@1 87.621 Prec@5 99.608             Loss 0.95621
Epoch [62] Training Class Recall: [0.964,0.931,0.873,0.783,0.836,0.623,0.690,0.662,0.602,0.480]
Epoch [62] Testing Results: Prec@1 64.320 Prec@5 94.760             Loss 1.10432
Epoch [62] Testing Class Recall: [0.917,0.983,0.750,0.611,0.716,0.342,0.418,0.606,0.496,0.593]
Epoch [63] Training Results: Prec@1 87.713 Prec@5 99.608             Loss 1.05461
Epoch [63] Training Class Recall: [0.952,0.944,0.875,0.817,0.812,0.618,0.703,0.683,0.687,0.500]
Epoch [63] Testing Results: Prec@1 58.880 Prec@5 91.680             Loss 1.36990
Epoch [63] Testing Class Recall: [0.948,0.967,0.638,0.828,0.787,0.155,0.686,0.442,0.134,0.303]
Epoch [64] Training Results: Prec@1 87.322 Prec@5 99.585             Loss 1.01656
Epoch [64] Training Class Recall: [0.957,0.933,0.873,0.799,0.839,0.576,0.651,0.734,0.554,0.440]
Epoch [64] Testing Results: Prec@1 56.340 Prec@5 90.390             Loss 1.53561
Epoch [64] Testing Class Recall: [0.969,0.966,0.802,0.611,0.621,0.415,0.685,0.336,0.193,0.036]
Epoch [65] Training Results: Prec@1 88.035 Prec@5 99.655             Loss 0.99770
Epoch [65] Training Class Recall: [0.966,0.941,0.856,0.809,0.843,0.643,0.690,0.705,0.578,0.560]
Epoch [65] Testing Results: Prec@1 63.510 Prec@5 92.600             Loss 1.19900
Epoch [65] Testing Class Recall: [0.934,0.976,0.826,0.596,0.708,0.522,0.642,0.636,0.186,0.325]
Epoch [66] Training Results: Prec@1 88.427 Prec@5 99.632             Loss 0.89338
Epoch [66] Training Class Recall: [0.968,0.942,0.873,0.796,0.839,0.643,0.724,0.655,0.711,0.600]
Epoch [66] Testing Results: Prec@1 56.610 Prec@5 86.310             Loss 1.72788
Epoch [66] Testing Class Recall: [0.917,0.924,0.837,0.809,0.598,0.370,0.689,0.399,0.079,0.039]
Epoch [67] Training Results: Prec@1 87.771 Prec@5 99.666             Loss 1.02639
Epoch [67] Training Class Recall: [0.961,0.949,0.867,0.802,0.836,0.581,0.681,0.647,0.735,0.600]
Epoch [67] Testing Results: Prec@1 66.740 Prec@5 93.340             Loss 1.09505
Epoch [67] Testing Class Recall: [0.943,0.925,0.745,0.648,0.783,0.664,0.672,0.698,0.385,0.211]
Epoch [68] Training Results: Prec@1 89.072 Prec@5 99.597             Loss 0.99548
Epoch [68] Training Class Recall: [0.957,0.946,0.894,0.825,0.864,0.636,0.685,0.777,0.711,0.620]
Epoch [68] Testing Results: Prec@1 55.910 Prec@5 93.000             Loss 1.51035
Epoch [68] Testing Class Recall: [0.978,0.979,0.625,0.548,0.600,0.488,0.362,0.614,0.202,0.195]
Epoch [69] Training Results: Prec@1 88.703 Prec@5 99.701             Loss 0.92244
Epoch [69] Training Class Recall: [0.956,0.955,0.880,0.821,0.843,0.646,0.720,0.755,0.663,0.620]
Epoch [69] Testing Results: Prec@1 62.150 Prec@5 94.850             Loss 1.25285
Epoch [69] Testing Class Recall: [0.985,0.902,0.731,0.465,0.645,0.584,0.693,0.546,0.110,0.554]
Epoch [70] Training Results: Prec@1 89.026 Prec@5 99.747             Loss 0.95301
Epoch [70] Training Class Recall: [0.970,0.944,0.871,0.823,0.879,0.623,0.681,0.727,0.699,0.660]
Epoch [70] Testing Results: Prec@1 65.640 Prec@5 94.940             Loss 1.09043
Epoch [70] Testing Class Recall: [0.899,0.951,0.849,0.826,0.690,0.225,0.590,0.416,0.444,0.674]
Epoch [71] Training Results: Prec@1 88.749 Prec@5 99.678             Loss 0.99560
Epoch [71] Training Class Recall: [0.964,0.947,0.868,0.830,0.848,0.636,0.741,0.626,0.735,0.660]
Epoch [71] Testing Results: Prec@1 65.150 Prec@5 92.300             Loss 1.21042
Epoch [71] Testing Class Recall: [0.884,0.984,0.874,0.696,0.616,0.464,0.701,0.655,0.300,0.341]
Epoch [72] Training Results: Prec@1 88.565 Prec@5 99.758             Loss 0.95124
Epoch [72] Training Class Recall: [0.960,0.946,0.885,0.799,0.843,0.615,0.750,0.705,0.747,0.640]
Epoch [72] Testing Results: Prec@1 64.990 Prec@5 94.040             Loss 1.12739
Epoch [72] Testing Class Recall: [0.943,0.978,0.822,0.709,0.352,0.662,0.626,0.518,0.397,0.492]
Epoch [73] Training Results: Prec@1 89.682 Prec@5 99.643             Loss 0.98601
Epoch [73] Training Class Recall: [0.969,0.957,0.880,0.833,0.867,0.682,0.780,0.669,0.699,0.480]
Epoch [73] Testing Results: Prec@1 61.600 Prec@5 93.110             Loss 1.35041
Epoch [73] Testing Class Recall: [0.952,0.948,0.691,0.843,0.688,0.418,0.449,0.553,0.193,0.425]
Epoch [74] Training Results: Prec@1 88.277 Prec@5 99.758             Loss 0.95691
Epoch [74] Training Class Recall: [0.961,0.950,0.860,0.824,0.851,0.630,0.720,0.669,0.651,0.580]
Epoch [74] Testing Results: Prec@1 58.360 Prec@5 88.620             Loss 1.46026
Epoch [74] Testing Class Recall: [0.939,0.937,0.805,0.601,0.702,0.392,0.897,0.181,0.113,0.269]
Epoch [75] Training Results: Prec@1 89.912 Prec@5 99.770             Loss 0.99700
Epoch [75] Training Class Recall: [0.972,0.956,0.880,0.825,0.864,0.661,0.784,0.748,0.747,0.720]
Epoch [75] Testing Results: Prec@1 59.850 Prec@5 92.220             Loss 1.34823
Epoch [75] Testing Class Recall: [0.985,0.967,0.704,0.623,0.691,0.387,0.557,0.558,0.264,0.249]
Epoch [76] Training Results: Prec@1 89.498 Prec@5 99.770             Loss 1.00037
Epoch [76] Training Class Recall: [0.963,0.965,0.885,0.812,0.862,0.664,0.815,0.748,0.639,0.620]
Epoch [76] Testing Results: Prec@1 57.010 Prec@5 86.080             Loss 1.58050
Epoch [76] Testing Class Recall: [0.959,0.984,0.829,0.517,0.717,0.457,0.649,0.466,0.060,0.063]
Epoch [77] Training Results: Prec@1 89.866 Prec@5 99.689             Loss 0.91647
Epoch [77] Training Class Recall: [0.972,0.947,0.879,0.828,0.876,0.685,0.802,0.691,0.687,0.640]
Epoch [77] Testing Results: Prec@1 57.490 Prec@5 88.280             Loss 1.53436
Epoch [77] Testing Class Recall: [0.942,0.995,0.742,0.732,0.847,0.421,0.500,0.291,0.174,0.105]
Epoch [78] Training Results: Prec@1 89.947 Prec@5 99.804             Loss 0.98353
Epoch [78] Training Class Recall: [0.967,0.949,0.878,0.849,0.879,0.685,0.754,0.748,0.699,0.700]
Epoch [78] Testing Results: Prec@1 70.230 Prec@5 94.480             Loss 0.96616
Epoch [78] Testing Class Recall: [0.931,0.982,0.758,0.713,0.813,0.587,0.720,0.555,0.319,0.645]
Epoch [79] Training Results: Prec@1 90.039 Prec@5 99.781             Loss 0.93258
Epoch [79] Training Class Recall: [0.968,0.960,0.887,0.849,0.876,0.623,0.780,0.727,0.747,0.620]
Epoch [79] Testing Results: Prec@1 64.180 Prec@5 94.200             Loss 1.16271
Epoch [79] Testing Class Recall: [0.967,0.941,0.715,0.523,0.672,0.424,0.584,0.735,0.271,0.586]
Epoch [80] Training Results: Prec@1 89.337 Prec@5 99.770             Loss 0.90603
Epoch [80] Training Class Recall: [0.970,0.947,0.870,0.830,0.859,0.680,0.737,0.727,0.699,0.560]
Epoch [80] Testing Results: Prec@1 58.290 Prec@5 93.170             Loss 1.35311
Epoch [80] Testing Class Recall: [0.958,0.971,0.859,0.618,0.644,0.336,0.591,0.416,0.159,0.277]
Epoch [81] Training Results: Prec@1 89.705 Prec@5 99.735             Loss 0.90102
Epoch [81] Training Class Recall: [0.967,0.948,0.879,0.831,0.881,0.638,0.789,0.791,0.699,0.660]
Epoch [81] Testing Results: Prec@1 61.880 Prec@5 91.090             Loss 1.35432
Epoch [81] Testing Class Recall: [0.955,0.928,0.893,0.617,0.685,0.347,0.791,0.461,0.354,0.157]
Epoch [82] Training Results: Prec@1 89.740 Prec@5 99.655             Loss 0.98268
Epoch [82] Training Class Recall: [0.967,0.951,0.872,0.853,0.870,0.646,0.767,0.748,0.735,0.640]
Epoch [82] Testing Results: Prec@1 63.570 Prec@5 93.050             Loss 1.20842
Epoch [82] Testing Class Recall: [0.891,0.969,0.875,0.835,0.578,0.430,0.513,0.530,0.296,0.440]
Epoch [83] Training Results: Prec@1 90.362 Prec@5 99.850             Loss 0.96061
Epoch [83] Training Class Recall: [0.975,0.950,0.885,0.860,0.878,0.620,0.767,0.763,0.795,0.600]
Epoch [83] Testing Results: Prec@1 62.110 Prec@5 90.960             Loss 1.29545
Epoch [83] Testing Class Recall: [0.900,0.992,0.821,0.394,0.679,0.661,0.835,0.571,0.218,0.140]
Epoch [84] Training Results: Prec@1 90.569 Prec@5 99.758             Loss 0.95534
Epoch [84] Training Class Recall: [0.968,0.960,0.892,0.841,0.871,0.680,0.836,0.734,0.783,0.760]
Epoch [84] Testing Results: Prec@1 59.260 Prec@5 92.090             Loss 1.40250
Epoch [84] Testing Class Recall: [0.983,0.948,0.618,0.741,0.699,0.452,0.742,0.440,0.144,0.159]
Epoch [85] Training Results: Prec@1 90.281 Prec@5 99.804             Loss 0.92901
Epoch [85] Training Class Recall: [0.967,0.951,0.879,0.838,0.898,0.693,0.832,0.727,0.771,0.640]
Epoch [85] Testing Results: Prec@1 61.460 Prec@5 91.880             Loss 1.27648
Epoch [85] Testing Class Recall: [0.957,0.989,0.744,0.713,0.724,0.559,0.449,0.400,0.236,0.375]
Epoch [86] Training Results: Prec@1 90.914 Prec@5 99.862             Loss 0.93707
Epoch [86] Training Class Recall: [0.973,0.947,0.899,0.842,0.878,0.703,0.815,0.806,0.783,0.660]
Epoch [86] Testing Results: Prec@1 61.620 Prec@5 89.150             Loss 1.44618
Epoch [86] Testing Class Recall: [0.978,0.918,0.726,0.680,0.826,0.663,0.587,0.542,0.119,0.123]
Epoch [87] Training Results: Prec@1 90.085 Prec@5 99.689             Loss 0.93062
Epoch [87] Training Class Recall: [0.968,0.962,0.893,0.840,0.851,0.633,0.763,0.813,0.723,0.700]
Epoch [87] Testing Results: Prec@1 57.550 Prec@5 92.220             Loss 1.47830
Epoch [87] Testing Class Recall: [0.970,0.985,0.585,0.787,0.492,0.425,0.686,0.360,0.252,0.213]
Epoch [88] Training Results: Prec@1 90.753 Prec@5 99.793             Loss 0.93790
Epoch [88] Training Class Recall: [0.971,0.957,0.894,0.872,0.860,0.680,0.750,0.770,0.747,0.720]
Epoch [88] Testing Results: Prec@1 59.550 Prec@5 90.920             Loss 1.45767
Epoch [88] Testing Class Recall: [0.961,0.959,0.801,0.787,0.787,0.480,0.440,0.375,0.145,0.220]
Epoch [89] Training Results: Prec@1 91.421 Prec@5 99.862             Loss 0.95691
Epoch [89] Training Class Recall: [0.972,0.952,0.898,0.876,0.882,0.703,0.828,0.820,0.771,0.660]
Epoch [89] Testing Results: Prec@1 62.490 Prec@5 90.900             Loss 1.29188
Epoch [89] Testing Class Recall: [0.971,0.952,0.757,0.514,0.870,0.772,0.440,0.363,0.205,0.405]
Epoch [90] Training Results: Prec@1 90.649 Prec@5 99.804             Loss 0.95485
Epoch [90] Training Class Recall: [0.975,0.950,0.886,0.852,0.899,0.677,0.741,0.770,0.711,0.760]
Epoch [90] Testing Results: Prec@1 59.260 Prec@5 92.230             Loss 1.40103
Epoch [90] Testing Class Recall: [0.942,0.946,0.920,0.608,0.633,0.380,0.541,0.581,0.172,0.203]
Epoch [91] Training Results: Prec@1 90.465 Prec@5 99.804             Loss 0.98186
Epoch [91] Training Class Recall: [0.975,0.945,0.894,0.847,0.888,0.661,0.728,0.755,0.723,0.680]
Epoch [91] Testing Results: Prec@1 65.420 Prec@5 93.900             Loss 1.14403
Epoch [91] Testing Class Recall: [0.975,0.966,0.776,0.611,0.843,0.385,0.682,0.364,0.460,0.480]
Epoch [92] Training Results: Prec@1 91.041 Prec@5 99.747             Loss 0.88412
Epoch [92] Training Class Recall: [0.971,0.959,0.902,0.858,0.873,0.708,0.776,0.770,0.807,0.620]
Epoch [92] Testing Results: Prec@1 65.220 Prec@5 92.100             Loss 1.21541
Epoch [92] Testing Class Recall: [0.946,0.986,0.812,0.736,0.733,0.566,0.559,0.699,0.126,0.359]
Epoch [93] Training Results: Prec@1 90.765 Prec@5 99.770             Loss 0.99621
Epoch [93] Training Class Recall: [0.968,0.957,0.894,0.851,0.898,0.672,0.797,0.755,0.759,0.780]
Epoch [93] Testing Results: Prec@1 66.690 Prec@5 94.330             Loss 1.07810
Epoch [93] Testing Class Recall: [0.962,0.983,0.737,0.694,0.724,0.419,0.494,0.722,0.373,0.561]
Epoch [94] Training Results: Prec@1 90.868 Prec@5 99.793             Loss 0.96384
Epoch [94] Training Class Recall: [0.965,0.951,0.898,0.869,0.878,0.682,0.815,0.820,0.759,0.640]
Epoch [94] Testing Results: Prec@1 64.930 Prec@5 94.130             Loss 1.14409
Epoch [94] Testing Class Recall: [0.984,0.962,0.661,0.698,0.681,0.709,0.699,0.450,0.238,0.411]
Epoch [95] Training Results: Prec@1 90.707 Prec@5 99.862             Loss 0.88761
Epoch [95] Training Class Recall: [0.966,0.961,0.888,0.857,0.879,0.685,0.828,0.791,0.747,0.780]
Epoch [95] Testing Results: Prec@1 56.560 Prec@5 90.500             Loss 1.60321
Epoch [95] Testing Class Recall: [0.986,0.941,0.758,0.541,0.667,0.425,0.511,0.492,0.034,0.301]
Epoch [96] Training Results: Prec@1 91.168 Prec@5 99.827             Loss 0.99337
Epoch [96] Training Class Recall: [0.968,0.951,0.898,0.866,0.885,0.693,0.841,0.835,0.699,0.760]
Epoch [96] Testing Results: Prec@1 60.210 Prec@5 92.050             Loss 1.35334
Epoch [96] Testing Class Recall: [0.976,0.971,0.651,0.824,0.739,0.271,0.615,0.466,0.240,0.268]
Epoch [97] Training Results: Prec@1 90.972 Prec@5 99.862             Loss 0.94065
Epoch [97] Training Class Recall: [0.969,0.957,0.892,0.847,0.907,0.711,0.793,0.820,0.675,0.820]
Epoch [97] Testing Results: Prec@1 64.000 Prec@5 89.470             Loss 1.35067
Epoch [97] Testing Class Recall: [0.942,0.974,0.781,0.602,0.802,0.647,0.700,0.712,0.089,0.151]
Epoch [98] Training Results: Prec@1 91.651 Prec@5 99.758             Loss 0.93619
Epoch [98] Training Class Recall: [0.977,0.957,0.897,0.855,0.913,0.705,0.828,0.842,0.699,0.760]
Epoch [98] Testing Results: Prec@1 67.230 Prec@5 93.830             Loss 1.08483
Epoch [98] Testing Class Recall: [0.983,0.948,0.661,0.705,0.752,0.664,0.770,0.189,0.444,0.607]
Epoch [99] Training Results: Prec@1 91.053 Prec@5 99.885             Loss 0.95669
Epoch [99] Training Class Recall: [0.968,0.948,0.895,0.868,0.891,0.700,0.819,0.755,0.807,0.720]
Epoch [99] Testing Results: Prec@1 60.940 Prec@5 89.910             Loss 1.39180
Epoch [99] Testing Class Recall: [0.943,0.990,0.864,0.622,0.618,0.637,0.353,0.632,0.191,0.244]
Epoch [100] Training Results: Prec@1 91.271 Prec@5 99.793             Loss 1.00273
Epoch [100] Training Class Recall: [0.971,0.959,0.893,0.868,0.904,0.731,0.767,0.813,0.747,0.540]
Epoch [100] Testing Results: Prec@1 62.190 Prec@5 91.000             Loss 1.27751
Epoch [100] Testing Class Recall: [0.963,0.971,0.611,0.763,0.889,0.562,0.344,0.603,0.162,0.351]
Epoch [101] Training Results: Prec@1 91.237 Prec@5 99.781             Loss 0.99512
Epoch [101] Training Class Recall: [0.964,0.952,0.901,0.879,0.901,0.734,0.776,0.748,0.711,0.740]
Epoch [101] Testing Results: Prec@1 62.620 Prec@5 93.220             Loss 1.27592
Epoch [101] Testing Class Recall: [0.970,0.967,0.826,0.669,0.584,0.335,0.740,0.626,0.069,0.476]
Epoch [102] Training Results: Prec@1 91.502 Prec@5 99.873             Loss 0.88368
Epoch [102] Training Class Recall: [0.976,0.959,0.888,0.864,0.910,0.726,0.828,0.791,0.687,0.700]
Epoch [102] Testing Results: Prec@1 62.660 Prec@5 89.770             Loss 1.41573
Epoch [102] Testing Class Recall: [0.919,0.991,0.857,0.460,0.766,0.809,0.639,0.563,0.194,0.068]
Epoch [103] Training Results: Prec@1 91.099 Prec@5 99.850             Loss 0.91534
Epoch [103] Training Class Recall: [0.971,0.957,0.897,0.867,0.884,0.700,0.789,0.791,0.699,0.700]
Epoch [103] Testing Results: Prec@1 62.500 Prec@5 92.320             Loss 1.29554
Epoch [103] Testing Class Recall: [0.981,0.973,0.623,0.776,0.648,0.445,0.745,0.550,0.333,0.176]
Epoch [104] Training Results: Prec@1 91.640 Prec@5 99.781             Loss 0.98171
Epoch [104] Training Class Recall: [0.975,0.955,0.889,0.877,0.918,0.736,0.810,0.777,0.699,0.720]
Epoch [104] Testing Results: Prec@1 61.080 Prec@5 91.530             Loss 1.35343
Epoch [104] Testing Class Recall: [0.961,0.948,0.867,0.551,0.665,0.732,0.407,0.566,0.235,0.176]
Epoch [105] Training Results: Prec@1 91.743 Prec@5 99.770             Loss 0.88663
Epoch [105] Training Class Recall: [0.978,0.944,0.903,0.860,0.887,0.736,0.836,0.849,0.831,0.660]
Epoch [105] Testing Results: Prec@1 64.830 Prec@5 91.150             Loss 1.21062
Epoch [105] Testing Class Recall: [0.920,0.929,0.785,0.834,0.844,0.503,0.574,0.609,0.179,0.306]
Epoch [106] Training Results: Prec@1 91.398 Prec@5 99.885             Loss 0.95189
Epoch [106] Training Class Recall: [0.970,0.946,0.886,0.893,0.898,0.716,0.797,0.791,0.771,0.820]
Epoch [106] Testing Results: Prec@1 65.500 Prec@5 93.080             Loss 1.14860
Epoch [106] Testing Class Recall: [0.932,0.978,0.906,0.621,0.797,0.301,0.523,0.393,0.471,0.628]
Epoch [107] Training Results: Prec@1 92.043 Prec@5 99.931             Loss 0.93954
Epoch [107] Training Class Recall: [0.975,0.975,0.898,0.877,0.888,0.724,0.849,0.820,0.783,0.720]
Epoch [107] Testing Results: Prec@1 59.650 Prec@5 92.280             Loss 1.40453
Epoch [107] Testing Class Recall: [0.973,0.983,0.739,0.747,0.520,0.436,0.557,0.349,0.204,0.457]
Epoch [108] Training Results: Prec@1 91.836 Prec@5 99.873             Loss 0.94489
Epoch [108] Training Class Recall: [0.980,0.965,0.893,0.852,0.922,0.749,0.828,0.748,0.735,0.720]
Epoch [108] Testing Results: Prec@1 64.760 Prec@5 92.920             Loss 1.22291
Epoch [108] Testing Class Recall: [0.952,0.981,0.761,0.822,0.716,0.524,0.671,0.591,0.182,0.276]
Epoch [109] Training Results: Prec@1 91.709 Prec@5 99.839             Loss 0.90256
Epoch [109] Training Class Recall: [0.975,0.962,0.898,0.851,0.912,0.752,0.828,0.770,0.795,0.680]
Epoch [109] Testing Results: Prec@1 69.850 Prec@5 95.240             Loss 0.99108
Epoch [109] Testing Class Recall: [0.964,0.892,0.715,0.858,0.603,0.523,0.650,0.560,0.451,0.769]
Epoch [110] Training Results: Prec@1 92.008 Prec@5 99.873             Loss 0.94077
Epoch [110] Training Class Recall: [0.969,0.962,0.914,0.849,0.907,0.786,0.832,0.835,0.771,0.720]
Epoch [110] Testing Results: Prec@1 64.670 Prec@5 93.820             Loss 1.16936
Epoch [110] Testing Class Recall: [0.933,0.995,0.793,0.594,0.705,0.654,0.536,0.596,0.286,0.375]
Epoch [111] Training Results: Prec@1 90.972 Prec@5 99.885             Loss 0.89618
Epoch [111] Training Class Recall: [0.963,0.954,0.899,0.841,0.913,0.729,0.823,0.813,0.699,0.780]
Epoch [111] Testing Results: Prec@1 66.550 Prec@5 94.300             Loss 1.11851
Epoch [111] Testing Class Recall: [0.968,0.982,0.723,0.577,0.569,0.684,0.640,0.713,0.487,0.312]
Epoch [112] Training Results: Prec@1 92.365 Prec@5 99.873             Loss 0.88162
Epoch [112] Training Class Recall: [0.974,0.961,0.898,0.880,0.916,0.791,0.845,0.835,0.783,0.660]
Epoch [112] Testing Results: Prec@1 68.410 Prec@5 94.660             Loss 1.03716
Epoch [112] Testing Class Recall: [0.907,0.979,0.713,0.865,0.594,0.542,0.411,0.616,0.535,0.679]
Epoch [113] Training Results: Prec@1 92.158 Prec@5 99.827             Loss 0.90570
Epoch [113] Training Class Recall: [0.972,0.958,0.905,0.888,0.919,0.749,0.828,0.777,0.699,0.780]
Epoch [113] Testing Results: Prec@1 63.750 Prec@5 90.080             Loss 1.36142
Epoch [113] Testing Class Recall: [0.942,0.990,0.842,0.726,0.737,0.612,0.591,0.678,0.142,0.115]
Epoch [114] Training Results: Prec@1 92.699 Prec@5 99.896             Loss 0.90899
Epoch [114] Training Class Recall: [0.977,0.962,0.908,0.883,0.927,0.767,0.810,0.842,0.747,0.820]
Epoch [114] Testing Results: Prec@1 63.980 Prec@5 94.070             Loss 1.21554
Epoch [114] Testing Class Recall: [0.966,0.946,0.872,0.640,0.558,0.443,0.633,0.538,0.277,0.525]
Epoch [115] Training Results: Prec@1 92.607 Prec@5 99.885             Loss 0.87971
Epoch [115] Training Class Recall: [0.976,0.975,0.904,0.885,0.918,0.752,0.841,0.806,0.759,0.820]
Epoch [115] Testing Results: Prec@1 65.200 Prec@5 94.020             Loss 1.12975
Epoch [115] Testing Class Recall: [0.978,0.910,0.790,0.680,0.756,0.640,0.491,0.659,0.297,0.319]
Epoch [116] Training Results: Prec@1 92.515 Prec@5 99.931             Loss 0.93384
Epoch [116] Training Class Recall: [0.977,0.967,0.903,0.875,0.905,0.814,0.836,0.748,0.807,0.780]
Epoch [116] Testing Results: Prec@1 68.050 Prec@5 94.550             Loss 1.03614
Epoch [116] Testing Class Recall: [0.955,0.965,0.735,0.617,0.721,0.694,0.523,0.690,0.346,0.559]
Epoch [117] Training Results: Prec@1 92.872 Prec@5 99.908             Loss 0.90374
Epoch [117] Training Class Recall: [0.974,0.965,0.908,0.894,0.926,0.773,0.845,0.849,0.795,0.780]
Epoch [117] Testing Results: Prec@1 57.600 Prec@5 90.920             Loss 1.52404
Epoch [117] Testing Class Recall: [0.886,0.946,0.843,0.897,0.536,0.301,0.368,0.582,0.176,0.225]
Epoch [118] Training Results: Prec@1 92.216 Prec@5 99.793             Loss 0.89364
Epoch [118] Training Class Recall: [0.977,0.956,0.905,0.876,0.893,0.760,0.849,0.770,0.783,0.820]
Epoch [118] Testing Results: Prec@1 61.450 Prec@5 93.550             Loss 1.32341
Epoch [118] Testing Class Recall: [0.967,0.923,0.843,0.761,0.616,0.268,0.361,0.573,0.312,0.521]
Epoch [119] Training Results: Prec@1 93.252 Prec@5 99.908             Loss 0.89538
Epoch [119] Training Class Recall: [0.975,0.973,0.923,0.872,0.926,0.806,0.828,0.863,0.831,0.880]
Epoch [119] Testing Results: Prec@1 60.010 Prec@5 89.760             Loss 1.43189
Epoch [119] Testing Class Recall: [0.932,0.985,0.659,0.880,0.761,0.346,0.553,0.282,0.339,0.264]
Epoch [120] Training Results: Prec@1 92.653 Prec@5 99.850             Loss 0.85904
Epoch [120] Training Class Recall: [0.977,0.961,0.913,0.881,0.899,0.770,0.862,0.835,0.795,0.680]
Epoch [120] Testing Results: Prec@1 62.790 Prec@5 92.550             Loss 1.29145
Epoch [120] Testing Class Recall: [0.972,0.985,0.690,0.765,0.698,0.676,0.455,0.512,0.271,0.255]
Epoch [121] Training Results: Prec@1 92.860 Prec@5 99.885             Loss 0.87400
Epoch [121] Training Class Recall: [0.972,0.958,0.913,0.890,0.905,0.817,0.858,0.842,0.831,0.760]
Epoch [121] Testing Results: Prec@1 69.260 Prec@5 94.530             Loss 1.04274
Epoch [121] Testing Class Recall: [0.930,0.990,0.740,0.660,0.816,0.748,0.746,0.521,0.246,0.529]
Epoch [122] Training Results: Prec@1 92.423 Prec@5 99.896             Loss 0.94595
Epoch [122] Training Class Recall: [0.980,0.968,0.899,0.851,0.919,0.775,0.858,0.892,0.735,0.800]
Epoch [122] Testing Results: Prec@1 63.620 Prec@5 92.610             Loss 1.25800
Epoch [122] Testing Class Recall: [0.952,0.966,0.803,0.732,0.615,0.443,0.567,0.552,0.182,0.550]
Epoch [123] Training Results: Prec@1 92.918 Prec@5 99.896             Loss 0.90076
Epoch [123] Training Class Recall: [0.980,0.969,0.911,0.885,0.924,0.726,0.888,0.842,0.783,0.740]
Epoch [123] Testing Results: Prec@1 61.060 Prec@5 91.270             Loss 1.38167
Epoch [123] Testing Class Recall: [0.886,0.970,0.930,0.578,0.606,0.291,0.800,0.568,0.243,0.234]
Epoch [124] Training Results: Prec@1 92.388 Prec@5 99.965             Loss 0.90465
Epoch [124] Training Class Recall: [0.978,0.959,0.908,0.869,0.912,0.757,0.849,0.835,0.759,0.720]
Epoch [124] Testing Results: Prec@1 58.560 Prec@5 86.160             Loss 1.56369
Epoch [124] Testing Class Recall: [0.935,0.936,0.846,0.763,0.809,0.373,0.669,0.208,0.245,0.072]
Epoch [125] Training Results: Prec@1 92.964 Prec@5 99.942             Loss 0.90150
Epoch [125] Training Class Recall: [0.978,0.965,0.917,0.886,0.901,0.796,0.836,0.827,0.831,0.720]
Epoch [125] Testing Results: Prec@1 62.880 Prec@5 88.690             Loss 1.47440
Epoch [125] Testing Class Recall: [0.950,0.953,0.762,0.659,0.855,0.672,0.648,0.555,0.119,0.115]
Epoch [126] Training Results: Prec@1 92.584 Prec@5 99.873             Loss 0.89858
Epoch [126] Training Class Recall: [0.974,0.961,0.914,0.864,0.924,0.778,0.866,0.849,0.759,0.760]
Epoch [126] Testing Results: Prec@1 70.510 Prec@5 94.900             Loss 0.97618
Epoch [126] Testing Class Recall: [0.962,0.959,0.821,0.710,0.793,0.640,0.690,0.465,0.345,0.666]
Epoch [127] Training Results: Prec@1 93.148 Prec@5 99.942             Loss 0.94739
Epoch [127] Training Class Recall: [0.983,0.968,0.917,0.871,0.919,0.783,0.862,0.835,0.735,0.820]
Epoch [127] Testing Results: Prec@1 67.220 Prec@5 91.830             Loss 1.14140
Epoch [127] Testing Class Recall: [0.870,0.963,0.874,0.719,0.776,0.713,0.660,0.393,0.423,0.331]
Epoch [128] Training Results: Prec@1 93.125 Prec@5 99.919             Loss 0.90662
Epoch [128] Training Class Recall: [0.976,0.968,0.912,0.905,0.913,0.783,0.866,0.849,0.711,0.800]
Epoch [128] Testing Results: Prec@1 64.810 Prec@5 92.200             Loss 1.19578
Epoch [128] Testing Class Recall: [0.932,0.983,0.862,0.728,0.871,0.472,0.530,0.485,0.310,0.308]
Epoch [129] Training Results: Prec@1 93.102 Prec@5 99.873             Loss 0.86911
Epoch [129] Training Class Recall: [0.977,0.967,0.911,0.894,0.922,0.775,0.862,0.892,0.747,0.760]
Epoch [129] Testing Results: Prec@1 62.970 Prec@5 93.580             Loss 1.28078
Epoch [129] Testing Class Recall: [0.967,0.927,0.792,0.664,0.552,0.616,0.510,0.759,0.218,0.292]
Epoch [130] Training Results: Prec@1 84.155 Prec@5 99.666             Loss 0.25312
Epoch [130] Training Class Recall: [0.817,0.801,0.868,0.815,0.929,0.853,0.922,0.914,0.928,0.940]
Epoch [130] Testing Results: Prec@1 73.170 Prec@5 97.630             Loss 0.74233
Epoch [130] Testing Class Recall: [0.845,0.654,0.713,0.706,0.625,0.646,0.785,0.905,0.611,0.827]
Epoch [131] Training Results: Prec@1 86.239 Prec@5 99.689             Loss 0.24987
Epoch [131] Training Class Recall: [0.866,0.779,0.869,0.847,0.918,0.860,0.931,0.942,0.880,0.980]
Epoch [131] Testing Results: Prec@1 71.680 Prec@5 96.200             Loss 1.37016
Epoch [131] Testing Class Recall: [0.867,0.926,0.836,0.648,0.767,0.629,0.871,0.664,0.591,0.369]
Epoch [132] Training Results: Prec@1 88.980 Prec@5 99.793             Loss 0.22010
Epoch [132] Training Class Recall: [0.885,0.842,0.898,0.868,0.935,0.871,0.974,0.993,0.988,0.960]
Epoch [132] Testing Results: Prec@1 77.250 Prec@5 98.320             Loss 0.64713
Epoch [132] Testing Class Recall: [0.827,0.829,0.774,0.693,0.808,0.773,0.729,0.712,0.702,0.878]
Epoch [133] Training Results: Prec@1 89.636 Prec@5 99.827             Loss 0.22138
Epoch [133] Training Class Recall: [0.888,0.819,0.919,0.889,0.949,0.889,0.953,0.971,0.988,1.000]
Epoch [133] Testing Results: Prec@1 78.320 Prec@5 98.410             Loss 0.66559
Epoch [133] Testing Class Recall: [0.832,0.887,0.817,0.669,0.805,0.767,0.798,0.669,0.778,0.810]
Epoch [134] Training Results: Prec@1 90.166 Prec@5 99.804             Loss 0.22259
Epoch [134] Training Class Recall: [0.886,0.878,0.912,0.894,0.940,0.907,0.970,0.978,0.976,1.000]
Epoch [134] Testing Results: Prec@1 77.370 Prec@5 98.150             Loss 0.62056
Epoch [134] Testing Class Recall: [0.854,0.781,0.798,0.634,0.832,0.656,0.825,0.801,0.666,0.890]
Epoch [135] Training Results: Prec@1 90.776 Prec@5 99.839             Loss 0.22099
Epoch [135] Training Class Recall: [0.899,0.879,0.920,0.895,0.935,0.891,0.978,0.978,0.976,1.000]
Epoch [135] Testing Results: Prec@1 75.520 Prec@5 97.440             Loss 0.97177
Epoch [135] Testing Class Recall: [0.859,0.952,0.679,0.708,0.783,0.721,0.928,0.662,0.574,0.686]
Epoch [136] Training Results: Prec@1 89.774 Prec@5 99.816             Loss 0.21711
Epoch [136] Training Class Recall: [0.883,0.874,0.909,0.892,0.924,0.907,0.970,0.950,0.988,0.980]
Epoch [136] Testing Results: Prec@1 73.970 Prec@5 97.470             Loss 1.10305
Epoch [136] Testing Class Recall: [0.839,0.880,0.714,0.681,0.757,0.764,0.832,0.844,0.527,0.559]
Epoch [137] Training Results: Prec@1 88.980 Prec@5 99.827             Loss 0.22432
Epoch [137] Training Class Recall: [0.890,0.806,0.900,0.877,0.936,0.902,0.961,0.978,0.916,1.000]
Epoch [137] Testing Results: Prec@1 76.470 Prec@5 97.790             Loss 0.86687
Epoch [137] Testing Class Recall: [0.862,0.952,0.838,0.643,0.746,0.802,0.779,0.734,0.531,0.760]
Epoch [138] Training Results: Prec@1 88.945 Prec@5 99.885             Loss 0.23130
Epoch [138] Training Class Recall: [0.862,0.867,0.907,0.888,0.944,0.907,0.961,0.971,1.000,0.980]
Epoch [138] Testing Results: Prec@1 77.250 Prec@5 97.780             Loss 0.81953
Epoch [138] Testing Class Recall: [0.787,0.965,0.777,0.650,0.781,0.698,0.896,0.749,0.760,0.662]
Epoch [139] Training Results: Prec@1 90.074 Prec@5 99.850             Loss 0.22226
Epoch [139] Training Class Recall: [0.873,0.907,0.914,0.901,0.938,0.912,0.974,0.957,0.988,1.000]
Epoch [139] Testing Results: Prec@1 75.720 Prec@5 97.540             Loss 0.78754
Epoch [139] Testing Class Recall: [0.875,0.912,0.803,0.679,0.735,0.733,0.671,0.715,0.679,0.770]
Epoch [140] Training Results: Prec@1 89.567 Prec@5 99.885             Loss 0.23873
Epoch [140] Training Class Recall: [0.879,0.905,0.904,0.857,0.933,0.912,0.970,0.986,0.988,1.000]
Epoch [140] Testing Results: Prec@1 77.420 Prec@5 97.750             Loss 0.81176
Epoch [140] Testing Class Recall: [0.869,0.951,0.691,0.777,0.780,0.720,0.794,0.740,0.690,0.730]
Epoch [141] Training Results: Prec@1 90.362 Prec@5 99.862             Loss 0.21745
Epoch [141] Training Class Recall: [0.892,0.903,0.903,0.889,0.938,0.910,0.961,0.957,0.976,1.000]
Epoch [141] Testing Results: Prec@1 78.380 Prec@5 98.340             Loss 0.70661
Epoch [141] Testing Class Recall: [0.839,0.937,0.729,0.720,0.764,0.756,0.814,0.816,0.663,0.800]
Epoch [142] Training Results: Prec@1 89.797 Prec@5 99.816             Loss 0.22846
Epoch [142] Training Class Recall: [0.882,0.877,0.917,0.874,0.935,0.899,0.970,0.993,0.988,0.960]
Epoch [142] Testing Results: Prec@1 74.750 Prec@5 97.960             Loss 0.66668
Epoch [142] Testing Class Recall: [0.719,0.787,0.775,0.577,0.746,0.616,0.863,0.903,0.657,0.832]
Epoch [143] Training Results: Prec@1 89.498 Prec@5 99.781             Loss 0.21944
Epoch [143] Training Class Recall: [0.889,0.829,0.908,0.886,0.938,0.897,0.957,0.978,1.000,0.960]
Epoch [143] Testing Results: Prec@1 76.620 Prec@5 97.980             Loss 0.92651
Epoch [143] Testing Class Recall: [0.871,0.955,0.751,0.684,0.784,0.709,0.901,0.785,0.585,0.637]
Epoch [144] Training Results: Prec@1 90.200 Prec@5 99.885             Loss 0.23590
Epoch [144] Training Class Recall: [0.897,0.875,0.898,0.890,0.936,0.889,0.996,0.986,0.964,1.000]
Epoch [144] Testing Results: Prec@1 76.140 Prec@5 97.820             Loss 0.77404
Epoch [144] Testing Class Recall: [0.865,0.935,0.810,0.658,0.697,0.737,0.857,0.635,0.630,0.790]
Epoch [145] Training Results: Prec@1 90.200 Prec@5 99.827             Loss 0.22644
Epoch [145] Training Class Recall: [0.893,0.883,0.897,0.892,0.949,0.904,0.961,0.964,0.988,1.000]
Epoch [145] Testing Results: Prec@1 75.980 Prec@5 97.670             Loss 0.79089
Epoch [145] Testing Class Recall: [0.853,0.916,0.845,0.590,0.718,0.754,0.836,0.728,0.563,0.795]
Epoch [146] Training Results: Prec@1 90.304 Prec@5 99.827             Loss 0.22820
Epoch [146] Training Class Recall: [0.892,0.879,0.906,0.880,0.946,0.930,0.983,0.978,0.988,1.000]
Epoch [146] Testing Results: Prec@1 77.290 Prec@5 98.330             Loss 0.58496
Epoch [146] Testing Class Recall: [0.747,0.928,0.674,0.641,0.710,0.640,0.942,0.815,0.826,0.806]
Epoch [147] Training Results: Prec@1 89.164 Prec@5 99.793             Loss 0.23030
Epoch [147] Training Class Recall: [0.896,0.842,0.887,0.861,0.938,0.899,0.953,0.986,1.000,0.980]
Epoch [147] Testing Results: Prec@1 74.240 Prec@5 97.360             Loss 0.91533
Epoch [147] Testing Class Recall: [0.861,0.904,0.745,0.753,0.756,0.461,0.816,0.799,0.699,0.630]
Epoch [148] Training Results: Prec@1 88.795 Prec@5 99.678             Loss 0.22709
Epoch [148] Training Class Recall: [0.877,0.847,0.891,0.873,0.938,0.894,0.970,0.993,0.988,1.000]
Epoch [148] Testing Results: Prec@1 76.450 Prec@5 97.820             Loss 0.92182
Epoch [148] Testing Class Recall: [0.838,0.943,0.853,0.689,0.804,0.626,0.782,0.750,0.754,0.606]
Epoch [149] Training Results: Prec@1 89.118 Prec@5 99.885             Loss 0.21796
Epoch [149] Training Class Recall: [0.884,0.905,0.885,0.863,0.927,0.876,0.957,0.964,0.976,0.980]
Epoch [149] Testing Results: Prec@1 71.740 Prec@5 96.960             Loss 1.03911
Epoch [149] Testing Class Recall: [0.902,0.945,0.729,0.680,0.504,0.831,0.582,0.814,0.561,0.626]
Epoch [150] Training Results: Prec@1 89.878 Prec@5 99.862             Loss 0.21792
Epoch [150] Training Class Recall: [0.890,0.914,0.898,0.853,0.932,0.920,0.974,0.971,0.964,0.980]
Epoch [150] Testing Results: Prec@1 73.690 Prec@5 96.860             Loss 1.00052
Epoch [150] Testing Class Recall: [0.802,0.942,0.860,0.527,0.791,0.742,0.721,0.742,0.621,0.621]
Epoch [151] Training Results: Prec@1 87.943 Prec@5 99.758             Loss 0.22476
Epoch [151] Training Class Recall: [0.861,0.841,0.893,0.873,0.932,0.868,0.966,0.986,0.988,1.000]
Epoch [151] Testing Results: Prec@1 72.300 Prec@5 96.930             Loss 1.01781
Epoch [151] Testing Class Recall: [0.846,0.914,0.811,0.513,0.739,0.522,0.922,0.620,0.741,0.602]
Epoch [152] Training Results: Prec@1 88.991 Prec@5 99.770             Loss 0.21214
Epoch [152] Training Class Recall: [0.878,0.893,0.886,0.863,0.946,0.886,0.957,0.957,0.976,1.000]
Epoch [152] Testing Results: Prec@1 77.440 Prec@5 97.140             Loss 0.60543
Epoch [152] Testing Class Recall: [0.839,0.953,0.705,0.674,0.789,0.542,0.839,0.747,0.811,0.845]
Epoch [153] Training Results: Prec@1 87.886 Prec@5 99.724             Loss 0.22743
Epoch [153] Training Class Recall: [0.871,0.855,0.885,0.830,0.924,0.907,0.966,0.978,0.976,1.000]
Epoch [153] Testing Results: Prec@1 76.410 Prec@5 97.530             Loss 0.73936
Epoch [153] Testing Class Recall: [0.805,0.899,0.772,0.653,0.617,0.648,0.865,0.846,0.853,0.683]
Epoch [154] Training Results: Prec@1 87.425 Prec@5 99.827             Loss 0.23542
Epoch [154] Training Class Recall: [0.856,0.883,0.871,0.854,0.902,0.889,0.987,0.978,1.000,1.000]
Epoch [154] Testing Results: Prec@1 71.400 Prec@5 97.040             Loss 0.97779
Epoch [154] Testing Class Recall: [0.787,0.892,0.750,0.621,0.598,0.843,0.793,0.474,0.642,0.740]
Epoch [155] Training Results: Prec@1 87.218 Prec@5 99.712             Loss 0.24915
Epoch [155] Training Class Recall: [0.867,0.866,0.863,0.840,0.912,0.876,0.948,0.978,0.952,1.000]
Epoch [155] Testing Results: Prec@1 75.530 Prec@5 97.680             Loss 0.67521
Epoch [155] Testing Class Recall: [0.824,0.898,0.796,0.591,0.701,0.726,0.777,0.703,0.665,0.872]
Epoch [156] Training Results: Prec@1 88.323 Prec@5 99.827             Loss 0.22879
Epoch [156] Training Class Recall: [0.881,0.863,0.884,0.824,0.940,0.907,0.961,0.957,1.000,0.980]
Epoch [156] Testing Results: Prec@1 72.350 Prec@5 97.250             Loss 0.64753
Epoch [156] Testing Class Recall: [0.699,0.822,0.794,0.414,0.737,0.479,0.746,0.937,0.770,0.837]
Epoch [157] Training Results: Prec@1 87.621 Prec@5 99.701             Loss 0.22827
Epoch [157] Training Class Recall: [0.871,0.846,0.875,0.840,0.926,0.897,0.970,0.971,0.964,0.940]
Epoch [157] Testing Results: Prec@1 74.920 Prec@5 98.040             Loss 0.75938
Epoch [157] Testing Class Recall: [0.847,0.816,0.745,0.660,0.628,0.683,0.903,0.744,0.664,0.802]
Epoch [158] Training Results: Prec@1 87.943 Prec@5 99.643             Loss 0.22521
Epoch [158] Training Class Recall: [0.875,0.858,0.876,0.851,0.921,0.876,0.966,0.971,1.000,0.980]
Epoch [158] Testing Results: Prec@1 75.430 Prec@5 97.660             Loss 0.79575
Epoch [158] Testing Class Recall: [0.727,0.947,0.682,0.522,0.860,0.833,0.902,0.528,0.799,0.743]
Epoch [159] Training Results: Prec@1 88.266 Prec@5 99.712             Loss 0.22561
Epoch [159] Training Class Recall: [0.881,0.888,0.870,0.853,0.907,0.871,0.966,0.971,0.976,1.000]
Epoch [159] Testing Results: Prec@1 75.640 Prec@5 97.540             Loss 0.94689
Epoch [159] Testing Class Recall: [0.855,0.951,0.811,0.615,0.820,0.741,0.748,0.768,0.590,0.665]
Epoch [160] Training Results: Prec@1 89.648 Prec@5 99.689             Loss 0.20832
Epoch [160] Training Class Recall: [0.873,0.920,0.894,0.875,0.953,0.904,0.978,0.986,1.000,1.000]
Epoch [160] Testing Results: Prec@1 77.680 Prec@5 98.060             Loss 0.78495
Epoch [160] Testing Class Recall: [0.848,0.951,0.773,0.673,0.792,0.739,0.838,0.755,0.671,0.728]
Epoch [161] Training Results: Prec@1 90.500 Prec@5 99.793             Loss 0.21007
Epoch [161] Training Class Recall: [0.878,0.924,0.904,0.888,0.964,0.938,0.987,0.993,1.000,1.000]
Epoch [161] Testing Results: Prec@1 78.280 Prec@5 98.080             Loss 0.73375
Epoch [161] Testing Class Recall: [0.839,0.953,0.765,0.696,0.788,0.718,0.844,0.784,0.706,0.735]
Epoch [162] Training Results: Prec@1 90.730 Prec@5 99.758             Loss 0.21507
Epoch [162] Training Class Recall: [0.882,0.918,0.909,0.891,0.967,0.928,0.987,0.993,1.000,1.000]
Epoch [162] Testing Results: Prec@1 78.630 Prec@5 98.130             Loss 0.72441
Epoch [162] Testing Class Recall: [0.862,0.954,0.761,0.681,0.788,0.726,0.843,0.808,0.711,0.729]
Epoch [163] Training Results: Prec@1 90.972 Prec@5 99.793             Loss 0.19055
Epoch [163] Training Class Recall: [0.888,0.929,0.908,0.880,0.963,0.946,0.983,1.000,1.000,1.000]
Epoch [163] Testing Results: Prec@1 78.860 Prec@5 98.120             Loss 0.74552
Epoch [163] Testing Class Recall: [0.864,0.962,0.753,0.703,0.800,0.721,0.853,0.813,0.703,0.714]
Epoch [164] Training Results: Prec@1 91.156 Prec@5 99.862             Loss 0.19192
Epoch [164] Training Class Recall: [0.891,0.920,0.907,0.898,0.960,0.941,0.991,1.000,1.000,1.000]
Epoch [164] Testing Results: Prec@1 79.260 Prec@5 98.130             Loss 0.70023
Epoch [164] Testing Class Recall: [0.851,0.965,0.771,0.695,0.773,0.725,0.860,0.821,0.728,0.737]
Epoch [165] Training Results: Prec@1 91.409 Prec@5 99.827             Loss 0.21863
Epoch [165] Training Class Recall: [0.892,0.937,0.909,0.906,0.963,0.917,0.983,0.993,1.000,1.000]
Epoch [165] Testing Results: Prec@1 79.960 Prec@5 98.210             Loss 0.66067
Epoch [165] Testing Class Recall: [0.864,0.950,0.757,0.707,0.812,0.734,0.853,0.809,0.729,0.781]
Epoch [166] Training Results: Prec@1 91.571 Prec@5 99.885             Loss 0.20897
Epoch [166] Training Class Recall: [0.896,0.931,0.902,0.913,0.964,0.933,0.996,1.000,1.000,1.000]
Epoch [166] Testing Results: Prec@1 79.500 Prec@5 98.080             Loss 0.70164
Epoch [166] Testing Class Recall: [0.849,0.962,0.782,0.700,0.794,0.747,0.824,0.819,0.719,0.754]
Epoch [167] Training Results: Prec@1 91.766 Prec@5 99.793             Loss 0.19684
Epoch [167] Training Class Recall: [0.898,0.937,0.916,0.899,0.963,0.930,0.987,1.000,1.000,1.000]
Epoch [167] Testing Results: Prec@1 79.910 Prec@5 98.280             Loss 0.66986
Epoch [167] Testing Class Recall: [0.859,0.955,0.801,0.702,0.783,0.737,0.859,0.789,0.740,0.766]
Epoch [168] Training Results: Prec@1 92.239 Prec@5 99.862             Loss 0.19586
Epoch [168] Training Class Recall: [0.905,0.928,0.914,0.916,0.974,0.930,0.996,1.000,1.000,1.000]
Epoch [168] Testing Results: Prec@1 79.720 Prec@5 98.330             Loss 0.69342
Epoch [168] Testing Class Recall: [0.880,0.958,0.792,0.729,0.789,0.686,0.851,0.810,0.730,0.747]
Epoch [169] Training Results: Prec@1 92.077 Prec@5 99.896             Loss 0.21545
Epoch [169] Training Class Recall: [0.904,0.936,0.908,0.910,0.971,0.943,0.991,1.000,1.000,1.000]
Epoch [169] Testing Results: Prec@1 79.960 Prec@5 98.210             Loss 0.67435
Epoch [169] Testing Class Recall: [0.861,0.960,0.772,0.685,0.804,0.734,0.874,0.834,0.702,0.770]
Epoch [170] Training Results: Prec@1 92.100 Prec@5 99.850             Loss 0.19009
Epoch [170] Training Class Recall: [0.904,0.936,0.908,0.910,0.961,0.956,0.996,0.993,1.000,1.000]
Epoch [170] Testing Results: Prec@1 80.340 Prec@5 98.180             Loss 0.65631
Epoch [170] Testing Class Recall: [0.871,0.958,0.770,0.714,0.811,0.723,0.859,0.821,0.736,0.771]
Epoch [171] Training Results: Prec@1 92.342 Prec@5 99.862             Loss 0.19885
Epoch [171] Training Class Recall: [0.907,0.935,0.914,0.914,0.960,0.953,0.991,0.993,1.000,1.000]
Epoch [171] Testing Results: Prec@1 80.360 Prec@5 98.290             Loss 0.67274
Epoch [171] Testing Class Recall: [0.863,0.959,0.788,0.732,0.815,0.723,0.850,0.807,0.736,0.763]
Epoch [172] Training Results: Prec@1 92.538 Prec@5 99.919             Loss 0.20694
Epoch [172] Training Class Recall: [0.910,0.944,0.915,0.911,0.969,0.935,0.996,1.000,1.000,1.000]
Epoch [172] Testing Results: Prec@1 80.010 Prec@5 98.220             Loss 0.66658
Epoch [172] Testing Class Recall: [0.868,0.962,0.774,0.732,0.785,0.721,0.860,0.808,0.716,0.775]
Epoch [173] Training Results: Prec@1 93.356 Prec@5 99.816             Loss 0.18570
Epoch [173] Training Class Recall: [0.917,0.944,0.930,0.928,0.969,0.948,0.996,1.000,1.000,1.000]
Epoch [173] Testing Results: Prec@1 80.380 Prec@5 98.400             Loss 0.68856
Epoch [173] Testing Class Recall: [0.888,0.957,0.779,0.738,0.830,0.722,0.847,0.790,0.731,0.756]
Epoch [174] Training Results: Prec@1 92.918 Prec@5 99.827             Loss 0.18896
Epoch [174] Training Class Recall: [0.916,0.941,0.919,0.925,0.966,0.928,0.996,0.993,1.000,1.000]
Epoch [174] Testing Results: Prec@1 80.050 Prec@5 98.300             Loss 0.70313
Epoch [174] Testing Class Recall: [0.874,0.964,0.790,0.748,0.810,0.690,0.854,0.808,0.721,0.746]
Epoch [175] Training Results: Prec@1 92.837 Prec@5 99.873             Loss 0.19449
Epoch [175] Training Class Recall: [0.913,0.940,0.922,0.917,0.961,0.951,0.996,0.993,1.000,1.000]
Epoch [175] Testing Results: Prec@1 79.910 Prec@5 98.320             Loss 0.71355
Epoch [175] Testing Class Recall: [0.864,0.968,0.796,0.729,0.803,0.719,0.859,0.792,0.727,0.734]
Epoch [176] Training Results: Prec@1 93.148 Prec@5 99.873             Loss 0.20123
Epoch [176] Training Class Recall: [0.918,0.945,0.922,0.919,0.972,0.946,0.996,1.000,1.000,1.000]
Epoch [176] Testing Results: Prec@1 80.110 Prec@5 98.320             Loss 0.72410
Epoch [176] Testing Class Recall: [0.879,0.967,0.771,0.745,0.828,0.709,0.875,0.781,0.728,0.728]
Epoch [177] Training Results: Prec@1 93.379 Prec@5 99.896             Loss 0.19143
Epoch [177] Training Class Recall: [0.917,0.945,0.932,0.919,0.969,0.956,1.000,1.000,1.000,1.000]
Epoch [177] Testing Results: Prec@1 80.380 Prec@5 98.340             Loss 0.66620
Epoch [177] Testing Class Recall: [0.871,0.960,0.763,0.756,0.807,0.723,0.854,0.800,0.736,0.768]
Epoch [178] Training Results: Prec@1 93.125 Prec@5 99.850             Loss 0.20095
Epoch [178] Training Class Recall: [0.921,0.938,0.920,0.918,0.963,0.956,0.996,1.000,1.000,1.000]
Epoch [178] Testing Results: Prec@1 80.110 Prec@5 98.390             Loss 0.70742
Epoch [178] Testing Class Recall: [0.875,0.964,0.782,0.749,0.821,0.708,0.855,0.799,0.710,0.748]
Epoch [179] Training Results: Prec@1 93.217 Prec@5 99.908             Loss 0.20855
Epoch [179] Training Class Recall: [0.917,0.941,0.927,0.925,0.978,0.928,0.991,1.000,1.000,1.000]
Epoch [179] Testing Results: Prec@1 79.470 Prec@5 98.210             Loss 0.73568
Epoch [179] Testing Class Recall: [0.900,0.965,0.786,0.762,0.806,0.697,0.827,0.753,0.701,0.750]
Epoch [180] Training Results: Prec@1 93.379 Prec@5 99.885             Loss 0.20344
Epoch [180] Training Class Recall: [0.922,0.944,0.926,0.921,0.966,0.941,1.000,1.000,1.000,1.000]
Epoch [180] Testing Results: Prec@1 80.080 Prec@5 98.310             Loss 0.68260
Epoch [180] Testing Class Recall: [0.868,0.965,0.775,0.732,0.788,0.719,0.851,0.829,0.722,0.759]
Epoch [181] Training Results: Prec@1 93.528 Prec@5 99.931             Loss 0.22084
Epoch [181] Training Class Recall: [0.919,0.951,0.927,0.932,0.974,0.938,1.000,1.000,1.000,1.000]
Epoch [181] Testing Results: Prec@1 80.210 Prec@5 98.310             Loss 0.69346
Epoch [181] Testing Class Recall: [0.874,0.965,0.791,0.719,0.800,0.729,0.840,0.818,0.739,0.746]
Epoch [182] Training Results: Prec@1 93.655 Prec@5 99.942             Loss 0.19041
Epoch [182] Training Class Recall: [0.930,0.949,0.920,0.923,0.971,0.951,0.987,1.000,1.000,1.000]
Epoch [182] Testing Results: Prec@1 80.010 Prec@5 98.310             Loss 0.72920
Epoch [182] Testing Class Recall: [0.882,0.970,0.775,0.751,0.811,0.719,0.848,0.800,0.718,0.727]
Epoch [183] Training Results: Prec@1 93.551 Prec@5 99.896             Loss 0.20972
Epoch [183] Training Class Recall: [0.920,0.950,0.927,0.929,0.971,0.951,1.000,1.000,1.000,1.000]
Epoch [183] Testing Results: Prec@1 80.320 Prec@5 98.370             Loss 0.69041
Epoch [183] Testing Class Recall: [0.877,0.956,0.787,0.719,0.827,0.744,0.848,0.793,0.717,0.764]
Epoch [184] Training Results: Prec@1 93.989 Prec@5 99.896             Loss 0.20031
Epoch [184] Training Class Recall: [0.931,0.951,0.924,0.931,0.977,0.953,0.987,1.000,1.000,1.000]
Epoch [184] Testing Results: Prec@1 79.700 Prec@5 98.320             Loss 0.73644
Epoch [184] Testing Class Recall: [0.880,0.968,0.785,0.740,0.813,0.727,0.848,0.779,0.689,0.741]
Epoch [185] Training Results: Prec@1 93.033 Prec@5 99.965             Loss 0.20987
Epoch [185] Training Class Recall: [0.919,0.945,0.913,0.919,0.975,0.946,0.991,1.000,1.000,1.000]
Epoch [185] Testing Results: Prec@1 80.170 Prec@5 98.270             Loss 0.69740
Epoch [185] Testing Class Recall: [0.876,0.965,0.761,0.724,0.793,0.746,0.864,0.818,0.717,0.753]
Epoch [186] Training Results: Prec@1 93.563 Prec@5 99.839             Loss 0.20999
Epoch [186] Training Class Recall: [0.922,0.954,0.920,0.930,0.975,0.956,0.996,1.000,1.000,1.000]
Epoch [186] Testing Results: Prec@1 80.160 Prec@5 98.250             Loss 0.68896
Epoch [186] Testing Class Recall: [0.878,0.964,0.779,0.734,0.806,0.714,0.847,0.808,0.725,0.761]
Epoch [187] Training Results: Prec@1 93.620 Prec@5 99.862             Loss 0.19423
Epoch [187] Training Class Recall: [0.921,0.957,0.922,0.933,0.975,0.946,1.000,1.000,1.000,1.000]
Epoch [187] Testing Results: Prec@1 80.160 Prec@5 98.270             Loss 0.70076
Epoch [187] Testing Class Recall: [0.887,0.960,0.779,0.745,0.826,0.703,0.851,0.792,0.715,0.758]
Epoch [188] Training Results: Prec@1 92.768 Prec@5 99.919             Loss 0.19848
Epoch [188] Training Class Recall: [0.911,0.945,0.920,0.912,0.971,0.953,0.996,1.000,1.000,1.000]
Epoch [188] Testing Results: Prec@1 79.650 Prec@5 98.290             Loss 0.75177
Epoch [188] Testing Class Recall: [0.901,0.967,0.767,0.754,0.808,0.716,0.855,0.783,0.683,0.731]
Epoch [189] Training Results: Prec@1 93.102 Prec@5 99.850             Loss 0.20702
Epoch [189] Training Class Recall: [0.919,0.948,0.916,0.920,0.977,0.943,0.987,0.993,1.000,1.000]
Epoch [189] Testing Results: Prec@1 79.790 Prec@5 98.410             Loss 0.72775
Epoch [189] Testing Class Recall: [0.878,0.968,0.787,0.742,0.801,0.719,0.871,0.764,0.707,0.742]
Epoch [190] Training Results: Prec@1 93.240 Prec@5 99.885             Loss 0.19347
Epoch [190] Training Class Recall: [0.920,0.944,0.923,0.925,0.969,0.941,0.987,1.000,1.000,1.000]
Epoch [190] Testing Results: Prec@1 80.040 Prec@5 98.400             Loss 0.70434
Epoch [190] Testing Class Recall: [0.874,0.962,0.795,0.718,0.797,0.725,0.881,0.800,0.693,0.759]
Epoch [191] Training Results: Prec@1 93.413 Prec@5 99.896             Loss 0.19776
Epoch [191] Training Class Recall: [0.918,0.936,0.931,0.928,0.975,0.956,0.991,1.000,1.000,1.000]
Epoch [191] Testing Results: Prec@1 79.670 Prec@5 98.360             Loss 0.76325
Epoch [191] Testing Class Recall: [0.896,0.969,0.778,0.743,0.803,0.709,0.868,0.791,0.719,0.691]
Epoch [192] Training Results: Prec@1 93.402 Prec@5 99.931             Loss 0.21137
Epoch [192] Training Class Recall: [0.922,0.946,0.922,0.919,0.975,0.948,1.000,1.000,1.000,1.000]
Epoch [192] Testing Results: Prec@1 80.340 Prec@5 98.320             Loss 0.68224
Epoch [192] Testing Class Recall: [0.862,0.964,0.800,0.715,0.801,0.731,0.855,0.821,0.724,0.761]
Epoch [193] Training Results: Prec@1 93.344 Prec@5 99.885             Loss 0.20621
Epoch [193] Training Class Recall: [0.921,0.947,0.921,0.919,0.983,0.943,0.996,1.000,1.000,1.000]
Epoch [193] Testing Results: Prec@1 80.380 Prec@5 98.300             Loss 0.66492
Epoch [193] Testing Class Recall: [0.880,0.960,0.779,0.738,0.820,0.715,0.841,0.793,0.745,0.767]
Epoch [194] Training Results: Prec@1 93.263 Prec@5 99.908             Loss 0.20089
Epoch [194] Training Class Recall: [0.919,0.945,0.916,0.932,0.978,0.941,1.000,1.000,1.000,1.000]
Epoch [194] Testing Results: Prec@1 80.160 Prec@5 98.320             Loss 0.70020
Epoch [194] Testing Class Recall: [0.874,0.962,0.797,0.724,0.812,0.728,0.858,0.784,0.718,0.759]
Epoch [195] Training Results: Prec@1 93.563 Prec@5 99.908             Loss 0.21227
Epoch [195] Training Class Recall: [0.924,0.940,0.923,0.929,0.981,0.948,0.991,1.000,1.000,1.000]
Epoch [195] Testing Results: Prec@1 79.740 Prec@5 98.320             Loss 0.72827
Epoch [195] Testing Class Recall: [0.875,0.966,0.781,0.750,0.804,0.709,0.852,0.805,0.687,0.745]
Epoch [196] Training Results: Prec@1 93.713 Prec@5 99.908             Loss 0.19890
Epoch [196] Training Class Recall: [0.922,0.945,0.921,0.942,0.981,0.956,1.000,1.000,1.000,1.000]
Epoch [196] Testing Results: Prec@1 79.800 Prec@5 98.330             Loss 0.75208
Epoch [196] Testing Class Recall: [0.879,0.969,0.778,0.743,0.799,0.720,0.880,0.799,0.698,0.715]
Epoch [197] Training Results: Prec@1 93.563 Prec@5 99.816             Loss 0.21401
Epoch [197] Training Class Recall: [0.922,0.948,0.926,0.931,0.966,0.951,1.000,0.993,1.000,1.000]
Epoch [197] Testing Results: Prec@1 79.830 Prec@5 98.340             Loss 0.71731
Epoch [197] Testing Class Recall: [0.883,0.965,0.797,0.733,0.798,0.749,0.832,0.750,0.726,0.750]
Epoch [198] Training Results: Prec@1 93.413 Prec@5 99.908             Loss 0.20696
Epoch [198] Training Class Recall: [0.919,0.946,0.924,0.926,0.974,0.964,0.991,0.986,1.000,1.000]
Epoch [198] Testing Results: Prec@1 80.210 Prec@5 98.290             Loss 0.68295
Epoch [198] Testing Class Recall: [0.888,0.961,0.782,0.719,0.785,0.724,0.877,0.812,0.707,0.766]
Epoch [199] Training Results: Prec@1 93.540 Prec@5 99.885             Loss 0.19616
Epoch [199] Training Class Recall: [0.923,0.950,0.923,0.920,0.977,0.953,1.000,1.000,1.000,1.000]
Epoch [199] Testing Results: Prec@1 80.130 Prec@5 98.290             Loss 0.70325
Epoch [199] Testing Class Recall: [0.892,0.959,0.764,0.765,0.816,0.700,0.842,0.821,0.692,0.762]
