Log file: cifar10_lava0.5_randomoversampling_selection_exp0.01_seed42_20260430_092634.log
Run started: 2026-04-30 09:26:34.752521
Dataset: cifar10
Imbalance type: exp, factor: 0.01
Selection method: lava, ratio: 0.5
Strategy: RandomOversampling_Selection, epochs: 200
Seed: 42, rand_number: 0
Augmentation: weak
============================================================

=> Preparing logger and tensorboard writer !
----------------------------------------------------
Class ID   | Original   | Selected   | Keep %  
----------------------------------------------------
0          | 4000       | 2902       |    72.5%
1          | 4000       | 1259       |    31.5%
2          | 4000       | 1744       |    43.6%
3          | 4000       | 2227       |    55.7%
4          | 4000       | 1113       |    27.8%
5          | 4000       | 1897       |    47.4%
6          | 4000       | 2664       |    66.6%
7          | 4000       | 3256       |    81.4%
8          | 4000       | 1281       |    32.0%
9          | 4000       | 1657       |    41.4%
----------------------------------------------------
TOTAL      | 40000      | 20000      |    50.0%
----------------------------------------------------
Epoch [0] Training Results: Prec@1 37.360 Prec@5 85.605             Loss 1.73943
Epoch [0] Training Class Recall: [0.558,0.249,0.126,0.214,0.057,0.189,0.536,0.577,0.275,0.461]
Epoch [0] Testing Results: Prec@1 27.210 Prec@5 82.870             Loss 2.75262
Epoch [0] Testing Class Recall: [0.863,0.460,0.223,0.291,0.031,0.265,0.251,0.171,0.158,0.008]
Epoch [1] Training Results: Prec@1 55.765 Prec@5 94.835             Loss 1.24799
Epoch [1] Training Class Recall: [0.662,0.521,0.287,0.372,0.094,0.394,0.671,0.748,0.607,0.841]
Epoch [1] Testing Results: Prec@1 37.770 Prec@5 84.360             Loss 2.73043
Epoch [1] Testing Class Recall: [0.886,0.272,0.181,0.126,0.255,0.429,0.685,0.611,0.000,0.332]
Epoch [2] Training Results: Prec@1 66.185 Prec@5 97.340             Loss 0.96639
Epoch [2] Training Class Recall: [0.728,0.660,0.369,0.457,0.179,0.520,0.786,0.852,0.821,0.920]
Epoch [2] Testing Results: Prec@1 41.000 Prec@5 88.050             Loss 2.94819
Epoch [2] Testing Class Recall: [0.513,0.341,0.285,0.151,0.356,0.493,0.503,0.476,0.071,0.911]
Epoch [3] Training Results: Prec@1 73.025 Prec@5 98.480             Loss 0.76140
Epoch [3] Training Class Recall: [0.767,0.745,0.442,0.518,0.358,0.628,0.836,0.908,0.896,0.964]
Epoch [3] Testing Results: Prec@1 41.710 Prec@5 85.010             Loss 2.75167
Epoch [3] Testing Class Recall: [0.690,0.525,0.315,0.158,0.301,0.882,0.502,0.395,0.366,0.037]
Epoch [4] Training Results: Prec@1 78.095 Prec@5 99.125             Loss 0.63497
Epoch [4] Training Class Recall: [0.808,0.789,0.514,0.597,0.499,0.707,0.863,0.938,0.934,0.970]
Epoch [4] Testing Results: Prec@1 45.400 Prec@5 86.790             Loss 3.16903
Epoch [4] Testing Class Recall: [0.783,0.763,0.438,0.170,0.171,0.771,0.772,0.403,0.048,0.221]
Epoch [5] Training Results: Prec@1 82.945 Prec@5 99.550             Loss 0.48928
Epoch [5] Training Class Recall: [0.828,0.828,0.576,0.676,0.648,0.792,0.909,0.964,0.966,0.975]
Epoch [5] Testing Results: Prec@1 53.590 Prec@5 91.520             Loss 2.04831
Epoch [5] Testing Class Recall: [0.786,0.803,0.315,0.561,0.449,0.435,0.561,0.647,0.206,0.596]
Epoch [6] Training Results: Prec@1 86.370 Prec@5 99.770             Loss 0.39876
Epoch [6] Training Class Recall: [0.854,0.869,0.626,0.744,0.718,0.853,0.928,0.977,0.973,0.987]
Epoch [6] Testing Results: Prec@1 44.830 Prec@5 86.590             Loss 2.99717
Epoch [6] Testing Class Recall: [0.924,0.821,0.573,0.420,0.393,0.295,0.432,0.313,0.282,0.030]
Epoch [7] Training Results: Prec@1 88.930 Prec@5 99.880             Loss 0.31956
Epoch [7] Training Class Recall: [0.877,0.885,0.685,0.781,0.797,0.885,0.952,0.979,0.986,0.992]
Epoch [7] Testing Results: Prec@1 46.700 Prec@5 87.730             Loss 3.21577
Epoch [7] Testing Class Recall: [0.942,0.797,0.463,0.566,0.484,0.130,0.444,0.635,0.072,0.137]
Epoch [8] Training Results: Prec@1 89.920 Prec@5 99.915             Loss 0.28693
Epoch [8] Training Class Recall: [0.882,0.902,0.706,0.798,0.826,0.899,0.958,0.982,0.985,0.992]
Epoch [8] Testing Results: Prec@1 51.030 Prec@5 88.620             Loss 2.76176
Epoch [8] Testing Class Recall: [0.862,0.847,0.554,0.603,0.295,0.451,0.647,0.639,0.074,0.131]
Epoch [9] Training Results: Prec@1 91.365 Prec@5 99.910             Loss 0.25282
Epoch [9] Training Class Recall: [0.889,0.914,0.737,0.840,0.855,0.925,0.965,0.985,0.977,0.995]
Epoch [9] Testing Results: Prec@1 50.090 Prec@5 90.680             Loss 3.09794
Epoch [9] Testing Class Recall: [0.764,0.879,0.691,0.733,0.293,0.236,0.538,0.645,0.211,0.019]
Epoch [10] Training Results: Prec@1 92.265 Prec@5 99.955             Loss 0.22815
Epoch [10] Training Class Recall: [0.902,0.905,0.760,0.862,0.871,0.933,0.968,0.988,0.993,0.992]
Epoch [10] Testing Results: Prec@1 52.220 Prec@5 90.440             Loss 2.70483
Epoch [10] Testing Class Recall: [0.730,0.957,0.541,0.667,0.416,0.325,0.609,0.576,0.229,0.172]
Epoch [11] Training Results: Prec@1 92.440 Prec@5 99.925             Loss 0.22152
Epoch [11] Training Class Recall: [0.903,0.920,0.767,0.859,0.892,0.934,0.965,0.987,0.988,0.994]
Epoch [11] Testing Results: Prec@1 52.240 Prec@5 91.520             Loss 2.56230
Epoch [11] Testing Class Recall: [0.916,0.864,0.512,0.684,0.323,0.453,0.438,0.627,0.229,0.178]
Epoch [12] Training Results: Prec@1 94.045 Prec@5 99.985             Loss 0.17291
Epoch [12] Training Class Recall: [0.921,0.936,0.802,0.884,0.918,0.950,0.983,0.992,0.988,0.996]
Epoch [12] Testing Results: Prec@1 52.760 Prec@5 89.650             Loss 2.67488
Epoch [12] Testing Class Recall: [0.917,0.830,0.579,0.599,0.282,0.495,0.581,0.536,0.355,0.102]
Epoch [13] Training Results: Prec@1 94.260 Prec@5 99.985             Loss 0.16601
Epoch [13] Training Class Recall: [0.921,0.931,0.818,0.898,0.912,0.953,0.980,0.991,0.991,0.995]
Epoch [13] Testing Results: Prec@1 53.400 Prec@5 91.100             Loss 2.73852
Epoch [13] Testing Class Recall: [0.798,0.929,0.576,0.670,0.529,0.520,0.520,0.449,0.257,0.092]
Epoch [14] Training Results: Prec@1 94.260 Prec@5 99.985             Loss 0.17087
Epoch [14] Training Class Recall: [0.929,0.936,0.811,0.901,0.912,0.960,0.971,0.987,0.991,0.995]
Epoch [14] Testing Results: Prec@1 49.930 Prec@5 90.620             Loss 3.18722
Epoch [14] Testing Class Recall: [0.909,0.884,0.636,0.590,0.308,0.427,0.362,0.590,0.147,0.140]
Epoch [15] Training Results: Prec@1 94.815 Prec@5 99.980             Loss 0.15108
Epoch [15] Training Class Recall: [0.928,0.932,0.843,0.908,0.927,0.959,0.980,0.990,0.992,0.995]
Epoch [15] Testing Results: Prec@1 49.030 Prec@5 90.460             Loss 3.26406
Epoch [15] Testing Class Recall: [0.872,0.773,0.744,0.674,0.394,0.225,0.454,0.429,0.082,0.256]
Epoch [16] Training Results: Prec@1 95.185 Prec@5 99.995             Loss 0.14398
Epoch [16] Training Class Recall: [0.935,0.947,0.844,0.912,0.925,0.964,0.985,0.991,0.995,0.995]
Epoch [16] Testing Results: Prec@1 48.700 Prec@5 89.470             Loss 3.15736
Epoch [16] Testing Class Recall: [0.737,0.824,0.889,0.450,0.222,0.224,0.450,0.606,0.437,0.031]
Epoch [17] Training Results: Prec@1 95.230 Prec@5 100.000             Loss 0.14048
Epoch [17] Training Class Recall: [0.928,0.952,0.847,0.913,0.934,0.965,0.979,0.996,0.989,0.999]
Epoch [17] Testing Results: Prec@1 50.010 Prec@5 89.980             Loss 3.25180
Epoch [17] Testing Class Recall: [0.929,0.794,0.666,0.459,0.353,0.557,0.311,0.638,0.122,0.172]
Epoch [18] Training Results: Prec@1 95.465 Prec@5 99.975             Loss 0.13241
Epoch [18] Training Class Recall: [0.935,0.945,0.856,0.920,0.939,0.972,0.984,0.987,0.991,0.999]
Epoch [18] Testing Results: Prec@1 50.180 Prec@5 91.490             Loss 2.97698
Epoch [18] Testing Class Recall: [0.944,0.695,0.660,0.619,0.311,0.493,0.436,0.482,0.133,0.245]
Epoch [19] Training Results: Prec@1 95.095 Prec@5 99.980             Loss 0.14070
Epoch [19] Training Class Recall: [0.932,0.940,0.843,0.919,0.934,0.964,0.979,0.992,0.986,0.995]
Epoch [19] Testing Results: Prec@1 57.400 Prec@5 92.950             Loss 2.35152
Epoch [19] Testing Class Recall: [0.880,0.855,0.657,0.654,0.399,0.443,0.720,0.639,0.275,0.218]
Epoch [20] Training Results: Prec@1 95.745 Prec@5 99.995             Loss 0.12199
Epoch [20] Training Class Recall: [0.946,0.952,0.865,0.911,0.938,0.970,0.984,0.994,0.995,0.998]
Epoch [20] Testing Results: Prec@1 48.940 Prec@5 90.450             Loss 3.43955
Epoch [20] Testing Class Recall: [0.885,0.879,0.755,0.514,0.345,0.607,0.389,0.395,0.040,0.085]
Epoch [21] Training Results: Prec@1 95.645 Prec@5 99.990             Loss 0.12751
Epoch [21] Training Class Recall: [0.938,0.951,0.862,0.926,0.938,0.969,0.983,0.987,0.992,0.999]
Epoch [21] Testing Results: Prec@1 43.030 Prec@5 88.890             Loss 4.24156
Epoch [21] Testing Class Recall: [0.613,0.905,0.937,0.138,0.197,0.416,0.459,0.422,0.069,0.147]
Epoch [22] Training Results: Prec@1 96.030 Prec@5 99.985             Loss 0.11567
Epoch [22] Training Class Recall: [0.943,0.957,0.873,0.939,0.936,0.973,0.980,0.994,0.991,0.993]
Epoch [22] Testing Results: Prec@1 52.650 Prec@5 93.440             Loss 2.91807
Epoch [22] Testing Class Recall: [0.957,0.606,0.636,0.671,0.466,0.364,0.361,0.534,0.187,0.483]
Epoch [23] Training Results: Prec@1 95.885 Prec@5 99.985             Loss 0.11867
Epoch [23] Training Class Recall: [0.943,0.944,0.877,0.925,0.945,0.969,0.979,0.994,0.993,0.999]
Epoch [23] Testing Results: Prec@1 53.450 Prec@5 93.030             Loss 2.70374
Epoch [23] Testing Class Recall: [0.863,0.908,0.812,0.425,0.239,0.311,0.667,0.456,0.315,0.349]
Epoch [24] Training Results: Prec@1 96.825 Prec@5 99.990             Loss 0.09205
Epoch [24] Training Class Recall: [0.955,0.962,0.901,0.943,0.958,0.972,0.989,0.996,0.995,0.995]
Epoch [24] Testing Results: Prec@1 55.770 Prec@5 92.650             Loss 2.61120
Epoch [24] Testing Class Recall: [0.801,0.900,0.614,0.699,0.580,0.465,0.261,0.689,0.311,0.257]
Epoch [25] Training Results: Prec@1 96.045 Prec@5 99.990             Loss 0.11906
Epoch [25] Training Class Recall: [0.953,0.955,0.884,0.928,0.932,0.970,0.977,0.992,0.990,0.998]
Epoch [25] Testing Results: Prec@1 56.310 Prec@5 92.040             Loss 2.40845
Epoch [25] Testing Class Recall: [0.870,0.929,0.621,0.613,0.330,0.490,0.592,0.546,0.353,0.287]
Epoch [26] Training Results: Prec@1 96.850 Prec@5 99.980             Loss 0.09553
Epoch [26] Training Class Recall: [0.952,0.954,0.893,0.952,0.965,0.978,0.988,0.995,0.996,0.996]
Epoch [26] Testing Results: Prec@1 51.030 Prec@5 90.000             Loss 3.27503
Epoch [26] Testing Class Recall: [0.815,0.915,0.682,0.582,0.428,0.458,0.780,0.265,0.143,0.035]
Epoch [27] Training Results: Prec@1 96.710 Prec@5 99.985             Loss 0.09860
Epoch [27] Training Class Recall: [0.953,0.965,0.894,0.951,0.940,0.976,0.987,0.994,0.993,0.996]
Epoch [27] Testing Results: Prec@1 52.540 Prec@5 91.440             Loss 2.99435
Epoch [27] Testing Class Recall: [0.863,0.949,0.681,0.534,0.482,0.210,0.519,0.697,0.122,0.197]
Epoch [28] Training Results: Prec@1 96.805 Prec@5 99.995             Loss 0.09227
Epoch [28] Training Class Recall: [0.955,0.959,0.897,0.946,0.964,0.973,0.988,0.995,0.990,0.996]
Epoch [28] Testing Results: Prec@1 58.170 Prec@5 93.970             Loss 2.33713
Epoch [28] Testing Class Recall: [0.918,0.843,0.631,0.537,0.381,0.547,0.707,0.622,0.164,0.467]
Epoch [29] Training Results: Prec@1 96.415 Prec@5 99.990             Loss 0.10285
Epoch [29] Training Class Recall: [0.957,0.967,0.892,0.933,0.948,0.966,0.980,0.994,0.993,0.993]
Epoch [29] Testing Results: Prec@1 55.290 Prec@5 91.680             Loss 2.78830
Epoch [29] Testing Class Recall: [0.901,0.940,0.455,0.629,0.612,0.562,0.499,0.471,0.054,0.406]
Epoch [30] Training Results: Prec@1 96.425 Prec@5 100.000             Loss 0.10079
Epoch [30] Training Class Recall: [0.949,0.963,0.892,0.938,0.955,0.972,0.983,0.992,0.990,0.996]
Epoch [30] Testing Results: Prec@1 54.220 Prec@5 92.570             Loss 2.92710
Epoch [30] Testing Class Recall: [0.893,0.927,0.344,0.585,0.308,0.636,0.597,0.658,0.094,0.380]
Epoch [31] Training Results: Prec@1 96.820 Prec@5 100.000             Loss 0.09491
Epoch [31] Training Class Recall: [0.953,0.955,0.904,0.948,0.952,0.977,0.991,0.991,0.995,0.998]
Epoch [31] Testing Results: Prec@1 52.590 Prec@5 92.670             Loss 3.07458
Epoch [31] Testing Class Recall: [0.873,0.930,0.790,0.541,0.337,0.277,0.599,0.579,0.194,0.139]
Epoch [32] Training Results: Prec@1 97.190 Prec@5 99.995             Loss 0.08197
Epoch [32] Training Class Recall: [0.957,0.966,0.912,0.949,0.967,0.985,0.985,0.997,0.995,0.999]
Epoch [32] Testing Results: Prec@1 58.810 Prec@5 93.780             Loss 2.19484
Epoch [32] Testing Class Recall: [0.842,0.917,0.609,0.642,0.464,0.392,0.668,0.678,0.293,0.376]
Epoch [33] Training Results: Prec@1 97.960 Prec@5 99.995             Loss 0.06214
Epoch [33] Training Class Recall: [0.968,0.967,0.928,0.969,0.973,0.989,0.995,0.997,0.999,0.999]
Epoch [33] Testing Results: Prec@1 53.650 Prec@5 92.000             Loss 3.27934
Epoch [33] Testing Class Recall: [0.876,0.928,0.521,0.706,0.582,0.543,0.644,0.371,0.105,0.089]
Epoch [34] Training Results: Prec@1 97.195 Prec@5 100.000             Loss 0.08314
Epoch [34] Training Class Recall: [0.962,0.967,0.916,0.950,0.957,0.977,0.989,0.995,0.992,0.996]
Epoch [34] Testing Results: Prec@1 48.820 Prec@5 89.590             Loss 3.75341
Epoch [34] Testing Class Recall: [0.807,0.654,0.699,0.817,0.328,0.182,0.579,0.644,0.075,0.097]
Epoch [35] Training Results: Prec@1 96.715 Prec@5 99.990             Loss 0.09756
Epoch [35] Training Class Recall: [0.949,0.953,0.900,0.951,0.952,0.980,0.986,0.994,0.991,0.995]
Epoch [35] Testing Results: Prec@1 49.290 Prec@5 90.940             Loss 3.31365
Epoch [35] Testing Class Recall: [0.904,0.883,0.750,0.567,0.270,0.502,0.420,0.469,0.092,0.072]
Epoch [36] Training Results: Prec@1 97.650 Prec@5 100.000             Loss 0.07038
Epoch [36] Training Class Recall: [0.963,0.967,0.931,0.961,0.970,0.980,0.990,0.996,0.998,0.998]
Epoch [36] Testing Results: Prec@1 50.910 Prec@5 93.120             Loss 3.09260
Epoch [36] Testing Class Recall: [0.940,0.826,0.773,0.299,0.317,0.575,0.556,0.521,0.121,0.163]
Epoch [37] Training Results: Prec@1 97.385 Prec@5 99.995             Loss 0.07707
Epoch [37] Training Class Recall: [0.958,0.975,0.916,0.958,0.967,0.983,0.990,0.994,0.992,0.996]
Epoch [37] Testing Results: Prec@1 52.470 Prec@5 91.770             Loss 3.30743
Epoch [37] Testing Class Recall: [0.812,0.747,0.451,0.244,0.498,0.877,0.599,0.602,0.258,0.159]
Epoch [38] Training Results: Prec@1 97.215 Prec@5 99.980             Loss 0.08299
Epoch [38] Training Class Recall: [0.965,0.963,0.913,0.947,0.963,0.977,0.989,0.997,0.993,0.996]
Epoch [38] Testing Results: Prec@1 51.960 Prec@5 92.070             Loss 2.97324
Epoch [38] Testing Class Recall: [0.862,0.787,0.789,0.661,0.363,0.318,0.492,0.527,0.122,0.275]
Epoch [39] Training Results: Prec@1 96.695 Prec@5 99.985             Loss 0.10101
Epoch [39] Training Class Recall: [0.958,0.959,0.911,0.941,0.946,0.973,0.983,0.993,0.988,0.995]
Epoch [39] Testing Results: Prec@1 57.420 Prec@5 94.130             Loss 2.46846
Epoch [39] Testing Class Recall: [0.894,0.890,0.638,0.569,0.565,0.619,0.584,0.517,0.159,0.307]
Epoch [40] Training Results: Prec@1 97.480 Prec@5 99.990             Loss 0.07170
Epoch [40] Training Class Recall: [0.958,0.972,0.921,0.959,0.968,0.979,0.990,0.996,0.997,1.000]
Epoch [40] Testing Results: Prec@1 56.020 Prec@5 93.620             Loss 2.82042
Epoch [40] Testing Class Recall: [0.904,0.845,0.494,0.650,0.621,0.569,0.654,0.487,0.146,0.232]
Epoch [41] Training Results: Prec@1 97.705 Prec@5 99.995             Loss 0.06984
Epoch [41] Training Class Recall: [0.965,0.970,0.923,0.965,0.969,0.984,0.992,0.994,0.998,0.999]
Epoch [41] Testing Results: Prec@1 53.470 Prec@5 91.860             Loss 3.04617
Epoch [41] Testing Class Recall: [0.911,0.909,0.731,0.538,0.359,0.391,0.663,0.414,0.355,0.076]
Epoch [42] Training Results: Prec@1 97.595 Prec@5 99.995             Loss 0.07203
Epoch [42] Training Class Recall: [0.967,0.964,0.927,0.963,0.964,0.980,0.991,0.994,0.995,0.999]
Epoch [42] Testing Results: Prec@1 53.300 Prec@5 89.910             Loss 3.47196
Epoch [42] Testing Class Recall: [0.831,0.791,0.626,0.760,0.280,0.373,0.720,0.747,0.186,0.016]
Epoch [43] Training Results: Prec@1 95.970 Prec@5 99.955             Loss 0.11932
Epoch [43] Training Class Recall: [0.951,0.954,0.888,0.931,0.930,0.968,0.982,0.987,0.991,0.990]
Epoch [43] Testing Results: Prec@1 56.630 Prec@5 93.750             Loss 2.56762
Epoch [43] Testing Class Recall: [0.873,0.830,0.523,0.769,0.515,0.399,0.744,0.571,0.234,0.205]
Epoch [44] Training Results: Prec@1 96.780 Prec@5 99.965             Loss 0.09540
Epoch [44] Training Class Recall: [0.958,0.958,0.911,0.943,0.946,0.974,0.985,0.994,0.990,0.998]
Epoch [44] Testing Results: Prec@1 52.540 Prec@5 90.730             Loss 3.05063
Epoch [44] Testing Class Recall: [0.778,0.823,0.763,0.794,0.489,0.149,0.599,0.455,0.179,0.225]
Epoch [45] Training Results: Prec@1 97.335 Prec@5 99.995             Loss 0.07783
Epoch [45] Training Class Recall: [0.961,0.975,0.921,0.951,0.973,0.972,0.991,0.995,0.990,0.998]
Epoch [45] Testing Results: Prec@1 52.760 Prec@5 92.230             Loss 3.10119
Epoch [45] Testing Class Recall: [0.944,0.874,0.483,0.707,0.441,0.330,0.618,0.688,0.066,0.125]
Epoch [46] Training Results: Prec@1 96.965 Prec@5 100.000             Loss 0.08931
Epoch [46] Training Class Recall: [0.961,0.966,0.921,0.942,0.945,0.974,0.990,0.989,0.995,0.998]
Epoch [46] Testing Results: Prec@1 56.170 Prec@5 92.880             Loss 2.71375
Epoch [46] Testing Class Recall: [0.878,0.877,0.614,0.769,0.412,0.536,0.308,0.522,0.232,0.469]
Epoch [47] Training Results: Prec@1 97.970 Prec@5 100.000             Loss 0.06112
Epoch [47] Training Class Recall: [0.969,0.975,0.933,0.965,0.984,0.986,0.992,0.996,0.994,0.999]
Epoch [47] Testing Results: Prec@1 54.650 Prec@5 93.390             Loss 2.99236
Epoch [47] Testing Class Recall: [0.907,0.916,0.702,0.673,0.476,0.435,0.535,0.552,0.159,0.110]
Epoch [48] Training Results: Prec@1 97.865 Prec@5 100.000             Loss 0.06149
Epoch [48] Training Class Recall: [0.971,0.975,0.935,0.962,0.967,0.979,0.993,0.997,0.999,0.996]
Epoch [48] Testing Results: Prec@1 49.510 Prec@5 91.870             Loss 4.07144
Epoch [48] Testing Class Recall: [0.844,0.804,0.492,0.881,0.588,0.377,0.249,0.355,0.197,0.164]
Epoch [49] Training Results: Prec@1 97.550 Prec@5 99.990             Loss 0.07383
Epoch [49] Training Class Recall: [0.966,0.972,0.923,0.958,0.969,0.983,0.990,0.994,0.996,0.995]
Epoch [49] Testing Results: Prec@1 52.370 Prec@5 92.520             Loss 3.29271
Epoch [49] Testing Class Recall: [0.858,0.890,0.596,0.829,0.530,0.365,0.332,0.525,0.168,0.144]
Epoch [50] Training Results: Prec@1 97.975 Prec@5 99.995             Loss 0.06131
Epoch [50] Training Class Recall: [0.969,0.975,0.938,0.966,0.978,0.986,0.991,0.996,0.993,0.999]
Epoch [50] Testing Results: Prec@1 55.950 Prec@5 94.200             Loss 2.64927
Epoch [50] Testing Class Recall: [0.908,0.870,0.513,0.666,0.680,0.529,0.544,0.571,0.168,0.146]
Epoch [51] Training Results: Prec@1 97.465 Prec@5 99.995             Loss 0.07763
Epoch [51] Training Class Recall: [0.964,0.963,0.916,0.963,0.961,0.986,0.988,0.997,0.990,0.999]
Epoch [51] Testing Results: Prec@1 57.610 Prec@5 93.650             Loss 2.52520
Epoch [51] Testing Class Recall: [0.847,0.944,0.518,0.703,0.416,0.606,0.671,0.586,0.250,0.220]
Epoch [52] Training Results: Prec@1 97.430 Prec@5 99.980             Loss 0.07453
Epoch [52] Training Class Recall: [0.961,0.975,0.927,0.957,0.963,0.980,0.988,0.994,0.995,0.995]
Epoch [52] Testing Results: Prec@1 57.790 Prec@5 93.940             Loss 2.44075
Epoch [52] Testing Class Recall: [0.881,0.736,0.465,0.664,0.625,0.460,0.643,0.739,0.206,0.360]
Epoch [53] Training Results: Prec@1 97.415 Prec@5 99.995             Loss 0.08031
Epoch [53] Training Class Recall: [0.970,0.979,0.925,0.950,0.957,0.970,0.989,0.994,0.996,0.998]
Epoch [53] Testing Results: Prec@1 55.750 Prec@5 94.210             Loss 2.74603
Epoch [53] Testing Class Recall: [0.893,0.768,0.626,0.803,0.536,0.203,0.495,0.700,0.210,0.341]
Epoch [54] Training Results: Prec@1 97.795 Prec@5 99.995             Loss 0.06519
Epoch [54] Training Class Recall: [0.973,0.978,0.931,0.960,0.960,0.983,0.989,0.996,0.997,0.999]
Epoch [54] Testing Results: Prec@1 56.550 Prec@5 93.850             Loss 2.70504
Epoch [54] Testing Class Recall: [0.896,0.839,0.530,0.776,0.608,0.341,0.693,0.501,0.321,0.150]
Epoch [55] Training Results: Prec@1 97.995 Prec@5 100.000             Loss 0.06023
Epoch [55] Training Class Recall: [0.970,0.975,0.935,0.965,0.978,0.988,0.991,0.997,0.998,0.998]
Epoch [55] Testing Results: Prec@1 53.350 Prec@5 92.570             Loss 3.42441
Epoch [55] Testing Class Recall: [0.829,0.852,0.690,0.850,0.345,0.210,0.571,0.526,0.207,0.255]
Epoch [56] Training Results: Prec@1 96.815 Prec@5 99.995             Loss 0.09462
Epoch [56] Training Class Recall: [0.957,0.956,0.920,0.949,0.973,0.970,0.982,0.989,0.988,0.990]
Epoch [56] Testing Results: Prec@1 52.400 Prec@5 92.640             Loss 2.91386
Epoch [56] Testing Class Recall: [0.941,0.950,0.563,0.480,0.509,0.501,0.586,0.448,0.121,0.141]
Epoch [57] Training Results: Prec@1 97.260 Prec@5 99.975             Loss 0.08424
Epoch [57] Training Class Recall: [0.962,0.960,0.928,0.953,0.963,0.980,0.982,0.995,0.993,0.996]
Epoch [57] Testing Results: Prec@1 53.050 Prec@5 93.320             Loss 3.00267
Epoch [57] Testing Class Recall: [0.936,0.899,0.667,0.739,0.296,0.387,0.464,0.457,0.097,0.363]
Epoch [58] Training Results: Prec@1 97.480 Prec@5 100.000             Loss 0.07455
Epoch [58] Training Class Recall: [0.966,0.975,0.927,0.957,0.960,0.977,0.989,0.995,0.988,0.998]
Epoch [58] Testing Results: Prec@1 52.430 Prec@5 90.810             Loss 3.15353
Epoch [58] Testing Class Recall: [0.897,0.864,0.542,0.724,0.553,0.597,0.217,0.545,0.261,0.043]
Epoch [59] Training Results: Prec@1 98.450 Prec@5 99.995             Loss 0.04554
Epoch [59] Training Class Recall: [0.981,0.983,0.948,0.978,0.964,0.989,0.994,0.997,0.999,0.998]
Epoch [59] Testing Results: Prec@1 52.210 Prec@5 92.320             Loss 3.07162
Epoch [59] Testing Class Recall: [0.903,0.889,0.757,0.436,0.221,0.677,0.307,0.676,0.106,0.249]
Epoch [60] Training Results: Prec@1 98.230 Prec@5 99.990             Loss 0.05112
Epoch [60] Training Class Recall: [0.972,0.979,0.942,0.969,0.978,0.989,0.995,0.998,0.995,0.998]
Epoch [60] Testing Results: Prec@1 54.330 Prec@5 93.400             Loss 3.08271
Epoch [60] Testing Class Recall: [0.872,0.953,0.482,0.763,0.358,0.359,0.578,0.757,0.265,0.046]
Epoch [61] Training Results: Prec@1 97.445 Prec@5 99.990             Loss 0.07676
Epoch [61] Training Class Recall: [0.972,0.967,0.929,0.959,0.959,0.974,0.985,0.994,0.992,0.995]
Epoch [61] Testing Results: Prec@1 51.880 Prec@5 92.800             Loss 3.41375
Epoch [61] Testing Class Recall: [0.778,0.862,0.343,0.882,0.651,0.347,0.447,0.554,0.096,0.228]
Epoch [62] Training Results: Prec@1 97.580 Prec@5 99.985             Loss 0.06982
Epoch [62] Training Class Recall: [0.962,0.963,0.941,0.953,0.974,0.987,0.990,0.994,0.988,0.997]
Epoch [62] Testing Results: Prec@1 52.610 Prec@5 93.220             Loss 3.06857
Epoch [62] Testing Class Recall: [0.933,0.855,0.608,0.767,0.342,0.393,0.482,0.526,0.294,0.061]
Epoch [63] Training Results: Prec@1 97.560 Prec@5 100.000             Loss 0.06828
Epoch [63] Training Class Recall: [0.971,0.966,0.926,0.960,0.952,0.980,0.990,0.995,0.998,0.997]
Epoch [63] Testing Results: Prec@1 54.500 Prec@5 92.260             Loss 2.92247
Epoch [63] Testing Class Recall: [0.863,0.958,0.749,0.643,0.480,0.280,0.483,0.585,0.352,0.057]
Epoch [64] Training Results: Prec@1 98.050 Prec@5 99.995             Loss 0.06088
Epoch [64] Training Class Recall: [0.972,0.980,0.935,0.964,0.974,0.989,0.989,0.998,0.995,0.999]
Epoch [64] Testing Results: Prec@1 55.550 Prec@5 94.170             Loss 2.74259
Epoch [64] Testing Class Recall: [0.945,0.774,0.442,0.715,0.584,0.341,0.599,0.635,0.226,0.294]
Epoch [65] Training Results: Prec@1 98.135 Prec@5 100.000             Loss 0.05915
Epoch [65] Training Class Recall: [0.974,0.980,0.935,0.973,0.977,0.988,0.992,0.994,0.996,0.998]
Epoch [65] Testing Results: Prec@1 56.810 Prec@5 92.710             Loss 2.43173
Epoch [65] Testing Class Recall: [0.771,0.876,0.807,0.660,0.507,0.352,0.632,0.448,0.459,0.169]
Epoch [66] Training Results: Prec@1 98.045 Prec@5 100.000             Loss 0.05817
Epoch [66] Training Class Recall: [0.968,0.980,0.937,0.969,0.977,0.986,0.994,0.994,0.996,0.999]
Epoch [66] Testing Results: Prec@1 54.920 Prec@5 91.770             Loss 3.06483
Epoch [66] Testing Class Recall: [0.791,0.841,0.543,0.526,0.392,0.720,0.871,0.472,0.263,0.073]
Epoch [67] Training Results: Prec@1 98.255 Prec@5 99.995             Loss 0.05321
Epoch [67] Training Class Recall: [0.974,0.973,0.950,0.967,0.977,0.986,0.994,0.998,0.998,1.000]
Epoch [67] Testing Results: Prec@1 50.350 Prec@5 92.920             Loss 3.52989
Epoch [67] Testing Class Recall: [0.853,0.965,0.309,0.869,0.199,0.439,0.548,0.509,0.223,0.121]
Epoch [68] Training Results: Prec@1 97.465 Prec@5 99.985             Loss 0.07454
Epoch [68] Training Class Recall: [0.966,0.971,0.939,0.956,0.952,0.978,0.986,0.992,0.995,0.997]
Epoch [68] Testing Results: Prec@1 54.410 Prec@5 92.680             Loss 2.86230
Epoch [68] Testing Class Recall: [0.823,0.837,0.672,0.827,0.503,0.411,0.404,0.549,0.313,0.102]
Epoch [69] Training Results: Prec@1 97.880 Prec@5 99.995             Loss 0.06341
Epoch [69] Training Class Recall: [0.972,0.975,0.940,0.959,0.965,0.982,0.995,0.996,0.994,0.995]
Epoch [69] Testing Results: Prec@1 56.050 Prec@5 93.260             Loss 2.59261
Epoch [69] Testing Class Recall: [0.908,0.910,0.657,0.669,0.367,0.463,0.591,0.629,0.346,0.065]
Epoch [70] Training Results: Prec@1 97.635 Prec@5 99.985             Loss 0.07031
Epoch [70] Training Class Recall: [0.970,0.978,0.927,0.955,0.970,0.980,0.988,0.994,0.993,0.999]
Epoch [70] Testing Results: Prec@1 57.710 Prec@5 93.330             Loss 2.64968
Epoch [70] Testing Class Recall: [0.815,0.978,0.627,0.445,0.415,0.569,0.774,0.615,0.157,0.376]
Epoch [71] Training Results: Prec@1 97.785 Prec@5 99.990             Loss 0.06620
Epoch [71] Training Class Recall: [0.968,0.977,0.937,0.964,0.962,0.980,0.990,0.994,0.997,1.000]
Epoch [71] Testing Results: Prec@1 54.880 Prec@5 92.670             Loss 2.93689
Epoch [71] Testing Class Recall: [0.839,0.950,0.757,0.542,0.543,0.254,0.725,0.571,0.172,0.135]
Epoch [72] Training Results: Prec@1 97.535 Prec@5 99.990             Loss 0.07469
Epoch [72] Training Class Recall: [0.968,0.968,0.931,0.954,0.965,0.984,0.988,0.995,0.990,0.995]
Epoch [72] Testing Results: Prec@1 56.390 Prec@5 93.230             Loss 2.82563
Epoch [72] Testing Class Recall: [0.898,0.957,0.596,0.642,0.495,0.462,0.645,0.616,0.213,0.115]
Epoch [73] Training Results: Prec@1 98.020 Prec@5 99.995             Loss 0.05849
Epoch [73] Training Class Recall: [0.972,0.983,0.935,0.963,0.978,0.983,0.992,0.997,0.996,0.997]
Epoch [73] Testing Results: Prec@1 49.450 Prec@5 92.630             Loss 3.58813
Epoch [73] Testing Class Recall: [0.884,0.925,0.877,0.429,0.416,0.150,0.427,0.529,0.183,0.125]
Epoch [74] Training Results: Prec@1 97.880 Prec@5 100.000             Loss 0.06587
Epoch [74] Training Class Recall: [0.973,0.977,0.940,0.957,0.972,0.983,0.991,0.995,0.998,0.994]
Epoch [74] Testing Results: Prec@1 55.440 Prec@5 93.850             Loss 2.64650
Epoch [74] Testing Class Recall: [0.900,0.853,0.759,0.716,0.520,0.490,0.566,0.462,0.164,0.114]
Epoch [75] Training Results: Prec@1 98.720 Prec@5 100.000             Loss 0.03988
Epoch [75] Training Class Recall: [0.975,0.985,0.962,0.978,0.987,0.993,0.996,0.998,0.998,0.999]
Epoch [75] Testing Results: Prec@1 58.350 Prec@5 94.340             Loss 2.39290
Epoch [75] Testing Class Recall: [0.918,0.888,0.653,0.471,0.675,0.490,0.464,0.616,0.192,0.468]
Epoch [76] Training Results: Prec@1 97.365 Prec@5 99.990             Loss 0.08013
Epoch [76] Training Class Recall: [0.961,0.968,0.930,0.956,0.952,0.984,0.991,0.993,0.982,0.999]
Epoch [76] Testing Results: Prec@1 58.220 Prec@5 93.640             Loss 2.41681
Epoch [76] Testing Class Recall: [0.958,0.770,0.546,0.506,0.563,0.567,0.512,0.573,0.204,0.623]
Epoch [77] Training Results: Prec@1 97.855 Prec@5 99.985             Loss 0.06470
Epoch [77] Training Class Recall: [0.972,0.984,0.932,0.963,0.971,0.974,0.992,0.995,0.998,0.997]
Epoch [77] Testing Results: Prec@1 57.530 Prec@5 93.940             Loss 2.49204
Epoch [77] Testing Class Recall: [0.825,0.894,0.820,0.646,0.297,0.503,0.348,0.739,0.300,0.381]
Epoch [78] Training Results: Prec@1 97.810 Prec@5 100.000             Loss 0.06541
Epoch [78] Training Class Recall: [0.967,0.983,0.936,0.961,0.966,0.980,0.989,0.996,0.996,1.000]
Epoch [78] Testing Results: Prec@1 54.720 Prec@5 92.160             Loss 3.04878
Epoch [78] Testing Class Recall: [0.959,0.925,0.617,0.626,0.412,0.480,0.661,0.512,0.018,0.262]
Epoch [79] Training Results: Prec@1 98.510 Prec@5 99.995             Loss 0.04505
Epoch [79] Training Class Recall: [0.981,0.989,0.947,0.974,0.980,0.988,0.994,0.996,0.998,0.999]
Epoch [79] Testing Results: Prec@1 56.090 Prec@5 94.450             Loss 2.76494
Epoch [79] Testing Class Recall: [0.866,0.909,0.509,0.537,0.416,0.795,0.570,0.598,0.245,0.164]
Epoch [80] Training Results: Prec@1 98.325 Prec@5 99.995             Loss 0.05334
Epoch [80] Training Class Recall: [0.976,0.978,0.948,0.975,0.981,0.989,0.991,0.997,0.992,0.996]
Epoch [80] Testing Results: Prec@1 53.320 Prec@5 90.840             Loss 3.19051
Epoch [80] Testing Class Recall: [0.741,0.949,0.630,0.769,0.298,0.281,0.596,0.425,0.049,0.594]
Epoch [81] Training Results: Prec@1 97.230 Prec@5 99.995             Loss 0.08515
Epoch [81] Training Class Recall: [0.963,0.957,0.925,0.956,0.952,0.978,0.990,0.993,0.991,0.993]
Epoch [81] Testing Results: Prec@1 54.060 Prec@5 91.470             Loss 3.08760
Epoch [81] Testing Class Recall: [0.859,0.952,0.817,0.498,0.540,0.273,0.663,0.662,0.089,0.053]
Epoch [82] Training Results: Prec@1 98.145 Prec@5 99.985             Loss 0.05397
Epoch [82] Training Class Recall: [0.972,0.989,0.943,0.969,0.967,0.985,0.992,0.994,0.999,0.999]
Epoch [82] Testing Results: Prec@1 57.580 Prec@5 93.920             Loss 2.63718
Epoch [82] Testing Class Recall: [0.871,0.948,0.441,0.762,0.624,0.505,0.539,0.656,0.165,0.247]
Epoch [83] Training Results: Prec@1 98.750 Prec@5 100.000             Loss 0.03919
Epoch [83] Training Class Recall: [0.978,0.975,0.968,0.979,0.987,0.993,0.997,0.997,0.997,0.999]
Epoch [83] Testing Results: Prec@1 56.840 Prec@5 91.970             Loss 2.66159
Epoch [83] Testing Class Recall: [0.837,0.922,0.793,0.557,0.441,0.330,0.254,0.767,0.189,0.594]
Epoch [84] Training Results: Prec@1 97.740 Prec@5 100.000             Loss 0.06831
Epoch [84] Training Class Recall: [0.972,0.976,0.931,0.960,0.965,0.982,0.987,0.995,0.995,0.999]
Epoch [84] Testing Results: Prec@1 56.540 Prec@5 94.270             Loss 2.61722
Epoch [84] Testing Class Recall: [0.881,0.976,0.751,0.467,0.374,0.446,0.671,0.708,0.244,0.136]
Epoch [85] Training Results: Prec@1 97.855 Prec@5 100.000             Loss 0.06309
Epoch [85] Training Class Recall: [0.972,0.975,0.943,0.960,0.969,0.984,0.986,0.996,0.997,0.997]
Epoch [85] Testing Results: Prec@1 53.450 Prec@5 94.400             Loss 2.86712
Epoch [85] Testing Class Recall: [0.961,0.836,0.477,0.709,0.562,0.490,0.380,0.538,0.115,0.277]
Epoch [86] Training Results: Prec@1 97.585 Prec@5 99.985             Loss 0.06923
Epoch [86] Training Class Recall: [0.969,0.965,0.932,0.955,0.969,0.976,0.995,0.997,0.990,0.992]
Epoch [86] Testing Results: Prec@1 59.920 Prec@5 94.850             Loss 2.18444
Epoch [86] Testing Class Recall: [0.764,0.939,0.732,0.751,0.401,0.487,0.667,0.530,0.306,0.415]
Epoch [87] Training Results: Prec@1 97.910 Prec@5 100.000             Loss 0.06105
Epoch [87] Training Class Recall: [0.967,0.976,0.940,0.965,0.969,0.985,0.989,0.995,0.999,0.998]
Epoch [87] Testing Results: Prec@1 56.540 Prec@5 93.560             Loss 2.68667
Epoch [87] Testing Class Recall: [0.866,0.917,0.740,0.779,0.362,0.396,0.571,0.632,0.144,0.247]
Epoch [88] Training Results: Prec@1 98.365 Prec@5 100.000             Loss 0.05099
Epoch [88] Training Class Recall: [0.972,0.975,0.954,0.976,0.979,0.994,0.991,0.997,0.993,0.999]
Epoch [88] Testing Results: Prec@1 60.210 Prec@5 95.120             Loss 2.11510
Epoch [88] Testing Class Recall: [0.933,0.946,0.620,0.675,0.630,0.525,0.561,0.551,0.325,0.255]
Epoch [89] Training Results: Prec@1 98.050 Prec@5 100.000             Loss 0.05514
Epoch [89] Training Class Recall: [0.971,0.981,0.940,0.969,0.970,0.983,0.993,0.995,0.998,0.996]
Epoch [89] Testing Results: Prec@1 55.220 Prec@5 92.630             Loss 2.80569
Epoch [89] Testing Class Recall: [0.859,0.883,0.621,0.698,0.664,0.344,0.354,0.726,0.240,0.133]
Epoch [90] Training Results: Prec@1 98.000 Prec@5 100.000             Loss 0.06082
Epoch [90] Training Class Recall: [0.973,0.981,0.943,0.962,0.964,0.980,0.994,0.997,0.995,0.999]
Epoch [90] Testing Results: Prec@1 54.810 Prec@5 93.590             Loss 2.82671
Epoch [90] Testing Class Recall: [0.943,0.955,0.503,0.505,0.439,0.685,0.454,0.559,0.075,0.363]
Epoch [91] Training Results: Prec@1 97.865 Prec@5 100.000             Loss 0.06280
Epoch [91] Training Class Recall: [0.972,0.978,0.940,0.960,0.971,0.978,0.991,0.994,0.995,0.999]
Epoch [91] Testing Results: Prec@1 57.480 Prec@5 93.350             Loss 2.60589
Epoch [91] Testing Class Recall: [0.820,0.968,0.618,0.791,0.312,0.529,0.612,0.486,0.244,0.368]
Epoch [92] Training Results: Prec@1 98.320 Prec@5 100.000             Loss 0.05089
Epoch [92] Training Class Recall: [0.977,0.985,0.946,0.973,0.975,0.984,0.994,0.997,0.995,0.999]
Epoch [92] Testing Results: Prec@1 61.120 Prec@5 94.290             Loss 2.13900
Epoch [92] Testing Class Recall: [0.817,0.961,0.767,0.621,0.518,0.420,0.665,0.499,0.394,0.450]
Epoch [93] Training Results: Prec@1 97.485 Prec@5 99.995             Loss 0.07337
Epoch [93] Training Class Recall: [0.969,0.974,0.940,0.956,0.962,0.971,0.985,0.994,0.989,0.996]
Epoch [93] Testing Results: Prec@1 53.090 Prec@5 92.350             Loss 3.16864
Epoch [93] Testing Class Recall: [0.820,0.855,0.687,0.561,0.411,0.282,0.884,0.608,0.131,0.070]
Epoch [94] Training Results: Prec@1 98.370 Prec@5 99.995             Loss 0.04948
Epoch [94] Training Class Recall: [0.975,0.982,0.950,0.974,0.975,0.985,0.997,0.998,0.994,0.998]
Epoch [94] Testing Results: Prec@1 60.040 Prec@5 94.300             Loss 2.30120
Epoch [94] Testing Class Recall: [0.897,0.917,0.656,0.606,0.646,0.562,0.632,0.602,0.136,0.350]
Epoch [95] Training Results: Prec@1 98.780 Prec@5 100.000             Loss 0.03772
Epoch [95] Training Class Recall: [0.979,0.983,0.966,0.979,0.990,0.991,0.994,0.998,0.995,0.999]
Epoch [95] Testing Results: Prec@1 57.930 Prec@5 94.230             Loss 2.54200
Epoch [95] Testing Class Recall: [0.834,0.929,0.812,0.693,0.554,0.465,0.602,0.437,0.240,0.227]
Epoch [96] Training Results: Prec@1 98.130 Prec@5 99.995             Loss 0.05705
Epoch [96] Training Class Recall: [0.974,0.981,0.946,0.967,0.966,0.985,0.992,0.995,0.998,1.000]
Epoch [96] Testing Results: Prec@1 54.610 Prec@5 93.960             Loss 2.62733
Epoch [96] Testing Class Recall: [0.924,0.956,0.524,0.639,0.504,0.446,0.343,0.675,0.251,0.199]
Epoch [97] Training Results: Prec@1 96.525 Prec@5 99.980             Loss 0.10615
Epoch [97] Training Class Recall: [0.962,0.969,0.919,0.940,0.932,0.970,0.975,0.988,0.988,0.989]
Epoch [97] Testing Results: Prec@1 54.560 Prec@5 93.940             Loss 2.64703
Epoch [97] Testing Class Recall: [0.650,0.916,0.891,0.532,0.369,0.325,0.658,0.446,0.369,0.300]
Epoch [98] Training Results: Prec@1 97.975 Prec@5 100.000             Loss 0.06110
Epoch [98] Training Class Recall: [0.968,0.973,0.943,0.969,0.972,0.987,0.988,0.996,0.998,0.997]
Epoch [98] Testing Results: Prec@1 57.940 Prec@5 94.070             Loss 2.43322
Epoch [98] Testing Class Recall: [0.814,0.972,0.779,0.670,0.582,0.374,0.508,0.418,0.340,0.337]
Epoch [99] Training Results: Prec@1 98.115 Prec@5 100.000             Loss 0.05954
Epoch [99] Training Class Recall: [0.975,0.982,0.948,0.964,0.969,0.985,0.991,0.996,0.997,0.998]
Epoch [99] Testing Results: Prec@1 55.220 Prec@5 93.950             Loss 2.77436
Epoch [99] Testing Class Recall: [0.888,0.930,0.814,0.676,0.414,0.464,0.491,0.470,0.166,0.209]
Epoch [100] Training Results: Prec@1 98.960 Prec@5 100.000             Loss 0.03296
Epoch [100] Training Class Recall: [0.981,0.985,0.973,0.980,0.989,0.993,0.996,0.998,0.998,1.000]
Epoch [100] Testing Results: Prec@1 55.400 Prec@5 93.290             Loss 2.82872
Epoch [100] Testing Class Recall: [0.890,0.956,0.541,0.728,0.453,0.462,0.681,0.531,0.186,0.112]
Epoch [101] Training Results: Prec@1 98.375 Prec@5 100.000             Loss 0.04859
Epoch [101] Training Class Recall: [0.976,0.986,0.943,0.972,0.978,0.986,0.996,0.998,0.997,1.000]
Epoch [101] Testing Results: Prec@1 56.760 Prec@5 93.310             Loss 2.95594
Epoch [101] Testing Class Recall: [0.925,0.951,0.645,0.671,0.416,0.496,0.613,0.665,0.059,0.235]
Epoch [102] Training Results: Prec@1 98.115 Prec@5 99.990             Loss 0.05684
Epoch [102] Training Class Recall: [0.976,0.979,0.944,0.969,0.970,0.984,0.992,0.993,0.995,0.999]
Epoch [102] Testing Results: Prec@1 53.770 Prec@5 92.490             Loss 2.95922
Epoch [102] Testing Class Recall: [0.945,0.930,0.417,0.604,0.445,0.483,0.399,0.828,0.218,0.108]
Epoch [103] Training Results: Prec@1 97.920 Prec@5 100.000             Loss 0.05838
Epoch [103] Training Class Recall: [0.973,0.971,0.948,0.964,0.963,0.982,0.987,0.995,0.998,0.998]
Epoch [103] Testing Results: Prec@1 52.600 Prec@5 90.150             Loss 3.27892
Epoch [103] Testing Class Recall: [0.921,0.858,0.613,0.836,0.486,0.208,0.485,0.631,0.186,0.036]
Epoch [104] Training Results: Prec@1 97.020 Prec@5 99.960             Loss 0.09151
Epoch [104] Training Class Recall: [0.961,0.977,0.912,0.948,0.945,0.979,0.982,0.991,0.993,0.999]
Epoch [104] Testing Results: Prec@1 54.110 Prec@5 93.460             Loss 2.98592
Epoch [104] Testing Class Recall: [0.917,0.963,0.757,0.803,0.331,0.230,0.535,0.433,0.241,0.201]
Epoch [105] Training Results: Prec@1 98.505 Prec@5 100.000             Loss 0.04452
Epoch [105] Training Class Recall: [0.978,0.986,0.950,0.974,0.980,0.987,0.995,0.998,1.000,0.998]
Epoch [105] Testing Results: Prec@1 54.510 Prec@5 92.030             Loss 3.05285
Epoch [105] Testing Class Recall: [0.848,0.934,0.843,0.341,0.405,0.602,0.572,0.463,0.102,0.341]
Epoch [106] Training Results: Prec@1 98.415 Prec@5 100.000             Loss 0.04529
Epoch [106] Training Class Recall: [0.977,0.979,0.950,0.969,0.983,0.985,0.995,0.998,0.997,1.000]
Epoch [106] Testing Results: Prec@1 52.480 Prec@5 91.760             Loss 3.34906
Epoch [106] Testing Class Recall: [0.777,0.982,0.846,0.545,0.350,0.423,0.690,0.511,0.112,0.012]
Epoch [107] Training Results: Prec@1 98.480 Prec@5 100.000             Loss 0.04568
Epoch [107] Training Class Recall: [0.980,0.981,0.958,0.971,0.979,0.989,0.993,0.994,0.998,0.999]
Epoch [107] Testing Results: Prec@1 52.140 Prec@5 93.110             Loss 3.42087
Epoch [107] Testing Class Recall: [0.946,0.846,0.704,0.557,0.557,0.542,0.354,0.381,0.079,0.248]
Epoch [108] Training Results: Prec@1 98.165 Prec@5 100.000             Loss 0.05504
Epoch [108] Training Class Recall: [0.975,0.983,0.945,0.965,0.976,0.983,0.993,0.996,0.996,0.999]
Epoch [108] Testing Results: Prec@1 58.500 Prec@5 94.770             Loss 2.54949
Epoch [108] Testing Class Recall: [0.913,0.819,0.655,0.817,0.478,0.423,0.582,0.617,0.253,0.293]
Epoch [109] Training Results: Prec@1 98.735 Prec@5 100.000             Loss 0.03760
Epoch [109] Training Class Recall: [0.983,0.985,0.960,0.974,0.982,0.991,0.996,0.999,0.996,0.999]
Epoch [109] Testing Results: Prec@1 61.810 Prec@5 95.080             Loss 2.18233
Epoch [109] Testing Class Recall: [0.758,0.965,0.539,0.600,0.691,0.647,0.632,0.424,0.560,0.365]
Epoch [110] Training Results: Prec@1 97.785 Prec@5 99.995             Loss 0.06789
Epoch [110] Training Class Recall: [0.975,0.976,0.927,0.958,0.966,0.986,0.992,0.994,0.995,0.996]
Epoch [110] Testing Results: Prec@1 56.280 Prec@5 92.940             Loss 2.83336
Epoch [110] Testing Class Recall: [0.840,0.926,0.792,0.679,0.460,0.559,0.331,0.700,0.139,0.202]
Epoch [111] Training Results: Prec@1 98.400 Prec@5 99.995             Loss 0.04876
Epoch [111] Training Class Recall: [0.976,0.979,0.955,0.972,0.980,0.988,0.993,0.996,0.995,0.999]
Epoch [111] Testing Results: Prec@1 56.320 Prec@5 93.790             Loss 2.71457
Epoch [111] Testing Class Recall: [0.947,0.953,0.565,0.701,0.307,0.445,0.662,0.592,0.293,0.167]
Epoch [112] Training Results: Prec@1 98.715 Prec@5 100.000             Loss 0.03813
Epoch [112] Training Class Recall: [0.978,0.983,0.963,0.981,0.978,0.991,0.994,0.999,0.998,1.000]
Epoch [112] Testing Results: Prec@1 55.480 Prec@5 93.300             Loss 2.74197
Epoch [112] Testing Class Recall: [0.834,0.881,0.813,0.671,0.477,0.385,0.519,0.590,0.191,0.187]
Epoch [113] Training Results: Prec@1 98.305 Prec@5 100.000             Loss 0.05039
Epoch [113] Training Class Recall: [0.976,0.982,0.950,0.971,0.977,0.983,0.995,0.995,0.997,0.999]
Epoch [113] Testing Results: Prec@1 56.570 Prec@5 94.030             Loss 2.84888
Epoch [113] Testing Class Recall: [0.831,0.915,0.600,0.691,0.565,0.493,0.589,0.613,0.130,0.230]
Epoch [114] Training Results: Prec@1 97.620 Prec@5 100.000             Loss 0.06826
Epoch [114] Training Class Recall: [0.965,0.975,0.932,0.957,0.976,0.976,0.991,0.993,0.995,0.998]
Epoch [114] Testing Results: Prec@1 55.800 Prec@5 93.870             Loss 2.83542
Epoch [114] Testing Class Recall: [0.954,0.884,0.649,0.685,0.582,0.472,0.467,0.575,0.192,0.120]
Epoch [115] Training Results: Prec@1 98.295 Prec@5 99.995             Loss 0.05091
Epoch [115] Training Class Recall: [0.979,0.976,0.952,0.973,0.966,0.987,0.991,0.996,0.994,1.000]
Epoch [115] Testing Results: Prec@1 53.090 Prec@5 93.800             Loss 2.90277
Epoch [115] Testing Class Recall: [0.931,0.943,0.700,0.680,0.273,0.486,0.386,0.423,0.356,0.131]
Epoch [116] Training Results: Prec@1 98.290 Prec@5 99.995             Loss 0.05151
Epoch [116] Training Class Recall: [0.979,0.980,0.951,0.972,0.968,0.984,0.992,0.997,0.997,0.995]
Epoch [116] Testing Results: Prec@1 58.980 Prec@5 94.980             Loss 2.42178
Epoch [116] Testing Class Recall: [0.832,0.664,0.742,0.648,0.579,0.635,0.507,0.580,0.265,0.446]
Epoch [117] Training Results: Prec@1 98.300 Prec@5 99.995             Loss 0.05008
Epoch [117] Training Class Recall: [0.974,0.978,0.952,0.972,0.978,0.990,0.991,0.994,0.998,0.999]
Epoch [117] Testing Results: Prec@1 51.940 Prec@5 93.580             Loss 3.49510
Epoch [117] Testing Class Recall: [0.918,0.891,0.507,0.835,0.351,0.579,0.340,0.392,0.236,0.145]
Epoch [118] Training Results: Prec@1 97.520 Prec@5 99.995             Loss 0.07458
Epoch [118] Training Class Recall: [0.965,0.970,0.943,0.954,0.963,0.980,0.988,0.993,0.988,0.996]
Epoch [118] Testing Results: Prec@1 58.170 Prec@5 93.970             Loss 2.34208
Epoch [118] Testing Class Recall: [0.785,0.926,0.790,0.515,0.622,0.705,0.556,0.532,0.238,0.148]
Epoch [119] Training Results: Prec@1 98.700 Prec@5 100.000             Loss 0.04057
Epoch [119] Training Class Recall: [0.985,0.982,0.960,0.975,0.979,0.989,0.994,0.999,0.997,0.999]
Epoch [119] Testing Results: Prec@1 50.020 Prec@5 93.040             Loss 3.88407
Epoch [119] Testing Class Recall: [0.801,0.907,0.827,0.809,0.310,0.288,0.332,0.532,0.055,0.141]
Epoch [120] Training Results: Prec@1 98.300 Prec@5 100.000             Loss 0.05338
Epoch [120] Training Class Recall: [0.978,0.973,0.948,0.972,0.979,0.987,0.994,0.996,0.998,0.995]
Epoch [120] Testing Results: Prec@1 56.710 Prec@5 94.080             Loss 2.93153
Epoch [120] Testing Class Recall: [0.839,0.963,0.628,0.848,0.408,0.523,0.530,0.508,0.240,0.184]
Epoch [121] Training Results: Prec@1 97.940 Prec@5 99.980             Loss 0.05649
Epoch [121] Training Class Recall: [0.971,0.983,0.941,0.959,0.970,0.985,0.991,0.994,0.996,0.999]
Epoch [121] Testing Results: Prec@1 49.770 Prec@5 91.360             Loss 3.60184
Epoch [121] Testing Class Recall: [0.764,0.858,0.724,0.840,0.156,0.448,0.567,0.350,0.123,0.147]
Epoch [122] Training Results: Prec@1 98.455 Prec@5 100.000             Loss 0.05025
Epoch [122] Training Class Recall: [0.978,0.985,0.952,0.974,0.980,0.989,0.991,0.996,0.998,0.998]
Epoch [122] Testing Results: Prec@1 52.470 Prec@5 93.400             Loss 3.25891
Epoch [122] Testing Class Recall: [0.950,0.881,0.509,0.810,0.419,0.447,0.326,0.615,0.111,0.179]
Epoch [123] Training Results: Prec@1 98.550 Prec@5 99.995             Loss 0.04475
Epoch [123] Training Class Recall: [0.981,0.982,0.959,0.973,0.980,0.990,0.992,0.997,0.995,0.998]
Epoch [123] Testing Results: Prec@1 59.350 Prec@5 94.570             Loss 2.36111
Epoch [123] Testing Class Recall: [0.938,0.941,0.662,0.656,0.634,0.511,0.670,0.441,0.264,0.218]
Epoch [124] Training Results: Prec@1 98.320 Prec@5 100.000             Loss 0.04984
Epoch [124] Training Class Recall: [0.978,0.981,0.950,0.971,0.978,0.982,0.994,0.995,0.999,0.999]
Epoch [124] Testing Results: Prec@1 60.820 Prec@5 94.460             Loss 2.21153
Epoch [124] Testing Class Recall: [0.834,0.923,0.690,0.704,0.461,0.402,0.643,0.677,0.435,0.313]
Epoch [125] Training Results: Prec@1 98.175 Prec@5 100.000             Loss 0.05726
Epoch [125] Training Class Recall: [0.972,0.982,0.950,0.966,0.968,0.985,0.994,0.996,0.998,0.999]
Epoch [125] Testing Results: Prec@1 58.160 Prec@5 94.710             Loss 2.52818
Epoch [125] Testing Class Recall: [0.884,0.928,0.661,0.755,0.426,0.438,0.709,0.517,0.239,0.259]
Epoch [126] Training Results: Prec@1 98.165 Prec@5 100.000             Loss 0.05864
Epoch [126] Training Class Recall: [0.974,0.974,0.953,0.966,0.974,0.986,0.995,0.997,0.995,0.992]
Epoch [126] Testing Results: Prec@1 56.310 Prec@5 91.930             Loss 3.00894
Epoch [126] Testing Class Recall: [0.912,0.891,0.716,0.696,0.539,0.421,0.805,0.475,0.076,0.100]
Epoch [127] Training Results: Prec@1 98.760 Prec@5 100.000             Loss 0.03616
Epoch [127] Training Class Recall: [0.982,0.979,0.963,0.975,0.991,0.991,0.996,0.999,0.999,0.997]
Epoch [127] Testing Results: Prec@1 54.780 Prec@5 92.510             Loss 3.09348
Epoch [127] Testing Class Recall: [0.789,0.944,0.724,0.840,0.269,0.320,0.616,0.580,0.083,0.313]
Epoch [128] Training Results: Prec@1 98.505 Prec@5 99.995             Loss 0.04592
Epoch [128] Training Class Recall: [0.979,0.983,0.958,0.975,0.972,0.989,0.993,0.998,0.995,0.999]
Epoch [128] Testing Results: Prec@1 57.120 Prec@5 94.410             Loss 2.73164
Epoch [128] Testing Class Recall: [0.892,0.979,0.628,0.679,0.469,0.342,0.704,0.503,0.363,0.153]
Epoch [129] Training Results: Prec@1 98.190 Prec@5 99.995             Loss 0.05816
Epoch [129] Training Class Recall: [0.977,0.982,0.943,0.966,0.971,0.988,0.991,0.997,0.995,0.999]
Epoch [129] Testing Results: Prec@1 54.040 Prec@5 94.480             Loss 2.94646
Epoch [129] Testing Class Recall: [0.891,0.947,0.598,0.795,0.336,0.410,0.433,0.596,0.230,0.168]
Epoch [130] Training Results: Prec@1 98.060 Prec@5 100.000             Loss 0.05820
Epoch [130] Training Class Recall: [0.970,0.974,0.947,0.962,0.975,0.989,0.994,0.995,0.996,0.998]
Epoch [130] Testing Results: Prec@1 54.830 Prec@5 92.810             Loss 3.00730
Epoch [130] Testing Class Recall: [0.938,0.867,0.732,0.341,0.526,0.599,0.792,0.533,0.074,0.081]
Epoch [131] Training Results: Prec@1 98.165 Prec@5 99.995             Loss 0.05443
Epoch [131] Training Class Recall: [0.976,0.979,0.949,0.965,0.967,0.987,0.991,0.996,0.997,0.998]
Epoch [131] Testing Results: Prec@1 54.730 Prec@5 93.250             Loss 2.96834
Epoch [131] Testing Class Recall: [0.772,0.945,0.830,0.540,0.431,0.398,0.798,0.481,0.158,0.120]
Epoch [132] Training Results: Prec@1 98.815 Prec@5 100.000             Loss 0.03712
Epoch [132] Training Class Recall: [0.978,0.987,0.964,0.980,0.985,0.992,0.995,0.999,0.997,1.000]
Epoch [132] Testing Results: Prec@1 54.130 Prec@5 93.600             Loss 3.17513
Epoch [132] Testing Class Recall: [0.906,0.881,0.669,0.835,0.365,0.340,0.570,0.524,0.245,0.078]
Epoch [133] Training Results: Prec@1 98.270 Prec@5 100.000             Loss 0.05314
Epoch [133] Training Class Recall: [0.980,0.986,0.946,0.969,0.973,0.989,0.992,0.992,0.998,0.997]
Epoch [133] Testing Results: Prec@1 59.910 Prec@5 94.920             Loss 2.26502
Epoch [133] Testing Class Recall: [0.840,0.929,0.704,0.705,0.372,0.561,0.545,0.720,0.250,0.365]
Epoch [134] Training Results: Prec@1 98.485 Prec@5 99.995             Loss 0.04433
Epoch [134] Training Class Recall: [0.979,0.980,0.950,0.978,0.976,0.986,0.995,0.996,0.998,0.999]
Epoch [134] Testing Results: Prec@1 55.080 Prec@5 93.820             Loss 2.81095
Epoch [134] Testing Class Recall: [0.946,0.813,0.730,0.515,0.470,0.615,0.253,0.672,0.244,0.250]
Epoch [135] Training Results: Prec@1 97.765 Prec@5 99.995             Loss 0.06693
Epoch [135] Training Class Recall: [0.973,0.970,0.935,0.969,0.961,0.975,0.988,0.995,0.996,0.998]
Epoch [135] Testing Results: Prec@1 58.690 Prec@5 94.390             Loss 2.25097
Epoch [135] Testing Class Recall: [0.902,0.924,0.542,0.535,0.494,0.699,0.493,0.736,0.335,0.209]
Epoch [136] Training Results: Prec@1 98.235 Prec@5 99.995             Loss 0.05197
Epoch [136] Training Class Recall: [0.973,0.985,0.946,0.968,0.977,0.988,0.992,0.996,0.995,0.999]
Epoch [136] Testing Results: Prec@1 58.430 Prec@5 94.020             Loss 2.46656
Epoch [136] Testing Class Recall: [0.910,0.879,0.744,0.802,0.484,0.389,0.650,0.572,0.170,0.243]
Epoch [137] Training Results: Prec@1 98.335 Prec@5 99.995             Loss 0.05302
Epoch [137] Training Class Recall: [0.976,0.985,0.955,0.965,0.978,0.986,0.991,0.997,0.998,1.000]
Epoch [137] Testing Results: Prec@1 58.070 Prec@5 93.220             Loss 2.66214
Epoch [137] Testing Class Recall: [0.818,0.969,0.662,0.495,0.669,0.489,0.685,0.779,0.059,0.182]
Epoch [138] Training Results: Prec@1 98.915 Prec@5 100.000             Loss 0.03430
Epoch [138] Training Class Recall: [0.981,0.983,0.968,0.982,0.993,0.992,0.996,0.998,0.998,0.999]
Epoch [138] Testing Results: Prec@1 62.380 Prec@5 95.270             Loss 2.10566
Epoch [138] Testing Class Recall: [0.867,0.912,0.729,0.667,0.570,0.397,0.741,0.641,0.500,0.214]
Epoch [139] Training Results: Prec@1 99.160 Prec@5 100.000             Loss 0.02620
Epoch [139] Training Class Recall: [0.988,0.983,0.968,0.987,0.996,0.998,0.997,0.999,0.998,0.999]
Epoch [139] Testing Results: Prec@1 52.640 Prec@5 91.600             Loss 3.16507
Epoch [139] Testing Class Recall: [0.774,0.940,0.789,0.694,0.182,0.455,0.722,0.439,0.161,0.108]
Epoch [140] Training Results: Prec@1 98.010 Prec@5 99.985             Loss 0.06011
Epoch [140] Training Class Recall: [0.972,0.979,0.942,0.968,0.968,0.983,0.989,0.996,0.998,0.996]
Epoch [140] Testing Results: Prec@1 60.920 Prec@5 94.320             Loss 2.27815
Epoch [140] Testing Class Recall: [0.896,0.920,0.730,0.610,0.443,0.542,0.733,0.448,0.274,0.496]
Epoch [141] Training Results: Prec@1 98.350 Prec@5 100.000             Loss 0.05030
Epoch [141] Training Class Recall: [0.979,0.983,0.947,0.967,0.972,0.991,0.992,0.998,0.999,0.998]
Epoch [141] Testing Results: Prec@1 57.350 Prec@5 94.040             Loss 2.57900
Epoch [141] Testing Class Recall: [0.929,0.948,0.660,0.729,0.369,0.509,0.455,0.607,0.188,0.341]
Epoch [142] Training Results: Prec@1 98.295 Prec@5 99.995             Loss 0.05125
Epoch [142] Training Class Recall: [0.978,0.984,0.946,0.968,0.974,0.987,0.994,0.996,0.995,0.999]
Epoch [142] Testing Results: Prec@1 61.000 Prec@5 94.260             Loss 2.43322
Epoch [142] Testing Class Recall: [0.792,0.957,0.674,0.518,0.703,0.445,0.719,0.707,0.360,0.225]
Epoch [143] Training Results: Prec@1 97.710 Prec@5 100.000             Loss 0.07054
Epoch [143] Training Class Recall: [0.972,0.973,0.932,0.959,0.962,0.987,0.988,0.992,0.996,0.998]
Epoch [143] Testing Results: Prec@1 54.150 Prec@5 94.300             Loss 2.86409
Epoch [143] Testing Class Recall: [0.903,0.894,0.592,0.817,0.251,0.555,0.291,0.586,0.156,0.370]
Epoch [144] Training Results: Prec@1 98.960 Prec@5 100.000             Loss 0.03305
Epoch [144] Training Class Recall: [0.985,0.986,0.969,0.981,0.979,0.992,0.997,0.999,0.999,0.999]
Epoch [144] Testing Results: Prec@1 54.700 Prec@5 92.420             Loss 3.42583
Epoch [144] Testing Class Recall: [0.923,0.973,0.643,0.821,0.565,0.221,0.635,0.495,0.122,0.072]
Epoch [145] Training Results: Prec@1 98.480 Prec@5 100.000             Loss 0.04553
Epoch [145] Training Class Recall: [0.977,0.980,0.952,0.976,0.979,0.988,0.994,0.997,0.997,0.999]
Epoch [145] Testing Results: Prec@1 54.750 Prec@5 92.050             Loss 2.63758
Epoch [145] Testing Class Recall: [0.724,0.851,0.812,0.634,0.366,0.683,0.390,0.557,0.153,0.305]
Epoch [146] Training Results: Prec@1 98.125 Prec@5 99.990             Loss 0.05824
Epoch [146] Training Class Recall: [0.973,0.982,0.954,0.965,0.971,0.982,0.991,0.995,0.999,0.997]
Epoch [146] Testing Results: Prec@1 51.470 Prec@5 92.390             Loss 3.18857
Epoch [146] Testing Class Recall: [0.963,0.919,0.625,0.497,0.266,0.582,0.537,0.442,0.247,0.069]
Epoch [147] Training Results: Prec@1 98.355 Prec@5 100.000             Loss 0.04976
Epoch [147] Training Class Recall: [0.976,0.979,0.954,0.972,0.977,0.987,0.993,0.996,0.998,0.998]
Epoch [147] Testing Results: Prec@1 54.790 Prec@5 94.150             Loss 3.07998
Epoch [147] Testing Class Recall: [0.889,0.928,0.647,0.865,0.467,0.292,0.386,0.690,0.156,0.159]
Epoch [148] Training Results: Prec@1 98.110 Prec@5 99.995             Loss 0.05461
Epoch [148] Training Class Recall: [0.974,0.978,0.946,0.970,0.971,0.987,0.989,0.996,0.990,0.999]
Epoch [148] Testing Results: Prec@1 56.940 Prec@5 94.270             Loss 2.86821
Epoch [148] Testing Class Recall: [0.912,0.898,0.571,0.852,0.615,0.314,0.587,0.462,0.328,0.155]
Epoch [149] Training Results: Prec@1 98.555 Prec@5 100.000             Loss 0.04548
Epoch [149] Training Class Recall: [0.981,0.987,0.960,0.973,0.979,0.984,0.991,0.998,0.998,0.998]
Epoch [149] Testing Results: Prec@1 57.460 Prec@5 93.670             Loss 2.64895
Epoch [149] Testing Class Recall: [0.869,0.890,0.836,0.622,0.389,0.543,0.655,0.518,0.267,0.157]
Epoch [150] Training Results: Prec@1 98.390 Prec@5 100.000             Loss 0.04975
Epoch [150] Training Class Recall: [0.977,0.976,0.947,0.970,0.988,0.985,0.995,0.997,0.999,0.999]
Epoch [150] Testing Results: Prec@1 52.060 Prec@5 93.710             Loss 3.54539
Epoch [150] Testing Class Recall: [0.900,0.933,0.783,0.847,0.316,0.190,0.399,0.504,0.172,0.162]
Epoch [151] Training Results: Prec@1 98.885 Prec@5 99.995             Loss 0.03465
Epoch [151] Training Class Recall: [0.983,0.989,0.968,0.981,0.983,0.996,0.994,0.996,0.995,0.999]
Epoch [151] Testing Results: Prec@1 56.440 Prec@5 94.210             Loss 2.79667
Epoch [151] Testing Class Recall: [0.865,0.961,0.836,0.661,0.366,0.480,0.548,0.509,0.276,0.142]
Epoch [152] Training Results: Prec@1 98.760 Prec@5 99.995             Loss 0.03887
Epoch [152] Training Class Recall: [0.981,0.990,0.966,0.978,0.979,0.989,0.995,0.995,0.999,0.999]
Epoch [152] Testing Results: Prec@1 59.100 Prec@5 94.550             Loss 2.51382
Epoch [152] Testing Class Recall: [0.930,0.966,0.559,0.694,0.469,0.515,0.780,0.498,0.174,0.325]
Epoch [153] Training Results: Prec@1 98.405 Prec@5 99.995             Loss 0.04716
Epoch [153] Training Class Recall: [0.976,0.979,0.950,0.975,0.976,0.992,0.994,0.996,0.993,0.999]
Epoch [153] Testing Results: Prec@1 53.790 Prec@5 93.490             Loss 3.02154
Epoch [153] Testing Class Recall: [0.936,0.812,0.720,0.679,0.564,0.405,0.429,0.488,0.117,0.229]
Epoch [154] Training Results: Prec@1 97.980 Prec@5 99.990             Loss 0.06179
Epoch [154] Training Class Recall: [0.975,0.983,0.940,0.965,0.962,0.985,0.990,0.996,0.994,0.997]
Epoch [154] Testing Results: Prec@1 55.110 Prec@5 93.880             Loss 2.95168
Epoch [154] Testing Class Recall: [0.908,0.942,0.798,0.608,0.307,0.604,0.576,0.490,0.150,0.128]
Epoch [155] Training Results: Prec@1 98.730 Prec@5 99.990             Loss 0.03763
Epoch [155] Training Class Recall: [0.983,0.981,0.962,0.976,0.982,0.991,0.997,0.998,0.998,0.998]
Epoch [155] Testing Results: Prec@1 51.610 Prec@5 93.250             Loss 3.52553
Epoch [155] Testing Class Recall: [0.928,0.992,0.682,0.412,0.475,0.316,0.606,0.471,0.165,0.114]
Epoch [156] Training Results: Prec@1 97.625 Prec@5 99.995             Loss 0.07285
Epoch [156] Training Class Recall: [0.973,0.974,0.936,0.952,0.965,0.981,0.987,0.995,0.991,0.996]
Epoch [156] Testing Results: Prec@1 61.900 Prec@5 94.480             Loss 2.24070
Epoch [156] Testing Class Recall: [0.789,0.758,0.645,0.763,0.668,0.409,0.674,0.641,0.719,0.124]
Epoch [157] Training Results: Prec@1 98.580 Prec@5 99.990             Loss 0.04449
Epoch [157] Training Class Recall: [0.977,0.983,0.958,0.978,0.982,0.989,0.997,0.996,0.991,0.999]
Epoch [157] Testing Results: Prec@1 53.810 Prec@5 93.380             Loss 3.08326
Epoch [157] Testing Class Recall: [0.927,0.893,0.795,0.523,0.482,0.478,0.417,0.602,0.140,0.124]
Epoch [158] Training Results: Prec@1 97.890 Prec@5 99.985             Loss 0.06355
Epoch [158] Training Class Recall: [0.973,0.980,0.940,0.959,0.965,0.979,0.989,0.997,0.998,0.997]
Epoch [158] Testing Results: Prec@1 55.100 Prec@5 94.440             Loss 2.80486
Epoch [158] Testing Class Recall: [0.872,0.873,0.751,0.774,0.451,0.463,0.354,0.558,0.260,0.154]
Epoch [159] Training Results: Prec@1 99.015 Prec@5 100.000             Loss 0.03100
Epoch [159] Training Class Recall: [0.980,0.986,0.975,0.983,0.986,0.993,0.997,1.000,0.999,0.999]
Epoch [159] Testing Results: Prec@1 57.640 Prec@5 92.950             Loss 2.87684
Epoch [159] Testing Class Recall: [0.946,0.960,0.766,0.554,0.361,0.543,0.766,0.571,0.113,0.184]
Epoch [160] Training Results: Prec@1 99.345 Prec@5 100.000             Loss 0.02133
Epoch [160] Training Class Recall: [0.996,0.990,0.970,0.988,0.990,0.995,0.999,0.998,0.999,0.999]
Epoch [160] Testing Results: Prec@1 61.240 Prec@5 94.780             Loss 2.44044
Epoch [160] Testing Class Recall: [0.942,0.941,0.734,0.736,0.497,0.519,0.705,0.598,0.182,0.270]
Epoch [161] Training Results: Prec@1 99.640 Prec@5 100.000             Loss 0.01340
Epoch [161] Training Class Recall: [0.996,0.994,0.985,0.994,0.995,0.998,1.000,1.000,0.998,1.000]
Epoch [161] Testing Results: Prec@1 60.600 Prec@5 94.850             Loss 2.52911
Epoch [161] Testing Class Recall: [0.943,0.955,0.726,0.753,0.529,0.498,0.684,0.543,0.210,0.219]
Epoch [162] Training Results: Prec@1 99.680 Prec@5 100.000             Loss 0.01208
Epoch [162] Training Class Recall: [0.996,0.992,0.989,0.995,0.996,0.998,1.000,1.000,1.000,0.999]
Epoch [162] Testing Results: Prec@1 60.610 Prec@5 94.810             Loss 2.56291
Epoch [162] Testing Class Recall: [0.947,0.949,0.728,0.760,0.490,0.494,0.681,0.573,0.181,0.258]
Epoch [163] Training Results: Prec@1 99.720 Prec@5 100.000             Loss 0.01076
Epoch [163] Training Class Recall: [0.993,0.997,0.989,0.996,0.998,1.000,1.000,1.000,0.999,1.000]
Epoch [163] Testing Results: Prec@1 61.110 Prec@5 94.960             Loss 2.48293
Epoch [163] Testing Class Recall: [0.944,0.955,0.725,0.756,0.523,0.509,0.656,0.603,0.181,0.259]
Epoch [164] Training Results: Prec@1 99.780 Prec@5 100.000             Loss 0.00893
Epoch [164] Training Class Recall: [0.995,0.998,0.990,0.998,0.999,0.998,1.000,1.000,1.000,1.000]
Epoch [164] Testing Results: Prec@1 60.100 Prec@5 94.950             Loss 2.58106
Epoch [164] Testing Class Recall: [0.943,0.943,0.738,0.769,0.528,0.495,0.604,0.603,0.184,0.203]
Epoch [165] Training Results: Prec@1 99.805 Prec@5 100.000             Loss 0.00894
Epoch [165] Training Class Recall: [0.997,0.997,0.991,0.998,0.997,1.000,0.999,1.000,1.000,1.000]
Epoch [165] Testing Results: Prec@1 61.110 Prec@5 95.030             Loss 2.48026
Epoch [165] Testing Class Recall: [0.937,0.953,0.743,0.757,0.512,0.502,0.688,0.600,0.198,0.221]
Epoch [166] Training Results: Prec@1 99.815 Prec@5 100.000             Loss 0.00842
Epoch [166] Training Class Recall: [0.997,0.997,0.989,0.999,0.998,1.000,1.000,1.000,1.000,1.000]
Epoch [166] Testing Results: Prec@1 60.450 Prec@5 95.010             Loss 2.56189
Epoch [166] Testing Class Recall: [0.938,0.954,0.733,0.780,0.523,0.501,0.636,0.580,0.181,0.219]
Epoch [167] Training Results: Prec@1 99.825 Prec@5 100.000             Loss 0.00754
Epoch [167] Training Class Recall: [0.998,0.997,0.989,1.000,1.000,0.999,1.000,1.000,1.000,1.000]
Epoch [167] Testing Results: Prec@1 60.450 Prec@5 95.090             Loss 2.57216
Epoch [167] Testing Class Recall: [0.946,0.953,0.737,0.760,0.538,0.495,0.642,0.581,0.183,0.210]
Epoch [168] Training Results: Prec@1 99.815 Prec@5 100.000             Loss 0.00800
Epoch [168] Training Class Recall: [0.994,0.998,0.993,0.998,0.998,1.000,1.000,1.000,1.000,1.000]
Epoch [168] Testing Results: Prec@1 61.100 Prec@5 95.160             Loss 2.50894
Epoch [168] Testing Class Recall: [0.943,0.940,0.738,0.775,0.526,0.498,0.652,0.595,0.193,0.250]
Epoch [169] Training Results: Prec@1 99.860 Prec@5 100.000             Loss 0.00679
Epoch [169] Training Class Recall: [0.997,0.999,0.992,0.998,0.999,1.000,1.000,1.000,1.000,1.000]
Epoch [169] Testing Results: Prec@1 60.640 Prec@5 95.120             Loss 2.54669
Epoch [169] Testing Class Recall: [0.943,0.957,0.731,0.773,0.520,0.514,0.647,0.600,0.198,0.181]
Epoch [170] Training Results: Prec@1 99.825 Prec@5 100.000             Loss 0.00678
Epoch [170] Training Class Recall: [0.997,0.994,0.993,0.997,1.000,1.000,1.000,1.000,1.000,1.000]
Epoch [170] Testing Results: Prec@1 60.140 Prec@5 95.140             Loss 2.61680
Epoch [170] Testing Class Recall: [0.948,0.942,0.750,0.751,0.509,0.520,0.630,0.586,0.182,0.196]
Epoch [171] Training Results: Prec@1 99.855 Prec@5 100.000             Loss 0.00644
Epoch [171] Training Class Recall: [0.997,0.998,0.993,0.999,1.000,1.000,1.000,1.000,1.000,1.000]
Epoch [171] Testing Results: Prec@1 60.720 Prec@5 95.090             Loss 2.54935
Epoch [171] Testing Class Recall: [0.941,0.952,0.741,0.766,0.547,0.515,0.657,0.596,0.176,0.181]
Epoch [172] Training Results: Prec@1 99.885 Prec@5 100.000             Loss 0.00637
Epoch [172] Training Class Recall: [0.997,0.998,0.995,0.999,1.000,1.000,1.000,1.000,1.000,1.000]
Epoch [172] Testing Results: Prec@1 60.340 Prec@5 95.250             Loss 2.55711
Epoch [172] Testing Class Recall: [0.947,0.938,0.759,0.753,0.498,0.512,0.602,0.571,0.197,0.257]
Epoch [173] Training Results: Prec@1 99.835 Prec@5 100.000             Loss 0.00652
Epoch [173] Training Class Recall: [0.997,0.994,0.992,1.000,0.998,1.000,1.000,1.000,1.000,1.000]
Epoch [173] Testing Results: Prec@1 60.770 Prec@5 95.220             Loss 2.50920
Epoch [173] Testing Class Recall: [0.941,0.948,0.747,0.766,0.515,0.524,0.600,0.605,0.191,0.240]
Epoch [174] Training Results: Prec@1 99.880 Prec@5 100.000             Loss 0.00555
Epoch [174] Training Class Recall: [0.998,0.995,0.996,0.999,0.999,1.000,1.000,1.000,1.000,1.000]
Epoch [174] Testing Results: Prec@1 59.830 Prec@5 95.040             Loss 2.62149
Epoch [174] Testing Class Recall: [0.944,0.953,0.744,0.761,0.516,0.516,0.612,0.598,0.176,0.163]
Epoch [175] Training Results: Prec@1 99.910 Prec@5 100.000             Loss 0.00527
Epoch [175] Training Class Recall: [0.998,0.998,0.997,0.999,1.000,1.000,1.000,1.000,1.000,1.000]
Epoch [175] Testing Results: Prec@1 59.930 Prec@5 95.160             Loss 2.62724
Epoch [175] Testing Class Recall: [0.944,0.949,0.744,0.755,0.523,0.508,0.597,0.600,0.185,0.188]
Epoch [176] Training Results: Prec@1 99.870 Prec@5 100.000             Loss 0.00544
Epoch [176] Training Class Recall: [0.998,0.998,0.993,0.999,0.999,1.000,1.000,1.000,1.000,1.000]
Epoch [176] Testing Results: Prec@1 59.900 Prec@5 95.080             Loss 2.66700
Epoch [176] Testing Class Recall: [0.940,0.944,0.748,0.781,0.528,0.491,0.612,0.564,0.178,0.204]
Epoch [177] Training Results: Prec@1 99.905 Prec@5 100.000             Loss 0.00485
Epoch [177] Training Class Recall: [0.998,0.999,0.995,0.999,0.999,0.999,1.000,1.000,1.000,1.000]
Epoch [177] Testing Results: Prec@1 60.160 Prec@5 95.020             Loss 2.61570
Epoch [177] Testing Class Recall: [0.942,0.944,0.743,0.779,0.541,0.496,0.613,0.590,0.166,0.202]
Epoch [178] Training Results: Prec@1 99.795 Prec@5 100.000             Loss 0.00668
Epoch [178] Training Class Recall: [0.993,0.995,0.994,0.999,0.999,1.000,1.000,1.000,1.000,1.000]
Epoch [178] Testing Results: Prec@1 60.090 Prec@5 95.160             Loss 2.61906
Epoch [178] Testing Class Recall: [0.938,0.945,0.758,0.784,0.521,0.520,0.599,0.594,0.189,0.161]
Epoch [179] Training Results: Prec@1 99.920 Prec@5 100.000             Loss 0.00489
Epoch [179] Training Class Recall: [0.999,0.999,0.994,0.999,1.000,1.000,1.000,1.000,1.000,1.000]
Epoch [179] Testing Results: Prec@1 60.300 Prec@5 95.250             Loss 2.64168
Epoch [179] Testing Class Recall: [0.945,0.953,0.741,0.779,0.558,0.513,0.617,0.574,0.181,0.169]
Epoch [180] Training Results: Prec@1 99.875 Prec@5 100.000             Loss 0.00567
Epoch [180] Training Class Recall: [0.998,0.996,0.994,0.998,1.000,1.000,1.000,1.000,1.000,1.000]
Epoch [180] Testing Results: Prec@1 59.660 Prec@5 95.060             Loss 2.65434
Epoch [180] Testing Class Recall: [0.951,0.948,0.724,0.763,0.511,0.521,0.598,0.601,0.164,0.185]
Epoch [181] Training Results: Prec@1 99.875 Prec@5 100.000             Loss 0.00514
Epoch [181] Training Class Recall: [0.996,0.998,0.996,0.999,1.000,0.999,1.000,1.000,1.000,1.000]
Epoch [181] Testing Results: Prec@1 60.060 Prec@5 95.080             Loss 2.65806
Epoch [181] Testing Class Recall: [0.944,0.953,0.742,0.783,0.535,0.515,0.620,0.559,0.167,0.188]
Epoch [182] Training Results: Prec@1 99.905 Prec@5 100.000             Loss 0.00500
Epoch [182] Training Class Recall: [0.998,0.998,0.995,0.998,1.000,1.000,1.000,1.000,1.000,1.000]
Epoch [182] Testing Results: Prec@1 59.710 Prec@5 95.220             Loss 2.64041
Epoch [182] Testing Class Recall: [0.947,0.940,0.757,0.743,0.506,0.515,0.613,0.595,0.180,0.175]
Epoch [183] Training Results: Prec@1 99.910 Prec@5 100.000             Loss 0.00483
Epoch [183] Training Class Recall: [0.998,0.997,0.997,0.999,1.000,0.999,1.000,1.000,1.000,1.000]
Epoch [183] Testing Results: Prec@1 60.110 Prec@5 95.350             Loss 2.61781
Epoch [183] Testing Class Recall: [0.951,0.943,0.733,0.763,0.515,0.506,0.602,0.589,0.189,0.220]
Epoch [184] Training Results: Prec@1 99.915 Prec@5 100.000             Loss 0.00480
Epoch [184] Training Class Recall: [0.998,0.998,0.995,1.000,1.000,1.000,1.000,1.000,1.000,1.000]
Epoch [184] Testing Results: Prec@1 60.330 Prec@5 95.300             Loss 2.57796
Epoch [184] Testing Class Recall: [0.937,0.943,0.747,0.779,0.518,0.526,0.596,0.593,0.179,0.215]
Epoch [185] Training Results: Prec@1 99.925 Prec@5 100.000             Loss 0.00461
Epoch [185] Training Class Recall: [0.999,0.999,0.995,0.999,1.000,1.000,1.000,1.000,1.000,1.000]
Epoch [185] Testing Results: Prec@1 59.760 Prec@5 95.200             Loss 2.67567
Epoch [185] Testing Class Recall: [0.952,0.936,0.735,0.759,0.547,0.489,0.561,0.596,0.175,0.226]
Epoch [186] Training Results: Prec@1 99.925 Prec@5 100.000             Loss 0.00465
Epoch [186] Training Class Recall: [0.999,0.998,0.995,1.000,1.000,1.000,1.000,1.000,1.000,1.000]
Epoch [186] Testing Results: Prec@1 60.460 Prec@5 95.030             Loss 2.61334
Epoch [186] Testing Class Recall: [0.949,0.942,0.731,0.777,0.540,0.512,0.624,0.600,0.163,0.208]
Epoch [187] Training Results: Prec@1 99.925 Prec@5 100.000             Loss 0.00465
Epoch [187] Training Class Recall: [0.999,1.000,0.994,0.999,1.000,1.000,1.000,1.000,1.000,1.000]
Epoch [187] Testing Results: Prec@1 59.610 Prec@5 95.180             Loss 2.66043
Epoch [187] Testing Class Recall: [0.949,0.942,0.747,0.756,0.493,0.527,0.592,0.615,0.182,0.158]
Epoch [188] Training Results: Prec@1 99.890 Prec@5 100.000             Loss 0.00538
Epoch [188] Training Class Recall: [0.998,0.998,0.994,0.999,1.000,1.000,1.000,1.000,0.999,1.000]
Epoch [188] Testing Results: Prec@1 60.240 Prec@5 95.210             Loss 2.61445
Epoch [188] Testing Class Recall: [0.953,0.942,0.722,0.763,0.555,0.489,0.607,0.610,0.170,0.213]
Epoch [189] Training Results: Prec@1 99.905 Prec@5 100.000             Loss 0.00495
Epoch [189] Training Class Recall: [0.999,0.998,0.993,1.000,1.000,1.000,1.000,1.000,1.000,1.000]
Epoch [189] Testing Results: Prec@1 60.000 Prec@5 95.220             Loss 2.64643
Epoch [189] Testing Class Recall: [0.946,0.941,0.745,0.787,0.541,0.479,0.613,0.580,0.180,0.188]
Epoch [190] Training Results: Prec@1 99.910 Prec@5 100.000             Loss 0.00454
Epoch [190] Training Class Recall: [0.999,0.998,0.995,1.000,0.999,1.000,1.000,1.000,1.000,1.000]
Epoch [190] Testing Results: Prec@1 59.990 Prec@5 95.030             Loss 2.66155
Epoch [190] Testing Class Recall: [0.949,0.947,0.731,0.758,0.511,0.525,0.603,0.594,0.159,0.222]
Epoch [191] Training Results: Prec@1 99.905 Prec@5 100.000             Loss 0.00458
Epoch [191] Training Class Recall: [0.999,0.998,0.995,0.999,1.000,1.000,1.000,1.000,1.000,1.000]
Epoch [191] Testing Results: Prec@1 59.640 Prec@5 94.980             Loss 2.71340
Epoch [191] Testing Class Recall: [0.946,0.958,0.740,0.774,0.509,0.506,0.598,0.582,0.165,0.186]
Epoch [192] Training Results: Prec@1 99.930 Prec@5 100.000             Loss 0.00474
Epoch [192] Training Class Recall: [0.998,1.000,0.995,1.000,1.000,1.000,1.000,1.000,1.000,1.000]
Epoch [192] Testing Results: Prec@1 60.580 Prec@5 95.010             Loss 2.59997
Epoch [192] Testing Class Recall: [0.952,0.943,0.725,0.777,0.551,0.515,0.602,0.584,0.166,0.243]
Epoch [193] Training Results: Prec@1 99.880 Prec@5 100.000             Loss 0.00495
Epoch [193] Training Class Recall: [0.999,0.996,0.992,1.000,1.000,1.000,1.000,1.000,1.000,1.000]
Epoch [193] Testing Results: Prec@1 61.200 Prec@5 95.360             Loss 2.50042
Epoch [193] Testing Class Recall: [0.941,0.952,0.747,0.769,0.549,0.530,0.625,0.589,0.179,0.239]
Epoch [194] Training Results: Prec@1 99.910 Prec@5 100.000             Loss 0.00468
Epoch [194] Training Class Recall: [0.999,0.998,0.995,0.999,1.000,1.000,1.000,1.000,1.000,1.000]
Epoch [194] Testing Results: Prec@1 59.800 Prec@5 95.070             Loss 2.68027
Epoch [194] Testing Class Recall: [0.940,0.942,0.745,0.792,0.529,0.498,0.614,0.574,0.179,0.167]
Epoch [195] Training Results: Prec@1 99.895 Prec@5 100.000             Loss 0.00518
Epoch [195] Training Class Recall: [0.999,0.999,0.994,0.998,0.999,1.000,1.000,1.000,1.000,1.000]
Epoch [195] Testing Results: Prec@1 60.610 Prec@5 95.020             Loss 2.59391
Epoch [195] Testing Class Recall: [0.945,0.941,0.747,0.769,0.552,0.498,0.597,0.628,0.165,0.219]
Epoch [196] Training Results: Prec@1 99.935 Prec@5 100.000             Loss 0.00471
Epoch [196] Training Class Recall: [0.999,0.998,0.997,1.000,0.998,1.000,1.000,1.000,1.000,1.000]
Epoch [196] Testing Results: Prec@1 59.960 Prec@5 95.100             Loss 2.65087
Epoch [196] Testing Class Recall: [0.949,0.941,0.748,0.780,0.544,0.491,0.615,0.570,0.174,0.184]
Epoch [197] Training Results: Prec@1 99.945 Prec@5 100.000             Loss 0.00436
Epoch [197] Training Class Recall: [0.999,0.999,0.996,1.000,0.999,1.000,1.000,1.000,1.000,1.000]
Epoch [197] Testing Results: Prec@1 59.800 Prec@5 95.240             Loss 2.66670
Epoch [197] Testing Class Recall: [0.948,0.945,0.726,0.787,0.502,0.530,0.605,0.578,0.181,0.178]
Epoch [198] Training Results: Prec@1 99.900 Prec@5 100.000             Loss 0.00464
Epoch [198] Training Class Recall: [0.998,0.997,0.994,1.000,1.000,1.000,1.000,1.000,1.000,1.000]
Epoch [198] Testing Results: Prec@1 60.110 Prec@5 95.170             Loss 2.61098
Epoch [198] Testing Class Recall: [0.944,0.957,0.736,0.766,0.520,0.519,0.604,0.592,0.179,0.194]
Epoch [199] Training Results: Prec@1 99.920 Prec@5 100.000             Loss 0.00429
Epoch [199] Training Class Recall: [0.998,0.999,0.996,0.999,1.000,1.000,1.000,1.000,1.000,1.000]
Epoch [199] Testing Results: Prec@1 59.540 Prec@5 95.100             Loss 2.70182
Epoch [199] Testing Class Recall: [0.949,0.950,0.706,0.797,0.520,0.492,0.608,0.593,0.174,0.165]
