Log file: cifar10_noisy_random0.9_erm_exp1.0_seed42_20260428_141933.log
Run started: 2026-04-28 14:19:33.854256
Dataset: cifar10_noisy
Imbalance type: exp, factor: 1.0
Selection method: random, ratio: 0.9
Strategy: ERM, epochs: 200
Seed: 42, rand_number: 0
Augmentation: weak
Noise ratio: 0.25
============================================================

=> Preparing logger and tensorboard writer !
----------------------------------------------------
Class ID   | Original   | Selected   | Keep %  
----------------------------------------------------
0          | 4000       | 3566       |    89.1%
1          | 4000       | 3592       |    89.8%
2          | 4000       | 3607       |    90.2%
3          | 4000       | 3624       |    90.6%
4          | 4000       | 3615       |    90.4%
5          | 4000       | 3587       |    89.7%
6          | 4000       | 3582       |    89.5%
7          | 4000       | 3604       |    90.1%
8          | 4000       | 3603       |    90.1%
9          | 4000       | 3620       |    90.5%
----------------------------------------------------
TOTAL      | 40000      | 36000      |    90.0%
----------------------------------------------------
Epoch [0] Training Results: Prec@1 23.825 Prec@5 72.333             Loss 2.12884
Epoch [0] Training Class Recall: [0.249,0.325,0.103,0.162,0.211,0.216,0.251,0.266,0.317,0.282]
Epoch [0] Testing Results: Prec@1 38.040 Prec@5 89.400             Loss 1.69335
Epoch [0] Testing Class Recall: [0.409,0.348,0.392,0.089,0.004,0.758,0.271,0.465,0.456,0.612]
Epoch [1] Training Results: Prec@1 31.614 Prec@5 77.869             Loss 1.98262
Epoch [1] Training Class Recall: [0.315,0.415,0.143,0.203,0.238,0.295,0.404,0.375,0.416,0.360]
Epoch [1] Testing Results: Prec@1 41.390 Prec@5 91.070             Loss 1.56596
Epoch [1] Testing Class Recall: [0.589,0.212,0.100,0.143,0.418,0.649,0.452,0.705,0.341,0.530]
Epoch [2] Training Results: Prec@1 38.206 Prec@5 80.617             Loss 1.86394
Epoch [2] Training Class Recall: [0.410,0.500,0.228,0.213,0.283,0.332,0.478,0.436,0.489,0.454]
Epoch [2] Testing Results: Prec@1 51.170 Prec@5 92.570             Loss 1.41073
Epoch [2] Testing Class Recall: [0.707,0.839,0.361,0.254,0.221,0.351,0.854,0.459,0.730,0.341]
Epoch [3] Training Results: Prec@1 43.472 Prec@5 82.094             Loss 1.76697
Epoch [3] Training Class Recall: [0.456,0.557,0.317,0.249,0.343,0.348,0.525,0.474,0.547,0.533]
Epoch [3] Testing Results: Prec@1 55.150 Prec@5 92.900             Loss 1.35129
Epoch [3] Testing Class Recall: [0.683,0.796,0.531,0.122,0.533,0.514,0.787,0.510,0.871,0.168]
Epoch [4] Training Results: Prec@1 46.842 Prec@5 83.075             Loss 1.70314
Epoch [4] Training Class Recall: [0.492,0.597,0.361,0.283,0.391,0.381,0.527,0.491,0.606,0.557]
Epoch [4] Testing Results: Prec@1 56.720 Prec@5 92.290             Loss 1.30513
Epoch [4] Testing Class Recall: [0.694,0.847,0.350,0.078,0.746,0.288,0.410,0.792,0.805,0.662]
Epoch [5] Training Results: Prec@1 49.822 Prec@5 84.086             Loss 1.64248
Epoch [5] Training Class Recall: [0.508,0.624,0.391,0.328,0.428,0.424,0.549,0.521,0.613,0.598]
Epoch [5] Testing Results: Prec@1 62.950 Prec@5 95.920             Loss 1.17316
Epoch [5] Testing Class Recall: [0.582,0.899,0.672,0.332,0.198,0.600,0.859,0.703,0.758,0.692]
Epoch [6] Training Results: Prec@1 52.244 Prec@5 84.492             Loss 1.59681
Epoch [6] Training Class Recall: [0.538,0.647,0.420,0.372,0.461,0.431,0.569,0.553,0.619,0.616]
Epoch [6] Testing Results: Prec@1 64.160 Prec@5 96.210             Loss 1.10142
Epoch [6] Testing Class Recall: [0.535,0.771,0.602,0.486,0.663,0.499,0.862,0.425,0.892,0.681]
Epoch [7] Training Results: Prec@1 53.700 Prec@5 84.700             Loss 1.56398
Epoch [7] Training Class Recall: [0.556,0.654,0.446,0.387,0.477,0.447,0.577,0.565,0.639,0.623]
Epoch [7] Testing Results: Prec@1 70.090 Prec@5 96.170             Loss 0.96501
Epoch [7] Testing Class Recall: [0.813,0.902,0.527,0.466,0.797,0.603,0.486,0.777,0.869,0.769]
Epoch [8] Training Results: Prec@1 55.303 Prec@5 84.900             Loss 1.53407
Epoch [8] Training Class Recall: [0.566,0.652,0.462,0.418,0.507,0.453,0.597,0.589,0.656,0.631]
Epoch [8] Testing Results: Prec@1 69.750 Prec@5 96.770             Loss 1.03476
Epoch [8] Testing Class Recall: [0.779,0.839,0.640,0.413,0.661,0.519,0.644,0.888,0.839,0.753]
Epoch [9] Training Results: Prec@1 56.228 Prec@5 85.167             Loss 1.51327
Epoch [9] Training Class Recall: [0.585,0.658,0.490,0.424,0.515,0.475,0.595,0.583,0.659,0.641]
Epoch [9] Testing Results: Prec@1 66.290 Prec@5 96.030             Loss 1.08624
Epoch [9] Testing Class Recall: [0.563,0.972,0.855,0.304,0.626,0.586,0.820,0.452,0.776,0.675]
Epoch [10] Training Results: Prec@1 57.386 Prec@5 85.114             Loss 1.49582
Epoch [10] Training Class Recall: [0.588,0.666,0.508,0.444,0.544,0.473,0.609,0.597,0.659,0.652]
Epoch [10] Testing Results: Prec@1 69.040 Prec@5 97.330             Loss 0.98813
Epoch [10] Testing Class Recall: [0.827,0.941,0.501,0.400,0.441,0.894,0.712,0.711,0.726,0.751]
Epoch [11] Training Results: Prec@1 58.178 Prec@5 85.208             Loss 1.47500
Epoch [11] Training Class Recall: [0.606,0.668,0.506,0.457,0.549,0.491,0.618,0.608,0.669,0.647]
Epoch [11] Testing Results: Prec@1 72.350 Prec@5 97.710             Loss 0.88971
Epoch [11] Testing Class Recall: [0.895,0.931,0.483,0.739,0.609,0.591,0.565,0.797,0.790,0.835]
Epoch [12] Training Results: Prec@1 58.272 Prec@5 85.708             Loss 1.47079
Epoch [12] Training Class Recall: [0.600,0.669,0.525,0.454,0.552,0.488,0.613,0.600,0.667,0.659]
Epoch [12] Testing Results: Prec@1 72.170 Prec@5 97.690             Loss 0.95528
Epoch [12] Testing Class Recall: [0.750,0.906,0.487,0.745,0.620,0.332,0.881,0.882,0.829,0.785]
Epoch [13] Training Results: Prec@1 59.025 Prec@5 85.558             Loss 1.45849
Epoch [13] Training Class Recall: [0.601,0.671,0.521,0.480,0.565,0.504,0.615,0.610,0.679,0.659]
Epoch [13] Testing Results: Prec@1 65.450 Prec@5 94.940             Loss 1.16122
Epoch [13] Testing Class Recall: [0.590,0.972,0.531,0.404,0.537,0.465,0.699,0.720,0.770,0.857]
Epoch [14] Training Results: Prec@1 59.442 Prec@5 85.522             Loss 1.44722
Epoch [14] Training Class Recall: [0.612,0.673,0.538,0.475,0.575,0.493,0.619,0.623,0.676,0.660]
Epoch [14] Testing Results: Prec@1 71.870 Prec@5 97.490             Loss 0.92684
Epoch [14] Testing Class Recall: [0.685,0.796,0.589,0.653,0.563,0.807,0.738,0.730,0.661,0.965]
Epoch [15] Training Results: Prec@1 59.664 Prec@5 85.658             Loss 1.43994
Epoch [15] Training Class Recall: [0.613,0.671,0.543,0.487,0.571,0.508,0.620,0.614,0.676,0.664]
Epoch [15] Testing Results: Prec@1 72.950 Prec@5 96.320             Loss 1.00064
Epoch [15] Testing Class Recall: [0.831,0.978,0.675,0.161,0.776,0.807,0.790,0.803,0.745,0.729]
Epoch [16] Training Results: Prec@1 59.892 Prec@5 85.811             Loss 1.43249
Epoch [16] Training Class Recall: [0.613,0.681,0.544,0.479,0.573,0.513,0.627,0.620,0.678,0.662]
Epoch [16] Testing Results: Prec@1 73.590 Prec@5 96.640             Loss 0.91508
Epoch [16] Testing Class Recall: [0.605,0.936,0.351,0.587,0.754,0.791,0.734,0.843,0.871,0.887]
Epoch [17] Training Results: Prec@1 60.361 Prec@5 86.031             Loss 1.42583
Epoch [17] Training Class Recall: [0.616,0.679,0.555,0.489,0.581,0.511,0.640,0.620,0.682,0.664]
Epoch [17] Testing Results: Prec@1 73.830 Prec@5 97.650             Loss 0.87734
Epoch [17] Testing Class Recall: [0.768,0.980,0.767,0.444,0.833,0.655,0.783,0.777,0.723,0.653]
Epoch [18] Training Results: Prec@1 60.558 Prec@5 85.989             Loss 1.42046
Epoch [18] Training Class Recall: [0.619,0.678,0.553,0.499,0.581,0.520,0.632,0.624,0.684,0.666]
Epoch [18] Testing Results: Prec@1 76.500 Prec@5 97.810             Loss 0.81692
Epoch [18] Testing Class Recall: [0.900,0.965,0.567,0.568,0.771,0.772,0.782,0.883,0.748,0.694]
Epoch [19] Training Results: Prec@1 60.611 Prec@5 85.939             Loss 1.41872
Epoch [19] Training Class Recall: [0.614,0.678,0.560,0.497,0.589,0.524,0.629,0.623,0.678,0.669]
Epoch [19] Testing Results: Prec@1 76.360 Prec@5 98.180             Loss 0.87435
Epoch [19] Testing Class Recall: [0.844,0.823,0.777,0.656,0.768,0.375,0.890,0.745,0.890,0.868]
Epoch [20] Training Results: Prec@1 61.158 Prec@5 86.036             Loss 1.40405
Epoch [20] Training Class Recall: [0.632,0.679,0.565,0.506,0.595,0.531,0.634,0.632,0.676,0.667]
Epoch [20] Testing Results: Prec@1 68.330 Prec@5 96.390             Loss 1.07527
Epoch [20] Testing Class Recall: [0.962,0.715,0.453,0.596,0.849,0.640,0.675,0.756,0.637,0.550]
Epoch [21] Training Results: Prec@1 61.517 Prec@5 85.908             Loss 1.39664
Epoch [21] Training Class Recall: [0.634,0.680,0.566,0.509,0.598,0.529,0.638,0.640,0.693,0.665]
Epoch [21] Testing Results: Prec@1 72.340 Prec@5 97.170             Loss 0.95374
Epoch [21] Testing Class Recall: [0.701,0.826,0.786,0.422,0.430,0.708,0.881,0.753,0.828,0.899]
Epoch [22] Training Results: Prec@1 61.867 Prec@5 86.319             Loss 1.39586
Epoch [22] Training Class Recall: [0.634,0.690,0.571,0.506,0.608,0.546,0.640,0.633,0.688,0.671]
Epoch [22] Testing Results: Prec@1 70.990 Prec@5 97.780             Loss 0.95918
Epoch [22] Testing Class Recall: [0.615,0.929,0.824,0.849,0.551,0.273,0.666,0.727,0.870,0.795]
Epoch [23] Training Results: Prec@1 61.872 Prec@5 86.161             Loss 1.39151
Epoch [23] Training Class Recall: [0.633,0.678,0.569,0.517,0.608,0.538,0.640,0.639,0.689,0.677]
Epoch [23] Testing Results: Prec@1 70.500 Prec@5 96.130             Loss 1.00261
Epoch [23] Testing Class Recall: [0.751,0.911,0.453,0.697,0.756,0.799,0.500,0.844,0.746,0.593]
Epoch [24] Training Results: Prec@1 61.744 Prec@5 86.375             Loss 1.38615
Epoch [24] Training Class Recall: [0.632,0.682,0.567,0.517,0.614,0.532,0.643,0.640,0.689,0.660]
Epoch [24] Testing Results: Prec@1 77.930 Prec@5 97.700             Loss 0.81332
Epoch [24] Testing Class Recall: [0.895,0.858,0.539,0.624,0.713,0.768,0.859,0.805,0.862,0.870]
Epoch [25] Training Results: Prec@1 62.283 Prec@5 86.406             Loss 1.37986
Epoch [25] Training Class Recall: [0.644,0.682,0.584,0.510,0.609,0.542,0.645,0.641,0.696,0.675]
Epoch [25] Testing Results: Prec@1 75.710 Prec@5 97.430             Loss 0.91735
Epoch [25] Testing Class Recall: [0.731,0.877,0.696,0.585,0.710,0.825,0.471,0.895,0.837,0.944]
Epoch [26] Training Results: Prec@1 62.606 Prec@5 86.169             Loss 1.37387
Epoch [26] Training Class Recall: [0.644,0.692,0.575,0.522,0.613,0.562,0.642,0.645,0.691,0.676]
Epoch [26] Testing Results: Prec@1 73.190 Prec@5 97.130             Loss 0.95026
Epoch [26] Testing Class Recall: [0.568,0.814,0.682,0.649,0.654,0.683,0.930,0.645,0.925,0.769]
Epoch [27] Training Results: Prec@1 62.381 Prec@5 86.333             Loss 1.37568
Epoch [27] Training Class Recall: [0.634,0.680,0.585,0.522,0.614,0.541,0.651,0.648,0.691,0.674]
Epoch [27] Testing Results: Prec@1 71.770 Prec@5 95.580             Loss 1.07368
Epoch [27] Testing Class Recall: [0.822,0.761,0.315,0.614,0.723,0.875,0.882,0.683,0.765,0.737]
Epoch [28] Training Results: Prec@1 62.789 Prec@5 86.514             Loss 1.37124
Epoch [28] Training Class Recall: [0.642,0.691,0.586,0.531,0.621,0.538,0.648,0.646,0.692,0.684]
Epoch [28] Testing Results: Prec@1 77.060 Prec@5 98.350             Loss 0.83906
Epoch [28] Testing Class Recall: [0.829,0.946,0.856,0.530,0.828,0.715,0.758,0.672,0.756,0.816]
Epoch [29] Training Results: Prec@1 62.808 Prec@5 86.461             Loss 1.36576
Epoch [29] Training Class Recall: [0.641,0.687,0.590,0.531,0.622,0.546,0.652,0.645,0.696,0.670]
Epoch [29] Testing Results: Prec@1 72.270 Prec@5 95.610             Loss 0.98827
Epoch [29] Testing Class Recall: [0.735,0.907,0.814,0.204,0.815,0.399,0.659,0.857,0.955,0.882]
Epoch [30] Training Results: Prec@1 63.047 Prec@5 86.544             Loss 1.35962
Epoch [30] Training Class Recall: [0.639,0.687,0.592,0.530,0.619,0.548,0.649,0.656,0.703,0.681]
Epoch [30] Testing Results: Prec@1 72.410 Prec@5 97.020             Loss 0.94096
Epoch [30] Testing Class Recall: [0.823,0.823,0.867,0.435,0.715,0.354,0.713,0.897,0.931,0.683]
Epoch [31] Training Results: Prec@1 63.122 Prec@5 86.667             Loss 1.35846
Epoch [31] Training Class Recall: [0.639,0.688,0.601,0.530,0.622,0.560,0.643,0.656,0.697,0.678]
Epoch [31] Testing Results: Prec@1 73.470 Prec@5 97.950             Loss 0.88895
Epoch [31] Testing Class Recall: [0.589,0.769,0.867,0.667,0.553,0.570,0.864,0.842,0.900,0.726]
Epoch [32] Training Results: Prec@1 63.097 Prec@5 86.456             Loss 1.35764
Epoch [32] Training Class Recall: [0.639,0.690,0.591,0.538,0.614,0.560,0.654,0.651,0.701,0.672]
Epoch [32] Testing Results: Prec@1 73.390 Prec@5 97.560             Loss 0.89626
Epoch [32] Testing Class Recall: [0.619,0.857,0.796,0.339,0.584,0.859,0.626,0.937,0.836,0.886]
Epoch [33] Training Results: Prec@1 63.419 Prec@5 86.656             Loss 1.35323
Epoch [33] Training Class Recall: [0.651,0.689,0.598,0.538,0.621,0.565,0.655,0.649,0.695,0.681]
Epoch [33] Testing Results: Prec@1 76.410 Prec@5 96.970             Loss 0.88465
Epoch [33] Testing Class Recall: [0.822,0.947,0.824,0.213,0.704,0.784,0.913,0.804,0.795,0.835]
Epoch [34] Training Results: Prec@1 63.697 Prec@5 86.883             Loss 1.34788
Epoch [34] Training Class Recall: [0.647,0.689,0.596,0.547,0.630,0.564,0.654,0.660,0.702,0.683]
Epoch [34] Testing Results: Prec@1 80.190 Prec@5 98.260             Loss 0.78098
Epoch [34] Testing Class Recall: [0.890,0.783,0.648,0.729,0.732,0.711,0.882,0.866,0.867,0.911]
Epoch [35] Training Results: Prec@1 63.806 Prec@5 86.958             Loss 1.34082
Epoch [35] Training Class Recall: [0.658,0.691,0.596,0.541,0.630,0.573,0.659,0.655,0.696,0.681]
Epoch [35] Testing Results: Prec@1 71.160 Prec@5 96.940             Loss 0.95676
Epoch [35] Testing Class Recall: [0.766,0.905,0.419,0.898,0.568,0.270,0.823,0.894,0.686,0.887]
Epoch [36] Training Results: Prec@1 63.739 Prec@5 87.022             Loss 1.34169
Epoch [36] Training Class Recall: [0.647,0.688,0.601,0.549,0.622,0.555,0.667,0.662,0.700,0.684]
Epoch [36] Testing Results: Prec@1 74.260 Prec@5 97.440             Loss 0.89962
Epoch [36] Testing Class Recall: [0.676,0.903,0.584,0.606,0.645,0.735,0.962,0.702,0.812,0.801]
Epoch [37] Training Results: Prec@1 63.725 Prec@5 86.678             Loss 1.34449
Epoch [37] Training Class Recall: [0.649,0.686,0.603,0.537,0.638,0.557,0.658,0.662,0.702,0.681]
Epoch [37] Testing Results: Prec@1 79.910 Prec@5 98.310             Loss 0.73798
Epoch [37] Testing Class Recall: [0.739,0.895,0.748,0.701,0.688,0.654,0.927,0.818,0.928,0.893]
Epoch [38] Training Results: Prec@1 64.125 Prec@5 86.942             Loss 1.33470
Epoch [38] Training Class Recall: [0.653,0.695,0.602,0.552,0.631,0.563,0.670,0.656,0.701,0.690]
Epoch [38] Testing Results: Prec@1 77.900 Prec@5 97.660             Loss 0.79340
Epoch [38] Testing Class Recall: [0.806,0.921,0.764,0.626,0.768,0.800,0.737,0.853,0.770,0.745]
Epoch [39] Training Results: Prec@1 64.025 Prec@5 86.961             Loss 1.33605
Epoch [39] Training Class Recall: [0.655,0.690,0.605,0.546,0.637,0.567,0.658,0.656,0.707,0.683]
Epoch [39] Testing Results: Prec@1 73.200 Prec@5 97.500             Loss 0.92902
Epoch [39] Testing Class Recall: [0.706,0.842,0.933,0.567,0.560,0.780,0.668,0.680,0.822,0.762]
Epoch [40] Training Results: Prec@1 64.131 Prec@5 86.981             Loss 1.33321
Epoch [40] Training Class Recall: [0.649,0.693,0.609,0.558,0.636,0.563,0.662,0.660,0.704,0.679]
Epoch [40] Testing Results: Prec@1 79.340 Prec@5 98.230             Loss 0.75233
Epoch [40] Testing Class Recall: [0.800,0.810,0.700,0.657,0.685,0.661,0.927,0.877,0.922,0.895]
Epoch [41] Training Results: Prec@1 64.153 Prec@5 87.111             Loss 1.32782
Epoch [41] Training Class Recall: [0.652,0.694,0.602,0.552,0.629,0.569,0.663,0.666,0.704,0.683]
Epoch [41] Testing Results: Prec@1 72.670 Prec@5 96.380             Loss 0.98090
Epoch [41] Testing Class Recall: [0.605,0.922,0.809,0.756,0.883,0.593,0.840,0.454,0.794,0.611]
Epoch [42] Training Results: Prec@1 64.417 Prec@5 86.975             Loss 1.32734
Epoch [42] Training Class Recall: [0.656,0.696,0.616,0.556,0.630,0.578,0.654,0.666,0.699,0.690]
Epoch [42] Testing Results: Prec@1 78.680 Prec@5 97.930             Loss 0.80532
Epoch [42] Testing Class Recall: [0.832,0.908,0.645,0.431,0.752,0.780,0.866,0.905,0.947,0.802]
Epoch [43] Training Results: Prec@1 64.492 Prec@5 86.900             Loss 1.32728
Epoch [43] Training Class Recall: [0.658,0.692,0.608,0.556,0.638,0.582,0.671,0.665,0.702,0.678]
Epoch [43] Testing Results: Prec@1 75.970 Prec@5 96.770             Loss 0.83966
Epoch [43] Testing Class Recall: [0.780,0.850,0.770,0.572,0.813,0.624,0.449,0.874,0.940,0.925]
Epoch [44] Training Results: Prec@1 64.575 Prec@5 86.992             Loss 1.31902
Epoch [44] Training Class Recall: [0.660,0.693,0.606,0.558,0.639,0.575,0.668,0.672,0.699,0.688]
Epoch [44] Testing Results: Prec@1 75.960 Prec@5 97.290             Loss 0.85010
Epoch [44] Testing Class Recall: [0.822,0.663,0.609,0.469,0.752,0.754,0.885,0.952,0.742,0.948]
Epoch [45] Training Results: Prec@1 64.528 Prec@5 87.094             Loss 1.32222
Epoch [45] Training Class Recall: [0.655,0.690,0.623,0.556,0.639,0.569,0.668,0.666,0.703,0.685]
Epoch [45] Testing Results: Prec@1 74.970 Prec@5 97.380             Loss 0.89910
Epoch [45] Testing Class Recall: [0.886,0.887,0.698,0.731,0.851,0.588,0.845,0.867,0.418,0.726]
Epoch [46] Training Results: Prec@1 64.442 Prec@5 87.314             Loss 1.32161
Epoch [46] Training Class Recall: [0.660,0.691,0.617,0.554,0.637,0.568,0.663,0.663,0.707,0.686]
Epoch [46] Testing Results: Prec@1 79.700 Prec@5 98.130             Loss 0.78900
Epoch [46] Testing Class Recall: [0.765,0.917,0.764,0.710,0.826,0.477,0.855,0.853,0.853,0.950]
Epoch [47] Training Results: Prec@1 64.539 Prec@5 87.206             Loss 1.31876
Epoch [47] Training Class Recall: [0.665,0.697,0.604,0.560,0.636,0.572,0.667,0.665,0.700,0.689]
Epoch [47] Testing Results: Prec@1 76.000 Prec@5 97.520             Loss 0.85224
Epoch [47] Testing Class Recall: [0.753,0.943,0.759,0.642,0.731,0.820,0.555,0.739,0.796,0.862]
Epoch [48] Training Results: Prec@1 64.747 Prec@5 87.167             Loss 1.31730
Epoch [48] Training Class Recall: [0.669,0.700,0.603,0.562,0.636,0.579,0.672,0.660,0.708,0.686]
Epoch [48] Testing Results: Prec@1 71.510 Prec@5 95.460             Loss 0.99912
Epoch [48] Testing Class Recall: [0.802,0.892,0.659,0.905,0.723,0.484,0.463,0.575,0.813,0.835]
Epoch [49] Training Results: Prec@1 64.681 Prec@5 87.275             Loss 1.31688
Epoch [49] Training Class Recall: [0.653,0.693,0.614,0.558,0.647,0.587,0.666,0.661,0.704,0.687]
Epoch [49] Testing Results: Prec@1 75.780 Prec@5 97.200             Loss 0.87044
Epoch [49] Testing Class Recall: [0.715,0.923,0.754,0.428,0.709,0.883,0.701,0.940,0.651,0.874]
Epoch [50] Training Results: Prec@1 65.022 Prec@5 87.233             Loss 1.31241
Epoch [50] Training Class Recall: [0.661,0.699,0.615,0.564,0.644,0.576,0.670,0.672,0.710,0.691]
Epoch [50] Testing Results: Prec@1 77.420 Prec@5 97.560             Loss 0.84082
Epoch [50] Testing Class Recall: [0.738,0.930,0.881,0.589,0.595,0.738,0.765,0.785,0.805,0.916]
Epoch [51] Training Results: Prec@1 64.750 Prec@5 87.242             Loss 1.31467
Epoch [51] Training Class Recall: [0.659,0.700,0.612,0.556,0.637,0.583,0.665,0.666,0.707,0.691]
Epoch [51] Testing Results: Prec@1 80.710 Prec@5 98.350             Loss 0.74582
Epoch [51] Testing Class Recall: [0.795,0.898,0.666,0.785,0.708,0.765,0.777,0.880,0.927,0.870]
Epoch [52] Training Results: Prec@1 64.703 Prec@5 87.211             Loss 1.31428
Epoch [52] Training Class Recall: [0.653,0.695,0.610,0.555,0.644,0.587,0.672,0.663,0.706,0.685]
Epoch [52] Testing Results: Prec@1 77.550 Prec@5 97.620             Loss 0.79784
Epoch [52] Testing Class Recall: [0.769,0.793,0.753,0.513,0.869,0.593,0.872,0.837,0.772,0.984]
Epoch [53] Training Results: Prec@1 64.900 Prec@5 87.372             Loss 1.30997
Epoch [53] Training Class Recall: [0.663,0.699,0.620,0.556,0.635,0.577,0.670,0.674,0.706,0.690]
Epoch [53] Testing Results: Prec@1 79.380 Prec@5 97.350             Loss 0.75334
Epoch [53] Testing Class Recall: [0.897,0.945,0.654,0.475,0.894,0.610,0.951,0.848,0.866,0.798]
Epoch [54] Training Results: Prec@1 65.231 Prec@5 87.411             Loss 1.30415
Epoch [54] Training Class Recall: [0.670,0.698,0.618,0.568,0.642,0.588,0.675,0.669,0.704,0.692]
Epoch [54] Testing Results: Prec@1 77.470 Prec@5 97.820             Loss 0.81392
Epoch [54] Testing Class Recall: [0.684,0.898,0.895,0.693,0.668,0.627,0.623,0.861,0.879,0.919]
Epoch [55] Training Results: Prec@1 64.981 Prec@5 87.156             Loss 1.30930
Epoch [55] Training Class Recall: [0.661,0.692,0.617,0.575,0.634,0.581,0.676,0.674,0.701,0.688]
Epoch [55] Testing Results: Prec@1 77.590 Prec@5 98.020             Loss 0.78969
Epoch [55] Testing Class Recall: [0.844,0.860,0.679,0.498,0.888,0.894,0.764,0.769,0.713,0.850]
Epoch [56] Training Results: Prec@1 65.367 Prec@5 87.456             Loss 1.30262
Epoch [56] Training Class Recall: [0.662,0.704,0.614,0.570,0.647,0.594,0.678,0.670,0.708,0.691]
Epoch [56] Testing Results: Prec@1 80.450 Prec@5 98.490             Loss 0.73153
Epoch [56] Testing Class Recall: [0.805,0.909,0.653,0.575,0.845,0.808,0.925,0.766,0.943,0.816]
Epoch [57] Training Results: Prec@1 65.481 Prec@5 87.458             Loss 1.29664
Epoch [57] Training Class Recall: [0.658,0.703,0.622,0.579,0.648,0.589,0.673,0.672,0.708,0.697]
Epoch [57] Testing Results: Prec@1 77.000 Prec@5 98.070             Loss 0.81833
Epoch [57] Testing Class Recall: [0.707,0.763,0.658,0.858,0.706,0.619,0.838,0.694,0.950,0.907]
Epoch [58] Training Results: Prec@1 65.247 Prec@5 87.444             Loss 1.30103
Epoch [58] Training Class Recall: [0.657,0.696,0.621,0.575,0.638,0.589,0.675,0.675,0.707,0.692]
Epoch [58] Testing Results: Prec@1 80.870 Prec@5 97.870             Loss 0.74048
Epoch [58] Testing Class Recall: [0.804,0.930,0.851,0.643,0.745,0.632,0.870,0.853,0.836,0.923]
Epoch [59] Training Results: Prec@1 65.575 Prec@5 87.478             Loss 1.29069
Epoch [59] Training Class Recall: [0.665,0.696,0.617,0.580,0.651,0.590,0.674,0.677,0.714,0.693]
Epoch [59] Testing Results: Prec@1 78.330 Prec@5 98.170             Loss 0.78179
Epoch [59] Testing Class Recall: [0.827,0.870,0.784,0.470,0.691,0.902,0.732,0.846,0.818,0.893]
Epoch [60] Training Results: Prec@1 65.361 Prec@5 87.553             Loss 1.29696
Epoch [60] Training Class Recall: [0.660,0.697,0.624,0.573,0.648,0.580,0.677,0.670,0.711,0.697]
Epoch [60] Testing Results: Prec@1 78.840 Prec@5 97.750             Loss 0.79108
Epoch [60] Testing Class Recall: [0.835,0.887,0.690,0.702,0.790,0.755,0.735,0.869,0.842,0.779]
Epoch [61] Training Results: Prec@1 65.347 Prec@5 87.544             Loss 1.29503
Epoch [61] Training Class Recall: [0.662,0.701,0.625,0.562,0.646,0.589,0.676,0.670,0.715,0.690]
Epoch [61] Testing Results: Prec@1 76.230 Prec@5 97.190             Loss 0.86275
Epoch [61] Testing Class Recall: [0.885,0.930,0.841,0.551,0.615,0.402,0.906,0.789,0.888,0.816]
Epoch [62] Training Results: Prec@1 65.617 Prec@5 87.578             Loss 1.29214
Epoch [62] Training Class Recall: [0.665,0.699,0.621,0.584,0.650,0.590,0.675,0.680,0.703,0.695]
Epoch [62] Testing Results: Prec@1 80.380 Prec@5 98.070             Loss 0.74104
Epoch [62] Testing Class Recall: [0.841,0.910,0.711,0.460,0.880,0.793,0.939,0.784,0.871,0.849]
Epoch [63] Training Results: Prec@1 65.478 Prec@5 87.736             Loss 1.29288
Epoch [63] Training Class Recall: [0.656,0.697,0.632,0.579,0.644,0.595,0.682,0.665,0.708,0.689]
Epoch [63] Testing Results: Prec@1 77.830 Prec@5 97.620             Loss 0.83198
Epoch [63] Testing Class Recall: [0.678,0.949,0.751,0.374,0.763,0.793,0.950,0.887,0.790,0.848]
Epoch [64] Training Results: Prec@1 65.642 Prec@5 87.642             Loss 1.29082
Epoch [64] Training Class Recall: [0.670,0.699,0.621,0.578,0.654,0.589,0.674,0.673,0.712,0.694]
Epoch [64] Testing Results: Prec@1 78.690 Prec@5 97.300             Loss 0.76719
Epoch [64] Testing Class Recall: [0.800,0.876,0.566,0.460,0.716,0.843,0.878,0.943,0.854,0.933]
Epoch [65] Training Results: Prec@1 65.806 Prec@5 87.744             Loss 1.28665
Epoch [65] Training Class Recall: [0.671,0.704,0.629,0.580,0.657,0.582,0.681,0.672,0.712,0.693]
Epoch [65] Testing Results: Prec@1 75.990 Prec@5 97.250             Loss 0.86732
Epoch [65] Testing Class Recall: [0.925,0.820,0.624,0.742,0.657,0.587,0.835,0.661,0.789,0.959]
Epoch [66] Training Results: Prec@1 65.558 Prec@5 87.981             Loss 1.28633
Epoch [66] Training Class Recall: [0.667,0.702,0.622,0.576,0.653,0.590,0.676,0.675,0.708,0.688]
Epoch [66] Testing Results: Prec@1 77.310 Prec@5 97.440             Loss 0.88928
Epoch [66] Testing Class Recall: [0.713,0.915,0.604,0.743,0.785,0.465,0.775,0.897,0.895,0.939]
Epoch [67] Training Results: Prec@1 65.525 Prec@5 87.503             Loss 1.28570
Epoch [67] Training Class Recall: [0.663,0.701,0.624,0.578,0.652,0.589,0.680,0.674,0.708,0.685]
Epoch [67] Testing Results: Prec@1 79.890 Prec@5 97.180             Loss 0.80073
Epoch [67] Testing Class Recall: [0.778,0.936,0.707,0.587,0.815,0.785,0.778,0.791,0.968,0.844]
Epoch [68] Training Results: Prec@1 65.847 Prec@5 87.769             Loss 1.28292
Epoch [68] Training Class Recall: [0.665,0.700,0.630,0.575,0.654,0.593,0.686,0.676,0.712,0.693]
Epoch [68] Testing Results: Prec@1 80.080 Prec@5 98.100             Loss 0.71768
Epoch [68] Testing Class Recall: [0.763,0.912,0.723,0.544,0.872,0.868,0.829,0.672,0.905,0.920]
Epoch [69] Training Results: Prec@1 65.694 Prec@5 87.808             Loss 1.28851
Epoch [69] Training Class Recall: [0.666,0.704,0.632,0.572,0.646,0.597,0.673,0.675,0.707,0.698]
Epoch [69] Testing Results: Prec@1 71.000 Prec@5 95.770             Loss 0.98009
Epoch [69] Testing Class Recall: [0.450,0.839,0.840,0.795,0.679,0.606,0.610,0.829,0.540,0.912]
Epoch [70] Training Results: Prec@1 66.017 Prec@5 87.750             Loss 1.27899
Epoch [70] Training Class Recall: [0.668,0.706,0.636,0.584,0.650,0.597,0.683,0.675,0.711,0.692]
Epoch [70] Testing Results: Prec@1 79.140 Prec@5 97.660             Loss 0.79628
Epoch [70] Testing Class Recall: [0.942,0.905,0.710,0.633,0.795,0.701,0.872,0.669,0.837,0.850]
Epoch [71] Training Results: Prec@1 65.914 Prec@5 87.664             Loss 1.28441
Epoch [71] Training Class Recall: [0.667,0.705,0.629,0.589,0.660,0.590,0.680,0.671,0.708,0.694]
Epoch [71] Testing Results: Prec@1 77.980 Prec@5 98.030             Loss 0.80462
Epoch [71] Testing Class Recall: [0.693,0.743,0.632,0.753,0.768,0.675,0.780,0.888,0.929,0.937]
Epoch [72] Training Results: Prec@1 65.969 Prec@5 87.856             Loss 1.27895
Epoch [72] Training Class Recall: [0.666,0.704,0.634,0.591,0.652,0.593,0.678,0.680,0.707,0.691]
Epoch [72] Testing Results: Prec@1 78.760 Prec@5 96.850             Loss 0.79784
Epoch [72] Testing Class Recall: [0.705,0.945,0.710,0.443,0.832,0.758,0.818,0.859,0.905,0.901]
Epoch [73] Training Results: Prec@1 66.092 Prec@5 87.575             Loss 1.27947
Epoch [73] Training Class Recall: [0.675,0.699,0.631,0.591,0.651,0.602,0.682,0.678,0.706,0.694]
Epoch [73] Testing Results: Prec@1 78.320 Prec@5 97.760             Loss 0.81387
Epoch [73] Testing Class Recall: [0.881,0.928,0.572,0.778,0.774,0.649,0.795,0.795,0.860,0.800]
Epoch [74] Training Results: Prec@1 65.961 Prec@5 87.969             Loss 1.28091
Epoch [74] Training Class Recall: [0.663,0.700,0.631,0.580,0.653,0.596,0.683,0.677,0.714,0.700]
Epoch [74] Testing Results: Prec@1 78.880 Prec@5 97.300             Loss 0.80303
Epoch [74] Testing Class Recall: [0.929,0.899,0.685,0.679,0.686,0.643,0.907,0.767,0.798,0.895]
Epoch [75] Training Results: Prec@1 66.211 Prec@5 87.958             Loss 1.27403
Epoch [75] Training Class Recall: [0.673,0.708,0.631,0.585,0.661,0.597,0.677,0.681,0.712,0.696]
Epoch [75] Testing Results: Prec@1 74.590 Prec@5 96.570             Loss 0.88131
Epoch [75] Testing Class Recall: [0.782,0.798,0.580,0.806,0.893,0.477,0.733,0.688,0.733,0.969]
Epoch [76] Training Results: Prec@1 65.564 Prec@5 87.869             Loss 1.28464
Epoch [76] Training Class Recall: [0.669,0.706,0.627,0.571,0.647,0.584,0.685,0.674,0.704,0.688]
Epoch [76] Testing Results: Prec@1 78.610 Prec@5 98.030             Loss 0.82630
Epoch [76] Testing Class Recall: [0.754,0.757,0.781,0.573,0.761,0.786,0.752,0.859,0.948,0.890]
Epoch [77] Training Results: Prec@1 66.175 Prec@5 87.922             Loss 1.27445
Epoch [77] Training Class Recall: [0.669,0.700,0.635,0.587,0.660,0.595,0.683,0.676,0.713,0.699]
Epoch [77] Testing Results: Prec@1 76.220 Prec@5 96.970             Loss 0.86971
Epoch [77] Testing Class Recall: [0.822,0.600,0.613,0.701,0.803,0.658,0.727,0.924,0.787,0.987]
Epoch [78] Training Results: Prec@1 66.200 Prec@5 87.861             Loss 1.27340
Epoch [78] Training Class Recall: [0.668,0.704,0.632,0.583,0.656,0.602,0.682,0.679,0.719,0.694]
Epoch [78] Testing Results: Prec@1 76.180 Prec@5 98.280             Loss 0.85280
Epoch [78] Testing Class Recall: [0.846,0.913,0.840,0.855,0.653,0.346,0.720,0.767,0.926,0.752]
Epoch [79] Training Results: Prec@1 66.283 Prec@5 87.814             Loss 1.27178
Epoch [79] Training Class Recall: [0.673,0.703,0.635,0.584,0.657,0.597,0.686,0.678,0.716,0.699]
Epoch [79] Testing Results: Prec@1 80.690 Prec@5 98.040             Loss 0.74663
Epoch [79] Testing Class Recall: [0.806,0.866,0.668,0.708,0.894,0.644,0.865,0.803,0.939,0.876]
Epoch [80] Training Results: Prec@1 66.236 Prec@5 88.175             Loss 1.27421
Epoch [80] Training Class Recall: [0.671,0.699,0.635,0.587,0.659,0.604,0.681,0.684,0.714,0.691]
Epoch [80] Testing Results: Prec@1 76.930 Prec@5 97.530             Loss 0.82598
Epoch [80] Testing Class Recall: [0.791,0.766,0.761,0.741,0.539,0.575,0.901,0.793,0.951,0.875]
Epoch [81] Training Results: Prec@1 66.214 Prec@5 88.022             Loss 1.27237
Epoch [81] Training Class Recall: [0.667,0.696,0.630,0.592,0.657,0.599,0.683,0.689,0.711,0.697]
Epoch [81] Testing Results: Prec@1 78.950 Prec@5 97.960             Loss 0.79584
Epoch [81] Testing Class Recall: [0.840,0.926,0.676,0.543,0.718,0.699,0.913,0.894,0.917,0.769]
Epoch [82] Training Results: Prec@1 66.183 Prec@5 87.964             Loss 1.27068
Epoch [82] Training Class Recall: [0.671,0.711,0.629,0.591,0.658,0.598,0.686,0.671,0.715,0.690]
Epoch [82] Testing Results: Prec@1 79.520 Prec@5 97.830             Loss 0.75277
Epoch [82] Testing Class Recall: [0.857,0.939,0.659,0.723,0.719,0.789,0.687,0.891,0.881,0.807]
Epoch [83] Training Results: Prec@1 66.172 Prec@5 87.978             Loss 1.26906
Epoch [83] Training Class Recall: [0.665,0.702,0.637,0.590,0.650,0.601,0.685,0.683,0.711,0.694]
Epoch [83] Testing Results: Prec@1 80.610 Prec@5 97.680             Loss 0.79419
Epoch [83] Testing Class Recall: [0.795,0.805,0.722,0.736,0.741,0.667,0.869,0.904,0.861,0.961]
Epoch [84] Training Results: Prec@1 66.286 Prec@5 88.150             Loss 1.26809
Epoch [84] Training Class Recall: [0.669,0.701,0.635,0.584,0.661,0.606,0.684,0.677,0.711,0.701]
Epoch [84] Testing Results: Prec@1 79.840 Prec@5 97.820             Loss 0.74752
Epoch [84] Testing Class Recall: [0.642,0.869,0.800,0.736,0.765,0.739,0.817,0.755,0.972,0.889]
Epoch [85] Training Results: Prec@1 66.008 Prec@5 88.022             Loss 1.27603
Epoch [85] Training Class Recall: [0.659,0.701,0.631,0.579,0.663,0.594,0.684,0.681,0.715,0.694]
Epoch [85] Testing Results: Prec@1 78.210 Prec@5 97.810             Loss 0.84027
Epoch [85] Testing Class Recall: [0.791,0.784,0.787,0.769,0.610,0.676,0.928,0.775,0.785,0.916]
Epoch [86] Training Results: Prec@1 66.306 Prec@5 88.178             Loss 1.26283
Epoch [86] Training Class Recall: [0.663,0.702,0.634,0.592,0.663,0.607,0.683,0.678,0.709,0.700]
Epoch [86] Testing Results: Prec@1 78.520 Prec@5 97.510             Loss 0.84014
Epoch [86] Testing Class Recall: [0.868,0.879,0.511,0.830,0.743,0.728,0.797,0.767,0.874,0.855]
Epoch [87] Training Results: Prec@1 66.361 Prec@5 88.269             Loss 1.26555
Epoch [87] Training Class Recall: [0.669,0.705,0.631,0.593,0.660,0.602,0.686,0.676,0.714,0.700]
Epoch [87] Testing Results: Prec@1 80.920 Prec@5 97.670             Loss 0.75524
Epoch [87] Testing Class Recall: [0.864,0.927,0.645,0.550,0.943,0.730,0.876,0.809,0.854,0.894]
Epoch [88] Training Results: Prec@1 66.703 Prec@5 88.117             Loss 1.26226
Epoch [88] Training Class Recall: [0.679,0.703,0.642,0.590,0.664,0.611,0.683,0.684,0.711,0.704]
Epoch [88] Testing Results: Prec@1 73.790 Prec@5 95.760             Loss 0.91783
Epoch [88] Testing Class Recall: [0.967,0.947,0.568,0.440,0.855,0.600,0.846,0.598,0.823,0.735]
Epoch [89] Training Results: Prec@1 66.581 Prec@5 88.078             Loss 1.26199
Epoch [89] Training Class Recall: [0.677,0.705,0.641,0.597,0.663,0.604,0.681,0.681,0.709,0.701]
Epoch [89] Testing Results: Prec@1 77.850 Prec@5 96.970             Loss 0.83551
Epoch [89] Testing Class Recall: [0.896,0.879,0.723,0.592,0.873,0.547,0.646,0.912,0.782,0.935]
Epoch [90] Training Results: Prec@1 66.544 Prec@5 88.106             Loss 1.26428
Epoch [90] Training Class Recall: [0.678,0.708,0.640,0.590,0.666,0.607,0.681,0.681,0.707,0.697]
Epoch [90] Testing Results: Prec@1 76.010 Prec@5 96.920             Loss 0.85331
Epoch [90] Testing Class Recall: [0.686,0.827,0.862,0.556,0.493,0.737,0.742,0.823,0.970,0.905]
Epoch [91] Training Results: Prec@1 66.428 Prec@5 88.200             Loss 1.26294
Epoch [91] Training Class Recall: [0.678,0.709,0.641,0.586,0.657,0.603,0.684,0.677,0.714,0.695]
Epoch [91] Testing Results: Prec@1 81.560 Prec@5 97.840             Loss 0.73199
Epoch [91] Testing Class Recall: [0.788,0.894,0.678,0.626,0.784,0.762,0.893,0.914,0.962,0.855]
Epoch [92] Training Results: Prec@1 66.556 Prec@5 88.169             Loss 1.26060
Epoch [92] Training Class Recall: [0.671,0.704,0.635,0.600,0.661,0.608,0.689,0.679,0.711,0.696]
Epoch [92] Testing Results: Prec@1 80.170 Prec@5 97.640             Loss 0.73263
Epoch [92] Testing Class Recall: [0.762,0.915,0.601,0.648,0.821,0.719,0.856,0.889,0.943,0.863]
Epoch [93] Training Results: Prec@1 66.628 Prec@5 88.175             Loss 1.25911
Epoch [93] Training Class Recall: [0.673,0.708,0.640,0.594,0.664,0.606,0.681,0.680,0.717,0.699]
Epoch [93] Testing Results: Prec@1 75.420 Prec@5 97.230             Loss 0.85211
Epoch [93] Testing Class Recall: [0.894,0.940,0.880,0.519,0.652,0.544,0.853,0.888,0.777,0.595]
Epoch [94] Training Results: Prec@1 66.383 Prec@5 88.097             Loss 1.25965
Epoch [94] Training Class Recall: [0.672,0.703,0.638,0.597,0.649,0.609,0.678,0.685,0.712,0.697]
Epoch [94] Testing Results: Prec@1 73.490 Prec@5 96.880             Loss 0.91887
Epoch [94] Testing Class Recall: [0.586,0.894,0.661,0.725,0.804,0.601,0.457,0.965,0.938,0.718]
Epoch [95] Training Results: Prec@1 66.569 Prec@5 88.372             Loss 1.25663
Epoch [95] Training Class Recall: [0.673,0.704,0.641,0.597,0.662,0.607,0.684,0.675,0.715,0.700]
Epoch [95] Testing Results: Prec@1 78.560 Prec@5 97.850             Loss 0.77907
Epoch [95] Testing Class Recall: [0.888,0.878,0.552,0.829,0.662,0.638,0.710,0.926,0.916,0.857]
Epoch [96] Training Results: Prec@1 66.711 Prec@5 88.192             Loss 1.25552
Epoch [96] Training Class Recall: [0.677,0.702,0.643,0.597,0.663,0.605,0.688,0.679,0.715,0.701]
Epoch [96] Testing Results: Prec@1 79.200 Prec@5 97.640             Loss 0.78545
Epoch [96] Testing Class Recall: [0.713,0.870,0.653,0.675,0.766,0.807,0.878,0.746,0.941,0.871]
Epoch [97] Training Results: Prec@1 66.503 Prec@5 88.275             Loss 1.26076
Epoch [97] Training Class Recall: [0.669,0.705,0.642,0.596,0.661,0.604,0.685,0.682,0.711,0.695]
Epoch [97] Testing Results: Prec@1 76.360 Prec@5 96.220             Loss 0.86016
Epoch [97] Testing Class Recall: [0.871,0.985,0.448,0.619,0.708,0.833,0.880,0.782,0.796,0.714]
Epoch [98] Training Results: Prec@1 66.489 Prec@5 88.353             Loss 1.25785
Epoch [98] Training Class Recall: [0.677,0.707,0.634,0.591,0.655,0.608,0.684,0.684,0.712,0.697]
Epoch [98] Testing Results: Prec@1 69.730 Prec@5 96.610             Loss 1.02502
Epoch [98] Testing Class Recall: [0.428,0.767,0.724,0.779,0.470,0.805,0.720,0.735,0.783,0.762]
Epoch [99] Training Results: Prec@1 66.631 Prec@5 88.164             Loss 1.25918
Epoch [99] Training Class Recall: [0.671,0.700,0.636,0.605,0.662,0.611,0.681,0.687,0.712,0.698]
Epoch [99] Testing Results: Prec@1 80.800 Prec@5 98.050             Loss 0.74864
Epoch [99] Testing Class Recall: [0.869,0.940,0.564,0.779,0.803,0.685,0.845,0.909,0.910,0.776]
Epoch [100] Training Results: Prec@1 66.900 Prec@5 88.494             Loss 1.24858
Epoch [100] Training Class Recall: [0.674,0.711,0.644,0.601,0.665,0.606,0.688,0.680,0.721,0.701]
Epoch [100] Testing Results: Prec@1 79.730 Prec@5 97.740             Loss 0.76769
Epoch [100] Testing Class Recall: [0.916,0.946,0.591,0.831,0.825,0.681,0.782,0.741,0.846,0.814]
Epoch [101] Training Results: Prec@1 66.889 Prec@5 88.514             Loss 1.24893
Epoch [101] Training Class Recall: [0.680,0.706,0.648,0.592,0.665,0.611,0.688,0.684,0.717,0.698]
Epoch [101] Testing Results: Prec@1 75.730 Prec@5 95.830             Loss 0.88978
Epoch [101] Testing Class Recall: [0.664,0.823,0.449,0.679,0.761,0.868,0.591,0.884,0.896,0.958]
Epoch [102] Training Results: Prec@1 66.728 Prec@5 88.544             Loss 1.25067
Epoch [102] Training Class Recall: [0.670,0.702,0.645,0.595,0.661,0.615,0.692,0.679,0.716,0.697]
Epoch [102] Testing Results: Prec@1 78.910 Prec@5 97.860             Loss 0.77528
Epoch [102] Testing Class Recall: [0.862,0.914,0.720,0.562,0.819,0.789,0.866,0.943,0.820,0.596]
Epoch [103] Training Results: Prec@1 66.608 Prec@5 88.464             Loss 1.25220
Epoch [103] Training Class Recall: [0.672,0.709,0.631,0.596,0.659,0.611,0.690,0.680,0.714,0.699]
Epoch [103] Testing Results: Prec@1 74.540 Prec@5 96.740             Loss 0.88597
Epoch [103] Testing Class Recall: [0.805,0.841,0.733,0.422,0.909,0.827,0.679,0.839,0.837,0.562]
Epoch [104] Training Results: Prec@1 66.725 Prec@5 88.525             Loss 1.24972
Epoch [104] Training Class Recall: [0.680,0.696,0.646,0.595,0.663,0.615,0.684,0.687,0.710,0.698]
Epoch [104] Testing Results: Prec@1 80.460 Prec@5 97.340             Loss 0.75996
Epoch [104] Testing Class Recall: [0.703,0.866,0.634,0.846,0.832,0.660,0.819,0.848,0.901,0.937]
Epoch [105] Training Results: Prec@1 66.694 Prec@5 88.631             Loss 1.25282
Epoch [105] Training Class Recall: [0.679,0.709,0.639,0.593,0.661,0.611,0.688,0.673,0.719,0.698]
Epoch [105] Testing Results: Prec@1 76.570 Prec@5 96.700             Loss 0.82389
Epoch [105] Testing Class Recall: [0.797,0.909,0.822,0.443,0.909,0.806,0.567,0.803,0.869,0.732]
Epoch [106] Training Results: Prec@1 66.828 Prec@5 88.361             Loss 1.24979
Epoch [106] Training Class Recall: [0.674,0.706,0.638,0.598,0.666,0.614,0.687,0.679,0.714,0.707]
Epoch [106] Testing Results: Prec@1 79.690 Prec@5 98.180             Loss 0.75413
Epoch [106] Testing Class Recall: [0.747,0.794,0.815,0.574,0.782,0.697,0.830,0.906,0.863,0.961]
Epoch [107] Training Results: Prec@1 67.056 Prec@5 88.389             Loss 1.24698
Epoch [107] Training Class Recall: [0.682,0.703,0.647,0.601,0.664,0.618,0.687,0.687,0.717,0.701]
Epoch [107] Testing Results: Prec@1 78.790 Prec@5 97.350             Loss 0.80316
Epoch [107] Testing Class Recall: [0.911,0.806,0.725,0.742,0.731,0.571,0.705,0.868,0.875,0.945]
Epoch [108] Training Results: Prec@1 66.964 Prec@5 88.539             Loss 1.24612
Epoch [108] Training Class Recall: [0.679,0.705,0.642,0.607,0.670,0.607,0.689,0.677,0.721,0.699]
Epoch [108] Testing Results: Prec@1 74.140 Prec@5 96.320             Loss 0.92336
Epoch [108] Testing Class Recall: [0.747,0.963,0.803,0.543,0.508,0.507,0.940,0.717,0.920,0.766]
Epoch [109] Training Results: Prec@1 66.647 Prec@5 88.567             Loss 1.25267
Epoch [109] Training Class Recall: [0.675,0.707,0.642,0.594,0.661,0.607,0.684,0.681,0.721,0.693]
Epoch [109] Testing Results: Prec@1 72.930 Prec@5 97.170             Loss 0.95088
Epoch [109] Testing Class Recall: [0.782,0.868,0.565,0.527,0.576,0.955,0.734,0.572,0.907,0.807]
Epoch [110] Training Results: Prec@1 66.822 Prec@5 88.606             Loss 1.24498
Epoch [110] Training Class Recall: [0.676,0.706,0.650,0.592,0.665,0.616,0.685,0.680,0.713,0.699]
Epoch [110] Testing Results: Prec@1 81.090 Prec@5 98.310             Loss 0.72921
Epoch [110] Testing Class Recall: [0.766,0.885,0.782,0.640,0.663,0.758,0.926,0.851,0.929,0.909]
Epoch [111] Training Results: Prec@1 66.794 Prec@5 88.550             Loss 1.24662
Epoch [111] Training Class Recall: [0.680,0.712,0.642,0.598,0.652,0.617,0.685,0.679,0.713,0.701]
Epoch [111] Testing Results: Prec@1 78.080 Prec@5 97.400             Loss 0.81427
Epoch [111] Testing Class Recall: [0.745,0.924,0.724,0.774,0.560,0.779,0.880,0.749,0.940,0.733]
Epoch [112] Training Results: Prec@1 66.925 Prec@5 88.542             Loss 1.24577
Epoch [112] Training Class Recall: [0.674,0.711,0.643,0.594,0.655,0.619,0.691,0.689,0.717,0.701]
Epoch [112] Testing Results: Prec@1 72.270 Prec@5 95.910             Loss 0.94511
Epoch [112] Testing Class Recall: [0.906,0.736,0.483,0.827,0.832,0.437,0.575,0.613,0.937,0.881]
Epoch [113] Training Results: Prec@1 67.144 Prec@5 88.556             Loss 1.23840
Epoch [113] Training Class Recall: [0.685,0.708,0.653,0.601,0.669,0.619,0.684,0.684,0.715,0.698]
Epoch [113] Testing Results: Prec@1 75.280 Prec@5 97.000             Loss 0.86076
Epoch [113] Testing Class Recall: [0.829,0.846,0.623,0.733,0.568,0.539,0.671,0.945,0.921,0.853]
Epoch [114] Training Results: Prec@1 66.903 Prec@5 88.819             Loss 1.24331
Epoch [114] Training Class Recall: [0.681,0.703,0.638,0.603,0.668,0.606,0.691,0.685,0.720,0.695]
Epoch [114] Testing Results: Prec@1 77.330 Prec@5 97.280             Loss 0.84077
Epoch [114] Testing Class Recall: [0.774,0.849,0.868,0.455,0.878,0.520,0.782,0.800,0.910,0.897]
Epoch [115] Training Results: Prec@1 67.050 Prec@5 88.653             Loss 1.24676
Epoch [115] Training Class Recall: [0.679,0.705,0.640,0.599,0.673,0.619,0.689,0.690,0.717,0.694]
Epoch [115] Testing Results: Prec@1 77.090 Prec@5 96.810             Loss 0.84109
Epoch [115] Testing Class Recall: [0.748,0.563,0.724,0.639,0.876,0.686,0.770,0.819,0.901,0.983]
Epoch [116] Training Results: Prec@1 66.956 Prec@5 88.686             Loss 1.24416
Epoch [116] Training Class Recall: [0.683,0.708,0.648,0.602,0.664,0.609,0.689,0.680,0.716,0.697]
Epoch [116] Testing Results: Prec@1 79.830 Prec@5 97.240             Loss 0.79543
Epoch [116] Testing Class Recall: [0.764,0.924,0.632,0.716,0.910,0.652,0.742,0.850,0.957,0.836]
Epoch [117] Training Results: Prec@1 67.108 Prec@5 88.594             Loss 1.24078
Epoch [117] Training Class Recall: [0.680,0.710,0.645,0.597,0.667,0.611,0.693,0.683,0.721,0.704]
Epoch [117] Testing Results: Prec@1 77.450 Prec@5 97.160             Loss 0.81470
Epoch [117] Testing Class Recall: [0.678,0.909,0.657,0.673,0.777,0.649,0.882,0.935,0.666,0.919]
Epoch [118] Training Results: Prec@1 67.069 Prec@5 88.814             Loss 1.23790
Epoch [118] Training Class Recall: [0.674,0.712,0.641,0.603,0.664,0.613,0.688,0.693,0.716,0.703]
Epoch [118] Testing Results: Prec@1 80.650 Prec@5 98.060             Loss 0.77810
Epoch [118] Testing Class Recall: [0.830,0.950,0.673,0.754,0.674,0.696,0.900,0.902,0.875,0.811]
Epoch [119] Training Results: Prec@1 66.886 Prec@5 88.644             Loss 1.24181
Epoch [119] Training Class Recall: [0.685,0.705,0.636,0.592,0.667,0.612,0.692,0.690,0.713,0.697]
Epoch [119] Testing Results: Prec@1 78.550 Prec@5 97.110             Loss 0.76455
Epoch [119] Testing Class Recall: [0.606,0.967,0.779,0.636,0.758,0.627,0.903,0.872,0.862,0.845]
Epoch [120] Training Results: Prec@1 66.747 Prec@5 88.631             Loss 1.24376
Epoch [120] Training Class Recall: [0.674,0.705,0.639,0.599,0.663,0.609,0.689,0.686,0.714,0.698]
Epoch [120] Testing Results: Prec@1 72.660 Prec@5 97.090             Loss 0.95433
Epoch [120] Testing Class Recall: [0.612,0.851,0.919,0.724,0.541,0.734,0.759,0.497,0.833,0.796]
Epoch [121] Training Results: Prec@1 67.236 Prec@5 88.847             Loss 1.23471
Epoch [121] Training Class Recall: [0.687,0.703,0.645,0.604,0.671,0.612,0.693,0.684,0.725,0.699]
Epoch [121] Testing Results: Prec@1 79.560 Prec@5 96.660             Loss 0.81755
Epoch [121] Testing Class Recall: [0.825,0.886,0.579,0.612,0.920,0.721,0.782,0.871,0.945,0.815]
Epoch [122] Training Results: Prec@1 67.203 Prec@5 88.761             Loss 1.23629
Epoch [122] Training Class Recall: [0.683,0.704,0.643,0.602,0.668,0.619,0.690,0.696,0.719,0.696]
Epoch [122] Testing Results: Prec@1 77.620 Prec@5 97.930             Loss 0.82374
Epoch [122] Testing Class Recall: [0.767,0.892,0.693,0.629,0.791,0.826,0.877,0.651,0.839,0.797]
Epoch [123] Training Results: Prec@1 67.292 Prec@5 88.528             Loss 1.23469
Epoch [123] Training Class Recall: [0.692,0.707,0.646,0.598,0.673,0.623,0.681,0.696,0.713,0.701]
Epoch [123] Testing Results: Prec@1 80.590 Prec@5 97.680             Loss 0.73553
Epoch [123] Testing Class Recall: [0.740,0.932,0.748,0.715,0.800,0.635,0.863,0.876,0.833,0.917]
Epoch [124] Training Results: Prec@1 67.011 Prec@5 88.758             Loss 1.23639
Epoch [124] Training Class Recall: [0.671,0.715,0.649,0.599,0.658,0.612,0.701,0.688,0.712,0.697]
Epoch [124] Testing Results: Prec@1 78.540 Prec@5 96.820             Loss 0.83412
Epoch [124] Testing Class Recall: [0.790,0.891,0.854,0.350,0.909,0.721,0.798,0.758,0.852,0.931]
Epoch [125] Training Results: Prec@1 66.986 Prec@5 88.689             Loss 1.23883
Epoch [125] Training Class Recall: [0.676,0.702,0.648,0.608,0.670,0.610,0.690,0.682,0.711,0.702]
Epoch [125] Testing Results: Prec@1 80.840 Prec@5 97.200             Loss 0.75251
Epoch [125] Testing Class Recall: [0.713,0.919,0.760,0.483,0.842,0.796,0.898,0.819,0.946,0.908]
Epoch [126] Training Results: Prec@1 67.239 Prec@5 88.653             Loss 1.23415
Epoch [126] Training Class Recall: [0.681,0.710,0.647,0.611,0.662,0.617,0.690,0.688,0.717,0.704]
Epoch [126] Testing Results: Prec@1 74.090 Prec@5 95.660             Loss 0.90573
Epoch [126] Testing Class Recall: [0.918,0.982,0.753,0.266,0.575,0.854,0.678,0.848,0.819,0.716]
Epoch [127] Training Results: Prec@1 67.150 Prec@5 88.919             Loss 1.23777
Epoch [127] Training Class Recall: [0.684,0.708,0.649,0.605,0.659,0.620,0.695,0.690,0.711,0.694]
Epoch [127] Testing Results: Prec@1 75.930 Prec@5 95.640             Loss 0.89026
Epoch [127] Testing Class Recall: [0.850,0.894,0.859,0.567,0.402,0.803,0.698,0.767,0.853,0.900]
Epoch [128] Training Results: Prec@1 67.225 Prec@5 88.792             Loss 1.23140
Epoch [128] Training Class Recall: [0.685,0.708,0.643,0.608,0.669,0.619,0.689,0.685,0.717,0.701]
Epoch [128] Testing Results: Prec@1 79.060 Prec@5 96.910             Loss 0.78574
Epoch [128] Testing Class Recall: [0.806,0.866,0.764,0.547,0.615,0.816,0.899,0.751,0.911,0.931]
Epoch [129] Training Results: Prec@1 67.139 Prec@5 88.867             Loss 1.23246
Epoch [129] Training Class Recall: [0.683,0.705,0.650,0.603,0.670,0.612,0.689,0.690,0.715,0.698]
Epoch [129] Testing Results: Prec@1 77.530 Prec@5 96.800             Loss 0.84415
Epoch [129] Testing Class Recall: [0.895,0.954,0.652,0.715,0.885,0.729,0.921,0.594,0.622,0.786]
Epoch [130] Training Results: Prec@1 67.161 Prec@5 88.786             Loss 1.23589
Epoch [130] Training Class Recall: [0.683,0.706,0.644,0.604,0.657,0.619,0.692,0.688,0.722,0.700]
Epoch [130] Testing Results: Prec@1 79.440 Prec@5 97.860             Loss 0.76436
Epoch [130] Testing Class Recall: [0.845,0.968,0.782,0.659,0.911,0.567,0.890,0.745,0.780,0.797]
Epoch [131] Training Results: Prec@1 67.381 Prec@5 88.778             Loss 1.23124
Epoch [131] Training Class Recall: [0.679,0.713,0.646,0.607,0.670,0.626,0.690,0.688,0.716,0.702]
Epoch [131] Testing Results: Prec@1 77.430 Prec@5 97.770             Loss 0.82434
Epoch [131] Testing Class Recall: [0.705,0.902,0.826,0.401,0.827,0.817,0.929,0.779,0.650,0.907]
Epoch [132] Training Results: Prec@1 67.228 Prec@5 88.819             Loss 1.23389
Epoch [132] Training Class Recall: [0.677,0.709,0.650,0.604,0.670,0.609,0.692,0.690,0.725,0.698]
Epoch [132] Testing Results: Prec@1 78.770 Prec@5 97.830             Loss 0.77346
Epoch [132] Testing Class Recall: [0.727,0.966,0.928,0.651,0.703,0.642,0.765,0.730,0.894,0.871]
Epoch [133] Training Results: Prec@1 67.144 Prec@5 88.886             Loss 1.23179
Epoch [133] Training Class Recall: [0.675,0.704,0.647,0.602,0.666,0.624,0.693,0.686,0.719,0.698]
Epoch [133] Testing Results: Prec@1 76.400 Prec@5 96.760             Loss 0.93317
Epoch [133] Testing Class Recall: [0.945,0.964,0.628,0.693,0.761,0.571,0.877,0.712,0.780,0.709]
Epoch [134] Training Results: Prec@1 67.253 Prec@5 88.803             Loss 1.23112
Epoch [134] Training Class Recall: [0.686,0.712,0.641,0.601,0.672,0.617,0.692,0.683,0.718,0.703]
Epoch [134] Testing Results: Prec@1 78.360 Prec@5 97.720             Loss 0.79554
Epoch [134] Testing Class Recall: [0.773,0.918,0.696,0.656,0.707,0.580,0.889,0.833,0.929,0.855]
Epoch [135] Training Results: Prec@1 66.992 Prec@5 88.942             Loss 1.23330
Epoch [135] Training Class Recall: [0.672,0.701,0.643,0.603,0.667,0.621,0.687,0.686,0.721,0.699]
Epoch [135] Testing Results: Prec@1 75.310 Prec@5 97.140             Loss 0.87757
Epoch [135] Testing Class Recall: [0.852,0.885,0.832,0.315,0.527,0.918,0.789,0.740,0.766,0.907]
Epoch [136] Training Results: Prec@1 67.164 Prec@5 88.992             Loss 1.23272
Epoch [136] Training Class Recall: [0.679,0.711,0.648,0.610,0.662,0.621,0.687,0.685,0.718,0.696]
Epoch [136] Testing Results: Prec@1 79.570 Prec@5 97.400             Loss 0.76395
Epoch [136] Testing Class Recall: [0.790,0.917,0.741,0.835,0.823,0.648,0.801,0.628,0.842,0.932]
Epoch [137] Training Results: Prec@1 67.214 Prec@5 88.956             Loss 1.22999
Epoch [137] Training Class Recall: [0.679,0.708,0.647,0.607,0.663,0.627,0.693,0.682,0.720,0.698]
Epoch [137] Testing Results: Prec@1 79.620 Prec@5 97.830             Loss 0.75290
Epoch [137] Testing Class Recall: [0.781,0.909,0.725,0.795,0.780,0.719,0.830,0.799,0.889,0.735]
Epoch [138] Training Results: Prec@1 67.178 Prec@5 89.161             Loss 1.22813
Epoch [138] Training Class Recall: [0.675,0.700,0.655,0.600,0.677,0.613,0.693,0.689,0.716,0.701]
Epoch [138] Testing Results: Prec@1 79.120 Prec@5 97.530             Loss 0.81708
Epoch [138] Testing Class Recall: [0.764,0.916,0.655,0.714,0.656,0.850,0.794,0.720,0.913,0.930]
Epoch [139] Training Results: Prec@1 67.589 Prec@5 89.028             Loss 1.22434
Epoch [139] Training Class Recall: [0.692,0.710,0.654,0.611,0.667,0.624,0.693,0.688,0.722,0.699]
Epoch [139] Testing Results: Prec@1 78.950 Prec@5 97.400             Loss 0.75345
Epoch [139] Testing Class Recall: [0.848,0.834,0.823,0.739,0.765,0.796,0.812,0.555,0.922,0.801]
Epoch [140] Training Results: Prec@1 67.294 Prec@5 89.031             Loss 1.22825
Epoch [140] Training Class Recall: [0.676,0.709,0.654,0.603,0.679,0.620,0.695,0.678,0.716,0.700]
Epoch [140] Testing Results: Prec@1 74.160 Prec@5 96.340             Loss 0.94356
Epoch [140] Testing Class Recall: [0.719,0.966,0.910,0.434,0.525,0.699,0.843,0.763,0.682,0.875]
Epoch [141] Training Results: Prec@1 67.458 Prec@5 89.072             Loss 1.22473
Epoch [141] Training Class Recall: [0.685,0.709,0.654,0.604,0.661,0.625,0.691,0.692,0.723,0.703]
Epoch [141] Testing Results: Prec@1 79.850 Prec@5 98.000             Loss 0.76644
Epoch [141] Testing Class Recall: [0.862,0.868,0.789,0.596,0.782,0.679,0.959,0.678,0.891,0.881]
Epoch [142] Training Results: Prec@1 67.372 Prec@5 89.192             Loss 1.22344
Epoch [142] Training Class Recall: [0.686,0.713,0.648,0.603,0.671,0.620,0.692,0.693,0.714,0.698]
Epoch [142] Testing Results: Prec@1 76.050 Prec@5 96.510             Loss 0.86058
Epoch [142] Testing Class Recall: [0.878,0.870,0.857,0.383,0.862,0.458,0.891,0.642,0.901,0.863]
Epoch [143] Training Results: Prec@1 67.147 Prec@5 89.069             Loss 1.23255
Epoch [143] Training Class Recall: [0.678,0.705,0.646,0.607,0.672,0.624,0.690,0.679,0.715,0.699]
Epoch [143] Testing Results: Prec@1 77.780 Prec@5 96.610             Loss 0.80132
Epoch [143] Testing Class Recall: [0.762,0.821,0.663,0.495,0.856,0.561,0.894,0.822,0.929,0.975]
Epoch [144] Training Results: Prec@1 67.392 Prec@5 89.042             Loss 1.22461
Epoch [144] Training Class Recall: [0.677,0.707,0.649,0.605,0.677,0.624,0.694,0.684,0.722,0.701]
Epoch [144] Testing Results: Prec@1 79.730 Prec@5 97.870             Loss 0.73300
Epoch [144] Testing Class Recall: [0.797,0.784,0.816,0.656,0.726,0.736,0.799,0.904,0.940,0.815]
Epoch [145] Training Results: Prec@1 67.489 Prec@5 88.950             Loss 1.22400
Epoch [145] Training Class Recall: [0.684,0.712,0.650,0.613,0.670,0.617,0.696,0.685,0.719,0.703]
Epoch [145] Testing Results: Prec@1 78.500 Prec@5 97.580             Loss 0.80398
Epoch [145] Testing Class Recall: [0.719,0.849,0.701,0.826,0.887,0.496,0.823,0.835,0.885,0.829]
Epoch [146] Training Results: Prec@1 67.403 Prec@5 89.094             Loss 1.22562
Epoch [146] Training Class Recall: [0.682,0.714,0.638,0.611,0.672,0.619,0.688,0.691,0.723,0.703]
Epoch [146] Testing Results: Prec@1 76.410 Prec@5 96.260             Loss 0.88876
Epoch [146] Testing Class Recall: [0.932,0.851,0.663,0.329,0.769,0.842,0.618,0.919,0.887,0.831]
Epoch [147] Training Results: Prec@1 67.128 Prec@5 89.161             Loss 1.22743
Epoch [147] Training Class Recall: [0.678,0.710,0.651,0.601,0.662,0.618,0.688,0.689,0.717,0.699]
Epoch [147] Testing Results: Prec@1 79.260 Prec@5 97.700             Loss 0.77709
Epoch [147] Testing Class Recall: [0.917,0.663,0.733,0.686,0.802,0.770,0.895,0.717,0.810,0.933]
Epoch [148] Training Results: Prec@1 67.056 Prec@5 89.175             Loss 1.22984
Epoch [148] Training Class Recall: [0.681,0.700,0.646,0.602,0.666,0.617,0.691,0.683,0.720,0.700]
Epoch [148] Testing Results: Prec@1 77.640 Prec@5 97.170             Loss 0.82855
Epoch [148] Testing Class Recall: [0.695,0.933,0.664,0.780,0.767,0.616,0.870,0.701,0.798,0.940]
Epoch [149] Training Results: Prec@1 67.558 Prec@5 89.444             Loss 1.21751
Epoch [149] Training Class Recall: [0.683,0.708,0.654,0.614,0.672,0.627,0.695,0.687,0.718,0.698]
Epoch [149] Testing Results: Prec@1 73.220 Prec@5 95.330             Loss 0.94400
Epoch [149] Testing Class Recall: [0.965,0.926,0.405,0.596,0.721,0.694,0.771,0.920,0.650,0.674]
Epoch [150] Training Results: Prec@1 67.333 Prec@5 89.317             Loss 1.22054
Epoch [150] Training Class Recall: [0.681,0.707,0.651,0.609,0.671,0.614,0.692,0.691,0.717,0.701]
Epoch [150] Testing Results: Prec@1 81.070 Prec@5 97.330             Loss 0.73088
Epoch [150] Testing Class Recall: [0.779,0.915,0.605,0.797,0.893,0.627,0.851,0.812,0.908,0.920]
Epoch [151] Training Results: Prec@1 67.419 Prec@5 89.153             Loss 1.22456
Epoch [151] Training Class Recall: [0.683,0.710,0.637,0.614,0.679,0.618,0.692,0.683,0.722,0.704]
Epoch [151] Testing Results: Prec@1 76.800 Prec@5 97.880             Loss 0.81598
Epoch [151] Testing Class Recall: [0.737,0.904,0.587,0.528,0.684,0.700,0.983,0.841,0.866,0.850]
Epoch [152] Training Results: Prec@1 67.589 Prec@5 89.200             Loss 1.21636
Epoch [152] Training Class Recall: [0.688,0.715,0.653,0.612,0.678,0.615,0.691,0.684,0.726,0.697]
Epoch [152] Testing Results: Prec@1 79.500 Prec@5 97.070             Loss 0.77146
Epoch [152] Testing Class Recall: [0.798,0.873,0.768,0.529,0.728,0.809,0.727,0.861,0.900,0.957]
Epoch [153] Training Results: Prec@1 67.525 Prec@5 89.286             Loss 1.21917
Epoch [153] Training Class Recall: [0.684,0.709,0.649,0.612,0.671,0.619,0.693,0.693,0.721,0.702]
Epoch [153] Testing Results: Prec@1 80.490 Prec@5 97.600             Loss 0.75302
Epoch [153] Testing Class Recall: [0.831,0.840,0.647,0.669,0.807,0.674,0.916,0.838,0.923,0.904]
Epoch [154] Training Results: Prec@1 67.322 Prec@5 89.392             Loss 1.21925
Epoch [154] Training Class Recall: [0.681,0.708,0.644,0.610,0.667,0.626,0.689,0.688,0.718,0.701]
Epoch [154] Testing Results: Prec@1 78.260 Prec@5 95.940             Loss 0.83742
Epoch [154] Testing Class Recall: [0.689,0.926,0.742,0.384,0.695,0.742,0.878,0.911,0.913,0.946]
Epoch [155] Training Results: Prec@1 67.506 Prec@5 89.197             Loss 1.21712
Epoch [155] Training Class Recall: [0.680,0.708,0.648,0.618,0.672,0.624,0.692,0.690,0.717,0.701]
Epoch [155] Testing Results: Prec@1 78.200 Prec@5 96.920             Loss 0.81013
Epoch [155] Testing Class Recall: [0.789,0.940,0.778,0.572,0.633,0.645,0.812,0.825,0.902,0.924]
Epoch [156] Training Results: Prec@1 67.392 Prec@5 89.347             Loss 1.21936
Epoch [156] Training Class Recall: [0.682,0.708,0.652,0.600,0.673,0.620,0.693,0.691,0.719,0.701]
Epoch [156] Testing Results: Prec@1 77.220 Prec@5 96.910             Loss 0.83892
Epoch [156] Testing Class Recall: [0.841,0.961,0.758,0.767,0.521,0.596,0.866,0.776,0.810,0.826]
Epoch [157] Training Results: Prec@1 67.492 Prec@5 89.189             Loss 1.21844
Epoch [157] Training Class Recall: [0.685,0.707,0.652,0.610,0.670,0.618,0.693,0.693,0.722,0.701]
Epoch [157] Testing Results: Prec@1 81.020 Prec@5 97.820             Loss 0.74954
Epoch [157] Testing Class Recall: [0.874,0.911,0.819,0.591,0.762,0.800,0.773,0.815,0.847,0.910]
Epoch [158] Training Results: Prec@1 67.667 Prec@5 89.308             Loss 1.21427
Epoch [158] Training Class Recall: [0.685,0.711,0.655,0.621,0.667,0.622,0.692,0.691,0.720,0.703]
Epoch [158] Testing Results: Prec@1 79.990 Prec@5 98.170             Loss 0.70656
Epoch [158] Testing Class Recall: [0.801,0.968,0.858,0.682,0.700,0.750,0.830,0.811,0.861,0.738]
Epoch [159] Training Results: Prec@1 67.586 Prec@5 89.306             Loss 1.21809
Epoch [159] Training Class Recall: [0.682,0.712,0.650,0.608,0.671,0.625,0.700,0.683,0.723,0.705]
Epoch [159] Testing Results: Prec@1 77.610 Prec@5 97.480             Loss 0.84444
Epoch [159] Testing Class Recall: [0.747,0.920,0.636,0.572,0.797,0.892,0.744,0.797,0.767,0.889]
Epoch [160] Training Results: Prec@1 69.628 Prec@5 90.439             Loss 1.14889
Epoch [160] Training Class Recall: [0.703,0.718,0.693,0.647,0.699,0.638,0.724,0.708,0.720,0.714]
Epoch [160] Testing Results: Prec@1 84.840 Prec@5 98.980             Loss 0.60410
Epoch [160] Testing Class Recall: [0.843,0.910,0.810,0.699,0.857,0.752,0.899,0.885,0.921,0.908]
Epoch [161] Training Results: Prec@1 71.169 Prec@5 90.994             Loss 1.10036
Epoch [161] Training Class Recall: [0.725,0.726,0.702,0.668,0.711,0.667,0.731,0.720,0.743,0.724]
Epoch [161] Testing Results: Prec@1 85.480 Prec@5 98.980             Loss 0.58888
Epoch [161] Testing Class Recall: [0.859,0.914,0.793,0.710,0.881,0.751,0.899,0.893,0.931,0.917]
Epoch [162] Training Results: Prec@1 71.575 Prec@5 90.928             Loss 1.08599
Epoch [162] Training Class Recall: [0.723,0.725,0.709,0.673,0.720,0.674,0.739,0.721,0.749,0.726]
Epoch [162] Testing Results: Prec@1 85.700 Prec@5 98.990             Loss 0.58703
Epoch [162] Testing Class Recall: [0.853,0.923,0.810,0.692,0.882,0.770,0.898,0.888,0.934,0.920]
Epoch [163] Training Results: Prec@1 71.972 Prec@5 91.289             Loss 1.07105
Epoch [163] Training Class Recall: [0.731,0.731,0.714,0.687,0.718,0.676,0.733,0.724,0.753,0.730]
Epoch [163] Testing Results: Prec@1 85.840 Prec@5 98.920             Loss 0.58291
Epoch [163] Testing Class Recall: [0.865,0.932,0.797,0.712,0.884,0.758,0.886,0.899,0.926,0.925]
Epoch [164] Training Results: Prec@1 72.233 Prec@5 91.656             Loss 1.05932
Epoch [164] Training Class Recall: [0.736,0.731,0.719,0.688,0.723,0.681,0.735,0.725,0.756,0.731]
Epoch [164] Testing Results: Prec@1 85.920 Prec@5 98.950             Loss 0.56982
Epoch [164] Testing Class Recall: [0.862,0.925,0.803,0.729,0.873,0.771,0.886,0.896,0.927,0.920]
Epoch [165] Training Results: Prec@1 72.400 Prec@5 91.542             Loss 1.05083
Epoch [165] Training Class Recall: [0.737,0.732,0.712,0.698,0.725,0.680,0.740,0.725,0.755,0.736]
Epoch [165] Testing Results: Prec@1 86.020 Prec@5 98.880             Loss 0.58173
Epoch [165] Testing Class Recall: [0.869,0.933,0.812,0.703,0.873,0.775,0.897,0.896,0.921,0.923]
Epoch [166] Training Results: Prec@1 72.653 Prec@5 91.758             Loss 1.04290
Epoch [166] Training Class Recall: [0.737,0.736,0.720,0.687,0.727,0.689,0.744,0.735,0.754,0.737]
Epoch [166] Testing Results: Prec@1 86.000 Prec@5 98.850             Loss 0.57241
Epoch [166] Testing Class Recall: [0.865,0.928,0.814,0.716,0.864,0.775,0.894,0.895,0.929,0.920]
Epoch [167] Training Results: Prec@1 72.753 Prec@5 91.944             Loss 1.03511
Epoch [167] Training Class Recall: [0.734,0.735,0.723,0.691,0.729,0.691,0.740,0.734,0.759,0.739]
Epoch [167] Testing Results: Prec@1 85.890 Prec@5 98.870             Loss 0.57770
Epoch [167] Testing Class Recall: [0.856,0.932,0.814,0.719,0.882,0.751,0.902,0.898,0.932,0.903]
Epoch [168] Training Results: Prec@1 72.817 Prec@5 91.872             Loss 1.03177
Epoch [168] Training Class Recall: [0.738,0.735,0.727,0.692,0.735,0.693,0.743,0.726,0.756,0.737]
Epoch [168] Testing Results: Prec@1 85.740 Prec@5 98.830             Loss 0.58148
Epoch [168] Testing Class Recall: [0.864,0.931,0.812,0.724,0.862,0.762,0.873,0.897,0.928,0.921]
Epoch [169] Training Results: Prec@1 73.064 Prec@5 91.869             Loss 1.02324
Epoch [169] Training Class Recall: [0.743,0.736,0.728,0.695,0.731,0.696,0.747,0.733,0.761,0.736]
Epoch [169] Testing Results: Prec@1 85.830 Prec@5 98.880             Loss 0.57946
Epoch [169] Testing Class Recall: [0.851,0.928,0.802,0.730,0.871,0.777,0.887,0.881,0.933,0.923]
Epoch [170] Training Results: Prec@1 73.092 Prec@5 91.906             Loss 1.02061
Epoch [170] Training Class Recall: [0.745,0.739,0.723,0.704,0.729,0.697,0.741,0.733,0.758,0.740]
Epoch [170] Testing Results: Prec@1 85.930 Prec@5 98.820             Loss 0.58561
Epoch [170] Testing Class Recall: [0.856,0.938,0.797,0.724,0.886,0.779,0.889,0.880,0.928,0.916]
Epoch [171] Training Results: Prec@1 73.178 Prec@5 92.228             Loss 1.01571
Epoch [171] Training Class Recall: [0.741,0.738,0.730,0.699,0.731,0.701,0.742,0.735,0.762,0.738]
Epoch [171] Testing Results: Prec@1 85.840 Prec@5 98.670             Loss 0.58812
Epoch [171] Testing Class Recall: [0.840,0.934,0.806,0.708,0.876,0.789,0.881,0.898,0.934,0.918]
Epoch [172] Training Results: Prec@1 73.267 Prec@5 92.097             Loss 1.01355
Epoch [172] Training Class Recall: [0.746,0.740,0.727,0.701,0.731,0.701,0.747,0.731,0.758,0.745]
Epoch [172] Testing Results: Prec@1 85.930 Prec@5 98.700             Loss 0.57944
Epoch [172] Testing Class Recall: [0.854,0.928,0.800,0.728,0.887,0.782,0.880,0.895,0.913,0.926]
Epoch [173] Training Results: Prec@1 73.497 Prec@5 92.167             Loss 1.00513
Epoch [173] Training Class Recall: [0.749,0.741,0.731,0.710,0.733,0.701,0.745,0.734,0.761,0.744]
Epoch [173] Testing Results: Prec@1 85.840 Prec@5 98.750             Loss 0.58542
Epoch [173] Testing Class Recall: [0.865,0.933,0.815,0.710,0.872,0.775,0.883,0.886,0.927,0.918]
Epoch [174] Training Results: Prec@1 73.472 Prec@5 92.283             Loss 1.00396
Epoch [174] Training Class Recall: [0.747,0.738,0.736,0.706,0.734,0.702,0.746,0.738,0.759,0.741]
Epoch [174] Testing Results: Prec@1 85.830 Prec@5 98.670             Loss 0.58433
Epoch [174] Testing Class Recall: [0.845,0.931,0.809,0.745,0.874,0.766,0.877,0.881,0.936,0.919]
Epoch [175] Training Results: Prec@1 73.539 Prec@5 92.139             Loss 1.00063
Epoch [175] Training Class Recall: [0.745,0.744,0.736,0.698,0.739,0.701,0.750,0.738,0.762,0.742]
Epoch [175] Testing Results: Prec@1 85.800 Prec@5 98.660             Loss 0.57966
Epoch [175] Testing Class Recall: [0.859,0.934,0.800,0.733,0.886,0.775,0.873,0.880,0.927,0.913]
Epoch [176] Training Results: Prec@1 73.539 Prec@5 92.444             Loss 0.99585
Epoch [176] Training Class Recall: [0.750,0.739,0.736,0.707,0.736,0.702,0.747,0.737,0.763,0.738]
Epoch [176] Testing Results: Prec@1 85.930 Prec@5 98.540             Loss 0.58969
Epoch [176] Testing Class Recall: [0.854,0.930,0.805,0.731,0.876,0.784,0.885,0.883,0.932,0.913]
Epoch [177] Training Results: Prec@1 73.689 Prec@5 92.444             Loss 0.99113
Epoch [177] Training Class Recall: [0.745,0.744,0.734,0.708,0.739,0.713,0.747,0.736,0.763,0.740]
Epoch [177] Testing Results: Prec@1 85.810 Prec@5 98.610             Loss 0.58319
Epoch [177] Testing Class Recall: [0.846,0.928,0.811,0.725,0.874,0.778,0.880,0.888,0.927,0.924]
Epoch [178] Training Results: Prec@1 73.889 Prec@5 92.406             Loss 0.98874
Epoch [178] Training Class Recall: [0.750,0.744,0.732,0.708,0.740,0.711,0.749,0.743,0.766,0.746]
Epoch [178] Testing Results: Prec@1 85.890 Prec@5 98.540             Loss 0.59661
Epoch [178] Testing Class Recall: [0.843,0.936,0.812,0.719,0.879,0.781,0.885,0.886,0.930,0.918]
Epoch [179] Training Results: Prec@1 73.886 Prec@5 92.481             Loss 0.98233
Epoch [179] Training Class Recall: [0.747,0.742,0.737,0.708,0.744,0.715,0.748,0.741,0.765,0.742]
Epoch [179] Testing Results: Prec@1 85.790 Prec@5 98.570             Loss 0.59405
Epoch [179] Testing Class Recall: [0.849,0.926,0.809,0.712,0.879,0.785,0.885,0.887,0.929,0.918]
Epoch [180] Training Results: Prec@1 74.000 Prec@5 92.636             Loss 0.97997
Epoch [180] Training Class Recall: [0.744,0.744,0.739,0.710,0.737,0.718,0.751,0.743,0.765,0.750]
Epoch [180] Testing Results: Prec@1 85.760 Prec@5 98.520             Loss 0.59545
Epoch [180] Testing Class Recall: [0.853,0.933,0.808,0.710,0.867,0.784,0.887,0.884,0.931,0.919]
Epoch [181] Training Results: Prec@1 73.856 Prec@5 92.589             Loss 0.98255
Epoch [181] Training Class Recall: [0.747,0.743,0.741,0.708,0.736,0.710,0.752,0.740,0.765,0.745]
Epoch [181] Testing Results: Prec@1 85.930 Prec@5 98.550             Loss 0.59365
Epoch [181] Testing Class Recall: [0.848,0.941,0.809,0.730,0.880,0.766,0.899,0.881,0.926,0.913]
Epoch [182] Training Results: Prec@1 73.911 Prec@5 92.589             Loss 0.97889
Epoch [182] Training Class Recall: [0.746,0.742,0.739,0.707,0.738,0.708,0.755,0.743,0.767,0.745]
Epoch [182] Testing Results: Prec@1 85.830 Prec@5 98.530             Loss 0.59278
Epoch [182] Testing Class Recall: [0.844,0.935,0.804,0.704,0.879,0.790,0.881,0.897,0.930,0.919]
Epoch [183] Training Results: Prec@1 73.953 Prec@5 92.583             Loss 0.98029
Epoch [183] Training Class Recall: [0.740,0.746,0.740,0.713,0.741,0.712,0.751,0.742,0.765,0.745]
Epoch [183] Testing Results: Prec@1 85.790 Prec@5 98.590             Loss 0.59731
Epoch [183] Testing Class Recall: [0.833,0.937,0.812,0.735,0.870,0.781,0.885,0.886,0.935,0.905]
Epoch [184] Training Results: Prec@1 73.892 Prec@5 92.556             Loss 0.98041
Epoch [184] Training Class Recall: [0.745,0.746,0.740,0.708,0.739,0.706,0.752,0.739,0.765,0.750]
Epoch [184] Testing Results: Prec@1 85.760 Prec@5 98.540             Loss 0.59272
Epoch [184] Testing Class Recall: [0.853,0.933,0.787,0.711,0.883,0.790,0.883,0.892,0.927,0.917]
Epoch [185] Training Results: Prec@1 73.858 Prec@5 92.608             Loss 0.97951
Epoch [185] Training Class Recall: [0.749,0.747,0.739,0.704,0.733,0.712,0.750,0.742,0.766,0.745]
Epoch [185] Testing Results: Prec@1 85.860 Prec@5 98.520             Loss 0.59507
Epoch [185] Testing Class Recall: [0.845,0.933,0.811,0.707,0.883,0.783,0.888,0.884,0.933,0.919]
Epoch [186] Training Results: Prec@1 73.847 Prec@5 92.486             Loss 0.97997
Epoch [186] Training Class Recall: [0.748,0.747,0.739,0.707,0.735,0.706,0.747,0.744,0.768,0.743]
Epoch [186] Testing Results: Prec@1 85.720 Prec@5 98.580             Loss 0.59178
Epoch [186] Testing Class Recall: [0.848,0.932,0.806,0.716,0.866,0.787,0.881,0.880,0.933,0.923]
Epoch [187] Training Results: Prec@1 73.906 Prec@5 92.594             Loss 0.98012
Epoch [187] Training Class Recall: [0.747,0.745,0.738,0.702,0.741,0.715,0.749,0.742,0.768,0.745]
Epoch [187] Testing Results: Prec@1 85.720 Prec@5 98.520             Loss 0.58941
Epoch [187] Testing Class Recall: [0.855,0.933,0.809,0.707,0.867,0.788,0.879,0.885,0.931,0.918]
Epoch [188] Training Results: Prec@1 74.047 Prec@5 92.583             Loss 0.97958
Epoch [188] Training Class Recall: [0.744,0.748,0.742,0.707,0.742,0.711,0.751,0.746,0.769,0.746]
Epoch [188] Testing Results: Prec@1 85.870 Prec@5 98.550             Loss 0.59041
Epoch [188] Testing Class Recall: [0.846,0.927,0.805,0.729,0.882,0.779,0.879,0.887,0.930,0.923]
Epoch [189] Training Results: Prec@1 73.978 Prec@5 92.581             Loss 0.98028
Epoch [189] Training Class Recall: [0.746,0.746,0.738,0.707,0.739,0.711,0.752,0.743,0.768,0.747]
Epoch [189] Testing Results: Prec@1 86.000 Prec@5 98.500             Loss 0.59095
Epoch [189] Testing Class Recall: [0.851,0.930,0.810,0.722,0.894,0.768,0.892,0.887,0.930,0.916]
Epoch [190] Training Results: Prec@1 73.994 Prec@5 92.544             Loss 0.98208
Epoch [190] Training Class Recall: [0.745,0.744,0.742,0.711,0.740,0.706,0.750,0.749,0.766,0.746]
Epoch [190] Testing Results: Prec@1 85.740 Prec@5 98.450             Loss 0.60047
Epoch [190] Testing Class Recall: [0.837,0.930,0.811,0.707,0.878,0.779,0.887,0.892,0.932,0.921]
Epoch [191] Training Results: Prec@1 73.933 Prec@5 92.678             Loss 0.98172
Epoch [191] Training Class Recall: [0.748,0.739,0.742,0.707,0.740,0.710,0.752,0.745,0.767,0.743]
Epoch [191] Testing Results: Prec@1 85.850 Prec@5 98.530             Loss 0.59579
Epoch [191] Testing Class Recall: [0.846,0.943,0.801,0.727,0.872,0.771,0.887,0.894,0.933,0.911]
Epoch [192] Training Results: Prec@1 73.797 Prec@5 92.700             Loss 0.97982
Epoch [192] Training Class Recall: [0.754,0.743,0.739,0.701,0.738,0.705,0.750,0.744,0.765,0.742]
Epoch [192] Testing Results: Prec@1 85.670 Prec@5 98.540             Loss 0.59841
Epoch [192] Testing Class Recall: [0.849,0.927,0.802,0.718,0.868,0.787,0.881,0.886,0.936,0.913]
Epoch [193] Training Results: Prec@1 73.819 Prec@5 92.731             Loss 0.97956
Epoch [193] Training Class Recall: [0.748,0.743,0.737,0.706,0.736,0.713,0.751,0.742,0.765,0.741]
Epoch [193] Testing Results: Prec@1 85.820 Prec@5 98.540             Loss 0.59651
Epoch [193] Testing Class Recall: [0.838,0.927,0.818,0.711,0.874,0.785,0.892,0.884,0.931,0.922]
Epoch [194] Training Results: Prec@1 73.750 Prec@5 92.506             Loss 0.98162
Epoch [194] Training Class Recall: [0.745,0.744,0.734,0.712,0.736,0.704,0.748,0.737,0.768,0.747]
Epoch [194] Testing Results: Prec@1 85.830 Prec@5 98.600             Loss 0.59301
Epoch [194] Testing Class Recall: [0.841,0.930,0.808,0.731,0.882,0.776,0.884,0.888,0.930,0.913]
Epoch [195] Training Results: Prec@1 73.911 Prec@5 92.572             Loss 0.98060
Epoch [195] Training Class Recall: [0.750,0.744,0.737,0.712,0.738,0.705,0.752,0.741,0.765,0.747]
Epoch [195] Testing Results: Prec@1 85.760 Prec@5 98.640             Loss 0.58858
Epoch [195] Testing Class Recall: [0.852,0.936,0.805,0.744,0.879,0.773,0.874,0.878,0.921,0.914]
Epoch [196] Training Results: Prec@1 73.906 Prec@5 92.503             Loss 0.97877
Epoch [196] Training Class Recall: [0.748,0.747,0.741,0.707,0.736,0.706,0.750,0.741,0.765,0.750]
Epoch [196] Testing Results: Prec@1 85.880 Prec@5 98.520             Loss 0.58917
Epoch [196] Testing Class Recall: [0.863,0.930,0.808,0.714,0.878,0.776,0.881,0.886,0.931,0.921]
Epoch [197] Training Results: Prec@1 73.828 Prec@5 92.692             Loss 0.98187
Epoch [197] Training Class Recall: [0.749,0.742,0.739,0.703,0.740,0.705,0.752,0.742,0.767,0.743]
Epoch [197] Testing Results: Prec@1 85.850 Prec@5 98.550             Loss 0.60481
Epoch [197] Testing Class Recall: [0.847,0.941,0.794,0.724,0.871,0.783,0.888,0.890,0.927,0.920]
Epoch [198] Training Results: Prec@1 73.997 Prec@5 92.578             Loss 0.98061
Epoch [198] Training Class Recall: [0.748,0.741,0.738,0.716,0.738,0.713,0.750,0.741,0.769,0.747]
Epoch [198] Testing Results: Prec@1 85.880 Prec@5 98.560             Loss 0.59297
Epoch [198] Testing Class Recall: [0.856,0.931,0.815,0.716,0.874,0.780,0.887,0.887,0.927,0.915]
Epoch [199] Training Results: Prec@1 73.994 Prec@5 92.589             Loss 0.98000
Epoch [199] Training Class Recall: [0.751,0.744,0.738,0.710,0.738,0.714,0.750,0.744,0.765,0.745]
Epoch [199] Testing Results: Prec@1 85.700 Prec@5 98.520             Loss 0.59392
Epoch [199] Testing Class Recall: [0.848,0.930,0.813,0.720,0.866,0.785,0.879,0.880,0.923,0.926]
