Log file: cifar10_noisy_lava1.0_erm_exp1.0_seed42_20260428_130717.log
Run started: 2026-04-28 13:07:17.224092
Dataset: cifar10_noisy
Imbalance type: exp, factor: 1.0
Selection method: lava, ratio: 1.0
Strategy: ERM, epochs: 200
Seed: 42, rand_number: 0
Augmentation: weak
Noise ratio: 0.25
============================================================

=> Preparing logger and tensorboard writer !
----------------------------------------------------
Class ID   | Original   | Selected   | Keep %  
----------------------------------------------------
0          | 4000       | 4000       |   100.0%
1          | 4000       | 4000       |   100.0%
2          | 4000       | 4000       |   100.0%
3          | 4000       | 4000       |   100.0%
4          | 4000       | 4000       |   100.0%
5          | 4000       | 4000       |   100.0%
6          | 4000       | 4000       |   100.0%
7          | 4000       | 4000       |   100.0%
8          | 4000       | 4000       |   100.0%
9          | 4000       | 4000       |   100.0%
----------------------------------------------------
TOTAL      | 40000      | 40000      |   100.0%
----------------------------------------------------
Epoch [0] Training Results: Prec@1 24.910 Prec@5 73.265             Loss 2.11169
Epoch [0] Training Class Recall: [0.274,0.338,0.127,0.159,0.214,0.223,0.265,0.267,0.338,0.286]
Epoch [0] Testing Results: Prec@1 39.280 Prec@5 87.250             Loss 1.67256
Epoch [0] Testing Class Recall: [0.609,0.589,0.284,0.000,0.368,0.358,0.586,0.113,0.295,0.726]
Epoch [1] Training Results: Prec@1 32.580 Prec@5 78.452             Loss 1.96598
Epoch [1] Training Class Recall: [0.353,0.430,0.196,0.196,0.214,0.279,0.403,0.379,0.419,0.389]
Epoch [1] Testing Results: Prec@1 42.960 Prec@5 91.650             Loss 1.57701
Epoch [1] Testing Class Recall: [0.813,0.294,0.303,0.637,0.051,0.256,0.497,0.538,0.282,0.625]
Epoch [2] Training Results: Prec@1 39.670 Prec@5 81.075             Loss 1.83662
Epoch [2] Training Class Recall: [0.415,0.494,0.288,0.210,0.298,0.342,0.512,0.435,0.504,0.470]
Epoch [2] Testing Results: Prec@1 55.480 Prec@5 93.570             Loss 1.36022
Epoch [2] Testing Class Recall: [0.493,0.610,0.331,0.336,0.661,0.261,0.810,0.495,0.798,0.753]
Epoch [3] Training Results: Prec@1 44.915 Prec@5 82.400             Loss 1.74208
Epoch [3] Training Class Recall: [0.468,0.569,0.351,0.266,0.354,0.376,0.527,0.476,0.560,0.545]
Epoch [3] Testing Results: Prec@1 51.870 Prec@5 93.350             Loss 1.37609
Epoch [3] Testing Class Recall: [0.852,0.923,0.591,0.148,0.214,0.732,0.673,0.282,0.344,0.428]
Epoch [4] Training Results: Prec@1 47.923 Prec@5 83.030             Loss 1.68615
Epoch [4] Training Class Recall: [0.503,0.604,0.368,0.294,0.409,0.403,0.545,0.497,0.592,0.577]
Epoch [4] Testing Results: Prec@1 56.910 Prec@5 94.470             Loss 1.30303
Epoch [4] Testing Class Recall: [0.432,0.878,0.172,0.019,0.344,0.917,0.791,0.506,0.772,0.860]
Epoch [5] Training Results: Prec@1 50.930 Prec@5 83.952             Loss 1.62464
Epoch [5] Training Class Recall: [0.529,0.632,0.405,0.331,0.447,0.429,0.567,0.535,0.611,0.607]
Epoch [5] Testing Results: Prec@1 67.170 Prec@5 96.370             Loss 1.08757
Epoch [5] Testing Class Recall: [0.758,0.911,0.490,0.515,0.469,0.602,0.906,0.629,0.760,0.677]
Epoch [6] Training Results: Prec@1 53.745 Prec@5 84.408             Loss 1.57367
Epoch [6] Training Class Recall: [0.556,0.653,0.428,0.404,0.477,0.460,0.580,0.566,0.632,0.619]
Epoch [6] Testing Results: Prec@1 69.150 Prec@5 97.470             Loss 1.03067
Epoch [6] Testing Class Recall: [0.743,0.687,0.616,0.526,0.826,0.520,0.723,0.599,0.901,0.774]
Epoch [7] Training Results: Prec@1 55.275 Prec@5 84.777             Loss 1.53922
Epoch [7] Training Class Recall: [0.574,0.649,0.453,0.422,0.512,0.463,0.590,0.583,0.649,0.632]
Epoch [7] Testing Results: Prec@1 69.020 Prec@5 97.270             Loss 1.00353
Epoch [7] Testing Class Recall: [0.735,0.800,0.597,0.191,0.646,0.702,0.903,0.732,0.902,0.694]
Epoch [8] Training Results: Prec@1 56.467 Prec@5 85.045             Loss 1.51340
Epoch [8] Training Class Recall: [0.573,0.660,0.475,0.437,0.523,0.483,0.607,0.597,0.650,0.641]
Epoch [8] Testing Results: Prec@1 73.550 Prec@5 97.250             Loss 0.92178
Epoch [8] Testing Class Recall: [0.891,0.800,0.497,0.450,0.729,0.706,0.800,0.816,0.821,0.845]
Epoch [9] Training Results: Prec@1 57.382 Prec@5 85.150             Loss 1.49339
Epoch [9] Training Class Recall: [0.593,0.661,0.493,0.441,0.530,0.501,0.611,0.606,0.659,0.643]
Epoch [9] Testing Results: Prec@1 68.590 Prec@5 95.910             Loss 1.03902
Epoch [9] Testing Class Recall: [0.926,0.962,0.265,0.393,0.706,0.506,0.809,0.758,0.825,0.709]
Epoch [10] Training Results: Prec@1 58.017 Prec@5 85.220             Loss 1.48084
Epoch [10] Training Class Recall: [0.591,0.662,0.491,0.467,0.551,0.502,0.616,0.609,0.664,0.649]
Epoch [10] Testing Results: Prec@1 70.950 Prec@5 97.020             Loss 0.98976
Epoch [10] Testing Class Recall: [0.726,0.899,0.496,0.739,0.593,0.730,0.797,0.513,0.697,0.905]
Epoch [11] Training Results: Prec@1 58.635 Prec@5 85.442             Loss 1.46410
Epoch [11] Training Class Recall: [0.607,0.664,0.514,0.471,0.550,0.506,0.624,0.617,0.662,0.647]
Epoch [11] Testing Results: Prec@1 63.780 Prec@5 95.220             Loss 1.14303
Epoch [11] Testing Class Recall: [0.703,0.783,0.784,0.634,0.435,0.335,0.858,0.438,0.969,0.439]
Epoch [12] Training Results: Prec@1 59.188 Prec@5 85.520             Loss 1.45107
Epoch [12] Training Class Recall: [0.612,0.683,0.523,0.474,0.560,0.509,0.618,0.621,0.670,0.649]
Epoch [12] Testing Results: Prec@1 71.070 Prec@5 97.330             Loss 0.98473
Epoch [12] Testing Class Recall: [0.859,0.808,0.464,0.689,0.515,0.799,0.683,0.663,0.875,0.752]
Epoch [13] Training Results: Prec@1 59.817 Prec@5 85.600             Loss 1.44065
Epoch [13] Training Class Recall: [0.609,0.679,0.536,0.489,0.569,0.521,0.629,0.628,0.670,0.652]
Epoch [13] Testing Results: Prec@1 75.980 Prec@5 98.180             Loss 0.86988
Epoch [13] Testing Class Recall: [0.749,0.779,0.513,0.633,0.673,0.783,0.889,0.809,0.908,0.862]
Epoch [14] Training Results: Prec@1 60.197 Prec@5 85.680             Loss 1.43293
Epoch [14] Training Class Recall: [0.613,0.676,0.548,0.489,0.580,0.521,0.637,0.629,0.675,0.650]
Epoch [14] Testing Results: Prec@1 74.320 Prec@5 97.600             Loss 0.92063
Epoch [14] Testing Class Recall: [0.877,0.921,0.403,0.677,0.726,0.802,0.640,0.715,0.788,0.883]
Epoch [15] Training Results: Prec@1 60.605 Prec@5 86.057             Loss 1.42049
Epoch [15] Training Class Recall: [0.621,0.678,0.548,0.500,0.575,0.529,0.638,0.629,0.678,0.663]
Epoch [15] Testing Results: Prec@1 74.980 Prec@5 97.680             Loss 0.88106
Epoch [15] Testing Class Recall: [0.865,0.942,0.531,0.737,0.742,0.722,0.595,0.737,0.900,0.727]
Epoch [16] Training Results: Prec@1 61.042 Prec@5 85.980             Loss 1.41644
Epoch [16] Training Class Recall: [0.624,0.684,0.555,0.502,0.585,0.528,0.641,0.637,0.682,0.665]
Epoch [16] Testing Results: Prec@1 75.910 Prec@5 98.010             Loss 0.85806
Epoch [16] Testing Class Recall: [0.890,0.741,0.499,0.670,0.770,0.772,0.701,0.788,0.816,0.944]
Epoch [17] Training Results: Prec@1 61.357 Prec@5 86.095             Loss 1.40522
Epoch [17] Training Class Recall: [0.627,0.680,0.561,0.509,0.593,0.535,0.647,0.634,0.684,0.665]
Epoch [17] Testing Results: Prec@1 74.950 Prec@5 98.250             Loss 0.87240
Epoch [17] Testing Class Recall: [0.610,0.948,0.786,0.684,0.535,0.656,0.895,0.705,0.927,0.749]
Epoch [18] Training Results: Prec@1 61.407 Prec@5 86.097             Loss 1.40400
Epoch [18] Training Class Recall: [0.626,0.686,0.556,0.511,0.593,0.535,0.642,0.640,0.680,0.671]
Epoch [18] Testing Results: Prec@1 75.300 Prec@5 97.720             Loss 0.88382
Epoch [18] Testing Class Recall: [0.686,0.950,0.670,0.677,0.752,0.812,0.688,0.676,0.816,0.803]
Epoch [19] Training Results: Prec@1 61.645 Prec@5 86.062             Loss 1.39755
Epoch [19] Training Class Recall: [0.630,0.684,0.561,0.517,0.597,0.535,0.645,0.647,0.682,0.665]
Epoch [19] Testing Results: Prec@1 75.740 Prec@5 96.870             Loss 0.85384
Epoch [19] Testing Class Recall: [0.798,0.962,0.483,0.599,0.658,0.713,0.904,0.674,0.905,0.878]
Epoch [20] Training Results: Prec@1 62.015 Prec@5 86.090             Loss 1.38845
Epoch [20] Training Class Recall: [0.636,0.685,0.567,0.516,0.603,0.540,0.649,0.650,0.688,0.668]
Epoch [20] Testing Results: Prec@1 76.530 Prec@5 97.770             Loss 0.84165
Epoch [20] Testing Class Recall: [0.779,0.618,0.672,0.659,0.820,0.696,0.815,0.755,0.878,0.961]
Epoch [21] Training Results: Prec@1 61.977 Prec@5 86.185             Loss 1.39006
Epoch [21] Training Class Recall: [0.633,0.679,0.567,0.518,0.606,0.548,0.642,0.652,0.686,0.665]
Epoch [21] Testing Results: Prec@1 78.430 Prec@5 98.110             Loss 0.79125
Epoch [21] Testing Class Recall: [0.784,0.930,0.737,0.411,0.774,0.881,0.841,0.862,0.854,0.769]
Epoch [22] Training Results: Prec@1 62.368 Prec@5 86.280             Loss 1.37881
Epoch [22] Training Class Recall: [0.629,0.690,0.580,0.521,0.615,0.546,0.655,0.648,0.682,0.671]
Epoch [22] Testing Results: Prec@1 73.920 Prec@5 96.840             Loss 0.91317
Epoch [22] Testing Class Recall: [0.758,0.778,0.627,0.286,0.767,0.748,0.861,0.951,0.669,0.947]
Epoch [23] Training Results: Prec@1 62.480 Prec@5 86.257             Loss 1.37827
Epoch [23] Training Class Recall: [0.635,0.686,0.578,0.530,0.610,0.543,0.651,0.654,0.690,0.671]
Epoch [23] Testing Results: Prec@1 78.780 Prec@5 98.160             Loss 0.82323
Epoch [23] Testing Class Recall: [0.871,0.910,0.729,0.595,0.595,0.781,0.874,0.752,0.895,0.876]
Epoch [24] Training Results: Prec@1 62.717 Prec@5 86.325             Loss 1.37176
Epoch [24] Training Class Recall: [0.639,0.686,0.583,0.533,0.614,0.547,0.648,0.652,0.694,0.675]
Epoch [24] Testing Results: Prec@1 78.120 Prec@5 98.080             Loss 0.83109
Epoch [24] Testing Class Recall: [0.833,0.877,0.808,0.693,0.685,0.705,0.783,0.632,0.872,0.924]
Epoch [25] Training Results: Prec@1 62.707 Prec@5 86.392             Loss 1.37242
Epoch [25] Training Class Recall: [0.635,0.690,0.581,0.532,0.608,0.559,0.656,0.652,0.686,0.672]
Epoch [25] Testing Results: Prec@1 75.780 Prec@5 97.290             Loss 0.88110
Epoch [25] Testing Class Recall: [0.731,0.780,0.636,0.401,0.784,0.863,0.635,0.889,0.889,0.970]
Epoch [26] Training Results: Prec@1 62.892 Prec@5 86.490             Loss 1.36330
Epoch [26] Training Class Recall: [0.643,0.685,0.586,0.530,0.612,0.556,0.659,0.649,0.690,0.677]
Epoch [26] Testing Results: Prec@1 78.870 Prec@5 98.340             Loss 0.77896
Epoch [26] Testing Class Recall: [0.727,0.884,0.709,0.634,0.800,0.689,0.957,0.718,0.933,0.836]
Epoch [27] Training Results: Prec@1 63.147 Prec@5 86.445             Loss 1.35914
Epoch [27] Training Class Recall: [0.645,0.686,0.592,0.539,0.613,0.564,0.656,0.653,0.686,0.680]
Epoch [27] Testing Results: Prec@1 80.980 Prec@5 98.650             Loss 0.74163
Epoch [27] Testing Class Recall: [0.870,0.929,0.612,0.774,0.886,0.702,0.782,0.848,0.818,0.877]
Epoch [28] Training Results: Prec@1 63.427 Prec@5 86.702             Loss 1.35510
Epoch [28] Training Class Recall: [0.640,0.692,0.596,0.537,0.627,0.569,0.653,0.659,0.693,0.677]
Epoch [28] Testing Results: Prec@1 76.570 Prec@5 98.290             Loss 0.80549
Epoch [28] Testing Class Recall: [0.832,0.810,0.722,0.583,0.944,0.550,0.745,0.793,0.797,0.881]
Epoch [29] Training Results: Prec@1 63.530 Prec@5 86.457             Loss 1.35208
Epoch [29] Training Class Recall: [0.639,0.693,0.587,0.542,0.630,0.561,0.659,0.661,0.700,0.681]
Epoch [29] Testing Results: Prec@1 73.960 Prec@5 97.450             Loss 0.91456
Epoch [29] Testing Class Recall: [0.813,0.954,0.807,0.782,0.543,0.658,0.839,0.470,0.834,0.696]
Epoch [30] Training Results: Prec@1 63.672 Prec@5 86.835             Loss 1.34926
Epoch [30] Training Class Recall: [0.646,0.695,0.597,0.540,0.623,0.569,0.664,0.654,0.696,0.682]
Epoch [30] Testing Results: Prec@1 75.140 Prec@5 98.150             Loss 0.87042
Epoch [30] Testing Class Recall: [0.517,0.869,0.611,0.706,0.843,0.591,0.855,0.713,0.983,0.826]
Epoch [31] Training Results: Prec@1 63.790 Prec@5 86.552             Loss 1.34800
Epoch [31] Training Class Recall: [0.644,0.692,0.600,0.555,0.628,0.567,0.659,0.661,0.692,0.681]
Epoch [31] Testing Results: Prec@1 73.160 Prec@5 95.310             Loss 0.99210
Epoch [31] Testing Class Recall: [0.919,0.909,0.756,0.292,0.588,0.623,0.816,0.631,0.922,0.860]
Epoch [32] Training Results: Prec@1 63.872 Prec@5 86.850             Loss 1.34518
Epoch [32] Training Class Recall: [0.648,0.692,0.597,0.548,0.625,0.576,0.661,0.662,0.697,0.681]
Epoch [32] Testing Results: Prec@1 77.050 Prec@5 96.720             Loss 0.87039
Epoch [32] Testing Class Recall: [0.749,0.931,0.634,0.636,0.721,0.504,0.959,0.741,0.954,0.876]
Epoch [33] Training Results: Prec@1 64.210 Prec@5 86.880             Loss 1.34027
Epoch [33] Training Class Recall: [0.649,0.694,0.602,0.555,0.634,0.578,0.660,0.665,0.700,0.684]
Epoch [33] Testing Results: Prec@1 78.420 Prec@5 97.520             Loss 0.81163
Epoch [33] Testing Class Recall: [0.777,0.947,0.784,0.441,0.836,0.770,0.753,0.855,0.937,0.742]
Epoch [34] Training Results: Prec@1 64.160 Prec@5 86.670             Loss 1.33635
Epoch [34] Training Class Recall: [0.645,0.699,0.611,0.550,0.628,0.574,0.667,0.656,0.702,0.684]
Epoch [34] Testing Results: Prec@1 76.240 Prec@5 97.920             Loss 0.83081
Epoch [34] Testing Class Recall: [0.901,0.871,0.802,0.481,0.548,0.675,0.819,0.823,0.774,0.930]
Epoch [35] Training Results: Prec@1 64.192 Prec@5 86.680             Loss 1.33794
Epoch [35] Training Class Recall: [0.649,0.698,0.602,0.557,0.632,0.578,0.665,0.663,0.694,0.680]
Epoch [35] Testing Results: Prec@1 77.090 Prec@5 97.690             Loss 0.87705
Epoch [35] Testing Class Recall: [0.913,0.900,0.845,0.489,0.742,0.535,0.886,0.826,0.838,0.735]
Epoch [36] Training Results: Prec@1 64.158 Prec@5 86.740             Loss 1.33786
Epoch [36] Training Class Recall: [0.656,0.695,0.599,0.557,0.627,0.576,0.659,0.662,0.697,0.686]
Epoch [36] Testing Results: Prec@1 75.480 Prec@5 97.460             Loss 0.92523
Epoch [36] Testing Class Recall: [0.846,0.857,0.580,0.558,0.876,0.739,0.696,0.882,0.933,0.581]
Epoch [37] Training Results: Prec@1 64.315 Prec@5 86.932             Loss 1.32875
Epoch [37] Training Class Recall: [0.649,0.702,0.605,0.559,0.633,0.576,0.665,0.663,0.697,0.683]
Epoch [37] Testing Results: Prec@1 75.520 Prec@5 96.780             Loss 0.90611
Epoch [37] Testing Class Recall: [0.921,0.817,0.643,0.423,0.647,0.636,0.923,0.808,0.881,0.853]
Epoch [38] Training Results: Prec@1 64.527 Prec@5 87.127             Loss 1.32792
Epoch [38] Training Class Recall: [0.651,0.695,0.611,0.564,0.640,0.577,0.674,0.662,0.694,0.684]
Epoch [38] Testing Results: Prec@1 73.070 Prec@5 96.570             Loss 0.97122
Epoch [38] Testing Class Recall: [0.480,0.976,0.859,0.520,0.776,0.616,0.750,0.579,0.973,0.778]
Epoch [39] Training Results: Prec@1 64.355 Prec@5 86.915             Loss 1.32763
Epoch [39] Training Class Recall: [0.654,0.690,0.605,0.559,0.629,0.581,0.665,0.663,0.700,0.689]
Epoch [39] Testing Results: Prec@1 77.910 Prec@5 97.820             Loss 0.81142
Epoch [39] Testing Class Recall: [0.828,0.947,0.658,0.646,0.651,0.852,0.657,0.737,0.946,0.869]
Epoch [40] Training Results: Prec@1 64.667 Prec@5 86.895             Loss 1.32055
Epoch [40] Training Class Recall: [0.658,0.699,0.609,0.563,0.638,0.573,0.664,0.672,0.699,0.691]
Epoch [40] Testing Results: Prec@1 81.680 Prec@5 98.430             Loss 0.71626
Epoch [40] Testing Class Recall: [0.873,0.899,0.670,0.746,0.904,0.669,0.807,0.809,0.916,0.875]
Epoch [41] Training Results: Prec@1 64.710 Prec@5 87.050             Loss 1.32382
Epoch [41] Training Class Recall: [0.658,0.696,0.610,0.559,0.643,0.571,0.671,0.677,0.698,0.687]
Epoch [41] Testing Results: Prec@1 78.950 Prec@5 98.130             Loss 0.78566
Epoch [41] Testing Class Recall: [0.729,0.801,0.707,0.520,0.786,0.774,0.907,0.964,0.807,0.900]
Epoch [42] Training Results: Prec@1 64.802 Prec@5 87.067             Loss 1.31868
Epoch [42] Training Class Recall: [0.659,0.692,0.617,0.567,0.635,0.577,0.674,0.668,0.705,0.687]
Epoch [42] Testing Results: Prec@1 78.550 Prec@5 97.910             Loss 0.84345
Epoch [42] Testing Class Recall: [0.897,0.948,0.749,0.604,0.832,0.744,0.687,0.701,0.883,0.810]
Epoch [43] Training Results: Prec@1 64.682 Prec@5 87.200             Loss 1.31939
Epoch [43] Training Class Recall: [0.657,0.699,0.601,0.569,0.641,0.582,0.670,0.663,0.701,0.685]
Epoch [43] Testing Results: Prec@1 77.070 Prec@5 97.520             Loss 0.81683
Epoch [43] Testing Class Recall: [0.805,0.964,0.880,0.504,0.594,0.583,0.865,0.869,0.850,0.793]
Epoch [44] Training Results: Prec@1 64.677 Prec@5 87.260             Loss 1.31982
Epoch [44] Training Class Recall: [0.654,0.694,0.615,0.564,0.638,0.580,0.671,0.668,0.697,0.685]
Epoch [44] Testing Results: Prec@1 77.670 Prec@5 97.810             Loss 0.83651
Epoch [44] Testing Class Recall: [0.880,0.954,0.710,0.485,0.829,0.863,0.637,0.906,0.709,0.794]
Epoch [45] Training Results: Prec@1 64.772 Prec@5 87.090             Loss 1.32024
Epoch [45] Training Class Recall: [0.663,0.692,0.615,0.566,0.647,0.580,0.663,0.670,0.700,0.681]
Epoch [45] Testing Results: Prec@1 79.220 Prec@5 97.650             Loss 0.75892
Epoch [45] Testing Class Recall: [0.967,0.910,0.714,0.441,0.786,0.787,0.885,0.747,0.808,0.877]
Epoch [46] Training Results: Prec@1 64.745 Prec@5 87.080             Loss 1.31539
Epoch [46] Training Class Recall: [0.654,0.698,0.611,0.566,0.643,0.578,0.669,0.666,0.703,0.688]
Epoch [46] Testing Results: Prec@1 79.640 Prec@5 97.390             Loss 0.77255
Epoch [46] Testing Class Recall: [0.870,0.918,0.697,0.714,0.874,0.790,0.695,0.890,0.802,0.714]
Epoch [47] Training Results: Prec@1 65.088 Prec@5 87.225             Loss 1.31063
Epoch [47] Training Class Recall: [0.659,0.701,0.623,0.567,0.644,0.588,0.668,0.667,0.703,0.690]
Epoch [47] Testing Results: Prec@1 79.970 Prec@5 98.260             Loss 0.76551
Epoch [47] Testing Class Recall: [0.937,0.807,0.709,0.615,0.746,0.759,0.842,0.846,0.860,0.876]
Epoch [48] Training Results: Prec@1 65.207 Prec@5 87.327             Loss 1.30704
Epoch [48] Training Class Recall: [0.661,0.697,0.619,0.578,0.638,0.592,0.671,0.674,0.706,0.684]
Epoch [48] Testing Results: Prec@1 75.790 Prec@5 96.580             Loss 0.88607
Epoch [48] Testing Class Recall: [0.700,0.973,0.745,0.485,0.848,0.377,0.950,0.723,0.931,0.847]
Epoch [49] Training Results: Prec@1 65.085 Prec@5 87.202             Loss 1.30814
Epoch [49] Training Class Recall: [0.656,0.703,0.615,0.575,0.646,0.583,0.666,0.674,0.706,0.685]
Epoch [49] Testing Results: Prec@1 78.410 Prec@5 97.860             Loss 0.79528
Epoch [49] Testing Class Recall: [0.815,0.939,0.895,0.656,0.661,0.539,0.817,0.714,0.956,0.849]
Epoch [50] Training Results: Prec@1 65.542 Prec@5 87.252             Loss 1.30321
Epoch [50] Training Class Recall: [0.663,0.698,0.632,0.575,0.641,0.591,0.676,0.679,0.705,0.694]
Epoch [50] Testing Results: Prec@1 82.850 Prec@5 98.610             Loss 0.67821
Epoch [50] Testing Class Recall: [0.857,0.885,0.757,0.650,0.785,0.775,0.917,0.875,0.860,0.924]
Epoch [51] Training Results: Prec@1 65.130 Prec@5 87.368             Loss 1.30650
Epoch [51] Training Class Recall: [0.667,0.705,0.619,0.569,0.639,0.585,0.666,0.674,0.697,0.692]
Epoch [51] Testing Results: Prec@1 81.060 Prec@5 97.890             Loss 0.71703
Epoch [51] Testing Class Recall: [0.731,0.898,0.715,0.514,0.827,0.787,0.908,0.847,0.930,0.949]
Epoch [52] Training Results: Prec@1 65.377 Prec@5 87.252             Loss 1.30066
Epoch [52] Training Class Recall: [0.665,0.700,0.613,0.578,0.652,0.588,0.668,0.673,0.704,0.697]
Epoch [52] Testing Results: Prec@1 81.090 Prec@5 98.260             Loss 0.72960
Epoch [52] Testing Class Recall: [0.774,0.906,0.658,0.790,0.829,0.771,0.838,0.761,0.901,0.881]
Epoch [53] Training Results: Prec@1 65.143 Prec@5 87.345             Loss 1.30373
Epoch [53] Training Class Recall: [0.663,0.695,0.616,0.569,0.646,0.593,0.673,0.669,0.700,0.690]
Epoch [53] Testing Results: Prec@1 78.530 Prec@5 97.270             Loss 0.85205
Epoch [53] Testing Class Recall: [0.694,0.935,0.666,0.630,0.725,0.738,0.947,0.701,0.906,0.911]
Epoch [54] Training Results: Prec@1 65.625 Prec@5 87.410             Loss 1.29615
Epoch [54] Training Class Recall: [0.661,0.702,0.621,0.578,0.653,0.597,0.676,0.676,0.706,0.692]
Epoch [54] Testing Results: Prec@1 80.100 Prec@5 98.150             Loss 0.74406
Epoch [54] Testing Class Recall: [0.805,0.751,0.683,0.704,0.789,0.696,0.880,0.913,0.955,0.834]
Epoch [55] Training Results: Prec@1 65.597 Prec@5 87.105             Loss 1.29600
Epoch [55] Training Class Recall: [0.666,0.702,0.627,0.574,0.648,0.600,0.674,0.675,0.706,0.687]
Epoch [55] Testing Results: Prec@1 76.910 Prec@5 96.310             Loss 0.90301
Epoch [55] Testing Class Recall: [0.769,0.849,0.810,0.398,0.846,0.505,0.849,0.790,0.912,0.963]
Epoch [56] Training Results: Prec@1 65.478 Prec@5 87.397             Loss 1.30157
Epoch [56] Training Class Recall: [0.668,0.699,0.623,0.572,0.644,0.590,0.672,0.677,0.708,0.694]
Epoch [56] Testing Results: Prec@1 76.040 Prec@5 97.860             Loss 0.83659
Epoch [56] Testing Class Recall: [0.753,0.924,0.768,0.754,0.644,0.783,0.700,0.641,0.771,0.866]
Epoch [57] Training Results: Prec@1 65.603 Prec@5 87.582             Loss 1.29411
Epoch [57] Training Class Recall: [0.660,0.699,0.626,0.584,0.646,0.591,0.680,0.674,0.709,0.690]
Epoch [57] Testing Results: Prec@1 79.450 Prec@5 97.840             Loss 0.81411
Epoch [57] Testing Class Recall: [0.775,0.897,0.806,0.811,0.786,0.745,0.685,0.700,0.941,0.799]
Epoch [58] Training Results: Prec@1 65.502 Prec@5 87.470             Loss 1.29739
Epoch [58] Training Class Recall: [0.665,0.701,0.615,0.583,0.648,0.593,0.677,0.672,0.703,0.694]
Epoch [58] Testing Results: Prec@1 79.900 Prec@5 98.090             Loss 0.72935
Epoch [58] Testing Class Recall: [0.796,0.721,0.793,0.617,0.881,0.549,0.898,0.900,0.921,0.914]
Epoch [59] Training Results: Prec@1 65.590 Prec@5 87.482             Loss 1.29398
Epoch [59] Training Class Recall: [0.663,0.699,0.633,0.578,0.647,0.593,0.671,0.681,0.708,0.686]
Epoch [59] Testing Results: Prec@1 78.000 Prec@5 97.180             Loss 0.83249
Epoch [59] Testing Class Recall: [0.911,0.821,0.735,0.592,0.756,0.591,0.720,0.859,0.897,0.918]
Epoch [60] Training Results: Prec@1 65.755 Prec@5 87.552             Loss 1.29362
Epoch [60] Training Class Recall: [0.662,0.705,0.625,0.579,0.655,0.595,0.684,0.675,0.700,0.696]
Epoch [60] Testing Results: Prec@1 82.000 Prec@5 98.180             Loss 0.73167
Epoch [60] Testing Class Recall: [0.913,0.918,0.783,0.729,0.854,0.711,0.706,0.843,0.865,0.878]
Epoch [61] Training Results: Prec@1 65.595 Prec@5 87.660             Loss 1.29276
Epoch [61] Training Class Recall: [0.658,0.704,0.627,0.580,0.652,0.599,0.668,0.677,0.703,0.692]
Epoch [61] Testing Results: Prec@1 78.470 Prec@5 98.380             Loss 0.78541
Epoch [61] Testing Class Recall: [0.674,0.930,0.654,0.878,0.759,0.613,0.819,0.723,0.918,0.879]
Epoch [62] Training Results: Prec@1 65.802 Prec@5 87.465             Loss 1.29280
Epoch [62] Training Class Recall: [0.672,0.699,0.626,0.588,0.651,0.599,0.677,0.673,0.700,0.694]
Epoch [62] Testing Results: Prec@1 79.960 Prec@5 98.300             Loss 0.75879
Epoch [62] Testing Class Recall: [0.675,0.877,0.696,0.655,0.779,0.681,0.849,0.924,0.975,0.885]
Epoch [63] Training Results: Prec@1 65.823 Prec@5 87.677             Loss 1.28797
Epoch [63] Training Class Recall: [0.667,0.697,0.621,0.592,0.647,0.601,0.678,0.681,0.707,0.691]
Epoch [63] Testing Results: Prec@1 82.230 Prec@5 98.190             Loss 0.67994
Epoch [63] Testing Class Recall: [0.804,0.882,0.718,0.706,0.859,0.778,0.868,0.858,0.804,0.946]
Epoch [64] Training Results: Prec@1 65.917 Prec@5 87.732             Loss 1.28604
Epoch [64] Training Class Recall: [0.660,0.706,0.626,0.585,0.651,0.608,0.677,0.676,0.705,0.697]
Epoch [64] Testing Results: Prec@1 80.300 Prec@5 97.730             Loss 0.77130
Epoch [64] Testing Class Recall: [0.607,0.908,0.668,0.747,0.844,0.722,0.943,0.810,0.923,0.858]
Epoch [65] Training Results: Prec@1 65.707 Prec@5 87.487             Loss 1.28953
Epoch [65] Training Class Recall: [0.662,0.705,0.630,0.584,0.647,0.591,0.676,0.677,0.706,0.693]
Epoch [65] Testing Results: Prec@1 76.330 Prec@5 97.580             Loss 0.85732
Epoch [65] Testing Class Recall: [0.778,0.989,0.871,0.604,0.574,0.509,0.898,0.815,0.860,0.735]
Epoch [66] Training Results: Prec@1 65.910 Prec@5 87.517             Loss 1.28817
Epoch [66] Training Class Recall: [0.676,0.705,0.626,0.576,0.649,0.607,0.681,0.677,0.705,0.690]
Epoch [66] Testing Results: Prec@1 80.660 Prec@5 98.020             Loss 0.77000
Epoch [66] Testing Class Recall: [0.737,0.750,0.711,0.651,0.869,0.764,0.788,0.902,0.926,0.968]
Epoch [67] Training Results: Prec@1 65.875 Prec@5 87.792             Loss 1.28214
Epoch [67] Training Class Recall: [0.661,0.701,0.635,0.584,0.648,0.602,0.678,0.674,0.708,0.696]
Epoch [67] Testing Results: Prec@1 72.710 Prec@5 97.280             Loss 0.89373
Epoch [67] Testing Class Recall: [0.746,0.935,0.703,0.934,0.301,0.288,0.778,0.872,0.846,0.868]
Epoch [68] Training Results: Prec@1 66.127 Prec@5 87.872             Loss 1.28164
Epoch [68] Training Class Recall: [0.669,0.704,0.636,0.589,0.642,0.605,0.678,0.683,0.706,0.701]
Epoch [68] Testing Results: Prec@1 81.730 Prec@5 98.450             Loss 0.66958
Epoch [68] Testing Class Recall: [0.844,0.920,0.686,0.588,0.709,0.795,0.927,0.894,0.902,0.908]
Epoch [69] Training Results: Prec@1 65.890 Prec@5 87.650             Loss 1.28356
Epoch [69] Training Class Recall: [0.666,0.697,0.626,0.584,0.656,0.604,0.683,0.677,0.702,0.693]
Epoch [69] Testing Results: Prec@1 74.340 Prec@5 95.990             Loss 0.91555
Epoch [69] Testing Class Recall: [0.703,0.929,0.869,0.705,0.486,0.596,0.657,0.687,0.960,0.842]
Epoch [70] Training Results: Prec@1 66.035 Prec@5 87.567             Loss 1.28189
Epoch [70] Training Class Recall: [0.671,0.705,0.634,0.580,0.656,0.598,0.684,0.677,0.704,0.694]
Epoch [70] Testing Results: Prec@1 75.680 Prec@5 97.740             Loss 0.81715
Epoch [70] Testing Class Recall: [0.721,0.926,0.840,0.528,0.632,0.926,0.671,0.654,0.818,0.852]
Epoch [71] Training Results: Prec@1 65.940 Prec@5 87.732             Loss 1.27982
Epoch [71] Training Class Recall: [0.668,0.703,0.634,0.586,0.652,0.607,0.673,0.675,0.703,0.694]
Epoch [71] Testing Results: Prec@1 80.830 Prec@5 98.490             Loss 0.73459
Epoch [71] Testing Class Recall: [0.882,0.899,0.784,0.693,0.849,0.598,0.901,0.778,0.881,0.818]
Epoch [72] Training Results: Prec@1 66.320 Prec@5 87.770             Loss 1.27702
Epoch [72] Training Class Recall: [0.673,0.705,0.632,0.591,0.652,0.606,0.679,0.690,0.709,0.694]
Epoch [72] Testing Results: Prec@1 79.690 Prec@5 97.670             Loss 0.74936
Epoch [72] Testing Class Recall: [0.922,0.912,0.626,0.574,0.903,0.554,0.888,0.864,0.839,0.887]
Epoch [73] Training Results: Prec@1 66.118 Prec@5 87.697             Loss 1.27786
Epoch [73] Training Class Recall: [0.673,0.705,0.624,0.592,0.655,0.598,0.676,0.677,0.711,0.701]
Epoch [73] Testing Results: Prec@1 78.950 Prec@5 97.870             Loss 0.77649
Epoch [73] Testing Class Recall: [0.866,0.965,0.735,0.621,0.655,0.769,0.933,0.889,0.907,0.555]
Epoch [74] Training Results: Prec@1 66.207 Prec@5 87.822             Loss 1.27807
Epoch [74] Training Class Recall: [0.674,0.703,0.634,0.586,0.655,0.607,0.689,0.682,0.706,0.685]
Epoch [74] Testing Results: Prec@1 73.860 Prec@5 96.980             Loss 0.92132
Epoch [74] Testing Class Recall: [0.754,0.818,0.931,0.296,0.723,0.532,0.761,0.904,0.821,0.846]
Epoch [75] Training Results: Prec@1 66.150 Prec@5 87.798             Loss 1.27634
Epoch [75] Training Class Recall: [0.668,0.707,0.631,0.590,0.652,0.606,0.674,0.679,0.707,0.701]
Epoch [75] Testing Results: Prec@1 82.880 Prec@5 98.270             Loss 0.72795
Epoch [75] Testing Class Recall: [0.943,0.884,0.747,0.670,0.770,0.682,0.915,0.882,0.895,0.900]
Epoch [76] Training Results: Prec@1 66.335 Prec@5 87.875             Loss 1.27388
Epoch [76] Training Class Recall: [0.667,0.711,0.631,0.597,0.661,0.611,0.677,0.684,0.707,0.687]
Epoch [76] Testing Results: Prec@1 79.170 Prec@5 97.720             Loss 0.82811
Epoch [76] Testing Class Recall: [0.830,0.869,0.633,0.476,0.798,0.797,0.822,0.836,0.963,0.893]
Epoch [77] Training Results: Prec@1 66.177 Prec@5 87.932             Loss 1.27830
Epoch [77] Training Class Recall: [0.669,0.700,0.634,0.586,0.660,0.603,0.677,0.681,0.708,0.700]
Epoch [77] Testing Results: Prec@1 73.810 Prec@5 95.680             Loss 0.95010
Epoch [77] Testing Class Recall: [0.905,0.857,0.375,0.262,0.811,0.906,0.838,0.631,0.849,0.947]
Epoch [78] Training Results: Prec@1 66.070 Prec@5 87.853             Loss 1.27820
Epoch [78] Training Class Recall: [0.662,0.707,0.636,0.593,0.652,0.604,0.675,0.672,0.708,0.697]
Epoch [78] Testing Results: Prec@1 81.340 Prec@5 98.560             Loss 0.69338
Epoch [78] Testing Class Recall: [0.897,0.925,0.794,0.662,0.706,0.756,0.859,0.702,0.927,0.906]
Epoch [79] Training Results: Prec@1 66.452 Prec@5 87.940             Loss 1.27151
Epoch [79] Training Class Recall: [0.674,0.705,0.637,0.588,0.656,0.609,0.676,0.681,0.716,0.704]
Epoch [79] Testing Results: Prec@1 80.730 Prec@5 98.120             Loss 0.73810
Epoch [79] Testing Class Recall: [0.752,0.884,0.731,0.595,0.719,0.813,0.841,0.942,0.908,0.888]
Epoch [80] Training Results: Prec@1 66.173 Prec@5 88.007             Loss 1.27478
Epoch [80] Training Class Recall: [0.667,0.702,0.634,0.590,0.656,0.596,0.680,0.683,0.714,0.694]
Epoch [80] Testing Results: Prec@1 72.150 Prec@5 97.080             Loss 0.92844
Epoch [80] Testing Class Recall: [0.900,0.889,0.696,0.541,0.544,0.947,0.647,0.415,0.801,0.835]
Epoch [81] Training Results: Prec@1 66.455 Prec@5 87.960             Loss 1.26997
Epoch [81] Training Class Recall: [0.670,0.705,0.636,0.596,0.660,0.611,0.682,0.680,0.705,0.699]
Epoch [81] Testing Results: Prec@1 81.780 Prec@5 98.340             Loss 0.67741
Epoch [81] Testing Class Recall: [0.915,0.910,0.796,0.650,0.850,0.707,0.847,0.869,0.804,0.830]
Epoch [82] Training Results: Prec@1 66.425 Prec@5 87.827             Loss 1.27169
Epoch [82] Training Class Recall: [0.677,0.706,0.634,0.592,0.662,0.610,0.680,0.675,0.710,0.696]
Epoch [82] Testing Results: Prec@1 80.550 Prec@5 97.750             Loss 0.73314
Epoch [82] Testing Class Recall: [0.687,0.985,0.679,0.594,0.859,0.806,0.868,0.894,0.836,0.847]
Epoch [83] Training Results: Prec@1 66.533 Prec@5 87.880             Loss 1.26674
Epoch [83] Training Class Recall: [0.669,0.711,0.638,0.602,0.658,0.609,0.678,0.684,0.707,0.696]
Epoch [83] Testing Results: Prec@1 80.800 Prec@5 98.520             Loss 0.75815
Epoch [83] Testing Class Recall: [0.764,0.818,0.776,0.767,0.768,0.731,0.854,0.836,0.806,0.960]
Epoch [84] Training Results: Prec@1 66.550 Prec@5 88.082             Loss 1.26726
Epoch [84] Training Class Recall: [0.670,0.704,0.635,0.599,0.663,0.609,0.681,0.684,0.715,0.695]
Epoch [84] Testing Results: Prec@1 76.740 Prec@5 96.600             Loss 0.84041
Epoch [84] Testing Class Recall: [0.834,0.733,0.706,0.825,0.781,0.714,0.523,0.723,0.863,0.972]
Epoch [85] Training Results: Prec@1 66.345 Prec@5 87.832             Loss 1.27131
Epoch [85] Training Class Recall: [0.673,0.702,0.629,0.595,0.663,0.601,0.684,0.684,0.706,0.698]
Epoch [85] Testing Results: Prec@1 80.850 Prec@5 97.910             Loss 0.73765
Epoch [85] Testing Class Recall: [0.659,0.943,0.818,0.680,0.773,0.629,0.905,0.865,0.949,0.864]
Epoch [86] Training Results: Prec@1 66.502 Prec@5 88.107             Loss 1.26764
Epoch [86] Training Class Recall: [0.674,0.707,0.634,0.594,0.661,0.613,0.683,0.680,0.709,0.694]
Epoch [86] Testing Results: Prec@1 72.900 Prec@5 97.160             Loss 0.94575
Epoch [86] Testing Class Recall: [0.592,0.958,0.721,0.488,0.556,0.954,0.650,0.804,0.725,0.842]
Epoch [87] Training Results: Prec@1 66.832 Prec@5 88.070             Loss 1.26258
Epoch [87] Training Class Recall: [0.677,0.707,0.643,0.593,0.659,0.615,0.693,0.683,0.717,0.698]
Epoch [87] Testing Results: Prec@1 81.710 Prec@5 98.260             Loss 0.73820
Epoch [87] Testing Class Recall: [0.900,0.864,0.645,0.630,0.830,0.723,0.862,0.953,0.852,0.912]
Epoch [88] Training Results: Prec@1 66.562 Prec@5 87.872             Loss 1.26631
Epoch [88] Training Class Recall: [0.671,0.698,0.643,0.598,0.665,0.617,0.679,0.677,0.711,0.697]
Epoch [88] Testing Results: Prec@1 78.530 Prec@5 97.260             Loss 0.78231
Epoch [88] Testing Class Recall: [0.880,0.957,0.878,0.488,0.485,0.576,0.881,0.937,0.892,0.879]
Epoch [89] Training Results: Prec@1 66.780 Prec@5 87.897             Loss 1.26545
Epoch [89] Training Class Recall: [0.672,0.705,0.640,0.605,0.661,0.612,0.688,0.686,0.709,0.701]
Epoch [89] Testing Results: Prec@1 79.140 Prec@5 98.280             Loss 0.78064
Epoch [89] Testing Class Recall: [0.953,0.714,0.649,0.713,0.830,0.737,0.948,0.785,0.725,0.860]
Epoch [90] Training Results: Prec@1 66.307 Prec@5 88.055             Loss 1.26496
Epoch [90] Training Class Recall: [0.671,0.701,0.639,0.598,0.660,0.611,0.674,0.676,0.704,0.697]
Epoch [90] Testing Results: Prec@1 79.080 Prec@5 97.960             Loss 0.76682
Epoch [90] Testing Class Recall: [0.754,0.880,0.772,0.633,0.863,0.546,0.738,0.933,0.883,0.906]
Epoch [91] Training Results: Prec@1 66.452 Prec@5 88.190             Loss 1.26688
Epoch [91] Training Class Recall: [0.665,0.703,0.638,0.597,0.664,0.605,0.685,0.684,0.707,0.698]
Epoch [91] Testing Results: Prec@1 80.240 Prec@5 98.090             Loss 0.74108
Epoch [91] Testing Class Recall: [0.763,0.831,0.633,0.771,0.891,0.812,0.702,0.856,0.835,0.930]
Epoch [92] Training Results: Prec@1 66.665 Prec@5 87.995             Loss 1.26168
Epoch [92] Training Class Recall: [0.676,0.702,0.640,0.596,0.668,0.610,0.686,0.684,0.709,0.696]
Epoch [92] Testing Results: Prec@1 79.720 Prec@5 98.190             Loss 0.72961
Epoch [92] Testing Class Recall: [0.856,0.963,0.882,0.694,0.598,0.569,0.906,0.838,0.849,0.817]
Epoch [93] Training Results: Prec@1 66.768 Prec@5 88.197             Loss 1.25715
Epoch [93] Training Class Recall: [0.677,0.708,0.643,0.592,0.665,0.616,0.684,0.687,0.709,0.696]
Epoch [93] Testing Results: Prec@1 80.540 Prec@5 98.010             Loss 0.74546
Epoch [93] Testing Class Recall: [0.875,0.976,0.856,0.696,0.731,0.519,0.872,0.858,0.876,0.795]
Epoch [94] Training Results: Prec@1 66.548 Prec@5 88.130             Loss 1.26229
Epoch [94] Training Class Recall: [0.679,0.704,0.637,0.589,0.656,0.611,0.684,0.688,0.711,0.695]
Epoch [94] Testing Results: Prec@1 82.330 Prec@5 98.420             Loss 0.69088
Epoch [94] Testing Class Recall: [0.782,0.927,0.890,0.697,0.796,0.720,0.754,0.860,0.932,0.875]
Epoch [95] Training Results: Prec@1 66.817 Prec@5 88.345             Loss 1.25928
Epoch [95] Training Class Recall: [0.672,0.713,0.641,0.601,0.666,0.612,0.681,0.689,0.709,0.699]
Epoch [95] Testing Results: Prec@1 80.280 Prec@5 98.170             Loss 0.74634
Epoch [95] Testing Class Recall: [0.872,0.841,0.843,0.536,0.650,0.767,0.867,0.857,0.952,0.843]
Epoch [96] Training Results: Prec@1 66.730 Prec@5 88.112             Loss 1.26273
Epoch [96] Training Class Recall: [0.668,0.713,0.632,0.602,0.662,0.616,0.688,0.689,0.711,0.691]
Epoch [96] Testing Results: Prec@1 81.330 Prec@5 98.350             Loss 0.68170
Epoch [96] Testing Class Recall: [0.789,0.792,0.773,0.655,0.803,0.818,0.770,0.875,0.916,0.942]
Epoch [97] Training Results: Prec@1 66.510 Prec@5 88.317             Loss 1.26205
Epoch [97] Training Class Recall: [0.679,0.702,0.639,0.594,0.665,0.607,0.680,0.683,0.708,0.693]
Epoch [97] Testing Results: Prec@1 79.340 Prec@5 97.720             Loss 0.76602
Epoch [97] Testing Class Recall: [0.833,0.915,0.798,0.831,0.755,0.503,0.643,0.852,0.882,0.922]
Epoch [98] Training Results: Prec@1 66.700 Prec@5 88.180             Loss 1.25928
Epoch [98] Training Class Recall: [0.680,0.704,0.636,0.599,0.663,0.607,0.687,0.680,0.715,0.698]
Epoch [98] Testing Results: Prec@1 79.890 Prec@5 97.940             Loss 0.79628
Epoch [98] Testing Class Recall: [0.872,0.964,0.615,0.759,0.741,0.682,0.950,0.874,0.766,0.766]
Epoch [99] Training Results: Prec@1 66.695 Prec@5 88.118             Loss 1.25782
Epoch [99] Training Class Recall: [0.673,0.705,0.632,0.600,0.661,0.620,0.689,0.685,0.710,0.694]
Epoch [99] Testing Results: Prec@1 75.410 Prec@5 97.230             Loss 0.85528
Epoch [99] Testing Class Recall: [0.925,0.901,0.634,0.912,0.771,0.401,0.798,0.590,0.734,0.875]
Epoch [100] Training Results: Prec@1 66.647 Prec@5 88.300             Loss 1.25936
Epoch [100] Training Class Recall: [0.677,0.705,0.636,0.603,0.664,0.608,0.681,0.690,0.710,0.692]
Epoch [100] Testing Results: Prec@1 81.800 Prec@5 98.430             Loss 0.68778
Epoch [100] Testing Class Recall: [0.757,0.980,0.756,0.520,0.833,0.838,0.883,0.938,0.898,0.777]
Epoch [101] Training Results: Prec@1 66.853 Prec@5 88.190             Loss 1.25778
Epoch [101] Training Class Recall: [0.679,0.703,0.647,0.601,0.664,0.612,0.687,0.682,0.712,0.698]
Epoch [101] Testing Results: Prec@1 82.390 Prec@5 97.720             Loss 0.70286
Epoch [101] Testing Class Recall: [0.879,0.932,0.718,0.766,0.708,0.700,0.894,0.863,0.857,0.922]
Epoch [102] Training Results: Prec@1 66.910 Prec@5 88.265             Loss 1.25204
Epoch [102] Training Class Recall: [0.677,0.708,0.640,0.602,0.664,0.616,0.690,0.685,0.710,0.698]
Epoch [102] Testing Results: Prec@1 79.270 Prec@5 97.710             Loss 0.77991
Epoch [102] Testing Class Recall: [0.806,0.793,0.772,0.666,0.819,0.859,0.817,0.671,0.748,0.976]
Epoch [103] Training Results: Prec@1 66.725 Prec@5 88.412             Loss 1.25545
Epoch [103] Training Class Recall: [0.676,0.706,0.645,0.599,0.664,0.614,0.686,0.681,0.706,0.696]
Epoch [103] Testing Results: Prec@1 81.280 Prec@5 97.590             Loss 0.79941
Epoch [103] Testing Class Recall: [0.866,0.854,0.680,0.623,0.807,0.769,0.834,0.831,0.933,0.931]
Epoch [104] Training Results: Prec@1 66.842 Prec@5 88.423             Loss 1.25287
Epoch [104] Training Class Recall: [0.676,0.710,0.644,0.598,0.666,0.616,0.681,0.686,0.714,0.693]
Epoch [104] Testing Results: Prec@1 82.810 Prec@5 98.220             Loss 0.66448
Epoch [104] Testing Class Recall: [0.799,0.981,0.758,0.717,0.746,0.772,0.910,0.897,0.861,0.840]
Epoch [105] Training Results: Prec@1 67.027 Prec@5 88.342             Loss 1.25215
Epoch [105] Training Class Recall: [0.674,0.709,0.655,0.603,0.669,0.610,0.688,0.687,0.714,0.695]
Epoch [105] Testing Results: Prec@1 81.760 Prec@5 98.050             Loss 0.76715
Epoch [105] Testing Class Recall: [0.934,0.870,0.676,0.816,0.769,0.671,0.857,0.838,0.848,0.897]
Epoch [106] Training Results: Prec@1 66.812 Prec@5 88.298             Loss 1.25551
Epoch [106] Training Class Recall: [0.672,0.708,0.647,0.605,0.660,0.608,0.685,0.684,0.715,0.698]
Epoch [106] Testing Results: Prec@1 80.180 Prec@5 97.710             Loss 0.74441
Epoch [106] Testing Class Recall: [0.800,0.882,0.633,0.745,0.937,0.744,0.789,0.781,0.759,0.948]
Epoch [107] Training Results: Prec@1 66.853 Prec@5 88.332             Loss 1.25261
Epoch [107] Training Class Recall: [0.677,0.709,0.638,0.598,0.665,0.617,0.689,0.689,0.707,0.695]
Epoch [107] Testing Results: Prec@1 76.730 Prec@5 97.380             Loss 0.82474
Epoch [107] Testing Class Recall: [0.906,0.710,0.557,0.835,0.839,0.576,0.897,0.753,0.706,0.894]
Epoch [108] Training Results: Prec@1 67.025 Prec@5 88.423             Loss 1.24930
Epoch [108] Training Class Recall: [0.679,0.703,0.650,0.603,0.666,0.622,0.684,0.686,0.717,0.694]
Epoch [108] Testing Results: Prec@1 78.030 Prec@5 97.890             Loss 0.79419
Epoch [108] Testing Class Recall: [0.627,0.813,0.524,0.733,0.852,0.645,0.957,0.810,0.931,0.911]
Epoch [109] Training Results: Prec@1 67.055 Prec@5 88.135             Loss 1.25096
Epoch [109] Training Class Recall: [0.672,0.707,0.642,0.601,0.664,0.627,0.688,0.689,0.721,0.694]
Epoch [109] Testing Results: Prec@1 76.450 Prec@5 97.390             Loss 0.86420
Epoch [109] Testing Class Recall: [0.883,0.937,0.613,0.838,0.617,0.672,0.817,0.793,0.911,0.564]
Epoch [110] Training Results: Prec@1 66.923 Prec@5 88.397             Loss 1.25151
Epoch [110] Training Class Recall: [0.673,0.712,0.642,0.603,0.666,0.614,0.687,0.684,0.715,0.697]
Epoch [110] Testing Results: Prec@1 78.330 Prec@5 96.940             Loss 0.80978
Epoch [110] Testing Class Recall: [0.783,0.900,0.678,0.705,0.682,0.511,0.968,0.758,0.936,0.912]
Epoch [111] Training Results: Prec@1 67.020 Prec@5 88.507             Loss 1.24992
Epoch [111] Training Class Recall: [0.679,0.708,0.650,0.600,0.664,0.622,0.691,0.680,0.711,0.698]
Epoch [111] Testing Results: Prec@1 81.830 Prec@5 98.190             Loss 0.69906
Epoch [111] Testing Class Recall: [0.830,0.914,0.815,0.554,0.874,0.685,0.906,0.878,0.853,0.874]
Epoch [112] Training Results: Prec@1 66.847 Prec@5 88.390             Loss 1.25065
Epoch [112] Training Class Recall: [0.669,0.709,0.644,0.603,0.656,0.622,0.691,0.683,0.714,0.695]
Epoch [112] Testing Results: Prec@1 78.630 Prec@5 97.660             Loss 0.79397
Epoch [112] Testing Class Recall: [0.720,0.958,0.661,0.492,0.617,0.894,0.803,0.939,0.873,0.906]
Epoch [113] Training Results: Prec@1 66.822 Prec@5 88.272             Loss 1.25186
Epoch [113] Training Class Recall: [0.674,0.706,0.647,0.599,0.664,0.611,0.684,0.691,0.709,0.696]
Epoch [113] Testing Results: Prec@1 81.160 Prec@5 97.740             Loss 0.75666
Epoch [113] Testing Class Recall: [0.752,0.874,0.580,0.722,0.902,0.689,0.920,0.813,0.951,0.913]
Epoch [114] Training Results: Prec@1 67.095 Prec@5 88.480             Loss 1.24881
Epoch [114] Training Class Recall: [0.679,0.709,0.649,0.597,0.663,0.616,0.692,0.689,0.717,0.699]
Epoch [114] Testing Results: Prec@1 80.550 Prec@5 97.860             Loss 0.77531
Epoch [114] Testing Class Recall: [0.833,0.977,0.599,0.713,0.793,0.631,0.886,0.895,0.860,0.868]
Epoch [115] Training Results: Prec@1 66.957 Prec@5 88.330             Loss 1.24881
Epoch [115] Training Class Recall: [0.679,0.705,0.648,0.605,0.658,0.620,0.685,0.686,0.716,0.695]
Epoch [115] Testing Results: Prec@1 82.790 Prec@5 98.550             Loss 0.66011
Epoch [115] Testing Class Recall: [0.898,0.928,0.772,0.695,0.904,0.830,0.827,0.726,0.812,0.887]
Epoch [116] Training Results: Prec@1 67.105 Prec@5 88.342             Loss 1.24408
Epoch [116] Training Class Recall: [0.676,0.710,0.643,0.609,0.663,0.617,0.688,0.685,0.715,0.703]
Epoch [116] Testing Results: Prec@1 78.340 Prec@5 97.380             Loss 0.80495
Epoch [116] Testing Class Recall: [0.781,0.903,0.733,0.704,0.705,0.631,0.962,0.640,0.950,0.825]
Epoch [117] Training Results: Prec@1 67.225 Prec@5 88.510             Loss 1.24629
Epoch [117] Training Class Recall: [0.680,0.705,0.649,0.612,0.666,0.620,0.687,0.685,0.716,0.703]
Epoch [117] Testing Results: Prec@1 81.530 Prec@5 98.070             Loss 0.75845
Epoch [117] Testing Class Recall: [0.766,0.869,0.679,0.658,0.918,0.700,0.849,0.902,0.958,0.854]
Epoch [118] Training Results: Prec@1 67.158 Prec@5 88.775             Loss 1.24518
Epoch [118] Training Class Recall: [0.677,0.707,0.645,0.611,0.663,0.617,0.690,0.690,0.716,0.700]
Epoch [118] Testing Results: Prec@1 79.760 Prec@5 97.770             Loss 0.82625
Epoch [118] Testing Class Recall: [0.899,0.938,0.650,0.526,0.829,0.783,0.922,0.871,0.938,0.620]
Epoch [119] Training Results: Prec@1 67.210 Prec@5 88.605             Loss 1.24224
Epoch [119] Training Class Recall: [0.680,0.707,0.649,0.603,0.674,0.621,0.690,0.687,0.715,0.696]
Epoch [119] Testing Results: Prec@1 78.770 Prec@5 97.880             Loss 0.76791
Epoch [119] Testing Class Recall: [0.894,0.900,0.668,0.508,0.599,0.759,0.889,0.906,0.885,0.869]
Epoch [120] Training Results: Prec@1 67.018 Prec@5 88.500             Loss 1.24677
Epoch [120] Training Class Recall: [0.679,0.709,0.644,0.606,0.664,0.613,0.683,0.694,0.713,0.699]
Epoch [120] Testing Results: Prec@1 80.680 Prec@5 97.810             Loss 0.72966
Epoch [120] Testing Class Recall: [0.882,0.920,0.571,0.558,0.935,0.711,0.879,0.819,0.874,0.919]
Epoch [121] Training Results: Prec@1 67.185 Prec@5 88.770             Loss 1.24186
Epoch [121] Training Class Recall: [0.687,0.707,0.631,0.611,0.665,0.618,0.688,0.697,0.712,0.703]
Epoch [121] Testing Results: Prec@1 80.600 Prec@5 98.180             Loss 0.72654
Epoch [121] Testing Class Recall: [0.759,0.890,0.887,0.484,0.798,0.766,0.788,0.841,0.902,0.945]
Epoch [122] Training Results: Prec@1 67.015 Prec@5 88.485             Loss 1.24511
Epoch [122] Training Class Recall: [0.672,0.707,0.647,0.602,0.665,0.621,0.689,0.688,0.713,0.698]
Epoch [122] Testing Results: Prec@1 73.790 Prec@5 95.820             Loss 0.93177
Epoch [122] Testing Class Recall: [0.910,0.901,0.452,0.420,0.626,0.502,0.972,0.873,0.876,0.847]
Epoch [123] Training Results: Prec@1 67.287 Prec@5 88.478             Loss 1.24099
Epoch [123] Training Class Recall: [0.683,0.709,0.647,0.608,0.666,0.623,0.686,0.692,0.714,0.701]
Epoch [123] Testing Results: Prec@1 81.880 Prec@5 98.370             Loss 0.67690
Epoch [123] Testing Class Recall: [0.713,0.945,0.679,0.763,0.845,0.764,0.880,0.777,0.917,0.905]
Epoch [124] Training Results: Prec@1 67.015 Prec@5 88.557             Loss 1.24450
Epoch [124] Training Class Recall: [0.677,0.710,0.642,0.595,0.666,0.623,0.686,0.690,0.709,0.704]
Epoch [124] Testing Results: Prec@1 75.520 Prec@5 97.810             Loss 0.85544
Epoch [124] Testing Class Recall: [0.407,0.908,0.911,0.662,0.776,0.587,0.874,0.704,0.961,0.762]
Epoch [125] Training Results: Prec@1 67.252 Prec@5 88.555             Loss 1.23880
Epoch [125] Training Class Recall: [0.682,0.706,0.653,0.605,0.662,0.625,0.690,0.688,0.712,0.703]
Epoch [125] Testing Results: Prec@1 78.940 Prec@5 97.870             Loss 0.76641
Epoch [125] Testing Class Recall: [0.852,0.934,0.647,0.813,0.752,0.411,0.812,0.860,0.894,0.919]
Epoch [126] Training Results: Prec@1 67.160 Prec@5 88.705             Loss 1.23851
Epoch [126] Training Class Recall: [0.683,0.707,0.642,0.602,0.669,0.622,0.691,0.685,0.717,0.698]
Epoch [126] Testing Results: Prec@1 82.130 Prec@5 98.290             Loss 0.66885
Epoch [126] Testing Class Recall: [0.893,0.906,0.745,0.728,0.834,0.732,0.822,0.854,0.810,0.889]
Epoch [127] Training Results: Prec@1 67.077 Prec@5 88.688             Loss 1.24252
Epoch [127] Training Class Recall: [0.684,0.709,0.646,0.608,0.668,0.611,0.692,0.682,0.714,0.695]
Epoch [127] Testing Results: Prec@1 78.530 Prec@5 97.790             Loss 0.78306
Epoch [127] Testing Class Recall: [0.721,0.737,0.755,0.569,0.798,0.706,0.962,0.853,0.789,0.963]
Epoch [128] Training Results: Prec@1 66.997 Prec@5 88.670             Loss 1.23985
Epoch [128] Training Class Recall: [0.672,0.708,0.641,0.612,0.658,0.614,0.685,0.689,0.716,0.704]
Epoch [128] Testing Results: Prec@1 82.490 Prec@5 98.260             Loss 0.65319
Epoch [128] Testing Class Recall: [0.812,0.945,0.850,0.647,0.704,0.745,0.907,0.862,0.878,0.899]
Epoch [129] Training Results: Prec@1 67.100 Prec@5 88.820             Loss 1.24066
Epoch [129] Training Class Recall: [0.678,0.709,0.653,0.596,0.669,0.619,0.691,0.694,0.712,0.689]
Epoch [129] Testing Results: Prec@1 73.710 Prec@5 94.790             Loss 0.95941
Epoch [129] Testing Class Recall: [0.895,0.882,0.680,0.275,0.889,0.674,0.463,0.919,0.831,0.863]
Epoch [130] Training Results: Prec@1 66.802 Prec@5 88.592             Loss 1.24430
Epoch [130] Training Class Recall: [0.679,0.706,0.644,0.599,0.656,0.615,0.688,0.681,0.716,0.695]
Epoch [130] Testing Results: Prec@1 81.860 Prec@5 98.110             Loss 0.71979
Epoch [130] Testing Class Recall: [0.748,0.918,0.714,0.596,0.883,0.829,0.830,0.833,0.906,0.929]
Epoch [131] Training Results: Prec@1 66.825 Prec@5 88.805             Loss 1.24599
Epoch [131] Training Class Recall: [0.677,0.707,0.645,0.600,0.664,0.615,0.687,0.687,0.706,0.696]
Epoch [131] Testing Results: Prec@1 78.600 Prec@5 97.360             Loss 0.79748
Epoch [131] Testing Class Recall: [0.618,0.850,0.559,0.598,0.881,0.712,0.965,0.833,0.941,0.903]
Epoch [132] Training Results: Prec@1 67.228 Prec@5 88.747             Loss 1.23757
Epoch [132] Training Class Recall: [0.676,0.709,0.649,0.593,0.667,0.620,0.695,0.690,0.722,0.704]
Epoch [132] Testing Results: Prec@1 81.080 Prec@5 97.580             Loss 0.75835
Epoch [132] Testing Class Recall: [0.805,0.934,0.685,0.625,0.859,0.718,0.934,0.801,0.848,0.899]
Epoch [133] Training Results: Prec@1 67.120 Prec@5 88.775             Loss 1.24018
Epoch [133] Training Class Recall: [0.677,0.706,0.644,0.616,0.668,0.611,0.696,0.683,0.714,0.698]
Epoch [133] Testing Results: Prec@1 78.130 Prec@5 97.660             Loss 0.80943
Epoch [133] Testing Class Recall: [0.718,0.718,0.725,0.730,0.729,0.529,0.882,0.880,0.981,0.921]
Epoch [134] Training Results: Prec@1 67.118 Prec@5 88.755             Loss 1.23917
Epoch [134] Training Class Recall: [0.676,0.703,0.646,0.611,0.672,0.619,0.685,0.684,0.719,0.697]
Epoch [134] Testing Results: Prec@1 79.990 Prec@5 97.640             Loss 0.73721
Epoch [134] Testing Class Recall: [0.790,0.817,0.731,0.500,0.693,0.772,0.926,0.882,0.944,0.944]
Epoch [135] Training Results: Prec@1 67.080 Prec@5 88.625             Loss 1.24120
Epoch [135] Training Class Recall: [0.677,0.710,0.634,0.604,0.669,0.620,0.689,0.687,0.719,0.698]
Epoch [135] Testing Results: Prec@1 80.240 Prec@5 97.890             Loss 0.72774
Epoch [135] Testing Class Recall: [0.774,0.764,0.846,0.687,0.781,0.758,0.848,0.772,0.880,0.914]
Epoch [136] Training Results: Prec@1 67.410 Prec@5 88.705             Loss 1.23625
Epoch [136] Training Class Recall: [0.684,0.710,0.650,0.610,0.675,0.618,0.689,0.683,0.724,0.698]
Epoch [136] Testing Results: Prec@1 81.160 Prec@5 98.050             Loss 0.73129
Epoch [136] Testing Class Recall: [0.796,0.823,0.668,0.752,0.822,0.644,0.871,0.849,0.938,0.953]
Epoch [137] Training Results: Prec@1 67.260 Prec@5 88.685             Loss 1.23533
Epoch [137] Training Class Recall: [0.677,0.708,0.651,0.612,0.668,0.623,0.690,0.684,0.713,0.700]
Epoch [137] Testing Results: Prec@1 80.710 Prec@5 97.130             Loss 0.78032
Epoch [137] Testing Class Recall: [0.899,0.904,0.667,0.542,0.814,0.773,0.898,0.812,0.831,0.931]
Epoch [138] Training Results: Prec@1 67.118 Prec@5 88.670             Loss 1.24089
Epoch [138] Training Class Recall: [0.673,0.707,0.647,0.605,0.671,0.615,0.691,0.687,0.713,0.704]
Epoch [138] Testing Results: Prec@1 77.330 Prec@5 96.600             Loss 0.86921
Epoch [138] Testing Class Recall: [0.659,0.806,0.470,0.733,0.874,0.598,0.771,0.947,0.946,0.929]
Epoch [139] Training Results: Prec@1 67.222 Prec@5 88.730             Loss 1.23806
Epoch [139] Training Class Recall: [0.683,0.704,0.653,0.605,0.669,0.617,0.686,0.687,0.718,0.700]
Epoch [139] Testing Results: Prec@1 80.370 Prec@5 97.540             Loss 0.71677
Epoch [139] Testing Class Recall: [0.754,0.959,0.741,0.549,0.792,0.866,0.767,0.754,0.943,0.912]
Epoch [140] Training Results: Prec@1 67.190 Prec@5 88.642             Loss 1.23468
Epoch [140] Training Class Recall: [0.684,0.712,0.649,0.605,0.672,0.613,0.688,0.682,0.716,0.699]
Epoch [140] Testing Results: Prec@1 76.880 Prec@5 97.100             Loss 0.87863
Epoch [140] Testing Class Recall: [0.823,0.988,0.811,0.525,0.628,0.827,0.860,0.815,0.732,0.679]
Epoch [141] Training Results: Prec@1 67.470 Prec@5 88.800             Loss 1.23243
Epoch [141] Training Class Recall: [0.679,0.710,0.645,0.613,0.672,0.620,0.697,0.687,0.722,0.704]
Epoch [141] Testing Results: Prec@1 79.510 Prec@5 97.010             Loss 0.78613
Epoch [141] Testing Class Recall: [0.760,0.871,0.661,0.502,0.721,0.855,0.826,0.921,0.878,0.956]
Epoch [142] Training Results: Prec@1 67.222 Prec@5 88.567             Loss 1.23858
Epoch [142] Training Class Recall: [0.676,0.709,0.647,0.608,0.662,0.620,0.692,0.691,0.716,0.700]
Epoch [142] Testing Results: Prec@1 81.840 Prec@5 97.790             Loss 0.72346
Epoch [142] Testing Class Recall: [0.870,0.918,0.569,0.760,0.901,0.728,0.851,0.781,0.878,0.928]
Epoch [143] Training Results: Prec@1 67.417 Prec@5 88.695             Loss 1.23168
Epoch [143] Training Class Recall: [0.679,0.706,0.649,0.605,0.677,0.618,0.692,0.695,0.717,0.705]
Epoch [143] Testing Results: Prec@1 81.010 Prec@5 98.050             Loss 0.70193
Epoch [143] Testing Class Recall: [0.852,0.903,0.856,0.601,0.736,0.766,0.844,0.701,0.949,0.893]
Epoch [144] Training Results: Prec@1 67.205 Prec@5 88.767             Loss 1.23586
Epoch [144] Training Class Recall: [0.673,0.714,0.648,0.610,0.661,0.621,0.693,0.689,0.714,0.697]
Epoch [144] Testing Results: Prec@1 78.130 Prec@5 97.610             Loss 0.77526
Epoch [144] Testing Class Recall: [0.883,0.875,0.795,0.703,0.718,0.812,0.757,0.487,0.932,0.851]
Epoch [145] Training Results: Prec@1 67.518 Prec@5 88.565             Loss 1.23538
Epoch [145] Training Class Recall: [0.677,0.710,0.657,0.616,0.676,0.626,0.689,0.685,0.717,0.699]
Epoch [145] Testing Results: Prec@1 75.320 Prec@5 96.280             Loss 0.87312
Epoch [145] Testing Class Recall: [0.818,0.846,0.707,0.526,0.766,0.552,0.632,0.905,0.806,0.974]
Epoch [146] Training Results: Prec@1 67.110 Prec@5 88.963             Loss 1.23457
Epoch [146] Training Class Recall: [0.678,0.709,0.645,0.604,0.665,0.620,0.688,0.690,0.716,0.697]
Epoch [146] Testing Results: Prec@1 78.370 Prec@5 97.090             Loss 0.83251
Epoch [146] Testing Class Recall: [0.872,0.838,0.659,0.687,0.809,0.833,0.692,0.715,0.789,0.943]
Epoch [147] Training Results: Prec@1 67.235 Prec@5 88.743             Loss 1.23409
Epoch [147] Training Class Recall: [0.678,0.707,0.651,0.607,0.668,0.618,0.693,0.687,0.714,0.701]
Epoch [147] Testing Results: Prec@1 81.600 Prec@5 97.550             Loss 0.71045
Epoch [147] Testing Class Recall: [0.663,0.860,0.797,0.647,0.783,0.727,0.898,0.925,0.922,0.938]
Epoch [148] Training Results: Prec@1 67.357 Prec@5 88.935             Loss 1.23218
Epoch [148] Training Class Recall: [0.682,0.708,0.657,0.611,0.669,0.621,0.690,0.685,0.719,0.695]
Epoch [148] Testing Results: Prec@1 79.290 Prec@5 97.210             Loss 0.78249
Epoch [148] Testing Class Recall: [0.806,0.736,0.712,0.610,0.813,0.705,0.819,0.860,0.897,0.971]
Epoch [149] Training Results: Prec@1 67.457 Prec@5 88.923             Loss 1.23142
Epoch [149] Training Class Recall: [0.683,0.714,0.649,0.610,0.670,0.622,0.688,0.691,0.715,0.704]
Epoch [149] Testing Results: Prec@1 80.380 Prec@5 97.460             Loss 0.78752
Epoch [149] Testing Class Recall: [0.809,0.876,0.753,0.647,0.933,0.647,0.678,0.879,0.920,0.896]
Epoch [150] Training Results: Prec@1 67.237 Prec@5 88.927             Loss 1.23105
Epoch [150] Training Class Recall: [0.672,0.710,0.650,0.612,0.664,0.624,0.695,0.689,0.713,0.696]
Epoch [150] Testing Results: Prec@1 74.100 Prec@5 96.620             Loss 0.96104
Epoch [150] Testing Class Recall: [0.887,0.948,0.660,0.342,0.733,0.912,0.680,0.905,0.669,0.674]
Epoch [151] Training Results: Prec@1 67.180 Prec@5 89.005             Loss 1.23361
Epoch [151] Training Class Recall: [0.681,0.707,0.658,0.600,0.668,0.617,0.686,0.681,0.719,0.702]
Epoch [151] Testing Results: Prec@1 78.160 Prec@5 97.580             Loss 0.80977
Epoch [151] Testing Class Recall: [0.835,0.868,0.827,0.768,0.513,0.754,0.898,0.777,0.784,0.792]
Epoch [152] Training Results: Prec@1 67.302 Prec@5 88.792             Loss 1.23168
Epoch [152] Training Class Recall: [0.688,0.709,0.648,0.614,0.663,0.620,0.691,0.690,0.716,0.691]
Epoch [152] Testing Results: Prec@1 76.560 Prec@5 97.410             Loss 0.79779
Epoch [152] Testing Class Recall: [0.692,0.770,0.904,0.550,0.666,0.523,0.851,0.859,0.916,0.925]
Epoch [153] Training Results: Prec@1 67.485 Prec@5 88.882             Loss 1.22890
Epoch [153] Training Class Recall: [0.686,0.709,0.656,0.617,0.670,0.615,0.698,0.684,0.715,0.698]
Epoch [153] Testing Results: Prec@1 80.100 Prec@5 97.090             Loss 0.81121
Epoch [153] Testing Class Recall: [0.683,0.929,0.807,0.559,0.838,0.685,0.883,0.777,0.937,0.912]
Epoch [154] Training Results: Prec@1 67.427 Prec@5 88.975             Loss 1.22728
Epoch [154] Training Class Recall: [0.681,0.708,0.655,0.613,0.674,0.615,0.691,0.690,0.716,0.699]
Epoch [154] Testing Results: Prec@1 75.580 Prec@5 97.350             Loss 0.87542
Epoch [154] Testing Class Recall: [0.777,0.694,0.912,0.537,0.695,0.696,0.839,0.711,0.898,0.799]
Epoch [155] Training Results: Prec@1 67.485 Prec@5 88.847             Loss 1.22903
Epoch [155] Training Class Recall: [0.678,0.708,0.654,0.614,0.677,0.617,0.696,0.688,0.716,0.700]
Epoch [155] Testing Results: Prec@1 76.840 Prec@5 97.350             Loss 0.82837
Epoch [155] Testing Class Recall: [0.840,0.950,0.626,0.805,0.738,0.760,0.526,0.908,0.702,0.829]
Epoch [156] Training Results: Prec@1 67.170 Prec@5 88.877             Loss 1.23421
Epoch [156] Training Class Recall: [0.677,0.710,0.649,0.615,0.665,0.620,0.689,0.683,0.716,0.694]
Epoch [156] Testing Results: Prec@1 79.160 Prec@5 96.880             Loss 0.82675
Epoch [156] Testing Class Recall: [0.900,0.963,0.732,0.718,0.839,0.598,0.902,0.764,0.855,0.645]
Epoch [157] Training Results: Prec@1 67.618 Prec@5 89.015             Loss 1.22552
Epoch [157] Training Class Recall: [0.680,0.711,0.657,0.619,0.663,0.627,0.698,0.693,0.713,0.702]
Epoch [157] Testing Results: Prec@1 80.040 Prec@5 97.270             Loss 0.76752
Epoch [157] Testing Class Recall: [0.779,0.951,0.758,0.455,0.700,0.838,0.855,0.860,0.908,0.900]
Epoch [158] Training Results: Prec@1 67.342 Prec@5 88.970             Loss 1.22805
Epoch [158] Training Class Recall: [0.679,0.709,0.664,0.608,0.667,0.623,0.688,0.684,0.710,0.704]
Epoch [158] Testing Results: Prec@1 79.150 Prec@5 96.630             Loss 0.80772
Epoch [158] Testing Class Recall: [0.916,0.907,0.463,0.564,0.886,0.758,0.939,0.778,0.909,0.795]
Epoch [159] Training Results: Prec@1 67.650 Prec@5 88.940             Loss 1.22398
Epoch [159] Training Class Recall: [0.684,0.715,0.659,0.610,0.677,0.614,0.692,0.693,0.715,0.706]
Epoch [159] Testing Results: Prec@1 80.810 Prec@5 97.720             Loss 0.73628
Epoch [159] Testing Class Recall: [0.777,0.857,0.647,0.661,0.862,0.795,0.847,0.868,0.950,0.817]
Epoch [160] Training Results: Prec@1 69.560 Prec@5 90.007             Loss 1.15930
Epoch [160] Training Class Recall: [0.691,0.721,0.679,0.655,0.702,0.641,0.707,0.710,0.742,0.708]
Epoch [160] Testing Results: Prec@1 85.330 Prec@5 98.660             Loss 0.60324
Epoch [160] Testing Class Recall: [0.849,0.912,0.803,0.693,0.857,0.794,0.901,0.885,0.928,0.911]
Epoch [161] Training Results: Prec@1 70.695 Prec@5 90.410             Loss 1.12653
Epoch [161] Training Class Recall: [0.717,0.727,0.695,0.670,0.704,0.658,0.721,0.722,0.738,0.718]
Epoch [161] Testing Results: Prec@1 86.020 Prec@5 98.720             Loss 0.58263
Epoch [161] Testing Class Recall: [0.855,0.918,0.825,0.717,0.865,0.790,0.904,0.877,0.928,0.923]
Epoch [162] Training Results: Prec@1 71.217 Prec@5 90.707             Loss 1.10631
Epoch [162] Training Class Recall: [0.719,0.725,0.706,0.675,0.714,0.671,0.722,0.727,0.740,0.724]
Epoch [162] Testing Results: Prec@1 86.370 Prec@5 98.760             Loss 0.57578
Epoch [162] Testing Class Recall: [0.866,0.927,0.829,0.706,0.868,0.792,0.913,0.885,0.929,0.922]
Epoch [163] Training Results: Prec@1 71.562 Prec@5 90.853             Loss 1.09386
Epoch [163] Training Class Recall: [0.726,0.729,0.704,0.672,0.715,0.678,0.729,0.728,0.746,0.731]
Epoch [163] Testing Results: Prec@1 86.560 Prec@5 98.740             Loss 0.56669
Epoch [163] Testing Class Recall: [0.874,0.937,0.824,0.730,0.879,0.781,0.910,0.874,0.931,0.916]
Epoch [164] Training Results: Prec@1 71.840 Prec@5 91.122             Loss 1.08244
Epoch [164] Training Class Recall: [0.730,0.732,0.710,0.688,0.718,0.683,0.729,0.728,0.741,0.727]
Epoch [164] Testing Results: Prec@1 86.910 Prec@5 98.790             Loss 0.56427
Epoch [164] Testing Class Recall: [0.875,0.935,0.814,0.723,0.881,0.805,0.917,0.886,0.933,0.922]
Epoch [165] Training Results: Prec@1 72.107 Prec@5 90.978             Loss 1.07523
Epoch [165] Training Class Recall: [0.728,0.732,0.716,0.686,0.723,0.684,0.736,0.729,0.744,0.733]
Epoch [165] Testing Results: Prec@1 86.860 Prec@5 98.750             Loss 0.56671
Epoch [165] Testing Class Recall: [0.885,0.943,0.819,0.727,0.862,0.807,0.910,0.884,0.928,0.921]
Epoch [166] Training Results: Prec@1 72.240 Prec@5 91.185             Loss 1.06827
Epoch [166] Training Class Recall: [0.731,0.734,0.717,0.686,0.723,0.690,0.737,0.727,0.747,0.732]
Epoch [166] Testing Results: Prec@1 86.850 Prec@5 98.690             Loss 0.56587
Epoch [166] Testing Class Recall: [0.875,0.940,0.819,0.723,0.883,0.808,0.907,0.880,0.925,0.925]
Epoch [167] Training Results: Prec@1 72.290 Prec@5 91.312             Loss 1.06256
Epoch [167] Training Class Recall: [0.730,0.733,0.720,0.690,0.719,0.688,0.735,0.732,0.747,0.736]
Epoch [167] Testing Results: Prec@1 87.010 Prec@5 98.610             Loss 0.56628
Epoch [167] Testing Class Recall: [0.886,0.941,0.816,0.732,0.870,0.819,0.915,0.877,0.924,0.921]
Epoch [168] Training Results: Prec@1 72.460 Prec@5 91.420             Loss 1.05766
Epoch [168] Training Class Recall: [0.736,0.732,0.729,0.689,0.726,0.685,0.737,0.730,0.750,0.732]
Epoch [168] Testing Results: Prec@1 87.140 Prec@5 98.570             Loss 0.56389
Epoch [168] Testing Class Recall: [0.888,0.936,0.823,0.728,0.889,0.815,0.907,0.873,0.929,0.926]
Epoch [169] Training Results: Prec@1 72.647 Prec@5 91.475             Loss 1.05215
Epoch [169] Training Class Recall: [0.738,0.739,0.720,0.695,0.727,0.697,0.735,0.733,0.747,0.736]
Epoch [169] Testing Results: Prec@1 87.130 Prec@5 98.580             Loss 0.56567
Epoch [169] Testing Class Recall: [0.882,0.944,0.820,0.735,0.879,0.815,0.916,0.875,0.926,0.921]
Epoch [170] Training Results: Prec@1 72.692 Prec@5 91.555             Loss 1.04532
Epoch [170] Training Class Recall: [0.734,0.738,0.725,0.698,0.729,0.690,0.741,0.736,0.748,0.732]
Epoch [170] Testing Results: Prec@1 87.230 Prec@5 98.510             Loss 0.56725
Epoch [170] Testing Class Recall: [0.876,0.939,0.822,0.739,0.871,0.808,0.914,0.895,0.933,0.926]
Epoch [171] Training Results: Prec@1 72.872 Prec@5 91.690             Loss 1.04227
Epoch [171] Training Class Recall: [0.735,0.735,0.730,0.702,0.727,0.697,0.742,0.737,0.749,0.736]
Epoch [171] Testing Results: Prec@1 87.200 Prec@5 98.400             Loss 0.56779
Epoch [171] Testing Class Recall: [0.876,0.942,0.827,0.727,0.881,0.817,0.913,0.881,0.928,0.928]
Epoch [172] Training Results: Prec@1 72.887 Prec@5 91.690             Loss 1.03742
Epoch [172] Training Class Recall: [0.735,0.736,0.728,0.696,0.734,0.697,0.739,0.734,0.754,0.738]
Epoch [172] Testing Results: Prec@1 87.250 Prec@5 98.450             Loss 0.56725
Epoch [172] Testing Class Recall: [0.884,0.943,0.829,0.735,0.874,0.806,0.914,0.887,0.929,0.924]
Epoch [173] Training Results: Prec@1 72.905 Prec@5 91.860             Loss 1.03545
Epoch [173] Training Class Recall: [0.737,0.737,0.726,0.698,0.730,0.696,0.740,0.735,0.752,0.739]
Epoch [173] Testing Results: Prec@1 87.230 Prec@5 98.420             Loss 0.57264
Epoch [173] Testing Class Recall: [0.881,0.944,0.824,0.723,0.890,0.821,0.909,0.875,0.926,0.930]
Epoch [174] Training Results: Prec@1 73.090 Prec@5 91.938             Loss 1.03003
Epoch [174] Training Class Recall: [0.737,0.739,0.725,0.702,0.736,0.700,0.741,0.736,0.754,0.740]
Epoch [174] Testing Results: Prec@1 87.240 Prec@5 98.390             Loss 0.57183
Epoch [174] Testing Class Recall: [0.887,0.945,0.821,0.725,0.877,0.820,0.913,0.884,0.928,0.924]
Epoch [175] Training Results: Prec@1 73.027 Prec@5 91.792             Loss 1.03041
Epoch [175] Training Class Recall: [0.736,0.739,0.733,0.703,0.735,0.697,0.737,0.734,0.753,0.737]
Epoch [175] Testing Results: Prec@1 87.150 Prec@5 98.360             Loss 0.57392
Epoch [175] Testing Class Recall: [0.870,0.935,0.827,0.731,0.886,0.818,0.909,0.877,0.929,0.933]
Epoch [176] Training Results: Prec@1 73.192 Prec@5 91.923             Loss 1.02262
Epoch [176] Training Class Recall: [0.740,0.736,0.733,0.703,0.731,0.701,0.746,0.739,0.756,0.735]
Epoch [176] Testing Results: Prec@1 87.050 Prec@5 98.380             Loss 0.57135
Epoch [176] Testing Class Recall: [0.873,0.942,0.826,0.746,0.866,0.810,0.910,0.878,0.926,0.928]
Epoch [177] Training Results: Prec@1 73.365 Prec@5 91.970             Loss 1.01857
Epoch [177] Training Class Recall: [0.740,0.742,0.739,0.703,0.732,0.706,0.745,0.740,0.752,0.740]
Epoch [177] Testing Results: Prec@1 86.990 Prec@5 98.320             Loss 0.57108
Epoch [177] Testing Class Recall: [0.875,0.939,0.828,0.743,0.874,0.805,0.910,0.871,0.930,0.924]
Epoch [178] Training Results: Prec@1 73.360 Prec@5 92.042             Loss 1.01538
Epoch [178] Training Class Recall: [0.745,0.741,0.737,0.704,0.737,0.700,0.741,0.737,0.757,0.738]
Epoch [178] Testing Results: Prec@1 87.020 Prec@5 98.330             Loss 0.57485
Epoch [178] Testing Class Recall: [0.881,0.937,0.840,0.734,0.879,0.801,0.911,0.881,0.917,0.921]
Epoch [179] Training Results: Prec@1 73.390 Prec@5 92.095             Loss 1.01344
Epoch [179] Training Class Recall: [0.743,0.742,0.734,0.700,0.737,0.704,0.747,0.739,0.755,0.739]
Epoch [179] Testing Results: Prec@1 86.860 Prec@5 98.300             Loss 0.57642
Epoch [179] Testing Class Recall: [0.870,0.940,0.822,0.734,0.876,0.803,0.914,0.872,0.926,0.929]
Epoch [180] Training Results: Prec@1 73.430 Prec@5 92.082             Loss 1.00938
Epoch [180] Training Class Recall: [0.740,0.742,0.739,0.705,0.735,0.705,0.744,0.741,0.753,0.741]
Epoch [180] Testing Results: Prec@1 86.890 Prec@5 98.290             Loss 0.57449
Epoch [180] Testing Class Recall: [0.865,0.936,0.840,0.720,0.871,0.803,0.911,0.883,0.931,0.929]
Epoch [181] Training Results: Prec@1 73.515 Prec@5 92.292             Loss 1.00686
Epoch [181] Training Class Recall: [0.747,0.738,0.737,0.695,0.741,0.710,0.749,0.743,0.753,0.740]
Epoch [181] Testing Results: Prec@1 86.980 Prec@5 98.320             Loss 0.57551
Epoch [181] Testing Class Recall: [0.878,0.939,0.835,0.718,0.879,0.808,0.907,0.882,0.926,0.926]
Epoch [182] Training Results: Prec@1 73.495 Prec@5 91.995             Loss 1.01008
Epoch [182] Training Class Recall: [0.744,0.741,0.735,0.704,0.736,0.710,0.746,0.738,0.756,0.740]
Epoch [182] Testing Results: Prec@1 87.030 Prec@5 98.310             Loss 0.57692
Epoch [182] Testing Class Recall: [0.879,0.940,0.828,0.722,0.871,0.819,0.906,0.888,0.921,0.929]
Epoch [183] Training Results: Prec@1 73.482 Prec@5 92.207             Loss 1.00605
Epoch [183] Training Class Recall: [0.746,0.742,0.736,0.704,0.734,0.712,0.746,0.733,0.756,0.741]
Epoch [183] Testing Results: Prec@1 86.940 Prec@5 98.320             Loss 0.57604
Epoch [183] Testing Class Recall: [0.870,0.940,0.828,0.732,0.866,0.811,0.913,0.883,0.924,0.927]
Epoch [184] Training Results: Prec@1 73.565 Prec@5 92.217             Loss 1.00541
Epoch [184] Training Class Recall: [0.743,0.741,0.738,0.702,0.739,0.710,0.746,0.739,0.760,0.740]
Epoch [184] Testing Results: Prec@1 87.030 Prec@5 98.240             Loss 0.57885
Epoch [184] Testing Class Recall: [0.888,0.941,0.829,0.727,0.872,0.806,0.909,0.880,0.928,0.923]
Epoch [185] Training Results: Prec@1 73.590 Prec@5 92.005             Loss 1.00840
Epoch [185] Training Class Recall: [0.742,0.742,0.739,0.705,0.731,0.709,0.753,0.743,0.756,0.740]
Epoch [185] Testing Results: Prec@1 86.890 Prec@5 98.300             Loss 0.57435
Epoch [185] Testing Class Recall: [0.868,0.936,0.835,0.730,0.862,0.801,0.916,0.883,0.931,0.927]
Epoch [186] Training Results: Prec@1 73.562 Prec@5 92.127             Loss 1.00776
Epoch [186] Training Class Recall: [0.741,0.739,0.736,0.712,0.736,0.711,0.748,0.739,0.758,0.736]
Epoch [186] Testing Results: Prec@1 86.970 Prec@5 98.310             Loss 0.57477
Epoch [186] Testing Class Recall: [0.880,0.938,0.824,0.735,0.864,0.807,0.913,0.882,0.926,0.928]
Epoch [187] Training Results: Prec@1 73.540 Prec@5 92.080             Loss 1.00819
Epoch [187] Training Class Recall: [0.746,0.741,0.738,0.705,0.731,0.707,0.746,0.740,0.758,0.743]
Epoch [187] Testing Results: Prec@1 86.930 Prec@5 98.260             Loss 0.57830
Epoch [187] Testing Class Recall: [0.877,0.939,0.832,0.724,0.863,0.807,0.911,0.883,0.929,0.928]
Epoch [188] Training Results: Prec@1 73.365 Prec@5 92.120             Loss 1.00767
Epoch [188] Training Class Recall: [0.739,0.742,0.736,0.703,0.734,0.705,0.746,0.740,0.754,0.739]
Epoch [188] Testing Results: Prec@1 86.930 Prec@5 98.330             Loss 0.57677
Epoch [188] Testing Class Recall: [0.882,0.940,0.830,0.716,0.859,0.823,0.910,0.885,0.919,0.929]
Epoch [189] Training Results: Prec@1 73.347 Prec@5 92.175             Loss 1.01120
Epoch [189] Training Class Recall: [0.738,0.738,0.735,0.702,0.733,0.710,0.749,0.737,0.754,0.740]
Epoch [189] Testing Results: Prec@1 86.780 Prec@5 98.300             Loss 0.58006
Epoch [189] Testing Class Recall: [0.877,0.935,0.834,0.727,0.865,0.806,0.909,0.875,0.921,0.929]
Epoch [190] Training Results: Prec@1 73.647 Prec@5 91.975             Loss 1.01008
Epoch [190] Training Class Recall: [0.745,0.741,0.737,0.712,0.741,0.711,0.744,0.742,0.753,0.739]
Epoch [190] Testing Results: Prec@1 86.960 Prec@5 98.340             Loss 0.58479
Epoch [190] Testing Class Recall: [0.867,0.940,0.828,0.738,0.872,0.799,0.919,0.878,0.922,0.933]
Epoch [191] Training Results: Prec@1 73.502 Prec@5 92.222             Loss 1.00851
Epoch [191] Training Class Recall: [0.743,0.737,0.740,0.711,0.731,0.704,0.749,0.738,0.754,0.744]
Epoch [191] Testing Results: Prec@1 86.840 Prec@5 98.260             Loss 0.57449
Epoch [191] Testing Class Recall: [0.870,0.936,0.830,0.723,0.870,0.805,0.915,0.879,0.924,0.932]
Epoch [192] Training Results: Prec@1 73.548 Prec@5 92.132             Loss 1.00958
Epoch [192] Training Class Recall: [0.742,0.740,0.738,0.708,0.735,0.713,0.746,0.737,0.757,0.741]
Epoch [192] Testing Results: Prec@1 86.860 Prec@5 98.340             Loss 0.57839
Epoch [192] Testing Class Recall: [0.867,0.937,0.832,0.727,0.865,0.804,0.914,0.883,0.927,0.930]
Epoch [193] Training Results: Prec@1 73.340 Prec@5 92.052             Loss 1.01225
Epoch [193] Training Class Recall: [0.741,0.743,0.736,0.703,0.737,0.706,0.740,0.735,0.754,0.738]
Epoch [193] Testing Results: Prec@1 86.930 Prec@5 98.340             Loss 0.57038
Epoch [193] Testing Class Recall: [0.877,0.936,0.832,0.729,0.866,0.808,0.912,0.876,0.931,0.926]
Epoch [194] Training Results: Prec@1 73.552 Prec@5 92.087             Loss 1.00659
Epoch [194] Training Class Recall: [0.741,0.742,0.737,0.709,0.738,0.706,0.750,0.740,0.751,0.742]
Epoch [194] Testing Results: Prec@1 86.770 Prec@5 98.300             Loss 0.58261
Epoch [194] Testing Class Recall: [0.877,0.938,0.834,0.718,0.869,0.807,0.914,0.870,0.928,0.922]
Epoch [195] Training Results: Prec@1 73.470 Prec@5 92.062             Loss 1.00870
Epoch [195] Training Class Recall: [0.745,0.740,0.738,0.705,0.732,0.702,0.745,0.742,0.757,0.742]
Epoch [195] Testing Results: Prec@1 86.920 Prec@5 98.270             Loss 0.57594
Epoch [195] Testing Class Recall: [0.879,0.938,0.826,0.717,0.870,0.812,0.912,0.879,0.931,0.928]
Epoch [196] Training Results: Prec@1 73.493 Prec@5 92.220             Loss 1.00755
Epoch [196] Training Class Recall: [0.743,0.743,0.734,0.705,0.736,0.711,0.747,0.737,0.752,0.741]
Epoch [196] Testing Results: Prec@1 86.930 Prec@5 98.310             Loss 0.57848
Epoch [196] Testing Class Recall: [0.876,0.937,0.825,0.736,0.865,0.809,0.910,0.880,0.932,0.923]
Epoch [197] Training Results: Prec@1 73.493 Prec@5 92.212             Loss 1.00663
Epoch [197] Training Class Recall: [0.743,0.740,0.735,0.711,0.736,0.708,0.744,0.742,0.752,0.739]
Epoch [197] Testing Results: Prec@1 87.060 Prec@5 98.330             Loss 0.57568
Epoch [197] Testing Class Recall: [0.874,0.941,0.826,0.734,0.874,0.805,0.912,0.887,0.919,0.934]
Epoch [198] Training Results: Prec@1 73.518 Prec@5 92.100             Loss 1.00702
Epoch [198] Training Class Recall: [0.740,0.740,0.730,0.704,0.737,0.708,0.749,0.744,0.757,0.743]
Epoch [198] Testing Results: Prec@1 86.960 Prec@5 98.350             Loss 0.57307
Epoch [198] Testing Class Recall: [0.876,0.938,0.827,0.731,0.870,0.807,0.912,0.877,0.929,0.929]
Epoch [199] Training Results: Prec@1 73.565 Prec@5 92.085             Loss 1.00667
Epoch [199] Training Class Recall: [0.742,0.742,0.734,0.709,0.741,0.707,0.743,0.741,0.757,0.742]
Epoch [199] Testing Results: Prec@1 86.930 Prec@5 98.340             Loss 0.58102
Epoch [199] Testing Class Recall: [0.881,0.931,0.826,0.736,0.869,0.798,0.913,0.888,0.924,0.927]
