Log file: cifar10_lava0.9_mamix_drw_exp0.01_seed42_20260429_134855.log
Run started: 2026-04-29 13:48:55.466971
Dataset: cifar10
Imbalance type: exp, factor: 0.01
Selection method: lava, ratio: 0.9
Strategy: MAMix_DRW, epochs: 200
Seed: 42, rand_number: 0
Augmentation: weak
mamix_ratio: 0.25
============================================================

=> Preparing logger and tensorboard writer !
----------------------------------------------------
Class ID   | Original   | Selected   | Keep %  
----------------------------------------------------
0          | 5000       | 4689       |    93.8%
1          | 2997       | 2068       |    69.0%
2          | 1796       | 1795       |    99.9%
3          | 1077       | 1077       |   100.0%
4          | 645        | 645        |   100.0%
5          | 387        | 387        |   100.0%
6          | 232        | 232        |   100.0%
7          | 139        | 139        |   100.0%
8          | 83         | 83         |   100.0%
9          | 50         | 50         |   100.0%
----------------------------------------------------
TOTAL      | 12406      | 11165      |    90.0%
----------------------------------------------------
Epoch [0] Training Results: Prec@1 46.279 Prec@5 90.945             Loss 1.62419
Epoch [0] Training Class Recall: [0.800,0.368,0.335,0.025,0.045,0.000,0.000,0.000,0.000,0.000]
Epoch [0] Testing Results: Prec@1 20.520 Prec@5 59.980             Loss 3.13458
Epoch [0] Testing Class Recall: [0.853,0.704,0.493,0.002,0.000,0.000,0.000,0.000,0.000,0.000]
Epoch [1] Training Results: Prec@1 55.361 Prec@5 93.256             Loss 1.39849
Epoch [1] Training Class Recall: [0.840,0.599,0.473,0.130,0.023,0.000,0.000,0.000,0.000,0.000]
Epoch [1] Testing Results: Prec@1 24.150 Prec@5 63.750             Loss 2.67633
Epoch [1] Testing Class Recall: [0.680,0.870,0.697,0.168,0.000,0.000,0.000,0.000,0.000,0.000]
Epoch [2] Training Results: Prec@1 57.653 Prec@5 93.820             Loss 1.37850
Epoch [2] Training Class Recall: [0.841,0.666,0.479,0.232,0.011,0.000,0.000,0.000,0.000,0.000]
Epoch [2] Testing Results: Prec@1 20.690 Prec@5 64.880             Loss 2.80434
Epoch [2] Testing Class Recall: [0.969,0.435,0.435,0.230,0.000,0.000,0.000,0.000,0.000,0.000]
Epoch [3] Training Results: Prec@1 61.129 Prec@5 94.232             Loss 1.31609
Epoch [3] Training Class Recall: [0.880,0.687,0.499,0.357,0.000,0.000,0.000,0.000,0.000,0.000]
Epoch [3] Testing Results: Prec@1 25.160 Prec@5 68.300             Loss 2.91446
Epoch [3] Testing Class Recall: [0.882,0.852,0.568,0.214,0.000,0.000,0.000,0.000,0.000,0.000]
Epoch [4] Training Results: Prec@1 61.066 Prec@5 94.483             Loss 1.34080
Epoch [4] Training Class Recall: [0.875,0.729,0.447,0.361,0.026,0.003,0.000,0.000,0.000,0.000]
Epoch [4] Testing Results: Prec@1 24.680 Prec@5 67.820             Loss 2.69876
Epoch [4] Testing Class Recall: [0.933,0.795,0.489,0.251,0.000,0.000,0.000,0.000,0.000,0.000]
Epoch [5] Training Results: Prec@1 64.093 Prec@5 94.957             Loss 1.28635
Epoch [5] Training Class Recall: [0.901,0.775,0.489,0.403,0.028,0.000,0.000,0.000,0.000,0.000]
Epoch [5] Testing Results: Prec@1 27.260 Prec@5 62.960             Loss 2.58212
Epoch [5] Testing Class Recall: [0.908,0.851,0.533,0.434,0.000,0.000,0.000,0.000,0.000,0.000]
Epoch [6] Training Results: Prec@1 65.401 Prec@5 95.146             Loss 1.26126
Epoch [6] Training Class Recall: [0.908,0.797,0.519,0.410,0.037,0.000,0.000,0.000,0.000,0.000]
Epoch [6] Testing Results: Prec@1 26.570 Prec@5 65.620             Loss 2.79742
Epoch [6] Testing Class Recall: [0.922,0.853,0.451,0.431,0.000,0.000,0.000,0.000,0.000,0.000]
Epoch [7] Training Results: Prec@1 66.843 Prec@5 95.414             Loss 1.24109
Epoch [7] Training Class Recall: [0.919,0.803,0.518,0.486,0.064,0.000,0.000,0.000,0.000,0.000]
Epoch [7] Testing Results: Prec@1 31.510 Prec@5 69.190             Loss 2.43109
Epoch [7] Testing Class Recall: [0.844,0.972,0.495,0.546,0.294,0.000,0.000,0.000,0.000,0.000]
Epoch [8] Training Results: Prec@1 66.959 Prec@5 95.504             Loss 1.22801
Epoch [8] Training Class Recall: [0.912,0.820,0.553,0.414,0.091,0.013,0.000,0.000,0.000,0.000]
Epoch [8] Testing Results: Prec@1 29.280 Prec@5 69.860             Loss 2.51827
Epoch [8] Testing Class Recall: [0.938,0.908,0.468,0.371,0.243,0.000,0.000,0.000,0.000,0.000]
Epoch [9] Training Results: Prec@1 68.867 Prec@5 95.674             Loss 1.20778
Epoch [9] Training Class Recall: [0.921,0.841,0.550,0.512,0.141,0.005,0.000,0.000,0.000,0.000]
Epoch [9] Testing Results: Prec@1 32.930 Prec@5 71.570             Loss 2.39077
Epoch [9] Testing Class Recall: [0.906,0.852,0.461,0.549,0.276,0.002,0.247,0.000,0.000,0.000]
Epoch [10] Training Results: Prec@1 69.019 Prec@5 95.772             Loss 1.21287
Epoch [10] Training Class Recall: [0.931,0.862,0.518,0.500,0.135,0.000,0.013,0.000,0.000,0.000]
Epoch [10] Testing Results: Prec@1 32.350 Prec@5 75.160             Loss 2.33246
Epoch [10] Testing Class Recall: [0.801,0.984,0.600,0.563,0.280,0.001,0.006,0.000,0.000,0.000]
Epoch [11] Training Results: Prec@1 70.237 Prec@5 96.113             Loss 1.18154
Epoch [11] Training Class Recall: [0.919,0.865,0.576,0.511,0.234,0.000,0.047,0.000,0.000,0.000]
Epoch [11] Testing Results: Prec@1 30.470 Prec@5 75.060             Loss 2.55782
Epoch [11] Testing Class Recall: [0.905,0.984,0.268,0.278,0.602,0.000,0.010,0.000,0.000,0.000]
Epoch [12] Training Results: Prec@1 71.527 Prec@5 96.498             Loss 1.15422
Epoch [12] Training Class Recall: [0.934,0.881,0.550,0.525,0.316,0.021,0.095,0.000,0.000,0.000]
Epoch [12] Testing Results: Prec@1 35.400 Prec@5 78.430             Loss 2.32057
Epoch [12] Testing Class Recall: [0.900,0.976,0.489,0.598,0.365,0.054,0.158,0.000,0.000,0.000]
Epoch [13] Training Results: Prec@1 72.091 Prec@5 96.856             Loss 1.15230
Epoch [13] Training Class Recall: [0.928,0.890,0.589,0.522,0.302,0.028,0.142,0.000,0.000,0.000]
Epoch [13] Testing Results: Prec@1 32.000 Prec@5 78.360             Loss 2.40736
Epoch [13] Testing Class Recall: [0.986,0.783,0.495,0.381,0.263,0.028,0.264,0.000,0.000,0.000]
Epoch [14] Training Results: Prec@1 73.775 Prec@5 96.883             Loss 1.12457
Epoch [14] Training Class Recall: [0.932,0.904,0.606,0.550,0.419,0.028,0.164,0.000,0.000,0.000]
Epoch [14] Testing Results: Prec@1 37.950 Prec@5 78.550             Loss 2.22172
Epoch [14] Testing Class Recall: [0.936,0.947,0.658,0.385,0.354,0.018,0.494,0.003,0.000,0.000]
Epoch [15] Training Results: Prec@1 74.205 Prec@5 97.134             Loss 1.11733
Epoch [15] Training Class Recall: [0.938,0.909,0.639,0.511,0.361,0.080,0.185,0.014,0.000,0.000]
Epoch [15] Testing Results: Prec@1 40.140 Prec@5 80.370             Loss 2.12445
Epoch [15] Testing Class Recall: [0.944,0.928,0.614,0.510,0.461,0.160,0.309,0.088,0.000,0.000]
Epoch [16] Training Results: Prec@1 74.805 Prec@5 97.232             Loss 1.08782
Epoch [16] Training Class Recall: [0.936,0.901,0.639,0.525,0.468,0.096,0.198,0.036,0.000,0.000]
Epoch [16] Testing Results: Prec@1 38.770 Prec@5 77.050             Loss 2.38638
Epoch [16] Testing Class Recall: [0.925,0.938,0.512,0.741,0.554,0.028,0.092,0.087,0.000,0.000]
Epoch [17] Training Results: Prec@1 76.014 Prec@5 97.564             Loss 1.07949
Epoch [17] Training Class Recall: [0.940,0.923,0.648,0.572,0.460,0.101,0.194,0.079,0.000,0.000]
Epoch [17] Testing Results: Prec@1 37.910 Prec@5 81.490             Loss 2.29867
Epoch [17] Testing Class Recall: [0.978,0.910,0.435,0.503,0.506,0.035,0.359,0.065,0.000,0.000]
Epoch [18] Training Results: Prec@1 77.232 Prec@5 97.618             Loss 1.07578
Epoch [18] Training Class Recall: [0.952,0.924,0.655,0.582,0.509,0.132,0.220,0.108,0.000,0.000]
Epoch [18] Testing Results: Prec@1 44.770 Prec@5 84.340             Loss 1.76411
Epoch [18] Testing Class Recall: [0.829,0.973,0.752,0.552,0.610,0.296,0.314,0.148,0.000,0.003]
Epoch [19] Training Results: Prec@1 77.600 Prec@5 97.833             Loss 1.07354
Epoch [19] Training Class Recall: [0.951,0.931,0.672,0.556,0.504,0.168,0.280,0.137,0.012,0.000]
Epoch [19] Testing Results: Prec@1 44.520 Prec@5 87.050             Loss 1.78923
Epoch [19] Testing Class Recall: [0.979,0.933,0.474,0.522,0.494,0.472,0.295,0.283,0.000,0.000]
Epoch [20] Training Results: Prec@1 78.271 Prec@5 98.003             Loss 1.05925
Epoch [20] Training Class Recall: [0.949,0.929,0.670,0.594,0.541,0.194,0.310,0.194,0.000,0.020]
Epoch [20] Testing Results: Prec@1 39.950 Prec@5 85.850             Loss 2.03169
Epoch [20] Testing Class Recall: [0.982,0.806,0.569,0.432,0.589,0.112,0.345,0.137,0.001,0.022]
Epoch [21] Training Results: Prec@1 78.585 Prec@5 98.083             Loss 1.05074
Epoch [21] Training Class Recall: [0.952,0.942,0.676,0.604,0.509,0.165,0.323,0.209,0.012,0.020]
Epoch [21] Testing Results: Prec@1 43.750 Prec@5 79.780             Loss 2.14623
Epoch [21] Testing Class Recall: [0.913,0.985,0.639,0.664,0.461,0.157,0.413,0.143,0.000,0.000]
Epoch [22] Training Results: Prec@1 79.095 Prec@5 98.110             Loss 1.03512
Epoch [22] Training Class Recall: [0.945,0.938,0.692,0.600,0.544,0.264,0.384,0.158,0.060,0.000]
Epoch [22] Testing Results: Prec@1 46.860 Prec@5 85.240             Loss 1.82447
Epoch [22] Testing Class Recall: [0.945,0.966,0.682,0.578,0.446,0.440,0.482,0.123,0.024,0.000]
Epoch [23] Training Results: Prec@1 79.857 Prec@5 98.245             Loss 0.98592
Epoch [23] Training Class Recall: [0.949,0.947,0.701,0.652,0.516,0.269,0.349,0.173,0.060,0.000]
Epoch [23] Testing Results: Prec@1 46.820 Prec@5 84.400             Loss 1.91909
Epoch [23] Testing Class Recall: [0.906,0.985,0.765,0.649,0.561,0.271,0.459,0.054,0.032,0.000]
Epoch [24] Training Results: Prec@1 81.111 Prec@5 98.442             Loss 0.99592
Epoch [24] Training Class Recall: [0.950,0.948,0.725,0.656,0.617,0.269,0.388,0.209,0.145,0.020]
Epoch [24] Testing Results: Prec@1 49.030 Prec@5 89.790             Loss 1.53761
Epoch [24] Testing Class Recall: [0.810,0.994,0.731,0.659,0.570,0.102,0.258,0.476,0.279,0.024]
Epoch [25] Training Results: Prec@1 81.173 Prec@5 98.531             Loss 1.01757
Epoch [25] Training Class Recall: [0.953,0.946,0.729,0.649,0.600,0.282,0.379,0.259,0.120,0.020]
Epoch [25] Testing Results: Prec@1 46.780 Prec@5 88.110             Loss 1.82943
Epoch [25] Testing Class Recall: [0.981,0.875,0.610,0.498,0.531,0.226,0.609,0.323,0.020,0.005]
Epoch [26] Training Results: Prec@1 82.078 Prec@5 98.603             Loss 0.96303
Epoch [26] Training Class Recall: [0.955,0.952,0.744,0.673,0.611,0.313,0.388,0.266,0.169,0.040]
Epoch [26] Testing Results: Prec@1 48.940 Prec@5 90.600             Loss 1.64454
Epoch [26] Testing Class Recall: [0.971,0.877,0.711,0.712,0.405,0.246,0.397,0.308,0.198,0.069]
Epoch [27] Training Results: Prec@1 82.311 Prec@5 98.648             Loss 0.97226
Epoch [27] Training Class Recall: [0.957,0.951,0.748,0.663,0.620,0.302,0.409,0.360,0.205,0.040]
Epoch [27] Testing Results: Prec@1 42.460 Prec@5 88.890             Loss 1.96786
Epoch [27] Testing Class Recall: [0.987,0.941,0.543,0.347,0.340,0.359,0.155,0.472,0.074,0.028]
Epoch [28] Training Results: Prec@1 82.365 Prec@5 98.558             Loss 0.98156
Epoch [28] Training Class Recall: [0.953,0.950,0.743,0.656,0.651,0.326,0.444,0.331,0.301,0.080]
Epoch [28] Testing Results: Prec@1 48.300 Prec@5 88.600             Loss 1.78313
Epoch [28] Testing Class Recall: [0.938,0.975,0.846,0.547,0.255,0.381,0.292,0.552,0.040,0.004]
Epoch [29] Training Results: Prec@1 82.087 Prec@5 98.621             Loss 1.03010
Epoch [29] Training Class Recall: [0.951,0.953,0.743,0.685,0.612,0.328,0.409,0.216,0.193,0.060]
Epoch [29] Testing Results: Prec@1 42.720 Prec@5 87.590             Loss 1.99762
Epoch [29] Testing Class Recall: [0.975,0.954,0.634,0.602,0.454,0.087,0.386,0.161,0.018,0.001]
Epoch [30] Training Results: Prec@1 83.045 Prec@5 98.737             Loss 0.98104
Epoch [30] Training Class Recall: [0.954,0.955,0.762,0.693,0.634,0.339,0.422,0.324,0.337,0.040]
Epoch [30] Testing Results: Prec@1 46.650 Prec@5 90.490             Loss 1.82203
Epoch [30] Testing Class Recall: [0.978,0.983,0.496,0.450,0.465,0.524,0.256,0.402,0.104,0.007]
Epoch [31] Training Results: Prec@1 83.493 Prec@5 98.827             Loss 0.98374
Epoch [31] Training Class Recall: [0.956,0.959,0.780,0.666,0.656,0.362,0.453,0.317,0.301,0.060]
Epoch [31] Testing Results: Prec@1 51.350 Prec@5 86.900             Loss 1.65095
Epoch [31] Testing Class Recall: [0.897,0.985,0.840,0.635,0.555,0.349,0.062,0.449,0.300,0.063]
Epoch [32] Training Results: Prec@1 84.030 Prec@5 98.871             Loss 0.96331
Epoch [32] Training Class Recall: [0.956,0.963,0.772,0.698,0.657,0.364,0.457,0.374,0.470,0.180]
Epoch [32] Testing Results: Prec@1 49.860 Prec@5 91.260             Loss 1.67977
Epoch [32] Testing Class Recall: [0.989,0.947,0.515,0.352,0.628,0.400,0.600,0.284,0.060,0.211]
Epoch [33] Training Results: Prec@1 83.663 Prec@5 98.871             Loss 0.97617
Epoch [33] Training Class Recall: [0.961,0.957,0.738,0.706,0.660,0.377,0.496,0.381,0.313,0.100]
Epoch [33] Testing Results: Prec@1 51.970 Prec@5 91.640             Loss 1.51671
Epoch [33] Testing Class Recall: [0.974,0.978,0.603,0.461,0.437,0.520,0.562,0.283,0.088,0.291]
Epoch [34] Training Results: Prec@1 84.487 Prec@5 98.764             Loss 1.00675
Epoch [34] Training Class Recall: [0.963,0.966,0.766,0.728,0.653,0.403,0.422,0.367,0.337,0.160]
Epoch [34] Testing Results: Prec@1 58.940 Prec@5 92.860             Loss 1.30251
Epoch [34] Testing Class Recall: [0.960,0.967,0.725,0.555,0.614,0.445,0.543,0.492,0.226,0.367]
Epoch [35] Training Results: Prec@1 85.123 Prec@5 98.979             Loss 0.94064
Epoch [35] Training Class Recall: [0.964,0.958,0.794,0.704,0.699,0.421,0.474,0.374,0.337,0.300]
Epoch [35] Testing Results: Prec@1 54.790 Prec@5 91.560             Loss 1.55975
Epoch [35] Testing Class Recall: [0.948,0.974,0.671,0.729,0.568,0.187,0.604,0.619,0.122,0.057]
Epoch [36] Training Results: Prec@1 84.371 Prec@5 98.746             Loss 0.99013
Epoch [36] Training Class Recall: [0.968,0.946,0.788,0.665,0.682,0.401,0.491,0.381,0.325,0.120]
Epoch [36] Testing Results: Prec@1 52.360 Prec@5 86.200             Loss 1.71104
Epoch [36] Testing Class Recall: [0.877,0.981,0.674,0.873,0.484,0.445,0.556,0.240,0.048,0.058]
Epoch [37] Training Results: Prec@1 85.320 Prec@5 98.970             Loss 0.94217
Epoch [37] Training Class Recall: [0.955,0.957,0.798,0.725,0.718,0.439,0.509,0.403,0.398,0.280]
Epoch [37] Testing Results: Prec@1 50.870 Prec@5 88.350             Loss 1.77599
Epoch [37] Testing Class Recall: [0.861,0.997,0.740,0.718,0.525,0.290,0.506,0.367,0.050,0.033]
Epoch [38] Training Results: Prec@1 85.661 Prec@5 98.970             Loss 0.93150
Epoch [38] Training Class Recall: [0.957,0.961,0.802,0.761,0.707,0.380,0.573,0.374,0.373,0.240]
Epoch [38] Testing Results: Prec@1 48.820 Prec@5 89.700             Loss 1.77314
Epoch [38] Testing Class Recall: [0.989,0.950,0.594,0.472,0.508,0.293,0.391,0.494,0.096,0.095]
Epoch [39] Training Results: Prec@1 86.485 Prec@5 99.140             Loss 0.92285
Epoch [39] Training Class Recall: [0.968,0.971,0.788,0.769,0.712,0.470,0.513,0.388,0.482,0.200]
Epoch [39] Testing Results: Prec@1 55.550 Prec@5 90.470             Loss 1.46384
Epoch [39] Testing Class Recall: [0.920,0.991,0.796,0.635,0.526,0.330,0.641,0.428,0.155,0.133]
Epoch [40] Training Results: Prec@1 85.455 Prec@5 99.113             Loss 0.94950
Epoch [40] Training Class Recall: [0.961,0.949,0.807,0.738,0.681,0.426,0.509,0.439,0.373,0.300]
Epoch [40] Testing Results: Prec@1 53.410 Prec@5 90.600             Loss 1.58833
Epoch [40] Testing Class Recall: [0.941,0.990,0.626,0.766,0.429,0.504,0.557,0.343,0.102,0.083]
Epoch [41] Training Results: Prec@1 86.547 Prec@5 99.167             Loss 0.93154
Epoch [41] Training Class Recall: [0.969,0.951,0.799,0.786,0.727,0.460,0.547,0.388,0.373,0.300]
Epoch [41] Testing Results: Prec@1 56.170 Prec@5 90.900             Loss 1.47955
Epoch [41] Testing Class Recall: [0.939,0.993,0.702,0.628,0.496,0.466,0.608,0.479,0.212,0.094]
Epoch [42] Training Results: Prec@1 86.700 Prec@5 99.149             Loss 0.91139
Epoch [42] Training Class Recall: [0.966,0.964,0.797,0.742,0.778,0.457,0.556,0.482,0.398,0.340]
Epoch [42] Testing Results: Prec@1 54.740 Prec@5 92.350             Loss 1.49130
Epoch [42] Testing Class Recall: [0.988,0.938,0.770,0.466,0.594,0.369,0.429,0.370,0.239,0.311]
Epoch [43] Training Results: Prec@1 86.431 Prec@5 99.051             Loss 0.88258
Epoch [43] Training Class Recall: [0.967,0.955,0.804,0.760,0.736,0.481,0.500,0.482,0.361,0.120]
Epoch [43] Testing Results: Prec@1 54.420 Prec@5 89.630             Loss 1.51151
Epoch [43] Testing Class Recall: [0.867,0.987,0.880,0.672,0.648,0.287,0.514,0.311,0.183,0.093]
Epoch [44] Training Results: Prec@1 87.031 Prec@5 99.391             Loss 0.91602
Epoch [44] Training Class Recall: [0.961,0.957,0.837,0.753,0.752,0.481,0.547,0.511,0.446,0.280]
Epoch [44] Testing Results: Prec@1 54.200 Prec@5 91.070             Loss 1.59854
Epoch [44] Testing Class Recall: [0.973,0.972,0.704,0.663,0.543,0.258,0.600,0.472,0.066,0.169]
Epoch [45] Training Results: Prec@1 86.906 Prec@5 99.203             Loss 0.92951
Epoch [45] Training Class Recall: [0.968,0.955,0.812,0.783,0.724,0.473,0.496,0.446,0.458,0.440]
Epoch [45] Testing Results: Prec@1 59.640 Prec@5 92.510             Loss 1.31067
Epoch [45] Testing Class Recall: [0.904,0.983,0.871,0.605,0.626,0.542,0.356,0.427,0.348,0.302]
Epoch [46] Training Results: Prec@1 87.918 Prec@5 99.275             Loss 0.96404
Epoch [46] Training Class Recall: [0.972,0.962,0.828,0.769,0.767,0.457,0.612,0.532,0.530,0.440]
Epoch [46] Testing Results: Prec@1 56.210 Prec@5 90.880             Loss 1.47568
Epoch [46] Testing Class Recall: [0.976,0.949,0.764,0.615,0.643,0.279,0.668,0.327,0.201,0.199]
Epoch [47] Training Results: Prec@1 87.291 Prec@5 99.212             Loss 0.90951
Epoch [47] Training Class Recall: [0.969,0.963,0.818,0.775,0.753,0.455,0.547,0.403,0.470,0.480]
Epoch [47] Testing Results: Prec@1 51.780 Prec@5 89.490             Loss 1.75433
Epoch [47] Testing Class Recall: [0.955,0.989,0.836,0.541,0.462,0.471,0.237,0.429,0.206,0.052]
Epoch [48] Training Results: Prec@1 87.676 Prec@5 99.391             Loss 0.91243
Epoch [48] Training Class Recall: [0.969,0.955,0.827,0.737,0.781,0.566,0.629,0.482,0.482,0.340]
Epoch [48] Testing Results: Prec@1 50.810 Prec@5 89.880             Loss 1.79856
Epoch [48] Testing Class Recall: [0.981,0.975,0.787,0.494,0.488,0.484,0.356,0.268,0.190,0.058]
Epoch [49] Training Results: Prec@1 87.604 Prec@5 99.400             Loss 0.94986
Epoch [49] Training Class Recall: [0.970,0.961,0.832,0.742,0.778,0.488,0.582,0.496,0.482,0.340]
Epoch [49] Testing Results: Prec@1 55.610 Prec@5 90.820             Loss 1.50928
Epoch [49] Testing Class Recall: [0.967,0.985,0.779,0.570,0.635,0.493,0.491,0.417,0.211,0.013]
Epoch [50] Training Results: Prec@1 88.231 Prec@5 99.346             Loss 0.92921
Epoch [50] Training Class Recall: [0.975,0.965,0.832,0.764,0.771,0.475,0.586,0.612,0.614,0.320]
Epoch [50] Testing Results: Prec@1 53.550 Prec@5 89.980             Loss 1.60756
Epoch [50] Testing Class Recall: [0.987,0.984,0.667,0.549,0.701,0.433,0.625,0.163,0.165,0.081]
Epoch [51] Training Results: Prec@1 88.383 Prec@5 99.481             Loss 0.83698
Epoch [51] Training Class Recall: [0.967,0.968,0.846,0.762,0.797,0.530,0.565,0.561,0.542,0.400]
Epoch [51] Testing Results: Prec@1 61.670 Prec@5 92.260             Loss 1.31895
Epoch [51] Testing Class Recall: [0.953,0.974,0.614,0.771,0.498,0.659,0.744,0.270,0.500,0.184]
Epoch [52] Training Results: Prec@1 88.106 Prec@5 99.355             Loss 0.93600
Epoch [52] Training Class Recall: [0.961,0.968,0.850,0.777,0.747,0.530,0.612,0.576,0.542,0.280]
Epoch [52] Testing Results: Prec@1 57.050 Prec@5 91.470             Loss 1.50598
Epoch [52] Testing Class Recall: [0.966,0.985,0.659,0.769,0.342,0.388,0.720,0.503,0.231,0.142]
Epoch [53] Training Results: Prec@1 88.571 Prec@5 99.454             Loss 0.91236
Epoch [53] Training Class Recall: [0.971,0.965,0.843,0.786,0.789,0.488,0.599,0.561,0.554,0.360]
Epoch [53] Testing Results: Prec@1 61.760 Prec@5 93.410             Loss 1.24109
Epoch [53] Testing Class Recall: [0.908,0.934,0.795,0.859,0.724,0.410,0.295,0.414,0.154,0.683]
Epoch [54] Training Results: Prec@1 88.562 Prec@5 99.516             Loss 0.88515
Epoch [54] Training Class Recall: [0.973,0.964,0.845,0.763,0.777,0.509,0.616,0.590,0.566,0.440]
Epoch [54] Testing Results: Prec@1 52.530 Prec@5 88.900             Loss 1.76978
Epoch [54] Testing Class Recall: [0.968,0.960,0.859,0.576,0.400,0.520,0.484,0.273,0.163,0.050]
Epoch [55] Training Results: Prec@1 88.473 Prec@5 99.418             Loss 0.90015
Epoch [55] Training Class Recall: [0.967,0.969,0.838,0.800,0.760,0.517,0.612,0.547,0.566,0.340]
Epoch [55] Testing Results: Prec@1 55.950 Prec@5 88.200             Loss 1.65124
Epoch [55] Testing Class Recall: [0.981,0.988,0.733,0.747,0.543,0.399,0.684,0.191,0.295,0.034]
Epoch [56] Training Results: Prec@1 88.867 Prec@5 99.346             Loss 0.89657
Epoch [56] Training Class Recall: [0.968,0.967,0.846,0.798,0.783,0.530,0.603,0.554,0.651,0.500]
Epoch [56] Testing Results: Prec@1 63.850 Prec@5 90.790             Loss 1.24530
Epoch [56] Testing Class Recall: [0.897,0.975,0.857,0.569,0.745,0.654,0.759,0.320,0.511,0.098]
Epoch [57] Training Results: Prec@1 88.150 Prec@5 99.283             Loss 0.88509
Epoch [57] Training Class Recall: [0.964,0.955,0.842,0.799,0.752,0.527,0.621,0.568,0.530,0.340]
Epoch [57] Testing Results: Prec@1 52.190 Prec@5 89.200             Loss 1.68743
Epoch [57] Testing Class Recall: [0.949,0.996,0.703,0.655,0.474,0.505,0.497,0.203,0.215,0.022]
Epoch [58] Training Results: Prec@1 88.777 Prec@5 99.382             Loss 0.93073
Epoch [58] Training Class Recall: [0.971,0.969,0.830,0.799,0.811,0.535,0.625,0.475,0.590,0.320]
Epoch [58] Testing Results: Prec@1 54.310 Prec@5 91.150             Loss 1.59000
Epoch [58] Testing Class Recall: [0.971,0.990,0.775,0.465,0.569,0.249,0.378,0.382,0.169,0.483]
Epoch [59] Training Results: Prec@1 89.386 Prec@5 99.418             Loss 0.89613
Epoch [59] Training Class Recall: [0.975,0.974,0.861,0.785,0.805,0.504,0.655,0.504,0.554,0.460]
Epoch [59] Testing Results: Prec@1 50.320 Prec@5 88.090             Loss 1.89115
Epoch [59] Testing Class Recall: [0.973,0.986,0.856,0.651,0.452,0.342,0.160,0.454,0.046,0.112]
Epoch [60] Training Results: Prec@1 89.360 Prec@5 99.472             Loss 0.88640
Epoch [60] Training Class Recall: [0.967,0.974,0.847,0.816,0.833,0.527,0.655,0.540,0.518,0.320]
Epoch [60] Testing Results: Prec@1 57.160 Prec@5 90.180             Loss 1.45617
Epoch [60] Testing Class Recall: [0.967,0.978,0.810,0.565,0.551,0.599,0.261,0.407,0.182,0.396]
Epoch [61] Training Results: Prec@1 89.243 Prec@5 99.445             Loss 0.88176
Epoch [61] Training Class Recall: [0.967,0.975,0.862,0.809,0.809,0.478,0.638,0.511,0.566,0.500]
Epoch [61] Testing Results: Prec@1 56.090 Prec@5 90.850             Loss 1.62466
Epoch [61] Testing Class Recall: [0.996,0.930,0.530,0.616,0.638,0.690,0.600,0.426,0.124,0.059]
Epoch [62] Training Results: Prec@1 88.894 Prec@5 99.561             Loss 0.83485
Epoch [62] Training Class Recall: [0.963,0.969,0.849,0.798,0.836,0.488,0.634,0.554,0.578,0.500]
Epoch [62] Testing Results: Prec@1 53.830 Prec@5 91.340             Loss 1.55827
Epoch [62] Testing Class Recall: [0.989,0.824,0.685,0.617,0.543,0.516,0.158,0.196,0.550,0.305]
Epoch [63] Training Results: Prec@1 89.064 Prec@5 99.472             Loss 0.90184
Epoch [63] Training Class Recall: [0.973,0.962,0.828,0.821,0.823,0.494,0.603,0.568,0.614,0.560]
Epoch [63] Testing Results: Prec@1 60.350 Prec@5 89.960             Loss 1.38455
Epoch [63] Testing Class Recall: [0.958,0.977,0.820,0.667,0.684,0.605,0.396,0.421,0.329,0.178]
Epoch [64] Training Results: Prec@1 89.682 Prec@5 99.498             Loss 0.91405
Epoch [64] Training Class Recall: [0.970,0.977,0.840,0.818,0.823,0.519,0.703,0.576,0.627,0.560]
Epoch [64] Testing Results: Prec@1 56.350 Prec@5 90.910             Loss 1.46988
Epoch [64] Testing Class Recall: [0.964,0.985,0.836,0.655,0.500,0.219,0.417,0.305,0.529,0.225]
Epoch [65] Training Results: Prec@1 90.219 Prec@5 99.507             Loss 0.87255
Epoch [65] Training Class Recall: [0.970,0.975,0.870,0.819,0.819,0.589,0.659,0.612,0.602,0.440]
Epoch [65] Testing Results: Prec@1 60.770 Prec@5 90.990             Loss 1.29023
Epoch [65] Testing Class Recall: [0.850,0.986,0.843,0.706,0.868,0.259,0.297,0.368,0.342,0.558]
Epoch [66] Training Results: Prec@1 89.628 Prec@5 99.436             Loss 0.88341
Epoch [66] Training Class Recall: [0.974,0.971,0.851,0.799,0.805,0.548,0.672,0.619,0.590,0.480]
Epoch [66] Testing Results: Prec@1 60.330 Prec@5 88.100             Loss 1.50803
Epoch [66] Testing Class Recall: [0.927,0.980,0.867,0.577,0.678,0.534,0.693,0.481,0.119,0.177]
Epoch [67] Training Results: Prec@1 90.112 Prec@5 99.427             Loss 0.88758
Epoch [67] Training Class Recall: [0.969,0.976,0.875,0.803,0.823,0.563,0.672,0.590,0.627,0.480]
Epoch [67] Testing Results: Prec@1 57.520 Prec@5 87.410             Loss 1.75806
Epoch [67] Testing Class Recall: [0.949,0.990,0.860,0.551,0.581,0.693,0.626,0.402,0.036,0.064]
Epoch [68] Training Results: Prec@1 89.924 Prec@5 99.472             Loss 0.88890
Epoch [68] Training Class Recall: [0.974,0.967,0.855,0.807,0.834,0.584,0.659,0.547,0.627,0.560]
Epoch [68] Testing Results: Prec@1 57.330 Prec@5 86.470             Loss 1.56968
Epoch [68] Testing Class Recall: [0.827,0.977,0.839,0.835,0.582,0.565,0.413,0.322,0.321,0.052]
Epoch [69] Training Results: Prec@1 89.243 Prec@5 99.463             Loss 0.90007
Epoch [69] Training Class Recall: [0.971,0.967,0.841,0.799,0.836,0.553,0.647,0.547,0.554,0.300]
Epoch [69] Testing Results: Prec@1 59.690 Prec@5 90.920             Loss 1.37634
Epoch [69] Testing Class Recall: [0.874,0.992,0.907,0.672,0.720,0.387,0.586,0.465,0.169,0.197]
Epoch [70] Training Results: Prec@1 90.202 Prec@5 99.570             Loss 0.89671
Epoch [70] Training Class Recall: [0.977,0.966,0.852,0.818,0.845,0.584,0.625,0.647,0.602,0.480]
Epoch [70] Testing Results: Prec@1 60.830 Prec@5 92.160             Loss 1.33791
Epoch [70] Testing Class Recall: [0.982,0.981,0.729,0.726,0.595,0.292,0.730,0.479,0.471,0.098]
Epoch [71] Training Results: Prec@1 89.933 Prec@5 99.579             Loss 0.86051
Epoch [71] Training Class Recall: [0.971,0.971,0.867,0.801,0.798,0.561,0.677,0.669,0.602,0.580]
Epoch [71] Testing Results: Prec@1 63.720 Prec@5 91.590             Loss 1.23273
Epoch [71] Testing Class Recall: [0.935,0.987,0.633,0.820,0.571,0.600,0.570,0.742,0.209,0.305]
Epoch [72] Training Results: Prec@1 89.781 Prec@5 99.543             Loss 0.90892
Epoch [72] Training Class Recall: [0.972,0.965,0.856,0.802,0.834,0.592,0.608,0.626,0.627,0.460]
Epoch [72] Testing Results: Prec@1 64.610 Prec@5 94.010             Loss 1.21449
Epoch [72] Testing Class Recall: [0.981,0.974,0.754,0.651,0.587,0.534,0.632,0.478,0.263,0.607]
Epoch [73] Training Results: Prec@1 90.470 Prec@5 99.570             Loss 0.87153
Epoch [73] Training Class Recall: [0.977,0.971,0.855,0.829,0.814,0.625,0.694,0.633,0.627,0.360]
Epoch [73] Testing Results: Prec@1 53.160 Prec@5 87.960             Loss 1.76006
Epoch [73] Testing Class Recall: [0.881,0.989,0.932,0.697,0.621,0.347,0.210,0.317,0.268,0.054]
Epoch [74] Training Results: Prec@1 89.413 Prec@5 99.570             Loss 0.90884
Epoch [74] Training Class Recall: [0.978,0.955,0.847,0.811,0.800,0.522,0.647,0.662,0.566,0.440]
Epoch [74] Testing Results: Prec@1 56.700 Prec@5 90.540             Loss 1.51784
Epoch [74] Testing Class Recall: [0.914,0.987,0.916,0.550,0.616,0.254,0.540,0.582,0.083,0.228]
Epoch [75] Training Results: Prec@1 90.882 Prec@5 99.669             Loss 0.85564
Epoch [75] Training Class Recall: [0.981,0.968,0.874,0.825,0.836,0.576,0.690,0.640,0.602,0.560]
Epoch [75] Testing Results: Prec@1 56.700 Prec@5 90.250             Loss 1.64033
Epoch [75] Testing Class Recall: [0.982,0.954,0.777,0.704,0.513,0.511,0.556,0.392,0.111,0.170]
Epoch [76] Training Results: Prec@1 90.891 Prec@5 99.570             Loss 0.87741
Epoch [76] Training Class Recall: [0.973,0.976,0.879,0.827,0.823,0.581,0.750,0.640,0.651,0.500]
Epoch [76] Testing Results: Prec@1 59.210 Prec@5 89.840             Loss 1.52797
Epoch [76] Testing Class Recall: [0.964,0.994,0.809,0.667,0.713,0.313,0.545,0.664,0.213,0.039]
Epoch [77] Training Results: Prec@1 90.909 Prec@5 99.615             Loss 0.92083
Epoch [77] Training Class Recall: [0.970,0.975,0.887,0.810,0.845,0.605,0.716,0.612,0.759,0.540]
Epoch [77] Testing Results: Prec@1 56.490 Prec@5 87.890             Loss 1.49228
Epoch [77] Testing Class Recall: [0.874,0.987,0.643,0.920,0.679,0.392,0.113,0.432,0.248,0.361]
Epoch [78] Training Results: Prec@1 90.891 Prec@5 99.687             Loss 0.92463
Epoch [78] Training Class Recall: [0.976,0.971,0.872,0.809,0.862,0.623,0.694,0.669,0.614,0.480]
Epoch [78] Testing Results: Prec@1 62.530 Prec@5 93.410             Loss 1.27512
Epoch [78] Testing Class Recall: [0.985,0.945,0.765,0.425,0.715,0.779,0.554,0.507,0.360,0.218]
Epoch [79] Training Results: Prec@1 90.202 Prec@5 99.552             Loss 0.82567
Epoch [79] Training Class Recall: [0.976,0.972,0.859,0.806,0.820,0.602,0.664,0.583,0.651,0.480]
Epoch [79] Testing Results: Prec@1 59.600 Prec@5 92.120             Loss 1.35820
Epoch [79] Testing Class Recall: [0.939,0.989,0.921,0.502,0.576,0.450,0.466,0.237,0.488,0.392]
Epoch [80] Training Results: Prec@1 90.730 Prec@5 99.687             Loss 0.88544
Epoch [80] Training Class Recall: [0.970,0.975,0.882,0.824,0.806,0.615,0.672,0.662,0.747,0.600]
Epoch [80] Testing Results: Prec@1 59.480 Prec@5 93.240             Loss 1.39158
Epoch [80] Testing Class Recall: [0.987,0.904,0.663,0.783,0.610,0.455,0.480,0.358,0.284,0.424]
Epoch [81] Training Results: Prec@1 90.676 Prec@5 99.642             Loss 0.84116
Epoch [81] Training Class Recall: [0.974,0.971,0.874,0.836,0.826,0.568,0.629,0.655,0.759,0.580]
Epoch [81] Testing Results: Prec@1 59.200 Prec@5 88.930             Loss 1.51185
Epoch [81] Testing Class Recall: [0.902,0.995,0.893,0.516,0.741,0.528,0.488,0.472,0.268,0.117]
Epoch [82] Training Results: Prec@1 91.240 Prec@5 99.624             Loss 0.88592
Epoch [82] Training Class Recall: [0.974,0.975,0.892,0.827,0.839,0.615,0.694,0.676,0.663,0.460]
Epoch [82] Testing Results: Prec@1 66.950 Prec@5 91.000             Loss 1.16461
Epoch [82] Testing Class Recall: [0.924,0.972,0.730,0.664,0.863,0.813,0.614,0.333,0.342,0.440]
Epoch [83] Training Results: Prec@1 91.142 Prec@5 99.704             Loss 0.89022
Epoch [83] Training Class Recall: [0.978,0.973,0.873,0.834,0.842,0.599,0.728,0.647,0.651,0.480]
Epoch [83] Testing Results: Prec@1 57.660 Prec@5 89.410             Loss 1.50643
Epoch [83] Testing Class Recall: [0.905,0.990,0.922,0.743,0.590,0.338,0.352,0.525,0.259,0.142]
Epoch [84] Training Results: Prec@1 90.712 Prec@5 99.695             Loss 0.84287
Epoch [84] Training Class Recall: [0.978,0.971,0.858,0.821,0.833,0.579,0.750,0.691,0.675,0.460]
Epoch [84] Testing Results: Prec@1 65.160 Prec@5 91.890             Loss 1.18920
Epoch [84] Testing Class Recall: [0.981,0.972,0.828,0.651,0.762,0.488,0.616,0.385,0.405,0.428]
Epoch [85] Training Results: Prec@1 91.285 Prec@5 99.678             Loss 0.84063
Epoch [85] Training Class Recall: [0.977,0.972,0.880,0.828,0.857,0.620,0.681,0.698,0.651,0.540]
Epoch [85] Testing Results: Prec@1 64.950 Prec@5 92.390             Loss 1.24119
Epoch [85] Testing Class Recall: [0.899,0.982,0.891,0.764,0.635,0.677,0.478,0.457,0.329,0.383]
Epoch [86] Training Results: Prec@1 90.730 Prec@5 99.669             Loss 0.86086
Epoch [86] Training Class Recall: [0.972,0.976,0.865,0.830,0.833,0.592,0.716,0.669,0.687,0.460]
Epoch [86] Testing Results: Prec@1 64.080 Prec@5 91.580             Loss 1.24919
Epoch [86] Testing Class Recall: [0.965,0.992,0.800,0.563,0.863,0.585,0.659,0.454,0.285,0.242]
Epoch [87] Training Results: Prec@1 90.766 Prec@5 99.606             Loss 0.84783
Epoch [87] Training Class Recall: [0.975,0.975,0.868,0.815,0.817,0.630,0.741,0.683,0.590,0.420]
Epoch [87] Testing Results: Prec@1 67.420 Prec@5 93.810             Loss 1.08952
Epoch [87] Testing Class Recall: [0.963,0.971,0.716,0.615,0.860,0.682,0.536,0.500,0.308,0.591]
Epoch [88] Training Results: Prec@1 91.285 Prec@5 99.669             Loss 0.86018
Epoch [88] Training Class Recall: [0.971,0.980,0.865,0.825,0.884,0.667,0.750,0.676,0.639,0.460]
Epoch [88] Testing Results: Prec@1 58.510 Prec@5 87.210             Loss 1.56210
Epoch [88] Testing Class Recall: [0.929,0.985,0.898,0.571,0.720,0.687,0.518,0.251,0.244,0.048]
Epoch [89] Training Results: Prec@1 91.930 Prec@5 99.606             Loss 0.83258
Epoch [89] Training Class Recall: [0.981,0.969,0.877,0.838,0.881,0.649,0.780,0.705,0.663,0.580]
Epoch [89] Testing Results: Prec@1 57.550 Prec@5 89.900             Loss 1.61239
Epoch [89] Testing Class Recall: [0.967,0.986,0.813,0.605,0.708,0.517,0.675,0.315,0.110,0.059]
Epoch [90] Training Results: Prec@1 91.661 Prec@5 99.767             Loss 0.84875
Epoch [90] Training Class Recall: [0.974,0.978,0.882,0.822,0.867,0.669,0.767,0.698,0.675,0.580]
Epoch [90] Testing Results: Prec@1 68.260 Prec@5 94.410             Loss 1.06591
Epoch [90] Testing Class Recall: [0.963,0.983,0.772,0.690,0.507,0.565,0.580,0.721,0.365,0.680]
Epoch [91] Training Results: Prec@1 91.563 Prec@5 99.749             Loss 0.82817
Epoch [91] Training Class Recall: [0.976,0.979,0.881,0.833,0.817,0.654,0.750,0.691,0.759,0.620]
Epoch [91] Testing Results: Prec@1 67.780 Prec@5 93.250             Loss 1.09436
Epoch [91] Testing Class Recall: [0.914,0.991,0.893,0.609,0.662,0.711,0.378,0.610,0.459,0.551]
Epoch [92] Training Results: Prec@1 91.303 Prec@5 99.678             Loss 0.81585
Epoch [92] Training Class Recall: [0.974,0.979,0.882,0.808,0.857,0.643,0.672,0.698,0.711,0.660]
Epoch [92] Testing Results: Prec@1 63.600 Prec@5 92.220             Loss 1.32243
Epoch [92] Testing Class Recall: [0.978,0.975,0.829,0.858,0.620,0.224,0.560,0.612,0.383,0.321]
Epoch [93] Training Results: Prec@1 91.276 Prec@5 99.695             Loss 0.85081
Epoch [93] Training Class Recall: [0.976,0.970,0.871,0.827,0.842,0.646,0.724,0.719,0.759,0.620]
Epoch [93] Testing Results: Prec@1 66.270 Prec@5 92.830             Loss 1.18242
Epoch [93] Testing Class Recall: [0.981,0.968,0.630,0.626,0.785,0.806,0.661,0.290,0.291,0.589]
Epoch [94] Training Results: Prec@1 91.652 Prec@5 99.722             Loss 0.83171
Epoch [94] Training Class Recall: [0.974,0.974,0.881,0.835,0.867,0.651,0.741,0.727,0.699,0.520]
Epoch [94] Testing Results: Prec@1 60.940 Prec@5 89.880             Loss 1.48367
Epoch [94] Testing Class Recall: [0.985,0.986,0.694,0.684,0.684,0.583,0.747,0.562,0.136,0.033]
Epoch [95] Training Results: Prec@1 92.190 Prec@5 99.767             Loss 0.83346
Epoch [95] Training Class Recall: [0.979,0.982,0.870,0.873,0.870,0.643,0.763,0.748,0.711,0.440]
Epoch [95] Testing Results: Prec@1 62.610 Prec@5 90.770             Loss 1.39288
Epoch [95] Testing Class Recall: [0.959,0.984,0.745,0.667,0.800,0.439,0.456,0.651,0.120,0.440]
Epoch [96] Training Results: Prec@1 91.652 Prec@5 99.749             Loss 0.88238
Epoch [96] Training Class Recall: [0.974,0.963,0.885,0.828,0.881,0.705,0.750,0.712,0.675,0.520]
Epoch [96] Testing Results: Prec@1 52.750 Prec@5 89.960             Loss 1.71114
Epoch [96] Testing Class Recall: [0.859,0.997,0.905,0.470,0.692,0.256,0.312,0.589,0.138,0.057]
Epoch [97] Training Results: Prec@1 92.118 Prec@5 99.722             Loss 0.83477
Epoch [97] Training Class Recall: [0.971,0.980,0.904,0.846,0.870,0.643,0.746,0.712,0.747,0.580]
Epoch [97] Testing Results: Prec@1 54.490 Prec@5 89.130             Loss 1.71275
Epoch [97] Testing Class Recall: [0.947,0.984,0.781,0.882,0.632,0.072,0.345,0.487,0.208,0.111]
Epoch [98] Training Results: Prec@1 92.665 Prec@5 99.767             Loss 0.84657
Epoch [98] Training Class Recall: [0.977,0.982,0.907,0.843,0.884,0.654,0.763,0.763,0.759,0.580]
Epoch [98] Testing Results: Prec@1 66.520 Prec@5 92.980             Loss 1.18209
Epoch [98] Testing Class Recall: [0.978,0.968,0.649,0.725,0.755,0.586,0.660,0.612,0.215,0.504]
Epoch [99] Training Results: Prec@1 91.214 Prec@5 99.776             Loss 0.85177
Epoch [99] Training Class Recall: [0.976,0.969,0.875,0.817,0.845,0.646,0.784,0.633,0.651,0.700]
Epoch [99] Testing Results: Prec@1 61.870 Prec@5 89.770             Loss 1.45519
Epoch [99] Testing Class Recall: [0.982,0.978,0.752,0.719,0.614,0.760,0.625,0.401,0.088,0.268]
Epoch [100] Training Results: Prec@1 91.545 Prec@5 99.651             Loss 0.85126
Epoch [100] Training Class Recall: [0.972,0.974,0.886,0.815,0.879,0.643,0.772,0.719,0.639,0.640]
Epoch [100] Testing Results: Prec@1 53.940 Prec@5 88.520             Loss 1.68806
Epoch [100] Testing Class Recall: [0.992,0.919,0.606,0.784,0.509,0.626,0.488,0.205,0.141,0.124]
Epoch [101] Training Results: Prec@1 92.038 Prec@5 99.687             Loss 0.84954
Epoch [101] Training Class Recall: [0.977,0.978,0.887,0.836,0.857,0.667,0.780,0.691,0.735,0.640]
Epoch [101] Testing Results: Prec@1 61.860 Prec@5 90.720             Loss 1.29831
Epoch [101] Testing Class Recall: [0.983,0.932,0.801,0.700,0.688,0.479,0.323,0.445,0.156,0.679]
Epoch [102] Training Results: Prec@1 92.244 Prec@5 99.695             Loss 0.82228
Epoch [102] Training Class Recall: [0.976,0.976,0.888,0.853,0.864,0.672,0.763,0.719,0.795,0.620]
Epoch [102] Testing Results: Prec@1 63.990 Prec@5 89.180             Loss 1.33529
Epoch [102] Testing Class Recall: [0.910,0.981,0.771,0.831,0.882,0.531,0.536,0.275,0.351,0.331]
Epoch [103] Training Results: Prec@1 90.972 Prec@5 99.704             Loss 0.86303
Epoch [103] Training Class Recall: [0.967,0.977,0.868,0.824,0.874,0.630,0.754,0.655,0.687,0.480]
Epoch [103] Testing Results: Prec@1 58.910 Prec@5 91.030             Loss 1.46498
Epoch [103] Testing Class Recall: [0.982,0.963,0.800,0.723,0.423,0.370,0.459,0.690,0.034,0.447]
Epoch [104] Training Results: Prec@1 92.029 Prec@5 99.866             Loss 0.85073
Epoch [104] Training Class Recall: [0.978,0.976,0.897,0.844,0.845,0.659,0.698,0.719,0.747,0.520]
Epoch [104] Testing Results: Prec@1 57.790 Prec@5 90.580             Loss 1.60255
Epoch [104] Testing Class Recall: [0.987,0.988,0.660,0.632,0.708,0.442,0.701,0.393,0.173,0.095]
Epoch [105] Training Results: Prec@1 92.754 Prec@5 99.713             Loss 0.82413
Epoch [105] Training Class Recall: [0.978,0.982,0.902,0.846,0.874,0.716,0.741,0.755,0.699,0.640]
Epoch [105] Testing Results: Prec@1 63.280 Prec@5 90.430             Loss 1.32116
Epoch [105] Testing Class Recall: [0.951,0.982,0.665,0.832,0.825,0.419,0.730,0.265,0.388,0.271]
Epoch [106] Training Results: Prec@1 92.181 Prec@5 99.740             Loss 0.82096
Epoch [106] Training Class Recall: [0.974,0.974,0.890,0.851,0.876,0.693,0.763,0.705,0.711,0.580]
Epoch [106] Testing Results: Prec@1 60.340 Prec@5 92.280             Loss 1.29519
Epoch [106] Testing Class Recall: [0.972,0.959,0.654,0.838,0.596,0.458,0.297,0.582,0.446,0.232]
Epoch [107] Training Results: Prec@1 92.432 Prec@5 99.767             Loss 0.85714
Epoch [107] Training Class Recall: [0.981,0.972,0.884,0.835,0.878,0.726,0.733,0.770,0.759,0.700]
Epoch [107] Testing Results: Prec@1 63.930 Prec@5 90.070             Loss 1.26942
Epoch [107] Testing Class Recall: [0.946,0.982,0.699,0.668,0.674,0.843,0.354,0.452,0.335,0.440]
Epoch [108] Training Results: Prec@1 92.745 Prec@5 99.704             Loss 0.88119
Epoch [108] Training Class Recall: [0.979,0.978,0.897,0.848,0.882,0.695,0.802,0.741,0.711,0.660]
Epoch [108] Testing Results: Prec@1 59.270 Prec@5 91.660             Loss 1.39154
Epoch [108] Testing Class Recall: [0.965,0.989,0.865,0.648,0.594,0.420,0.310,0.542,0.238,0.356]
Epoch [109] Training Results: Prec@1 92.073 Prec@5 99.740             Loss 0.79403
Epoch [109] Training Class Recall: [0.978,0.979,0.885,0.851,0.862,0.672,0.707,0.705,0.675,0.600]
Epoch [109] Testing Results: Prec@1 59.380 Prec@5 92.290             Loss 1.37358
Epoch [109] Testing Class Recall: [0.985,0.977,0.656,0.524,0.712,0.422,0.642,0.456,0.329,0.235]
Epoch [110] Training Results: Prec@1 92.324 Prec@5 99.758             Loss 0.83130
Epoch [110] Training Class Recall: [0.976,0.976,0.892,0.858,0.865,0.674,0.750,0.727,0.723,0.640]
Epoch [110] Testing Results: Prec@1 63.340 Prec@5 89.510             Loss 1.41175
Epoch [110] Testing Class Recall: [0.969,0.964,0.783,0.757,0.786,0.651,0.758,0.304,0.174,0.188]
Epoch [111] Training Results: Prec@1 92.468 Prec@5 99.749             Loss 0.87060
Epoch [111] Training Class Recall: [0.971,0.977,0.891,0.858,0.891,0.698,0.815,0.791,0.675,0.540]
Epoch [111] Testing Results: Prec@1 54.700 Prec@5 90.290             Loss 1.68500
Epoch [111] Testing Class Recall: [0.985,0.982,0.656,0.769,0.647,0.328,0.364,0.325,0.185,0.229]
Epoch [112] Training Results: Prec@1 92.244 Prec@5 99.821             Loss 0.85127
Epoch [112] Training Class Recall: [0.977,0.979,0.892,0.841,0.860,0.677,0.754,0.748,0.723,0.640]
Epoch [112] Testing Results: Prec@1 68.090 Prec@5 92.850             Loss 1.10104
Epoch [112] Testing Class Recall: [0.969,0.963,0.733,0.767,0.763,0.644,0.573,0.713,0.337,0.347]
Epoch [113] Training Results: Prec@1 92.969 Prec@5 99.749             Loss 0.85507
Epoch [113] Training Class Recall: [0.975,0.976,0.896,0.883,0.905,0.685,0.776,0.755,0.735,0.660]
Epoch [113] Testing Results: Prec@1 61.450 Prec@5 90.860             Loss 1.35607
Epoch [113] Testing Class Recall: [0.970,0.986,0.722,0.480,0.814,0.803,0.295,0.439,0.274,0.362]
Epoch [114] Training Results: Prec@1 92.262 Prec@5 99.821             Loss 0.83812
Epoch [114] Training Class Recall: [0.974,0.980,0.898,0.848,0.865,0.656,0.759,0.748,0.735,0.600]
Epoch [114] Testing Results: Prec@1 66.580 Prec@5 93.020             Loss 1.16451
Epoch [114] Testing Class Recall: [0.964,0.975,0.855,0.709,0.725,0.506,0.603,0.453,0.369,0.499]
Epoch [115] Training Results: Prec@1 92.539 Prec@5 99.848             Loss 0.81060
Epoch [115] Training Class Recall: [0.974,0.983,0.897,0.838,0.879,0.711,0.793,0.741,0.675,0.700]
Epoch [115] Testing Results: Prec@1 55.220 Prec@5 89.450             Loss 1.61369
Epoch [115] Testing Class Recall: [0.874,0.992,0.965,0.455,0.517,0.230,0.504,0.285,0.187,0.513]
Epoch [116] Training Results: Prec@1 93.050 Prec@5 99.812             Loss 0.81042
Epoch [116] Training Class Recall: [0.980,0.981,0.912,0.841,0.867,0.755,0.763,0.748,0.759,0.540]
Epoch [116] Testing Results: Prec@1 62.720 Prec@5 91.640             Loss 1.40542
Epoch [116] Testing Class Recall: [0.946,0.988,0.833,0.826,0.680,0.453,0.653,0.461,0.335,0.097]
Epoch [117] Training Results: Prec@1 92.441 Prec@5 99.785             Loss 0.82684
Epoch [117] Training Class Recall: [0.976,0.984,0.909,0.828,0.848,0.711,0.750,0.755,0.675,0.600]
Epoch [117] Testing Results: Prec@1 62.440 Prec@5 89.060             Loss 1.46815
Epoch [117] Testing Class Recall: [0.967,0.967,0.789,0.785,0.766,0.500,0.675,0.374,0.201,0.220]
Epoch [118] Training Results: Prec@1 93.175 Prec@5 99.740             Loss 0.83246
Epoch [118] Training Class Recall: [0.974,0.989,0.899,0.854,0.896,0.742,0.836,0.763,0.675,0.680]
Epoch [118] Testing Results: Prec@1 62.610 Prec@5 91.700             Loss 1.29239
Epoch [118] Testing Class Recall: [0.914,0.989,0.827,0.778,0.535,0.517,0.612,0.479,0.262,0.348]
Epoch [119] Training Results: Prec@1 92.826 Prec@5 99.839             Loss 0.85515
Epoch [119] Training Class Recall: [0.975,0.983,0.900,0.874,0.874,0.700,0.780,0.741,0.723,0.480]
Epoch [119] Testing Results: Prec@1 64.410 Prec@5 91.300             Loss 1.27146
Epoch [119] Testing Class Recall: [0.801,0.998,0.902,0.678,0.749,0.582,0.749,0.417,0.409,0.156]
Epoch [120] Training Results: Prec@1 92.262 Prec@5 99.722             Loss 0.87624
Epoch [120] Training Class Recall: [0.979,0.980,0.889,0.833,0.870,0.700,0.737,0.741,0.687,0.560]
Epoch [120] Testing Results: Prec@1 66.180 Prec@5 92.940             Loss 1.14719
Epoch [120] Testing Class Recall: [0.956,0.937,0.717,0.827,0.678,0.592,0.510,0.432,0.336,0.633]
Epoch [121] Training Results: Prec@1 93.121 Prec@5 99.839             Loss 0.82313
Epoch [121] Training Class Recall: [0.980,0.976,0.901,0.860,0.901,0.721,0.776,0.784,0.747,0.620]
Epoch [121] Testing Results: Prec@1 65.620 Prec@5 94.480             Loss 1.16789
Epoch [121] Testing Class Recall: [0.953,0.974,0.893,0.798,0.637,0.253,0.514,0.465,0.425,0.650]
Epoch [122] Training Results: Prec@1 92.656 Prec@5 99.857             Loss 0.82706
Epoch [122] Training Class Recall: [0.976,0.981,0.889,0.875,0.850,0.711,0.793,0.748,0.759,0.580]
Epoch [122] Testing Results: Prec@1 66.090 Prec@5 93.210             Loss 1.16820
Epoch [122] Testing Class Recall: [0.965,0.980,0.819,0.601,0.775,0.463,0.747,0.450,0.630,0.179]
Epoch [123] Training Results: Prec@1 92.924 Prec@5 99.794             Loss 0.78593
Epoch [123] Training Class Recall: [0.980,0.978,0.906,0.844,0.873,0.744,0.776,0.712,0.771,0.600]
Epoch [123] Testing Results: Prec@1 60.360 Prec@5 91.780             Loss 1.42096
Epoch [123] Testing Class Recall: [0.980,0.972,0.685,0.694,0.770,0.346,0.574,0.466,0.291,0.258]
Epoch [124] Training Results: Prec@1 92.682 Prec@5 99.785             Loss 0.80098
Epoch [124] Training Class Recall: [0.972,0.973,0.892,0.842,0.899,0.757,0.802,0.763,0.807,0.680]
Epoch [124] Testing Results: Prec@1 62.680 Prec@5 93.240             Loss 1.28780
Epoch [124] Testing Class Recall: [0.986,0.965,0.845,0.539,0.661,0.272,0.551,0.586,0.362,0.501]
Epoch [125] Training Results: Prec@1 93.059 Prec@5 99.848             Loss 0.82821
Epoch [125] Training Class Recall: [0.974,0.981,0.904,0.870,0.879,0.739,0.763,0.791,0.723,0.700]
Epoch [125] Testing Results: Prec@1 50.870 Prec@5 90.230             Loss 1.75739
Epoch [125] Testing Class Recall: [0.950,0.977,0.948,0.362,0.445,0.394,0.236,0.269,0.298,0.208]
Epoch [126] Training Results: Prec@1 92.360 Prec@5 99.722             Loss 0.75177
Epoch [126] Training Class Recall: [0.975,0.979,0.905,0.828,0.865,0.693,0.793,0.705,0.699,0.660]
Epoch [126] Testing Results: Prec@1 59.000 Prec@5 89.750             Loss 1.50525
Epoch [126] Testing Class Recall: [0.910,0.995,0.851,0.738,0.743,0.267,0.373,0.548,0.362,0.113]
Epoch [127] Training Results: Prec@1 93.211 Prec@5 99.812             Loss 0.81953
Epoch [127] Training Class Recall: [0.981,0.980,0.912,0.849,0.893,0.698,0.776,0.777,0.747,0.680]
Epoch [127] Testing Results: Prec@1 67.870 Prec@5 94.390             Loss 1.11173
Epoch [127] Testing Class Recall: [0.968,0.982,0.806,0.598,0.735,0.567,0.746,0.539,0.343,0.503]
Epoch [128] Training Results: Prec@1 92.754 Prec@5 99.848             Loss 0.84382
Epoch [128] Training Class Recall: [0.978,0.974,0.903,0.857,0.874,0.685,0.789,0.748,0.735,0.660]
Epoch [128] Testing Results: Prec@1 61.710 Prec@5 91.240             Loss 1.37437
Epoch [128] Testing Class Recall: [0.980,0.983,0.575,0.756,0.804,0.720,0.463,0.299,0.319,0.272]
Epoch [129] Training Results: Prec@1 93.300 Prec@5 99.785             Loss 0.77645
Epoch [129] Training Class Recall: [0.980,0.987,0.895,0.856,0.874,0.765,0.797,0.799,0.783,0.640]
Epoch [129] Testing Results: Prec@1 61.620 Prec@5 89.610             Loss 1.45478
Epoch [129] Testing Class Recall: [0.958,0.993,0.705,0.588,0.711,0.680,0.776,0.505,0.102,0.144]
Epoch [130] Training Results: Prec@1 93.023 Prec@5 99.785             Loss 0.81508
Epoch [130] Training Class Recall: [0.981,0.982,0.891,0.854,0.893,0.718,0.823,0.763,0.675,0.520]
Epoch [130] Testing Results: Prec@1 64.080 Prec@5 91.800             Loss 1.25776
Epoch [130] Testing Class Recall: [0.957,0.984,0.895,0.739,0.595,0.558,0.412,0.320,0.494,0.454]
Epoch [131] Training Results: Prec@1 93.981 Prec@5 99.857             Loss 0.80246
Epoch [131] Training Class Recall: [0.983,0.990,0.910,0.861,0.921,0.770,0.797,0.741,0.771,0.700]
Epoch [131] Testing Results: Prec@1 64.650 Prec@5 91.070             Loss 1.30080
Epoch [131] Testing Class Recall: [0.944,0.991,0.842,0.750,0.649,0.663,0.559,0.478,0.321,0.268]
Epoch [132] Training Results: Prec@1 93.059 Prec@5 99.687             Loss 0.81508
Epoch [132] Training Class Recall: [0.977,0.981,0.911,0.853,0.867,0.724,0.823,0.698,0.831,0.580]
Epoch [132] Testing Results: Prec@1 60.910 Prec@5 89.590             Loss 1.39921
Epoch [132] Testing Class Recall: [0.958,0.984,0.584,0.449,0.772,0.901,0.389,0.635,0.168,0.251]
Epoch [133] Training Results: Prec@1 93.641 Prec@5 99.884             Loss 0.78226
Epoch [133] Training Class Recall: [0.980,0.985,0.906,0.866,0.916,0.731,0.815,0.813,0.675,0.660]
Epoch [133] Testing Results: Prec@1 61.850 Prec@5 91.950             Loss 1.34474
Epoch [133] Testing Class Recall: [0.931,0.984,0.910,0.670,0.522,0.672,0.361,0.439,0.196,0.500]
Epoch [134] Training Results: Prec@1 92.817 Prec@5 99.803             Loss 0.78244
Epoch [134] Training Class Recall: [0.974,0.983,0.905,0.840,0.898,0.690,0.806,0.777,0.723,0.700]
Epoch [134] Testing Results: Prec@1 66.420 Prec@5 92.850             Loss 1.17033
Epoch [134] Testing Class Recall: [0.964,0.960,0.777,0.578,0.604,0.686,0.520,0.526,0.286,0.741]
Epoch [135] Training Results: Prec@1 93.453 Prec@5 99.812             Loss 0.79856
Epoch [135] Training Class Recall: [0.978,0.978,0.908,0.878,0.905,0.729,0.793,0.791,0.711,0.640]
Epoch [135] Testing Results: Prec@1 66.570 Prec@5 92.700             Loss 1.17746
Epoch [135] Testing Class Recall: [0.911,0.989,0.691,0.888,0.673,0.689,0.438,0.524,0.464,0.390]
Epoch [136] Training Results: Prec@1 93.462 Prec@5 99.821             Loss 0.79760
Epoch [136] Training Class Recall: [0.981,0.986,0.900,0.859,0.918,0.734,0.832,0.727,0.711,0.580]
Epoch [136] Testing Results: Prec@1 55.240 Prec@5 87.640             Loss 1.73560
Epoch [136] Testing Class Recall: [0.968,0.988,0.806,0.743,0.416,0.510,0.242,0.516,0.272,0.063]
Epoch [137] Training Results: Prec@1 93.014 Prec@5 99.812             Loss 0.81653
Epoch [137] Training Class Recall: [0.978,0.981,0.894,0.852,0.890,0.731,0.823,0.755,0.771,0.600]
Epoch [137] Testing Results: Prec@1 58.890 Prec@5 89.940             Loss 1.53566
Epoch [137] Testing Class Recall: [0.977,0.982,0.858,0.727,0.721,0.538,0.465,0.297,0.182,0.142]
Epoch [138] Training Results: Prec@1 94.554 Prec@5 99.893             Loss 0.80721
Epoch [138] Training Class Recall: [0.983,0.987,0.910,0.906,0.922,0.767,0.815,0.835,0.759,0.740]
Epoch [138] Testing Results: Prec@1 64.300 Prec@5 91.730             Loss 1.28246
Epoch [138] Testing Class Recall: [0.968,0.976,0.838,0.642,0.681,0.571,0.373,0.397,0.481,0.503]
Epoch [139] Training Results: Prec@1 93.363 Prec@5 99.848             Loss 0.82899
Epoch [139] Training Class Recall: [0.980,0.978,0.901,0.875,0.904,0.700,0.819,0.770,0.747,0.660]
Epoch [139] Testing Results: Prec@1 68.120 Prec@5 93.610             Loss 1.08480
Epoch [139] Testing Class Recall: [0.952,0.995,0.756,0.655,0.860,0.572,0.652,0.628,0.432,0.310]
Epoch [140] Training Results: Prec@1 93.650 Prec@5 99.893             Loss 0.84859
Epoch [140] Training Class Recall: [0.978,0.985,0.895,0.871,0.896,0.786,0.836,0.827,0.711,0.760]
Epoch [140] Testing Results: Prec@1 62.890 Prec@5 91.130             Loss 1.38828
Epoch [140] Testing Class Recall: [0.973,0.993,0.858,0.680,0.739,0.534,0.607,0.385,0.318,0.202]
Epoch [141] Training Results: Prec@1 94.035 Prec@5 99.875             Loss 0.77491
Epoch [141] Training Class Recall: [0.982,0.981,0.900,0.897,0.913,0.744,0.832,0.813,0.723,0.840]
Epoch [141] Testing Results: Prec@1 59.320 Prec@5 88.600             Loss 1.61327
Epoch [141] Testing Class Recall: [0.982,0.986,0.784,0.749,0.649,0.477,0.673,0.201,0.380,0.051]
Epoch [142] Training Results: Prec@1 93.336 Prec@5 99.812             Loss 0.83543
Epoch [142] Training Class Recall: [0.980,0.978,0.894,0.900,0.887,0.695,0.806,0.748,0.759,0.680]
Epoch [142] Testing Results: Prec@1 62.390 Prec@5 92.700             Loss 1.29428
Epoch [142] Testing Class Recall: [0.968,0.991,0.892,0.646,0.735,0.397,0.514,0.413,0.332,0.351]
Epoch [143] Training Results: Prec@1 94.116 Prec@5 99.866             Loss 0.81942
Epoch [143] Training Class Recall: [0.981,0.983,0.913,0.878,0.919,0.755,0.841,0.777,0.807,0.680]
Epoch [143] Testing Results: Prec@1 72.920 Prec@5 94.620             Loss 0.93618
Epoch [143] Testing Class Recall: [0.959,0.968,0.799,0.807,0.741,0.651,0.579,0.765,0.357,0.666]
Epoch [144] Training Results: Prec@1 93.686 Prec@5 99.875             Loss 0.82159
Epoch [144] Training Class Recall: [0.976,0.982,0.918,0.897,0.895,0.742,0.789,0.727,0.723,0.660]
Epoch [144] Testing Results: Prec@1 59.640 Prec@5 90.300             Loss 1.46984
Epoch [144] Testing Class Recall: [0.980,0.955,0.802,0.656,0.771,0.219,0.751,0.228,0.368,0.234]
Epoch [145] Training Results: Prec@1 93.596 Prec@5 99.893             Loss 0.78233
Epoch [145] Training Class Recall: [0.981,0.982,0.891,0.880,0.905,0.742,0.845,0.748,0.771,0.760]
Epoch [145] Testing Results: Prec@1 65.040 Prec@5 91.190             Loss 1.31701
Epoch [145] Testing Class Recall: [0.976,0.940,0.825,0.755,0.725,0.523,0.597,0.571,0.194,0.398]
Epoch [146] Training Results: Prec@1 93.963 Prec@5 99.884             Loss 0.80277
Epoch [146] Training Class Recall: [0.976,0.981,0.918,0.880,0.907,0.793,0.853,0.799,0.771,0.560]
Epoch [146] Testing Results: Prec@1 65.330 Prec@5 92.350             Loss 1.24943
Epoch [146] Testing Class Recall: [0.980,0.973,0.785,0.546,0.822,0.719,0.680,0.508,0.368,0.152]
Epoch [147] Training Results: Prec@1 93.632 Prec@5 99.812             Loss 0.83423
Epoch [147] Training Class Recall: [0.982,0.981,0.894,0.883,0.888,0.765,0.797,0.806,0.795,0.620]
Epoch [147] Testing Results: Prec@1 64.460 Prec@5 92.430             Loss 1.24020
Epoch [147] Testing Class Recall: [0.968,0.995,0.716,0.720,0.760,0.462,0.812,0.517,0.250,0.246]
Epoch [148] Training Results: Prec@1 93.972 Prec@5 99.893             Loss 0.76610
Epoch [148] Training Class Recall: [0.980,0.979,0.903,0.890,0.907,0.755,0.858,0.842,0.771,0.800]
Epoch [148] Testing Results: Prec@1 64.440 Prec@5 91.900             Loss 1.30613
Epoch [148] Testing Class Recall: [0.977,0.980,0.830,0.653,0.845,0.549,0.581,0.427,0.313,0.289]
Epoch [149] Training Results: Prec@1 93.856 Prec@5 99.893             Loss 0.82430
Epoch [149] Training Class Recall: [0.982,0.977,0.901,0.872,0.929,0.742,0.866,0.849,0.759,0.600]
Epoch [149] Testing Results: Prec@1 63.860 Prec@5 90.250             Loss 1.39174
Epoch [149] Testing Class Recall: [0.972,0.982,0.783,0.765,0.816,0.484,0.650,0.375,0.131,0.428]
Epoch [150] Training Results: Prec@1 93.542 Prec@5 99.857             Loss 0.82848
Epoch [150] Training Class Recall: [0.975,0.985,0.905,0.874,0.895,0.757,0.784,0.813,0.783,0.780]
Epoch [150] Testing Results: Prec@1 69.000 Prec@5 93.800             Loss 1.08940
Epoch [150] Testing Class Recall: [0.937,0.991,0.864,0.713,0.829,0.514,0.664,0.601,0.353,0.434]
Epoch [151] Training Results: Prec@1 94.456 Prec@5 99.901             Loss 0.81114
Epoch [151] Training Class Recall: [0.985,0.984,0.909,0.889,0.915,0.778,0.841,0.849,0.795,0.720]
Epoch [151] Testing Results: Prec@1 63.430 Prec@5 90.510             Loss 1.37023
Epoch [151] Testing Class Recall: [0.977,0.984,0.827,0.607,0.819,0.653,0.556,0.391,0.322,0.207]
Epoch [152] Training Results: Prec@1 94.196 Prec@5 99.884             Loss 0.84392
Epoch [152] Training Class Recall: [0.980,0.983,0.927,0.877,0.902,0.744,0.823,0.849,0.819,0.680]
Epoch [152] Testing Results: Prec@1 65.070 Prec@5 93.730             Loss 1.21246
Epoch [152] Testing Class Recall: [0.951,0.996,0.841,0.809,0.652,0.384,0.561,0.561,0.407,0.345]
Epoch [153] Training Results: Prec@1 93.274 Prec@5 99.830             Loss 0.83566
Epoch [153] Training Class Recall: [0.977,0.985,0.884,0.891,0.899,0.711,0.828,0.806,0.747,0.620]
Epoch [153] Testing Results: Prec@1 63.870 Prec@5 91.990             Loss 1.32689
Epoch [153] Testing Class Recall: [0.951,0.981,0.901,0.663,0.698,0.546,0.537,0.589,0.215,0.306]
Epoch [154] Training Results: Prec@1 93.712 Prec@5 99.875             Loss 0.81047
Epoch [154] Training Class Recall: [0.977,0.975,0.913,0.876,0.905,0.801,0.789,0.806,0.687,0.780]
Epoch [154] Testing Results: Prec@1 62.900 Prec@5 91.310             Loss 1.38364
Epoch [154] Testing Class Recall: [0.988,0.966,0.809,0.666,0.739,0.513,0.502,0.373,0.275,0.459]
Epoch [155] Training Results: Prec@1 93.910 Prec@5 99.875             Loss 0.81244
Epoch [155] Training Class Recall: [0.982,0.984,0.908,0.884,0.882,0.749,0.828,0.813,0.795,0.660]
Epoch [155] Testing Results: Prec@1 66.110 Prec@5 93.610             Loss 1.19049
Epoch [155] Testing Class Recall: [0.984,0.987,0.769,0.620,0.717,0.329,0.755,0.578,0.388,0.484]
Epoch [156] Training Results: Prec@1 93.139 Prec@5 99.803             Loss 0.84253
Epoch [156] Training Class Recall: [0.982,0.979,0.899,0.857,0.885,0.752,0.776,0.705,0.735,0.660]
Epoch [156] Testing Results: Prec@1 66.000 Prec@5 90.670             Loss 1.25895
Epoch [156] Testing Class Recall: [0.977,0.973,0.734,0.758,0.626,0.722,0.822,0.433,0.372,0.183]
Epoch [157] Training Results: Prec@1 94.124 Prec@5 99.884             Loss 0.84157
Epoch [157] Training Class Recall: [0.980,0.983,0.926,0.861,0.901,0.796,0.845,0.827,0.747,0.640]
Epoch [157] Testing Results: Prec@1 64.930 Prec@5 92.030             Loss 1.32260
Epoch [157] Testing Class Recall: [0.972,0.992,0.765,0.759,0.777,0.348,0.681,0.461,0.321,0.417]
Epoch [158] Training Results: Prec@1 93.578 Prec@5 99.866             Loss 0.83250
Epoch [158] Training Class Recall: [0.979,0.983,0.909,0.864,0.896,0.752,0.767,0.799,0.783,0.760]
Epoch [158] Testing Results: Prec@1 63.340 Prec@5 88.910             Loss 1.35225
Epoch [158] Testing Class Recall: [0.955,0.979,0.641,0.756,0.700,0.773,0.737,0.284,0.340,0.169]
Epoch [159] Training Results: Prec@1 93.927 Prec@5 99.884             Loss 0.78755
Epoch [159] Training Class Recall: [0.982,0.986,0.915,0.883,0.899,0.757,0.789,0.748,0.735,0.560]
Epoch [159] Testing Results: Prec@1 72.470 Prec@5 94.820             Loss 0.92971
Epoch [159] Testing Class Recall: [0.945,0.982,0.764,0.813,0.713,0.609,0.597,0.762,0.464,0.598]
Epoch [160] Training Results: Prec@1 94.805 Prec@5 99.937             Loss 0.21219
Epoch [160] Training Class Recall: [0.978,0.985,0.911,0.918,0.898,0.842,0.871,0.842,0.904,0.800]
Epoch [160] Testing Results: Prec@1 72.710 Prec@5 94.390             Loss 1.68447
Epoch [160] Testing Class Recall: [0.954,0.984,0.811,0.779,0.764,0.707,0.707,0.664,0.492,0.409]
Epoch [161] Training Results: Prec@1 94.832 Prec@5 99.964             Loss 0.18440
Epoch [161] Training Class Recall: [0.971,0.989,0.891,0.929,0.918,0.884,0.909,0.892,0.964,0.880]
Epoch [161] Testing Results: Prec@1 75.020 Prec@5 95.320             Loss 1.42323
Epoch [161] Testing Class Recall: [0.953,0.981,0.822,0.746,0.782,0.729,0.737,0.706,0.519,0.527]
Epoch [162] Training Results: Prec@1 95.011 Prec@5 99.964             Loss 0.19125
Epoch [162] Training Class Recall: [0.973,0.985,0.900,0.917,0.922,0.876,0.918,0.921,0.988,0.960]
Epoch [162] Testing Results: Prec@1 77.430 Prec@5 96.300             Loss 1.12650
Epoch [162] Testing Class Recall: [0.948,0.975,0.808,0.760,0.786,0.723,0.752,0.710,0.617,0.664]
Epoch [163] Training Results: Prec@1 95.172 Prec@5 99.937             Loss 0.19311
Epoch [163] Training Class Recall: [0.969,0.980,0.901,0.929,0.941,0.894,0.948,0.950,0.988,1.000]
Epoch [163] Testing Results: Prec@1 78.140 Prec@5 96.210             Loss 1.07682
Epoch [163] Testing Class Recall: [0.940,0.976,0.787,0.757,0.789,0.720,0.793,0.754,0.659,0.639]
Epoch [164] Training Results: Prec@1 95.029 Prec@5 99.964             Loss 0.19210
Epoch [164] Training Class Recall: [0.966,0.983,0.912,0.910,0.946,0.881,0.935,0.942,1.000,0.940]
Epoch [164] Testing Results: Prec@1 78.790 Prec@5 96.560             Loss 0.99169
Epoch [164] Testing Class Recall: [0.941,0.974,0.780,0.736,0.807,0.731,0.797,0.759,0.656,0.698]
Epoch [165] Training Results: Prec@1 95.020 Prec@5 99.973             Loss 0.18542
Epoch [165] Training Class Recall: [0.967,0.984,0.909,0.907,0.949,0.866,0.948,0.971,0.988,0.980]
Epoch [165] Testing Results: Prec@1 80.090 Prec@5 96.940             Loss 0.84316
Epoch [165] Testing Class Recall: [0.920,0.966,0.782,0.717,0.785,0.751,0.840,0.792,0.699,0.757]
Epoch [166] Training Results: Prec@1 94.778 Prec@5 99.955             Loss 0.17460
Epoch [166] Training Class Recall: [0.961,0.979,0.911,0.902,0.947,0.907,0.961,0.942,1.000,0.940]
Epoch [166] Testing Results: Prec@1 79.970 Prec@5 96.790             Loss 0.92524
Epoch [166] Testing Class Recall: [0.926,0.971,0.787,0.730,0.815,0.748,0.846,0.751,0.721,0.702]
Epoch [167] Training Results: Prec@1 94.635 Prec@5 99.973             Loss 0.16659
Epoch [167] Training Class Recall: [0.957,0.985,0.909,0.895,0.943,0.902,0.961,0.971,1.000,0.960]
Epoch [167] Testing Results: Prec@1 80.340 Prec@5 96.840             Loss 0.88671
Epoch [167] Testing Class Recall: [0.925,0.970,0.786,0.714,0.808,0.753,0.850,0.800,0.708,0.720]
Epoch [168] Training Results: Prec@1 94.536 Prec@5 99.973             Loss 0.18087
Epoch [168] Training Class Recall: [0.957,0.981,0.909,0.892,0.941,0.897,0.974,0.971,1.000,1.000]
Epoch [168] Testing Results: Prec@1 79.920 Prec@5 96.680             Loss 0.91996
Epoch [168] Testing Class Recall: [0.931,0.974,0.787,0.710,0.813,0.779,0.841,0.745,0.717,0.695]
Epoch [169] Training Results: Prec@1 94.169 Prec@5 99.964             Loss 0.16036
Epoch [169] Training Class Recall: [0.954,0.977,0.897,0.892,0.958,0.886,0.948,0.971,1.000,0.980]
Epoch [169] Testing Results: Prec@1 81.040 Prec@5 97.190             Loss 0.77088
Epoch [169] Testing Class Recall: [0.918,0.962,0.793,0.702,0.818,0.746,0.849,0.814,0.730,0.772]
Epoch [170] Training Results: Prec@1 94.375 Prec@5 99.955             Loss 0.17220
Epoch [170] Training Class Recall: [0.955,0.980,0.901,0.892,0.953,0.894,0.966,0.986,1.000,1.000]
Epoch [170] Testing Results: Prec@1 80.710 Prec@5 96.920             Loss 0.83100
Epoch [170] Testing Class Recall: [0.908,0.971,0.783,0.715,0.826,0.784,0.850,0.753,0.740,0.741]
Epoch [171] Training Results: Prec@1 94.160 Prec@5 99.946             Loss 0.17449
Epoch [171] Training Class Recall: [0.946,0.977,0.907,0.900,0.946,0.920,0.978,0.986,1.000,0.960]
Epoch [171] Testing Results: Prec@1 81.260 Prec@5 97.370             Loss 0.72813
Epoch [171] Testing Class Recall: [0.907,0.962,0.809,0.696,0.820,0.765,0.835,0.803,0.743,0.786]
Epoch [172] Training Results: Prec@1 94.519 Prec@5 99.982             Loss 0.17434
Epoch [172] Training Class Recall: [0.953,0.976,0.913,0.896,0.957,0.899,0.974,1.000,0.988,0.980]
Epoch [172] Testing Results: Prec@1 81.220 Prec@5 97.150             Loss 0.76770
Epoch [172] Testing Class Recall: [0.891,0.971,0.802,0.712,0.838,0.747,0.850,0.808,0.747,0.756]
Epoch [173] Training Results: Prec@1 93.990 Prec@5 99.964             Loss 0.16260
Epoch [173] Training Class Recall: [0.944,0.970,0.912,0.902,0.949,0.902,0.974,0.978,1.000,1.000]
Epoch [173] Testing Results: Prec@1 81.120 Prec@5 97.220             Loss 0.76533
Epoch [173] Testing Class Recall: [0.897,0.964,0.799,0.701,0.828,0.774,0.853,0.798,0.742,0.756]
Epoch [174] Training Results: Prec@1 94.160 Prec@5 99.955             Loss 0.16067
Epoch [174] Training Class Recall: [0.949,0.968,0.913,0.889,0.963,0.912,0.966,0.978,1.000,1.000]
Epoch [174] Testing Results: Prec@1 81.070 Prec@5 97.130             Loss 0.79262
Epoch [174] Testing Class Recall: [0.904,0.967,0.809,0.702,0.835,0.785,0.831,0.779,0.747,0.748]
Epoch [175] Training Results: Prec@1 93.820 Prec@5 99.973             Loss 0.16833
Epoch [175] Training Class Recall: [0.943,0.973,0.910,0.881,0.957,0.897,0.978,0.986,1.000,0.980]
Epoch [175] Testing Results: Prec@1 81.040 Prec@5 97.220             Loss 0.76528
Epoch [175] Testing Class Recall: [0.906,0.961,0.802,0.719,0.819,0.756,0.842,0.809,0.731,0.759]
Epoch [176] Training Results: Prec@1 94.107 Prec@5 99.964             Loss 0.16344
Epoch [176] Training Class Recall: [0.948,0.970,0.913,0.890,0.958,0.902,0.966,0.986,1.000,1.000]
Epoch [176] Testing Results: Prec@1 81.090 Prec@5 97.160             Loss 0.81423
Epoch [176] Testing Class Recall: [0.906,0.971,0.801,0.739,0.839,0.738,0.864,0.767,0.749,0.735]
Epoch [177] Training Results: Prec@1 94.304 Prec@5 99.973             Loss 0.16384
Epoch [177] Training Class Recall: [0.944,0.977,0.919,0.893,0.966,0.912,0.970,0.978,1.000,1.000]
Epoch [177] Testing Results: Prec@1 81.790 Prec@5 97.450             Loss 0.70538
Epoch [177] Testing Class Recall: [0.901,0.955,0.800,0.685,0.837,0.773,0.858,0.804,0.795,0.771]
Epoch [178] Training Results: Prec@1 94.133 Prec@5 99.946             Loss 0.16408
Epoch [178] Training Class Recall: [0.943,0.971,0.915,0.900,0.963,0.912,0.966,0.986,1.000,1.000]
Epoch [178] Testing Results: Prec@1 81.620 Prec@5 97.640             Loss 0.68438
Epoch [178] Testing Class Recall: [0.890,0.966,0.759,0.718,0.847,0.743,0.867,0.810,0.776,0.786]
Epoch [179] Training Results: Prec@1 94.205 Prec@5 99.991             Loss 0.16250
Epoch [179] Training Class Recall: [0.943,0.976,0.917,0.900,0.964,0.907,0.957,0.993,0.988,1.000]
Epoch [179] Testing Results: Prec@1 81.260 Prec@5 97.350             Loss 0.76269
Epoch [179] Testing Class Recall: [0.905,0.963,0.803,0.734,0.838,0.754,0.836,0.799,0.731,0.763]
Epoch [180] Training Results: Prec@1 94.241 Prec@5 99.973             Loss 0.17581
Epoch [180] Training Class Recall: [0.943,0.977,0.913,0.901,0.967,0.928,0.961,0.964,0.988,1.000]
Epoch [180] Testing Results: Prec@1 81.180 Prec@5 97.260             Loss 0.74531
Epoch [180] Testing Class Recall: [0.920,0.961,0.797,0.722,0.823,0.769,0.837,0.774,0.731,0.784]
Epoch [181] Training Results: Prec@1 94.133 Prec@5 99.964             Loss 0.16585
Epoch [181] Training Class Recall: [0.942,0.977,0.915,0.888,0.966,0.922,0.983,0.971,0.988,1.000]
Epoch [181] Testing Results: Prec@1 81.400 Prec@5 97.400             Loss 0.76872
Epoch [181] Testing Class Recall: [0.911,0.969,0.805,0.725,0.840,0.752,0.850,0.799,0.720,0.769]
Epoch [182] Training Results: Prec@1 94.492 Prec@5 99.973             Loss 0.16331
Epoch [182] Training Class Recall: [0.945,0.975,0.919,0.912,0.966,0.912,0.983,0.986,1.000,1.000]
Epoch [182] Testing Results: Prec@1 81.540 Prec@5 97.390             Loss 0.73808
Epoch [182] Testing Class Recall: [0.902,0.963,0.798,0.698,0.829,0.771,0.848,0.806,0.790,0.749]
Epoch [183] Training Results: Prec@1 94.286 Prec@5 99.964             Loss 0.15655
Epoch [183] Training Class Recall: [0.943,0.974,0.919,0.896,0.969,0.917,0.978,0.993,1.000,1.000]
Epoch [183] Testing Results: Prec@1 81.400 Prec@5 97.480             Loss 0.69563
Epoch [183] Testing Class Recall: [0.898,0.965,0.780,0.739,0.818,0.739,0.847,0.813,0.751,0.790]
Epoch [184] Training Results: Prec@1 94.053 Prec@5 99.964             Loss 0.16449
Epoch [184] Training Class Recall: [0.939,0.981,0.907,0.901,0.966,0.917,0.970,0.993,1.000,1.000]
Epoch [184] Testing Results: Prec@1 80.820 Prec@5 97.190             Loss 0.76204
Epoch [184] Testing Class Recall: [0.894,0.969,0.781,0.716,0.821,0.775,0.838,0.804,0.712,0.772]
Epoch [185] Training Results: Prec@1 94.098 Prec@5 99.964             Loss 0.15204
Epoch [185] Training Class Recall: [0.946,0.969,0.913,0.892,0.961,0.904,0.970,0.986,1.000,1.000]
Epoch [185] Testing Results: Prec@1 81.560 Prec@5 97.530             Loss 0.70179
Epoch [185] Testing Class Recall: [0.883,0.955,0.796,0.732,0.817,0.769,0.842,0.800,0.787,0.775]
Epoch [186] Training Results: Prec@1 94.322 Prec@5 99.964             Loss 0.15738
Epoch [186] Training Class Recall: [0.945,0.976,0.911,0.898,0.971,0.915,0.978,0.986,1.000,1.000]
Epoch [186] Testing Results: Prec@1 81.660 Prec@5 97.400             Loss 0.73878
Epoch [186] Testing Class Recall: [0.902,0.968,0.791,0.712,0.849,0.760,0.863,0.805,0.758,0.758]
Epoch [187] Training Results: Prec@1 94.277 Prec@5 99.955             Loss 0.16966
Epoch [187] Training Class Recall: [0.945,0.975,0.915,0.894,0.961,0.933,0.961,1.000,0.988,1.000]
Epoch [187] Testing Results: Prec@1 81.250 Prec@5 97.360             Loss 0.77491
Epoch [187] Testing Class Recall: [0.903,0.975,0.812,0.748,0.831,0.710,0.843,0.815,0.756,0.732]
Epoch [188] Training Results: Prec@1 94.053 Prec@5 99.955             Loss 0.16306
Epoch [188] Training Class Recall: [0.944,0.974,0.916,0.882,0.960,0.915,0.961,0.993,1.000,1.000]
Epoch [188] Testing Results: Prec@1 81.180 Prec@5 97.420             Loss 0.72270
Epoch [188] Testing Class Recall: [0.883,0.970,0.801,0.732,0.823,0.753,0.814,0.814,0.751,0.777]
Epoch [189] Training Results: Prec@1 94.348 Prec@5 99.946             Loss 0.16052
Epoch [189] Training Class Recall: [0.948,0.978,0.912,0.895,0.964,0.910,0.957,0.971,1.000,1.000]
Epoch [189] Testing Results: Prec@1 81.680 Prec@5 97.400             Loss 0.71780
Epoch [189] Testing Class Recall: [0.906,0.964,0.799,0.708,0.853,0.743,0.859,0.807,0.750,0.779]
Epoch [190] Training Results: Prec@1 93.829 Prec@5 99.973             Loss 0.17309
Epoch [190] Training Class Recall: [0.940,0.973,0.906,0.886,0.971,0.910,0.970,0.986,1.000,1.000]
Epoch [190] Testing Results: Prec@1 80.790 Prec@5 97.260             Loss 0.81968
Epoch [190] Testing Class Recall: [0.904,0.980,0.790,0.732,0.839,0.730,0.819,0.841,0.739,0.705]
Epoch [191] Training Results: Prec@1 94.044 Prec@5 99.973             Loss 0.16886
Epoch [191] Training Class Recall: [0.939,0.973,0.920,0.891,0.963,0.922,0.961,1.000,1.000,1.000]
Epoch [191] Testing Results: Prec@1 81.660 Prec@5 97.630             Loss 0.66347
Epoch [191] Testing Class Recall: [0.892,0.953,0.771,0.709,0.826,0.761,0.859,0.814,0.782,0.799]
Epoch [192] Training Results: Prec@1 94.232 Prec@5 99.973             Loss 0.15319
Epoch [192] Training Class Recall: [0.943,0.974,0.916,0.903,0.963,0.907,0.974,0.993,1.000,1.000]
Epoch [192] Testing Results: Prec@1 81.720 Prec@5 97.490             Loss 0.71398
Epoch [192] Testing Class Recall: [0.898,0.961,0.801,0.708,0.845,0.748,0.862,0.801,0.777,0.771]
Epoch [193] Training Results: Prec@1 94.241 Prec@5 99.910             Loss 0.16408
Epoch [193] Training Class Recall: [0.947,0.971,0.914,0.895,0.963,0.912,0.970,0.978,1.000,1.000]
Epoch [193] Testing Results: Prec@1 81.540 Prec@5 97.370             Loss 0.72849
Epoch [193] Testing Class Recall: [0.894,0.961,0.802,0.704,0.839,0.771,0.849,0.799,0.763,0.772]
Epoch [194] Training Results: Prec@1 94.348 Prec@5 99.964             Loss 0.16234
Epoch [194] Training Class Recall: [0.943,0.975,0.925,0.901,0.961,0.912,0.974,0.978,1.000,1.000]
Epoch [194] Testing Results: Prec@1 81.720 Prec@5 97.500             Loss 0.69357
Epoch [194] Testing Class Recall: [0.907,0.964,0.805,0.698,0.833,0.761,0.839,0.810,0.769,0.786]
Epoch [195] Training Results: Prec@1 93.999 Prec@5 99.973             Loss 0.15599
Epoch [195] Training Class Recall: [0.943,0.972,0.913,0.890,0.966,0.899,0.966,0.971,1.000,1.000]
Epoch [195] Testing Results: Prec@1 81.830 Prec@5 97.580             Loss 0.67072
Epoch [195] Testing Class Recall: [0.905,0.954,0.789,0.725,0.851,0.721,0.857,0.818,0.771,0.792]
Epoch [196] Training Results: Prec@1 94.554 Prec@5 99.973             Loss 0.17272
Epoch [196] Training Class Recall: [0.946,0.971,0.929,0.900,0.972,0.925,0.970,0.971,0.988,1.000]
Epoch [196] Testing Results: Prec@1 81.750 Prec@5 97.410             Loss 0.69549
Epoch [196] Testing Class Recall: [0.913,0.960,0.792,0.738,0.820,0.737,0.857,0.794,0.772,0.792]
Epoch [197] Training Results: Prec@1 94.259 Prec@5 99.991             Loss 0.16831
Epoch [197] Training Class Recall: [0.944,0.972,0.920,0.890,0.961,0.935,0.961,0.986,1.000,1.000]
Epoch [197] Testing Results: Prec@1 81.550 Prec@5 97.380             Loss 0.76467
Epoch [197] Testing Class Recall: [0.894,0.968,0.805,0.723,0.846,0.742,0.860,0.809,0.765,0.743]
Epoch [198] Training Results: Prec@1 94.411 Prec@5 99.946             Loss 0.15829
Epoch [198] Training Class Recall: [0.946,0.974,0.918,0.894,0.969,0.938,0.970,0.978,1.000,1.000]
Epoch [198] Testing Results: Prec@1 81.560 Prec@5 97.420             Loss 0.70690
Epoch [198] Testing Class Recall: [0.906,0.965,0.797,0.694,0.842,0.773,0.839,0.786,0.777,0.777]
Epoch [199] Training Results: Prec@1 94.590 Prec@5 99.973             Loss 0.16369
Epoch [199] Training Class Recall: [0.949,0.979,0.910,0.906,0.967,0.925,0.978,0.986,1.000,1.000]
Epoch [199] Testing Results: Prec@1 81.430 Prec@5 97.200             Loss 0.76575
Epoch [199] Testing Class Recall: [0.915,0.968,0.821,0.699,0.819,0.763,0.854,0.788,0.775,0.741]
