Log file: cifar10_lava0.1_mamix_drw_exp0.01_seed42_20260429_154239.log
Run started: 2026-04-29 15:42:39.458642
Dataset: cifar10
Imbalance type: exp, factor: 0.01
Selection method: lava, ratio: 0.1
Strategy: MAMix_DRW, epochs: 200
Seed: 42, rand_number: 0
Augmentation: weak
mamix_ratio: 0.25
============================================================

=> Preparing logger and tensorboard writer !
----------------------------------------------------
Class ID   | Original   | Selected   | Keep %  
----------------------------------------------------
0          | 5000       | 0          |     0.0%
1          | 2997       | 0          |     0.0%
2          | 1796       | 1          |     0.1%
3          | 1077       | 31         |     2.9%
4          | 645        | 381        |    59.1%
5          | 387        | 331        |    85.5%
6          | 232        | 224        |    96.6%
7          | 139        | 139        |   100.0%
8          | 83         | 83         |   100.0%
9          | 50         | 50         |   100.0%
----------------------------------------------------
TOTAL      | 12406      | 1240       |    10.0%
----------------------------------------------------
Epoch [0] Training Results: Prec@1 29.516 Prec@5 89.677             Loss 1.87924
Epoch [0] Training Class Recall: [0.000,0.000,0.512,0.505,0.018,0.000,0.000,0.000]
Epoch [0] Testing Results: Prec@1 11.510 Prec@5 51.860             Loss 3.68257
Epoch [0] Testing Class Recall: [0.000,0.000,0.000,0.000,0.409,0.000,0.742,0.000,0.000,0.000]
Epoch [1] Training Results: Prec@1 32.984 Prec@5 88.871             Loss 1.83651
Epoch [1] Training Class Recall: [0.000,0.000,0.654,0.423,0.054,0.058,0.000,0.000]
Epoch [1] Testing Results: Prec@1 12.980 Prec@5 54.900             Loss 4.99765
Epoch [1] Testing Class Recall: [0.000,0.000,0.000,0.000,0.163,0.945,0.132,0.002,0.056,0.000]
Epoch [2] Training Results: Prec@1 28.145 Prec@5 88.387             Loss 2.09443
Epoch [2] Training Class Recall: [0.000,0.000,0.462,0.323,0.107,0.194,0.181,0.000]
Epoch [2] Testing Results: Prec@1 11.620 Prec@5 52.340             Loss 6.07508
Epoch [2] Testing Class Recall: [0.000,0.000,0.000,0.000,0.077,0.759,0.000,0.000,0.000,0.326]
Epoch [3] Training Results: Prec@1 32.339 Prec@5 87.823             Loss 2.17325
Epoch [3] Training Class Recall: [0.000,0.000,0.504,0.462,0.170,0.094,0.024,0.060]
Epoch [3] Testing Results: Prec@1 12.730 Prec@5 52.490             Loss 19.73402
Epoch [3] Testing Class Recall: [0.000,0.000,0.000,0.000,0.034,0.000,0.267,0.000,0.972,0.000]
Epoch [4] Training Results: Prec@1 35.806 Prec@5 91.774             Loss 1.75009
Epoch [4] Training Class Recall: [0.000,0.000,0.570,0.514,0.188,0.094,0.012,0.020]
Epoch [4] Testing Results: Prec@1 10.110 Prec@5 53.960             Loss 3.84992
Epoch [4] Testing Class Recall: [0.000,0.000,0.000,0.000,0.949,0.062,0.000,0.000,0.000,0.000]
Epoch [5] Training Results: Prec@1 38.710 Prec@5 93.871             Loss 1.61091
Epoch [5] Training Class Recall: [0.000,0.000,0.722,0.586,0.018,0.007,0.072,0.000]
Epoch [5] Testing Results: Prec@1 16.370 Prec@5 52.620             Loss 3.28190
Epoch [5] Testing Class Recall: [0.000,0.000,0.000,0.000,0.850,0.090,0.111,0.006,0.580,0.000]
Epoch [6] Training Results: Prec@1 36.694 Prec@5 94.435             Loss 1.56936
Epoch [6] Training Class Recall: [0.000,0.000,0.759,0.471,0.004,0.014,0.084,0.000]
Epoch [6] Testing Results: Prec@1 20.180 Prec@5 59.210             Loss 3.25672
Epoch [6] Testing Class Recall: [0.000,0.000,0.000,0.000,0.728,0.494,0.000,0.000,0.796,0.000]
Epoch [7] Training Results: Prec@1 41.613 Prec@5 95.484             Loss 1.51858
Epoch [7] Training Class Recall: [0.000,0.000,0.614,0.535,0.170,0.065,0.699,0.000]
Epoch [7] Testing Results: Prec@1 20.290 Prec@5 62.050             Loss 3.26800
Epoch [7] Testing Class Recall: [0.000,0.000,0.000,0.000,0.715,0.647,0.016,0.095,0.489,0.067]
Epoch [8] Training Results: Prec@1 45.806 Prec@5 95.726             Loss 1.47774
Epoch [8] Training Class Recall: [0.000,0.000,0.701,0.668,0.058,0.079,0.614,0.100]
Epoch [8] Testing Results: Prec@1 22.630 Prec@5 61.410             Loss 3.43373
Epoch [8] Testing Class Recall: [0.000,0.000,0.000,0.000,0.629,0.717,0.000,0.211,0.689,0.017]
Epoch [9] Training Results: Prec@1 46.210 Prec@5 96.452             Loss 1.52385
Epoch [9] Training Class Recall: [0.000,0.000,0.764,0.601,0.009,0.158,0.711,0.000]
Epoch [9] Testing Results: Prec@1 17.600 Prec@5 61.530             Loss 3.54052
Epoch [9] Testing Class Recall: [0.000,0.000,0.000,0.000,0.833,0.540,0.010,0.080,0.285,0.012]
Epoch [10] Training Results: Prec@1 45.806 Prec@5 95.726             Loss 1.51101
Epoch [10] Training Class Recall: [0.000,0.000,0.759,0.640,0.027,0.137,0.434,0.120]
Epoch [10] Testing Results: Prec@1 24.680 Prec@5 60.070             Loss 3.22625
Epoch [10] Testing Class Recall: [0.000,0.000,0.000,0.000,0.388,0.765,0.281,0.153,0.839,0.042]
Epoch [11] Training Results: Prec@1 45.726 Prec@5 96.452             Loss 1.50417
Epoch [11] Training Class Recall: [0.000,0.000,0.688,0.650,0.147,0.086,0.506,0.060]
Epoch [11] Testing Results: Prec@1 23.150 Prec@5 62.580             Loss 3.26583
Epoch [11] Testing Class Recall: [0.000,0.000,0.000,0.000,0.461,0.830,0.161,0.230,0.633,0.000]
Epoch [12] Training Results: Prec@1 48.710 Prec@5 97.097             Loss 1.46605
Epoch [12] Training Class Recall: [0.000,0.000,0.667,0.695,0.156,0.201,0.687,0.000]
Epoch [12] Testing Results: Prec@1 24.510 Prec@5 62.720             Loss 3.37502
Epoch [12] Testing Class Recall: [0.000,0.000,0.000,0.000,0.667,0.772,0.122,0.336,0.443,0.111]
Epoch [13] Training Results: Prec@1 49.113 Prec@5 97.016             Loss 1.45278
Epoch [13] Training Class Recall: [0.000,0.000,0.685,0.692,0.161,0.180,0.590,0.180]
Epoch [13] Testing Results: Prec@1 26.990 Prec@5 63.870             Loss 3.33227
Epoch [13] Testing Class Recall: [0.000,0.000,0.000,0.000,0.642,0.706,0.167,0.143,0.747,0.294]
Epoch [14] Training Results: Prec@1 49.839 Prec@5 97.661             Loss 1.44915
Epoch [14] Training Class Recall: [0.000,0.000,0.756,0.656,0.174,0.165,0.542,0.120]
Epoch [14] Testing Results: Prec@1 26.870 Prec@5 64.000             Loss 3.35766
Epoch [14] Testing Class Recall: [0.000,0.000,0.000,0.000,0.566,0.794,0.282,0.325,0.578,0.142]
Epoch [15] Training Results: Prec@1 52.097 Prec@5 97.500             Loss 1.39461
Epoch [15] Training Class Recall: [0.000,0.000,0.664,0.713,0.277,0.252,0.663,0.100]
Epoch [15] Testing Results: Prec@1 22.860 Prec@5 64.020             Loss 3.57348
Epoch [15] Testing Class Recall: [0.000,0.000,0.000,0.000,0.870,0.481,0.018,0.186,0.591,0.140]
Epoch [16] Training Results: Prec@1 52.177 Prec@5 97.661             Loss 1.41122
Epoch [16] Training Class Recall: [0.000,0.000,0.719,0.719,0.188,0.165,0.639,0.340]
Epoch [16] Testing Results: Prec@1 29.160 Prec@5 61.990             Loss 3.47922
Epoch [16] Testing Class Recall: [0.000,0.000,0.000,0.000,0.641,0.482,0.289,0.454,0.730,0.320]
Epoch [17] Training Results: Prec@1 53.387 Prec@5 97.903             Loss 1.32623
Epoch [17] Training Class Recall: [0.000,0.000,0.717,0.659,0.277,0.331,0.699,0.100]
Epoch [17] Testing Results: Prec@1 29.220 Prec@5 65.180             Loss 3.62104
Epoch [17] Testing Class Recall: [0.000,0.000,0.000,0.000,0.562,0.520,0.668,0.240,0.659,0.273]
Epoch [18] Training Results: Prec@1 56.855 Prec@5 97.823             Loss 1.41251
Epoch [18] Training Class Recall: [0.000,0.000,0.714,0.689,0.388,0.331,0.614,0.420]
Epoch [18] Testing Results: Prec@1 23.940 Prec@5 63.120             Loss 3.78078
Epoch [18] Testing Class Recall: [0.000,0.000,0.000,0.000,0.594,0.878,0.396,0.134,0.306,0.086]
Epoch [19] Training Results: Prec@1 58.629 Prec@5 97.903             Loss 1.31083
Epoch [19] Training Class Recall: [0.000,0.000,0.748,0.755,0.415,0.259,0.687,0.120]
Epoch [19] Testing Results: Prec@1 31.290 Prec@5 63.150             Loss 3.73844
Epoch [19] Testing Class Recall: [0.000,0.000,0.000,0.000,0.526,0.426,0.494,0.500,0.773,0.410]
Epoch [20] Training Results: Prec@1 55.726 Prec@5 97.984             Loss 1.40601
Epoch [20] Training Class Recall: [0.000,0.000,0.703,0.683,0.362,0.295,0.711,0.320]
Epoch [20] Testing Results: Prec@1 23.630 Prec@5 65.240             Loss 3.71527
Epoch [20] Testing Class Recall: [0.000,0.000,0.000,0.000,0.833,0.630,0.060,0.255,0.324,0.261]
Epoch [21] Training Results: Prec@1 57.419 Prec@5 97.823             Loss 1.36241
Epoch [21] Training Class Recall: [0.000,0.000,0.719,0.722,0.402,0.353,0.602,0.200]
Epoch [21] Testing Results: Prec@1 28.770 Prec@5 65.300             Loss 3.79953
Epoch [21] Testing Class Recall: [0.000,0.000,0.000,0.000,0.387,0.644,0.780,0.204,0.679,0.183]
Epoch [22] Training Results: Prec@1 60.000 Prec@5 97.742             Loss 1.33667
Epoch [22] Training Class Recall: [0.000,0.000,0.738,0.677,0.522,0.374,0.639,0.340]
Epoch [22] Testing Results: Prec@1 26.090 Prec@5 63.330             Loss 3.76603
Epoch [22] Testing Class Recall: [0.000,0.000,0.000,0.000,0.486,0.900,0.358,0.377,0.137,0.351]
Epoch [23] Training Results: Prec@1 62.097 Prec@5 98.145             Loss 1.29544
Epoch [23] Training Class Recall: [0.000,0.000,0.735,0.740,0.562,0.396,0.627,0.240]
Epoch [23] Testing Results: Prec@1 23.350 Prec@5 63.210             Loss 4.05026
Epoch [23] Testing Class Recall: [0.000,0.000,0.000,0.000,0.306,0.922,0.560,0.090,0.408,0.049]
Epoch [24] Training Results: Prec@1 60.887 Prec@5 98.468             Loss 1.31485
Epoch [24] Training Class Recall: [0.000,0.000,0.780,0.704,0.580,0.252,0.446,0.460]
Epoch [24] Testing Results: Prec@1 33.060 Prec@5 64.560             Loss 3.43804
Epoch [24] Testing Class Recall: [0.000,0.000,0.000,0.000,0.592,0.710,0.532,0.577,0.469,0.426]
Epoch [25] Training Results: Prec@1 62.097 Prec@5 97.742             Loss 1.31170
Epoch [25] Training Class Recall: [0.000,0.000,0.675,0.773,0.567,0.410,0.735,0.240]
Epoch [25] Testing Results: Prec@1 27.370 Prec@5 65.040             Loss 3.65368
Epoch [25] Testing Class Recall: [0.000,0.000,0.000,0.000,0.626,0.621,0.317,0.669,0.418,0.086]
Epoch [26] Training Results: Prec@1 64.919 Prec@5 98.306             Loss 1.35870
Epoch [26] Training Class Recall: [0.000,0.000,0.835,0.755,0.527,0.367,0.590,0.380]
Epoch [26] Testing Results: Prec@1 33.370 Prec@5 65.750             Loss 3.49965
Epoch [26] Testing Class Recall: [0.000,0.000,0.000,0.000,0.569,0.791,0.485,0.574,0.457,0.461]
Epoch [27] Training Results: Prec@1 64.355 Prec@5 98.226             Loss 1.30730
Epoch [27] Training Class Recall: [0.000,0.000,0.748,0.722,0.612,0.460,0.699,0.300]
Epoch [27] Testing Results: Prec@1 32.830 Prec@5 65.340             Loss 3.56487
Epoch [27] Testing Class Recall: [0.000,0.000,0.000,0.000,0.350,0.721,0.729,0.268,0.689,0.526]
Epoch [28] Training Results: Prec@1 62.823 Prec@5 98.790             Loss 1.20371
Epoch [28] Training Class Recall: [0.000,0.000,0.777,0.704,0.536,0.396,0.627,0.460]
Epoch [28] Testing Results: Prec@1 31.410 Prec@5 66.100             Loss 3.74267
Epoch [28] Testing Class Recall: [0.000,0.000,0.000,0.000,0.409,0.849,0.651,0.286,0.820,0.126]
Epoch [29] Training Results: Prec@1 66.613 Prec@5 98.790             Loss 1.15400
Epoch [29] Training Class Recall: [0.000,0.000,0.790,0.728,0.598,0.540,0.795,0.180]
Epoch [29] Testing Results: Prec@1 34.140 Prec@5 66.670             Loss 3.63348
Epoch [29] Testing Class Recall: [0.000,0.000,0.000,0.000,0.490,0.846,0.725,0.333,0.549,0.471]
Epoch [30] Training Results: Prec@1 64.274 Prec@5 99.113             Loss 1.34979
Epoch [30] Training Class Recall: [0.000,0.000,0.764,0.749,0.571,0.338,0.614,0.640]
Epoch [30] Testing Results: Prec@1 30.420 Prec@5 65.580             Loss 3.30605
Epoch [30] Testing Class Recall: [0.000,0.000,0.000,0.000,0.512,0.791,0.224,0.593,0.674,0.248]
Epoch [31] Training Results: Prec@1 65.726 Prec@5 99.032             Loss 1.24755
Epoch [31] Training Class Recall: [0.000,0.000,0.756,0.813,0.571,0.403,0.699,0.320]
Epoch [31] Testing Results: Prec@1 34.860 Prec@5 63.990             Loss 3.59312
Epoch [31] Testing Class Recall: [0.000,0.000,0.000,0.000,0.559,0.535,0.764,0.497,0.895,0.236]
Epoch [32] Training Results: Prec@1 66.532 Prec@5 98.710             Loss 1.14434
Epoch [32] Training Class Recall: [0.000,0.000,0.724,0.807,0.607,0.482,0.735,0.360]
Epoch [32] Testing Results: Prec@1 31.020 Prec@5 66.570             Loss 3.86368
Epoch [32] Testing Class Recall: [0.000,0.000,0.000,0.000,0.337,0.603,0.939,0.302,0.495,0.426]
Epoch [33] Training Results: Prec@1 66.210 Prec@5 99.032             Loss 1.20255
Epoch [33] Training Class Recall: [0.000,0.000,0.808,0.731,0.607,0.410,0.566,0.620]
Epoch [33] Testing Results: Prec@1 33.590 Prec@5 65.790             Loss 3.48991
Epoch [33] Testing Class Recall: [0.000,0.000,0.000,0.000,0.444,0.784,0.814,0.441,0.759,0.117]
Epoch [34] Training Results: Prec@1 69.839 Prec@5 99.274             Loss 1.20537
Epoch [34] Training Class Recall: [0.000,0.000,0.822,0.773,0.643,0.504,0.735,0.440]
Epoch [34] Testing Results: Prec@1 32.160 Prec@5 66.000             Loss 3.43455
Epoch [34] Testing Class Recall: [0.000,0.000,0.000,0.000,0.505,0.683,0.885,0.195,0.706,0.242]
Epoch [35] Training Results: Prec@1 69.032 Prec@5 98.468             Loss 1.25473
Epoch [35] Training Class Recall: [0.000,0.000,0.782,0.761,0.737,0.410,0.723,0.480]
Epoch [35] Testing Results: Prec@1 31.690 Prec@5 65.320             Loss 3.60889
Epoch [35] Testing Class Recall: [0.000,0.000,0.000,0.000,0.416,0.739,0.816,0.489,0.472,0.237]
Epoch [36] Training Results: Prec@1 70.242 Prec@5 99.355             Loss 1.20748
Epoch [36] Training Class Recall: [0.000,0.000,0.827,0.795,0.674,0.381,0.651,0.700]
Epoch [36] Testing Results: Prec@1 36.200 Prec@5 66.360             Loss 3.49314
Epoch [36] Testing Class Recall: [0.000,0.000,0.000,0.000,0.513,0.829,0.553,0.620,0.767,0.338]
Epoch [37] Training Results: Prec@1 72.500 Prec@5 99.355             Loss 1.14149
Epoch [37] Training Class Recall: [0.000,0.000,0.819,0.825,0.701,0.540,0.759,0.380]
Epoch [37] Testing Results: Prec@1 36.870 Prec@5 64.550             Loss 3.70298
Epoch [37] Testing Class Recall: [0.000,0.000,0.000,0.000,0.759,0.525,0.553,0.521,0.600,0.729]
Epoch [38] Training Results: Prec@1 69.597 Prec@5 99.194             Loss 1.29722
Epoch [38] Training Class Recall: [0.000,0.000,0.816,0.764,0.679,0.525,0.542,0.580]
Epoch [38] Testing Results: Prec@1 33.090 Prec@5 66.600             Loss 3.58751
Epoch [38] Testing Class Recall: [0.000,0.000,0.000,0.000,0.568,0.883,0.360,0.491,0.670,0.337]
Epoch [39] Training Results: Prec@1 72.823 Prec@5 98.952             Loss 1.13486
Epoch [39] Training Class Recall: [0.000,0.000,0.808,0.792,0.705,0.568,0.747,0.680]
Epoch [39] Testing Results: Prec@1 32.530 Prec@5 66.780             Loss 3.82159
Epoch [39] Testing Class Recall: [0.000,0.000,0.000,0.000,0.505,0.887,0.796,0.246,0.497,0.322]
Epoch [40] Training Results: Prec@1 71.855 Prec@5 99.194             Loss 1.21043
Epoch [40] Training Class Recall: [0.000,0.000,0.819,0.813,0.688,0.468,0.723,0.620]
Epoch [40] Testing Results: Prec@1 38.060 Prec@5 65.400             Loss 3.49884
Epoch [40] Testing Class Recall: [0.000,0.000,0.000,0.000,0.636,0.699,0.770,0.318,0.734,0.649]
Epoch [41] Training Results: Prec@1 71.855 Prec@5 99.032             Loss 1.29081
Epoch [41] Training Class Recall: [0.000,0.000,0.806,0.828,0.670,0.511,0.651,0.700]
Epoch [41] Testing Results: Prec@1 32.370 Prec@5 66.440             Loss 3.38593
Epoch [41] Testing Class Recall: [0.000,0.000,0.000,0.000,0.735,0.822,0.579,0.237,0.638,0.226]
Epoch [42] Training Results: Prec@1 71.371 Prec@5 99.113             Loss 1.19136
Epoch [42] Training Class Recall: [0.000,0.000,0.853,0.810,0.705,0.396,0.699,0.420]
Epoch [42] Testing Results: Prec@1 37.950 Prec@5 65.140             Loss 3.31281
Epoch [42] Testing Class Recall: [0.000,0.000,0.000,0.000,0.510,0.663,0.767,0.616,0.860,0.379]
Epoch [43] Training Results: Prec@1 73.306 Prec@5 99.032             Loss 1.18244
Epoch [43] Training Class Recall: [0.000,0.000,0.795,0.837,0.732,0.540,0.651,0.720]
Epoch [43] Testing Results: Prec@1 33.480 Prec@5 66.520             Loss 3.77574
Epoch [43] Testing Class Recall: [0.000,0.000,0.000,0.000,0.741,0.568,0.504,0.646,0.591,0.298]
Epoch [44] Training Results: Prec@1 74.435 Prec@5 99.355             Loss 1.18822
Epoch [44] Training Class Recall: [0.000,0.000,0.822,0.840,0.732,0.547,0.699,0.680]
Epoch [44] Testing Results: Prec@1 38.330 Prec@5 66.880             Loss 3.51347
Epoch [44] Testing Class Recall: [0.000,0.000,0.000,0.000,0.659,0.797,0.658,0.438,0.705,0.576]
Epoch [45] Training Results: Prec@1 73.065 Prec@5 99.113             Loss 1.19345
Epoch [45] Training Class Recall: [0.000,0.000,0.837,0.834,0.692,0.547,0.711,0.420]
Epoch [45] Testing Results: Prec@1 37.950 Prec@5 62.900             Loss 3.58203
Epoch [45] Testing Class Recall: [0.000,0.000,0.000,0.000,0.536,0.641,0.516,0.693,0.809,0.600]
Epoch [46] Training Results: Prec@1 76.048 Prec@5 99.194             Loss 1.10744
Epoch [46] Training Class Recall: [0.000,0.000,0.811,0.837,0.804,0.561,0.747,0.740]
Epoch [46] Testing Results: Prec@1 35.640 Prec@5 66.810             Loss 3.62420
Epoch [46] Testing Class Recall: [0.000,0.000,0.000,0.000,0.736,0.751,0.779,0.318,0.733,0.247]
Epoch [47] Training Results: Prec@1 76.290 Prec@5 99.355             Loss 1.13184
Epoch [47] Training Class Recall: [0.000,0.000,0.887,0.828,0.719,0.568,0.723,0.680]
Epoch [47] Testing Results: Prec@1 37.960 Prec@5 66.310             Loss 3.77828
Epoch [47] Testing Class Recall: [0.000,0.000,0.000,0.000,0.528,0.870,0.506,0.567,0.764,0.561]
Epoch [48] Training Results: Prec@1 75.323 Prec@5 99.435             Loss 1.10519
Epoch [48] Training Class Recall: [0.000,0.000,0.840,0.822,0.763,0.518,0.783,0.680]
Epoch [48] Testing Results: Prec@1 39.190 Prec@5 65.990             Loss 3.73284
Epoch [48] Testing Class Recall: [0.000,0.000,0.000,0.000,0.662,0.738,0.575,0.695,0.799,0.450]
Epoch [49] Training Results: Prec@1 75.081 Prec@5 99.677             Loss 1.23892
Epoch [49] Training Class Recall: [0.000,0.000,0.822,0.816,0.777,0.561,0.807,0.580]
Epoch [49] Testing Results: Prec@1 32.070 Prec@5 62.840             Loss 3.76609
Epoch [49] Testing Class Recall: [0.000,0.000,0.000,0.000,0.374,0.892,0.146,0.407,0.622,0.766]
Epoch [50] Training Results: Prec@1 74.113 Prec@5 99.355             Loss 1.03710
Epoch [50] Training Class Recall: [0.000,0.000,0.837,0.867,0.670,0.540,0.687,0.620]
Epoch [50] Testing Results: Prec@1 39.600 Prec@5 67.220             Loss 3.56964
Epoch [50] Testing Class Recall: [0.000,0.000,0.000,0.000,0.702,0.741,0.660,0.608,0.798,0.451]
Epoch [51] Training Results: Prec@1 75.484 Prec@5 99.355             Loss 1.25166
Epoch [51] Training Class Recall: [0.000,0.000,0.850,0.840,0.723,0.561,0.723,0.680]
Epoch [51] Testing Results: Prec@1 36.190 Prec@5 66.910             Loss 3.27495
Epoch [51] Testing Class Recall: [0.000,0.000,0.000,0.000,0.704,0.786,0.770,0.360,0.825,0.174]
Epoch [52] Training Results: Prec@1 75.403 Prec@5 99.435             Loss 1.22466
Epoch [52] Training Class Recall: [0.000,0.000,0.806,0.855,0.768,0.568,0.783,0.580]
Epoch [52] Testing Results: Prec@1 37.810 Prec@5 66.670             Loss 3.45652
Epoch [52] Testing Class Recall: [0.000,0.000,0.000,0.000,0.650,0.693,0.803,0.491,0.648,0.496]
Epoch [53] Training Results: Prec@1 75.484 Prec@5 99.435             Loss 1.07180
Epoch [53] Training Class Recall: [0.000,0.000,0.864,0.828,0.750,0.446,0.735,0.840]
Epoch [53] Testing Results: Prec@1 38.750 Prec@5 66.960             Loss 3.54964
Epoch [53] Testing Class Recall: [0.000,0.000,0.000,0.000,0.533,0.777,0.830,0.639,0.726,0.370]
Epoch [54] Training Results: Prec@1 77.177 Prec@5 99.597             Loss 1.09208
Epoch [54] Training Class Recall: [0.000,0.000,0.843,0.825,0.786,0.576,0.807,0.800]
Epoch [54] Testing Results: Prec@1 30.690 Prec@5 65.440             Loss 3.69261
Epoch [54] Testing Class Recall: [0.000,0.000,0.000,0.000,0.321,0.853,0.870,0.444,0.413,0.168]
Epoch [55] Training Results: Prec@1 76.694 Prec@5 99.274             Loss 1.13547
Epoch [55] Training Class Recall: [0.000,0.000,0.853,0.876,0.737,0.568,0.699,0.680]
Epoch [55] Testing Results: Prec@1 36.130 Prec@5 66.720             Loss 3.58701
Epoch [55] Testing Class Recall: [0.000,0.000,0.000,0.000,0.574,0.604,0.932,0.296,0.819,0.388]
Epoch [56] Training Results: Prec@1 79.919 Prec@5 99.516             Loss 1.03052
Epoch [56] Training Class Recall: [0.000,0.000,0.871,0.858,0.786,0.633,0.855,0.800]
Epoch [56] Testing Results: Prec@1 38.100 Prec@5 66.990             Loss 3.45256
Epoch [56] Testing Class Recall: [0.000,0.000,0.000,0.000,0.665,0.810,0.697,0.550,0.663,0.425]
Epoch [57] Training Results: Prec@1 78.629 Prec@5 99.355             Loss 1.13120
Epoch [57] Training Class Recall: [0.000,0.000,0.866,0.855,0.808,0.568,0.807,0.700]
Epoch [57] Testing Results: Prec@1 41.420 Prec@5 66.010             Loss 3.40561
Epoch [57] Testing Class Recall: [0.000,0.000,0.000,0.000,0.706,0.735,0.678,0.548,0.756,0.719]
Epoch [58] Training Results: Prec@1 78.871 Prec@5 99.516             Loss 1.11829
Epoch [58] Training Class Recall: [0.000,0.000,0.861,0.891,0.754,0.583,0.843,0.700]
Epoch [58] Testing Results: Prec@1 39.960 Prec@5 66.250             Loss 3.58489
Epoch [58] Testing Class Recall: [0.000,0.000,0.000,0.000,0.703,0.792,0.639,0.614,0.644,0.604]
Epoch [59] Training Results: Prec@1 77.097 Prec@5 99.516             Loss 1.19186
Epoch [59] Training Class Recall: [0.000,0.000,0.816,0.846,0.781,0.590,0.831,0.780]
Epoch [59] Testing Results: Prec@1 33.230 Prec@5 65.630             Loss 3.61620
Epoch [59] Testing Class Recall: [0.000,0.000,0.000,0.000,0.746,0.686,0.414,0.688,0.434,0.355]
Epoch [60] Training Results: Prec@1 76.855 Prec@5 99.597             Loss 1.21379
Epoch [60] Training Class Recall: [0.000,0.000,0.898,0.819,0.701,0.561,0.843,0.700]
Epoch [60] Testing Results: Prec@1 35.560 Prec@5 66.970             Loss 3.44139
Epoch [60] Testing Class Recall: [0.000,0.000,0.000,0.000,0.437,0.926,0.772,0.286,0.709,0.426]
Epoch [61] Training Results: Prec@1 77.581 Prec@5 99.758             Loss 1.18963
Epoch [61] Training Class Recall: [0.000,0.000,0.908,0.822,0.723,0.619,0.759,0.660]
Epoch [61] Testing Results: Prec@1 34.340 Prec@5 64.600             Loss 3.50898
Epoch [61] Testing Class Recall: [0.000,0.000,0.000,0.000,0.469,0.815,0.740,0.419,0.774,0.217]
Epoch [62] Training Results: Prec@1 77.903 Prec@5 99.597             Loss 1.02705
Epoch [62] Training Class Recall: [0.000,0.000,0.864,0.843,0.772,0.583,0.831,0.700]
Epoch [62] Testing Results: Prec@1 40.090 Prec@5 65.600             Loss 3.55037
Epoch [62] Testing Class Recall: [0.000,0.000,0.000,0.000,0.626,0.717,0.666,0.537,0.828,0.635]
Epoch [63] Training Results: Prec@1 80.806 Prec@5 99.597             Loss 1.17463
Epoch [63] Training Class Recall: [0.000,0.000,0.890,0.894,0.777,0.612,0.855,0.740]
Epoch [63] Testing Results: Prec@1 37.270 Prec@5 66.590             Loss 3.44723
Epoch [63] Testing Class Recall: [0.000,0.000,0.000,0.000,0.397,0.870,0.781,0.558,0.610,0.511]
Epoch [64] Training Results: Prec@1 78.871 Prec@5 99.113             Loss 1.14058
Epoch [64] Training Class Recall: [0.000,0.000,0.871,0.870,0.786,0.576,0.783,0.740]
Epoch [64] Testing Results: Prec@1 37.490 Prec@5 66.920             Loss 3.39456
Epoch [64] Testing Class Recall: [0.000,0.000,0.000,0.000,0.479,0.757,0.891,0.534,0.824,0.264]
Epoch [65] Training Results: Prec@1 81.210 Prec@5 99.597             Loss 1.11786
Epoch [65] Training Class Recall: [0.000,0.000,0.864,0.885,0.804,0.683,0.880,0.740]
Epoch [65] Testing Results: Prec@1 40.500 Prec@5 65.570             Loss 3.45054
Epoch [65] Testing Class Recall: [0.000,0.000,0.000,0.000,0.700,0.807,0.526,0.495,0.771,0.751]
Epoch [66] Training Results: Prec@1 79.677 Prec@5 99.677             Loss 1.18841
Epoch [66] Training Class Recall: [0.000,0.032,0.871,0.843,0.804,0.619,0.867,0.760]
Epoch [66] Testing Results: Prec@1 35.910 Prec@5 65.450             Loss 3.44544
Epoch [66] Testing Class Recall: [0.000,0.000,0.000,0.005,0.679,0.832,0.724,0.465,0.787,0.099]
Epoch [67] Training Results: Prec@1 80.323 Prec@5 99.597             Loss 1.04111
Epoch [67] Training Class Recall: [0.000,0.000,0.864,0.903,0.772,0.612,0.831,0.820]
Epoch [67] Testing Results: Prec@1 41.380 Prec@5 66.830             Loss 3.65771
Epoch [67] Testing Class Recall: [0.000,0.000,0.000,0.000,0.571,0.670,0.831,0.765,0.724,0.577]
Epoch [68] Training Results: Prec@1 80.081 Prec@5 99.677             Loss 1.13993
Epoch [68] Training Class Recall: [0.000,0.032,0.845,0.873,0.795,0.640,0.892,0.800]
Epoch [68] Testing Results: Prec@1 37.850 Prec@5 66.250             Loss 3.31614
Epoch [68] Testing Class Recall: [0.000,0.000,0.000,0.000,0.814,0.645,0.671,0.309,0.889,0.457]
Epoch [69] Training Results: Prec@1 80.484 Prec@5 99.516             Loss 0.91112
Epoch [69] Training Class Recall: [0.000,0.000,0.900,0.846,0.781,0.633,0.843,0.840]
Epoch [69] Testing Results: Prec@1 40.660 Prec@5 66.150             Loss 4.10455
Epoch [69] Testing Class Recall: [0.000,0.000,0.000,0.000,0.684,0.792,0.561,0.720,0.577,0.732]
Epoch [70] Training Results: Prec@1 81.129 Prec@5 99.839             Loss 1.17552
Epoch [70] Training Class Recall: [0.000,0.000,0.890,0.909,0.799,0.540,0.892,0.760]
Epoch [70] Testing Results: Prec@1 33.560 Prec@5 66.820             Loss 3.50983
Epoch [70] Testing Class Recall: [0.000,0.000,0.000,0.001,0.693,0.566,0.867,0.243,0.255,0.731]
Epoch [71] Training Results: Prec@1 77.581 Prec@5 99.758             Loss 1.11891
Epoch [71] Training Class Recall: [0.000,0.000,0.882,0.846,0.830,0.511,0.663,0.680]
Epoch [71] Testing Results: Prec@1 34.920 Prec@5 65.910             Loss 3.70777
Epoch [71] Testing Class Recall: [0.000,0.000,0.000,0.000,0.384,0.948,0.364,0.508,0.720,0.568]
Epoch [72] Training Results: Prec@1 79.677 Prec@5 99.274             Loss 1.07377
Epoch [72] Training Class Recall: [0.000,0.000,0.874,0.891,0.701,0.647,0.843,0.860]
Epoch [72] Testing Results: Prec@1 33.290 Prec@5 64.480             Loss 3.83332
Epoch [72] Testing Class Recall: [0.000,0.000,0.000,0.000,0.449,0.910,0.694,0.445,0.779,0.052]
Epoch [73] Training Results: Prec@1 80.565 Prec@5 99.677             Loss 1.09524
Epoch [73] Training Class Recall: [0.000,0.065,0.879,0.864,0.826,0.626,0.867,0.640]
Epoch [73] Testing Results: Prec@1 41.870 Prec@5 67.740             Loss 3.32680
Epoch [73] Testing Class Recall: [0.000,0.000,0.000,0.005,0.572,0.811,0.848,0.539,0.685,0.727]
Epoch [74] Training Results: Prec@1 83.306 Prec@5 99.435             Loss 0.94753
Epoch [74] Training Class Recall: [0.000,0.032,0.895,0.903,0.804,0.705,0.807,0.940]
Epoch [74] Testing Results: Prec@1 39.480 Prec@5 67.190             Loss 3.87660
Epoch [74] Testing Class Recall: [0.000,0.000,0.000,0.011,0.759,0.734,0.549,0.654,0.859,0.382]
Epoch [75] Training Results: Prec@1 85.403 Prec@5 99.677             Loss 0.89953
Epoch [75] Training Class Recall: [0.000,0.065,0.895,0.906,0.862,0.748,0.916,0.860]
Epoch [75] Testing Results: Prec@1 38.950 Prec@5 66.540             Loss 3.84742
Epoch [75] Testing Class Recall: [0.000,0.000,0.000,0.005,0.525,0.565,0.943,0.509,0.627,0.721]
Epoch [76] Training Results: Prec@1 83.710 Prec@5 99.597             Loss 1.03160
Epoch [76] Training Class Recall: [0.000,0.065,0.879,0.891,0.862,0.662,0.904,0.920]
Epoch [76] Testing Results: Prec@1 40.320 Prec@5 67.360             Loss 3.38250
Epoch [76] Testing Class Recall: [0.000,0.000,0.000,0.021,0.764,0.669,0.811,0.493,0.847,0.427]
Epoch [77] Training Results: Prec@1 82.742 Prec@5 99.839             Loss 1.00718
Epoch [77] Training Class Recall: [0.000,0.065,0.871,0.906,0.862,0.612,0.892,0.800]
Epoch [77] Testing Results: Prec@1 36.180 Prec@5 65.480             Loss 3.45770
Epoch [77] Testing Class Recall: [0.000,0.000,0.000,0.020,0.679,0.847,0.771,0.423,0.731,0.147]
Epoch [78] Training Results: Prec@1 85.000 Prec@5 99.758             Loss 1.04744
Epoch [78] Training Class Recall: [0.000,0.065,0.921,0.903,0.804,0.755,0.892,0.860]
Epoch [78] Testing Results: Prec@1 41.840 Prec@5 66.060             Loss 3.41722
Epoch [78] Testing Class Recall: [0.000,0.000,0.000,0.001,0.817,0.685,0.736,0.485,0.866,0.594]
Epoch [79] Training Results: Prec@1 84.435 Prec@5 99.758             Loss 1.04146
Epoch [79] Training Class Recall: [0.000,0.032,0.898,0.891,0.808,0.777,0.928,0.860]
Epoch [79] Testing Results: Prec@1 39.700 Prec@5 67.190             Loss 3.74628
Epoch [79] Testing Class Recall: [0.000,0.000,0.000,0.038,0.436,0.883,0.833,0.381,0.575,0.824]
Epoch [80] Training Results: Prec@1 82.742 Prec@5 99.839             Loss 1.01287
Epoch [80] Training Class Recall: [0.000,0.000,0.906,0.864,0.786,0.705,0.904,0.920]
Epoch [80] Testing Results: Prec@1 40.030 Prec@5 66.490             Loss 3.44094
Epoch [80] Testing Class Recall: [0.000,0.000,0.000,0.004,0.573,0.669,0.935,0.605,0.826,0.391]
Epoch [81] Training Results: Prec@1 85.323 Prec@5 99.677             Loss 1.06924
Epoch [81] Training Class Recall: [0.000,0.032,0.913,0.903,0.862,0.698,0.916,0.880]
Epoch [81] Testing Results: Prec@1 40.810 Prec@5 67.470             Loss 3.37629
Epoch [81] Testing Class Recall: [0.000,0.000,0.000,0.029,0.645,0.872,0.725,0.433,0.862,0.515]
Epoch [82] Training Results: Prec@1 86.371 Prec@5 99.839             Loss 1.02771
Epoch [82] Training Class Recall: [0.000,0.065,0.919,0.906,0.871,0.755,0.964,0.780]
Epoch [82] Testing Results: Prec@1 36.760 Prec@5 64.960             Loss 3.91199
Epoch [82] Testing Class Recall: [0.000,0.000,0.000,0.001,0.495,0.908,0.452,0.621,0.362,0.837]
Epoch [83] Training Results: Prec@1 85.403 Prec@5 99.677             Loss 1.01635
Epoch [83] Training Class Recall: [0.000,0.065,0.882,0.909,0.879,0.763,0.928,0.800]
Epoch [83] Testing Results: Prec@1 37.900 Prec@5 65.390             Loss 3.68516
Epoch [83] Testing Class Recall: [0.000,0.000,0.000,0.008,0.861,0.538,0.562,0.609,0.825,0.387]
Epoch [84] Training Results: Prec@1 83.468 Prec@5 99.758             Loss 1.04237
Epoch [84] Training Class Recall: [0.000,0.226,0.895,0.897,0.812,0.676,0.916,0.760]
Epoch [84] Testing Results: Prec@1 38.060 Prec@5 67.320             Loss 3.50526
Epoch [84] Testing Class Recall: [0.000,0.000,0.000,0.023,0.325,0.527,0.963,0.564,0.852,0.552]
Epoch [85] Training Results: Prec@1 85.887 Prec@5 99.839             Loss 0.99508
Epoch [85] Training Class Recall: [0.000,0.097,0.942,0.909,0.812,0.784,0.831,0.840]
Epoch [85] Testing Results: Prec@1 42.740 Prec@5 65.930             Loss 3.68372
Epoch [85] Testing Class Recall: [0.000,0.000,0.000,0.000,0.613,0.870,0.700,0.678,0.795,0.618]
Epoch [86] Training Results: Prec@1 86.694 Prec@5 99.839             Loss 0.94218
Epoch [86] Training Class Recall: [0.000,0.000,0.924,0.915,0.866,0.777,0.880,0.900]
Epoch [86] Testing Results: Prec@1 38.200 Prec@5 67.270             Loss 3.53667
Epoch [86] Testing Class Recall: [0.000,0.000,0.000,0.036,0.549,0.783,0.918,0.422,0.831,0.281]
Epoch [87] Training Results: Prec@1 87.581 Prec@5 99.758             Loss 0.99364
Epoch [87] Training Class Recall: [0.000,0.065,0.927,0.931,0.853,0.784,0.976,0.840]
Epoch [87] Testing Results: Prec@1 40.970 Prec@5 67.030             Loss 3.48618
Epoch [87] Testing Class Recall: [0.000,0.000,0.000,0.035,0.779,0.715,0.740,0.299,0.792,0.737]
Epoch [88] Training Results: Prec@1 85.726 Prec@5 99.758             Loss 1.07605
Epoch [88] Training Class Recall: [0.000,0.065,0.900,0.912,0.866,0.719,0.928,0.900]
Epoch [88] Testing Results: Prec@1 31.710 Prec@5 65.360             Loss 3.75616
Epoch [88] Testing Class Recall: [0.000,0.000,0.000,0.000,0.543,0.709,0.562,0.839,0.302,0.216]
Epoch [89] Training Results: Prec@1 86.371 Prec@5 99.839             Loss 1.11735
Epoch [89] Training Class Recall: [0.000,0.000,0.906,0.915,0.884,0.770,0.916,0.840]
Epoch [89] Testing Results: Prec@1 39.950 Prec@5 67.410             Loss 3.32929
Epoch [89] Testing Class Recall: [0.000,0.000,0.000,0.004,0.824,0.705,0.745,0.418,0.742,0.557]
Epoch [90] Training Results: Prec@1 84.435 Prec@5 99.758             Loss 1.09314
Epoch [90] Training Class Recall: [0.000,0.000,0.937,0.873,0.839,0.705,0.867,0.860]
Epoch [90] Testing Results: Prec@1 37.860 Prec@5 67.140             Loss 3.48768
Epoch [90] Testing Class Recall: [0.000,0.000,0.000,0.000,0.453,0.888,0.815,0.600,0.787,0.243]
Epoch [91] Training Results: Prec@1 85.081 Prec@5 99.758             Loss 0.98673
Epoch [91] Training Class Recall: [0.000,0.032,0.898,0.888,0.866,0.755,0.916,0.860]
Epoch [91] Testing Results: Prec@1 36.690 Prec@5 65.140             Loss 3.84142
Epoch [91] Testing Class Recall: [0.000,0.000,0.000,0.003,0.365,0.864,0.661,0.212,0.681,0.883]
Epoch [92] Training Results: Prec@1 85.726 Prec@5 99.758             Loss 1.10608
Epoch [92] Training Class Recall: [0.000,0.097,0.911,0.909,0.888,0.705,0.880,0.840]
Epoch [92] Testing Results: Prec@1 38.360 Prec@5 63.160             Loss 3.45524
Epoch [92] Testing Class Recall: [0.000,0.000,0.000,0.004,0.760,0.636,0.352,0.770,0.745,0.569]
Epoch [93] Training Results: Prec@1 86.855 Prec@5 99.758             Loss 1.00116
Epoch [93] Training Class Recall: [0.000,0.129,0.942,0.915,0.821,0.755,0.904,0.940]
Epoch [93] Testing Results: Prec@1 42.070 Prec@5 66.000             Loss 3.60802
Epoch [93] Testing Class Recall: [0.000,0.000,0.000,0.002,0.542,0.670,0.924,0.705,0.805,0.559]
Epoch [94] Training Results: Prec@1 88.387 Prec@5 99.919             Loss 0.91743
Epoch [94] Training Class Recall: [0.000,0.000,0.940,0.927,0.884,0.835,0.952,0.760]
Epoch [94] Testing Results: Prec@1 43.720 Prec@5 66.080             Loss 3.56129
Epoch [94] Testing Class Recall: [0.000,0.000,0.000,0.004,0.696,0.767,0.859,0.671,0.765,0.610]
Epoch [95] Training Results: Prec@1 87.903 Prec@5 99.758             Loss 0.91019
Epoch [95] Training Class Recall: [0.000,0.226,0.934,0.909,0.893,0.748,0.892,0.960]
Epoch [95] Testing Results: Prec@1 41.410 Prec@5 65.790             Loss 3.58602
Epoch [95] Testing Class Recall: [0.000,0.000,0.000,0.001,0.472,0.902,0.724,0.600,0.856,0.586]
Epoch [96] Training Results: Prec@1 90.000 Prec@5 99.839             Loss 1.06801
Epoch [96] Training Class Recall: [0.000,0.290,0.934,0.946,0.879,0.842,0.928,0.940]
Epoch [96] Testing Results: Prec@1 39.960 Prec@5 65.760             Loss 3.41339
Epoch [96] Testing Class Recall: [0.000,0.000,0.000,0.005,0.787,0.774,0.768,0.408,0.617,0.637]
Epoch [97] Training Results: Prec@1 88.952 Prec@5 99.919             Loss 1.00975
Epoch [97] Training Class Recall: [0.000,0.226,0.929,0.927,0.906,0.835,0.892,0.840]
Epoch [97] Testing Results: Prec@1 41.840 Prec@5 64.230             Loss 3.63871
Epoch [97] Testing Class Recall: [0.000,0.000,0.000,0.009,0.612,0.759,0.476,0.753,0.748,0.827]
Epoch [98] Training Results: Prec@1 88.548 Prec@5 99.839             Loss 1.00136
Epoch [98] Training Class Recall: [0.000,0.258,0.934,0.906,0.897,0.770,0.928,0.980]
Epoch [98] Testing Results: Prec@1 33.350 Prec@5 64.380             Loss 4.07534
Epoch [98] Testing Class Recall: [0.000,0.000,0.000,0.022,0.523,0.671,0.943,0.492,0.550,0.134]
Epoch [99] Training Results: Prec@1 86.694 Prec@5 99.677             Loss 1.03099
Epoch [99] Training Class Recall: [0.000,0.097,0.908,0.943,0.821,0.791,0.928,0.860]
Epoch [99] Testing Results: Prec@1 40.170 Prec@5 66.260             Loss 3.42964
Epoch [99] Testing Class Recall: [0.000,0.000,0.000,0.005,0.754,0.888,0.495,0.453,0.785,0.637]
Epoch [100] Training Results: Prec@1 85.403 Prec@5 99.758             Loss 1.08698
Epoch [100] Training Class Recall: [0.000,0.032,0.942,0.873,0.848,0.727,0.904,0.880]
Epoch [100] Testing Results: Prec@1 39.800 Prec@5 67.170             Loss 3.76588
Epoch [100] Testing Class Recall: [0.000,0.000,0.000,0.006,0.652,0.867,0.720,0.641,0.569,0.525]
Epoch [101] Training Results: Prec@1 89.113 Prec@5 99.919             Loss 0.96859
Epoch [101] Training Class Recall: [0.000,0.194,0.927,0.918,0.879,0.835,0.964,0.980]
Epoch [101] Testing Results: Prec@1 40.730 Prec@5 67.040             Loss 3.36370
Epoch [101] Testing Class Recall: [0.000,0.000,0.000,0.089,0.807,0.675,0.818,0.381,0.901,0.402]
Epoch [102] Training Results: Prec@1 90.000 Prec@5 99.839             Loss 0.79313
Epoch [102] Training Class Recall: [0.000,0.194,0.950,0.931,0.906,0.835,0.916,0.900]
Epoch [102] Testing Results: Prec@1 37.690 Prec@5 67.460             Loss 3.92406
Epoch [102] Testing Class Recall: [0.000,0.000,0.000,0.019,0.438,0.878,0.883,0.255,0.619,0.677]
Epoch [103] Training Results: Prec@1 90.806 Prec@5 99.919             Loss 0.97870
Epoch [103] Training Class Recall: [0.000,0.355,0.948,0.927,0.924,0.813,0.928,1.000]
Epoch [103] Testing Results: Prec@1 38.420 Prec@5 66.460             Loss 3.51920
Epoch [103] Testing Class Recall: [0.000,0.000,0.000,0.078,0.803,0.519,0.754,0.596,0.764,0.328]
Epoch [104] Training Results: Prec@1 86.774 Prec@5 99.839             Loss 1.02762
Epoch [104] Training Class Recall: [0.000,0.194,0.921,0.912,0.902,0.741,0.867,0.800]
Epoch [104] Testing Results: Prec@1 41.660 Prec@5 63.600             Loss 3.46543
Epoch [104] Testing Class Recall: [0.000,0.000,0.000,0.001,0.598,0.870,0.552,0.580,0.766,0.799]
Epoch [105] Training Results: Prec@1 89.677 Prec@5 99.839             Loss 0.95709
Epoch [105] Training Class Recall: [0.000,0.161,0.929,0.940,0.938,0.748,0.964,0.960]
Epoch [105] Testing Results: Prec@1 39.430 Prec@5 66.540             Loss 3.65077
Epoch [105] Testing Class Recall: [0.000,0.000,0.000,0.055,0.728,0.587,0.886,0.578,0.794,0.315]
Epoch [106] Training Results: Prec@1 89.435 Prec@5 99.919             Loss 0.92341
Epoch [106] Training Class Recall: [0.000,0.194,0.950,0.931,0.875,0.842,0.928,0.860]
Epoch [106] Testing Results: Prec@1 44.010 Prec@5 66.070             Loss 3.60311
Epoch [106] Testing Class Recall: [0.000,0.000,0.000,0.043,0.566,0.761,0.898,0.615,0.672,0.846]
Epoch [107] Training Results: Prec@1 89.355 Prec@5 99.839             Loss 0.95602
Epoch [107] Training Class Recall: [0.000,0.323,0.955,0.918,0.862,0.799,0.916,1.000]
Epoch [107] Testing Results: Prec@1 37.930 Prec@5 65.950             Loss 3.75435
Epoch [107] Testing Class Recall: [0.000,0.000,0.000,0.055,0.480,0.827,0.909,0.491,0.804,0.227]
Epoch [108] Training Results: Prec@1 90.645 Prec@5 99.919             Loss 0.95365
Epoch [108] Training Class Recall: [0.000,0.290,0.934,0.937,0.942,0.842,0.940,0.860]
Epoch [108] Testing Results: Prec@1 43.560 Prec@5 65.660             Loss 3.57454
Epoch [108] Testing Class Recall: [0.000,0.000,0.000,0.030,0.618,0.739,0.883,0.702,0.817,0.567]
Epoch [109] Training Results: Prec@1 90.323 Prec@5 99.919             Loss 0.88482
Epoch [109] Training Class Recall: [0.000,0.419,0.948,0.940,0.862,0.871,0.928,0.880]
Epoch [109] Testing Results: Prec@1 42.720 Prec@5 66.900             Loss 3.64018
Epoch [109] Testing Class Recall: [0.000,0.000,0.000,0.041,0.509,0.920,0.715,0.596,0.778,0.713]
Epoch [110] Training Results: Prec@1 90.565 Prec@5 99.839             Loss 0.77711
Epoch [110] Training Class Recall: [0.000,0.484,0.932,0.909,0.938,0.856,0.916,0.940]
Epoch [110] Testing Results: Prec@1 37.090 Prec@5 67.330             Loss 3.94957
Epoch [110] Testing Class Recall: [0.000,0.000,0.000,0.014,0.895,0.830,0.607,0.295,0.755,0.313]
Epoch [111] Training Results: Prec@1 90.565 Prec@5 99.839             Loss 0.97983
Epoch [111] Training Class Recall: [0.000,0.290,0.966,0.931,0.875,0.842,0.940,0.940]
Epoch [111] Testing Results: Prec@1 41.280 Prec@5 67.180             Loss 3.48299
Epoch [111] Testing Class Recall: [0.000,0.000,0.000,0.053,0.496,0.869,0.800,0.659,0.675,0.576]
Epoch [112] Training Results: Prec@1 90.000 Prec@5 99.919             Loss 1.02926
Epoch [112] Training Class Recall: [0.000,0.387,0.953,0.937,0.862,0.813,0.976,0.880]
Epoch [112] Testing Results: Prec@1 38.430 Prec@5 63.690             Loss 3.59123
Epoch [112] Testing Class Recall: [0.000,0.000,0.000,0.003,0.886,0.778,0.438,0.455,0.616,0.667]
Epoch [113] Training Results: Prec@1 90.161 Prec@5 99.839             Loss 0.94900
Epoch [113] Training Class Recall: [0.000,0.194,0.963,0.906,0.920,0.806,0.964,0.940]
Epoch [113] Testing Results: Prec@1 44.990 Prec@5 67.380             Loss 3.29320
Epoch [113] Testing Class Recall: [0.000,0.000,0.000,0.090,0.672,0.785,0.791,0.672,0.833,0.656]
Epoch [114] Training Results: Prec@1 92.984 Prec@5 99.839             Loss 0.69400
Epoch [114] Training Class Recall: [0.000,0.613,0.942,0.961,0.902,0.906,0.976,0.960]
Epoch [114] Testing Results: Prec@1 43.470 Prec@5 66.860             Loss 3.94397
Epoch [114] Testing Class Recall: [0.000,0.000,0.000,0.024,0.661,0.843,0.766,0.735,0.672,0.646]
Epoch [115] Training Results: Prec@1 93.145 Prec@5 99.839             Loss 0.81908
Epoch [115] Training Class Recall: [0.000,0.613,0.950,0.952,0.915,0.906,0.976,0.940]
Epoch [115] Testing Results: Prec@1 42.310 Prec@5 64.770             Loss 3.94278
Epoch [115] Testing Class Recall: [0.000,0.000,0.000,0.027,0.712,0.890,0.617,0.557,0.615,0.813]
Epoch [116] Training Results: Prec@1 91.048 Prec@5 99.919             Loss 0.93496
Epoch [116] Training Class Recall: [0.000,0.419,0.924,0.931,0.951,0.871,0.916,0.920]
Epoch [116] Testing Results: Prec@1 39.050 Prec@5 64.220             Loss 3.57495
Epoch [116] Testing Class Recall: [0.000,0.000,0.000,0.006,0.611,0.928,0.560,0.353,0.840,0.607]
Epoch [117] Training Results: Prec@1 89.919 Prec@5 99.758             Loss 0.80872
Epoch [117] Training Class Recall: [0.000,0.323,0.969,0.934,0.888,0.784,0.916,0.860]
Epoch [117] Testing Results: Prec@1 36.860 Prec@5 64.270             Loss 3.74777
Epoch [117] Testing Class Recall: [0.000,0.000,0.000,0.029,0.576,0.517,0.947,0.566,0.862,0.189]
Epoch [118] Training Results: Prec@1 92.581 Prec@5 99.919             Loss 1.01177
Epoch [118] Training Class Recall: [0.000,0.452,0.953,0.949,0.915,0.899,0.976,0.920]
Epoch [118] Testing Results: Prec@1 41.410 Prec@5 66.910             Loss 3.62861
Epoch [118] Testing Class Recall: [0.000,0.000,0.000,0.059,0.832,0.824,0.669,0.520,0.570,0.667]
Epoch [119] Training Results: Prec@1 91.855 Prec@5 99.919             Loss 1.00051
Epoch [119] Training Class Recall: [0.000,0.581,0.940,0.949,0.933,0.813,0.964,0.940]
Epoch [119] Testing Results: Prec@1 42.720 Prec@5 64.280             Loss 3.29317
Epoch [119] Testing Class Recall: [0.000,0.000,0.000,0.009,0.538,0.813,0.811,0.723,0.635,0.743]
Epoch [120] Training Results: Prec@1 91.048 Prec@5 99.919             Loss 0.94506
Epoch [120] Training Class Recall: [0.000,0.161,0.966,0.934,0.911,0.885,0.916,0.880]
Epoch [120] Testing Results: Prec@1 42.610 Prec@5 65.470             Loss 3.67088
Epoch [120] Testing Class Recall: [0.000,0.000,0.000,0.022,0.667,0.761,0.840,0.721,0.533,0.717]
Epoch [121] Training Results: Prec@1 93.065 Prec@5 99.839             Loss 0.96911
Epoch [121] Training Class Recall: [0.000,0.645,0.948,0.964,0.911,0.906,0.952,0.900]
Epoch [121] Testing Results: Prec@1 41.470 Prec@5 66.360             Loss 3.46345
Epoch [121] Testing Class Recall: [0.000,0.000,0.000,0.053,0.607,0.829,0.859,0.600,0.899,0.300]
Epoch [122] Training Results: Prec@1 91.935 Prec@5 99.919             Loss 1.01712
Epoch [122] Training Class Recall: [0.000,0.355,0.950,0.937,0.929,0.892,0.964,0.900]
Epoch [122] Testing Results: Prec@1 39.890 Prec@5 64.630             Loss 3.58082
Epoch [122] Testing Class Recall: [0.000,0.000,0.000,0.021,0.815,0.675,0.539,0.783,0.619,0.537]
Epoch [123] Training Results: Prec@1 92.419 Prec@5 99.758             Loss 1.07059
Epoch [123] Training Class Recall: [0.000,0.613,0.953,0.931,0.933,0.871,0.988,0.880]
Epoch [123] Testing Results: Prec@1 36.450 Prec@5 66.650             Loss 3.70731
Epoch [123] Testing Class Recall: [0.000,0.000,0.000,0.050,0.503,0.954,0.710,0.396,0.596,0.436]
Epoch [124] Training Results: Prec@1 92.984 Prec@5 99.919             Loss 1.05895
Epoch [124] Training Class Recall: [0.000,0.355,0.971,0.955,0.924,0.885,0.964,0.920]
Epoch [124] Testing Results: Prec@1 43.830 Prec@5 65.790             Loss 3.28241
Epoch [124] Testing Class Recall: [0.000,0.000,0.000,0.033,0.773,0.721,0.832,0.648,0.894,0.482]
Epoch [125] Training Results: Prec@1 92.742 Prec@5 99.919             Loss 0.94058
Epoch [125] Training Class Recall: [0.000,0.452,0.958,0.943,0.946,0.863,0.952,0.960]
Epoch [125] Testing Results: Prec@1 43.720 Prec@5 65.780             Loss 3.67998
Epoch [125] Testing Class Recall: [0.000,0.000,0.000,0.020,0.484,0.788,0.907,0.755,0.831,0.587]
Epoch [126] Training Results: Prec@1 92.258 Prec@5 99.919             Loss 0.98732
Epoch [126] Training Class Recall: [0.000,0.419,0.937,0.943,0.951,0.878,0.964,0.940]
Epoch [126] Testing Results: Prec@1 42.910 Prec@5 68.010             Loss 3.18499
Epoch [126] Testing Class Recall: [0.000,0.000,0.000,0.091,0.794,0.844,0.750,0.409,0.834,0.569]
Epoch [127] Training Results: Prec@1 93.548 Prec@5 99.919             Loss 0.91099
Epoch [127] Training Class Recall: [0.000,0.323,0.958,0.964,0.933,0.921,0.976,0.960]
Epoch [127] Testing Results: Prec@1 43.450 Prec@5 66.250             Loss 3.62126
Epoch [127] Testing Class Recall: [0.000,0.000,0.000,0.012,0.683,0.875,0.814,0.671,0.745,0.545]
Epoch [128] Training Results: Prec@1 94.677 Prec@5 99.919             Loss 0.68864
Epoch [128] Training Class Recall: [0.000,0.581,0.982,0.964,0.942,0.942,0.904,0.920]
Epoch [128] Testing Results: Prec@1 43.560 Prec@5 65.180             Loss 4.13803
Epoch [128] Testing Class Recall: [0.000,0.000,0.000,0.044,0.841,0.690,0.567,0.698,0.798,0.718]
Epoch [129] Training Results: Prec@1 94.194 Prec@5 99.919             Loss 0.88742
Epoch [129] Training Class Recall: [0.000,0.677,0.966,0.943,0.938,0.957,0.988,0.840]
Epoch [129] Testing Results: Prec@1 38.710 Prec@5 67.120             Loss 3.70187
Epoch [129] Testing Class Recall: [0.000,0.000,0.000,0.057,0.601,0.649,0.948,0.476,0.538,0.602]
Epoch [130] Training Results: Prec@1 93.548 Prec@5 99.919             Loss 0.95165
Epoch [130] Training Class Recall: [0.000,0.613,0.942,0.949,0.964,0.885,0.952,1.000]
Epoch [130] Testing Results: Prec@1 41.640 Prec@5 63.320             Loss 3.48593
Epoch [130] Testing Class Recall: [0.000,0.000,0.000,0.004,0.582,0.853,0.854,0.541,0.862,0.468]
Epoch [131] Training Results: Prec@1 93.710 Prec@5 99.919             Loss 0.82902
Epoch [131] Training Class Recall: [0.000,0.677,0.961,0.946,0.933,0.914,0.940,0.960]
Epoch [131] Testing Results: Prec@1 45.510 Prec@5 67.710             Loss 3.42673
Epoch [131] Testing Class Recall: [0.000,0.000,0.000,0.132,0.737,0.878,0.675,0.591,0.772,0.766]
Epoch [132] Training Results: Prec@1 95.081 Prec@5 99.919             Loss 0.73507
Epoch [132] Training Class Recall: [0.000,0.742,0.958,0.976,0.942,0.935,0.952,0.960]
Epoch [132] Testing Results: Prec@1 41.500 Prec@5 65.480             Loss 4.24212
Epoch [132] Testing Class Recall: [0.000,0.000,0.000,0.030,0.632,0.726,0.872,0.734,0.740,0.416]
Epoch [133] Training Results: Prec@1 93.952 Prec@5 99.919             Loss 1.09240
Epoch [133] Training Class Recall: [0.000,0.645,0.969,0.958,0.942,0.863,0.964,0.960]
Epoch [133] Testing Results: Prec@1 40.110 Prec@5 65.730             Loss 3.37951
Epoch [133] Testing Class Recall: [0.000,0.000,0.000,0.110,0.869,0.497,0.786,0.559,0.788,0.402]
Epoch [134] Training Results: Prec@1 94.032 Prec@5 99.919             Loss 1.07512
Epoch [134] Training Class Recall: [0.000,0.613,0.958,0.937,0.960,0.914,0.964,1.000]
Epoch [134] Testing Results: Prec@1 40.270 Prec@5 63.770             Loss 3.39741
Epoch [134] Testing Class Recall: [0.000,0.000,0.000,0.007,0.656,0.710,0.736,0.820,0.744,0.354]
Epoch [135] Training Results: Prec@1 93.226 Prec@5 99.919             Loss 1.00213
Epoch [135] Training Class Recall: [0.000,0.484,0.971,0.955,0.951,0.863,0.916,0.920]
Epoch [135] Testing Results: Prec@1 39.960 Prec@5 63.350             Loss 3.76985
Epoch [135] Testing Class Recall: [0.000,0.000,0.000,0.014,0.670,0.934,0.572,0.365,0.603,0.838]
Epoch [136] Training Results: Prec@1 93.952 Prec@5 99.919             Loss 0.84976
Epoch [136] Training Class Recall: [0.000,0.742,0.958,0.946,0.942,0.906,0.952,0.960]
Epoch [136] Testing Results: Prec@1 41.530 Prec@5 64.850             Loss 3.74629
Epoch [136] Testing Class Recall: [0.000,0.000,0.000,0.006,0.785,0.892,0.718,0.504,0.796,0.452]
Epoch [137] Training Results: Prec@1 94.758 Prec@5 99.839             Loss 0.83055
Epoch [137] Training Class Recall: [0.000,0.548,0.979,0.976,0.938,0.921,0.976,0.860]
Epoch [137] Testing Results: Prec@1 43.690 Prec@5 67.010             Loss 3.50222
Epoch [137] Testing Class Recall: [0.000,0.000,0.000,0.202,0.690,0.715,0.872,0.663,0.871,0.356]
Epoch [138] Training Results: Prec@1 94.839 Prec@5 99.919             Loss 0.79237
Epoch [138] Training Class Recall: [0.000,0.677,0.953,0.973,0.964,0.899,0.964,0.980]
Epoch [138] Testing Results: Prec@1 43.990 Prec@5 66.330             Loss 3.57457
Epoch [138] Testing Class Recall: [0.000,0.000,0.000,0.046,0.693,0.881,0.684,0.673,0.676,0.746]
Epoch [139] Training Results: Prec@1 95.403 Prec@5 99.919             Loss 0.86394
Epoch [139] Training Class Recall: [0.000,0.613,0.969,0.961,0.951,0.971,0.976,0.960]
Epoch [139] Testing Results: Prec@1 44.370 Prec@5 66.840             Loss 3.56612
Epoch [139] Testing Class Recall: [0.000,0.000,0.000,0.049,0.647,0.714,0.898,0.706,0.791,0.632]
Epoch [140] Training Results: Prec@1 95.323 Prec@5 99.919             Loss 0.82576
Epoch [140] Training Class Recall: [0.000,0.806,0.982,0.934,0.938,0.957,0.988,0.980]
Epoch [140] Testing Results: Prec@1 39.480 Prec@5 62.140             Loss 3.73759
Epoch [140] Testing Class Recall: [0.000,0.000,0.000,0.002,0.770,0.868,0.554,0.507,0.776,0.471]
Epoch [141] Training Results: Prec@1 95.403 Prec@5 99.919             Loss 0.88296
Epoch [141] Training Class Recall: [0.000,0.677,0.974,0.958,0.964,0.921,0.976,0.980]
Epoch [141] Testing Results: Prec@1 44.330 Prec@5 66.020             Loss 3.20209
Epoch [141] Testing Class Recall: [0.000,0.000,0.000,0.050,0.615,0.857,0.789,0.615,0.857,0.650]
Epoch [142] Training Results: Prec@1 95.565 Prec@5 99.919             Loss 0.89339
Epoch [142] Training Class Recall: [0.000,0.645,0.974,0.967,0.942,0.950,0.976,1.000]
Epoch [142] Testing Results: Prec@1 39.100 Prec@5 67.180             Loss 3.63210
Epoch [142] Testing Class Recall: [0.000,0.000,0.000,0.167,0.735,0.752,0.868,0.490,0.555,0.343]
Epoch [143] Training Results: Prec@1 94.113 Prec@5 99.919             Loss 0.72210
Epoch [143] Training Class Recall: [0.000,0.645,0.961,0.943,0.942,0.914,0.976,1.000]
Epoch [143] Testing Results: Prec@1 44.780 Prec@5 64.270             Loss 3.80349
Epoch [143] Testing Class Recall: [0.000,0.000,0.000,0.012,0.710,0.894,0.652,0.656,0.869,0.685]
Epoch [144] Training Results: Prec@1 95.323 Prec@5 99.919             Loss 0.85155
Epoch [144] Training Class Recall: [0.000,0.710,0.966,0.970,0.973,0.906,0.952,0.960]
Epoch [144] Testing Results: Prec@1 40.870 Prec@5 66.160             Loss 3.63662
Epoch [144] Testing Class Recall: [0.000,0.000,0.000,0.217,0.842,0.647,0.764,0.643,0.691,0.283]
Epoch [145] Training Results: Prec@1 94.274 Prec@5 99.919             Loss 0.90812
Epoch [145] Training Class Recall: [0.000,0.742,0.953,0.958,0.955,0.942,0.940,0.860]
Epoch [145] Testing Results: Prec@1 43.480 Prec@5 66.330             Loss 3.18432
Epoch [145] Testing Class Recall: [0.000,0.000,0.000,0.064,0.522,0.805,0.882,0.725,0.733,0.617]
Epoch [146] Training Results: Prec@1 95.000 Prec@5 99.919             Loss 0.75526
Epoch [146] Training Class Recall: [0.000,0.774,0.963,0.973,0.938,0.899,0.964,1.000]
Epoch [146] Testing Results: Prec@1 42.820 Prec@5 64.840             Loss 3.98016
Epoch [146] Testing Class Recall: [0.000,0.000,0.000,0.032,0.759,0.789,0.736,0.746,0.513,0.707]
Epoch [147] Training Results: Prec@1 96.210 Prec@5 99.919             Loss 0.94522
Epoch [147] Training Class Recall: [0.000,0.871,0.971,0.976,0.955,0.921,0.976,1.000]
Epoch [147] Testing Results: Prec@1 40.640 Prec@5 66.520             Loss 3.70450
Epoch [147] Testing Class Recall: [0.000,0.000,0.000,0.145,0.897,0.679,0.775,0.495,0.804,0.269]
Epoch [148] Training Results: Prec@1 95.806 Prec@5 99.919             Loss 0.82623
Epoch [148] Training Class Recall: [0.000,0.710,0.971,0.976,0.960,0.935,0.976,0.940]
Epoch [148] Testing Results: Prec@1 44.960 Prec@5 61.490             Loss 3.50606
Epoch [148] Testing Class Recall: [0.000,0.000,0.000,0.004,0.754,0.856,0.771,0.539,0.838,0.734]
Epoch [149] Training Results: Prec@1 95.323 Prec@5 99.919             Loss 0.61048
Epoch [149] Training Class Recall: [0.000,0.742,0.982,0.949,0.946,0.921,0.976,1.000]
Epoch [149] Testing Results: Prec@1 45.640 Prec@5 64.570             Loss 3.93799
Epoch [149] Testing Class Recall: [0.000,0.000,0.000,0.032,0.658,0.875,0.712,0.721,0.832,0.734]
Epoch [150] Training Results: Prec@1 95.323 Prec@5 99.919             Loss 0.89290
Epoch [150] Training Class Recall: [0.000,0.774,0.961,0.979,0.924,0.935,1.000,0.960]
Epoch [150] Testing Results: Prec@1 38.150 Prec@5 64.970             Loss 3.93513
Epoch [150] Testing Class Recall: [0.000,0.000,0.000,0.036,0.895,0.556,0.772,0.655,0.695,0.206]
Epoch [151] Training Results: Prec@1 95.242 Prec@5 99.919             Loss 0.77987
Epoch [151] Training Class Recall: [0.000,0.774,0.969,0.940,0.942,0.971,0.988,0.980]
Epoch [151] Testing Results: Prec@1 37.840 Prec@5 63.670             Loss 3.70434
Epoch [151] Testing Class Recall: [0.000,0.000,0.000,0.056,0.545,0.556,0.901,0.503,0.951,0.272]
Epoch [152] Training Results: Prec@1 95.887 Prec@5 99.919             Loss 0.92169
Epoch [152] Training Class Recall: [0.000,0.742,0.979,0.958,0.991,0.928,0.952,0.920]
Epoch [152] Testing Results: Prec@1 43.490 Prec@5 66.340             Loss 3.36770
Epoch [152] Testing Class Recall: [0.000,0.000,0.000,0.057,0.711,0.850,0.715,0.677,0.663,0.676]
Epoch [153] Training Results: Prec@1 96.371 Prec@5 99.919             Loss 0.78439
Epoch [153] Training Class Recall: [0.000,0.710,0.969,0.985,0.973,0.964,0.976,0.900]
Epoch [153] Testing Results: Prec@1 42.810 Prec@5 63.160             Loss 3.59222
Epoch [153] Testing Class Recall: [0.000,0.000,0.000,0.009,0.601,0.936,0.736,0.469,0.668,0.862]
Epoch [154] Training Results: Prec@1 96.613 Prec@5 99.919             Loss 0.88158
Epoch [154] Training Class Recall: [0.000,0.903,0.984,0.970,0.955,0.957,0.964,0.940]
Epoch [154] Testing Results: Prec@1 42.310 Prec@5 65.870             Loss 3.45662
Epoch [154] Testing Class Recall: [0.000,0.000,0.000,0.132,0.806,0.734,0.788,0.595,0.896,0.280]
Epoch [155] Training Results: Prec@1 96.371 Prec@5 99.919             Loss 0.74538
Epoch [155] Training Class Recall: [0.000,0.871,0.984,0.964,0.960,0.942,0.952,0.980]
Epoch [155] Testing Results: Prec@1 42.820 Prec@5 65.870             Loss 3.49042
Epoch [155] Testing Class Recall: [0.000,0.000,0.000,0.036,0.460,0.772,0.938,0.631,0.790,0.655]
Epoch [156] Training Results: Prec@1 96.048 Prec@5 99.919             Loss 0.89940
Epoch [156] Training Class Recall: [0.000,0.935,0.966,0.961,0.955,0.964,0.952,0.980]
Epoch [156] Testing Results: Prec@1 43.530 Prec@5 65.330             Loss 3.65110
Epoch [156] Testing Class Recall: [0.000,0.000,0.000,0.069,0.820,0.702,0.756,0.728,0.726,0.552]
Epoch [157] Training Results: Prec@1 95.968 Prec@5 99.919             Loss 0.89070
Epoch [157] Training Class Recall: [0.000,0.839,0.942,0.976,0.969,0.978,0.976,0.960]
Epoch [157] Testing Results: Prec@1 41.710 Prec@5 64.130             Loss 3.51043
Epoch [157] Testing Class Recall: [0.000,0.000,0.000,0.053,0.802,0.736,0.785,0.466,0.929,0.400]
Epoch [158] Training Results: Prec@1 95.806 Prec@5 99.919             Loss 0.87543
Epoch [158] Training Class Recall: [0.000,0.774,0.974,0.976,0.938,0.935,0.988,0.960]
Epoch [158] Testing Results: Prec@1 43.750 Prec@5 66.210             Loss 3.25642
Epoch [158] Testing Class Recall: [0.000,0.000,0.000,0.048,0.678,0.764,0.862,0.760,0.687,0.576]
Epoch [159] Training Results: Prec@1 97.097 Prec@5 99.919             Loss 0.65780
Epoch [159] Training Class Recall: [0.000,0.806,0.992,0.982,0.951,0.942,0.988,1.000]
Epoch [159] Testing Results: Prec@1 45.730 Prec@5 67.150             Loss 3.51393
Epoch [159] Testing Class Recall: [0.000,0.000,0.000,0.153,0.622,0.787,0.863,0.749,0.893,0.506]
Epoch [160] Training Results: Prec@1 97.984 Prec@5 99.919             Loss 0.87061
Epoch [160] Training Class Recall: [0.000,0.968,0.974,0.976,0.996,0.978,0.988,1.000]
Epoch [160] Testing Results: Prec@1 46.460 Prec@5 66.090             Loss 1.05096
Epoch [160] Testing Class Recall: [0.000,0.000,0.000,0.060,0.602,0.837,0.857,0.755,0.874,0.661]
Epoch [161] Training Results: Prec@1 97.903 Prec@5 99.919             Loss 0.64777
Epoch [161] Training Class Recall: [0.000,0.935,0.966,0.973,1.000,0.993,1.000,1.000]
Epoch [161] Testing Results: Prec@1 46.830 Prec@5 65.940             Loss 0.99228
Epoch [161] Testing Class Recall: [0.000,0.000,0.000,0.053,0.611,0.828,0.861,0.748,0.871,0.711]
Epoch [162] Training Results: Prec@1 97.339 Prec@5 99.919             Loss 0.84445
Epoch [162] Training Class Recall: [0.000,0.935,0.955,0.982,0.996,0.964,0.988,1.000]
Epoch [162] Testing Results: Prec@1 46.920 Prec@5 65.650             Loss 0.93484
Epoch [162] Testing Class Recall: [0.000,0.000,0.000,0.053,0.556,0.817,0.864,0.775,0.860,0.767]
Epoch [163] Training Results: Prec@1 96.935 Prec@5 99.919             Loss 0.71923
Epoch [163] Training Class Recall: [0.000,0.935,0.953,0.976,0.978,0.978,0.988,1.000]
Epoch [163] Testing Results: Prec@1 47.320 Prec@5 65.750             Loss 0.90954
Epoch [163] Testing Class Recall: [0.000,0.000,0.000,0.044,0.593,0.821,0.848,0.782,0.863,0.781]
Epoch [164] Training Results: Prec@1 97.984 Prec@5 99.919             Loss 0.71779
Epoch [164] Training Class Recall: [0.000,0.968,0.969,0.979,0.991,0.986,1.000,1.000]
Epoch [164] Testing Results: Prec@1 47.380 Prec@5 65.660             Loss 0.88425
Epoch [164] Testing Class Recall: [0.000,0.000,0.000,0.050,0.572,0.821,0.856,0.777,0.865,0.797]
Epoch [165] Training Results: Prec@1 97.500 Prec@5 99.919             Loss 0.85393
Epoch [165] Training Class Recall: [0.000,0.968,0.953,0.982,0.991,0.978,1.000,1.000]
Epoch [165] Testing Results: Prec@1 47.220 Prec@5 65.660             Loss 0.88254
Epoch [165] Testing Class Recall: [0.000,0.000,0.000,0.042,0.568,0.809,0.851,0.788,0.869,0.795]
Epoch [166] Training Results: Prec@1 97.097 Prec@5 99.919             Loss 0.66421
Epoch [166] Training Class Recall: [0.000,0.968,0.937,0.979,0.991,1.000,0.988,1.000]
Epoch [166] Testing Results: Prec@1 47.170 Prec@5 65.530             Loss 0.88186
Epoch [166] Testing Class Recall: [0.000,0.000,0.000,0.042,0.559,0.800,0.861,0.793,0.872,0.790]
Epoch [167] Training Results: Prec@1 97.742 Prec@5 99.919             Loss 0.60588
Epoch [167] Training Class Recall: [0.000,0.903,0.958,0.985,0.991,0.993,1.000,1.000]
Epoch [167] Testing Results: Prec@1 47.160 Prec@5 65.570             Loss 0.88136
Epoch [167] Testing Class Recall: [0.000,0.000,0.000,0.043,0.546,0.809,0.862,0.791,0.876,0.789]
Epoch [168] Training Results: Prec@1 96.694 Prec@5 99.919             Loss 0.72000
Epoch [168] Training Class Recall: [0.000,1.000,0.929,0.970,0.991,1.000,0.988,1.000]
Epoch [168] Testing Results: Prec@1 47.220 Prec@5 65.420             Loss 0.86791
Epoch [168] Testing Class Recall: [0.000,0.000,0.000,0.039,0.548,0.812,0.862,0.784,0.873,0.804]
Epoch [169] Training Results: Prec@1 97.097 Prec@5 99.919             Loss 0.56710
Epoch [169] Training Class Recall: [0.000,1.000,0.932,0.982,0.991,0.993,1.000,1.000]
Epoch [169] Testing Results: Prec@1 47.290 Prec@5 65.480             Loss 0.85703
Epoch [169] Testing Class Recall: [0.000,0.000,0.000,0.034,0.548,0.810,0.859,0.798,0.870,0.810]
Epoch [170] Training Results: Prec@1 97.097 Prec@5 99.919             Loss 0.90185
Epoch [170] Training Class Recall: [0.000,0.903,0.934,0.991,0.991,0.993,0.988,1.000]
Epoch [170] Testing Results: Prec@1 46.760 Prec@5 65.050             Loss 0.84461
Epoch [170] Testing Class Recall: [0.000,0.000,0.000,0.034,0.485,0.808,0.858,0.805,0.854,0.832]
Epoch [171] Training Results: Prec@1 97.581 Prec@5 99.919             Loss 0.67501
Epoch [171] Training Class Recall: [0.000,0.871,0.950,0.988,0.991,1.000,1.000,1.000]
Epoch [171] Testing Results: Prec@1 47.050 Prec@5 65.210             Loss 0.84102
Epoch [171] Testing Class Recall: [0.000,0.000,0.000,0.034,0.514,0.798,0.860,0.807,0.863,0.829]
Epoch [172] Training Results: Prec@1 96.613 Prec@5 99.919             Loss 0.65591
Epoch [172] Training Class Recall: [0.000,0.968,0.924,0.976,0.991,1.000,0.988,1.000]
Epoch [172] Testing Results: Prec@1 47.130 Prec@5 65.050             Loss 0.83612
Epoch [172] Testing Class Recall: [0.000,0.000,0.000,0.028,0.526,0.805,0.859,0.802,0.858,0.835]
Epoch [173] Training Results: Prec@1 96.694 Prec@5 99.919             Loss 0.70725
Epoch [173] Training Class Recall: [0.000,0.903,0.932,0.979,1.000,0.978,0.988,1.000]
Epoch [173] Testing Results: Prec@1 47.170 Prec@5 65.250             Loss 0.84474
Epoch [173] Testing Class Recall: [0.000,0.000,0.000,0.029,0.531,0.807,0.867,0.799,0.856,0.828]
Epoch [174] Training Results: Prec@1 97.258 Prec@5 99.919             Loss 0.65994
Epoch [174] Training Class Recall: [0.000,0.968,0.934,0.988,0.991,1.000,0.988,1.000]
Epoch [174] Testing Results: Prec@1 47.210 Prec@5 65.020             Loss 0.85018
Epoch [174] Testing Class Recall: [0.000,0.000,0.000,0.028,0.539,0.797,0.870,0.803,0.871,0.813]
Epoch [175] Training Results: Prec@1 97.742 Prec@5 99.919             Loss 0.74433
Epoch [175] Training Class Recall: [0.000,0.871,0.953,0.988,0.996,1.000,1.000,1.000]
Epoch [175] Testing Results: Prec@1 47.200 Prec@5 64.970             Loss 0.83311
Epoch [175] Testing Class Recall: [0.000,0.000,0.000,0.029,0.517,0.810,0.856,0.809,0.867,0.832]
Epoch [176] Training Results: Prec@1 96.210 Prec@5 99.919             Loss 0.72195
Epoch [176] Training Class Recall: [0.000,0.839,0.911,0.979,1.000,1.000,1.000,1.000]
Epoch [176] Testing Results: Prec@1 46.910 Prec@5 65.060             Loss 0.83791
Epoch [176] Testing Class Recall: [0.000,0.000,0.000,0.029,0.495,0.806,0.862,0.807,0.863,0.829]
Epoch [177] Training Results: Prec@1 97.097 Prec@5 99.919             Loss 0.65842
Epoch [177] Training Class Recall: [0.000,0.903,0.934,0.988,0.991,1.000,0.988,1.000]
Epoch [177] Testing Results: Prec@1 47.090 Prec@5 64.960             Loss 0.83763
Epoch [177] Testing Class Recall: [0.000,0.000,0.000,0.029,0.525,0.783,0.870,0.809,0.873,0.820]
Epoch [178] Training Results: Prec@1 97.097 Prec@5 99.919             Loss 0.66435
Epoch [178] Training Class Recall: [0.000,0.968,0.934,0.988,0.987,0.993,0.988,1.000]
Epoch [178] Testing Results: Prec@1 47.110 Prec@5 65.000             Loss 0.84075
Epoch [178] Testing Class Recall: [0.000,0.000,0.000,0.028,0.505,0.812,0.861,0.814,0.869,0.822]
Epoch [179] Training Results: Prec@1 96.452 Prec@5 99.919             Loss 0.66706
Epoch [179] Training Class Recall: [0.000,0.935,0.919,0.985,0.987,1.000,0.976,1.000]
Epoch [179] Testing Results: Prec@1 47.060 Prec@5 64.910             Loss 0.83285
Epoch [179] Testing Class Recall: [0.000,0.000,0.000,0.030,0.504,0.814,0.859,0.800,0.874,0.825]
Epoch [180] Training Results: Prec@1 96.935 Prec@5 99.919             Loss 0.78711
Epoch [180] Training Class Recall: [0.000,0.968,0.927,0.985,0.996,0.993,0.988,1.000]
Epoch [180] Testing Results: Prec@1 46.940 Prec@5 64.700             Loss 0.82537
Epoch [180] Testing Class Recall: [0.000,0.000,0.000,0.028,0.493,0.799,0.868,0.804,0.862,0.840]
Epoch [181] Training Results: Prec@1 96.371 Prec@5 99.919             Loss 0.65521
Epoch [181] Training Class Recall: [0.000,0.935,0.916,0.979,0.996,1.000,0.976,1.000]
Epoch [181] Testing Results: Prec@1 47.130 Prec@5 64.890             Loss 0.83204
Epoch [181] Testing Class Recall: [0.000,0.000,0.000,0.028,0.531,0.785,0.872,0.806,0.867,0.824]
Epoch [182] Training Results: Prec@1 96.613 Prec@5 99.919             Loss 0.66704
Epoch [182] Training Class Recall: [0.000,0.935,0.932,0.970,0.991,0.993,1.000,1.000]
Epoch [182] Testing Results: Prec@1 47.030 Prec@5 64.740             Loss 0.83567
Epoch [182] Testing Class Recall: [0.000,0.000,0.000,0.028,0.515,0.781,0.865,0.820,0.873,0.821]
Epoch [183] Training Results: Prec@1 96.452 Prec@5 99.919             Loss 0.59597
Epoch [183] Training Class Recall: [0.000,0.968,0.913,0.979,1.000,1.000,0.976,1.000]
Epoch [183] Testing Results: Prec@1 47.080 Prec@5 64.900             Loss 0.82392
Epoch [183] Testing Class Recall: [0.000,0.000,0.000,0.028,0.513,0.791,0.865,0.811,0.861,0.839]
Epoch [184] Training Results: Prec@1 96.774 Prec@5 99.919             Loss 0.58673
Epoch [184] Training Class Recall: [0.000,0.935,0.919,0.985,0.996,1.000,1.000,1.000]
Epoch [184] Testing Results: Prec@1 47.360 Prec@5 64.830             Loss 0.82842
Epoch [184] Testing Class Recall: [0.000,0.000,0.000,0.028,0.541,0.793,0.866,0.806,0.872,0.830]
Epoch [185] Training Results: Prec@1 97.016 Prec@5 99.919             Loss 0.60558
Epoch [185] Training Class Recall: [0.000,0.935,0.932,0.982,0.991,1.000,1.000,1.000]
Epoch [185] Testing Results: Prec@1 47.160 Prec@5 65.010             Loss 0.83640
Epoch [185] Testing Class Recall: [0.000,0.000,0.000,0.028,0.518,0.800,0.868,0.806,0.874,0.822]
Epoch [186] Training Results: Prec@1 96.855 Prec@5 99.919             Loss 0.71442
Epoch [186] Training Class Recall: [0.000,0.968,0.921,0.991,0.991,0.993,0.988,1.000]
Epoch [186] Testing Results: Prec@1 47.130 Prec@5 64.700             Loss 0.82367
Epoch [186] Testing Class Recall: [0.000,0.000,0.000,0.029,0.509,0.802,0.857,0.814,0.859,0.843]
Epoch [187] Training Results: Prec@1 96.452 Prec@5 99.919             Loss 0.72299
Epoch [187] Training Class Recall: [0.000,0.903,0.913,0.991,0.991,0.993,0.988,1.000]
Epoch [187] Testing Results: Prec@1 47.000 Prec@5 64.650             Loss 0.82585
Epoch [187] Testing Class Recall: [0.000,0.000,0.000,0.028,0.502,0.802,0.856,0.810,0.862,0.840]
Epoch [188] Training Results: Prec@1 96.774 Prec@5 99.919             Loss 0.77322
Epoch [188] Training Class Recall: [0.000,0.935,0.919,0.988,0.991,1.000,1.000,1.000]
Epoch [188] Testing Results: Prec@1 47.130 Prec@5 64.850             Loss 0.83903
Epoch [188] Testing Class Recall: [0.000,0.000,0.000,0.028,0.515,0.813,0.860,0.803,0.873,0.821]
Epoch [189] Training Results: Prec@1 96.452 Prec@5 99.919             Loss 0.64078
Epoch [189] Training Class Recall: [0.000,0.871,0.916,0.982,0.996,1.000,1.000,1.000]
Epoch [189] Testing Results: Prec@1 47.120 Prec@5 64.880             Loss 0.83645
Epoch [189] Testing Class Recall: [0.000,0.000,0.000,0.028,0.515,0.804,0.859,0.813,0.870,0.823]
Epoch [190] Training Results: Prec@1 97.258 Prec@5 99.919             Loss 0.70985
Epoch [190] Training Class Recall: [0.000,0.903,0.940,0.985,0.996,1.000,0.988,1.000]
Epoch [190] Testing Results: Prec@1 47.020 Prec@5 64.740             Loss 0.83118
Epoch [190] Testing Class Recall: [0.000,0.000,0.000,0.027,0.503,0.805,0.860,0.811,0.861,0.835]
Epoch [191] Training Results: Prec@1 97.016 Prec@5 99.919             Loss 0.64899
Epoch [191] Training Class Recall: [0.000,0.871,0.942,0.982,0.991,0.993,0.988,1.000]
Epoch [191] Testing Results: Prec@1 47.090 Prec@5 64.740             Loss 0.82951
Epoch [191] Testing Class Recall: [0.000,0.000,0.000,0.028,0.519,0.789,0.860,0.815,0.870,0.828]
Epoch [192] Training Results: Prec@1 97.177 Prec@5 99.919             Loss 0.72458
Epoch [192] Training Class Recall: [0.000,0.968,0.934,0.985,0.987,1.000,1.000,1.000]
Epoch [192] Testing Results: Prec@1 47.010 Prec@5 64.820             Loss 0.82974
Epoch [192] Testing Class Recall: [0.000,0.000,0.000,0.028,0.520,0.780,0.865,0.817,0.866,0.825]
Epoch [193] Training Results: Prec@1 96.774 Prec@5 99.919             Loss 0.67688
Epoch [193] Training Class Recall: [0.000,0.968,0.929,0.973,0.996,1.000,0.988,1.000]
Epoch [193] Testing Results: Prec@1 47.060 Prec@5 64.710             Loss 0.83364
Epoch [193] Testing Class Recall: [0.000,0.000,0.000,0.027,0.519,0.790,0.866,0.811,0.872,0.821]
Epoch [194] Training Results: Prec@1 96.210 Prec@5 99.919             Loss 0.77166
Epoch [194] Training Class Recall: [0.000,0.935,0.911,0.979,0.987,1.000,1.000,1.000]
Epoch [194] Testing Results: Prec@1 47.080 Prec@5 64.810             Loss 0.83193
Epoch [194] Testing Class Recall: [0.000,0.000,0.000,0.028,0.513,0.788,0.866,0.816,0.867,0.830]
Epoch [195] Training Results: Prec@1 97.097 Prec@5 99.919             Loss 0.59801
Epoch [195] Training Class Recall: [0.000,0.935,0.932,0.985,0.996,1.000,0.988,1.000]
Epoch [195] Testing Results: Prec@1 47.100 Prec@5 64.840             Loss 0.83357
Epoch [195] Testing Class Recall: [0.000,0.000,0.000,0.028,0.517,0.794,0.867,0.810,0.871,0.823]
Epoch [196] Training Results: Prec@1 96.532 Prec@5 99.919             Loss 0.62208
Epoch [196] Training Class Recall: [0.000,0.871,0.916,0.985,0.996,1.000,1.000,1.000]
Epoch [196] Testing Results: Prec@1 47.180 Prec@5 64.860             Loss 0.83582
Epoch [196] Testing Class Recall: [0.000,0.000,0.000,0.028,0.520,0.799,0.868,0.810,0.870,0.823]
Epoch [197] Training Results: Prec@1 96.371 Prec@5 99.919             Loss 0.70944
Epoch [197] Training Class Recall: [0.000,0.871,0.913,0.982,0.996,1.000,1.000,1.000]
Epoch [197] Testing Results: Prec@1 47.040 Prec@5 64.760             Loss 0.83018
Epoch [197] Testing Class Recall: [0.000,0.000,0.000,0.027,0.519,0.781,0.870,0.806,0.871,0.830]
Epoch [198] Training Results: Prec@1 96.935 Prec@5 99.919             Loss 0.75174
Epoch [198] Training Class Recall: [0.000,0.935,0.913,0.994,1.000,1.000,1.000,1.000]
Epoch [198] Testing Results: Prec@1 47.040 Prec@5 64.790             Loss 0.83560
Epoch [198] Testing Class Recall: [0.000,0.000,0.000,0.028,0.511,0.788,0.867,0.813,0.877,0.820]
Epoch [199] Training Results: Prec@1 96.371 Prec@5 99.919             Loss 0.66754
Epoch [199] Training Class Recall: [0.000,0.968,0.919,0.976,0.987,0.993,1.000,1.000]
Epoch [199] Testing Results: Prec@1 47.140 Prec@5 64.940             Loss 0.82921
Epoch [199] Testing Class Recall: [0.000,0.000,0.000,0.028,0.519,0.795,0.869,0.802,0.867,0.834]
