Log file: cifar10_lava0.5_mamix_drw_exp0.01_seed42_20260429_150032.log
Run started: 2026-04-29 15:00:32.040092
Dataset: cifar10
Imbalance type: exp, factor: 0.01
Selection method: lava, ratio: 0.5
Strategy: MAMix_DRW, epochs: 200
Seed: 42, rand_number: 0
Augmentation: weak
mamix_ratio: 0.25
============================================================

=> Preparing logger and tensorboard writer !
----------------------------------------------------
Class ID   | Original   | Selected   | Keep %  
----------------------------------------------------
0          | 5000       | 1553       |    31.1%
1          | 2997       | 273        |     9.1%
2          | 1796       | 1766       |    98.3%
3          | 1077       | 1077       |   100.0%
4          | 645        | 643        |    99.7%
5          | 387        | 387        |   100.0%
6          | 232        | 232        |   100.0%
7          | 139        | 139        |   100.0%
8          | 83         | 83         |   100.0%
9          | 50         | 50         |   100.0%
----------------------------------------------------
TOTAL      | 12406      | 6203       |    50.0%
----------------------------------------------------
Epoch [0] Training Results: Prec@1 35.273 Prec@5 84.636             Loss 1.91556
Epoch [0] Training Class Recall: [0.619,0.000,0.541,0.214,0.064,0.000,0.000,0.000,0.000,0.000]
Epoch [0] Testing Results: Prec@1 16.210 Prec@5 52.770             Loss 3.01130
Epoch [0] Testing Class Recall: [0.802,0.000,0.719,0.100,0.000,0.000,0.000,0.000,0.000,0.000]
Epoch [1] Training Results: Prec@1 41.706 Prec@5 90.247             Loss 1.69647
Epoch [1] Training Class Recall: [0.777,0.048,0.567,0.291,0.076,0.010,0.000,0.000,0.000,0.000]
Epoch [1] Testing Results: Prec@1 14.260 Prec@5 59.690             Loss 2.64955
Epoch [1] Testing Class Recall: [0.051,0.078,0.706,0.591,0.000,0.000,0.000,0.000,0.000,0.000]
Epoch [2] Training Results: Prec@1 43.898 Prec@5 91.004             Loss 1.67785
Epoch [2] Training Class Recall: [0.732,0.110,0.638,0.396,0.005,0.000,0.000,0.000,0.000,0.000]
Epoch [2] Testing Results: Prec@1 17.280 Prec@5 69.230             Loss 2.57535
Epoch [2] Testing Class Recall: [0.566,0.018,0.904,0.240,0.000,0.000,0.000,0.000,0.000,0.000]
Epoch [3] Training Results: Prec@1 47.106 Prec@5 92.326             Loss 1.60584
Epoch [3] Training Class Recall: [0.800,0.103,0.651,0.448,0.030,0.000,0.000,0.000,0.000,0.000]
Epoch [3] Testing Results: Prec@1 21.120 Prec@5 68.110             Loss 2.48454
Epoch [3] Testing Class Recall: [0.794,0.074,0.654,0.590,0.000,0.000,0.000,0.000,0.000,0.000]
Epoch [4] Training Results: Prec@1 47.106 Prec@5 92.391             Loss 1.60176
Epoch [4] Training Class Recall: [0.796,0.121,0.666,0.429,0.022,0.000,0.000,0.000,0.000,0.000]
Epoch [4] Testing Results: Prec@1 20.710 Prec@5 71.280             Loss 2.32791
Epoch [4] Testing Class Recall: [0.913,0.158,0.383,0.617,0.000,0.000,0.000,0.000,0.000,0.000]
Epoch [5] Training Results: Prec@1 47.670 Prec@5 93.084             Loss 1.59269
Epoch [5] Training Class Recall: [0.817,0.117,0.664,0.430,0.019,0.021,0.000,0.000,0.000,0.000]
Epoch [5] Testing Results: Prec@1 24.570 Prec@5 75.890             Loss 2.24804
Epoch [5] Testing Class Recall: [0.782,0.528,0.686,0.461,0.000,0.000,0.000,0.000,0.000,0.000]
Epoch [6] Training Results: Prec@1 49.605 Prec@5 93.294             Loss 1.54619
Epoch [6] Training Class Recall: [0.807,0.293,0.664,0.512,0.030,0.000,0.004,0.000,0.000,0.000]
Epoch [6] Testing Results: Prec@1 21.380 Prec@5 72.100             Loss 2.41044
Epoch [6] Testing Class Recall: [0.852,0.123,0.732,0.430,0.000,0.001,0.000,0.000,0.000,0.000]
Epoch [7] Training Results: Prec@1 51.556 Prec@5 93.745             Loss 1.52716
Epoch [7] Training Class Recall: [0.841,0.286,0.712,0.507,0.016,0.003,0.000,0.000,0.000,0.000]
Epoch [7] Testing Results: Prec@1 23.590 Prec@5 72.640             Loss 2.54725
Epoch [7] Testing Class Recall: [0.941,0.253,0.393,0.582,0.190,0.000,0.000,0.000,0.000,0.000]
Epoch [8] Training Results: Prec@1 51.894 Prec@5 93.455             Loss 1.53922
Epoch [8] Training Class Recall: [0.835,0.322,0.686,0.518,0.098,0.005,0.000,0.000,0.000,0.000]
Epoch [8] Testing Results: Prec@1 21.850 Prec@5 75.220             Loss 2.47245
Epoch [8] Testing Class Recall: [0.926,0.047,0.553,0.652,0.006,0.001,0.000,0.000,0.000,0.000]
Epoch [9] Training Results: Prec@1 53.200 Prec@5 93.584             Loss 1.52100
Epoch [9] Training Class Recall: [0.847,0.337,0.708,0.575,0.033,0.003,0.004,0.000,0.000,0.000]
Epoch [9] Testing Results: Prec@1 26.900 Prec@5 80.100             Loss 2.19171
Epoch [9] Testing Class Recall: [0.821,0.595,0.655,0.569,0.045,0.000,0.002,0.003,0.000,0.000]
Epoch [10] Training Results: Prec@1 53.571 Prec@5 94.309             Loss 1.50950
Epoch [10] Training Class Recall: [0.850,0.403,0.704,0.560,0.070,0.000,0.004,0.007,0.000,0.000]
Epoch [10] Testing Results: Prec@1 24.220 Prec@5 81.520             Loss 2.20716
Epoch [10] Testing Class Recall: [0.917,0.138,0.631,0.614,0.111,0.000,0.001,0.010,0.000,0.000]
Epoch [11] Training Results: Prec@1 54.570 Prec@5 94.986             Loss 1.47951
Epoch [11] Training Class Recall: [0.836,0.403,0.696,0.585,0.166,0.000,0.026,0.022,0.000,0.000]
Epoch [11] Testing Results: Prec@1 24.410 Prec@5 75.410             Loss 2.46510
Epoch [11] Testing Class Recall: [0.918,0.077,0.462,0.724,0.209,0.012,0.023,0.016,0.000,0.000]
Epoch [12] Training Results: Prec@1 55.376 Prec@5 94.696             Loss 1.50976
Epoch [12] Training Class Recall: [0.857,0.370,0.715,0.568,0.176,0.000,0.034,0.058,0.000,0.000]
Epoch [12] Testing Results: Prec@1 26.690 Prec@5 77.050             Loss 2.34501
Epoch [12] Testing Class Recall: [0.900,0.321,0.721,0.590,0.076,0.000,0.021,0.040,0.000,0.000]
Epoch [13] Training Results: Prec@1 55.457 Prec@5 94.938             Loss 1.50029
Epoch [13] Training Class Recall: [0.868,0.381,0.685,0.590,0.188,0.000,0.034,0.101,0.000,0.000]
Epoch [13] Testing Results: Prec@1 30.930 Prec@5 79.200             Loss 2.12411
Epoch [13] Testing Class Recall: [0.869,0.626,0.624,0.741,0.147,0.000,0.001,0.085,0.000,0.000]
Epoch [14] Training Results: Prec@1 55.473 Prec@5 95.373             Loss 1.45461
Epoch [14] Training Class Recall: [0.848,0.399,0.699,0.563,0.229,0.005,0.052,0.101,0.000,0.000]
Epoch [14] Testing Results: Prec@1 35.500 Prec@5 85.680             Loss 1.84448
Epoch [14] Testing Class Recall: [0.870,0.657,0.665,0.492,0.390,0.037,0.169,0.270,0.000,0.000]
Epoch [15] Training Results: Prec@1 57.827 Prec@5 95.534             Loss 1.42982
Epoch [15] Training Class Recall: [0.856,0.458,0.692,0.599,0.323,0.023,0.155,0.086,0.000,0.000]
Epoch [15] Testing Results: Prec@1 20.670 Prec@5 77.020             Loss 2.52487
Epoch [15] Testing Class Recall: [0.849,0.060,0.869,0.229,0.020,0.016,0.019,0.005,0.000,0.000]
Epoch [16] Training Results: Prec@1 58.133 Prec@5 95.776             Loss 1.43439
Epoch [16] Training Class Recall: [0.875,0.469,0.696,0.593,0.288,0.031,0.147,0.137,0.000,0.000]
Epoch [16] Testing Results: Prec@1 35.490 Prec@5 85.680             Loss 1.88690
Epoch [16] Testing Class Recall: [0.828,0.784,0.741,0.432,0.204,0.117,0.042,0.401,0.000,0.000]
Epoch [17] Training Results: Prec@1 59.294 Prec@5 96.421             Loss 1.42418
Epoch [17] Training Class Recall: [0.844,0.520,0.724,0.593,0.356,0.034,0.190,0.165,0.000,0.000]
Epoch [17] Testing Results: Prec@1 31.450 Prec@5 86.520             Loss 1.93365
Epoch [17] Testing Class Recall: [0.934,0.489,0.560,0.492,0.562,0.001,0.070,0.037,0.000,0.000]
Epoch [18] Training Results: Prec@1 59.681 Prec@5 96.405             Loss 1.45080
Epoch [18] Training Class Recall: [0.867,0.502,0.711,0.592,0.417,0.072,0.078,0.086,0.000,0.000]
Epoch [18] Testing Results: Prec@1 35.060 Prec@5 80.160             Loss 2.18681
Epoch [18] Testing Class Recall: [0.859,0.555,0.650,0.653,0.180,0.000,0.427,0.182,0.000,0.000]
Epoch [19] Training Results: Prec@1 60.842 Prec@5 96.905             Loss 1.38071
Epoch [19] Training Class Recall: [0.858,0.520,0.720,0.611,0.403,0.052,0.228,0.273,0.000,0.000]
Epoch [19] Testing Results: Prec@1 34.030 Prec@5 84.370             Loss 2.04978
Epoch [19] Testing Class Recall: [0.871,0.591,0.783,0.374,0.380,0.006,0.347,0.051,0.000,0.000]
Epoch [20] Training Results: Prec@1 61.922 Prec@5 96.405             Loss 1.39510
Epoch [20] Training Class Recall: [0.866,0.531,0.740,0.619,0.400,0.072,0.250,0.252,0.000,0.000]
Epoch [20] Testing Results: Prec@1 35.020 Prec@5 86.110             Loss 1.94382
Epoch [20] Testing Class Recall: [0.895,0.459,0.634,0.700,0.240,0.012,0.425,0.137,0.000,0.000]
Epoch [21] Training Results: Prec@1 62.421 Prec@5 96.711             Loss 1.38469
Epoch [21] Training Class Recall: [0.863,0.560,0.728,0.624,0.457,0.098,0.233,0.252,0.000,0.000]
Epoch [21] Testing Results: Prec@1 30.740 Prec@5 81.620             Loss 2.21522
Epoch [21] Testing Class Recall: [0.828,0.474,0.883,0.365,0.047,0.151,0.317,0.009,0.000,0.000]
Epoch [22] Training Results: Prec@1 62.857 Prec@5 96.776             Loss 1.35272
Epoch [22] Training Class Recall: [0.865,0.542,0.747,0.629,0.435,0.109,0.241,0.209,0.000,0.060]
Epoch [22] Testing Results: Prec@1 33.410 Prec@5 82.850             Loss 2.23719
Epoch [22] Testing Class Recall: [0.859,0.420,0.547,0.784,0.395,0.009,0.095,0.229,0.000,0.003]
Epoch [23] Training Results: Prec@1 63.759 Prec@5 96.969             Loss 1.32836
Epoch [23] Training Class Recall: [0.860,0.568,0.736,0.667,0.470,0.127,0.267,0.237,0.000,0.040]
Epoch [23] Testing Results: Prec@1 35.200 Prec@5 86.950             Loss 2.09574
Epoch [23] Testing Class Recall: [0.890,0.699,0.766,0.465,0.266,0.066,0.244,0.124,0.000,0.000]
Epoch [24] Training Results: Prec@1 65.146 Prec@5 97.082             Loss 1.36813
Epoch [24] Training Class Recall: [0.866,0.586,0.757,0.661,0.509,0.165,0.276,0.237,0.000,0.000]
Epoch [24] Testing Results: Prec@1 38.510 Prec@5 86.610             Loss 1.91888
Epoch [24] Testing Class Recall: [0.893,0.678,0.726,0.416,0.201,0.328,0.267,0.341,0.001,0.000]
Epoch [25] Training Results: Prec@1 65.630 Prec@5 96.969             Loss 1.38679
Epoch [25] Training Class Recall: [0.887,0.590,0.757,0.681,0.465,0.163,0.272,0.266,0.000,0.040]
Epoch [25] Testing Results: Prec@1 39.970 Prec@5 85.560             Loss 1.95958
Epoch [25] Testing Class Recall: [0.872,0.833,0.655,0.578,0.384,0.339,0.108,0.227,0.000,0.001]
Epoch [26] Training Results: Prec@1 66.500 Prec@5 97.485             Loss 1.28751
Epoch [26] Training Class Recall: [0.873,0.659,0.752,0.659,0.544,0.230,0.306,0.273,0.000,0.060]
Epoch [26] Testing Results: Prec@1 38.180 Prec@5 88.620             Loss 1.81523
Epoch [26] Testing Class Recall: [0.916,0.554,0.715,0.691,0.275,0.019,0.442,0.182,0.012,0.012]
Epoch [27] Training Results: Prec@1 66.694 Prec@5 97.340             Loss 1.32520
Epoch [27] Training Class Recall: [0.893,0.608,0.766,0.673,0.543,0.137,0.276,0.295,0.000,0.000]
Epoch [27] Testing Results: Prec@1 45.660 Prec@5 90.720             Loss 1.54568
Epoch [27] Testing Class Recall: [0.793,0.812,0.678,0.813,0.549,0.101,0.355,0.191,0.232,0.042]
Epoch [28] Training Results: Prec@1 68.290 Prec@5 97.469             Loss 1.28626
Epoch [28] Training Class Recall: [0.880,0.615,0.766,0.678,0.613,0.230,0.388,0.281,0.024,0.100]
Epoch [28] Testing Results: Prec@1 45.150 Prec@5 89.730             Loss 1.63080
Epoch [28] Testing Class Recall: [0.866,0.757,0.779,0.479,0.358,0.477,0.152,0.532,0.009,0.106]
Epoch [29] Training Results: Prec@1 68.209 Prec@5 97.388             Loss 1.25986
Epoch [29] Training Class Recall: [0.889,0.608,0.766,0.702,0.571,0.204,0.332,0.317,0.048,0.080]
Epoch [29] Testing Results: Prec@1 38.660 Prec@5 87.770             Loss 1.85561
Epoch [29] Testing Class Recall: [0.768,0.607,0.911,0.294,0.468,0.181,0.408,0.164,0.002,0.063]
Epoch [30] Training Results: Prec@1 69.079 Prec@5 97.695             Loss 1.25487
Epoch [30] Training Class Recall: [0.874,0.667,0.775,0.697,0.619,0.233,0.345,0.317,0.072,0.160]
Epoch [30] Testing Results: Prec@1 45.930 Prec@5 91.600             Loss 1.64991
Epoch [30] Testing Class Recall: [0.843,0.911,0.663,0.822,0.442,0.169,0.369,0.325,0.013,0.036]
Epoch [31] Training Results: Prec@1 69.305 Prec@5 97.904             Loss 1.26794
Epoch [31] Training Class Recall: [0.892,0.637,0.788,0.675,0.605,0.230,0.388,0.309,0.048,0.120]
Epoch [31] Testing Results: Prec@1 43.540 Prec@5 83.340             Loss 1.84626
Epoch [31] Testing Class Recall: [0.849,0.432,0.814,0.604,0.405,0.461,0.488,0.248,0.053,0.000]
Epoch [32] Training Results: Prec@1 69.611 Prec@5 98.243             Loss 1.28817
Epoch [32] Training Class Recall: [0.889,0.670,0.781,0.689,0.603,0.251,0.345,0.353,0.157,0.100]
Epoch [32] Testing Results: Prec@1 43.350 Prec@5 86.840             Loss 1.78887
Epoch [32] Testing Class Recall: [0.871,0.844,0.629,0.834,0.462,0.229,0.100,0.273,0.008,0.085]
Epoch [33] Training Results: Prec@1 69.789 Prec@5 97.969             Loss 1.28855
Epoch [33] Training Class Recall: [0.891,0.667,0.796,0.692,0.580,0.253,0.328,0.367,0.072,0.180]
Epoch [33] Testing Results: Prec@1 48.890 Prec@5 91.350             Loss 1.52392
Epoch [33] Testing Class Recall: [0.873,0.767,0.815,0.464,0.572,0.427,0.322,0.517,0.002,0.130]
Epoch [34] Training Results: Prec@1 71.756 Prec@5 97.888             Loss 1.24691
Epoch [34] Training Class Recall: [0.898,0.659,0.810,0.718,0.613,0.297,0.457,0.345,0.060,0.120]
Epoch [34] Testing Results: Prec@1 42.580 Prec@5 89.330             Loss 1.70259
Epoch [34] Testing Class Recall: [0.951,0.599,0.637,0.646,0.560,0.235,0.357,0.175,0.073,0.025]
Epoch [35] Training Results: Prec@1 71.401 Prec@5 97.808             Loss 1.25894
Epoch [35] Training Class Recall: [0.898,0.703,0.798,0.712,0.622,0.271,0.409,0.353,0.157,0.060]
Epoch [35] Testing Results: Prec@1 44.880 Prec@5 89.460             Loss 1.67124
Epoch [35] Testing Class Recall: [0.874,0.753,0.838,0.565,0.402,0.311,0.471,0.233,0.007,0.034]
Epoch [36] Training Results: Prec@1 72.030 Prec@5 98.065             Loss 1.26863
Epoch [36] Training Class Recall: [0.901,0.700,0.811,0.702,0.625,0.297,0.427,0.417,0.084,0.160]
Epoch [36] Testing Results: Prec@1 41.470 Prec@5 90.940             Loss 1.67340
Epoch [36] Testing Class Recall: [0.787,0.916,0.907,0.488,0.293,0.277,0.215,0.185,0.061,0.018]
Epoch [37] Training Results: Prec@1 72.255 Prec@5 98.162             Loss 1.20204
Epoch [37] Training Class Recall: [0.875,0.703,0.826,0.701,0.691,0.284,0.401,0.338,0.133,0.260]
Epoch [37] Testing Results: Prec@1 47.220 Prec@5 91.100             Loss 1.63248
Epoch [37] Testing Class Recall: [0.948,0.740,0.575,0.725,0.740,0.219,0.386,0.236,0.151,0.002]
Epoch [38] Training Results: Prec@1 74.045 Prec@5 98.211             Loss 1.24058
Epoch [38] Training Class Recall: [0.904,0.725,0.823,0.734,0.672,0.336,0.461,0.317,0.265,0.240]
Epoch [38] Testing Results: Prec@1 45.120 Prec@5 90.170             Loss 1.68466
Epoch [38] Testing Class Recall: [0.932,0.472,0.818,0.600,0.644,0.121,0.222,0.364,0.020,0.319]
Epoch [39] Training Results: Prec@1 73.142 Prec@5 98.243             Loss 1.22209
Epoch [39] Training Class Recall: [0.894,0.722,0.800,0.732,0.677,0.315,0.422,0.432,0.289,0.220]
Epoch [39] Testing Results: Prec@1 44.250 Prec@5 90.610             Loss 1.73905
Epoch [39] Testing Class Recall: [0.965,0.413,0.637,0.510,0.524,0.603,0.336,0.343,0.058,0.036]
Epoch [40] Training Results: Prec@1 73.158 Prec@5 98.420             Loss 1.22362
Epoch [40] Training Class Recall: [0.898,0.678,0.822,0.708,0.683,0.328,0.414,0.353,0.265,0.220]
Epoch [40] Testing Results: Prec@1 46.080 Prec@5 88.280             Loss 1.72243
Epoch [40] Testing Class Recall: [0.939,0.589,0.763,0.608,0.404,0.250,0.665,0.183,0.075,0.132]
Epoch [41] Training Results: Prec@1 74.545 Prec@5 98.372             Loss 1.18484
Epoch [41] Training Class Recall: [0.909,0.711,0.817,0.714,0.714,0.382,0.466,0.432,0.217,0.280]
Epoch [41] Testing Results: Prec@1 53.170 Prec@5 93.530             Loss 1.35456
Epoch [41] Testing Class Recall: [0.894,0.882,0.786,0.247,0.538,0.467,0.333,0.535,0.328,0.307]
Epoch [42] Training Results: Prec@1 75.496 Prec@5 98.775             Loss 1.13413
Epoch [42] Training Class Recall: [0.903,0.725,0.820,0.742,0.725,0.375,0.522,0.446,0.313,0.300]
Epoch [42] Testing Results: Prec@1 50.270 Prec@5 93.400             Loss 1.47040
Epoch [42] Testing Class Recall: [0.878,0.836,0.841,0.535,0.503,0.436,0.228,0.491,0.249,0.030]
Epoch [43] Training Results: Prec@1 75.673 Prec@5 98.775             Loss 1.16976
Epoch [43] Training Class Recall: [0.920,0.711,0.823,0.728,0.743,0.364,0.509,0.432,0.325,0.180]
Epoch [43] Testing Results: Prec@1 48.500 Prec@5 90.530             Loss 1.62464
Epoch [43] Testing Class Recall: [0.932,0.449,0.754,0.678,0.636,0.407,0.266,0.520,0.087,0.121]
Epoch [44] Training Results: Prec@1 75.995 Prec@5 98.662             Loss 1.16243
Epoch [44] Training Class Recall: [0.911,0.740,0.816,0.747,0.736,0.421,0.461,0.482,0.349,0.240]
Epoch [44] Testing Results: Prec@1 55.680 Prec@5 93.920             Loss 1.27965
Epoch [44] Testing Class Recall: [0.945,0.777,0.612,0.580,0.404,0.561,0.642,0.326,0.259,0.462]
Epoch [45] Training Results: Prec@1 77.269 Prec@5 98.726             Loss 1.16875
Epoch [45] Training Class Recall: [0.909,0.762,0.839,0.747,0.754,0.426,0.552,0.424,0.373,0.360]
Epoch [45] Testing Results: Prec@1 45.200 Prec@5 88.010             Loss 1.84106
Epoch [45] Testing Class Recall: [0.837,0.810,0.906,0.598,0.221,0.211,0.561,0.270,0.104,0.002]
Epoch [46] Training Results: Prec@1 76.576 Prec@5 98.549             Loss 1.18360
Epoch [46] Training Class Recall: [0.911,0.747,0.840,0.742,0.737,0.413,0.491,0.446,0.373,0.160]
Epoch [46] Testing Results: Prec@1 58.740 Prec@5 93.850             Loss 1.24734
Epoch [46] Testing Class Recall: [0.891,0.817,0.728,0.799,0.589,0.151,0.637,0.474,0.279,0.509]
Epoch [47] Training Results: Prec@1 77.140 Prec@5 98.791             Loss 1.15958
Epoch [47] Training Class Recall: [0.915,0.777,0.834,0.755,0.731,0.437,0.470,0.475,0.410,0.360]
Epoch [47] Testing Results: Prec@1 48.380 Prec@5 87.150             Loss 1.68785
Epoch [47] Testing Class Recall: [0.900,0.576,0.850,0.492,0.652,0.542,0.286,0.452,0.043,0.045]
Epoch [48] Training Results: Prec@1 78.269 Prec@5 98.855             Loss 1.09439
Epoch [48] Training Class Recall: [0.919,0.762,0.836,0.774,0.756,0.447,0.547,0.532,0.386,0.340]
Epoch [48] Testing Results: Prec@1 53.230 Prec@5 89.870             Loss 1.50755
Epoch [48] Testing Class Recall: [0.803,0.916,0.668,0.805,0.829,0.222,0.706,0.112,0.159,0.103]
Epoch [49] Training Results: Prec@1 77.640 Prec@5 98.920             Loss 1.17087
Epoch [49] Training Class Recall: [0.920,0.788,0.835,0.760,0.750,0.421,0.539,0.475,0.361,0.260]
Epoch [49] Testing Results: Prec@1 53.830 Prec@5 91.410             Loss 1.46829
Epoch [49] Testing Class Recall: [0.957,0.917,0.678,0.464,0.681,0.420,0.623,0.381,0.218,0.044]
Epoch [50] Training Results: Prec@1 79.187 Prec@5 98.920             Loss 1.14241
Epoch [50] Training Class Recall: [0.914,0.846,0.844,0.781,0.748,0.447,0.582,0.561,0.542,0.340]
Epoch [50] Testing Results: Prec@1 53.980 Prec@5 91.960             Loss 1.40356
Epoch [50] Testing Class Recall: [0.929,0.642,0.835,0.514,0.608,0.269,0.599,0.444,0.081,0.477]
Epoch [51] Training Results: Prec@1 79.252 Prec@5 98.904             Loss 1.12303
Epoch [51] Training Class Recall: [0.933,0.780,0.856,0.757,0.743,0.460,0.582,0.540,0.530,0.360]
Epoch [51] Testing Results: Prec@1 55.520 Prec@5 90.210             Loss 1.47448
Epoch [51] Testing Class Recall: [0.848,0.951,0.809,0.762,0.763,0.192,0.653,0.285,0.147,0.142]
Epoch [52] Training Results: Prec@1 78.833 Prec@5 98.984             Loss 1.16627
Epoch [52] Training Class Recall: [0.923,0.729,0.847,0.773,0.720,0.475,0.625,0.540,0.470,0.440]
Epoch [52] Testing Results: Prec@1 51.840 Prec@5 91.700             Loss 1.47343
Epoch [52] Testing Class Recall: [0.958,0.824,0.710,0.580,0.567,0.469,0.520,0.298,0.165,0.093]
Epoch [53] Training Results: Prec@1 79.784 Prec@5 99.194             Loss 1.14303
Epoch [53] Training Class Recall: [0.922,0.795,0.854,0.773,0.774,0.475,0.591,0.532,0.530,0.420]
Epoch [53] Testing Results: Prec@1 51.910 Prec@5 89.390             Loss 1.60278
Epoch [53] Testing Class Recall: [0.785,0.889,0.891,0.798,0.722,0.139,0.270,0.470,0.189,0.038]
Epoch [54] Training Results: Prec@1 80.848 Prec@5 99.258             Loss 1.11167
Epoch [54] Training Class Recall: [0.918,0.813,0.863,0.778,0.795,0.548,0.608,0.547,0.542,0.420]
Epoch [54] Testing Results: Prec@1 57.540 Prec@5 89.670             Loss 1.51903
Epoch [54] Testing Class Recall: [0.893,0.844,0.783,0.713,0.814,0.416,0.644,0.564,0.070,0.013]
Epoch [55] Training Results: Prec@1 80.542 Prec@5 99.129             Loss 1.14482
Epoch [55] Training Class Recall: [0.925,0.817,0.861,0.762,0.813,0.506,0.603,0.561,0.470,0.380]
Epoch [55] Testing Results: Prec@1 54.960 Prec@5 93.090             Loss 1.36852
Epoch [55] Testing Class Recall: [0.887,0.906,0.871,0.310,0.695,0.310,0.350,0.411,0.327,0.429]
Epoch [56] Training Results: Prec@1 80.010 Prec@5 99.081             Loss 1.11724
Epoch [56] Training Class Recall: [0.915,0.806,0.847,0.765,0.810,0.509,0.621,0.504,0.578,0.460]
Epoch [56] Testing Results: Prec@1 55.250 Prec@5 89.660             Loss 1.48600
Epoch [56] Testing Class Recall: [0.765,0.903,0.706,0.898,0.553,0.166,0.727,0.334,0.438,0.035]
Epoch [57] Training Results: Prec@1 80.380 Prec@5 99.194             Loss 1.13013
Epoch [57] Training Class Recall: [0.916,0.846,0.850,0.778,0.784,0.491,0.634,0.568,0.554,0.560]
Epoch [57] Testing Results: Prec@1 57.260 Prec@5 91.440             Loss 1.35101
Epoch [57] Testing Class Recall: [0.936,0.846,0.604,0.809,0.657,0.581,0.327,0.467,0.051,0.448]
Epoch [58] Training Results: Prec@1 80.993 Prec@5 99.275             Loss 1.15346
Epoch [58] Training Class Recall: [0.925,0.813,0.853,0.799,0.781,0.514,0.672,0.540,0.494,0.480]
Epoch [58] Testing Results: Prec@1 51.360 Prec@5 92.870             Loss 1.52582
Epoch [58] Testing Class Recall: [0.902,0.879,0.901,0.482,0.517,0.300,0.324,0.532,0.126,0.173]
Epoch [59] Training Results: Prec@1 82.041 Prec@5 99.194             Loss 1.09748
Epoch [59] Training Class Recall: [0.936,0.824,0.864,0.779,0.823,0.556,0.629,0.597,0.602,0.460]
Epoch [59] Testing Results: Prec@1 54.010 Prec@5 88.940             Loss 1.55811
Epoch [59] Testing Class Recall: [0.757,0.948,0.885,0.711,0.581,0.542,0.542,0.249,0.160,0.026]
Epoch [60] Training Results: Prec@1 82.073 Prec@5 99.387             Loss 1.11034
Epoch [60] Training Class Recall: [0.929,0.864,0.875,0.767,0.810,0.543,0.664,0.597,0.602,0.480]
Epoch [60] Testing Results: Prec@1 56.820 Prec@5 91.980             Loss 1.37404
Epoch [60] Testing Class Recall: [0.929,0.853,0.858,0.408,0.729,0.509,0.565,0.493,0.205,0.133]
Epoch [61] Training Results: Prec@1 82.267 Prec@5 99.404             Loss 1.20269
Epoch [61] Training Class Recall: [0.941,0.821,0.866,0.763,0.843,0.579,0.651,0.597,0.470,0.540]
Epoch [61] Testing Results: Prec@1 54.600 Prec@5 90.480             Loss 1.49298
Epoch [61] Testing Class Recall: [0.890,0.740,0.826,0.755,0.451,0.506,0.443,0.369,0.195,0.285]
Epoch [62] Training Results: Prec@1 82.299 Prec@5 99.323             Loss 1.14060
Epoch [62] Training Class Recall: [0.934,0.780,0.875,0.786,0.812,0.563,0.642,0.604,0.542,0.600]
Epoch [62] Testing Results: Prec@1 51.210 Prec@5 85.590             Loss 1.74364
Epoch [62] Testing Class Recall: [0.909,0.752,0.830,0.721,0.569,0.545,0.400,0.308,0.079,0.008]
Epoch [63] Training Results: Prec@1 81.219 Prec@5 99.210             Loss 1.08266
Epoch [63] Training Class Recall: [0.930,0.802,0.852,0.788,0.798,0.561,0.621,0.597,0.494,0.460]
Epoch [63] Testing Results: Prec@1 52.250 Prec@5 87.650             Loss 1.56893
Epoch [63] Testing Class Recall: [0.938,0.743,0.725,0.719,0.550,0.692,0.561,0.125,0.083,0.089]
Epoch [64] Training Results: Prec@1 82.944 Prec@5 99.258             Loss 1.06040
Epoch [64] Training Class Recall: [0.939,0.828,0.870,0.801,0.818,0.566,0.642,0.676,0.482,0.680]
Epoch [64] Testing Results: Prec@1 58.960 Prec@5 89.180             Loss 1.51194
Epoch [64] Testing Class Recall: [0.774,0.984,0.746,0.778,0.499,0.547,0.699,0.707,0.041,0.121]
Epoch [65] Training Results: Prec@1 82.702 Prec@5 99.468             Loss 1.16991
Epoch [65] Training Class Recall: [0.936,0.817,0.865,0.789,0.829,0.543,0.703,0.698,0.530,0.600]
Epoch [65] Testing Results: Prec@1 55.680 Prec@5 89.800             Loss 1.45929
Epoch [65] Testing Class Recall: [0.824,0.842,0.896,0.685,0.421,0.518,0.589,0.451,0.233,0.109]
Epoch [66] Training Results: Prec@1 83.992 Prec@5 99.387             Loss 1.07960
Epoch [66] Training Class Recall: [0.936,0.868,0.876,0.820,0.830,0.587,0.677,0.683,0.614,0.500]
Epoch [66] Testing Results: Prec@1 56.980 Prec@5 89.940             Loss 1.41563
Epoch [66] Testing Class Recall: [0.886,0.815,0.772,0.775,0.863,0.356,0.529,0.403,0.126,0.173]
Epoch [67] Training Results: Prec@1 83.734 Prec@5 99.404             Loss 1.07686
Epoch [67] Training Class Recall: [0.943,0.857,0.881,0.819,0.829,0.548,0.655,0.583,0.663,0.520]
Epoch [67] Testing Results: Prec@1 64.650 Prec@5 94.440             Loss 1.08740
Epoch [67] Testing Class Recall: [0.773,0.892,0.886,0.539,0.490,0.671,0.790,0.498,0.395,0.531]
Epoch [68] Training Results: Prec@1 83.895 Prec@5 99.532             Loss 1.04041
Epoch [68] Training Class Recall: [0.934,0.813,0.877,0.822,0.818,0.581,0.668,0.698,0.687,0.760]
Epoch [68] Testing Results: Prec@1 54.230 Prec@5 88.660             Loss 1.68864
Epoch [68] Testing Class Recall: [0.927,0.789,0.880,0.523,0.501,0.225,0.462,0.577,0.007,0.532]
Epoch [69] Training Results: Prec@1 84.814 Prec@5 99.436             Loss 1.07141
Epoch [69] Training Class Recall: [0.950,0.875,0.882,0.818,0.830,0.615,0.703,0.655,0.578,0.680]
Epoch [69] Testing Results: Prec@1 63.200 Prec@5 93.500             Loss 1.21566
Epoch [69] Testing Class Recall: [0.933,0.869,0.830,0.620,0.786,0.495,0.583,0.620,0.211,0.373]
Epoch [70] Training Results: Prec@1 84.830 Prec@5 99.404             Loss 1.04399
Epoch [70] Training Class Recall: [0.945,0.835,0.881,0.837,0.838,0.610,0.690,0.626,0.639,0.700]
Epoch [70] Testing Results: Prec@1 62.850 Prec@5 94.130             Loss 1.14194
Epoch [70] Testing Class Recall: [0.859,0.935,0.826,0.704,0.752,0.411,0.488,0.402,0.437,0.471]
Epoch [71] Training Results: Prec@1 84.927 Prec@5 99.500             Loss 1.05947
Epoch [71] Training Class Recall: [0.939,0.853,0.890,0.825,0.829,0.638,0.694,0.647,0.675,0.580]
Epoch [71] Testing Results: Prec@1 59.480 Prec@5 93.100             Loss 1.31880
Epoch [71] Testing Class Recall: [0.900,0.759,0.876,0.688,0.714,0.374,0.244,0.671,0.253,0.469]
Epoch [72] Training Results: Prec@1 84.862 Prec@5 99.500             Loss 1.06351
Epoch [72] Training Class Recall: [0.935,0.864,0.891,0.832,0.815,0.618,0.711,0.683,0.614,0.640]
Epoch [72] Testing Results: Prec@1 54.540 Prec@5 91.260             Loss 1.45364
Epoch [72] Testing Class Recall: [0.783,0.871,0.946,0.660,0.500,0.498,0.209,0.537,0.080,0.370]
Epoch [73] Training Results: Prec@1 84.846 Prec@5 99.484             Loss 1.04138
Epoch [73] Training Class Recall: [0.954,0.853,0.870,0.838,0.852,0.602,0.703,0.597,0.651,0.580]
Epoch [73] Testing Results: Prec@1 55.870 Prec@5 91.330             Loss 1.44568
Epoch [73] Testing Class Recall: [0.858,0.685,0.880,0.599,0.517,0.772,0.322,0.336,0.299,0.319]
Epoch [74] Training Results: Prec@1 85.797 Prec@5 99.597             Loss 1.06394
Epoch [74] Training Class Recall: [0.950,0.864,0.879,0.840,0.868,0.628,0.772,0.626,0.639,0.640]
Epoch [74] Testing Results: Prec@1 64.650 Prec@5 93.940             Loss 1.12508
Epoch [74] Testing Class Recall: [0.836,0.886,0.881,0.757,0.797,0.501,0.408,0.362,0.479,0.558]
Epoch [75] Training Results: Prec@1 85.878 Prec@5 99.468             Loss 1.09571
Epoch [75] Training Class Recall: [0.941,0.853,0.893,0.844,0.854,0.630,0.746,0.662,0.723,0.560]
Epoch [75] Testing Results: Prec@1 61.900 Prec@5 93.580             Loss 1.21663
Epoch [75] Testing Class Recall: [0.919,0.774,0.815,0.569,0.767,0.560,0.491,0.671,0.155,0.469]
Epoch [76] Training Results: Prec@1 86.410 Prec@5 99.613             Loss 1.00645
Epoch [76] Training Class Recall: [0.943,0.901,0.899,0.843,0.855,0.641,0.767,0.676,0.639,0.640]
Epoch [76] Testing Results: Prec@1 65.990 Prec@5 94.780             Loss 1.07242
Epoch [76] Testing Class Recall: [0.742,0.927,0.848,0.743,0.702,0.586,0.510,0.726,0.477,0.338]
Epoch [77] Training Results: Prec@1 84.749 Prec@5 99.710             Loss 0.99639
Epoch [77] Training Class Recall: [0.926,0.883,0.869,0.837,0.857,0.633,0.716,0.705,0.675,0.540]
Epoch [77] Testing Results: Prec@1 63.750 Prec@5 94.470             Loss 1.15034
Epoch [77] Testing Class Recall: [0.958,0.858,0.647,0.677,0.608,0.650,0.543,0.614,0.265,0.555]
Epoch [78] Training Results: Prec@1 86.668 Prec@5 99.629             Loss 0.98321
Epoch [78] Training Class Recall: [0.952,0.846,0.894,0.851,0.883,0.685,0.716,0.662,0.651,0.560]
Epoch [78] Testing Results: Prec@1 58.330 Prec@5 91.120             Loss 1.40795
Epoch [78] Testing Class Recall: [0.832,0.949,0.833,0.769,0.521,0.434,0.603,0.594,0.022,0.276]
Epoch [79] Training Results: Prec@1 85.878 Prec@5 99.678             Loss 1.01372
Epoch [79] Training Class Recall: [0.952,0.861,0.903,0.817,0.844,0.610,0.741,0.763,0.627,0.600]
Epoch [79] Testing Results: Prec@1 64.170 Prec@5 94.760             Loss 1.19812
Epoch [79] Testing Class Recall: [0.933,0.827,0.722,0.878,0.602,0.412,0.639,0.545,0.371,0.488]
Epoch [80] Training Results: Prec@1 86.297 Prec@5 99.436             Loss 1.09641
Epoch [80] Training Class Recall: [0.948,0.857,0.899,0.863,0.852,0.607,0.711,0.662,0.663,0.680]
Epoch [80] Testing Results: Prec@1 61.470 Prec@5 89.240             Loss 1.30378
Epoch [80] Testing Class Recall: [0.863,0.811,0.827,0.700,0.802,0.595,0.740,0.337,0.409,0.063]
Epoch [81] Training Results: Prec@1 87.490 Prec@5 99.645             Loss 1.04555
Epoch [81] Training Class Recall: [0.955,0.894,0.908,0.864,0.844,0.659,0.759,0.727,0.663,0.720]
Epoch [81] Testing Results: Prec@1 60.890 Prec@5 91.060             Loss 1.32604
Epoch [81] Testing Class Recall: [0.943,0.913,0.746,0.677,0.770,0.516,0.784,0.371,0.157,0.212]
Epoch [82] Training Results: Prec@1 86.764 Prec@5 99.742             Loss 1.00106
Epoch [82] Training Class Recall: [0.947,0.890,0.916,0.818,0.857,0.664,0.763,0.705,0.711,0.560]
Epoch [82] Testing Results: Prec@1 58.060 Prec@5 90.350             Loss 1.45066
Epoch [82] Testing Class Recall: [0.952,0.776,0.797,0.742,0.704,0.484,0.559,0.502,0.123,0.167]
Epoch [83] Training Results: Prec@1 88.038 Prec@5 99.661             Loss 1.09338
Epoch [83] Training Class Recall: [0.953,0.912,0.916,0.842,0.882,0.687,0.750,0.777,0.699,0.700]
Epoch [83] Testing Results: Prec@1 60.410 Prec@5 92.050             Loss 1.30233
Epoch [83] Testing Class Recall: [0.947,0.866,0.748,0.542,0.509,0.671,0.650,0.437,0.137,0.534]
Epoch [84] Training Results: Prec@1 87.458 Prec@5 99.758             Loss 1.07125
Epoch [84] Training Class Recall: [0.959,0.901,0.904,0.856,0.844,0.674,0.737,0.748,0.699,0.680]
Epoch [84] Testing Results: Prec@1 62.950 Prec@5 92.250             Loss 1.23558
Epoch [84] Testing Class Recall: [0.924,0.723,0.764,0.750,0.822,0.546,0.715,0.550,0.155,0.346]
Epoch [85] Training Results: Prec@1 87.554 Prec@5 99.807             Loss 0.99175
Epoch [85] Training Class Recall: [0.943,0.890,0.904,0.859,0.862,0.700,0.763,0.734,0.759,0.720]
Epoch [85] Testing Results: Prec@1 62.900 Prec@5 94.710             Loss 1.19711
Epoch [85] Testing Class Recall: [0.954,0.719,0.817,0.720,0.604,0.434,0.752,0.442,0.339,0.509]
Epoch [86] Training Results: Prec@1 87.828 Prec@5 99.710             Loss 0.98321
Epoch [86] Training Class Recall: [0.954,0.883,0.890,0.856,0.900,0.687,0.810,0.799,0.687,0.640]
Epoch [86] Testing Results: Prec@1 57.980 Prec@5 94.640             Loss 1.33875
Epoch [86] Testing Class Recall: [0.946,0.511,0.782,0.803,0.591,0.537,0.506,0.375,0.329,0.418]
Epoch [87] Training Results: Prec@1 86.603 Prec@5 99.661             Loss 1.08145
Epoch [87] Training Class Recall: [0.947,0.839,0.898,0.837,0.858,0.703,0.728,0.719,0.675,0.740]
Epoch [87] Testing Results: Prec@1 55.950 Prec@5 92.870             Loss 1.43066
Epoch [87] Testing Class Recall: [0.944,0.756,0.903,0.582,0.614,0.419,0.421,0.516,0.300,0.140]
Epoch [88] Training Results: Prec@1 87.909 Prec@5 99.774             Loss 1.09621
Epoch [88] Training Class Recall: [0.952,0.832,0.903,0.876,0.855,0.680,0.806,0.763,0.795,0.740]
Epoch [88] Testing Results: Prec@1 61.560 Prec@5 91.600             Loss 1.31276
Epoch [88] Testing Class Recall: [0.958,0.867,0.689,0.703,0.831,0.488,0.513,0.637,0.161,0.309]
Epoch [89] Training Results: Prec@1 88.635 Prec@5 99.726             Loss 1.00033
Epoch [89] Training Class Recall: [0.953,0.905,0.898,0.875,0.877,0.711,0.845,0.791,0.771,0.700]
Epoch [89] Testing Results: Prec@1 57.970 Prec@5 93.140             Loss 1.41581
Epoch [89] Testing Class Recall: [0.926,0.870,0.790,0.877,0.562,0.194,0.564,0.500,0.410,0.104]
Epoch [90] Training Results: Prec@1 88.296 Prec@5 99.742             Loss 1.04480
Epoch [90] Training Class Recall: [0.959,0.875,0.900,0.877,0.880,0.661,0.815,0.791,0.711,0.700]
Epoch [90] Testing Results: Prec@1 64.150 Prec@5 92.680             Loss 1.23950
Epoch [90] Testing Class Recall: [0.922,0.864,0.757,0.761,0.643,0.642,0.528,0.722,0.167,0.409]
Epoch [91] Training Results: Prec@1 88.796 Prec@5 99.710             Loss 1.01407
Epoch [91] Training Class Recall: [0.972,0.919,0.907,0.861,0.877,0.685,0.802,0.748,0.759,0.740]
Epoch [91] Testing Results: Prec@1 61.640 Prec@5 92.980             Loss 1.27649
Epoch [91] Testing Class Recall: [0.905,0.803,0.743,0.745,0.890,0.600,0.286,0.500,0.331,0.361]
Epoch [92] Training Results: Prec@1 88.070 Prec@5 99.726             Loss 0.93739
Epoch [92] Training Class Recall: [0.953,0.901,0.903,0.867,0.900,0.693,0.746,0.748,0.687,0.540]
Epoch [92] Testing Results: Prec@1 54.810 Prec@5 84.570             Loss 1.71115
Epoch [92] Testing Class Recall: [0.860,0.803,0.592,0.881,0.816,0.526,0.558,0.091,0.286,0.068]
Epoch [93] Training Results: Prec@1 88.409 Prec@5 99.790             Loss 1.01463
Epoch [93] Training Class Recall: [0.943,0.919,0.907,0.866,0.886,0.729,0.763,0.763,0.771,0.680]
Epoch [93] Testing Results: Prec@1 61.340 Prec@5 93.260             Loss 1.25640
Epoch [93] Testing Class Recall: [0.939,0.888,0.792,0.712,0.523,0.527,0.699,0.567,0.187,0.300]
Epoch [94] Training Results: Prec@1 88.876 Prec@5 99.774             Loss 1.05128
Epoch [94] Training Class Recall: [0.950,0.897,0.904,0.870,0.908,0.724,0.767,0.820,0.807,0.720]
Epoch [94] Testing Results: Prec@1 59.300 Prec@5 91.830             Loss 1.34874
Epoch [94] Testing Class Recall: [0.930,0.612,0.811,0.716,0.715,0.641,0.448,0.642,0.174,0.241]
Epoch [95] Training Results: Prec@1 88.473 Prec@5 99.758             Loss 1.07224
Epoch [95] Training Class Recall: [0.954,0.934,0.904,0.867,0.876,0.685,0.828,0.719,0.723,0.820]
Epoch [95] Testing Results: Prec@1 62.480 Prec@5 94.100             Loss 1.19222
Epoch [95] Testing Class Recall: [0.919,0.722,0.865,0.727,0.478,0.641,0.488,0.337,0.477,0.594]
Epoch [96] Training Results: Prec@1 89.167 Prec@5 99.807             Loss 0.97690
Epoch [96] Training Class Recall: [0.965,0.919,0.920,0.875,0.885,0.661,0.789,0.763,0.795,0.720]
Epoch [96] Testing Results: Prec@1 68.110 Prec@5 94.840             Loss 1.04809
Epoch [96] Testing Class Recall: [0.820,0.851,0.585,0.743,0.943,0.653,0.689,0.390,0.460,0.677]
Epoch [97] Training Results: Prec@1 88.231 Prec@5 99.790             Loss 1.02758
Epoch [97] Training Class Recall: [0.957,0.923,0.907,0.870,0.869,0.625,0.828,0.727,0.807,0.700]
Epoch [97] Testing Results: Prec@1 60.610 Prec@5 92.160             Loss 1.31215
Epoch [97] Testing Class Recall: [0.857,0.956,0.903,0.619,0.579,0.624,0.618,0.230,0.328,0.347]
Epoch [98] Training Results: Prec@1 89.715 Prec@5 99.855             Loss 0.94422
Epoch [98] Training Class Recall: [0.958,0.897,0.914,0.882,0.897,0.747,0.828,0.799,0.735,0.760]
Epoch [98] Testing Results: Prec@1 61.980 Prec@5 92.380             Loss 1.26558
Epoch [98] Testing Class Recall: [0.882,0.958,0.835,0.729,0.762,0.442,0.735,0.369,0.269,0.217]
Epoch [99] Training Results: Prec@1 89.279 Prec@5 99.807             Loss 1.01225
Epoch [99] Training Class Recall: [0.950,0.894,0.918,0.870,0.907,0.742,0.802,0.784,0.723,0.720]
Epoch [99] Testing Results: Prec@1 61.330 Prec@5 92.590             Loss 1.39638
Epoch [99] Testing Class Recall: [0.967,0.935,0.826,0.573,0.667,0.576,0.751,0.564,0.190,0.084]
Epoch [100] Training Results: Prec@1 89.811 Prec@5 99.855             Loss 0.97098
Epoch [100] Training Class Recall: [0.954,0.908,0.930,0.864,0.908,0.739,0.832,0.770,0.723,0.800]
Epoch [100] Testing Results: Prec@1 57.300 Prec@5 89.660             Loss 1.49158
Epoch [100] Testing Class Recall: [0.891,0.845,0.853,0.772,0.737,0.596,0.395,0.397,0.103,0.141]
Epoch [101] Training Results: Prec@1 89.231 Prec@5 99.774             Loss 1.02474
Epoch [101] Training Class Recall: [0.946,0.916,0.918,0.875,0.897,0.700,0.849,0.791,0.747,0.700]
Epoch [101] Testing Results: Prec@1 61.300 Prec@5 91.220             Loss 1.25437
Epoch [101] Testing Class Recall: [0.885,0.937,0.908,0.687,0.747,0.442,0.262,0.640,0.433,0.189]
Epoch [102] Training Results: Prec@1 89.747 Prec@5 99.887             Loss 1.01789
Epoch [102] Training Class Recall: [0.948,0.941,0.922,0.881,0.905,0.713,0.772,0.835,0.843,0.740]
Epoch [102] Testing Results: Prec@1 59.420 Prec@5 89.630             Loss 1.46660
Epoch [102] Testing Class Recall: [0.854,0.928,0.882,0.770,0.521,0.641,0.419,0.693,0.078,0.156]
Epoch [103] Training Results: Prec@1 90.730 Prec@5 99.839             Loss 0.93965
Epoch [103] Training Class Recall: [0.958,0.949,0.931,0.881,0.916,0.749,0.841,0.849,0.747,0.680]
Epoch [103] Testing Results: Prec@1 57.780 Prec@5 87.320             Loss 1.57762
Epoch [103] Testing Class Recall: [0.847,0.871,0.819,0.592,0.941,0.431,0.548,0.390,0.290,0.049]
Epoch [104] Training Results: Prec@1 90.198 Prec@5 99.807             Loss 1.01254
Epoch [104] Training Class Recall: [0.954,0.938,0.925,0.881,0.916,0.770,0.810,0.755,0.759,0.620]
Epoch [104] Testing Results: Prec@1 61.980 Prec@5 93.310             Loss 1.23821
Epoch [104] Testing Class Recall: [0.917,0.807,0.870,0.701,0.790,0.478,0.193,0.632,0.266,0.544]
Epoch [105] Training Results: Prec@1 90.360 Prec@5 99.903             Loss 1.03109
Epoch [105] Training Class Recall: [0.952,0.934,0.925,0.890,0.902,0.752,0.806,0.827,0.795,0.800]
Epoch [105] Testing Results: Prec@1 65.300 Prec@5 93.570             Loss 1.13147
Epoch [105] Testing Class Recall: [0.918,0.885,0.608,0.846,0.678,0.633,0.612,0.406,0.471,0.473]
Epoch [106] Training Results: Prec@1 91.440 Prec@5 99.919             Loss 1.03969
Epoch [106] Training Class Recall: [0.962,0.949,0.929,0.906,0.918,0.744,0.862,0.835,0.807,0.840]
Epoch [106] Testing Results: Prec@1 60.630 Prec@5 92.170             Loss 1.39770
Epoch [106] Testing Class Recall: [0.956,0.686,0.801,0.835,0.743,0.446,0.548,0.409,0.084,0.555]
Epoch [107] Training Results: Prec@1 90.279 Prec@5 99.855             Loss 0.91162
Epoch [107] Training Class Recall: [0.950,0.894,0.912,0.894,0.930,0.788,0.841,0.799,0.759,0.700]
Epoch [107] Testing Results: Prec@1 58.840 Prec@5 92.680             Loss 1.41494
Epoch [107] Testing Class Recall: [0.922,0.965,0.646,0.833,0.378,0.594,0.473,0.461,0.228,0.384]
Epoch [108] Training Results: Prec@1 89.989 Prec@5 99.871             Loss 1.01615
Epoch [108] Training Class Recall: [0.955,0.919,0.920,0.897,0.879,0.724,0.871,0.748,0.819,0.780]
Epoch [108] Testing Results: Prec@1 59.420 Prec@5 91.610             Loss 1.39459
Epoch [108] Testing Class Recall: [0.969,0.852,0.751,0.577,0.692,0.460,0.839,0.342,0.244,0.216]
Epoch [109] Training Results: Prec@1 90.746 Prec@5 99.855             Loss 0.96609
Epoch [109] Training Class Recall: [0.961,0.938,0.929,0.889,0.902,0.729,0.892,0.813,0.819,0.640]
Epoch [109] Testing Results: Prec@1 60.450 Prec@5 91.400             Loss 1.39286
Epoch [109] Testing Class Recall: [0.876,0.882,0.895,0.731,0.816,0.618,0.294,0.341,0.289,0.303]
Epoch [110] Training Results: Prec@1 90.037 Prec@5 99.903             Loss 0.99348
Epoch [110] Training Class Recall: [0.954,0.923,0.912,0.887,0.924,0.783,0.819,0.748,0.759,0.660]
Epoch [110] Testing Results: Prec@1 58.000 Prec@5 91.430             Loss 1.45612
Epoch [110] Testing Class Recall: [0.915,0.850,0.834,0.821,0.650,0.418,0.626,0.345,0.159,0.182]
Epoch [111] Training Results: Prec@1 89.940 Prec@5 99.855             Loss 0.90241
Epoch [111] Training Class Recall: [0.962,0.908,0.917,0.884,0.896,0.760,0.810,0.813,0.771,0.600]
Epoch [111] Testing Results: Prec@1 66.400 Prec@5 94.400             Loss 1.09464
Epoch [111] Testing Class Recall: [0.908,0.799,0.710,0.831,0.818,0.459,0.702,0.442,0.224,0.747]
Epoch [112] Training Results: Prec@1 90.392 Prec@5 99.919             Loss 0.94328
Epoch [112] Training Class Recall: [0.959,0.930,0.926,0.886,0.899,0.755,0.845,0.842,0.675,0.700]
Epoch [112] Testing Results: Prec@1 63.250 Prec@5 92.730             Loss 1.24589
Epoch [112] Testing Class Recall: [0.876,0.968,0.794,0.809,0.871,0.346,0.466,0.512,0.354,0.329]
Epoch [113] Training Results: Prec@1 90.521 Prec@5 99.903             Loss 0.97313
Epoch [113] Training Class Recall: [0.962,0.919,0.925,0.877,0.916,0.767,0.802,0.849,0.747,0.800]
Epoch [113] Testing Results: Prec@1 62.540 Prec@5 91.470             Loss 1.27291
Epoch [113] Testing Class Recall: [0.930,0.913,0.855,0.602,0.656,0.664,0.279,0.730,0.219,0.406]
Epoch [114] Training Results: Prec@1 91.101 Prec@5 99.887             Loss 0.98202
Epoch [114] Training Class Recall: [0.968,0.945,0.933,0.896,0.900,0.773,0.806,0.827,0.759,0.700]
Epoch [114] Testing Results: Prec@1 63.070 Prec@5 93.100             Loss 1.25896
Epoch [114] Testing Class Recall: [0.967,0.909,0.700,0.762,0.720,0.496,0.622,0.342,0.290,0.499]
Epoch [115] Training Results: Prec@1 90.859 Prec@5 99.855             Loss 0.97260
Epoch [115] Training Class Recall: [0.967,0.923,0.924,0.890,0.919,0.765,0.862,0.791,0.723,0.720]
Epoch [115] Testing Results: Prec@1 69.690 Prec@5 94.910             Loss 0.99405
Epoch [115] Testing Class Recall: [0.928,0.814,0.779,0.780,0.781,0.639,0.696,0.527,0.543,0.482]
Epoch [116] Training Results: Prec@1 91.343 Prec@5 99.871             Loss 1.00531
Epoch [116] Training Class Recall: [0.966,0.923,0.934,0.880,0.925,0.801,0.862,0.791,0.771,0.740]
Epoch [116] Testing Results: Prec@1 65.480 Prec@5 95.260             Loss 1.13412
Epoch [116] Testing Class Recall: [0.898,0.800,0.835,0.886,0.686,0.458,0.441,0.506,0.633,0.405]
Epoch [117] Training Results: Prec@1 91.359 Prec@5 99.903             Loss 1.00770
Epoch [117] Training Class Recall: [0.960,0.930,0.939,0.892,0.916,0.783,0.845,0.806,0.783,0.760]
Epoch [117] Testing Results: Prec@1 63.640 Prec@5 93.090             Loss 1.22976
Epoch [117] Testing Class Recall: [0.926,0.839,0.760,0.827,0.674,0.205,0.599,0.487,0.294,0.753]
Epoch [118] Training Results: Prec@1 91.778 Prec@5 99.952             Loss 0.91338
Epoch [118] Training Class Recall: [0.970,0.930,0.933,0.907,0.921,0.778,0.888,0.755,0.831,0.720]
Epoch [118] Testing Results: Prec@1 66.430 Prec@5 93.690             Loss 1.12978
Epoch [118] Testing Class Recall: [0.931,0.869,0.799,0.579,0.831,0.730,0.545,0.695,0.282,0.382]
Epoch [119] Training Results: Prec@1 91.956 Prec@5 99.936             Loss 1.01879
Epoch [119] Training Class Recall: [0.976,0.967,0.934,0.914,0.902,0.767,0.879,0.813,0.735,0.720]
Epoch [119] Testing Results: Prec@1 58.390 Prec@5 93.660             Loss 1.40320
Epoch [119] Testing Class Recall: [0.961,0.576,0.561,0.885,0.670,0.423,0.475,0.362,0.243,0.683]
Epoch [120] Training Results: Prec@1 91.536 Prec@5 99.936             Loss 0.92575
Epoch [120] Training Class Recall: [0.964,0.934,0.932,0.890,0.891,0.832,0.884,0.827,0.855,0.700]
Epoch [120] Testing Results: Prec@1 62.950 Prec@5 93.740             Loss 1.20988
Epoch [120] Testing Class Recall: [0.920,0.818,0.585,0.899,0.839,0.418,0.360,0.466,0.327,0.663]
Epoch [121] Training Results: Prec@1 91.681 Prec@5 99.952             Loss 0.97886
Epoch [121] Training Class Recall: [0.965,0.941,0.922,0.904,0.922,0.806,0.871,0.878,0.807,0.660]
Epoch [121] Testing Results: Prec@1 67.220 Prec@5 94.120             Loss 1.11324
Epoch [121] Testing Class Recall: [0.923,0.861,0.853,0.775,0.649,0.639,0.636,0.515,0.228,0.643]
Epoch [122] Training Results: Prec@1 91.037 Prec@5 99.968             Loss 0.97169
Epoch [122] Training Class Recall: [0.966,0.912,0.913,0.907,0.908,0.817,0.841,0.813,0.759,0.760]
Epoch [122] Testing Results: Prec@1 60.950 Prec@5 93.580             Loss 1.29791
Epoch [122] Testing Class Recall: [0.869,0.928,0.916,0.768,0.703,0.292,0.399,0.485,0.542,0.193]
Epoch [123] Training Results: Prec@1 91.037 Prec@5 99.952             Loss 0.94070
Epoch [123] Training Class Recall: [0.961,0.967,0.909,0.902,0.922,0.804,0.797,0.835,0.831,0.800]
Epoch [123] Testing Results: Prec@1 63.000 Prec@5 93.430             Loss 1.29293
Epoch [123] Testing Class Recall: [0.866,0.952,0.851,0.835,0.775,0.512,0.485,0.465,0.231,0.328]
Epoch [124] Training Results: Prec@1 91.988 Prec@5 99.936             Loss 1.01786
Epoch [124] Training Class Recall: [0.961,0.952,0.926,0.907,0.947,0.804,0.853,0.842,0.795,0.780]
Epoch [124] Testing Results: Prec@1 61.680 Prec@5 90.500             Loss 1.37403
Epoch [124] Testing Class Recall: [0.947,0.839,0.790,0.722,0.700,0.385,0.177,0.792,0.255,0.561]
Epoch [125] Training Results: Prec@1 92.407 Prec@5 99.903             Loss 0.93059
Epoch [125] Training Class Recall: [0.968,0.938,0.931,0.903,0.942,0.811,0.888,0.863,0.819,0.820]
Epoch [125] Testing Results: Prec@1 68.410 Prec@5 95.020             Loss 1.02646
Epoch [125] Testing Class Recall: [0.876,0.897,0.676,0.853,0.793,0.556,0.477,0.620,0.381,0.712]
Epoch [126] Training Results: Prec@1 92.294 Prec@5 99.919             Loss 1.02316
Epoch [126] Training Class Recall: [0.959,0.963,0.930,0.920,0.947,0.814,0.806,0.863,0.831,0.800]
Epoch [126] Testing Results: Prec@1 64.520 Prec@5 92.840             Loss 1.21866
Epoch [126] Testing Class Recall: [0.937,0.874,0.819,0.690,0.792,0.623,0.592,0.547,0.130,0.448]
Epoch [127] Training Results: Prec@1 93.068 Prec@5 99.903             Loss 0.89932
Epoch [127] Training Class Recall: [0.964,0.941,0.944,0.917,0.944,0.842,0.892,0.863,0.795,0.760]
Epoch [127] Testing Results: Prec@1 69.170 Prec@5 94.620             Loss 1.06084
Epoch [127] Testing Class Recall: [0.919,0.894,0.800,0.648,0.801,0.554,0.788,0.383,0.435,0.695]
Epoch [128] Training Results: Prec@1 91.794 Prec@5 99.936             Loss 0.97794
Epoch [128] Training Class Recall: [0.954,0.956,0.928,0.905,0.925,0.824,0.853,0.835,0.843,0.800]
Epoch [128] Testing Results: Prec@1 62.120 Prec@5 93.220             Loss 1.30279
Epoch [128] Testing Class Recall: [0.947,0.664,0.686,0.825,0.618,0.707,0.664,0.595,0.206,0.300]
Epoch [129] Training Results: Prec@1 92.230 Prec@5 99.919             Loss 0.98352
Epoch [129] Training Class Recall: [0.963,0.919,0.939,0.907,0.922,0.814,0.884,0.863,0.783,0.820]
Epoch [129] Testing Results: Prec@1 63.620 Prec@5 93.620             Loss 1.21739
Epoch [129] Testing Class Recall: [0.960,0.669,0.745,0.575,0.849,0.479,0.817,0.595,0.210,0.463]
Epoch [130] Training Results: Prec@1 92.649 Prec@5 99.952             Loss 1.05555
Epoch [130] Training Class Recall: [0.964,0.923,0.938,0.903,0.942,0.837,0.909,0.871,0.843,0.740]
Epoch [130] Testing Results: Prec@1 66.300 Prec@5 94.580             Loss 1.09419
Epoch [130] Testing Class Recall: [0.809,0.880,0.932,0.676,0.793,0.531,0.477,0.595,0.352,0.585]
Epoch [131] Training Results: Prec@1 92.697 Prec@5 99.936             Loss 0.95224
Epoch [131] Training Class Recall: [0.963,0.919,0.945,0.916,0.942,0.824,0.884,0.806,0.795,0.820]
Epoch [131] Testing Results: Prec@1 64.780 Prec@5 92.240             Loss 1.21934
Epoch [131] Testing Class Recall: [0.943,0.898,0.717,0.774,0.688,0.699,0.572,0.656,0.250,0.281]
Epoch [132] Training Results: Prec@1 91.988 Prec@5 99.887             Loss 0.92815
Epoch [132] Training Class Recall: [0.961,0.974,0.938,0.892,0.927,0.817,0.845,0.856,0.807,0.700]
Epoch [132] Testing Results: Prec@1 63.840 Prec@5 94.010             Loss 1.15498
Epoch [132] Testing Class Recall: [0.918,0.800,0.871,0.551,0.530,0.690,0.329,0.581,0.349,0.765]
Epoch [133] Training Results: Prec@1 91.827 Prec@5 99.952             Loss 0.99422
Epoch [133] Training Class Recall: [0.963,0.941,0.933,0.904,0.908,0.814,0.871,0.827,0.831,0.760]
Epoch [133] Testing Results: Prec@1 63.440 Prec@5 92.710             Loss 1.19770
Epoch [133] Testing Class Recall: [0.814,0.968,0.890,0.781,0.736,0.559,0.456,0.340,0.347,0.453]
Epoch [134] Training Results: Prec@1 92.165 Prec@5 99.984             Loss 0.99830
Epoch [134] Training Class Recall: [0.958,0.938,0.950,0.907,0.935,0.791,0.858,0.806,0.819,0.680]
Epoch [134] Testing Results: Prec@1 63.380 Prec@5 92.770             Loss 1.23445
Epoch [134] Testing Class Recall: [0.915,0.956,0.845,0.708,0.596,0.702,0.474,0.634,0.261,0.247]
Epoch [135] Training Results: Prec@1 92.600 Prec@5 99.968             Loss 0.94660
Epoch [135] Training Class Recall: [0.968,0.971,0.939,0.921,0.925,0.809,0.858,0.842,0.771,0.740]
Epoch [135] Testing Results: Prec@1 66.570 Prec@5 94.660             Loss 1.11905
Epoch [135] Testing Class Recall: [0.914,0.948,0.901,0.629,0.741,0.356,0.506,0.664,0.537,0.461]
Epoch [136] Training Results: Prec@1 92.874 Prec@5 99.968             Loss 0.97108
Epoch [136] Training Class Recall: [0.972,0.934,0.935,0.924,0.925,0.845,0.875,0.827,0.807,0.860]
Epoch [136] Testing Results: Prec@1 63.330 Prec@5 90.190             Loss 1.32104
Epoch [136] Testing Class Recall: [0.915,0.926,0.807,0.713,0.751,0.672,0.493,0.730,0.132,0.194]
Epoch [137] Training Results: Prec@1 92.568 Prec@5 100.000             Loss 0.92530
Epoch [137] Training Class Recall: [0.970,0.923,0.934,0.916,0.921,0.848,0.897,0.813,0.795,0.840]
Epoch [137] Testing Results: Prec@1 63.530 Prec@5 92.100             Loss 1.22022
Epoch [137] Testing Class Recall: [0.875,0.641,0.804,0.714,0.729,0.770,0.369,0.451,0.647,0.353]
Epoch [138] Training Results: Prec@1 92.552 Prec@5 99.887             Loss 1.04858
Epoch [138] Training Class Recall: [0.972,0.927,0.932,0.896,0.936,0.832,0.892,0.849,0.855,0.940]
Epoch [138] Testing Results: Prec@1 66.180 Prec@5 94.550             Loss 1.14915
Epoch [138] Testing Class Recall: [0.920,0.900,0.847,0.824,0.688,0.409,0.483,0.611,0.371,0.565]
Epoch [139] Training Results: Prec@1 92.133 Prec@5 99.936             Loss 1.00038
Epoch [139] Training Class Recall: [0.959,0.923,0.943,0.897,0.933,0.819,0.875,0.820,0.771,0.880]
Epoch [139] Testing Results: Prec@1 63.160 Prec@5 92.850             Loss 1.28148
Epoch [139] Testing Class Recall: [0.954,0.827,0.747,0.542,0.588,0.873,0.493,0.598,0.323,0.371]
Epoch [140] Training Results: Prec@1 93.471 Prec@5 99.952             Loss 1.03227
Epoch [140] Training Class Recall: [0.977,0.971,0.937,0.926,0.930,0.868,0.828,0.885,0.880,0.840]
Epoch [140] Testing Results: Prec@1 63.000 Prec@5 93.000             Loss 1.25066
Epoch [140] Testing Class Recall: [0.933,0.943,0.767,0.876,0.536,0.370,0.715,0.412,0.384,0.364]
Epoch [141] Training Results: Prec@1 93.342 Prec@5 99.968             Loss 1.05175
Epoch [141] Training Class Recall: [0.965,0.956,0.942,0.938,0.935,0.863,0.879,0.827,0.759,0.820]
Epoch [141] Testing Results: Prec@1 67.520 Prec@5 94.350             Loss 1.09624
Epoch [141] Testing Class Recall: [0.929,0.794,0.832,0.771,0.723,0.429,0.717,0.536,0.307,0.714]
Epoch [142] Training Results: Prec@1 93.197 Prec@5 99.919             Loss 0.85171
Epoch [142] Training Class Recall: [0.963,0.963,0.948,0.911,0.938,0.809,0.909,0.914,0.867,0.820]
Epoch [142] Testing Results: Prec@1 61.000 Prec@5 92.850             Loss 1.33316
Epoch [142] Testing Class Recall: [0.965,0.759,0.767,0.723,0.487,0.644,0.163,0.507,0.326,0.759]
Epoch [143] Training Results: Prec@1 92.278 Prec@5 99.919             Loss 0.96176
Epoch [143] Training Class Recall: [0.970,0.908,0.933,0.903,0.955,0.845,0.810,0.835,0.795,0.760]
Epoch [143] Testing Results: Prec@1 64.990 Prec@5 92.540             Loss 1.20112
Epoch [143] Testing Class Recall: [0.923,0.926,0.692,0.736,0.828,0.754,0.446,0.499,0.246,0.449]
Epoch [144] Training Results: Prec@1 92.326 Prec@5 99.952             Loss 0.94544
Epoch [144] Training Class Recall: [0.964,0.952,0.941,0.885,0.918,0.866,0.888,0.820,0.843,0.820]
Epoch [144] Testing Results: Prec@1 59.070 Prec@5 90.100             Loss 1.44269
Epoch [144] Testing Class Recall: [0.744,0.922,0.831,0.886,0.636,0.217,0.686,0.418,0.421,0.146]
Epoch [145] Training Results: Prec@1 92.536 Prec@5 99.919             Loss 0.97047
Epoch [145] Training Class Recall: [0.950,0.934,0.945,0.917,0.927,0.835,0.901,0.856,0.795,0.800]
Epoch [145] Testing Results: Prec@1 66.180 Prec@5 93.430             Loss 1.15333
Epoch [145] Testing Class Recall: [0.874,0.960,0.852,0.822,0.745,0.525,0.592,0.517,0.430,0.301]
Epoch [146] Training Results: Prec@1 93.165 Prec@5 99.968             Loss 0.86993
Epoch [146] Training Class Recall: [0.958,0.967,0.947,0.925,0.924,0.835,0.888,0.871,0.880,0.840]
Epoch [146] Testing Results: Prec@1 57.900 Prec@5 88.720             Loss 1.55186
Epoch [146] Testing Class Recall: [0.921,0.859,0.707,0.700,0.924,0.595,0.379,0.291,0.145,0.269]
Epoch [147] Training Results: Prec@1 92.794 Prec@5 99.919             Loss 0.96644
Epoch [147] Training Class Recall: [0.963,0.952,0.951,0.896,0.941,0.845,0.884,0.806,0.843,0.760]
Epoch [147] Testing Results: Prec@1 66.490 Prec@5 94.800             Loss 1.11448
Epoch [147] Testing Class Recall: [0.932,0.888,0.882,0.535,0.639,0.648,0.554,0.561,0.486,0.524]
Epoch [148] Training Results: Prec@1 93.439 Prec@5 99.952             Loss 0.99439
Epoch [148] Training Class Recall: [0.969,0.949,0.950,0.924,0.938,0.848,0.858,0.835,0.843,0.860]
Epoch [148] Testing Results: Prec@1 66.930 Prec@5 92.820             Loss 1.12900
Epoch [148] Testing Class Recall: [0.902,0.936,0.819,0.723,0.748,0.763,0.494,0.492,0.436,0.380]
Epoch [149] Training Results: Prec@1 93.342 Prec@5 99.968             Loss 0.96808
Epoch [149] Training Class Recall: [0.966,0.945,0.949,0.926,0.944,0.840,0.858,0.813,0.904,0.800]
Epoch [149] Testing Results: Prec@1 63.600 Prec@5 91.530             Loss 1.28279
Epoch [149] Testing Class Recall: [0.855,0.932,0.771,0.901,0.788,0.450,0.558,0.571,0.116,0.418]
Epoch [150] Training Results: Prec@1 93.213 Prec@5 99.984             Loss 0.97694
Epoch [150] Training Class Recall: [0.958,0.949,0.950,0.916,0.933,0.842,0.914,0.863,0.807,0.900]
Epoch [150] Testing Results: Prec@1 62.470 Prec@5 91.060             Loss 1.46318
Epoch [150] Testing Class Recall: [0.962,0.800,0.859,0.803,0.610,0.576,0.498,0.709,0.076,0.354]
Epoch [151] Training Results: Prec@1 92.971 Prec@5 99.984             Loss 0.86291
Epoch [151] Training Class Recall: [0.979,0.952,0.938,0.912,0.924,0.850,0.841,0.878,0.771,0.900]
Epoch [151] Testing Results: Prec@1 64.920 Prec@5 92.740             Loss 1.24348
Epoch [151] Testing Class Recall: [0.965,0.800,0.805,0.776,0.750,0.493,0.762,0.482,0.412,0.247]
Epoch [152] Training Results: Prec@1 92.939 Prec@5 99.952             Loss 0.96693
Epoch [152] Training Class Recall: [0.963,0.941,0.943,0.928,0.947,0.804,0.892,0.856,0.807,0.700]
Epoch [152] Testing Results: Prec@1 67.090 Prec@5 93.870             Loss 1.11308
Epoch [152] Testing Class Recall: [0.866,0.914,0.875,0.768,0.697,0.548,0.719,0.616,0.429,0.277]
Epoch [153] Training Results: Prec@1 93.116 Prec@5 100.000             Loss 1.00635
Epoch [153] Training Class Recall: [0.971,0.945,0.937,0.929,0.935,0.842,0.879,0.849,0.831,0.740]
Epoch [153] Testing Results: Prec@1 68.120 Prec@5 93.420             Loss 1.09332
Epoch [153] Testing Class Recall: [0.944,0.860,0.787,0.751,0.822,0.614,0.791,0.564,0.205,0.474]
Epoch [154] Training Results: Prec@1 93.358 Prec@5 99.952             Loss 0.90850
Epoch [154] Training Class Recall: [0.961,0.978,0.940,0.931,0.932,0.850,0.909,0.878,0.843,0.760]
Epoch [154] Testing Results: Prec@1 67.980 Prec@5 92.410             Loss 1.09025
Epoch [154] Testing Class Recall: [0.844,0.919,0.861,0.728,0.788,0.570,0.724,0.682,0.482,0.200]
Epoch [155] Training Results: Prec@1 93.616 Prec@5 99.968             Loss 0.93343
Epoch [155] Training Class Recall: [0.968,0.963,0.940,0.934,0.949,0.845,0.897,0.885,0.795,0.820]
Epoch [155] Testing Results: Prec@1 67.670 Prec@5 92.990             Loss 1.10075
Epoch [155] Testing Class Recall: [0.915,0.916,0.800,0.805,0.779,0.364,0.669,0.729,0.235,0.555]
Epoch [156] Training Results: Prec@1 93.197 Prec@5 99.952             Loss 0.92775
Epoch [156] Training Class Recall: [0.967,0.930,0.946,0.929,0.919,0.855,0.884,0.842,0.855,0.780]
Epoch [156] Testing Results: Prec@1 67.750 Prec@5 94.610             Loss 1.07986
Epoch [156] Testing Class Recall: [0.924,0.903,0.765,0.852,0.750,0.446,0.576,0.649,0.430,0.480]
Epoch [157] Training Results: Prec@1 93.519 Prec@5 99.936             Loss 0.89498
Epoch [157] Training Class Recall: [0.970,0.967,0.936,0.925,0.936,0.863,0.901,0.906,0.867,0.760]
Epoch [157] Testing Results: Prec@1 65.740 Prec@5 92.140             Loss 1.23827
Epoch [157] Testing Class Recall: [0.939,0.849,0.839,0.754,0.809,0.628,0.511,0.495,0.168,0.582]
Epoch [158] Training Results: Prec@1 92.907 Prec@5 99.984             Loss 0.94785
Epoch [158] Training Class Recall: [0.970,0.938,0.938,0.916,0.942,0.837,0.897,0.871,0.735,0.760]
Epoch [158] Testing Results: Prec@1 59.390 Prec@5 92.140             Loss 1.53732
Epoch [158] Testing Class Recall: [0.971,0.795,0.855,0.637,0.575,0.674,0.700,0.383,0.180,0.169]
Epoch [159] Training Results: Prec@1 94.067 Prec@5 99.952             Loss 0.97220
Epoch [159] Training Class Recall: [0.969,0.941,0.954,0.941,0.938,0.860,0.884,0.878,0.867,0.820]
Epoch [159] Testing Results: Prec@1 66.450 Prec@5 94.430             Loss 1.14597
Epoch [159] Testing Class Recall: [0.937,0.925,0.822,0.679,0.672,0.578,0.721,0.519,0.344,0.448]
Epoch [160] Training Results: Prec@1 95.583 Prec@5 99.984             Loss 0.29886
Epoch [160] Training Class Recall: [0.974,0.978,0.952,0.945,0.955,0.935,0.944,0.935,0.952,0.920]
Epoch [160] Testing Results: Prec@1 71.220 Prec@5 95.190             Loss 1.67237
Epoch [160] Testing Class Recall: [0.923,0.937,0.840,0.753,0.765,0.635,0.748,0.653,0.392,0.476]
Epoch [161] Training Results: Prec@1 95.728 Prec@5 100.000             Loss 0.32497
Epoch [161] Training Class Recall: [0.973,0.978,0.952,0.944,0.964,0.935,0.953,0.957,0.940,0.960]
Epoch [161] Testing Results: Prec@1 73.140 Prec@5 95.670             Loss 1.47563
Epoch [161] Testing Class Recall: [0.916,0.940,0.846,0.762,0.783,0.632,0.773,0.655,0.478,0.529]
Epoch [162] Training Results: Prec@1 95.567 Prec@5 99.984             Loss 0.29933
Epoch [162] Training Class Recall: [0.965,0.971,0.959,0.943,0.953,0.920,0.974,0.950,0.952,0.960]
Epoch [162] Testing Results: Prec@1 73.760 Prec@5 95.900             Loss 1.37819
Epoch [162] Testing Class Recall: [0.915,0.940,0.830,0.759,0.759,0.654,0.800,0.661,0.501,0.557]
Epoch [163] Training Results: Prec@1 95.921 Prec@5 99.984             Loss 0.27661
Epoch [163] Training Class Recall: [0.967,0.971,0.950,0.952,0.974,0.933,0.983,0.964,0.988,1.000]
Epoch [163] Testing Results: Prec@1 75.080 Prec@5 96.420             Loss 1.21390
Epoch [163] Testing Class Recall: [0.911,0.910,0.838,0.741,0.785,0.665,0.784,0.709,0.529,0.636]
Epoch [164] Training Results: Prec@1 95.696 Prec@5 99.984             Loss 0.26754
Epoch [164] Training Class Recall: [0.952,0.952,0.957,0.952,0.967,0.961,0.970,0.964,0.976,0.960]
Epoch [164] Testing Results: Prec@1 75.930 Prec@5 96.600             Loss 1.10889
Epoch [164] Testing Class Recall: [0.890,0.918,0.834,0.746,0.768,0.663,0.830,0.712,0.569,0.663]
Epoch [165] Training Results: Prec@1 95.696 Prec@5 99.984             Loss 0.26167
Epoch [165] Training Class Recall: [0.955,0.960,0.951,0.948,0.972,0.964,0.978,0.986,0.988,0.940]
Epoch [165] Testing Results: Prec@1 76.740 Prec@5 96.850             Loss 1.03704
Epoch [165] Testing Class Recall: [0.872,0.920,0.820,0.750,0.816,0.679,0.815,0.719,0.596,0.687]
Epoch [166] Training Results: Prec@1 95.567 Prec@5 100.000             Loss 0.26821
Epoch [166] Training Class Recall: [0.954,0.956,0.949,0.942,0.978,0.953,0.978,0.986,1.000,1.000]
Epoch [166] Testing Results: Prec@1 77.010 Prec@5 97.110             Loss 0.99691
Epoch [166] Testing Class Recall: [0.870,0.906,0.835,0.722,0.795,0.682,0.831,0.730,0.651,0.679]
Epoch [167] Training Results: Prec@1 95.325 Prec@5 99.984             Loss 0.26508
Epoch [167] Training Class Recall: [0.944,0.956,0.950,0.944,0.977,0.948,0.974,1.000,0.988,1.000]
Epoch [167] Testing Results: Prec@1 77.080 Prec@5 96.860             Loss 0.99321
Epoch [167] Testing Class Recall: [0.871,0.928,0.835,0.737,0.790,0.663,0.829,0.745,0.613,0.697]
Epoch [168] Training Results: Prec@1 95.744 Prec@5 100.000             Loss 0.26141
Epoch [168] Training Class Recall: [0.946,0.960,0.958,0.946,0.977,0.948,0.991,1.000,1.000,1.000]
Epoch [168] Testing Results: Prec@1 77.490 Prec@5 97.090             Loss 0.90398
Epoch [168] Testing Class Recall: [0.850,0.919,0.824,0.730,0.758,0.691,0.829,0.776,0.655,0.717]
Epoch [169] Training Results: Prec@1 95.164 Prec@5 99.984             Loss 0.24371
Epoch [169] Training Class Recall: [0.934,0.949,0.954,0.944,0.972,0.956,0.978,0.986,1.000,1.000]
Epoch [169] Testing Results: Prec@1 77.830 Prec@5 97.270             Loss 0.86396
Epoch [169] Testing Class Recall: [0.832,0.894,0.818,0.738,0.795,0.693,0.831,0.779,0.668,0.735]
Epoch [170] Training Results: Prec@1 94.873 Prec@5 99.984             Loss 0.27251
Epoch [170] Training Class Recall: [0.933,0.927,0.947,0.937,0.978,0.959,0.996,0.986,1.000,1.000]
Epoch [170] Testing Results: Prec@1 78.470 Prec@5 97.390             Loss 0.79308
Epoch [170] Testing Class Recall: [0.836,0.887,0.802,0.740,0.820,0.679,0.836,0.762,0.728,0.757]
Epoch [171] Training Results: Prec@1 94.728 Prec@5 99.984             Loss 0.25830
Epoch [171] Training Class Recall: [0.931,0.941,0.939,0.943,0.972,0.969,0.983,0.986,1.000,1.000]
Epoch [171] Testing Results: Prec@1 78.410 Prec@5 97.370             Loss 0.77560
Epoch [171] Testing Class Recall: [0.829,0.890,0.800,0.732,0.786,0.704,0.838,0.771,0.717,0.774]
Epoch [172] Training Results: Prec@1 94.809 Prec@5 99.984             Loss 0.23737
Epoch [172] Training Class Recall: [0.925,0.934,0.950,0.938,0.980,0.953,0.991,1.000,1.000,1.000]
Epoch [172] Testing Results: Prec@1 78.580 Prec@5 97.390             Loss 0.76893
Epoch [172] Testing Class Recall: [0.832,0.891,0.812,0.750,0.804,0.666,0.836,0.767,0.729,0.771]
Epoch [173] Training Results: Prec@1 94.245 Prec@5 100.000             Loss 0.27376
Epoch [173] Training Class Recall: [0.909,0.927,0.942,0.946,0.974,0.966,0.987,0.986,1.000,1.000]
Epoch [173] Testing Results: Prec@1 78.160 Prec@5 97.350             Loss 0.82951
Epoch [173] Testing Class Recall: [0.824,0.899,0.820,0.744,0.806,0.680,0.833,0.773,0.694,0.743]
Epoch [174] Training Results: Prec@1 94.358 Prec@5 100.000             Loss 0.24205
Epoch [174] Training Class Recall: [0.910,0.930,0.946,0.942,0.972,0.961,1.000,0.993,1.000,1.000]
Epoch [174] Testing Results: Prec@1 78.270 Prec@5 97.500             Loss 0.79960
Epoch [174] Testing Class Recall: [0.802,0.901,0.819,0.701,0.806,0.730,0.830,0.774,0.709,0.755]
Epoch [175] Training Results: Prec@1 94.744 Prec@5 99.968             Loss 0.25820
Epoch [175] Training Class Recall: [0.916,0.912,0.951,0.948,0.981,0.964,0.991,0.993,1.000,1.000]
Epoch [175] Testing Results: Prec@1 78.260 Prec@5 97.450             Loss 0.75029
Epoch [175] Testing Class Recall: [0.809,0.865,0.820,0.719,0.786,0.704,0.830,0.794,0.705,0.794]
Epoch [176] Training Results: Prec@1 94.487 Prec@5 100.000             Loss 0.26058
Epoch [176] Training Class Recall: [0.907,0.919,0.948,0.949,0.977,0.972,0.987,0.993,1.000,1.000]
Epoch [176] Testing Results: Prec@1 78.520 Prec@5 97.480             Loss 0.77260
Epoch [176] Testing Class Recall: [0.816,0.880,0.814,0.726,0.805,0.700,0.851,0.778,0.719,0.763]
Epoch [177] Training Results: Prec@1 94.132 Prec@5 100.000             Loss 0.26711
Epoch [177] Training Class Recall: [0.900,0.894,0.945,0.947,0.977,0.974,0.996,1.000,1.000,1.000]
Epoch [177] Testing Results: Prec@1 78.560 Prec@5 97.430             Loss 0.76006
Epoch [177] Testing Class Recall: [0.807,0.883,0.822,0.739,0.783,0.687,0.853,0.783,0.715,0.784]
Epoch [178] Training Results: Prec@1 93.987 Prec@5 99.984             Loss 0.25118
Epoch [178] Training Class Recall: [0.897,0.912,0.944,0.944,0.972,0.974,1.000,0.986,1.000,1.000]
Epoch [178] Testing Results: Prec@1 78.590 Prec@5 97.570             Loss 0.70001
Epoch [178] Testing Class Recall: [0.795,0.851,0.812,0.721,0.798,0.705,0.847,0.798,0.721,0.811]
Epoch [179] Training Results: Prec@1 94.100 Prec@5 100.000             Loss 0.23747
Epoch [179] Training Class Recall: [0.908,0.897,0.941,0.937,0.991,0.966,0.987,1.000,1.000,1.000]
Epoch [179] Testing Results: Prec@1 78.740 Prec@5 97.520             Loss 0.73667
Epoch [179] Testing Class Recall: [0.791,0.871,0.824,0.743,0.808,0.692,0.833,0.788,0.752,0.772]
Epoch [180] Training Results: Prec@1 94.067 Prec@5 99.984             Loss 0.24578
Epoch [180] Training Class Recall: [0.897,0.901,0.951,0.940,0.984,0.959,0.991,0.986,1.000,1.000]
Epoch [180] Testing Results: Prec@1 78.520 Prec@5 97.520             Loss 0.74351
Epoch [180] Testing Class Recall: [0.789,0.882,0.798,0.718,0.794,0.714,0.854,0.806,0.718,0.779]
Epoch [181] Training Results: Prec@1 93.680 Prec@5 100.000             Loss 0.24257
Epoch [181] Training Class Recall: [0.896,0.883,0.945,0.946,0.966,0.953,0.991,0.986,1.000,1.000]
Epoch [181] Testing Results: Prec@1 78.910 Prec@5 97.610             Loss 0.68965
Epoch [181] Testing Class Recall: [0.792,0.868,0.803,0.704,0.799,0.729,0.845,0.796,0.748,0.807]
Epoch [182] Training Results: Prec@1 93.761 Prec@5 99.984             Loss 0.25623
Epoch [182] Training Class Recall: [0.900,0.883,0.939,0.944,0.980,0.964,0.991,0.993,0.988,1.000]
Epoch [182] Testing Results: Prec@1 78.660 Prec@5 97.500             Loss 0.73233
Epoch [182] Testing Class Recall: [0.805,0.865,0.814,0.760,0.789,0.670,0.849,0.787,0.734,0.793]
Epoch [183] Training Results: Prec@1 94.341 Prec@5 99.984             Loss 0.25025
Epoch [183] Training Class Recall: [0.905,0.886,0.949,0.953,0.978,0.964,0.987,0.993,1.000,1.000]
Epoch [183] Testing Results: Prec@1 78.640 Prec@5 97.690             Loss 0.70244
Epoch [183] Testing Class Recall: [0.798,0.847,0.818,0.715,0.783,0.710,0.857,0.788,0.773,0.775]
Epoch [184] Training Results: Prec@1 93.713 Prec@5 100.000             Loss 0.24464
Epoch [184] Training Class Recall: [0.893,0.886,0.939,0.950,0.980,0.964,0.987,0.986,1.000,1.000]
Epoch [184] Testing Results: Prec@1 78.880 Prec@5 97.670             Loss 0.69433
Epoch [184] Testing Class Recall: [0.792,0.868,0.805,0.720,0.802,0.710,0.858,0.780,0.754,0.799]
Epoch [185] Training Results: Prec@1 94.438 Prec@5 100.000             Loss 0.25686
Epoch [185] Training Class Recall: [0.909,0.879,0.949,0.948,0.984,0.969,0.991,0.993,1.000,1.000]
Epoch [185] Testing Results: Prec@1 78.740 Prec@5 97.580             Loss 0.72563
Epoch [185] Testing Class Recall: [0.797,0.862,0.789,0.719,0.806,0.728,0.858,0.794,0.728,0.793]
Epoch [186] Training Results: Prec@1 93.729 Prec@5 100.000             Loss 0.24740
Epoch [186] Training Class Recall: [0.885,0.901,0.949,0.944,0.977,0.964,0.987,0.993,1.000,1.000]
Epoch [186] Testing Results: Prec@1 78.960 Prec@5 97.560             Loss 0.68841
Epoch [186] Testing Class Recall: [0.798,0.868,0.795,0.730,0.796,0.702,0.856,0.792,0.747,0.812]
Epoch [187] Training Results: Prec@1 93.326 Prec@5 100.000             Loss 0.25282
Epoch [187] Training Class Recall: [0.891,0.905,0.935,0.938,0.967,0.966,0.987,1.000,1.000,1.000]
Epoch [187] Testing Results: Prec@1 78.840 Prec@5 97.600             Loss 0.69828
Epoch [187] Testing Class Recall: [0.785,0.870,0.813,0.718,0.812,0.697,0.842,0.801,0.734,0.812]
Epoch [188] Training Results: Prec@1 94.116 Prec@5 100.000             Loss 0.24538
Epoch [188] Training Class Recall: [0.897,0.901,0.946,0.948,0.984,0.961,0.991,1.000,1.000,1.000]
Epoch [188] Testing Results: Prec@1 78.690 Prec@5 97.590             Loss 0.69211
Epoch [188] Testing Class Recall: [0.811,0.847,0.799,0.730,0.807,0.715,0.836,0.781,0.731,0.812]
Epoch [189] Training Results: Prec@1 93.987 Prec@5 100.000             Loss 0.25861
Epoch [189] Training Class Recall: [0.891,0.879,0.947,0.948,0.983,0.977,1.000,0.986,1.000,1.000]
Epoch [189] Testing Results: Prec@1 78.860 Prec@5 97.560             Loss 0.69374
Epoch [189] Testing Class Recall: [0.797,0.876,0.783,0.729,0.814,0.695,0.857,0.788,0.743,0.804]
Epoch [190] Training Results: Prec@1 93.680 Prec@5 99.984             Loss 0.25151
Epoch [190] Training Class Recall: [0.891,0.886,0.945,0.940,0.977,0.966,1.000,1.000,1.000,1.000]
Epoch [190] Testing Results: Prec@1 78.380 Prec@5 97.690             Loss 0.72094
Epoch [190] Testing Class Recall: [0.774,0.864,0.792,0.734,0.794,0.705,0.857,0.797,0.718,0.803]
Epoch [191] Training Results: Prec@1 93.987 Prec@5 99.968             Loss 0.23292
Epoch [191] Training Class Recall: [0.902,0.883,0.943,0.946,0.974,0.974,0.996,0.993,0.988,1.000]
Epoch [191] Testing Results: Prec@1 78.840 Prec@5 97.620             Loss 0.70556
Epoch [191] Testing Class Recall: [0.786,0.854,0.806,0.744,0.800,0.698,0.857,0.788,0.765,0.786]
Epoch [192] Training Results: Prec@1 93.729 Prec@5 100.000             Loss 0.26281
Epoch [192] Training Class Recall: [0.887,0.916,0.947,0.943,0.970,0.964,0.987,1.000,1.000,1.000]
Epoch [192] Testing Results: Prec@1 78.490 Prec@5 97.520             Loss 0.76408
Epoch [192] Testing Class Recall: [0.801,0.877,0.797,0.717,0.800,0.711,0.876,0.782,0.721,0.767]
Epoch [193] Training Results: Prec@1 94.003 Prec@5 99.984             Loss 0.25250
Epoch [193] Training Class Recall: [0.895,0.886,0.948,0.953,0.978,0.959,0.987,0.993,0.988,1.000]
Epoch [193] Testing Results: Prec@1 78.860 Prec@5 97.560             Loss 0.71628
Epoch [193] Testing Class Recall: [0.785,0.880,0.801,0.746,0.790,0.703,0.854,0.791,0.757,0.779]
Epoch [194] Training Results: Prec@1 93.826 Prec@5 100.000             Loss 0.26824
Epoch [194] Training Class Recall: [0.899,0.912,0.946,0.935,0.974,0.956,0.991,0.993,1.000,1.000]
Epoch [194] Testing Results: Prec@1 78.540 Prec@5 97.540             Loss 0.71791
Epoch [194] Testing Class Recall: [0.785,0.863,0.809,0.736,0.794,0.686,0.860,0.785,0.745,0.791]
Epoch [195] Training Results: Prec@1 94.067 Prec@5 99.968             Loss 0.26933
Epoch [195] Training Class Recall: [0.895,0.894,0.948,0.947,0.986,0.956,0.991,1.000,1.000,1.000]
Epoch [195] Testing Results: Prec@1 78.540 Prec@5 97.550             Loss 0.72916
Epoch [195] Testing Class Recall: [0.786,0.863,0.814,0.722,0.775,0.717,0.859,0.797,0.736,0.785]
Epoch [196] Training Results: Prec@1 93.890 Prec@5 99.984             Loss 0.23698
Epoch [196] Training Class Recall: [0.887,0.916,0.952,0.940,0.977,0.964,0.991,0.993,1.000,1.000]
Epoch [196] Testing Results: Prec@1 78.910 Prec@5 97.610             Loss 0.65084
Epoch [196] Testing Class Recall: [0.792,0.852,0.786,0.735,0.785,0.702,0.854,0.796,0.775,0.814]
Epoch [197] Training Results: Prec@1 94.019 Prec@5 100.000             Loss 0.23741
Epoch [197] Training Class Recall: [0.892,0.923,0.947,0.948,0.975,0.959,0.996,1.000,1.000,1.000]
Epoch [197] Testing Results: Prec@1 78.680 Prec@5 97.510             Loss 0.69714
Epoch [197] Testing Class Recall: [0.785,0.854,0.813,0.724,0.811,0.704,0.849,0.773,0.739,0.816]
Epoch [198] Training Results: Prec@1 93.922 Prec@5 100.000             Loss 0.24961
Epoch [198] Training Class Recall: [0.889,0.905,0.945,0.948,0.978,0.979,0.991,0.993,1.000,0.980]
Epoch [198] Testing Results: Prec@1 78.810 Prec@5 97.620             Loss 0.71244
Epoch [198] Testing Class Recall: [0.792,0.871,0.810,0.717,0.807,0.713,0.847,0.781,0.764,0.779]
Epoch [199] Training Results: Prec@1 94.084 Prec@5 100.000             Loss 0.25776
Epoch [199] Training Class Recall: [0.897,0.897,0.945,0.951,0.978,0.972,0.991,0.993,1.000,1.000]
Epoch [199] Testing Results: Prec@1 78.560 Prec@5 97.470             Loss 0.74340
Epoch [199] Testing Class Recall: [0.801,0.871,0.805,0.738,0.804,0.691,0.851,0.783,0.738,0.774]
