Log file: cifar10_random0.9_randomoversampling_selection_exp0.01_seed42_20260430_142431.log
Run started: 2026-04-30 14:24:31.667374
Dataset: cifar10
Imbalance type: exp, factor: 0.01
Selection method: random, ratio: 0.9
Strategy: RandomOversampling_Selection, epochs: 200
Seed: 42, rand_number: 0
Augmentation: weak
Noise ratio: 0.25
============================================================

=> Preparing logger and tensorboard writer !
----------------------------------------------------
Class ID   | Original   | Selected   | Keep %  
----------------------------------------------------
0          | 4000       | 3602       |    90.0%
1          | 4000       | 3622       |    90.5%
2          | 4000       | 3598       |    90.0%
3          | 4000       | 3593       |    89.8%
4          | 4000       | 3579       |    89.5%
5          | 4000       | 3607       |    90.2%
6          | 4000       | 3597       |    89.9%
7          | 4000       | 3593       |    89.8%
8          | 4000       | 3633       |    90.8%
9          | 4000       | 3576       |    89.4%
----------------------------------------------------
TOTAL      | 40000      | 36000      |    90.0%
----------------------------------------------------
Epoch [0] Training Results: Prec@1 18.594 Prec@5 65.297             Loss 2.23467
Epoch [0] Training Class Recall: [0.363,0.477,0.176,0.230,0.193,0.100,0.085,0.073,0.099,0.062]
Epoch [0] Testing Results: Prec@1 28.580 Prec@5 82.440             Loss 1.94061
Epoch [0] Testing Class Recall: [0.726,0.307,0.103,0.349,0.475,0.496,0.150,0.014,0.015,0.223]
Epoch [1] Training Results: Prec@1 22.756 Prec@5 70.564             Loss 2.14195
Epoch [1] Training Class Recall: [0.461,0.614,0.219,0.322,0.194,0.100,0.141,0.081,0.080,0.060]
Epoch [1] Testing Results: Prec@1 30.440 Prec@5 85.830             Loss 1.90716
Epoch [1] Testing Class Recall: [0.777,0.660,0.481,0.126,0.004,0.732,0.144,0.054,0.004,0.062]
Epoch [2] Training Results: Prec@1 25.919 Prec@5 74.056             Loss 2.08324
Epoch [2] Training Class Recall: [0.566,0.684,0.275,0.319,0.208,0.152,0.204,0.097,0.036,0.048]
Epoch [2] Testing Results: Prec@1 36.530 Prec@5 87.390             Loss 1.79031
Epoch [2] Testing Class Recall: [0.722,0.800,0.175,0.088,0.444,0.753,0.160,0.395,0.069,0.047]
Epoch [3] Training Results: Prec@1 28.558 Prec@5 75.547             Loss 2.04073
Epoch [3] Training Class Recall: [0.600,0.700,0.318,0.346,0.241,0.185,0.254,0.119,0.039,0.053]
Epoch [3] Testing Results: Prec@1 40.350 Prec@5 89.160             Loss 1.72182
Epoch [3] Testing Class Recall: [0.672,0.810,0.239,0.586,0.610,0.200,0.426,0.321,0.052,0.119]
Epoch [4] Training Results: Prec@1 30.125 Prec@5 76.978             Loss 2.00632
Epoch [4] Training Class Recall: [0.604,0.728,0.357,0.342,0.276,0.220,0.252,0.124,0.043,0.064]
Epoch [4] Testing Results: Prec@1 32.810 Prec@5 80.670             Loss 1.94938
Epoch [4] Testing Class Recall: [0.670,0.678,0.509,0.752,0.132,0.144,0.008,0.128,0.041,0.219]
Epoch [5] Training Results: Prec@1 33.042 Prec@5 78.867             Loss 1.94632
Epoch [5] Training Class Recall: [0.608,0.754,0.390,0.376,0.350,0.232,0.279,0.140,0.064,0.109]
Epoch [5] Testing Results: Prec@1 35.990 Prec@5 82.180             Loss 1.89528
Epoch [5] Testing Class Recall: [0.436,0.742,0.359,0.329,0.441,0.790,0.183,0.140,0.158,0.021]
Epoch [6] Training Results: Prec@1 35.397 Prec@5 80.908             Loss 1.88640
Epoch [6] Training Class Recall: [0.577,0.737,0.431,0.404,0.381,0.281,0.305,0.161,0.097,0.165]
Epoch [6] Testing Results: Prec@1 46.070 Prec@5 88.610             Loss 1.61030
Epoch [6] Testing Class Recall: [0.517,0.615,0.551,0.397,0.553,0.322,0.237,0.469,0.577,0.369]
Epoch [7] Training Results: Prec@1 37.569 Prec@5 82.708             Loss 1.82897
Epoch [7] Training Class Recall: [0.543,0.741,0.457,0.424,0.406,0.289,0.339,0.181,0.160,0.214]
Epoch [7] Testing Results: Prec@1 49.420 Prec@5 89.220             Loss 1.54154
Epoch [7] Testing Class Recall: [0.665,0.761,0.383,0.472,0.676,0.472,0.464,0.375,0.284,0.390]
Epoch [8] Training Results: Prec@1 40.597 Prec@5 84.475             Loss 1.75910
Epoch [8] Training Class Recall: [0.537,0.736,0.489,0.435,0.424,0.317,0.360,0.212,0.241,0.308]
Epoch [8] Testing Results: Prec@1 47.690 Prec@5 88.410             Loss 1.58463
Epoch [8] Testing Class Recall: [0.567,0.565,0.430,0.294,0.656,0.455,0.704,0.195,0.346,0.557]
Epoch [9] Training Results: Prec@1 42.858 Prec@5 86.139             Loss 1.69444
Epoch [9] Training Class Recall: [0.526,0.710,0.490,0.463,0.438,0.342,0.399,0.254,0.292,0.369]
Epoch [9] Testing Results: Prec@1 36.230 Prec@5 77.220             Loss 2.00809
Epoch [9] Testing Class Recall: [0.603,0.357,0.262,0.294,0.718,0.409,0.442,0.375,0.088,0.075]
Epoch [10] Training Results: Prec@1 45.536 Prec@5 87.781             Loss 1.61152
Epoch [10] Training Class Recall: [0.526,0.707,0.479,0.458,0.452,0.361,0.433,0.308,0.356,0.473]
Epoch [10] Testing Results: Prec@1 40.750 Prec@5 82.300             Loss 1.87667
Epoch [10] Testing Class Recall: [0.340,0.546,0.501,0.394,0.669,0.484,0.597,0.253,0.057,0.234]
Epoch [11] Training Results: Prec@1 48.478 Prec@5 89.272             Loss 1.53028
Epoch [11] Training Class Recall: [0.511,0.695,0.487,0.474,0.487,0.387,0.468,0.369,0.427,0.540]
Epoch [11] Testing Results: Prec@1 41.160 Prec@5 82.030             Loss 1.99044
Epoch [11] Testing Class Recall: [0.426,0.877,0.421,0.358,0.266,0.520,0.420,0.501,0.272,0.055]
Epoch [12] Training Results: Prec@1 51.169 Prec@5 90.567             Loss 1.45881
Epoch [12] Training Class Recall: [0.503,0.687,0.494,0.480,0.504,0.428,0.487,0.405,0.520,0.609]
Epoch [12] Testing Results: Prec@1 42.380 Prec@5 85.620             Loss 1.98817
Epoch [12] Testing Class Recall: [0.439,0.442,0.299,0.404,0.654,0.658,0.431,0.117,0.499,0.295]
Epoch [13] Training Results: Prec@1 53.758 Prec@5 91.953             Loss 1.36803
Epoch [13] Training Class Recall: [0.503,0.676,0.497,0.481,0.533,0.449,0.538,0.474,0.574,0.649]
Epoch [13] Testing Results: Prec@1 37.610 Prec@5 83.810             Loss 2.20291
Epoch [13] Testing Class Recall: [0.426,0.449,0.183,0.214,0.234,0.687,0.320,0.627,0.144,0.477]
Epoch [14] Training Results: Prec@1 56.511 Prec@5 92.872             Loss 1.29450
Epoch [14] Training Class Recall: [0.508,0.681,0.500,0.507,0.534,0.488,0.581,0.536,0.620,0.697]
Epoch [14] Testing Results: Prec@1 42.580 Prec@5 82.840             Loss 2.07054
Epoch [14] Testing Class Recall: [0.424,0.711,0.399,0.366,0.394,0.271,0.650,0.621,0.268,0.154]
Epoch [15] Training Results: Prec@1 59.331 Prec@5 93.967             Loss 1.21280
Epoch [15] Training Class Recall: [0.515,0.680,0.524,0.529,0.549,0.506,0.617,0.585,0.687,0.742]
Epoch [15] Testing Results: Prec@1 37.670 Prec@5 82.190             Loss 2.33734
Epoch [15] Testing Class Recall: [0.442,0.448,0.252,0.251,0.557,0.497,0.388,0.533,0.302,0.097]
Epoch [16] Training Results: Prec@1 61.717 Prec@5 94.589             Loss 1.14416
Epoch [16] Training Class Recall: [0.507,0.679,0.528,0.541,0.586,0.561,0.650,0.625,0.718,0.777]
Epoch [16] Testing Results: Prec@1 40.540 Prec@5 81.770             Loss 2.19227
Epoch [16] Testing Class Recall: [0.370,0.615,0.423,0.381,0.665,0.316,0.523,0.218,0.199,0.344]
Epoch [17] Training Results: Prec@1 63.583 Prec@5 94.992             Loss 1.09282
Epoch [17] Training Class Recall: [0.538,0.693,0.553,0.554,0.584,0.579,0.679,0.641,0.745,0.792]
Epoch [17] Testing Results: Prec@1 40.320 Prec@5 82.170             Loss 2.44865
Epoch [17] Testing Class Recall: [0.355,0.445,0.414,0.343,0.522,0.292,0.756,0.436,0.301,0.168]
Epoch [18] Training Results: Prec@1 65.758 Prec@5 95.786             Loss 1.02219
Epoch [18] Training Class Recall: [0.548,0.690,0.562,0.573,0.620,0.612,0.700,0.692,0.778,0.800]
Epoch [18] Testing Results: Prec@1 41.960 Prec@5 80.010             Loss 2.38038
Epoch [18] Testing Class Recall: [0.463,0.728,0.359,0.236,0.459,0.516,0.781,0.307,0.280,0.067]
Epoch [19] Training Results: Prec@1 67.533 Prec@5 96.381             Loss 0.96884
Epoch [19] Training Class Recall: [0.553,0.714,0.568,0.583,0.629,0.642,0.726,0.706,0.796,0.836]
Epoch [19] Testing Results: Prec@1 41.930 Prec@5 79.530             Loss 2.41028
Epoch [19] Testing Class Recall: [0.641,0.633,0.385,0.597,0.412,0.052,0.365,0.367,0.437,0.304]
Epoch [20] Training Results: Prec@1 69.361 Prec@5 96.633             Loss 0.91579
Epoch [20] Training Class Recall: [0.557,0.705,0.596,0.595,0.647,0.662,0.752,0.743,0.827,0.851]
Epoch [20] Testing Results: Prec@1 40.690 Prec@5 78.160             Loss 2.77616
Epoch [20] Testing Class Recall: [0.353,0.791,0.644,0.406,0.326,0.268,0.657,0.216,0.332,0.076]
Epoch [21] Training Results: Prec@1 70.150 Prec@5 96.864             Loss 0.89450
Epoch [21] Training Class Recall: [0.557,0.721,0.600,0.625,0.661,0.676,0.760,0.739,0.829,0.845]
Epoch [21] Testing Results: Prec@1 41.270 Prec@5 81.410             Loss 2.45298
Epoch [21] Testing Class Recall: [0.408,0.616,0.424,0.416,0.486,0.383,0.516,0.519,0.230,0.129]
Epoch [22] Training Results: Prec@1 72.108 Prec@5 97.358             Loss 0.83839
Epoch [22] Training Class Recall: [0.580,0.716,0.621,0.628,0.687,0.708,0.778,0.786,0.847,0.860]
Epoch [22] Testing Results: Prec@1 42.490 Prec@5 82.460             Loss 2.39642
Epoch [22] Testing Class Recall: [0.407,0.582,0.395,0.574,0.425,0.479,0.475,0.482,0.178,0.252]
Epoch [23] Training Results: Prec@1 73.467 Prec@5 97.536             Loss 0.80505
Epoch [23] Training Class Recall: [0.579,0.735,0.638,0.656,0.703,0.725,0.790,0.800,0.858,0.863]
Epoch [23] Testing Results: Prec@1 35.430 Prec@5 75.980             Loss 3.11245
Epoch [23] Testing Class Recall: [0.331,0.888,0.610,0.173,0.312,0.096,0.163,0.438,0.232,0.300]
Epoch [24] Training Results: Prec@1 73.778 Prec@5 97.789             Loss 0.78487
Epoch [24] Training Class Recall: [0.589,0.720,0.637,0.660,0.721,0.741,0.794,0.796,0.855,0.865]
Epoch [24] Testing Results: Prec@1 40.910 Prec@5 80.170             Loss 2.58165
Epoch [24] Testing Class Recall: [0.251,0.594,0.483,0.527,0.651,0.342,0.548,0.260,0.187,0.248]
Epoch [25] Training Results: Prec@1 75.228 Prec@5 97.844             Loss 0.74889
Epoch [25] Training Class Recall: [0.592,0.730,0.660,0.665,0.729,0.760,0.822,0.813,0.869,0.884]
Epoch [25] Testing Results: Prec@1 40.720 Prec@5 77.860             Loss 2.81254
Epoch [25] Testing Class Recall: [0.512,0.759,0.494,0.565,0.492,0.179,0.429,0.313,0.189,0.140]
Epoch [26] Training Results: Prec@1 75.894 Prec@5 98.092             Loss 0.72830
Epoch [26] Training Class Recall: [0.615,0.737,0.654,0.685,0.733,0.773,0.816,0.821,0.876,0.878]
Epoch [26] Testing Results: Prec@1 41.680 Prec@5 80.460             Loss 2.56356
Epoch [26] Testing Class Recall: [0.453,0.614,0.540,0.419,0.466,0.234,0.353,0.550,0.262,0.277]
Epoch [27] Training Results: Prec@1 76.642 Prec@5 98.211             Loss 0.70345
Epoch [27] Training Class Recall: [0.609,0.737,0.667,0.694,0.740,0.780,0.836,0.833,0.879,0.889]
Epoch [27] Testing Results: Prec@1 40.340 Prec@5 77.090             Loss 2.79294
Epoch [27] Testing Class Recall: [0.598,0.667,0.546,0.418,0.393,0.315,0.438,0.281,0.301,0.077]
Epoch [28] Training Results: Prec@1 77.136 Prec@5 98.233             Loss 0.69577
Epoch [28] Training Class Recall: [0.620,0.747,0.676,0.701,0.756,0.781,0.835,0.824,0.882,0.892]
Epoch [28] Testing Results: Prec@1 41.360 Prec@5 79.470             Loss 2.77894
Epoch [28] Testing Class Recall: [0.628,0.702,0.266,0.491,0.539,0.399,0.493,0.294,0.210,0.114]
Epoch [29] Training Results: Prec@1 77.617 Prec@5 98.428             Loss 0.67675
Epoch [29] Training Class Recall: [0.624,0.752,0.681,0.716,0.757,0.788,0.833,0.834,0.886,0.892]
Epoch [29] Testing Results: Prec@1 40.060 Prec@5 77.410             Loss 3.23228
Epoch [29] Testing Class Recall: [0.475,0.628,0.530,0.642,0.609,0.290,0.350,0.160,0.214,0.108]
Epoch [30] Training Results: Prec@1 78.183 Prec@5 98.486             Loss 0.65495
Epoch [30] Training Class Recall: [0.634,0.750,0.683,0.712,0.753,0.810,0.840,0.841,0.897,0.898]
Epoch [30] Testing Results: Prec@1 43.790 Prec@5 79.000             Loss 2.95102
Epoch [30] Testing Class Recall: [0.562,0.872,0.555,0.429,0.520,0.538,0.429,0.148,0.221,0.105]
Epoch [31] Training Results: Prec@1 78.567 Prec@5 98.597             Loss 0.64537
Epoch [31] Training Class Recall: [0.633,0.752,0.689,0.720,0.766,0.811,0.845,0.851,0.885,0.905]
Epoch [31] Testing Results: Prec@1 37.710 Prec@5 76.090             Loss 2.98240
Epoch [31] Testing Class Recall: [0.493,0.528,0.538,0.278,0.438,0.582,0.137,0.351,0.244,0.182]
Epoch [32] Training Results: Prec@1 79.553 Prec@5 98.781             Loss 0.61444
Epoch [32] Training Class Recall: [0.644,0.760,0.688,0.734,0.779,0.826,0.858,0.853,0.902,0.911]
Epoch [32] Testing Results: Prec@1 41.290 Prec@5 80.450             Loss 2.97151
Epoch [32] Testing Class Recall: [0.521,0.583,0.472,0.209,0.607,0.429,0.332,0.434,0.400,0.142]
Epoch [33] Training Results: Prec@1 79.294 Prec@5 98.667             Loss 0.62706
Epoch [33] Training Class Recall: [0.648,0.753,0.700,0.724,0.783,0.814,0.863,0.847,0.890,0.909]
Epoch [33] Testing Results: Prec@1 42.240 Prec@5 80.630             Loss 2.94114
Epoch [33] Testing Class Recall: [0.543,0.538,0.382,0.609,0.631,0.287,0.495,0.225,0.445,0.069]
Epoch [34] Training Results: Prec@1 79.603 Prec@5 98.803             Loss 0.60844
Epoch [34] Training Class Recall: [0.650,0.750,0.697,0.743,0.781,0.833,0.860,0.854,0.893,0.900]
Epoch [34] Testing Results: Prec@1 36.770 Prec@5 73.950             Loss 3.73496
Epoch [34] Testing Class Recall: [0.456,0.710,0.702,0.421,0.301,0.237,0.400,0.161,0.265,0.024]
Epoch [35] Training Results: Prec@1 80.469 Prec@5 98.919             Loss 0.58436
Epoch [35] Training Class Recall: [0.662,0.773,0.714,0.733,0.793,0.836,0.869,0.862,0.904,0.901]
Epoch [35] Testing Results: Prec@1 40.150 Prec@5 81.970             Loss 2.99594
Epoch [35] Testing Class Recall: [0.499,0.586,0.381,0.696,0.277,0.253,0.391,0.430,0.282,0.220]
Epoch [36] Training Results: Prec@1 80.456 Prec@5 98.831             Loss 0.58384
Epoch [36] Training Class Recall: [0.660,0.762,0.715,0.743,0.792,0.834,0.865,0.867,0.902,0.905]
Epoch [36] Testing Results: Prec@1 39.820 Prec@5 78.550             Loss 3.01015
Epoch [36] Testing Class Recall: [0.384,0.781,0.329,0.337,0.590,0.366,0.555,0.252,0.287,0.101]
Epoch [37] Training Results: Prec@1 80.664 Prec@5 98.872             Loss 0.57983
Epoch [37] Training Class Recall: [0.666,0.767,0.714,0.759,0.802,0.830,0.869,0.862,0.897,0.902]
Epoch [37] Testing Results: Prec@1 37.320 Prec@5 77.820             Loss 3.01412
Epoch [37] Testing Class Recall: [0.423,0.597,0.548,0.243,0.172,0.427,0.327,0.512,0.161,0.322]
Epoch [38] Training Results: Prec@1 81.056 Prec@5 98.961             Loss 0.57279
Epoch [38] Training Class Recall: [0.659,0.778,0.718,0.756,0.806,0.846,0.874,0.863,0.900,0.907]
Epoch [38] Testing Results: Prec@1 39.630 Prec@5 76.070             Loss 3.01095
Epoch [38] Testing Class Recall: [0.637,0.803,0.411,0.288,0.498,0.184,0.097,0.457,0.176,0.412]
Epoch [39] Training Results: Prec@1 81.428 Prec@5 99.019             Loss 0.55372
Epoch [39] Training Class Recall: [0.662,0.773,0.736,0.762,0.810,0.841,0.871,0.875,0.903,0.911]
Epoch [39] Testing Results: Prec@1 42.220 Prec@5 80.390             Loss 2.83704
Epoch [39] Testing Class Recall: [0.591,0.520,0.439,0.470,0.495,0.358,0.350,0.539,0.080,0.380]
Epoch [40] Training Results: Prec@1 81.872 Prec@5 99.086             Loss 0.54906
Epoch [40] Training Class Recall: [0.671,0.785,0.732,0.765,0.815,0.851,0.869,0.873,0.906,0.920]
Epoch [40] Testing Results: Prec@1 38.570 Prec@5 75.250             Loss 3.12017
Epoch [40] Testing Class Recall: [0.625,0.656,0.488,0.367,0.411,0.501,0.337,0.272,0.109,0.091]
Epoch [41] Training Results: Prec@1 81.825 Prec@5 98.961             Loss 0.54186
Epoch [41] Training Class Recall: [0.680,0.772,0.735,0.767,0.818,0.846,0.879,0.878,0.900,0.908]
Epoch [41] Testing Results: Prec@1 40.900 Prec@5 80.530             Loss 2.97887
Epoch [41] Testing Class Recall: [0.516,0.386,0.466,0.513,0.541,0.354,0.583,0.184,0.225,0.322]
Epoch [42] Training Results: Prec@1 82.589 Prec@5 99.086             Loss 0.53393
Epoch [42] Training Class Recall: [0.691,0.781,0.753,0.774,0.823,0.841,0.889,0.877,0.912,0.919]
Epoch [42] Testing Results: Prec@1 40.280 Prec@5 78.120             Loss 3.30531
Epoch [42] Testing Class Recall: [0.415,0.687,0.319,0.286,0.728,0.165,0.601,0.456,0.103,0.268]
Epoch [43] Training Results: Prec@1 82.667 Prec@5 99.072             Loss 0.52581
Epoch [43] Training Class Recall: [0.689,0.779,0.743,0.783,0.825,0.855,0.882,0.884,0.907,0.920]
Epoch [43] Testing Results: Prec@1 39.770 Prec@5 78.320             Loss 3.04269
Epoch [43] Testing Class Recall: [0.449,0.671,0.496,0.580,0.158,0.510,0.287,0.370,0.223,0.233]
Epoch [44] Training Results: Prec@1 82.256 Prec@5 99.142             Loss 0.53414
Epoch [44] Training Class Recall: [0.675,0.769,0.747,0.792,0.818,0.849,0.880,0.880,0.906,0.908]
Epoch [44] Testing Results: Prec@1 39.240 Prec@5 78.160             Loss 3.00673
Epoch [44] Testing Class Recall: [0.426,0.722,0.547,0.380,0.189,0.387,0.451,0.526,0.239,0.057]
Epoch [45] Training Results: Prec@1 82.731 Prec@5 99.236             Loss 0.51491
Epoch [45] Training Class Recall: [0.687,0.785,0.756,0.782,0.821,0.857,0.882,0.873,0.910,0.919]
Epoch [45] Testing Results: Prec@1 35.610 Prec@5 74.110             Loss 3.74917
Epoch [45] Testing Class Recall: [0.406,0.649,0.569,0.460,0.515,0.323,0.151,0.240,0.188,0.060]
Epoch [46] Training Results: Prec@1 83.000 Prec@5 99.231             Loss 0.51598
Epoch [46] Training Class Recall: [0.681,0.785,0.758,0.787,0.832,0.854,0.887,0.884,0.912,0.921]
Epoch [46] Testing Results: Prec@1 30.040 Prec@5 71.820             Loss 3.86654
Epoch [46] Testing Class Recall: [0.546,0.387,0.700,0.284,0.331,0.172,0.108,0.150,0.162,0.164]
Epoch [47] Training Results: Prec@1 83.431 Prec@5 99.217             Loss 0.50359
Epoch [47] Training Class Recall: [0.690,0.789,0.765,0.798,0.825,0.859,0.888,0.890,0.920,0.920]
Epoch [47] Testing Results: Prec@1 38.980 Prec@5 79.480             Loss 3.19028
Epoch [47] Testing Class Recall: [0.454,0.566,0.456,0.636,0.382,0.278,0.232,0.543,0.102,0.249]
Epoch [48] Training Results: Prec@1 83.328 Prec@5 99.219             Loss 0.50064
Epoch [48] Training Class Recall: [0.697,0.778,0.745,0.798,0.839,0.867,0.884,0.887,0.923,0.916]
Epoch [48] Testing Results: Prec@1 39.830 Prec@5 76.150             Loss 3.24842
Epoch [48] Testing Class Recall: [0.569,0.641,0.663,0.417,0.468,0.215,0.428,0.304,0.126,0.152]
Epoch [49] Training Results: Prec@1 83.361 Prec@5 99.275             Loss 0.49844
Epoch [49] Training Class Recall: [0.690,0.783,0.760,0.799,0.838,0.863,0.895,0.874,0.915,0.920]
Epoch [49] Testing Results: Prec@1 39.130 Prec@5 77.320             Loss 3.11276
Epoch [49] Testing Class Recall: [0.623,0.585,0.445,0.373,0.418,0.346,0.442,0.377,0.238,0.066]
Epoch [50] Training Results: Prec@1 83.706 Prec@5 99.286             Loss 0.48462
Epoch [50] Training Class Recall: [0.706,0.787,0.756,0.802,0.845,0.869,0.885,0.889,0.915,0.915]
Epoch [50] Testing Results: Prec@1 41.790 Prec@5 80.940             Loss 2.93005
Epoch [50] Testing Class Recall: [0.558,0.669,0.358,0.609,0.362,0.342,0.576,0.303,0.238,0.164]
Epoch [51] Training Results: Prec@1 83.664 Prec@5 99.300             Loss 0.49421
Epoch [51] Training Class Recall: [0.706,0.798,0.758,0.791,0.840,0.866,0.889,0.884,0.912,0.924]
Epoch [51] Testing Results: Prec@1 38.510 Prec@5 76.500             Loss 3.16292
Epoch [51] Testing Class Recall: [0.477,0.654,0.638,0.437,0.464,0.280,0.273,0.296,0.124,0.208]
Epoch [52] Training Results: Prec@1 83.872 Prec@5 99.297             Loss 0.48537
Epoch [52] Training Class Recall: [0.699,0.793,0.762,0.796,0.843,0.879,0.892,0.891,0.919,0.914]
Epoch [52] Testing Results: Prec@1 41.910 Prec@5 77.800             Loss 3.63051
Epoch [52] Testing Class Recall: [0.545,0.741,0.371,0.520,0.677,0.205,0.626,0.256,0.164,0.086]
Epoch [53] Training Results: Prec@1 83.922 Prec@5 99.333             Loss 0.48679
Epoch [53] Training Class Recall: [0.715,0.790,0.765,0.799,0.844,0.859,0.896,0.886,0.919,0.918]
Epoch [53] Testing Results: Prec@1 41.330 Prec@5 79.780             Loss 2.84601
Epoch [53] Testing Class Recall: [0.668,0.733,0.230,0.372,0.525,0.547,0.399,0.360,0.193,0.106]
Epoch [54] Training Results: Prec@1 83.839 Prec@5 99.250             Loss 0.48490
Epoch [54] Training Class Recall: [0.701,0.796,0.763,0.807,0.845,0.861,0.889,0.886,0.922,0.917]
Epoch [54] Testing Results: Prec@1 40.560 Prec@5 75.590             Loss 3.33805
Epoch [54] Testing Class Recall: [0.596,0.763,0.630,0.431,0.496,0.217,0.374,0.326,0.178,0.045]
Epoch [55] Training Results: Prec@1 83.936 Prec@5 99.281             Loss 0.48061
Epoch [55] Training Class Recall: [0.710,0.795,0.758,0.804,0.851,0.872,0.894,0.882,0.909,0.918]
Epoch [55] Testing Results: Prec@1 42.300 Prec@5 77.860             Loss 3.18184
Epoch [55] Testing Class Recall: [0.646,0.745,0.410,0.559,0.420,0.358,0.317,0.566,0.144,0.065]
Epoch [56] Training Results: Prec@1 84.447 Prec@5 99.392             Loss 0.46559
Epoch [56] Training Class Recall: [0.717,0.793,0.778,0.802,0.846,0.877,0.904,0.891,0.923,0.913]
Epoch [56] Testing Results: Prec@1 38.460 Prec@5 78.130             Loss 3.57198
Epoch [56] Testing Class Recall: [0.575,0.526,0.429,0.375,0.574,0.495,0.280,0.164,0.288,0.140]
Epoch [57] Training Results: Prec@1 84.528 Prec@5 99.372             Loss 0.46622
Epoch [57] Training Class Recall: [0.715,0.795,0.780,0.810,0.845,0.877,0.897,0.893,0.918,0.923]
Epoch [57] Testing Results: Prec@1 40.430 Prec@5 76.310             Loss 3.31105
Epoch [57] Testing Class Recall: [0.580,0.679,0.531,0.535,0.341,0.502,0.182,0.301,0.228,0.164]
Epoch [58] Training Results: Prec@1 84.317 Prec@5 99.286             Loss 0.46808
Epoch [58] Training Class Recall: [0.720,0.795,0.773,0.803,0.848,0.866,0.890,0.890,0.917,0.928]
Epoch [58] Testing Results: Prec@1 39.850 Prec@5 77.840             Loss 3.31688
Epoch [58] Testing Class Recall: [0.675,0.545,0.349,0.216,0.635,0.280,0.371,0.405,0.072,0.437]
Epoch [59] Training Results: Prec@1 84.361 Prec@5 99.381             Loss 0.47362
Epoch [59] Training Class Recall: [0.712,0.802,0.768,0.810,0.853,0.874,0.895,0.888,0.911,0.924]
Epoch [59] Testing Results: Prec@1 41.220 Prec@5 81.880             Loss 3.14008
Epoch [59] Testing Class Recall: [0.465,0.513,0.345,0.772,0.482,0.308,0.521,0.190,0.327,0.199]
Epoch [60] Training Results: Prec@1 84.581 Prec@5 99.358             Loss 0.46925
Epoch [60] Training Class Recall: [0.717,0.801,0.782,0.817,0.837,0.875,0.895,0.886,0.921,0.928]
Epoch [60] Testing Results: Prec@1 39.780 Prec@5 79.370             Loss 3.09268
Epoch [60] Testing Class Recall: [0.538,0.533,0.444,0.501,0.590,0.300,0.231,0.214,0.333,0.294]
Epoch [61] Training Results: Prec@1 85.325 Prec@5 99.383             Loss 0.44839
Epoch [61] Training Class Recall: [0.723,0.807,0.788,0.823,0.859,0.876,0.900,0.896,0.928,0.934]
Epoch [61] Testing Results: Prec@1 41.280 Prec@5 79.100             Loss 3.15205
Epoch [61] Testing Class Recall: [0.589,0.566,0.436,0.406,0.545,0.566,0.470,0.328,0.139,0.083]
Epoch [62] Training Results: Prec@1 85.064 Prec@5 99.342             Loss 0.45500
Epoch [62] Training Class Recall: [0.718,0.806,0.775,0.827,0.863,0.879,0.899,0.897,0.923,0.921]
Epoch [62] Testing Results: Prec@1 43.090 Prec@5 79.830             Loss 3.01689
Epoch [62] Testing Class Recall: [0.518,0.598,0.431,0.537,0.640,0.251,0.586,0.203,0.152,0.393]
Epoch [63] Training Results: Prec@1 84.706 Prec@5 99.406             Loss 0.46440
Epoch [63] Training Class Recall: [0.722,0.808,0.782,0.815,0.849,0.877,0.895,0.886,0.914,0.922]
Epoch [63] Testing Results: Prec@1 41.450 Prec@5 76.210             Loss 3.06125
Epoch [63] Testing Class Recall: [0.684,0.906,0.553,0.529,0.391,0.237,0.344,0.322,0.103,0.076]
Epoch [64] Training Results: Prec@1 84.778 Prec@5 99.364             Loss 0.45767
Epoch [64] Training Class Recall: [0.719,0.796,0.794,0.816,0.851,0.872,0.900,0.890,0.922,0.919]
Epoch [64] Testing Results: Prec@1 38.940 Prec@5 76.770             Loss 3.08037
Epoch [64] Testing Class Recall: [0.505,0.782,0.376,0.500,0.414,0.326,0.419,0.278,0.238,0.056]
Epoch [65] Training Results: Prec@1 85.033 Prec@5 99.336             Loss 0.44988
Epoch [65] Training Class Recall: [0.726,0.802,0.785,0.819,0.856,0.882,0.896,0.894,0.921,0.923]
Epoch [65] Testing Results: Prec@1 38.930 Prec@5 78.680             Loss 3.07379
Epoch [65] Testing Class Recall: [0.608,0.460,0.215,0.627,0.460,0.424,0.427,0.273,0.290,0.109]
Epoch [66] Training Results: Prec@1 85.628 Prec@5 99.511             Loss 0.43593
Epoch [66] Training Class Recall: [0.728,0.811,0.792,0.826,0.862,0.877,0.908,0.903,0.922,0.934]
Epoch [66] Testing Results: Prec@1 39.160 Prec@5 80.430             Loss 3.08149
Epoch [66] Testing Class Recall: [0.505,0.599,0.327,0.273,0.370,0.512,0.371,0.533,0.240,0.186]
Epoch [67] Training Results: Prec@1 84.950 Prec@5 99.475             Loss 0.45103
Epoch [67] Training Class Recall: [0.724,0.811,0.765,0.823,0.858,0.873,0.899,0.895,0.923,0.924]
Epoch [67] Testing Results: Prec@1 37.510 Prec@5 77.260             Loss 3.30228
Epoch [67] Testing Class Recall: [0.559,0.481,0.712,0.370,0.479,0.390,0.266,0.156,0.125,0.213]
Epoch [68] Training Results: Prec@1 84.964 Prec@5 99.414             Loss 0.45419
Epoch [68] Training Class Recall: [0.721,0.807,0.782,0.821,0.863,0.876,0.895,0.891,0.915,0.926]
Epoch [68] Testing Results: Prec@1 41.040 Prec@5 79.190             Loss 3.18086
Epoch [68] Testing Class Recall: [0.532,0.687,0.522,0.484,0.336,0.305,0.402,0.457,0.307,0.072]
Epoch [69] Training Results: Prec@1 85.528 Prec@5 99.508             Loss 0.43539
Epoch [69] Training Class Recall: [0.729,0.808,0.785,0.830,0.857,0.891,0.900,0.899,0.921,0.933]
Epoch [69] Testing Results: Prec@1 38.180 Prec@5 79.010             Loss 3.38054
Epoch [69] Testing Class Recall: [0.445,0.592,0.303,0.580,0.563,0.291,0.377,0.164,0.138,0.365]
Epoch [70] Training Results: Prec@1 85.258 Prec@5 99.511             Loss 0.44029
Epoch [70] Training Class Recall: [0.720,0.797,0.790,0.827,0.861,0.885,0.901,0.900,0.919,0.926]
Epoch [70] Testing Results: Prec@1 38.710 Prec@5 76.810             Loss 3.56379
Epoch [70] Testing Class Recall: [0.301,0.759,0.550,0.380,0.671,0.512,0.260,0.131,0.125,0.182]
Epoch [71] Training Results: Prec@1 85.822 Prec@5 99.486             Loss 0.42378
Epoch [71] Training Class Recall: [0.737,0.813,0.787,0.831,0.864,0.888,0.906,0.899,0.924,0.935]
Epoch [71] Testing Results: Prec@1 38.810 Prec@5 78.050             Loss 3.09505
Epoch [71] Testing Class Recall: [0.672,0.581,0.372,0.310,0.404,0.449,0.309,0.415,0.168,0.201]
Epoch [72] Training Results: Prec@1 85.222 Prec@5 99.403             Loss 0.44339
Epoch [72] Training Class Recall: [0.736,0.806,0.788,0.819,0.865,0.877,0.896,0.897,0.918,0.921]
Epoch [72] Testing Results: Prec@1 40.330 Prec@5 79.000             Loss 3.13732
Epoch [72] Testing Class Recall: [0.517,0.744,0.393,0.587,0.612,0.173,0.232,0.339,0.235,0.201]
Epoch [73] Training Results: Prec@1 85.028 Prec@5 99.386             Loss 0.45190
Epoch [73] Training Class Recall: [0.705,0.822,0.786,0.819,0.858,0.879,0.900,0.894,0.920,0.921]
Epoch [73] Testing Results: Prec@1 37.020 Prec@5 81.650             Loss 3.50912
Epoch [73] Testing Class Recall: [0.397,0.455,0.369,0.295,0.613,0.643,0.307,0.282,0.140,0.201]
Epoch [74] Training Results: Prec@1 85.506 Prec@5 99.486             Loss 0.43942
Epoch [74] Training Class Recall: [0.723,0.800,0.791,0.831,0.866,0.882,0.906,0.900,0.927,0.926]
Epoch [74] Testing Results: Prec@1 37.870 Prec@5 77.050             Loss 3.38669
Epoch [74] Testing Class Recall: [0.559,0.518,0.443,0.504,0.562,0.432,0.191,0.253,0.215,0.110]
Epoch [75] Training Results: Prec@1 85.739 Prec@5 99.494             Loss 0.43001
Epoch [75] Training Class Recall: [0.737,0.814,0.789,0.827,0.863,0.882,0.905,0.906,0.922,0.929]
Epoch [75] Testing Results: Prec@1 39.640 Prec@5 78.140             Loss 3.45443
Epoch [75] Testing Class Recall: [0.597,0.542,0.513,0.679,0.495,0.381,0.212,0.223,0.286,0.036]
Epoch [76] Training Results: Prec@1 85.439 Prec@5 99.483             Loss 0.43889
Epoch [76] Training Class Recall: [0.745,0.804,0.786,0.827,0.854,0.886,0.904,0.897,0.921,0.921]
Epoch [76] Testing Results: Prec@1 37.120 Prec@5 77.220             Loss 3.38857
Epoch [76] Testing Class Recall: [0.543,0.568,0.167,0.596,0.669,0.172,0.342,0.248,0.331,0.076]
Epoch [77] Training Results: Prec@1 85.850 Prec@5 99.506             Loss 0.42513
Epoch [77] Training Class Recall: [0.737,0.815,0.794,0.832,0.860,0.883,0.908,0.897,0.927,0.932]
Epoch [77] Testing Results: Prec@1 36.900 Prec@5 78.830             Loss 3.17652
Epoch [77] Testing Class Recall: [0.306,0.588,0.447,0.242,0.487,0.460,0.393,0.498,0.128,0.141]
Epoch [78] Training Results: Prec@1 85.381 Prec@5 99.442             Loss 0.43628
Epoch [78] Training Class Recall: [0.731,0.806,0.792,0.828,0.862,0.888,0.895,0.893,0.917,0.927]
Epoch [78] Testing Results: Prec@1 39.210 Prec@5 74.590             Loss 3.41888
Epoch [78] Testing Class Recall: [0.571,0.722,0.515,0.481,0.667,0.240,0.206,0.339,0.058,0.122]
Epoch [79] Training Results: Prec@1 86.175 Prec@5 99.497             Loss 0.41989
Epoch [79] Training Class Recall: [0.752,0.811,0.798,0.843,0.865,0.878,0.904,0.909,0.929,0.927]
Epoch [79] Testing Results: Prec@1 40.790 Prec@5 77.160             Loss 3.09280
Epoch [79] Testing Class Recall: [0.557,0.747,0.537,0.192,0.646,0.409,0.374,0.367,0.161,0.089]
Epoch [80] Training Results: Prec@1 86.058 Prec@5 99.514             Loss 0.42096
Epoch [80] Training Class Recall: [0.739,0.816,0.792,0.829,0.873,0.887,0.909,0.903,0.931,0.928]
Epoch [80] Testing Results: Prec@1 37.760 Prec@5 74.910             Loss 3.64944
Epoch [80] Testing Class Recall: [0.609,0.567,0.566,0.623,0.399,0.130,0.251,0.379,0.057,0.195]
Epoch [81] Training Results: Prec@1 86.172 Prec@5 99.478             Loss 0.42269
Epoch [81] Training Class Recall: [0.747,0.810,0.792,0.839,0.875,0.888,0.906,0.903,0.928,0.929]
Epoch [81] Testing Results: Prec@1 41.140 Prec@5 77.270             Loss 3.35498
Epoch [81] Testing Class Recall: [0.665,0.742,0.556,0.463,0.265,0.232,0.423,0.377,0.222,0.169]
Epoch [82] Training Results: Prec@1 86.381 Prec@5 99.525             Loss 0.41891
Epoch [82] Training Class Recall: [0.763,0.818,0.791,0.835,0.866,0.892,0.907,0.903,0.930,0.933]
Epoch [82] Testing Results: Prec@1 38.340 Prec@5 80.040             Loss 3.47818
Epoch [82] Testing Class Recall: [0.468,0.514,0.503,0.745,0.319,0.315,0.431,0.161,0.134,0.244]
Epoch [83] Training Results: Prec@1 85.386 Prec@5 99.467             Loss 0.43338
Epoch [83] Training Class Recall: [0.725,0.818,0.787,0.831,0.859,0.879,0.904,0.897,0.917,0.923]
Epoch [83] Testing Results: Prec@1 41.930 Prec@5 82.460             Loss 3.27305
Epoch [83] Testing Class Recall: [0.534,0.696,0.203,0.403,0.776,0.193,0.560,0.281,0.212,0.335]
Epoch [84] Training Results: Prec@1 85.539 Prec@5 99.525             Loss 0.43728
Epoch [84] Training Class Recall: [0.741,0.809,0.789,0.823,0.864,0.877,0.899,0.903,0.922,0.926]
Epoch [84] Testing Results: Prec@1 43.960 Prec@5 79.540             Loss 3.32808
Epoch [84] Testing Class Recall: [0.596,0.580,0.682,0.539,0.445,0.222,0.600,0.409,0.270,0.053]
Epoch [85] Training Results: Prec@1 86.086 Prec@5 99.556             Loss 0.41301
Epoch [85] Training Class Recall: [0.738,0.816,0.802,0.839,0.867,0.887,0.907,0.897,0.924,0.930]
Epoch [85] Testing Results: Prec@1 38.830 Prec@5 76.080             Loss 3.74802
Epoch [85] Testing Class Recall: [0.660,0.582,0.408,0.671,0.343,0.479,0.396,0.208,0.099,0.037]
Epoch [86] Training Results: Prec@1 86.178 Prec@5 99.528             Loss 0.41995
Epoch [86] Training Class Recall: [0.752,0.811,0.796,0.837,0.864,0.897,0.906,0.903,0.927,0.925]
Epoch [86] Testing Results: Prec@1 45.020 Prec@5 82.350             Loss 2.71806
Epoch [86] Testing Class Recall: [0.528,0.716,0.416,0.475,0.525,0.478,0.479,0.414,0.339,0.132]
Epoch [87] Training Results: Prec@1 86.039 Prec@5 99.531             Loss 0.41983
Epoch [87] Training Class Recall: [0.742,0.819,0.793,0.834,0.859,0.894,0.912,0.897,0.927,0.926]
Epoch [87] Testing Results: Prec@1 38.130 Prec@5 75.300             Loss 3.76672
Epoch [87] Testing Class Recall: [0.439,0.649,0.593,0.579,0.628,0.183,0.305,0.121,0.207,0.109]
Epoch [88] Training Results: Prec@1 86.272 Prec@5 99.508             Loss 0.41095
Epoch [88] Training Class Recall: [0.748,0.818,0.800,0.830,0.861,0.894,0.915,0.901,0.928,0.933]
Epoch [88] Testing Results: Prec@1 39.070 Prec@5 75.210             Loss 3.45754
Epoch [88] Testing Class Recall: [0.698,0.547,0.664,0.457,0.533,0.200,0.224,0.178,0.193,0.213]
Epoch [89] Training Results: Prec@1 86.133 Prec@5 99.500             Loss 0.41824
Epoch [89] Training Class Recall: [0.750,0.820,0.798,0.839,0.861,0.886,0.905,0.907,0.925,0.924]
Epoch [89] Testing Results: Prec@1 39.310 Prec@5 75.970             Loss 3.28500
Epoch [89] Testing Class Recall: [0.440,0.854,0.519,0.485,0.358,0.301,0.390,0.341,0.098,0.145]
Epoch [90] Training Results: Prec@1 86.297 Prec@5 99.578             Loss 0.41384
Epoch [90] Training Class Recall: [0.750,0.821,0.801,0.834,0.872,0.884,0.909,0.899,0.926,0.934]
Epoch [90] Testing Results: Prec@1 41.350 Prec@5 77.580             Loss 3.42143
Epoch [90] Testing Class Recall: [0.429,0.733,0.563,0.714,0.483,0.235,0.350,0.397,0.188,0.043]
Epoch [91] Training Results: Prec@1 86.392 Prec@5 99.567             Loss 0.41109
Epoch [91] Training Class Recall: [0.747,0.813,0.806,0.837,0.870,0.897,0.905,0.905,0.926,0.932]
Epoch [91] Testing Results: Prec@1 35.890 Prec@5 74.830             Loss 3.45565
Epoch [91] Testing Class Recall: [0.600,0.696,0.181,0.575,0.439,0.197,0.244,0.197,0.274,0.186]
Epoch [92] Training Results: Prec@1 86.194 Prec@5 99.531             Loss 0.41417
Epoch [92] Training Class Recall: [0.738,0.809,0.805,0.836,0.876,0.889,0.900,0.905,0.926,0.936]
Epoch [92] Testing Results: Prec@1 40.340 Prec@5 80.370             Loss 3.24740
Epoch [92] Testing Class Recall: [0.618,0.528,0.470,0.229,0.586,0.479,0.181,0.389,0.388,0.166]
Epoch [93] Training Results: Prec@1 86.469 Prec@5 99.528             Loss 0.41326
Epoch [93] Training Class Recall: [0.749,0.820,0.804,0.840,0.872,0.884,0.914,0.911,0.922,0.933]
Epoch [93] Testing Results: Prec@1 37.620 Prec@5 76.830             Loss 3.39487
Epoch [93] Testing Class Recall: [0.450,0.667,0.273,0.678,0.548,0.298,0.178,0.265,0.254,0.151]
Epoch [94] Training Results: Prec@1 86.364 Prec@5 99.436             Loss 0.41891
Epoch [94] Training Class Recall: [0.747,0.819,0.805,0.830,0.870,0.892,0.912,0.906,0.926,0.930]
Epoch [94] Testing Results: Prec@1 40.040 Prec@5 78.120             Loss 3.63409
Epoch [94] Testing Class Recall: [0.516,0.576,0.613,0.648,0.297,0.501,0.307,0.211,0.176,0.159]
Epoch [95] Training Results: Prec@1 86.156 Prec@5 99.567             Loss 0.40876
Epoch [95] Training Class Recall: [0.742,0.823,0.798,0.844,0.862,0.882,0.907,0.906,0.929,0.924]
Epoch [95] Testing Results: Prec@1 40.470 Prec@5 79.150             Loss 3.50504
Epoch [95] Testing Class Recall: [0.529,0.700,0.482,0.529,0.553,0.384,0.247,0.232,0.227,0.164]
Epoch [96] Training Results: Prec@1 86.339 Prec@5 99.558             Loss 0.41224
Epoch [96] Training Class Recall: [0.748,0.816,0.810,0.837,0.870,0.884,0.907,0.897,0.928,0.937]
Epoch [96] Testing Results: Prec@1 35.830 Prec@5 76.880             Loss 3.85398
Epoch [96] Testing Class Recall: [0.590,0.637,0.355,0.689,0.259,0.133,0.326,0.255,0.166,0.173]
Epoch [97] Training Results: Prec@1 86.350 Prec@5 99.511             Loss 0.41089
Epoch [97] Training Class Recall: [0.753,0.825,0.807,0.839,0.859,0.885,0.913,0.908,0.924,0.923]
Epoch [97] Testing Results: Prec@1 36.150 Prec@5 77.850             Loss 3.80047
Epoch [97] Testing Class Recall: [0.272,0.565,0.721,0.405,0.509,0.343,0.445,0.156,0.156,0.043]
Epoch [98] Training Results: Prec@1 86.425 Prec@5 99.575             Loss 0.40983
Epoch [98] Training Class Recall: [0.748,0.825,0.810,0.834,0.880,0.889,0.907,0.901,0.928,0.923]
Epoch [98] Testing Results: Prec@1 33.740 Prec@5 70.550             Loss 4.05020
Epoch [98] Testing Class Recall: [0.636,0.679,0.465,0.503,0.221,0.415,0.116,0.085,0.127,0.127]
Epoch [99] Training Results: Prec@1 86.544 Prec@5 99.544             Loss 0.40493
Epoch [99] Training Class Recall: [0.758,0.812,0.804,0.843,0.872,0.889,0.910,0.904,0.928,0.934]
Epoch [99] Testing Results: Prec@1 39.830 Prec@5 75.920             Loss 3.79488
Epoch [99] Testing Class Recall: [0.546,0.721,0.522,0.503,0.365,0.266,0.677,0.178,0.102,0.103]
Epoch [100] Training Results: Prec@1 86.667 Prec@5 99.550             Loss 0.40139
Epoch [100] Training Class Recall: [0.753,0.836,0.808,0.840,0.866,0.895,0.910,0.902,0.927,0.931]
Epoch [100] Testing Results: Prec@1 39.280 Prec@5 78.840             Loss 3.42632
Epoch [100] Testing Class Recall: [0.503,0.604,0.380,0.475,0.581,0.431,0.250,0.124,0.413,0.167]
Epoch [101] Training Results: Prec@1 86.753 Prec@5 99.569             Loss 0.39870
Epoch [101] Training Class Recall: [0.761,0.823,0.807,0.849,0.878,0.886,0.909,0.898,0.933,0.932]
Epoch [101] Testing Results: Prec@1 42.870 Prec@5 80.800             Loss 2.97135
Epoch [101] Testing Class Recall: [0.646,0.659,0.399,0.487,0.480,0.401,0.456,0.326,0.209,0.224]
Epoch [102] Training Results: Prec@1 86.603 Prec@5 99.622             Loss 0.39794
Epoch [102] Training Class Recall: [0.754,0.818,0.809,0.846,0.868,0.891,0.909,0.904,0.931,0.932]
Epoch [102] Testing Results: Prec@1 39.710 Prec@5 79.480             Loss 3.17676
Epoch [102] Testing Class Recall: [0.571,0.627,0.469,0.179,0.607,0.490,0.256,0.286,0.127,0.359]
Epoch [103] Training Results: Prec@1 86.856 Prec@5 99.586             Loss 0.39098
Epoch [103] Training Class Recall: [0.754,0.827,0.809,0.844,0.875,0.893,0.913,0.907,0.924,0.939]
Epoch [103] Testing Results: Prec@1 43.210 Prec@5 78.420             Loss 3.41183
Epoch [103] Testing Class Recall: [0.459,0.827,0.596,0.489,0.341,0.340,0.614,0.327,0.296,0.032]
Epoch [104] Training Results: Prec@1 86.281 Prec@5 99.542             Loss 0.40429
Epoch [104] Training Class Recall: [0.750,0.819,0.801,0.848,0.870,0.881,0.904,0.899,0.931,0.926]
Epoch [104] Testing Results: Prec@1 41.310 Prec@5 81.510             Loss 3.23242
Epoch [104] Testing Class Recall: [0.547,0.487,0.379,0.399,0.639,0.453,0.523,0.390,0.202,0.112]
Epoch [105] Training Results: Prec@1 86.967 Prec@5 99.564             Loss 0.39150
Epoch [105] Training Class Recall: [0.756,0.829,0.815,0.841,0.878,0.892,0.917,0.910,0.927,0.932]
Epoch [105] Testing Results: Prec@1 38.940 Prec@5 78.860             Loss 3.51493
Epoch [105] Testing Class Recall: [0.549,0.556,0.417,0.721,0.364,0.415,0.129,0.317,0.325,0.101]
Epoch [106] Training Results: Prec@1 86.481 Prec@5 99.511             Loss 0.40868
Epoch [106] Training Class Recall: [0.747,0.822,0.812,0.860,0.863,0.892,0.906,0.907,0.919,0.921]
Epoch [106] Testing Results: Prec@1 39.820 Prec@5 79.710             Loss 3.33198
Epoch [106] Testing Class Recall: [0.506,0.725,0.314,0.303,0.818,0.191,0.468,0.247,0.226,0.184]
Epoch [107] Training Results: Prec@1 87.297 Prec@5 99.581             Loss 0.38365
Epoch [107] Training Class Recall: [0.767,0.825,0.810,0.858,0.880,0.895,0.914,0.911,0.935,0.935]
Epoch [107] Testing Results: Prec@1 39.490 Prec@5 78.750             Loss 3.24596
Epoch [107] Testing Class Recall: [0.497,0.729,0.719,0.451,0.209,0.215,0.500,0.270,0.211,0.148]
Epoch [108] Training Results: Prec@1 87.100 Prec@5 99.550             Loss 0.38861
Epoch [108] Training Class Recall: [0.759,0.831,0.819,0.845,0.880,0.888,0.916,0.900,0.936,0.937]
Epoch [108] Testing Results: Prec@1 43.320 Prec@5 81.700             Loss 3.23550
Epoch [108] Testing Class Recall: [0.594,0.675,0.309,0.588,0.587,0.400,0.381,0.280,0.276,0.242]
Epoch [109] Training Results: Prec@1 86.686 Prec@5 99.486             Loss 0.40505
Epoch [109] Training Class Recall: [0.755,0.822,0.820,0.849,0.868,0.884,0.910,0.907,0.923,0.930]
Epoch [109] Testing Results: Prec@1 40.820 Prec@5 79.160             Loss 3.45843
Epoch [109] Testing Class Recall: [0.558,0.530,0.407,0.501,0.387,0.411,0.628,0.421,0.152,0.087]
Epoch [110] Training Results: Prec@1 86.900 Prec@5 99.569             Loss 0.39323
Epoch [110] Training Class Recall: [0.753,0.821,0.815,0.844,0.873,0.903,0.913,0.903,0.933,0.932]
Epoch [110] Testing Results: Prec@1 39.170 Prec@5 78.140             Loss 3.29452
Epoch [110] Testing Class Recall: [0.564,0.670,0.608,0.322,0.562,0.192,0.360,0.288,0.098,0.253]
Epoch [111] Training Results: Prec@1 86.828 Prec@5 99.525             Loss 0.39814
Epoch [111] Training Class Recall: [0.763,0.825,0.810,0.846,0.878,0.897,0.911,0.902,0.922,0.928]
Epoch [111] Testing Results: Prec@1 31.180 Prec@5 69.920             Loss 4.57483
Epoch [111] Testing Class Recall: [0.614,0.643,0.852,0.166,0.154,0.222,0.127,0.155,0.137,0.048]
Epoch [112] Training Results: Prec@1 87.000 Prec@5 99.608             Loss 0.39106
Epoch [112] Training Class Recall: [0.755,0.837,0.811,0.858,0.882,0.892,0.904,0.908,0.931,0.922]
Epoch [112] Testing Results: Prec@1 39.310 Prec@5 78.860             Loss 3.32003
Epoch [112] Testing Class Recall: [0.402,0.612,0.461,0.444,0.585,0.259,0.436,0.337,0.144,0.251]
Epoch [113] Training Results: Prec@1 86.978 Prec@5 99.547             Loss 0.39491
Epoch [113] Training Class Recall: [0.766,0.826,0.801,0.849,0.872,0.897,0.909,0.917,0.928,0.933]
Epoch [113] Testing Results: Prec@1 40.670 Prec@5 77.760             Loss 3.14468
Epoch [113] Testing Class Recall: [0.582,0.674,0.398,0.361,0.646,0.373,0.649,0.227,0.097,0.060]
Epoch [114] Training Results: Prec@1 87.761 Prec@5 99.617             Loss 0.36748
Epoch [114] Training Class Recall: [0.770,0.832,0.821,0.857,0.880,0.907,0.917,0.915,0.934,0.942]
Epoch [114] Testing Results: Prec@1 40.900 Prec@5 77.030             Loss 3.43474
Epoch [114] Testing Class Recall: [0.699,0.688,0.536,0.676,0.511,0.157,0.176,0.335,0.076,0.236]
Epoch [115] Training Results: Prec@1 87.369 Prec@5 99.625             Loss 0.38479
Epoch [115] Training Class Recall: [0.767,0.835,0.826,0.846,0.876,0.890,0.918,0.910,0.934,0.937]
Epoch [115] Testing Results: Prec@1 41.160 Prec@5 81.550             Loss 3.41413
Epoch [115] Testing Class Recall: [0.629,0.716,0.253,0.444,0.686,0.300,0.387,0.391,0.130,0.180]
Epoch [116] Training Results: Prec@1 86.258 Prec@5 99.544             Loss 0.41041
Epoch [116] Training Class Recall: [0.754,0.816,0.804,0.845,0.861,0.890,0.908,0.900,0.925,0.923]
Epoch [116] Testing Results: Prec@1 40.540 Prec@5 79.360             Loss 2.93581
Epoch [116] Testing Class Recall: [0.473,0.606,0.527,0.422,0.485,0.494,0.202,0.356,0.263,0.226]
Epoch [117] Training Results: Prec@1 86.714 Prec@5 99.647             Loss 0.39581
Epoch [117] Training Class Recall: [0.760,0.814,0.818,0.843,0.875,0.888,0.907,0.901,0.933,0.932]
Epoch [117] Testing Results: Prec@1 42.190 Prec@5 79.580             Loss 2.97508
Epoch [117] Testing Class Recall: [0.558,0.693,0.555,0.332,0.423,0.547,0.535,0.116,0.234,0.226]
Epoch [118] Training Results: Prec@1 87.269 Prec@5 99.594             Loss 0.38071
Epoch [118] Training Class Recall: [0.758,0.818,0.816,0.857,0.885,0.897,0.920,0.908,0.935,0.934]
Epoch [118] Testing Results: Prec@1 38.350 Prec@5 80.400             Loss 3.64327
Epoch [118] Testing Class Recall: [0.547,0.367,0.648,0.456,0.156,0.262,0.739,0.263,0.220,0.177]
Epoch [119] Training Results: Prec@1 86.903 Prec@5 99.556             Loss 0.39025
Epoch [119] Training Class Recall: [0.757,0.822,0.823,0.842,0.869,0.898,0.912,0.906,0.932,0.930]
Epoch [119] Testing Results: Prec@1 44.120 Prec@5 81.380             Loss 3.08368
Epoch [119] Testing Class Recall: [0.499,0.635,0.638,0.356,0.496,0.296,0.382,0.557,0.205,0.348]
Epoch [120] Training Results: Prec@1 87.181 Prec@5 99.622             Loss 0.38287
Epoch [120] Training Class Recall: [0.759,0.827,0.818,0.842,0.878,0.899,0.920,0.910,0.928,0.936]
Epoch [120] Testing Results: Prec@1 40.170 Prec@5 78.460             Loss 3.08916
Epoch [120] Testing Class Recall: [0.699,0.569,0.558,0.505,0.428,0.273,0.361,0.385,0.082,0.157]
Epoch [121] Training Results: Prec@1 86.956 Prec@5 99.608             Loss 0.39214
Epoch [121] Training Class Recall: [0.760,0.819,0.814,0.857,0.871,0.895,0.912,0.908,0.923,0.937]
Epoch [121] Testing Results: Prec@1 38.890 Prec@5 76.280             Loss 3.39307
Epoch [121] Testing Class Recall: [0.535,0.796,0.543,0.401,0.440,0.398,0.319,0.114,0.186,0.157]
Epoch [122] Training Results: Prec@1 87.500 Prec@5 99.617             Loss 0.37487
Epoch [122] Training Class Recall: [0.766,0.835,0.815,0.855,0.878,0.901,0.914,0.917,0.930,0.940]
Epoch [122] Testing Results: Prec@1 41.500 Prec@5 78.620             Loss 3.48403
Epoch [122] Testing Class Recall: [0.482,0.798,0.421,0.308,0.665,0.275,0.490,0.396,0.219,0.096]
Epoch [123] Training Results: Prec@1 87.250 Prec@5 99.614             Loss 0.38272
Epoch [123] Training Class Recall: [0.761,0.827,0.824,0.863,0.878,0.895,0.911,0.908,0.928,0.931]
Epoch [123] Testing Results: Prec@1 39.690 Prec@5 78.110             Loss 3.30954
Epoch [123] Testing Class Recall: [0.532,0.752,0.649,0.321,0.361,0.358,0.358,0.281,0.232,0.125]
Epoch [124] Training Results: Prec@1 87.119 Prec@5 99.589             Loss 0.38993
Epoch [124] Training Class Recall: [0.762,0.830,0.817,0.850,0.880,0.892,0.911,0.908,0.933,0.928]
Epoch [124] Testing Results: Prec@1 39.700 Prec@5 82.700             Loss 3.09147
Epoch [124] Testing Class Recall: [0.265,0.575,0.540,0.463,0.492,0.237,0.689,0.215,0.246,0.248]
Epoch [125] Training Results: Prec@1 87.011 Prec@5 99.592             Loss 0.38704
Epoch [125] Training Class Recall: [0.762,0.825,0.822,0.850,0.879,0.890,0.910,0.906,0.927,0.930]
Epoch [125] Testing Results: Prec@1 37.870 Prec@5 73.130             Loss 3.86269
Epoch [125] Testing Class Recall: [0.580,0.735,0.668,0.514,0.276,0.427,0.302,0.073,0.132,0.080]
Epoch [126] Training Results: Prec@1 86.764 Prec@5 99.578             Loss 0.39642
Epoch [126] Training Class Recall: [0.758,0.819,0.813,0.852,0.864,0.894,0.907,0.907,0.930,0.932]
Epoch [126] Testing Results: Prec@1 37.880 Prec@5 76.610             Loss 3.52785
Epoch [126] Testing Class Recall: [0.679,0.570,0.793,0.306,0.190,0.209,0.362,0.389,0.114,0.176]
Epoch [127] Training Results: Prec@1 87.519 Prec@5 99.589             Loss 0.37389
Epoch [127] Training Class Recall: [0.767,0.826,0.828,0.856,0.891,0.888,0.919,0.910,0.931,0.936]
Epoch [127] Testing Results: Prec@1 39.570 Prec@5 77.360             Loss 3.26297
Epoch [127] Testing Class Recall: [0.591,0.770,0.380,0.377,0.677,0.358,0.438,0.165,0.123,0.078]
Epoch [128] Training Results: Prec@1 87.492 Prec@5 99.647             Loss 0.37818
Epoch [128] Training Class Recall: [0.771,0.822,0.824,0.850,0.881,0.899,0.918,0.915,0.935,0.936]
Epoch [128] Testing Results: Prec@1 39.500 Prec@5 74.080             Loss 4.08029
Epoch [128] Testing Class Recall: [0.583,0.911,0.577,0.221,0.470,0.149,0.712,0.096,0.179,0.052]
Epoch [129] Training Results: Prec@1 87.433 Prec@5 99.597             Loss 0.38071
Epoch [129] Training Class Recall: [0.757,0.831,0.827,0.857,0.882,0.902,0.916,0.912,0.925,0.935]
Epoch [129] Testing Results: Prec@1 39.310 Prec@5 78.500             Loss 3.62842
Epoch [129] Testing Class Recall: [0.760,0.566,0.526,0.550,0.328,0.336,0.353,0.266,0.186,0.060]
Epoch [130] Training Results: Prec@1 87.283 Prec@5 99.642             Loss 0.37797
Epoch [130] Training Class Recall: [0.757,0.837,0.821,0.850,0.881,0.890,0.916,0.910,0.933,0.933]
Epoch [130] Testing Results: Prec@1 40.810 Prec@5 81.410             Loss 3.59853
Epoch [130] Testing Class Recall: [0.414,0.503,0.356,0.615,0.663,0.406,0.251,0.170,0.082,0.621]
Epoch [131] Training Results: Prec@1 86.717 Prec@5 99.564             Loss 0.39630
Epoch [131] Training Class Recall: [0.756,0.824,0.812,0.841,0.874,0.896,0.901,0.911,0.928,0.928]
Epoch [131] Testing Results: Prec@1 39.490 Prec@5 80.660             Loss 3.56659
Epoch [131] Testing Class Recall: [0.536,0.607,0.640,0.221,0.289,0.417,0.371,0.544,0.256,0.068]
Epoch [132] Training Results: Prec@1 87.481 Prec@5 99.567             Loss 0.38156
Epoch [132] Training Class Recall: [0.764,0.829,0.825,0.843,0.878,0.898,0.914,0.919,0.939,0.939]
Epoch [132] Testing Results: Prec@1 39.810 Prec@5 76.470             Loss 3.67035
Epoch [132] Testing Class Recall: [0.698,0.612,0.712,0.404,0.367,0.258,0.483,0.310,0.080,0.057]
Epoch [133] Training Results: Prec@1 88.450 Prec@5 99.642             Loss 0.35516
Epoch [133] Training Class Recall: [0.783,0.844,0.835,0.852,0.883,0.910,0.929,0.922,0.938,0.949]
Epoch [133] Testing Results: Prec@1 33.400 Prec@5 76.310             Loss 4.17872
Epoch [133] Testing Class Recall: [0.382,0.341,0.565,0.169,0.541,0.686,0.288,0.095,0.148,0.125]
Epoch [134] Training Results: Prec@1 87.586 Prec@5 99.644             Loss 0.37776
Epoch [134] Training Class Recall: [0.759,0.833,0.827,0.854,0.882,0.903,0.912,0.914,0.935,0.939]
Epoch [134] Testing Results: Prec@1 42.890 Prec@5 78.520             Loss 3.27387
Epoch [134] Testing Class Recall: [0.593,0.743,0.508,0.503,0.478,0.300,0.565,0.149,0.222,0.228]
Epoch [135] Training Results: Prec@1 87.861 Prec@5 99.578             Loss 0.37096
Epoch [135] Training Class Recall: [0.775,0.838,0.827,0.858,0.883,0.905,0.917,0.906,0.939,0.938]
Epoch [135] Testing Results: Prec@1 38.630 Prec@5 76.780             Loss 3.35545
Epoch [135] Testing Class Recall: [0.598,0.836,0.372,0.237,0.532,0.168,0.589,0.279,0.204,0.048]
Epoch [136] Training Results: Prec@1 87.278 Prec@5 99.622             Loss 0.38016
Epoch [136] Training Class Recall: [0.766,0.832,0.816,0.851,0.878,0.902,0.914,0.910,0.925,0.934]
Epoch [136] Testing Results: Prec@1 39.340 Prec@5 77.120             Loss 3.62975
Epoch [136] Testing Class Recall: [0.487,0.617,0.631,0.467,0.378,0.225,0.581,0.168,0.130,0.250]
Epoch [137] Training Results: Prec@1 87.092 Prec@5 99.628             Loss 0.39048
Epoch [137] Training Class Recall: [0.759,0.823,0.814,0.851,0.877,0.897,0.913,0.909,0.928,0.939]
Epoch [137] Testing Results: Prec@1 41.050 Prec@5 80.820             Loss 3.33440
Epoch [137] Testing Class Recall: [0.512,0.812,0.405,0.276,0.300,0.712,0.386,0.188,0.254,0.260]
Epoch [138] Training Results: Prec@1 87.628 Prec@5 99.644             Loss 0.37050
Epoch [138] Training Class Recall: [0.771,0.834,0.830,0.857,0.881,0.897,0.918,0.903,0.938,0.935]
Epoch [138] Testing Results: Prec@1 41.110 Prec@5 81.330             Loss 2.79133
Epoch [138] Testing Class Recall: [0.458,0.604,0.455,0.500,0.351,0.339,0.489,0.268,0.492,0.155]
Epoch [139] Training Results: Prec@1 87.794 Prec@5 99.631             Loss 0.36916
Epoch [139] Training Class Recall: [0.770,0.836,0.826,0.852,0.884,0.900,0.924,0.913,0.934,0.941]
Epoch [139] Testing Results: Prec@1 37.990 Prec@5 74.960             Loss 4.11262
Epoch [139] Testing Class Recall: [0.476,0.816,0.550,0.797,0.225,0.283,0.265,0.140,0.089,0.158]
Epoch [140] Training Results: Prec@1 86.994 Prec@5 99.550             Loss 0.38196
Epoch [140] Training Class Recall: [0.767,0.827,0.817,0.852,0.873,0.891,0.907,0.905,0.930,0.931]
Epoch [140] Testing Results: Prec@1 38.840 Prec@5 80.370             Loss 3.25165
Epoch [140] Testing Class Recall: [0.573,0.561,0.680,0.302,0.411,0.393,0.171,0.247,0.127,0.419]
Epoch [141] Training Results: Prec@1 87.378 Prec@5 99.603             Loss 0.38099
Epoch [141] Training Class Recall: [0.770,0.832,0.820,0.849,0.879,0.890,0.913,0.918,0.932,0.934]
Epoch [141] Testing Results: Prec@1 41.150 Prec@5 81.920             Loss 2.99155
Epoch [141] Testing Class Recall: [0.544,0.520,0.594,0.360,0.236,0.490,0.305,0.278,0.382,0.406]
Epoch [142] Training Results: Prec@1 87.231 Prec@5 99.556             Loss 0.38946
Epoch [142] Training Class Recall: [0.770,0.824,0.809,0.853,0.881,0.897,0.912,0.914,0.933,0.930]
Epoch [142] Testing Results: Prec@1 32.960 Prec@5 74.410             Loss 5.19853
Epoch [142] Testing Class Recall: [0.474,0.490,0.717,0.248,0.777,0.116,0.172,0.085,0.070,0.147]
Epoch [143] Training Results: Prec@1 87.506 Prec@5 99.636             Loss 0.37663
Epoch [143] Training Class Recall: [0.772,0.834,0.815,0.849,0.882,0.898,0.917,0.920,0.930,0.933]
Epoch [143] Testing Results: Prec@1 38.180 Prec@5 76.000             Loss 3.66485
Epoch [143] Testing Class Recall: [0.391,0.757,0.745,0.537,0.359,0.173,0.390,0.188,0.112,0.166]
Epoch [144] Training Results: Prec@1 87.236 Prec@5 99.594             Loss 0.37808
Epoch [144] Training Class Recall: [0.767,0.830,0.818,0.857,0.880,0.885,0.912,0.907,0.931,0.936]
Epoch [144] Testing Results: Prec@1 41.950 Prec@5 80.070             Loss 3.25614
Epoch [144] Testing Class Recall: [0.603,0.708,0.448,0.250,0.680,0.431,0.288,0.418,0.226,0.143]
Epoch [145] Training Results: Prec@1 88.072 Prec@5 99.606             Loss 0.36245
Epoch [145] Training Class Recall: [0.779,0.841,0.831,0.863,0.892,0.896,0.920,0.911,0.936,0.938]
Epoch [145] Testing Results: Prec@1 41.910 Prec@5 81.660             Loss 2.86949
Epoch [145] Testing Class Recall: [0.481,0.573,0.641,0.520,0.440,0.394,0.310,0.363,0.158,0.311]
Epoch [146] Training Results: Prec@1 87.461 Prec@5 99.617             Loss 0.37670
Epoch [146] Training Class Recall: [0.768,0.832,0.826,0.858,0.881,0.904,0.918,0.905,0.925,0.930]
Epoch [146] Testing Results: Prec@1 43.770 Prec@5 82.040             Loss 3.05533
Epoch [146] Testing Class Recall: [0.563,0.615,0.530,0.431,0.482,0.470,0.483,0.497,0.173,0.133]
Epoch [147] Training Results: Prec@1 87.611 Prec@5 99.586             Loss 0.37671
Epoch [147] Training Class Recall: [0.777,0.841,0.824,0.862,0.879,0.895,0.914,0.910,0.926,0.933]
Epoch [147] Testing Results: Prec@1 34.790 Prec@5 75.830             Loss 3.35424
Epoch [147] Testing Class Recall: [0.646,0.468,0.385,0.429,0.428,0.277,0.293,0.301,0.138,0.114]
Epoch [148] Training Results: Prec@1 87.728 Prec@5 99.639             Loss 0.36512
Epoch [148] Training Class Recall: [0.767,0.832,0.829,0.854,0.888,0.908,0.912,0.908,0.939,0.936]
Epoch [148] Testing Results: Prec@1 40.910 Prec@5 78.830             Loss 3.49050
Epoch [148] Testing Class Recall: [0.490,0.747,0.621,0.458,0.518,0.416,0.365,0.073,0.168,0.235]
Epoch [149] Training Results: Prec@1 87.611 Prec@5 99.639             Loss 0.37729
Epoch [149] Training Class Recall: [0.774,0.834,0.827,0.855,0.885,0.901,0.911,0.910,0.930,0.936]
Epoch [149] Testing Results: Prec@1 37.930 Prec@5 76.200             Loss 3.67101
Epoch [149] Testing Class Recall: [0.561,0.683,0.265,0.430,0.515,0.249,0.341,0.023,0.313,0.413]
Epoch [150] Training Results: Prec@1 88.297 Prec@5 99.694             Loss 0.34713
Epoch [150] Training Class Recall: [0.785,0.835,0.830,0.863,0.890,0.902,0.928,0.921,0.936,0.941]
Epoch [150] Testing Results: Prec@1 33.950 Prec@5 71.900             Loss 4.15092
Epoch [150] Testing Class Recall: [0.708,0.733,0.307,0.462,0.418,0.222,0.205,0.200,0.075,0.065]
Epoch [151] Training Results: Prec@1 87.486 Prec@5 99.583             Loss 0.37638
Epoch [151] Training Class Recall: [0.781,0.832,0.824,0.854,0.876,0.896,0.911,0.912,0.927,0.937]
Epoch [151] Testing Results: Prec@1 39.670 Prec@5 78.440             Loss 3.39424
Epoch [151] Testing Class Recall: [0.488,0.647,0.389,0.255,0.705,0.171,0.633,0.306,0.331,0.042]
Epoch [152] Training Results: Prec@1 87.372 Prec@5 99.700             Loss 0.37770
Epoch [152] Training Class Recall: [0.782,0.825,0.816,0.856,0.879,0.898,0.914,0.909,0.929,0.931]
Epoch [152] Testing Results: Prec@1 40.280 Prec@5 79.920             Loss 3.29808
Epoch [152] Testing Class Recall: [0.491,0.518,0.625,0.204,0.434,0.491,0.392,0.540,0.105,0.228]
Epoch [153] Training Results: Prec@1 87.869 Prec@5 99.711             Loss 0.36205
Epoch [153] Training Class Recall: [0.775,0.837,0.828,0.858,0.887,0.900,0.914,0.916,0.937,0.934]
Epoch [153] Testing Results: Prec@1 41.110 Prec@5 78.200             Loss 3.30154
Epoch [153] Testing Class Recall: [0.615,0.719,0.614,0.442,0.496,0.384,0.229,0.232,0.255,0.125]
Epoch [154] Training Results: Prec@1 88.231 Prec@5 99.672             Loss 0.35114
Epoch [154] Training Class Recall: [0.782,0.841,0.830,0.867,0.892,0.904,0.921,0.915,0.930,0.942]
Epoch [154] Testing Results: Prec@1 41.810 Prec@5 79.010             Loss 3.35270
Epoch [154] Testing Class Recall: [0.603,0.745,0.572,0.332,0.450,0.572,0.321,0.127,0.230,0.229]
Epoch [155] Training Results: Prec@1 87.669 Prec@5 99.653             Loss 0.37023
Epoch [155] Training Class Recall: [0.778,0.824,0.832,0.858,0.882,0.896,0.914,0.909,0.937,0.938]
Epoch [155] Testing Results: Prec@1 41.450 Prec@5 80.530             Loss 3.21355
Epoch [155] Testing Class Recall: [0.648,0.589,0.372,0.456,0.452,0.545,0.333,0.283,0.401,0.066]
Epoch [156] Training Results: Prec@1 88.211 Prec@5 99.617             Loss 0.36150
Epoch [156] Training Class Recall: [0.784,0.841,0.835,0.862,0.883,0.907,0.918,0.915,0.939,0.936]
Epoch [156] Testing Results: Prec@1 39.370 Prec@5 76.460             Loss 3.84247
Epoch [156] Testing Class Recall: [0.578,0.733,0.306,0.657,0.447,0.450,0.116,0.324,0.250,0.076]
Epoch [157] Training Results: Prec@1 87.914 Prec@5 99.669             Loss 0.36695
Epoch [157] Training Class Recall: [0.773,0.833,0.838,0.858,0.889,0.908,0.915,0.908,0.927,0.943]
Epoch [157] Testing Results: Prec@1 42.660 Prec@5 82.740             Loss 3.48533
Epoch [157] Testing Class Recall: [0.618,0.755,0.207,0.289,0.249,0.757,0.448,0.390,0.273,0.280]
Epoch [158] Training Results: Prec@1 87.914 Prec@5 99.678             Loss 0.36897
Epoch [158] Training Class Recall: [0.770,0.845,0.835,0.862,0.878,0.897,0.915,0.917,0.936,0.936]
Epoch [158] Testing Results: Prec@1 42.720 Prec@5 80.360             Loss 3.09026
Epoch [158] Testing Class Recall: [0.649,0.678,0.613,0.404,0.398,0.297,0.421,0.417,0.245,0.150]
Epoch [159] Training Results: Prec@1 88.461 Prec@5 99.703             Loss 0.34917
Epoch [159] Training Class Recall: [0.785,0.849,0.828,0.866,0.884,0.910,0.917,0.923,0.944,0.940]
Epoch [159] Testing Results: Prec@1 38.500 Prec@5 76.540             Loss 3.97569
Epoch [159] Testing Class Recall: [0.602,0.653,0.286,0.270,0.805,0.504,0.417,0.170,0.100,0.043]
Epoch [160] Training Results: Prec@1 91.642 Prec@5 99.825             Loss 0.25513
Epoch [160] Training Class Recall: [0.829,0.879,0.857,0.873,0.948,0.955,0.954,0.949,0.960,0.960]
Epoch [160] Testing Results: Prec@1 46.210 Prec@5 80.970             Loss 2.91140
Epoch [160] Testing Class Recall: [0.658,0.803,0.587,0.504,0.510,0.389,0.505,0.300,0.219,0.146]
Epoch [161] Training Results: Prec@1 94.608 Prec@5 99.906             Loss 0.17752
Epoch [161] Training Class Recall: [0.878,0.910,0.907,0.928,0.960,0.969,0.972,0.972,0.982,0.984]
Epoch [161] Testing Results: Prec@1 46.270 Prec@5 80.660             Loss 2.94398
Epoch [161] Testing Class Recall: [0.696,0.779,0.618,0.516,0.505,0.408,0.481,0.276,0.211,0.137]
Epoch [162] Training Results: Prec@1 95.342 Prec@5 99.933             Loss 0.15439
Epoch [162] Training Class Recall: [0.888,0.918,0.917,0.950,0.967,0.967,0.976,0.976,0.987,0.989]
Epoch [162] Testing Results: Prec@1 46.640 Prec@5 80.590             Loss 2.98886
Epoch [162] Testing Class Recall: [0.700,0.805,0.615,0.543,0.513,0.398,0.463,0.298,0.206,0.123]
Epoch [163] Training Results: Prec@1 96.017 Prec@5 99.908             Loss 0.13824
Epoch [163] Training Class Recall: [0.903,0.926,0.931,0.951,0.966,0.977,0.983,0.981,0.993,0.992]
Epoch [163] Testing Results: Prec@1 46.610 Prec@5 80.480             Loss 2.98722
Epoch [163] Testing Class Recall: [0.722,0.805,0.621,0.542,0.490,0.388,0.454,0.312,0.201,0.126]
Epoch [164] Training Results: Prec@1 96.278 Prec@5 99.939             Loss 0.12936
Epoch [164] Training Class Recall: [0.906,0.926,0.936,0.960,0.970,0.981,0.984,0.985,0.988,0.991]
Epoch [164] Testing Results: Prec@1 46.980 Prec@5 80.890             Loss 2.95650
Epoch [164] Testing Class Recall: [0.711,0.818,0.629,0.531,0.507,0.389,0.444,0.315,0.207,0.147]
Epoch [165] Training Results: Prec@1 96.658 Prec@5 99.964             Loss 0.11741
Epoch [165] Training Class Recall: [0.907,0.938,0.940,0.960,0.977,0.984,0.986,0.988,0.993,0.993]
Epoch [165] Testing Results: Prec@1 46.530 Prec@5 80.360             Loss 3.05083
Epoch [165] Testing Class Recall: [0.724,0.820,0.642,0.538,0.500,0.364,0.451,0.311,0.183,0.120]
Epoch [166] Training Results: Prec@1 96.678 Prec@5 99.944             Loss 0.11499
Epoch [166] Training Class Recall: [0.921,0.926,0.943,0.960,0.976,0.982,0.986,0.987,0.994,0.993]
Epoch [166] Testing Results: Prec@1 46.700 Prec@5 80.380             Loss 3.04665
Epoch [166] Testing Class Recall: [0.742,0.811,0.629,0.567,0.487,0.368,0.440,0.317,0.188,0.121]
Epoch [167] Training Results: Prec@1 97.011 Prec@5 99.947             Loss 0.10712
Epoch [167] Training Class Recall: [0.926,0.932,0.947,0.965,0.980,0.986,0.991,0.989,0.993,0.994]
Epoch [167] Testing Results: Prec@1 46.520 Prec@5 80.070             Loss 3.10366
Epoch [167] Testing Class Recall: [0.725,0.828,0.622,0.565,0.503,0.375,0.449,0.284,0.188,0.113]
Epoch [168] Training Results: Prec@1 97.086 Prec@5 99.953             Loss 0.10567
Epoch [168] Training Class Recall: [0.924,0.942,0.945,0.965,0.978,0.985,0.987,0.990,0.995,0.997]
Epoch [168] Testing Results: Prec@1 46.660 Prec@5 80.200             Loss 3.06640
Epoch [168] Testing Class Recall: [0.723,0.840,0.640,0.542,0.488,0.381,0.450,0.309,0.175,0.118]
Epoch [169] Training Results: Prec@1 97.214 Prec@5 99.942             Loss 0.10034
Epoch [169] Training Class Recall: [0.927,0.938,0.951,0.973,0.979,0.984,0.991,0.990,0.994,0.996]
Epoch [169] Testing Results: Prec@1 46.910 Prec@5 80.510             Loss 3.09006
Epoch [169] Testing Class Recall: [0.730,0.821,0.640,0.539,0.504,0.379,0.440,0.326,0.176,0.136]
Epoch [170] Training Results: Prec@1 97.294 Prec@5 99.953             Loss 0.09976
Epoch [170] Training Class Recall: [0.929,0.945,0.946,0.967,0.981,0.990,0.991,0.991,0.994,0.996]
Epoch [170] Testing Results: Prec@1 46.550 Prec@5 80.370             Loss 3.08821
Epoch [170] Testing Class Recall: [0.734,0.836,0.610,0.546,0.508,0.383,0.421,0.320,0.175,0.122]
Epoch [171] Training Results: Prec@1 97.342 Prec@5 99.953             Loss 0.09615
Epoch [171] Training Class Recall: [0.924,0.946,0.956,0.967,0.985,0.987,0.992,0.990,0.994,0.993]
Epoch [171] Testing Results: Prec@1 46.690 Prec@5 80.420             Loss 3.11755
Epoch [171] Testing Class Recall: [0.721,0.843,0.634,0.546,0.494,0.378,0.425,0.326,0.177,0.125]
Epoch [172] Training Results: Prec@1 97.483 Prec@5 99.953             Loss 0.09244
Epoch [172] Training Class Recall: [0.936,0.946,0.952,0.970,0.984,0.985,0.992,0.992,0.995,0.996]
Epoch [172] Testing Results: Prec@1 47.080 Prec@5 80.450             Loss 3.08249
Epoch [172] Testing Class Recall: [0.722,0.828,0.644,0.541,0.509,0.369,0.477,0.318,0.177,0.123]
Epoch [173] Training Results: Prec@1 97.603 Prec@5 99.969             Loss 0.08920
Epoch [173] Training Class Recall: [0.937,0.947,0.953,0.971,0.987,0.990,0.993,0.990,0.996,0.996]
Epoch [173] Testing Results: Prec@1 46.980 Prec@5 80.530             Loss 3.11154
Epoch [173] Testing Class Recall: [0.732,0.824,0.638,0.554,0.513,0.385,0.449,0.296,0.164,0.143]
Epoch [174] Training Results: Prec@1 97.661 Prec@5 99.958             Loss 0.08659
Epoch [174] Training Class Recall: [0.933,0.949,0.955,0.970,0.989,0.988,0.994,0.993,0.999,0.998]
Epoch [174] Testing Results: Prec@1 46.860 Prec@5 80.460             Loss 3.10554
Epoch [174] Testing Class Recall: [0.723,0.834,0.639,0.544,0.500,0.405,0.410,0.316,0.181,0.134]
Epoch [175] Training Results: Prec@1 97.656 Prec@5 99.967             Loss 0.08617
Epoch [175] Training Class Recall: [0.938,0.946,0.956,0.975,0.983,0.992,0.993,0.991,0.997,0.996]
Epoch [175] Testing Results: Prec@1 47.220 Prec@5 80.410             Loss 3.14281
Epoch [175] Testing Class Recall: [0.711,0.838,0.622,0.560,0.543,0.362,0.463,0.318,0.176,0.129]
Epoch [176] Training Results: Prec@1 97.842 Prec@5 99.964             Loss 0.08166
Epoch [176] Training Class Recall: [0.939,0.953,0.961,0.976,0.983,0.992,0.994,0.993,0.997,0.997]
Epoch [176] Testing Results: Prec@1 46.910 Prec@5 80.220             Loss 3.14590
Epoch [176] Testing Class Recall: [0.733,0.842,0.615,0.560,0.494,0.397,0.444,0.299,0.170,0.137]
Epoch [177] Training Results: Prec@1 97.850 Prec@5 99.958             Loss 0.08170
Epoch [177] Training Class Recall: [0.935,0.952,0.959,0.976,0.989,0.994,0.992,0.993,0.998,0.998]
Epoch [177] Testing Results: Prec@1 46.530 Prec@5 80.290             Loss 3.14607
Epoch [177] Testing Class Recall: [0.739,0.836,0.616,0.542,0.485,0.386,0.419,0.326,0.179,0.125]
Epoch [178] Training Results: Prec@1 97.861 Prec@5 99.969             Loss 0.08095
Epoch [178] Training Class Recall: [0.936,0.953,0.961,0.977,0.988,0.992,0.992,0.994,0.997,0.997]
Epoch [178] Testing Results: Prec@1 46.760 Prec@5 80.440             Loss 3.20185
Epoch [178] Testing Class Recall: [0.740,0.843,0.627,0.542,0.486,0.366,0.459,0.315,0.176,0.122]
Epoch [179] Training Results: Prec@1 97.908 Prec@5 99.972             Loss 0.07732
Epoch [179] Training Class Recall: [0.940,0.953,0.962,0.978,0.986,0.991,0.992,0.995,0.997,0.997]
Epoch [179] Testing Results: Prec@1 46.300 Prec@5 79.960             Loss 3.23335
Epoch [179] Testing Class Recall: [0.733,0.836,0.631,0.564,0.486,0.367,0.401,0.319,0.188,0.105]
Epoch [180] Training Results: Prec@1 98.033 Prec@5 99.975             Loss 0.07622
Epoch [180] Training Class Recall: [0.943,0.954,0.964,0.976,0.989,0.993,0.995,0.994,0.998,0.998]
Epoch [180] Testing Results: Prec@1 46.660 Prec@5 80.210             Loss 3.20261
Epoch [180] Testing Class Recall: [0.722,0.844,0.650,0.543,0.502,0.373,0.428,0.298,0.185,0.121]
Epoch [181] Training Results: Prec@1 97.867 Prec@5 99.964             Loss 0.07718
Epoch [181] Training Class Recall: [0.945,0.949,0.957,0.981,0.986,0.989,0.993,0.992,0.998,0.997]
Epoch [181] Testing Results: Prec@1 46.590 Prec@5 80.070             Loss 3.22794
Epoch [181] Testing Class Recall: [0.746,0.849,0.642,0.536,0.508,0.349,0.433,0.315,0.156,0.125]
Epoch [182] Training Results: Prec@1 97.892 Prec@5 99.964             Loss 0.07804
Epoch [182] Training Class Recall: [0.939,0.953,0.962,0.977,0.987,0.990,0.992,0.994,0.998,0.998]
Epoch [182] Testing Results: Prec@1 46.250 Prec@5 79.920             Loss 3.26873
Epoch [182] Testing Class Recall: [0.743,0.827,0.627,0.549,0.514,0.357,0.416,0.313,0.174,0.105]
Epoch [183] Training Results: Prec@1 97.944 Prec@5 99.964             Loss 0.07652
Epoch [183] Training Class Recall: [0.942,0.948,0.959,0.979,0.991,0.993,0.992,0.994,0.998,0.998]
Epoch [183] Testing Results: Prec@1 46.860 Prec@5 80.460             Loss 3.15137
Epoch [183] Testing Class Recall: [0.731,0.838,0.608,0.563,0.514,0.368,0.438,0.312,0.175,0.139]
Epoch [184] Training Results: Prec@1 97.983 Prec@5 99.975             Loss 0.07812
Epoch [184] Training Class Recall: [0.942,0.950,0.964,0.979,0.990,0.992,0.994,0.993,0.996,0.998]
Epoch [184] Testing Results: Prec@1 46.350 Prec@5 80.370             Loss 3.21421
Epoch [184] Testing Class Recall: [0.728,0.844,0.637,0.560,0.483,0.370,0.393,0.323,0.169,0.128]
Epoch [185] Training Results: Prec@1 97.894 Prec@5 99.967             Loss 0.07787
Epoch [185] Training Class Recall: [0.941,0.951,0.962,0.974,0.986,0.991,0.993,0.996,0.998,0.998]
Epoch [185] Testing Results: Prec@1 46.560 Prec@5 79.920             Loss 3.22832
Epoch [185] Testing Class Recall: [0.742,0.854,0.629,0.555,0.481,0.369,0.436,0.309,0.158,0.123]
Epoch [186] Training Results: Prec@1 97.942 Prec@5 99.975             Loss 0.07513
Epoch [186] Training Class Recall: [0.940,0.953,0.961,0.977,0.987,0.992,0.995,0.995,0.996,0.997]
Epoch [186] Testing Results: Prec@1 46.490 Prec@5 80.230             Loss 3.20762
Epoch [186] Testing Class Recall: [0.747,0.837,0.615,0.550,0.518,0.356,0.405,0.322,0.176,0.123]
Epoch [187] Training Results: Prec@1 97.992 Prec@5 99.964             Loss 0.07669
Epoch [187] Training Class Recall: [0.945,0.955,0.963,0.976,0.989,0.989,0.993,0.994,0.998,0.997]
Epoch [187] Testing Results: Prec@1 46.780 Prec@5 80.200             Loss 3.23152
Epoch [187] Testing Class Recall: [0.750,0.826,0.624,0.573,0.500,0.357,0.447,0.324,0.146,0.131]
Epoch [188] Training Results: Prec@1 98.036 Prec@5 99.961             Loss 0.07538
Epoch [188] Training Class Recall: [0.944,0.954,0.961,0.979,0.989,0.991,0.994,0.996,0.998,0.999]
Epoch [188] Testing Results: Prec@1 46.420 Prec@5 80.290             Loss 3.19957
Epoch [188] Testing Class Recall: [0.739,0.832,0.636,0.539,0.493,0.376,0.401,0.334,0.172,0.120]
Epoch [189] Training Results: Prec@1 97.911 Prec@5 99.969             Loss 0.07791
Epoch [189] Training Class Recall: [0.941,0.952,0.961,0.977,0.986,0.991,0.992,0.995,0.997,0.999]
Epoch [189] Testing Results: Prec@1 46.970 Prec@5 80.310             Loss 3.17720
Epoch [189] Testing Class Recall: [0.724,0.825,0.622,0.534,0.539,0.372,0.452,0.346,0.171,0.112]
Epoch [190] Training Results: Prec@1 97.983 Prec@5 99.967             Loss 0.07553
Epoch [190] Training Class Recall: [0.941,0.956,0.960,0.981,0.985,0.991,0.994,0.995,0.997,0.999]
Epoch [190] Testing Results: Prec@1 46.480 Prec@5 80.160             Loss 3.22020
Epoch [190] Testing Class Recall: [0.743,0.851,0.620,0.559,0.486,0.375,0.407,0.310,0.175,0.122]
Epoch [191] Training Results: Prec@1 97.989 Prec@5 99.967             Loss 0.07684
Epoch [191] Training Class Recall: [0.944,0.955,0.962,0.979,0.987,0.991,0.994,0.992,0.997,0.999]
Epoch [191] Testing Results: Prec@1 47.080 Prec@5 80.560             Loss 3.16245
Epoch [191] Testing Class Recall: [0.729,0.836,0.619,0.555,0.508,0.379,0.452,0.325,0.176,0.129]
Epoch [192] Training Results: Prec@1 97.872 Prec@5 99.964             Loss 0.07817
Epoch [192] Training Class Recall: [0.937,0.954,0.956,0.979,0.987,0.992,0.992,0.994,0.998,0.998]
Epoch [192] Testing Results: Prec@1 46.360 Prec@5 80.250             Loss 3.22460
Epoch [192] Testing Class Recall: [0.747,0.814,0.625,0.550,0.506,0.366,0.396,0.343,0.166,0.123]
Epoch [193] Training Results: Prec@1 97.908 Prec@5 99.961             Loss 0.07795
Epoch [193] Training Class Recall: [0.936,0.949,0.961,0.981,0.989,0.993,0.994,0.993,0.998,0.997]
Epoch [193] Testing Results: Prec@1 46.540 Prec@5 80.410             Loss 3.18415
Epoch [193] Testing Class Recall: [0.732,0.842,0.620,0.558,0.496,0.359,0.414,0.320,0.184,0.129]
Epoch [194] Training Results: Prec@1 97.850 Prec@5 99.978             Loss 0.07734
Epoch [194] Training Class Recall: [0.939,0.953,0.960,0.975,0.986,0.991,0.992,0.993,0.998,0.997]
Epoch [194] Testing Results: Prec@1 46.880 Prec@5 80.160             Loss 3.17937
Epoch [194] Testing Class Recall: [0.735,0.831,0.639,0.549,0.512,0.385,0.446,0.308,0.158,0.125]
Epoch [195] Training Results: Prec@1 98.028 Prec@5 99.964             Loss 0.07639
Epoch [195] Training Class Recall: [0.943,0.954,0.960,0.978,0.989,0.993,0.994,0.994,0.999,0.999]
Epoch [195] Testing Results: Prec@1 46.330 Prec@5 80.080             Loss 3.24919
Epoch [195] Testing Class Recall: [0.729,0.844,0.645,0.550,0.496,0.369,0.409,0.304,0.162,0.125]
Epoch [196] Training Results: Prec@1 97.911 Prec@5 99.978             Loss 0.07728
Epoch [196] Training Class Recall: [0.939,0.957,0.962,0.976,0.987,0.990,0.991,0.993,0.997,0.999]
Epoch [196] Testing Results: Prec@1 46.440 Prec@5 79.970             Loss 3.24680
Epoch [196] Testing Class Recall: [0.733,0.856,0.635,0.546,0.496,0.371,0.431,0.300,0.157,0.119]
Epoch [197] Training Results: Prec@1 98.022 Prec@5 99.961             Loss 0.07594
Epoch [197] Training Class Recall: [0.943,0.957,0.964,0.977,0.984,0.993,0.995,0.994,0.998,0.997]
Epoch [197] Testing Results: Prec@1 46.530 Prec@5 80.230             Loss 3.23628
Epoch [197] Testing Class Recall: [0.734,0.847,0.632,0.559,0.513,0.353,0.414,0.302,0.176,0.123]
Epoch [198] Training Results: Prec@1 98.019 Prec@5 99.978             Loss 0.07739
Epoch [198] Training Class Recall: [0.941,0.957,0.963,0.978,0.989,0.994,0.992,0.993,0.998,0.998]
Epoch [198] Testing Results: Prec@1 46.770 Prec@5 80.220             Loss 3.16593
Epoch [198] Testing Class Recall: [0.734,0.841,0.627,0.548,0.488,0.372,0.452,0.325,0.172,0.118]
Epoch [199] Training Results: Prec@1 98.033 Prec@5 99.964             Loss 0.07552
Epoch [199] Training Class Recall: [0.948,0.958,0.957,0.980,0.987,0.990,0.993,0.995,0.997,0.999]
Epoch [199] Testing Results: Prec@1 46.830 Prec@5 80.270             Loss 3.18094
Epoch [199] Testing Class Recall: [0.720,0.838,0.643,0.536,0.484,0.393,0.437,0.342,0.179,0.111]
