Log file: cifar10_lava1.0_randomoversampling_selection_exp0.01_seed42_20260430_054759.log
Run started: 2026-04-30 05:47:59.710122
Dataset: cifar10
Imbalance type: exp, factor: 0.01
Selection method: lava, ratio: 1.0
Strategy: RandomOversampling_Selection, epochs: 200
Seed: 42, rand_number: 0
Augmentation: weak
============================================================

=> Preparing logger and tensorboard writer !
----------------------------------------------------
Class ID   | Original   | Selected   | Keep %  
----------------------------------------------------
0          | 4000       | 4000       |   100.0%
1          | 4000       | 4000       |   100.0%
2          | 4000       | 4000       |   100.0%
3          | 4000       | 4000       |   100.0%
4          | 4000       | 4000       |   100.0%
5          | 4000       | 4000       |   100.0%
6          | 4000       | 4000       |   100.0%
7          | 4000       | 4000       |   100.0%
8          | 4000       | 4000       |   100.0%
9          | 4000       | 4000       |   100.0%
----------------------------------------------------
TOTAL      | 40000      | 40000      |   100.0%
----------------------------------------------------
Epoch [0] Training Results: Prec@1 37.985 Prec@5 87.500             Loss 1.66637
Epoch [0] Training Class Recall: [0.375,0.511,0.187,0.196,0.269,0.290,0.451,0.445,0.514,0.561]
Epoch [0] Testing Results: Prec@1 42.370 Prec@5 89.870             Loss 1.67516
Epoch [0] Testing Class Recall: [0.334,0.585,0.183,0.045,0.642,0.647,0.237,0.531,0.487,0.546]
Epoch [1] Training Results: Prec@1 55.522 Prec@5 95.370             Loss 1.21100
Epoch [1] Training Class Recall: [0.531,0.693,0.322,0.325,0.361,0.434,0.621,0.621,0.776,0.868]
Epoch [1] Testing Results: Prec@1 49.940 Prec@5 92.710             Loss 1.61091
Epoch [1] Testing Class Recall: [0.569,0.787,0.271,0.681,0.284,0.334,0.584,0.470,0.398,0.616]
Epoch [2] Training Results: Prec@1 66.688 Prec@5 97.822             Loss 0.92465
Epoch [2] Training Class Recall: [0.649,0.809,0.459,0.393,0.506,0.520,0.727,0.750,0.914,0.942]
Epoch [2] Testing Results: Prec@1 50.860 Prec@5 91.450             Loss 1.78011
Epoch [2] Testing Class Recall: [0.641,0.560,0.363,0.551,0.763,0.298,0.493,0.558,0.456,0.403]
Epoch [3] Training Results: Prec@1 73.780 Prec@5 98.783             Loss 0.73418
Epoch [3] Training Class Recall: [0.705,0.860,0.553,0.464,0.637,0.601,0.794,0.855,0.946,0.963]
Epoch [3] Testing Results: Prec@1 49.340 Prec@5 88.250             Loss 2.40900
Epoch [3] Testing Class Recall: [0.796,0.675,0.500,0.223,0.562,0.354,0.929,0.550,0.242,0.103]
Epoch [4] Training Results: Prec@1 78.697 Prec@5 99.295             Loss 0.60111
Epoch [4] Training Class Recall: [0.760,0.889,0.591,0.540,0.727,0.665,0.851,0.912,0.960,0.976]
Epoch [4] Testing Results: Prec@1 54.840 Prec@5 91.900             Loss 1.86476
Epoch [4] Testing Class Recall: [0.557,0.959,0.420,0.609,0.296,0.541,0.800,0.340,0.564,0.398]
Epoch [5] Training Results: Prec@1 82.875 Prec@5 99.590             Loss 0.48312
Epoch [5] Training Class Recall: [0.787,0.910,0.658,0.614,0.787,0.733,0.891,0.945,0.978,0.985]
Epoch [5] Testing Results: Prec@1 56.690 Prec@5 92.210             Loss 1.76662
Epoch [5] Testing Class Recall: [0.865,0.945,0.653,0.340,0.466,0.621,0.489,0.417,0.504,0.369]
Epoch [6] Training Results: Prec@1 85.838 Prec@5 99.750             Loss 0.40439
Epoch [6] Training Class Recall: [0.827,0.926,0.701,0.677,0.823,0.784,0.917,0.962,0.982,0.985]
Epoch [6] Testing Results: Prec@1 63.630 Prec@5 93.600             Loss 1.48541
Epoch [6] Testing Class Recall: [0.830,0.859,0.630,0.596,0.772,0.401,0.767,0.323,0.534,0.651]
Epoch [7] Training Results: Prec@1 88.055 Prec@5 99.872             Loss 0.34154
Epoch [7] Training Class Recall: [0.843,0.939,0.744,0.711,0.858,0.830,0.939,0.964,0.988,0.991]
Epoch [7] Testing Results: Prec@1 58.170 Prec@5 90.570             Loss 2.05489
Epoch [7] Testing Class Recall: [0.796,0.797,0.671,0.646,0.804,0.370,0.663,0.501,0.271,0.298]
Epoch [8] Training Results: Prec@1 89.610 Prec@5 99.853             Loss 0.30026
Epoch [8] Training Class Recall: [0.852,0.943,0.770,0.752,0.880,0.864,0.945,0.977,0.987,0.992]
Epoch [8] Testing Results: Prec@1 60.960 Prec@5 92.260             Loss 1.72281
Epoch [8] Testing Class Recall: [0.787,0.828,0.790,0.602,0.563,0.570,0.603,0.405,0.586,0.362]
Epoch [9] Training Results: Prec@1 90.757 Prec@5 99.912             Loss 0.27051
Epoch [9] Training Class Recall: [0.872,0.946,0.791,0.790,0.890,0.883,0.948,0.975,0.989,0.991]
Epoch [9] Testing Results: Prec@1 60.010 Prec@5 94.180             Loss 1.91228
Epoch [9] Testing Class Recall: [0.915,0.859,0.519,0.588,0.815,0.430,0.749,0.353,0.381,0.392]
Epoch [10] Training Results: Prec@1 91.217 Prec@5 99.920             Loss 0.25617
Epoch [10] Training Class Recall: [0.871,0.948,0.801,0.793,0.903,0.892,0.963,0.978,0.986,0.988]
Epoch [10] Testing Results: Prec@1 64.580 Prec@5 93.300             Loss 1.77059
Epoch [10] Testing Class Recall: [0.865,0.897,0.673,0.654,0.683,0.437,0.789,0.453,0.299,0.708]
Epoch [11] Training Results: Prec@1 92.012 Prec@5 99.930             Loss 0.22897
Epoch [11] Training Class Recall: [0.887,0.950,0.809,0.815,0.909,0.903,0.962,0.981,0.991,0.994]
Epoch [11] Testing Results: Prec@1 61.950 Prec@5 92.530             Loss 1.84588
Epoch [11] Testing Class Recall: [0.890,0.832,0.668,0.585,0.716,0.526,0.699,0.768,0.360,0.151]
Epoch [12] Training Results: Prec@1 93.052 Prec@5 99.940             Loss 0.20458
Epoch [12] Training Class Recall: [0.893,0.955,0.827,0.842,0.927,0.925,0.971,0.981,0.993,0.993]
Epoch [12] Testing Results: Prec@1 54.420 Prec@5 91.930             Loss 2.76245
Epoch [12] Testing Class Recall: [0.905,0.918,0.783,0.625,0.447,0.538,0.313,0.405,0.165,0.343]
Epoch [13] Training Results: Prec@1 92.845 Prec@5 99.955             Loss 0.20910
Epoch [13] Training Class Recall: [0.890,0.953,0.831,0.841,0.916,0.925,0.967,0.981,0.989,0.991]
Epoch [13] Testing Results: Prec@1 63.980 Prec@5 94.820             Loss 1.68698
Epoch [13] Testing Class Recall: [0.900,0.956,0.565,0.739,0.446,0.535,0.778,0.477,0.528,0.474]
Epoch [14] Training Results: Prec@1 94.065 Prec@5 99.962             Loss 0.17491
Epoch [14] Training Class Recall: [0.907,0.964,0.849,0.873,0.936,0.936,0.968,0.986,0.994,0.995]
Epoch [14] Testing Results: Prec@1 59.830 Prec@5 93.640             Loss 2.03431
Epoch [14] Testing Class Recall: [0.901,0.974,0.785,0.488,0.742,0.583,0.498,0.365,0.477,0.170]
Epoch [15] Training Results: Prec@1 93.765 Prec@5 99.957             Loss 0.18077
Epoch [15] Training Class Recall: [0.906,0.961,0.845,0.857,0.937,0.930,0.973,0.985,0.991,0.992]
Epoch [15] Testing Results: Prec@1 63.080 Prec@5 95.290             Loss 2.09078
Epoch [15] Testing Class Recall: [0.895,0.982,0.603,0.458,0.777,0.598,0.699,0.618,0.375,0.303]
Epoch [16] Training Results: Prec@1 94.315 Prec@5 99.970             Loss 0.16626
Epoch [16] Training Class Recall: [0.909,0.961,0.860,0.876,0.941,0.947,0.973,0.984,0.990,0.992]
Epoch [16] Testing Results: Prec@1 64.270 Prec@5 95.100             Loss 1.88741
Epoch [16] Testing Class Recall: [0.902,0.807,0.574,0.718,0.803,0.384,0.363,0.466,0.648,0.762]
Epoch [17] Training Results: Prec@1 94.262 Prec@5 99.967             Loss 0.16476
Epoch [17] Training Class Recall: [0.912,0.961,0.859,0.880,0.934,0.935,0.972,0.985,0.993,0.995]
Epoch [17] Testing Results: Prec@1 65.180 Prec@5 95.820             Loss 1.62404
Epoch [17] Testing Class Recall: [0.797,0.950,0.369,0.698,0.830,0.565,0.670,0.624,0.497,0.518]
Epoch [18] Training Results: Prec@1 94.417 Prec@5 99.967             Loss 0.16435
Epoch [18] Training Class Recall: [0.913,0.961,0.855,0.887,0.941,0.945,0.974,0.982,0.991,0.993]
Epoch [18] Testing Results: Prec@1 65.430 Prec@5 94.710             Loss 1.73382
Epoch [18] Testing Class Recall: [0.796,0.827,0.629,0.763,0.615,0.250,0.685,0.659,0.474,0.845]
Epoch [19] Training Results: Prec@1 94.710 Prec@5 99.970             Loss 0.15272
Epoch [19] Training Class Recall: [0.913,0.964,0.873,0.889,0.945,0.943,0.973,0.986,0.992,0.993]
Epoch [19] Testing Results: Prec@1 62.140 Prec@5 94.450             Loss 1.97874
Epoch [19] Testing Class Recall: [0.935,0.977,0.620,0.562,0.525,0.670,0.713,0.494,0.293,0.425]
Epoch [20] Training Results: Prec@1 95.205 Prec@5 99.962             Loss 0.14319
Epoch [20] Training Class Recall: [0.920,0.967,0.877,0.897,0.948,0.957,0.978,0.987,0.994,0.995]
Epoch [20] Testing Results: Prec@1 58.890 Prec@5 93.030             Loss 2.25157
Epoch [20] Testing Class Recall: [0.960,0.836,0.678,0.694,0.689,0.233,0.651,0.251,0.528,0.369]
Epoch [21] Training Results: Prec@1 94.785 Prec@5 99.975             Loss 0.15285
Epoch [21] Training Class Recall: [0.919,0.966,0.871,0.895,0.941,0.943,0.973,0.986,0.990,0.994]
Epoch [21] Testing Results: Prec@1 63.500 Prec@5 94.400             Loss 1.97469
Epoch [21] Testing Class Recall: [0.763,0.978,0.799,0.527,0.797,0.497,0.790,0.264,0.633,0.302]
Epoch [22] Training Results: Prec@1 95.207 Prec@5 99.993             Loss 0.13943
Epoch [22] Training Class Recall: [0.920,0.969,0.884,0.899,0.950,0.951,0.974,0.982,0.995,0.996]
Epoch [22] Testing Results: Prec@1 64.180 Prec@5 94.450             Loss 1.92483
Epoch [22] Testing Class Recall: [0.838,0.964,0.801,0.485,0.706,0.690,0.771,0.376,0.377,0.410]
Epoch [23] Training Results: Prec@1 95.785 Prec@5 99.978             Loss 0.12598
Epoch [23] Training Class Recall: [0.926,0.972,0.894,0.911,0.959,0.962,0.978,0.986,0.995,0.997]
Epoch [23] Testing Results: Prec@1 64.190 Prec@5 94.940             Loss 1.94755
Epoch [23] Testing Class Recall: [0.854,0.893,0.692,0.704,0.767,0.353,0.736,0.440,0.468,0.512]
Epoch [24] Training Results: Prec@1 95.397 Prec@5 99.978             Loss 0.13643
Epoch [24] Training Class Recall: [0.923,0.968,0.887,0.906,0.950,0.954,0.978,0.987,0.996,0.992]
Epoch [24] Testing Results: Prec@1 69.870 Prec@5 96.720             Loss 1.39151
Epoch [24] Testing Class Recall: [0.786,0.885,0.555,0.545,0.694,0.806,0.745,0.550,0.709,0.712]
Epoch [25] Training Results: Prec@1 95.827 Prec@5 99.985             Loss 0.12552
Epoch [25] Training Class Recall: [0.926,0.974,0.894,0.912,0.960,0.960,0.979,0.989,0.993,0.996]
Epoch [25] Testing Results: Prec@1 67.790 Prec@5 96.600             Loss 1.52800
Epoch [25] Testing Class Recall: [0.861,0.967,0.602,0.433,0.718,0.656,0.888,0.733,0.518,0.403]
Epoch [26] Training Results: Prec@1 95.472 Prec@5 99.972             Loss 0.13409
Epoch [26] Training Class Recall: [0.923,0.970,0.891,0.911,0.953,0.953,0.975,0.985,0.994,0.992]
Epoch [26] Testing Results: Prec@1 58.530 Prec@5 94.970             Loss 2.39401
Epoch [26] Testing Class Recall: [0.682,0.916,0.940,0.543,0.563,0.330,0.575,0.371,0.569,0.364]
Epoch [27] Training Results: Prec@1 95.927 Prec@5 99.980             Loss 0.12109
Epoch [27] Training Class Recall: [0.934,0.974,0.899,0.916,0.953,0.954,0.984,0.989,0.996,0.996]
Epoch [27] Testing Results: Prec@1 63.660 Prec@5 95.500             Loss 1.89069
Epoch [27] Testing Class Recall: [0.789,0.952,0.675,0.509,0.919,0.517,0.638,0.494,0.404,0.469]
Epoch [28] Training Results: Prec@1 95.850 Prec@5 99.982             Loss 0.12174
Epoch [28] Training Class Recall: [0.932,0.969,0.893,0.918,0.954,0.957,0.982,0.989,0.995,0.997]
Epoch [28] Testing Results: Prec@1 61.670 Prec@5 94.890             Loss 2.09187
Epoch [28] Testing Class Recall: [0.923,0.915,0.704,0.817,0.651,0.352,0.362,0.730,0.425,0.288]
Epoch [29] Training Results: Prec@1 96.387 Prec@5 99.993             Loss 0.10853
Epoch [29] Training Class Recall: [0.937,0.974,0.912,0.923,0.963,0.966,0.985,0.990,0.994,0.995]
Epoch [29] Testing Results: Prec@1 63.500 Prec@5 94.790             Loss 1.98449
Epoch [29] Testing Class Recall: [0.824,0.907,0.790,0.668,0.583,0.527,0.693,0.639,0.514,0.205]
Epoch [30] Training Results: Prec@1 95.688 Prec@5 99.982             Loss 0.12773
Epoch [30] Training Class Recall: [0.927,0.971,0.896,0.911,0.958,0.958,0.978,0.985,0.993,0.993]
Epoch [30] Testing Results: Prec@1 65.230 Prec@5 95.930             Loss 1.76095
Epoch [30] Testing Class Recall: [0.816,0.986,0.830,0.614,0.590,0.510,0.717,0.581,0.546,0.333]
Epoch [31] Training Results: Prec@1 95.842 Prec@5 99.982             Loss 0.12330
Epoch [31] Training Class Recall: [0.930,0.972,0.903,0.916,0.957,0.958,0.977,0.984,0.994,0.994]
Epoch [31] Testing Results: Prec@1 63.380 Prec@5 94.520             Loss 1.97740
Epoch [31] Testing Class Recall: [0.813,0.966,0.848,0.728,0.435,0.311,0.730,0.472,0.453,0.582]
Epoch [32] Training Results: Prec@1 95.923 Prec@5 99.982             Loss 0.11990
Epoch [32] Training Class Recall: [0.932,0.973,0.903,0.917,0.949,0.955,0.982,0.988,0.996,0.997]
Epoch [32] Testing Results: Prec@1 63.680 Prec@5 94.120             Loss 2.06757
Epoch [32] Testing Class Recall: [0.896,0.968,0.723,0.668,0.813,0.659,0.474,0.654,0.281,0.232]
Epoch [33] Training Results: Prec@1 96.142 Prec@5 99.995             Loss 0.11196
Epoch [33] Training Class Recall: [0.937,0.971,0.904,0.927,0.957,0.961,0.981,0.989,0.994,0.994]
Epoch [33] Testing Results: Prec@1 59.760 Prec@5 95.070             Loss 2.41713
Epoch [33] Testing Class Recall: [0.859,0.986,0.875,0.455,0.483,0.587,0.524,0.549,0.428,0.230]
Epoch [34] Training Results: Prec@1 96.240 Prec@5 99.978             Loss 0.11119
Epoch [34] Training Class Recall: [0.936,0.975,0.911,0.920,0.963,0.964,0.980,0.987,0.994,0.996]
Epoch [34] Testing Results: Prec@1 55.400 Prec@5 94.850             Loss 2.49284
Epoch [34] Testing Class Recall: [0.923,0.797,0.879,0.519,0.484,0.290,0.260,0.516,0.309,0.563]
Epoch [35] Training Results: Prec@1 96.200 Prec@5 99.987             Loss 0.11415
Epoch [35] Training Class Recall: [0.936,0.978,0.911,0.918,0.961,0.962,0.977,0.989,0.992,0.996]
Epoch [35] Testing Results: Prec@1 60.390 Prec@5 93.930             Loss 2.29954
Epoch [35] Testing Class Recall: [0.819,0.922,0.896,0.571,0.666,0.311,0.739,0.531,0.363,0.221]
Epoch [36] Training Results: Prec@1 95.820 Prec@5 99.980             Loss 0.11983
Epoch [36] Training Class Recall: [0.933,0.975,0.904,0.912,0.953,0.954,0.976,0.985,0.994,0.997]
Epoch [36] Testing Results: Prec@1 58.450 Prec@5 92.580             Loss 2.49687
Epoch [36] Testing Class Recall: [0.903,0.876,0.847,0.694,0.772,0.274,0.516,0.436,0.395,0.132]
Epoch [37] Training Results: Prec@1 96.377 Prec@5 99.993             Loss 0.10609
Epoch [37] Training Class Recall: [0.939,0.979,0.910,0.930,0.965,0.961,0.980,0.989,0.991,0.994]
Epoch [37] Testing Results: Prec@1 66.340 Prec@5 94.780             Loss 1.81644
Epoch [37] Testing Class Recall: [0.848,0.962,0.734,0.597,0.852,0.427,0.778,0.505,0.682,0.249]
Epoch [38] Training Results: Prec@1 96.527 Prec@5 99.987             Loss 0.10201
Epoch [38] Training Class Recall: [0.943,0.977,0.915,0.923,0.964,0.960,0.986,0.991,0.997,0.996]
Epoch [38] Testing Results: Prec@1 63.670 Prec@5 95.820             Loss 2.01042
Epoch [38] Testing Class Recall: [0.891,0.958,0.774,0.549,0.341,0.776,0.655,0.618,0.541,0.264]
Epoch [39] Training Results: Prec@1 96.368 Prec@5 100.000             Loss 0.10960
Epoch [39] Training Class Recall: [0.940,0.974,0.906,0.930,0.969,0.965,0.978,0.987,0.996,0.994]
Epoch [39] Testing Results: Prec@1 64.690 Prec@5 94.580             Loss 1.94588
Epoch [39] Testing Class Recall: [0.859,0.970,0.720,0.643,0.511,0.744,0.670,0.450,0.277,0.625]
Epoch [40] Training Results: Prec@1 96.080 Prec@5 99.990             Loss 0.11272
Epoch [40] Training Class Recall: [0.928,0.973,0.913,0.923,0.960,0.957,0.978,0.987,0.992,0.998]
Epoch [40] Testing Results: Prec@1 61.340 Prec@5 95.710             Loss 2.16554
Epoch [40] Testing Class Recall: [0.957,0.903,0.761,0.787,0.590,0.429,0.487,0.455,0.440,0.325]
Epoch [41] Training Results: Prec@1 96.652 Prec@5 99.995             Loss 0.09717
Epoch [41] Training Class Recall: [0.948,0.981,0.913,0.929,0.965,0.964,0.984,0.990,0.995,0.997]
Epoch [41] Testing Results: Prec@1 63.620 Prec@5 94.430             Loss 1.95272
Epoch [41] Testing Class Recall: [0.750,0.836,0.714,0.688,0.617,0.701,0.555,0.758,0.412,0.331]
Epoch [42] Training Results: Prec@1 96.603 Prec@5 99.990             Loss 0.10074
Epoch [42] Training Class Recall: [0.942,0.975,0.921,0.931,0.967,0.965,0.982,0.989,0.994,0.997]
Epoch [42] Testing Results: Prec@1 68.930 Prec@5 96.300             Loss 1.51876
Epoch [42] Testing Class Recall: [0.922,0.915,0.766,0.576,0.726,0.572,0.583,0.632,0.742,0.459]
Epoch [43] Training Results: Prec@1 96.637 Prec@5 99.978             Loss 0.10000
Epoch [43] Training Class Recall: [0.948,0.977,0.915,0.934,0.960,0.963,0.984,0.990,0.997,0.997]
Epoch [43] Testing Results: Prec@1 68.720 Prec@5 96.130             Loss 1.57968
Epoch [43] Testing Class Recall: [0.890,0.960,0.762,0.539,0.788,0.587,0.836,0.514,0.652,0.344]
Epoch [44] Training Results: Prec@1 96.500 Prec@5 99.985             Loss 0.10375
Epoch [44] Training Class Recall: [0.940,0.976,0.908,0.931,0.969,0.962,0.980,0.991,0.995,0.997]
Epoch [44] Testing Results: Prec@1 65.110 Prec@5 95.480             Loss 1.83506
Epoch [44] Testing Class Recall: [0.873,0.952,0.669,0.600,0.796,0.745,0.666,0.423,0.417,0.370]
Epoch [45] Training Results: Prec@1 96.482 Prec@5 99.990             Loss 0.10444
Epoch [45] Training Class Recall: [0.940,0.977,0.910,0.934,0.961,0.963,0.983,0.991,0.995,0.994]
Epoch [45] Testing Results: Prec@1 60.420 Prec@5 94.480             Loss 2.38991
Epoch [45] Testing Class Recall: [0.970,0.905,0.742,0.653,0.631,0.480,0.549,0.315,0.372,0.425]
Epoch [46] Training Results: Prec@1 96.790 Prec@5 99.987             Loss 0.09792
Epoch [46] Training Class Recall: [0.946,0.979,0.923,0.928,0.966,0.969,0.986,0.991,0.995,0.996]
Epoch [46] Testing Results: Prec@1 62.600 Prec@5 95.600             Loss 2.05101
Epoch [46] Testing Class Recall: [0.897,0.840,0.812,0.696,0.821,0.460,0.529,0.540,0.302,0.363]
Epoch [47] Training Results: Prec@1 96.603 Prec@5 99.985             Loss 0.10130
Epoch [47] Training Class Recall: [0.941,0.978,0.920,0.929,0.964,0.965,0.982,0.989,0.995,0.997]
Epoch [47] Testing Results: Prec@1 63.870 Prec@5 95.120             Loss 2.00771
Epoch [47] Testing Class Recall: [0.941,0.934,0.790,0.679,0.745,0.565,0.501,0.368,0.565,0.299]
Epoch [48] Training Results: Prec@1 96.675 Prec@5 99.975             Loss 0.09820
Epoch [48] Training Class Recall: [0.946,0.976,0.918,0.931,0.966,0.967,0.982,0.988,0.997,0.997]
Epoch [48] Testing Results: Prec@1 64.480 Prec@5 95.190             Loss 2.00428
Epoch [48] Testing Class Recall: [0.924,0.968,0.804,0.677,0.826,0.322,0.669,0.617,0.344,0.297]
Epoch [49] Training Results: Prec@1 96.517 Prec@5 99.982             Loss 0.10322
Epoch [49] Training Class Recall: [0.939,0.974,0.919,0.932,0.964,0.963,0.984,0.988,0.995,0.995]
Epoch [49] Testing Results: Prec@1 65.720 Prec@5 95.640             Loss 1.83296
Epoch [49] Testing Class Recall: [0.895,0.937,0.756,0.825,0.660,0.352,0.659,0.503,0.422,0.563]
Epoch [50] Training Results: Prec@1 96.780 Prec@5 99.985             Loss 0.09827
Epoch [50] Training Class Recall: [0.946,0.977,0.920,0.930,0.968,0.970,0.984,0.991,0.996,0.997]
Epoch [50] Testing Results: Prec@1 63.720 Prec@5 94.500             Loss 2.09536
Epoch [50] Testing Class Recall: [0.893,0.896,0.591,0.603,0.867,0.714,0.428,0.554,0.314,0.512]
Epoch [51] Training Results: Prec@1 96.355 Prec@5 99.990             Loss 0.10880
Epoch [51] Training Class Recall: [0.943,0.973,0.913,0.932,0.961,0.955,0.980,0.989,0.995,0.996]
Epoch [51] Testing Results: Prec@1 62.330 Prec@5 93.960             Loss 2.15874
Epoch [51] Testing Class Recall: [0.906,0.979,0.656,0.726,0.680,0.475,0.426,0.371,0.468,0.546]
Epoch [52] Training Results: Prec@1 96.795 Prec@5 99.995             Loss 0.09385
Epoch [52] Training Class Recall: [0.948,0.977,0.919,0.934,0.967,0.971,0.982,0.992,0.995,0.993]
Epoch [52] Testing Results: Prec@1 70.330 Prec@5 96.700             Loss 1.39295
Epoch [52] Testing Class Recall: [0.885,0.965,0.744,0.662,0.730,0.574,0.668,0.619,0.578,0.608]
Epoch [53] Training Results: Prec@1 96.475 Prec@5 99.987             Loss 0.10287
Epoch [53] Training Class Recall: [0.944,0.976,0.918,0.929,0.968,0.960,0.981,0.985,0.992,0.995]
Epoch [53] Testing Results: Prec@1 63.120 Prec@5 95.780             Loss 2.20541
Epoch [53] Testing Class Recall: [0.909,0.993,0.803,0.654,0.431,0.547,0.615,0.643,0.366,0.351]
Epoch [54] Training Results: Prec@1 96.957 Prec@5 99.985             Loss 0.08976
Epoch [54] Training Class Recall: [0.943,0.982,0.928,0.938,0.966,0.970,0.988,0.989,0.994,0.998]
Epoch [54] Testing Results: Prec@1 65.740 Prec@5 95.090             Loss 1.93166
Epoch [54] Testing Class Recall: [0.923,0.950,0.625,0.835,0.716,0.445,0.649,0.637,0.520,0.274]
Epoch [55] Training Results: Prec@1 96.892 Prec@5 99.985             Loss 0.09157
Epoch [55] Training Class Recall: [0.946,0.976,0.926,0.939,0.969,0.968,0.981,0.995,0.996,0.995]
Epoch [55] Testing Results: Prec@1 65.060 Prec@5 95.700             Loss 1.80507
Epoch [55] Testing Class Recall: [0.953,0.966,0.710,0.741,0.715,0.374,0.614,0.495,0.403,0.535]
Epoch [56] Training Results: Prec@1 96.760 Prec@5 99.990             Loss 0.09710
Epoch [56] Training Class Recall: [0.946,0.977,0.926,0.935,0.962,0.968,0.985,0.988,0.995,0.994]
Epoch [56] Testing Results: Prec@1 59.810 Prec@5 94.100             Loss 2.37885
Epoch [56] Testing Class Recall: [0.768,0.980,0.811,0.849,0.566,0.319,0.500,0.389,0.466,0.333]
Epoch [57] Training Results: Prec@1 96.895 Prec@5 99.995             Loss 0.09215
Epoch [57] Training Class Recall: [0.944,0.982,0.924,0.934,0.970,0.966,0.985,0.990,0.996,0.998]
Epoch [57] Testing Results: Prec@1 65.660 Prec@5 95.350             Loss 1.93308
Epoch [57] Testing Class Recall: [0.959,0.922,0.720,0.701,0.764,0.535,0.660,0.526,0.424,0.355]
Epoch [58] Training Results: Prec@1 97.055 Prec@5 99.995             Loss 0.08880
Epoch [58] Training Class Recall: [0.949,0.980,0.925,0.939,0.972,0.972,0.984,0.993,0.996,0.997]
Epoch [58] Testing Results: Prec@1 64.930 Prec@5 96.010             Loss 1.83142
Epoch [58] Testing Class Recall: [0.898,0.940,0.848,0.656,0.721,0.454,0.649,0.463,0.521,0.343]
Epoch [59] Training Results: Prec@1 96.985 Prec@5 99.990             Loss 0.09076
Epoch [59] Training Class Recall: [0.947,0.978,0.925,0.946,0.967,0.970,0.987,0.990,0.995,0.996]
Epoch [59] Testing Results: Prec@1 63.570 Prec@5 93.810             Loss 1.98251
Epoch [59] Testing Class Recall: [0.901,0.942,0.807,0.700,0.699,0.413,0.249,0.465,0.669,0.512]
Epoch [60] Training Results: Prec@1 96.767 Prec@5 99.982             Loss 0.09675
Epoch [60] Training Class Recall: [0.947,0.976,0.921,0.929,0.970,0.966,0.986,0.990,0.995,0.997]
Epoch [60] Testing Results: Prec@1 67.400 Prec@5 95.420             Loss 1.81523
Epoch [60] Testing Class Recall: [0.861,0.962,0.766,0.689,0.731,0.635,0.744,0.488,0.359,0.505]
Epoch [61] Training Results: Prec@1 97.197 Prec@5 99.990             Loss 0.08308
Epoch [61] Training Class Recall: [0.952,0.983,0.931,0.944,0.971,0.973,0.982,0.993,0.995,0.997]
Epoch [61] Testing Results: Prec@1 63.600 Prec@5 96.080             Loss 1.84723
Epoch [61] Testing Class Recall: [0.838,0.982,0.458,0.842,0.758,0.529,0.539,0.451,0.477,0.486]
Epoch [62] Training Results: Prec@1 96.535 Prec@5 99.987             Loss 0.10416
Epoch [62] Training Class Recall: [0.946,0.977,0.925,0.929,0.960,0.963,0.980,0.989,0.993,0.992]
Epoch [62] Testing Results: Prec@1 67.310 Prec@5 96.000             Loss 1.81964
Epoch [62] Testing Class Recall: [0.919,0.904,0.651,0.581,0.843,0.726,0.632,0.551,0.491,0.433]
Epoch [63] Training Results: Prec@1 97.192 Prec@5 99.987             Loss 0.08485
Epoch [63] Training Class Recall: [0.952,0.984,0.930,0.943,0.968,0.968,0.989,0.991,0.997,0.997]
Epoch [63] Testing Results: Prec@1 66.210 Prec@5 95.790             Loss 1.87917
Epoch [63] Testing Class Recall: [0.940,0.945,0.684,0.819,0.862,0.435,0.611,0.584,0.457,0.284]
Epoch [64] Training Results: Prec@1 97.125 Prec@5 99.993             Loss 0.08547
Epoch [64] Training Class Recall: [0.947,0.978,0.932,0.944,0.969,0.972,0.987,0.991,0.997,0.997]
Epoch [64] Testing Results: Prec@1 65.030 Prec@5 96.140             Loss 1.87733
Epoch [64] Testing Class Recall: [0.873,0.935,0.727,0.735,0.757,0.561,0.777,0.473,0.377,0.288]
Epoch [65] Training Results: Prec@1 96.877 Prec@5 99.985             Loss 0.09438
Epoch [65] Training Class Recall: [0.949,0.977,0.928,0.935,0.969,0.964,0.986,0.990,0.995,0.995]
Epoch [65] Testing Results: Prec@1 68.550 Prec@5 95.940             Loss 1.59877
Epoch [65] Testing Class Recall: [0.878,0.959,0.703,0.619,0.622,0.527,0.892,0.801,0.468,0.386]
Epoch [66] Training Results: Prec@1 97.277 Prec@5 99.985             Loss 0.08139
Epoch [66] Training Class Recall: [0.948,0.981,0.933,0.946,0.973,0.971,0.990,0.994,0.997,0.996]
Epoch [66] Testing Results: Prec@1 70.280 Prec@5 97.110             Loss 1.53145
Epoch [66] Testing Class Recall: [0.906,0.965,0.769,0.686,0.705,0.713,0.756,0.558,0.570,0.400]
Epoch [67] Training Results: Prec@1 96.920 Prec@5 99.985             Loss 0.08939
Epoch [67] Training Class Recall: [0.947,0.977,0.930,0.939,0.968,0.968,0.985,0.989,0.996,0.996]
Epoch [67] Testing Results: Prec@1 64.520 Prec@5 94.380             Loss 2.03366
Epoch [67] Testing Class Recall: [0.868,0.929,0.808,0.621,0.583,0.778,0.724,0.275,0.464,0.402]
Epoch [68] Training Results: Prec@1 97.012 Prec@5 99.987             Loss 0.08878
Epoch [68] Training Class Recall: [0.952,0.978,0.928,0.944,0.967,0.968,0.985,0.990,0.994,0.997]
Epoch [68] Testing Results: Prec@1 65.660 Prec@5 95.460             Loss 1.85247
Epoch [68] Testing Class Recall: [0.939,0.935,0.813,0.499,0.516,0.726,0.608,0.439,0.548,0.543]
Epoch [69] Training Results: Prec@1 96.785 Prec@5 99.978             Loss 0.09794
Epoch [69] Training Class Recall: [0.946,0.975,0.930,0.939,0.967,0.964,0.978,0.989,0.996,0.996]
Epoch [69] Testing Results: Prec@1 65.170 Prec@5 96.440             Loss 1.97751
Epoch [69] Testing Class Recall: [0.880,0.921,0.780,0.872,0.457,0.460,0.683,0.535,0.503,0.426]
Epoch [70] Training Results: Prec@1 97.387 Prec@5 99.990             Loss 0.07808
Epoch [70] Training Class Recall: [0.959,0.979,0.940,0.945,0.975,0.968,0.988,0.993,0.994,0.998]
Epoch [70] Testing Results: Prec@1 63.360 Prec@5 95.660             Loss 2.10682
Epoch [70] Testing Class Recall: [0.908,0.982,0.865,0.429,0.537,0.643,0.558,0.496,0.602,0.316]
Epoch [71] Training Results: Prec@1 96.947 Prec@5 99.987             Loss 0.09212
Epoch [71] Training Class Recall: [0.950,0.980,0.929,0.944,0.966,0.968,0.984,0.986,0.994,0.995]
Epoch [71] Testing Results: Prec@1 62.580 Prec@5 94.330             Loss 2.09165
Epoch [71] Testing Class Recall: [0.785,0.879,0.827,0.767,0.845,0.242,0.628,0.549,0.458,0.278]
Epoch [72] Training Results: Prec@1 97.408 Prec@5 99.995             Loss 0.07651
Epoch [72] Training Class Recall: [0.957,0.982,0.934,0.949,0.974,0.973,0.987,0.994,0.996,0.996]
Epoch [72] Testing Results: Prec@1 72.620 Prec@5 96.960             Loss 1.38930
Epoch [72] Testing Class Recall: [0.906,0.886,0.696,0.568,0.698,0.748,0.722,0.656,0.688,0.694]
Epoch [73] Training Results: Prec@1 97.325 Prec@5 99.995             Loss 0.08218
Epoch [73] Training Class Recall: [0.950,0.982,0.937,0.949,0.971,0.972,0.986,0.992,0.998,0.997]
Epoch [73] Testing Results: Prec@1 65.740 Prec@5 96.260             Loss 1.94010
Epoch [73] Testing Class Recall: [0.911,0.865,0.840,0.605,0.717,0.714,0.663,0.476,0.329,0.454]
Epoch [74] Training Results: Prec@1 96.945 Prec@5 99.980             Loss 0.09097
Epoch [74] Training Class Recall: [0.947,0.979,0.926,0.941,0.968,0.968,0.984,0.992,0.995,0.995]
Epoch [74] Testing Results: Prec@1 68.570 Prec@5 96.120             Loss 1.60618
Epoch [74] Testing Class Recall: [0.917,0.863,0.768,0.433,0.870,0.622,0.735,0.469,0.630,0.550]
Epoch [75] Training Results: Prec@1 97.470 Prec@5 99.993             Loss 0.07557
Epoch [75] Training Class Recall: [0.957,0.979,0.942,0.950,0.978,0.973,0.987,0.991,0.996,0.996]
Epoch [75] Testing Results: Prec@1 70.550 Prec@5 96.400             Loss 1.38989
Epoch [75] Testing Class Recall: [0.927,0.939,0.741,0.588,0.816,0.670,0.728,0.500,0.633,0.513]
Epoch [76] Training Results: Prec@1 97.147 Prec@5 99.987             Loss 0.08621
Epoch [76] Training Class Recall: [0.955,0.981,0.931,0.942,0.971,0.968,0.987,0.990,0.997,0.994]
Epoch [76] Testing Results: Prec@1 66.350 Prec@5 95.990             Loss 1.80516
Epoch [76] Testing Class Recall: [0.888,0.861,0.667,0.811,0.730,0.647,0.410,0.552,0.504,0.565]
Epoch [77] Training Results: Prec@1 96.942 Prec@5 99.985             Loss 0.09242
Epoch [77] Training Class Recall: [0.950,0.975,0.930,0.935,0.971,0.966,0.987,0.989,0.995,0.996]
Epoch [77] Testing Results: Prec@1 65.530 Prec@5 96.480             Loss 1.79943
Epoch [77] Testing Class Recall: [0.965,0.924,0.649,0.610,0.742,0.626,0.701,0.490,0.450,0.396]
Epoch [78] Training Results: Prec@1 97.300 Prec@5 99.987             Loss 0.07997
Epoch [78] Training Class Recall: [0.951,0.981,0.935,0.946,0.972,0.975,0.987,0.992,0.995,0.996]
Epoch [78] Testing Results: Prec@1 70.950 Prec@5 97.020             Loss 1.33965
Epoch [78] Testing Class Recall: [0.901,0.946,0.696,0.607,0.643,0.624,0.780,0.677,0.623,0.598]
Epoch [79] Training Results: Prec@1 97.040 Prec@5 99.990             Loss 0.08586
Epoch [79] Training Class Recall: [0.952,0.983,0.927,0.940,0.969,0.968,0.981,0.992,0.996,0.997]
Epoch [79] Testing Results: Prec@1 66.760 Prec@5 95.740             Loss 1.64776
Epoch [79] Testing Class Recall: [0.886,0.911,0.830,0.532,0.505,0.728,0.857,0.488,0.526,0.413]
Epoch [80] Training Results: Prec@1 96.965 Prec@5 99.990             Loss 0.08973
Epoch [80] Training Class Recall: [0.952,0.980,0.927,0.939,0.971,0.966,0.984,0.988,0.995,0.996]
Epoch [80] Testing Results: Prec@1 64.060 Prec@5 94.850             Loss 2.09110
Epoch [80] Testing Class Recall: [0.942,0.955,0.829,0.653,0.724,0.575,0.492,0.572,0.260,0.404]
Epoch [81] Training Results: Prec@1 97.600 Prec@5 99.987             Loss 0.07505
Epoch [81] Training Class Recall: [0.962,0.983,0.940,0.950,0.971,0.977,0.989,0.993,0.998,0.998]
Epoch [81] Testing Results: Prec@1 61.680 Prec@5 94.110             Loss 2.22164
Epoch [81] Testing Class Recall: [0.891,0.963,0.912,0.530,0.629,0.607,0.677,0.480,0.280,0.199]
Epoch [82] Training Results: Prec@1 96.970 Prec@5 99.993             Loss 0.08844
Epoch [82] Training Class Recall: [0.949,0.980,0.932,0.946,0.965,0.967,0.983,0.989,0.993,0.995]
Epoch [82] Testing Results: Prec@1 64.600 Prec@5 94.730             Loss 1.94522
Epoch [82] Testing Class Recall: [0.775,0.986,0.790,0.687,0.865,0.648,0.661,0.553,0.162,0.333]
Epoch [83] Training Results: Prec@1 97.228 Prec@5 99.987             Loss 0.08082
Epoch [83] Training Class Recall: [0.950,0.983,0.929,0.945,0.975,0.971,0.987,0.994,0.997,0.994]
Epoch [83] Testing Results: Prec@1 66.640 Prec@5 96.800             Loss 1.62977
Epoch [83] Testing Class Recall: [0.935,0.916,0.736,0.681,0.691,0.572,0.497,0.759,0.378,0.499]
Epoch [84] Training Results: Prec@1 97.017 Prec@5 100.000             Loss 0.08809
Epoch [84] Training Class Recall: [0.952,0.978,0.930,0.939,0.968,0.973,0.982,0.990,0.996,0.996]
Epoch [84] Testing Results: Prec@1 64.610 Prec@5 94.950             Loss 2.08754
Epoch [84] Testing Class Recall: [0.809,0.869,0.805,0.594,0.894,0.752,0.518,0.413,0.507,0.300]
Epoch [85] Training Results: Prec@1 97.320 Prec@5 99.990             Loss 0.07997
Epoch [85] Training Class Recall: [0.954,0.979,0.935,0.949,0.977,0.971,0.983,0.995,0.995,0.995]
Epoch [85] Testing Results: Prec@1 64.720 Prec@5 95.540             Loss 2.02751
Epoch [85] Testing Class Recall: [0.879,0.933,0.592,0.496,0.929,0.482,0.625,0.769,0.571,0.196]
Epoch [86] Training Results: Prec@1 97.045 Prec@5 99.987             Loss 0.08832
Epoch [86] Training Class Recall: [0.953,0.978,0.928,0.938,0.970,0.970,0.986,0.991,0.994,0.996]
Epoch [86] Testing Results: Prec@1 70.030 Prec@5 97.110             Loss 1.43840
Epoch [86] Testing Class Recall: [0.913,0.893,0.744,0.628,0.738,0.753,0.785,0.519,0.348,0.682]
Epoch [87] Training Results: Prec@1 97.685 Prec@5 99.990             Loss 0.06837
Epoch [87] Training Class Recall: [0.956,0.982,0.944,0.950,0.978,0.981,0.991,0.993,0.996,0.997]
Epoch [87] Testing Results: Prec@1 66.950 Prec@5 96.330             Loss 1.72875
Epoch [87] Testing Class Recall: [0.944,0.958,0.704,0.742,0.594,0.612,0.649,0.618,0.417,0.457]
Epoch [88] Training Results: Prec@1 97.022 Prec@5 99.995             Loss 0.08738
Epoch [88] Training Class Recall: [0.952,0.978,0.936,0.938,0.967,0.964,0.985,0.990,0.996,0.996]
Epoch [88] Testing Results: Prec@1 68.210 Prec@5 96.170             Loss 1.60534
Epoch [88] Testing Class Recall: [0.891,0.952,0.701,0.773,0.823,0.640,0.424,0.542,0.652,0.423]
Epoch [89] Training Results: Prec@1 97.533 Prec@5 99.993             Loss 0.07340
Epoch [89] Training Class Recall: [0.952,0.983,0.941,0.951,0.978,0.979,0.987,0.991,0.997,0.996]
Epoch [89] Testing Results: Prec@1 65.290 Prec@5 96.470             Loss 1.93115
Epoch [89] Testing Class Recall: [0.916,0.964,0.619,0.797,0.882,0.460,0.656,0.632,0.196,0.407]
Epoch [90] Training Results: Prec@1 96.987 Prec@5 99.972             Loss 0.09078
Epoch [90] Training Class Recall: [0.955,0.981,0.926,0.938,0.966,0.972,0.982,0.989,0.996,0.995]
Epoch [90] Testing Results: Prec@1 65.870 Prec@5 95.880             Loss 1.83917
Epoch [90] Testing Class Recall: [0.964,0.946,0.700,0.563,0.809,0.553,0.543,0.801,0.337,0.371]
Epoch [91] Training Results: Prec@1 97.585 Prec@5 99.995             Loss 0.07214
Epoch [91] Training Class Recall: [0.953,0.982,0.942,0.955,0.975,0.976,0.989,0.993,0.996,0.998]
Epoch [91] Testing Results: Prec@1 64.590 Prec@5 95.390             Loss 1.83716
Epoch [91] Testing Class Recall: [0.933,0.970,0.773,0.766,0.765,0.415,0.544,0.422,0.449,0.422]
Epoch [92] Training Results: Prec@1 97.195 Prec@5 99.995             Loss 0.08270
Epoch [92] Training Class Recall: [0.949,0.981,0.938,0.943,0.975,0.969,0.982,0.991,0.996,0.996]
Epoch [92] Testing Results: Prec@1 64.700 Prec@5 94.990             Loss 1.97262
Epoch [92] Testing Class Recall: [0.895,0.938,0.592,0.451,0.272,0.750,0.538,0.851,0.420,0.763]
Epoch [93] Training Results: Prec@1 97.257 Prec@5 99.995             Loss 0.08042
Epoch [93] Training Class Recall: [0.949,0.980,0.936,0.945,0.971,0.976,0.987,0.993,0.995,0.995]
Epoch [93] Testing Results: Prec@1 68.960 Prec@5 97.000             Loss 1.57354
Epoch [93] Testing Class Recall: [0.881,0.966,0.782,0.698,0.592,0.733,0.606,0.635,0.331,0.672]
Epoch [94] Training Results: Prec@1 97.205 Prec@5 99.997             Loss 0.08378
Epoch [94] Training Class Recall: [0.949,0.979,0.942,0.942,0.970,0.967,0.991,0.991,0.996,0.995]
Epoch [94] Testing Results: Prec@1 66.770 Prec@5 96.840             Loss 1.86696
Epoch [94] Testing Class Recall: [0.951,0.854,0.705,0.733,0.801,0.393,0.734,0.672,0.237,0.597]
Epoch [95] Training Results: Prec@1 97.392 Prec@5 99.990             Loss 0.07805
Epoch [95] Training Class Recall: [0.955,0.981,0.934,0.950,0.975,0.973,0.987,0.993,0.995,0.998]
Epoch [95] Testing Results: Prec@1 62.600 Prec@5 94.070             Loss 2.14767
Epoch [95] Testing Class Recall: [0.879,0.955,0.807,0.644,0.699,0.734,0.391,0.481,0.469,0.201]
Epoch [96] Training Results: Prec@1 97.277 Prec@5 99.995             Loss 0.08148
Epoch [96] Training Class Recall: [0.955,0.983,0.932,0.945,0.972,0.973,0.985,0.991,0.996,0.996]
Epoch [96] Testing Results: Prec@1 64.040 Prec@5 95.270             Loss 1.74051
Epoch [96] Testing Class Recall: [0.814,0.938,0.855,0.584,0.730,0.618,0.387,0.612,0.485,0.381]
Epoch [97] Training Results: Prec@1 97.160 Prec@5 99.987             Loss 0.08307
Epoch [97] Training Class Recall: [0.952,0.980,0.936,0.944,0.969,0.969,0.989,0.988,0.994,0.996]
Epoch [97] Testing Results: Prec@1 64.850 Prec@5 95.020             Loss 1.98597
Epoch [97] Testing Class Recall: [0.946,0.908,0.592,0.734,0.635,0.679,0.262,0.645,0.525,0.559]
Epoch [98] Training Results: Prec@1 97.035 Prec@5 99.990             Loss 0.08559
Epoch [98] Training Class Recall: [0.949,0.977,0.934,0.943,0.969,0.969,0.985,0.989,0.993,0.996]
Epoch [98] Testing Results: Prec@1 70.950 Prec@5 97.380             Loss 1.37925
Epoch [98] Testing Class Recall: [0.878,0.973,0.756,0.654,0.688,0.627,0.812,0.646,0.592,0.469]
Epoch [99] Training Results: Prec@1 97.382 Prec@5 99.990             Loss 0.07571
Epoch [99] Training Class Recall: [0.954,0.983,0.935,0.949,0.972,0.973,0.986,0.993,0.997,0.998]
Epoch [99] Testing Results: Prec@1 64.870 Prec@5 95.060             Loss 2.03111
Epoch [99] Testing Class Recall: [0.869,0.931,0.816,0.796,0.703,0.222,0.740,0.552,0.666,0.192]
Epoch [100] Training Results: Prec@1 97.312 Prec@5 99.982             Loss 0.08087
Epoch [100] Training Class Recall: [0.954,0.981,0.932,0.945,0.977,0.972,0.988,0.991,0.996,0.997]
Epoch [100] Testing Results: Prec@1 69.410 Prec@5 97.120             Loss 1.56926
Epoch [100] Testing Class Recall: [0.850,0.959,0.853,0.524,0.764,0.717,0.695,0.524,0.652,0.403]
Epoch [101] Training Results: Prec@1 97.592 Prec@5 100.000             Loss 0.07075
Epoch [101] Training Class Recall: [0.958,0.982,0.946,0.953,0.977,0.975,0.986,0.992,0.996,0.996]
Epoch [101] Testing Results: Prec@1 66.590 Prec@5 96.040             Loss 1.70049
Epoch [101] Testing Class Recall: [0.832,0.917,0.849,0.593,0.655,0.662,0.818,0.672,0.417,0.244]
Epoch [102] Training Results: Prec@1 97.597 Prec@5 99.990             Loss 0.07141
Epoch [102] Training Class Recall: [0.960,0.981,0.945,0.952,0.975,0.978,0.988,0.990,0.996,0.997]
Epoch [102] Testing Results: Prec@1 68.680 Prec@5 96.130             Loss 1.78653
Epoch [102] Testing Class Recall: [0.945,0.947,0.756,0.703,0.876,0.510,0.642,0.344,0.618,0.527]
Epoch [103] Training Results: Prec@1 97.522 Prec@5 99.997             Loss 0.07567
Epoch [103] Training Class Recall: [0.957,0.983,0.943,0.951,0.971,0.975,0.988,0.993,0.996,0.996]
Epoch [103] Testing Results: Prec@1 66.050 Prec@5 96.070             Loss 1.84878
Epoch [103] Testing Class Recall: [0.971,0.884,0.770,0.727,0.636,0.418,0.709,0.543,0.359,0.588]
Epoch [104] Training Results: Prec@1 97.772 Prec@5 99.997             Loss 0.06970
Epoch [104] Training Class Recall: [0.961,0.986,0.945,0.957,0.978,0.979,0.988,0.992,0.996,0.997]
Epoch [104] Testing Results: Prec@1 64.520 Prec@5 94.960             Loss 2.28400
Epoch [104] Testing Class Recall: [0.942,0.971,0.741,0.688,0.611,0.701,0.495,0.817,0.173,0.313]
Epoch [105] Training Results: Prec@1 97.350 Prec@5 99.995             Loss 0.07845
Epoch [105] Training Class Recall: [0.954,0.982,0.939,0.941,0.974,0.976,0.988,0.991,0.995,0.996]
Epoch [105] Testing Results: Prec@1 68.830 Prec@5 96.850             Loss 1.53798
Epoch [105] Testing Class Recall: [0.940,0.899,0.636,0.758,0.671,0.588,0.625,0.585,0.556,0.625]
Epoch [106] Training Results: Prec@1 97.472 Prec@5 99.995             Loss 0.07602
Epoch [106] Training Class Recall: [0.955,0.983,0.942,0.948,0.973,0.974,0.988,0.991,0.997,0.997]
Epoch [106] Testing Results: Prec@1 67.600 Prec@5 94.720             Loss 1.84685
Epoch [106] Testing Class Recall: [0.958,0.966,0.648,0.734,0.848,0.539,0.305,0.718,0.434,0.610]
Epoch [107] Training Results: Prec@1 97.487 Prec@5 99.993             Loss 0.07543
Epoch [107] Training Class Recall: [0.957,0.980,0.938,0.950,0.975,0.974,0.988,0.995,0.996,0.997]
Epoch [107] Testing Results: Prec@1 68.290 Prec@5 96.570             Loss 1.59135
Epoch [107] Testing Class Recall: [0.884,0.960,0.672,0.819,0.608,0.625,0.586,0.692,0.469,0.514]
Epoch [108] Training Results: Prec@1 97.307 Prec@5 99.990             Loss 0.08258
Epoch [108] Training Class Recall: [0.955,0.983,0.939,0.946,0.968,0.970,0.989,0.991,0.994,0.997]
Epoch [108] Testing Results: Prec@1 64.730 Prec@5 95.850             Loss 1.86808
Epoch [108] Testing Class Recall: [0.909,0.954,0.885,0.538,0.640,0.536,0.627,0.767,0.259,0.358]
Epoch [109] Training Results: Prec@1 97.802 Prec@5 99.993             Loss 0.06942
Epoch [109] Training Class Recall: [0.961,0.984,0.948,0.958,0.977,0.978,0.989,0.994,0.994,0.997]
Epoch [109] Testing Results: Prec@1 65.860 Prec@5 95.150             Loss 1.79535
Epoch [109] Testing Class Recall: [0.767,0.963,0.856,0.785,0.670,0.611,0.533,0.615,0.332,0.454]
Epoch [110] Training Results: Prec@1 97.320 Prec@5 99.997             Loss 0.08131
Epoch [110] Training Class Recall: [0.955,0.981,0.938,0.947,0.972,0.971,0.988,0.991,0.995,0.995]
Epoch [110] Testing Results: Prec@1 68.100 Prec@5 96.520             Loss 1.68854
Epoch [110] Testing Class Recall: [0.897,0.946,0.794,0.850,0.744,0.462,0.586,0.514,0.582,0.435]
Epoch [111] Training Results: Prec@1 97.412 Prec@5 99.997             Loss 0.07807
Epoch [111] Training Class Recall: [0.955,0.982,0.939,0.952,0.972,0.973,0.985,0.991,0.997,0.996]
Epoch [111] Testing Results: Prec@1 65.220 Prec@5 96.230             Loss 1.86308
Epoch [111] Testing Class Recall: [0.894,0.970,0.706,0.734,0.821,0.684,0.477,0.426,0.442,0.368]
Epoch [112] Training Results: Prec@1 97.620 Prec@5 99.995             Loss 0.07016
Epoch [112] Training Class Recall: [0.959,0.983,0.941,0.952,0.973,0.980,0.989,0.993,0.997,0.998]
Epoch [112] Testing Results: Prec@1 63.620 Prec@5 95.760             Loss 2.10610
Epoch [112] Testing Class Recall: [0.933,0.987,0.731,0.779,0.628,0.541,0.604,0.512,0.398,0.249]
Epoch [113] Training Results: Prec@1 97.395 Prec@5 99.995             Loss 0.07851
Epoch [113] Training Class Recall: [0.958,0.983,0.937,0.947,0.971,0.971,0.988,0.991,0.996,0.998]
Epoch [113] Testing Results: Prec@1 67.680 Prec@5 95.860             Loss 1.74214
Epoch [113] Testing Class Recall: [0.899,0.975,0.766,0.633,0.831,0.741,0.701,0.453,0.421,0.348]
Epoch [114] Training Results: Prec@1 97.417 Prec@5 99.995             Loss 0.07849
Epoch [114] Training Class Recall: [0.954,0.980,0.942,0.949,0.975,0.971,0.988,0.991,0.997,0.996]
Epoch [114] Testing Results: Prec@1 69.630 Prec@5 97.000             Loss 1.51050
Epoch [114] Testing Class Recall: [0.910,0.962,0.682,0.721,0.699,0.747,0.636,0.612,0.490,0.504]
Epoch [115] Training Results: Prec@1 97.740 Prec@5 99.995             Loss 0.06923
Epoch [115] Training Class Recall: [0.959,0.988,0.944,0.952,0.979,0.976,0.986,0.994,0.997,0.999]
Epoch [115] Testing Results: Prec@1 67.270 Prec@5 95.920             Loss 1.90699
Epoch [115] Testing Class Recall: [0.903,0.959,0.656,0.761,0.918,0.600,0.617,0.445,0.338,0.530]
Epoch [116] Training Results: Prec@1 97.765 Prec@5 99.990             Loss 0.06605
Epoch [116] Training Class Recall: [0.957,0.982,0.948,0.958,0.978,0.977,0.989,0.992,0.998,0.998]
Epoch [116] Testing Results: Prec@1 69.420 Prec@5 96.050             Loss 1.54141
Epoch [116] Testing Class Recall: [0.950,0.947,0.742,0.620,0.786,0.639,0.620,0.502,0.520,0.616]
Epoch [117] Training Results: Prec@1 97.372 Prec@5 99.990             Loss 0.07774
Epoch [117] Training Class Recall: [0.960,0.984,0.936,0.947,0.970,0.972,0.988,0.990,0.995,0.996]
Epoch [117] Testing Results: Prec@1 68.140 Prec@5 96.750             Loss 1.77724
Epoch [117] Testing Class Recall: [0.831,0.954,0.520,0.860,0.747,0.569,0.639,0.652,0.666,0.376]
Epoch [118] Training Results: Prec@1 97.372 Prec@5 100.000             Loss 0.07829
Epoch [118] Training Class Recall: [0.955,0.982,0.938,0.943,0.977,0.975,0.988,0.990,0.994,0.997]
Epoch [118] Testing Results: Prec@1 62.270 Prec@5 95.290             Loss 2.26297
Epoch [118] Testing Class Recall: [0.958,0.977,0.771,0.485,0.788,0.682,0.578,0.548,0.233,0.207]
Epoch [119] Training Results: Prec@1 97.305 Prec@5 100.000             Loss 0.07929
Epoch [119] Training Class Recall: [0.954,0.981,0.935,0.949,0.970,0.975,0.984,0.990,0.997,0.997]
Epoch [119] Testing Results: Prec@1 65.470 Prec@5 96.510             Loss 1.92002
Epoch [119] Testing Class Recall: [0.871,0.980,0.888,0.662,0.716,0.564,0.598,0.467,0.489,0.312]
Epoch [120] Training Results: Prec@1 97.607 Prec@5 99.993             Loss 0.07111
Epoch [120] Training Class Recall: [0.956,0.983,0.940,0.957,0.975,0.976,0.988,0.997,0.995,0.997]
Epoch [120] Testing Results: Prec@1 66.500 Prec@5 95.620             Loss 1.84864
Epoch [120] Testing Class Recall: [0.867,0.952,0.793,0.826,0.802,0.595,0.630,0.457,0.497,0.231]
Epoch [121] Training Results: Prec@1 97.612 Prec@5 99.990             Loss 0.07263
Epoch [121] Training Class Recall: [0.960,0.984,0.941,0.952,0.970,0.980,0.990,0.991,0.997,0.997]
Epoch [121] Testing Results: Prec@1 62.340 Prec@5 95.620             Loss 2.05654
Epoch [121] Testing Class Recall: [0.858,0.960,0.858,0.439,0.531,0.815,0.597,0.621,0.276,0.279]
Epoch [122] Training Results: Prec@1 97.627 Prec@5 99.995             Loss 0.07034
Epoch [122] Training Class Recall: [0.955,0.983,0.946,0.954,0.976,0.975,0.989,0.992,0.996,0.997]
Epoch [122] Testing Results: Prec@1 64.940 Prec@5 95.590             Loss 2.07289
Epoch [122] Testing Class Recall: [0.939,0.941,0.386,0.666,0.835,0.540,0.860,0.458,0.447,0.422]
Epoch [123] Training Results: Prec@1 97.342 Prec@5 99.990             Loss 0.07995
Epoch [123] Training Class Recall: [0.957,0.979,0.935,0.944,0.973,0.978,0.988,0.991,0.995,0.994]
Epoch [123] Testing Results: Prec@1 64.060 Prec@5 95.190             Loss 2.05263
Epoch [123] Testing Class Recall: [0.904,0.942,0.854,0.759,0.810,0.504,0.638,0.378,0.269,0.348]
Epoch [124] Training Results: Prec@1 97.478 Prec@5 99.995             Loss 0.07448
Epoch [124] Training Class Recall: [0.953,0.981,0.944,0.949,0.973,0.974,0.986,0.994,0.997,0.997]
Epoch [124] Testing Results: Prec@1 66.780 Prec@5 96.100             Loss 1.78430
Epoch [124] Testing Class Recall: [0.926,0.956,0.879,0.512,0.716,0.635,0.728,0.478,0.505,0.343]
Epoch [125] Training Results: Prec@1 97.647 Prec@5 100.000             Loss 0.07007
Epoch [125] Training Class Recall: [0.955,0.984,0.942,0.952,0.980,0.978,0.987,0.991,0.997,0.998]
Epoch [125] Testing Results: Prec@1 65.700 Prec@5 96.670             Loss 1.92969
Epoch [125] Testing Class Recall: [0.960,0.980,0.648,0.800,0.757,0.487,0.579,0.597,0.471,0.291]
Epoch [126] Training Results: Prec@1 97.347 Prec@5 99.995             Loss 0.07922
Epoch [126] Training Class Recall: [0.956,0.981,0.937,0.949,0.970,0.973,0.987,0.992,0.996,0.996]
Epoch [126] Testing Results: Prec@1 66.820 Prec@5 96.540             Loss 1.64200
Epoch [126] Testing Class Recall: [0.960,0.885,0.553,0.692,0.516,0.709,0.743,0.578,0.519,0.527]
Epoch [127] Training Results: Prec@1 97.455 Prec@5 99.993             Loss 0.07648
Epoch [127] Training Class Recall: [0.955,0.980,0.944,0.945,0.982,0.972,0.989,0.989,0.993,0.997]
Epoch [127] Testing Results: Prec@1 68.260 Prec@5 96.270             Loss 1.57885
Epoch [127] Testing Class Recall: [0.811,0.875,0.740,0.786,0.688,0.614,0.772,0.610,0.370,0.560]
Epoch [128] Training Results: Prec@1 97.735 Prec@5 99.982             Loss 0.06796
Epoch [128] Training Class Recall: [0.961,0.986,0.944,0.958,0.974,0.980,0.985,0.990,0.998,0.998]
Epoch [128] Testing Results: Prec@1 67.500 Prec@5 96.040             Loss 1.68951
Epoch [128] Testing Class Recall: [0.818,0.943,0.764,0.775,0.687,0.450,0.839,0.656,0.497,0.321]
Epoch [129] Training Results: Prec@1 97.642 Prec@5 99.995             Loss 0.07392
Epoch [129] Training Class Recall: [0.950,0.982,0.941,0.954,0.980,0.977,0.993,0.996,0.996,0.996]
Epoch [129] Testing Results: Prec@1 68.490 Prec@5 96.450             Loss 1.63406
Epoch [129] Testing Class Recall: [0.950,0.963,0.773,0.698,0.743,0.603,0.729,0.603,0.482,0.305]
Epoch [130] Training Results: Prec@1 97.680 Prec@5 99.997             Loss 0.07063
Epoch [130] Training Class Recall: [0.959,0.983,0.943,0.956,0.975,0.977,0.989,0.993,0.996,0.997]
Epoch [130] Testing Results: Prec@1 71.580 Prec@5 96.910             Loss 1.46756
Epoch [130] Testing Class Recall: [0.680,0.935,0.740,0.683,0.753,0.679,0.837,0.486,0.744,0.621]
Epoch [131] Training Results: Prec@1 97.502 Prec@5 99.995             Loss 0.07343
Epoch [131] Training Class Recall: [0.958,0.982,0.942,0.951,0.975,0.972,0.988,0.990,0.997,0.996]
Epoch [131] Testing Results: Prec@1 69.960 Prec@5 96.800             Loss 1.59380
Epoch [131] Testing Class Recall: [0.895,0.978,0.692,0.806,0.755,0.483,0.750,0.592,0.780,0.265]
Epoch [132] Training Results: Prec@1 97.607 Prec@5 99.993             Loss 0.07323
Epoch [132] Training Class Recall: [0.957,0.984,0.944,0.951,0.974,0.976,0.989,0.993,0.998,0.997]
Epoch [132] Testing Results: Prec@1 72.350 Prec@5 96.800             Loss 1.37850
Epoch [132] Testing Class Recall: [0.922,0.954,0.629,0.701,0.818,0.710,0.691,0.595,0.518,0.697]
Epoch [133] Training Results: Prec@1 97.715 Prec@5 99.993             Loss 0.06987
Epoch [133] Training Class Recall: [0.958,0.985,0.942,0.959,0.978,0.976,0.987,0.994,0.996,0.999]
Epoch [133] Testing Results: Prec@1 69.550 Prec@5 96.370             Loss 1.50870
Epoch [133] Testing Class Recall: [0.891,0.985,0.645,0.741,0.780,0.642,0.802,0.352,0.735,0.382]
Epoch [134] Training Results: Prec@1 97.507 Prec@5 99.990             Loss 0.07721
Epoch [134] Training Class Recall: [0.958,0.983,0.943,0.951,0.975,0.975,0.984,0.990,0.997,0.997]
Epoch [134] Testing Results: Prec@1 70.170 Prec@5 96.840             Loss 1.53778
Epoch [134] Testing Class Recall: [0.932,0.924,0.799,0.671,0.588,0.646,0.833,0.651,0.467,0.506]
Epoch [135] Training Results: Prec@1 97.567 Prec@5 99.993             Loss 0.07159
Epoch [135] Training Class Recall: [0.959,0.981,0.939,0.951,0.977,0.977,0.989,0.993,0.996,0.995]
Epoch [135] Testing Results: Prec@1 70.290 Prec@5 96.330             Loss 1.48788
Epoch [135] Testing Class Recall: [0.887,0.960,0.814,0.597,0.714,0.651,0.498,0.585,0.716,0.607]
Epoch [136] Training Results: Prec@1 97.370 Prec@5 100.000             Loss 0.07652
Epoch [136] Training Class Recall: [0.953,0.981,0.938,0.947,0.973,0.974,0.988,0.992,0.996,0.996]
Epoch [136] Testing Results: Prec@1 66.590 Prec@5 95.440             Loss 1.82051
Epoch [136] Testing Class Recall: [0.909,0.955,0.853,0.701,0.772,0.483,0.517,0.515,0.438,0.516]
Epoch [137] Training Results: Prec@1 97.567 Prec@5 99.993             Loss 0.07131
Epoch [137] Training Class Recall: [0.959,0.985,0.941,0.953,0.976,0.975,0.987,0.990,0.997,0.996]
Epoch [137] Testing Results: Prec@1 62.260 Prec@5 94.720             Loss 2.24670
Epoch [137] Testing Class Recall: [0.905,0.858,0.813,0.491,0.926,0.504,0.706,0.391,0.410,0.222]
Epoch [138] Training Results: Prec@1 97.535 Prec@5 99.995             Loss 0.07288
Epoch [138] Training Class Recall: [0.953,0.983,0.939,0.955,0.974,0.979,0.989,0.993,0.994,0.996]
Epoch [138] Testing Results: Prec@1 66.770 Prec@5 96.150             Loss 1.83272
Epoch [138] Testing Class Recall: [0.948,0.980,0.644,0.592,0.849,0.663,0.803,0.510,0.467,0.221]
Epoch [139] Training Results: Prec@1 97.530 Prec@5 99.995             Loss 0.07444
Epoch [139] Training Class Recall: [0.957,0.986,0.946,0.949,0.972,0.975,0.986,0.993,0.996,0.996]
Epoch [139] Testing Results: Prec@1 66.190 Prec@5 95.120             Loss 1.93726
Epoch [139] Testing Class Recall: [0.922,0.968,0.792,0.593,0.781,0.737,0.687,0.234,0.424,0.481]
Epoch [140] Training Results: Prec@1 97.457 Prec@5 99.990             Loss 0.07588
Epoch [140] Training Class Recall: [0.956,0.982,0.942,0.951,0.973,0.972,0.987,0.991,0.996,0.996]
Epoch [140] Testing Results: Prec@1 64.840 Prec@5 94.630             Loss 1.93450
Epoch [140] Testing Class Recall: [0.881,0.940,0.838,0.682,0.773,0.568,0.856,0.459,0.198,0.289]
Epoch [141] Training Results: Prec@1 97.700 Prec@5 100.000             Loss 0.06743
Epoch [141] Training Class Recall: [0.962,0.983,0.942,0.954,0.976,0.975,0.990,0.995,0.996,0.997]
Epoch [141] Testing Results: Prec@1 65.500 Prec@5 95.540             Loss 2.00465
Epoch [141] Testing Class Recall: [0.879,0.983,0.741,0.790,0.845,0.508,0.717,0.403,0.501,0.183]
Epoch [142] Training Results: Prec@1 97.502 Prec@5 99.995             Loss 0.07442
Epoch [142] Training Class Recall: [0.955,0.980,0.948,0.956,0.974,0.974,0.985,0.990,0.996,0.995]
Epoch [142] Testing Results: Prec@1 64.980 Prec@5 96.910             Loss 1.82829
Epoch [142] Testing Class Recall: [0.968,0.975,0.687,0.677,0.633,0.708,0.599,0.418,0.424,0.409]
Epoch [143] Training Results: Prec@1 97.905 Prec@5 99.997             Loss 0.06375
Epoch [143] Training Class Recall: [0.963,0.987,0.945,0.957,0.982,0.976,0.990,0.997,0.997,0.998]
Epoch [143] Testing Results: Prec@1 68.060 Prec@5 96.660             Loss 1.66500
Epoch [143] Testing Class Recall: [0.820,0.979,0.754,0.756,0.783,0.705,0.566,0.520,0.582,0.341]
Epoch [144] Training Results: Prec@1 97.365 Prec@5 99.993             Loss 0.07840
Epoch [144] Training Class Recall: [0.956,0.980,0.944,0.949,0.970,0.973,0.984,0.991,0.996,0.995]
Epoch [144] Testing Results: Prec@1 70.120 Prec@5 96.930             Loss 1.56077
Epoch [144] Testing Class Recall: [0.727,0.951,0.771,0.828,0.657,0.636,0.759,0.377,0.639,0.667]
Epoch [145] Training Results: Prec@1 97.527 Prec@5 100.000             Loss 0.07550
Epoch [145] Training Class Recall: [0.958,0.985,0.942,0.949,0.974,0.971,0.988,0.992,0.997,0.999]
Epoch [145] Testing Results: Prec@1 61.960 Prec@5 96.520             Loss 2.17756
Epoch [145] Testing Class Recall: [0.978,0.916,0.660,0.712,0.493,0.536,0.770,0.535,0.290,0.306]
Epoch [146] Training Results: Prec@1 97.603 Prec@5 99.993             Loss 0.07030
Epoch [146] Training Class Recall: [0.959,0.983,0.942,0.952,0.978,0.974,0.988,0.994,0.996,0.996]
Epoch [146] Testing Results: Prec@1 69.810 Prec@5 95.930             Loss 1.52667
Epoch [146] Testing Class Recall: [0.749,0.904,0.850,0.648,0.842,0.635,0.668,0.475,0.727,0.483]
Epoch [147] Training Results: Prec@1 98.060 Prec@5 99.997             Loss 0.05747
Epoch [147] Training Class Recall: [0.968,0.987,0.952,0.959,0.979,0.982,0.992,0.995,0.996,0.997]
Epoch [147] Testing Results: Prec@1 69.970 Prec@5 96.820             Loss 1.58288
Epoch [147] Testing Class Recall: [0.928,0.979,0.688,0.718,0.724,0.552,0.634,0.738,0.647,0.389]
Epoch [148] Training Results: Prec@1 97.955 Prec@5 99.995             Loss 0.06238
Epoch [148] Training Class Recall: [0.958,0.986,0.956,0.962,0.978,0.980,0.990,0.993,0.996,0.999]
Epoch [148] Testing Results: Prec@1 62.720 Prec@5 93.770             Loss 2.38130
Epoch [148] Testing Class Recall: [0.922,0.984,0.830,0.611,0.580,0.621,0.696,0.583,0.396,0.049]
Epoch [149] Training Results: Prec@1 97.490 Prec@5 99.997             Loss 0.07518
Epoch [149] Training Class Recall: [0.960,0.984,0.935,0.953,0.975,0.971,0.985,0.994,0.997,0.996]
Epoch [149] Testing Results: Prec@1 70.590 Prec@5 97.120             Loss 1.41351
Epoch [149] Testing Class Recall: [0.882,0.931,0.832,0.692,0.876,0.579,0.603,0.664,0.461,0.539]
Epoch [150] Training Results: Prec@1 97.570 Prec@5 100.000             Loss 0.07049
Epoch [150] Training Class Recall: [0.957,0.985,0.941,0.953,0.976,0.973,0.987,0.992,0.997,0.998]
Epoch [150] Testing Results: Prec@1 72.020 Prec@5 97.200             Loss 1.36357
Epoch [150] Testing Class Recall: [0.905,0.962,0.711,0.591,0.737,0.764,0.689,0.808,0.369,0.666]
Epoch [151] Training Results: Prec@1 97.530 Prec@5 99.995             Loss 0.07551
Epoch [151] Training Class Recall: [0.955,0.982,0.942,0.952,0.972,0.975,0.993,0.991,0.996,0.997]
Epoch [151] Testing Results: Prec@1 72.040 Prec@5 96.610             Loss 1.47574
Epoch [151] Testing Class Recall: [0.873,0.817,0.639,0.739,0.785,0.745,0.804,0.629,0.410,0.763]
Epoch [152] Training Results: Prec@1 97.940 Prec@5 99.997             Loss 0.06350
Epoch [152] Training Class Recall: [0.963,0.984,0.951,0.961,0.980,0.980,0.989,0.993,0.995,0.997]
Epoch [152] Testing Results: Prec@1 61.940 Prec@5 94.820             Loss 2.04461
Epoch [152] Testing Class Recall: [0.807,0.958,0.880,0.427,0.667,0.562,0.639,0.814,0.342,0.098]
Epoch [153] Training Results: Prec@1 97.537 Prec@5 99.993             Loss 0.07611
Epoch [153] Training Class Recall: [0.953,0.984,0.942,0.951,0.975,0.975,0.991,0.992,0.996,0.997]
Epoch [153] Testing Results: Prec@1 70.910 Prec@5 96.360             Loss 1.42410
Epoch [153] Testing Class Recall: [0.835,0.971,0.844,0.691,0.761,0.496,0.835,0.545,0.596,0.517]
Epoch [154] Training Results: Prec@1 97.925 Prec@5 99.997             Loss 0.06278
Epoch [154] Training Class Recall: [0.963,0.981,0.952,0.959,0.979,0.981,0.990,0.994,0.997,0.997]
Epoch [154] Testing Results: Prec@1 65.960 Prec@5 96.780             Loss 1.77335
Epoch [154] Testing Class Recall: [0.797,0.992,0.873,0.644,0.645,0.519,0.769,0.550,0.390,0.417]
Epoch [155] Training Results: Prec@1 97.800 Prec@5 99.995             Loss 0.06728
Epoch [155] Training Class Recall: [0.962,0.983,0.952,0.957,0.974,0.973,0.991,0.994,0.997,0.998]
Epoch [155] Testing Results: Prec@1 70.330 Prec@5 97.590             Loss 1.38817
Epoch [155] Testing Class Recall: [0.782,0.962,0.766,0.764,0.694,0.590,0.532,0.727,0.537,0.679]
Epoch [156] Training Results: Prec@1 97.755 Prec@5 99.990             Loss 0.06974
Epoch [156] Training Class Recall: [0.961,0.981,0.952,0.954,0.977,0.977,0.989,0.993,0.998,0.995]
Epoch [156] Testing Results: Prec@1 68.110 Prec@5 96.650             Loss 1.77028
Epoch [156] Testing Class Recall: [0.898,0.987,0.755,0.690,0.868,0.612,0.723,0.443,0.628,0.207]
Epoch [157] Training Results: Prec@1 97.533 Prec@5 99.993             Loss 0.07420
Epoch [157] Training Class Recall: [0.955,0.982,0.943,0.955,0.975,0.975,0.988,0.989,0.995,0.997]
Epoch [157] Testing Results: Prec@1 67.440 Prec@5 96.260             Loss 1.81067
Epoch [157] Testing Class Recall: [0.947,0.915,0.814,0.687,0.781,0.544,0.437,0.588,0.615,0.416]
Epoch [158] Training Results: Prec@1 97.497 Prec@5 99.995             Loss 0.07417
Epoch [158] Training Class Recall: [0.956,0.984,0.940,0.952,0.975,0.972,0.988,0.991,0.997,0.997]
Epoch [158] Testing Results: Prec@1 73.090 Prec@5 97.630             Loss 1.28726
Epoch [158] Testing Class Recall: [0.926,0.936,0.779,0.587,0.749,0.743,0.716,0.635,0.584,0.654]
Epoch [159] Training Results: Prec@1 97.765 Prec@5 99.997             Loss 0.06592
Epoch [159] Training Class Recall: [0.956,0.987,0.945,0.957,0.978,0.979,0.989,0.993,0.996,0.998]
Epoch [159] Testing Results: Prec@1 70.190 Prec@5 96.800             Loss 1.50750
Epoch [159] Testing Class Recall: [0.851,0.966,0.765,0.764,0.784,0.546,0.710,0.710,0.563,0.360]
Epoch [160] Training Results: Prec@1 98.770 Prec@5 100.000             Loss 0.03942
Epoch [160] Training Class Recall: [0.963,0.993,0.965,0.982,0.988,0.991,0.998,0.999,0.998,1.000]
Epoch [160] Testing Results: Prec@1 71.760 Prec@5 96.910             Loss 1.42315
Epoch [160] Testing Class Recall: [0.917,0.968,0.802,0.767,0.793,0.649,0.695,0.632,0.552,0.401]
Epoch [161] Training Results: Prec@1 99.217 Prec@5 99.997             Loss 0.02525
Epoch [161] Training Class Recall: [0.979,0.991,0.974,0.988,0.995,0.997,0.999,1.000,1.000,1.000]
Epoch [161] Testing Results: Prec@1 71.380 Prec@5 97.040             Loss 1.46973
Epoch [161] Testing Class Recall: [0.921,0.972,0.808,0.782,0.822,0.597,0.693,0.612,0.549,0.382]
Epoch [162] Training Results: Prec@1 99.427 Prec@5 100.000             Loss 0.02000
Epoch [162] Training Class Recall: [0.984,0.994,0.984,0.989,0.995,0.998,1.000,1.000,1.000,1.000]
Epoch [162] Testing Results: Prec@1 71.370 Prec@5 97.040             Loss 1.49609
Epoch [162] Testing Class Recall: [0.928,0.977,0.823,0.777,0.812,0.625,0.660,0.601,0.543,0.391]
Epoch [163] Training Results: Prec@1 99.548 Prec@5 100.000             Loss 0.01730
Epoch [163] Training Class Recall: [0.990,0.996,0.984,0.991,0.996,0.998,1.000,1.000,1.000,1.000]
Epoch [163] Testing Results: Prec@1 71.470 Prec@5 97.050             Loss 1.49956
Epoch [163] Testing Class Recall: [0.925,0.978,0.831,0.772,0.823,0.601,0.704,0.595,0.558,0.360]
Epoch [164] Training Results: Prec@1 99.552 Prec@5 100.000             Loss 0.01685
Epoch [164] Training Class Recall: [0.987,0.995,0.987,0.991,0.998,0.998,1.000,1.000,1.000,1.000]
Epoch [164] Testing Results: Prec@1 71.500 Prec@5 97.130             Loss 1.50479
Epoch [164] Testing Class Recall: [0.933,0.980,0.808,0.781,0.819,0.600,0.711,0.603,0.546,0.369]
Epoch [165] Training Results: Prec@1 99.592 Prec@5 99.997             Loss 0.01535
Epoch [165] Training Class Recall: [0.988,0.996,0.986,0.993,0.997,0.999,1.000,1.000,1.000,1.000]
Epoch [165] Testing Results: Prec@1 71.060 Prec@5 97.130             Loss 1.52702
Epoch [165] Testing Class Recall: [0.938,0.980,0.815,0.783,0.798,0.596,0.692,0.602,0.525,0.377]
Epoch [166] Training Results: Prec@1 99.650 Prec@5 100.000             Loss 0.01346
Epoch [166] Training Class Recall: [0.991,0.997,0.988,0.994,0.997,0.999,1.000,1.000,1.000,1.000]
Epoch [166] Testing Results: Prec@1 71.340 Prec@5 97.280             Loss 1.48042
Epoch [166] Testing Class Recall: [0.935,0.978,0.816,0.762,0.835,0.601,0.698,0.596,0.482,0.431]
Epoch [167] Training Results: Prec@1 99.707 Prec@5 100.000             Loss 0.01250
Epoch [167] Training Class Recall: [0.991,0.998,0.990,0.995,0.999,0.999,1.000,1.000,1.000,1.000]
Epoch [167] Testing Results: Prec@1 71.270 Prec@5 97.140             Loss 1.51234
Epoch [167] Testing Class Recall: [0.941,0.978,0.811,0.771,0.802,0.621,0.723,0.608,0.497,0.375]
Epoch [168] Training Results: Prec@1 99.707 Prec@5 100.000             Loss 0.01199
Epoch [168] Training Class Recall: [0.993,0.995,0.993,0.994,0.998,0.999,0.999,1.000,1.000,1.000]
Epoch [168] Testing Results: Prec@1 71.030 Prec@5 97.240             Loss 1.56097
Epoch [168] Testing Class Recall: [0.942,0.979,0.812,0.778,0.834,0.591,0.674,0.601,0.502,0.390]
Epoch [169] Training Results: Prec@1 99.750 Prec@5 100.000             Loss 0.01080
Epoch [169] Training Class Recall: [0.992,0.997,0.992,0.996,0.999,0.999,1.000,1.000,1.000,1.000]
Epoch [169] Testing Results: Prec@1 71.480 Prec@5 97.280             Loss 1.53072
Epoch [169] Testing Class Recall: [0.940,0.980,0.806,0.785,0.830,0.610,0.690,0.613,0.503,0.391]
Epoch [170] Training Results: Prec@1 99.700 Prec@5 100.000             Loss 0.01161
Epoch [170] Training Class Recall: [0.989,0.997,0.991,0.996,0.999,0.999,1.000,1.000,1.000,1.000]
Epoch [170] Testing Results: Prec@1 71.580 Prec@5 97.270             Loss 1.51235
Epoch [170] Testing Class Recall: [0.940,0.978,0.819,0.779,0.824,0.592,0.695,0.621,0.528,0.382]
Epoch [171] Training Results: Prec@1 99.775 Prec@5 100.000             Loss 0.00998
Epoch [171] Training Class Recall: [0.993,0.997,0.994,0.996,0.999,1.000,1.000,1.000,1.000,1.000]
Epoch [171] Testing Results: Prec@1 71.220 Prec@5 97.200             Loss 1.55244
Epoch [171] Testing Class Recall: [0.941,0.978,0.824,0.775,0.834,0.584,0.698,0.599,0.505,0.384]
Epoch [172] Training Results: Prec@1 99.777 Prec@5 100.000             Loss 0.01013
Epoch [172] Training Class Recall: [0.992,0.999,0.993,0.996,0.999,1.000,1.000,1.000,1.000,1.000]
Epoch [172] Testing Results: Prec@1 71.420 Prec@5 97.300             Loss 1.53815
Epoch [172] Testing Class Recall: [0.943,0.980,0.815,0.785,0.816,0.596,0.698,0.617,0.501,0.391]
Epoch [173] Training Results: Prec@1 99.790 Prec@5 100.000             Loss 0.00963
Epoch [173] Training Class Recall: [0.993,0.998,0.993,0.997,0.999,0.999,1.000,1.000,1.000,1.000]
Epoch [173] Testing Results: Prec@1 71.660 Prec@5 97.350             Loss 1.52202
Epoch [173] Testing Class Recall: [0.941,0.980,0.819,0.775,0.832,0.605,0.687,0.603,0.514,0.410]
Epoch [174] Training Results: Prec@1 99.730 Prec@5 100.000             Loss 0.01016
Epoch [174] Training Class Recall: [0.989,0.996,0.992,0.996,1.000,1.000,1.000,1.000,1.000,1.000]
Epoch [174] Testing Results: Prec@1 71.040 Prec@5 97.210             Loss 1.57339
Epoch [174] Testing Class Recall: [0.946,0.982,0.817,0.784,0.825,0.587,0.691,0.585,0.509,0.378]
Epoch [175] Training Results: Prec@1 99.792 Prec@5 100.000             Loss 0.00941
Epoch [175] Training Class Recall: [0.994,0.998,0.994,0.996,0.999,1.000,1.000,1.000,1.000,1.000]
Epoch [175] Testing Results: Prec@1 71.490 Prec@5 97.270             Loss 1.55270
Epoch [175] Testing Class Recall: [0.942,0.979,0.820,0.801,0.832,0.585,0.689,0.597,0.500,0.404]
Epoch [176] Training Results: Prec@1 99.800 Prec@5 100.000             Loss 0.00914
Epoch [176] Training Class Recall: [0.993,0.999,0.995,0.996,0.999,0.999,1.000,1.000,1.000,1.000]
Epoch [176] Testing Results: Prec@1 70.880 Prec@5 97.130             Loss 1.59605
Epoch [176] Testing Class Recall: [0.942,0.979,0.819,0.801,0.816,0.591,0.700,0.588,0.482,0.370]
Epoch [177] Training Results: Prec@1 99.810 Prec@5 100.000             Loss 0.00877
Epoch [177] Training Class Recall: [0.994,0.999,0.996,0.996,0.998,1.000,1.000,1.000,1.000,1.000]
Epoch [177] Testing Results: Prec@1 70.770 Prec@5 97.110             Loss 1.62263
Epoch [177] Testing Class Recall: [0.939,0.980,0.833,0.808,0.814,0.587,0.691,0.578,0.481,0.366]
Epoch [178] Training Results: Prec@1 99.802 Prec@5 100.000             Loss 0.00835
Epoch [178] Training Class Recall: [0.995,0.998,0.992,0.997,0.999,1.000,1.000,1.000,1.000,1.000]
Epoch [178] Testing Results: Prec@1 70.350 Prec@5 97.010             Loss 1.64834
Epoch [178] Testing Class Recall: [0.941,0.977,0.828,0.797,0.836,0.586,0.692,0.594,0.433,0.351]
Epoch [179] Training Results: Prec@1 99.825 Prec@5 100.000             Loss 0.00811
Epoch [179] Training Class Recall: [0.995,0.997,0.995,0.996,0.999,1.000,1.000,1.000,1.000,1.000]
Epoch [179] Testing Results: Prec@1 71.100 Prec@5 97.140             Loss 1.58551
Epoch [179] Testing Class Recall: [0.940,0.981,0.821,0.802,0.828,0.592,0.704,0.570,0.477,0.395]
Epoch [180] Training Results: Prec@1 99.830 Prec@5 100.000             Loss 0.00797
Epoch [180] Training Class Recall: [0.995,0.997,0.994,0.998,1.000,1.000,1.000,1.000,1.000,1.000]
Epoch [180] Testing Results: Prec@1 71.300 Prec@5 97.170             Loss 1.57138
Epoch [180] Testing Class Recall: [0.935,0.979,0.842,0.786,0.827,0.606,0.664,0.598,0.497,0.396]
Epoch [181] Training Results: Prec@1 99.837 Prec@5 100.000             Loss 0.00819
Epoch [181] Training Class Recall: [0.994,0.998,0.997,0.998,0.999,1.000,1.000,1.000,1.000,1.000]
Epoch [181] Testing Results: Prec@1 70.910 Prec@5 97.180             Loss 1.59641
Epoch [181] Testing Class Recall: [0.941,0.981,0.834,0.790,0.826,0.585,0.684,0.597,0.468,0.385]
Epoch [182] Training Results: Prec@1 99.835 Prec@5 100.000             Loss 0.00824
Epoch [182] Training Class Recall: [0.995,0.998,0.995,0.997,0.999,1.000,1.000,1.000,1.000,1.000]
Epoch [182] Testing Results: Prec@1 71.310 Prec@5 97.240             Loss 1.56209
Epoch [182] Testing Class Recall: [0.943,0.981,0.823,0.788,0.823,0.624,0.670,0.601,0.465,0.413]
Epoch [183] Training Results: Prec@1 99.850 Prec@5 100.000             Loss 0.00750
Epoch [183] Training Class Recall: [0.995,0.998,0.996,0.998,0.999,1.000,1.000,1.000,1.000,1.000]
Epoch [183] Testing Results: Prec@1 71.070 Prec@5 97.190             Loss 1.57865
Epoch [183] Testing Class Recall: [0.938,0.983,0.822,0.799,0.829,0.601,0.700,0.581,0.488,0.366]
Epoch [184] Training Results: Prec@1 99.800 Prec@5 100.000             Loss 0.00803
Epoch [184] Training Class Recall: [0.993,0.999,0.994,0.997,0.998,1.000,1.000,1.000,1.000,1.000]
Epoch [184] Testing Results: Prec@1 71.500 Prec@5 97.290             Loss 1.55014
Epoch [184] Testing Class Recall: [0.942,0.984,0.819,0.787,0.831,0.611,0.684,0.602,0.483,0.407]
Epoch [185] Training Results: Prec@1 99.827 Prec@5 100.000             Loss 0.00823
Epoch [185] Training Class Recall: [0.994,0.999,0.994,0.998,0.999,1.000,1.000,1.000,1.000,1.000]
Epoch [185] Testing Results: Prec@1 71.000 Prec@5 97.230             Loss 1.59287
Epoch [185] Testing Class Recall: [0.939,0.980,0.837,0.801,0.810,0.594,0.689,0.578,0.476,0.396]
Epoch [186] Training Results: Prec@1 99.850 Prec@5 100.000             Loss 0.00810
Epoch [186] Training Class Recall: [0.994,0.999,0.995,0.999,0.999,1.000,1.000,1.000,1.000,1.000]
Epoch [186] Testing Results: Prec@1 71.320 Prec@5 97.310             Loss 1.54757
Epoch [186] Testing Class Recall: [0.946,0.982,0.820,0.787,0.822,0.595,0.717,0.601,0.448,0.414]
Epoch [187] Training Results: Prec@1 99.807 Prec@5 100.000             Loss 0.00849
Epoch [187] Training Class Recall: [0.994,0.998,0.995,0.997,0.999,1.000,1.000,1.000,1.000,1.000]
Epoch [187] Testing Results: Prec@1 71.360 Prec@5 97.230             Loss 1.57115
Epoch [187] Testing Class Recall: [0.941,0.984,0.831,0.782,0.831,0.586,0.707,0.601,0.508,0.365]
Epoch [188] Training Results: Prec@1 99.830 Prec@5 100.000             Loss 0.00816
Epoch [188] Training Class Recall: [0.993,0.999,0.996,0.997,0.999,1.000,1.000,1.000,1.000,1.000]
Epoch [188] Testing Results: Prec@1 70.860 Prec@5 97.220             Loss 1.60077
Epoch [188] Testing Class Recall: [0.941,0.981,0.833,0.796,0.804,0.594,0.689,0.605,0.470,0.373]
Epoch [189] Training Results: Prec@1 99.785 Prec@5 100.000             Loss 0.00818
Epoch [189] Training Class Recall: [0.992,0.998,0.995,0.996,0.999,1.000,1.000,1.000,1.000,1.000]
Epoch [189] Testing Results: Prec@1 71.220 Prec@5 97.260             Loss 1.58150
Epoch [189] Testing Class Recall: [0.948,0.979,0.827,0.800,0.817,0.598,0.692,0.586,0.475,0.400]
Epoch [190] Training Results: Prec@1 99.857 Prec@5 100.000             Loss 0.00740
Epoch [190] Training Class Recall: [0.996,0.999,0.994,0.998,1.000,1.000,1.000,1.000,1.000,1.000]
Epoch [190] Testing Results: Prec@1 71.680 Prec@5 97.260             Loss 1.53614
Epoch [190] Testing Class Recall: [0.938,0.985,0.816,0.793,0.827,0.604,0.714,0.583,0.505,0.403]
Epoch [191] Training Results: Prec@1 99.850 Prec@5 100.000             Loss 0.00792
Epoch [191] Training Class Recall: [0.994,1.000,0.996,0.997,0.999,1.000,1.000,1.000,1.000,1.000]
Epoch [191] Testing Results: Prec@1 71.050 Prec@5 97.240             Loss 1.56344
Epoch [191] Testing Class Recall: [0.939,0.981,0.828,0.792,0.819,0.601,0.681,0.602,0.461,0.401]
Epoch [192] Training Results: Prec@1 99.837 Prec@5 100.000             Loss 0.00761
Epoch [192] Training Class Recall: [0.994,0.998,0.996,0.998,0.999,1.000,1.000,1.000,1.000,1.000]
Epoch [192] Testing Results: Prec@1 71.370 Prec@5 97.200             Loss 1.56000
Epoch [192] Testing Class Recall: [0.942,0.982,0.828,0.783,0.834,0.590,0.704,0.601,0.474,0.399]
Epoch [193] Training Results: Prec@1 99.822 Prec@5 99.997             Loss 0.00806
Epoch [193] Training Class Recall: [0.996,0.998,0.993,0.997,0.999,1.000,1.000,1.000,1.000,1.000]
Epoch [193] Testing Results: Prec@1 71.100 Prec@5 97.180             Loss 1.59347
Epoch [193] Testing Class Recall: [0.938,0.983,0.826,0.789,0.831,0.598,0.689,0.589,0.492,0.375]
Epoch [194] Training Results: Prec@1 99.822 Prec@5 100.000             Loss 0.00797
Epoch [194] Training Class Recall: [0.994,0.997,0.995,0.998,1.000,1.000,1.000,1.000,1.000,1.000]
Epoch [194] Testing Results: Prec@1 71.210 Prec@5 97.250             Loss 1.57382
Epoch [194] Testing Class Recall: [0.943,0.982,0.834,0.780,0.833,0.592,0.695,0.574,0.482,0.406]
Epoch [195] Training Results: Prec@1 99.847 Prec@5 100.000             Loss 0.00731
Epoch [195] Training Class Recall: [0.995,0.999,0.994,0.997,1.000,1.000,1.000,1.000,1.000,1.000]
Epoch [195] Testing Results: Prec@1 71.730 Prec@5 97.290             Loss 1.53328
Epoch [195] Testing Class Recall: [0.940,0.984,0.828,0.774,0.829,0.609,0.700,0.586,0.524,0.399]
Epoch [196] Training Results: Prec@1 99.830 Prec@5 100.000             Loss 0.00787
Epoch [196] Training Class Recall: [0.994,0.999,0.995,0.997,0.999,1.000,1.000,1.000,1.000,1.000]
Epoch [196] Testing Results: Prec@1 71.130 Prec@5 97.180             Loss 1.57967
Epoch [196] Testing Class Recall: [0.939,0.981,0.823,0.800,0.819,0.607,0.688,0.591,0.492,0.373]
Epoch [197] Training Results: Prec@1 99.837 Prec@5 100.000             Loss 0.00796
Epoch [197] Training Class Recall: [0.995,0.997,0.995,0.998,1.000,1.000,1.000,1.000,1.000,1.000]
Epoch [197] Testing Results: Prec@1 70.840 Prec@5 97.180             Loss 1.58894
Epoch [197] Testing Class Recall: [0.937,0.980,0.832,0.784,0.823,0.616,0.689,0.602,0.424,0.397]
Epoch [198] Training Results: Prec@1 99.805 Prec@5 100.000             Loss 0.00801
Epoch [198] Training Class Recall: [0.995,0.996,0.994,0.997,0.999,1.000,1.000,1.000,1.000,1.000]
Epoch [198] Testing Results: Prec@1 71.360 Prec@5 97.270             Loss 1.55562
Epoch [198] Testing Class Recall: [0.940,0.983,0.831,0.799,0.814,0.595,0.697,0.574,0.512,0.391]
Epoch [199] Training Results: Prec@1 99.817 Prec@5 100.000             Loss 0.00811
Epoch [199] Training Class Recall: [0.994,0.998,0.995,0.997,0.999,1.000,1.000,1.000,1.000,1.000]
Epoch [199] Testing Results: Prec@1 71.160 Prec@5 97.240             Loss 1.57574
Epoch [199] Testing Class Recall: [0.943,0.979,0.829,0.785,0.826,0.610,0.683,0.599,0.467,0.395]
