Log file: cifar10_noisy_lava0.5_erm_exp1.0_seed42_20260428_153744.log
Run started: 2026-04-28 15:37:44.683507
Dataset: cifar10_noisy
Imbalance type: exp, factor: 1.0
Selection method: lava, ratio: 0.5
Strategy: ERM, epochs: 200
Seed: 42, rand_number: 0
Augmentation: weak
Noise ratio: 0.25
============================================================

=> Preparing logger and tensorboard writer !
----------------------------------------------------
Class ID   | Original   | Selected   | Keep %  
----------------------------------------------------
0          | 4000       | 2326       |    58.1%
1          | 4000       | 2793       |    69.8%
2          | 4000       | 2326       |    58.1%
3          | 4000       | 377        |     9.4%
4          | 4000       | 280        |     7.0%
5          | 4000       | 1635       |    40.9%
6          | 4000       | 2288       |    57.2%
7          | 4000       | 2567       |    64.2%
8          | 4000       | 2687       |    67.2%
9          | 4000       | 2721       |    68.0%
----------------------------------------------------
TOTAL      | 40000      | 20000      |    50.0%
----------------------------------------------------
Epoch [0] Training Results: Prec@1 38.060 Prec@5 88.450             Loss 1.70122
Epoch [0] Training Class Recall: [0.336,0.462,0.307,0.000,0.004,0.157,0.451,0.443,0.492,0.398]
Epoch [0] Testing Results: Prec@1 27.810 Prec@5 78.790             Loss 2.67833
Epoch [0] Testing Class Recall: [0.650,0.235,0.087,0.000,0.000,0.762,0.273,0.445,0.246,0.083]
Epoch [1] Training Results: Prec@1 51.070 Prec@5 93.705             Loss 1.39143
Epoch [1] Training Class Recall: [0.446,0.593,0.411,0.000,0.000,0.412,0.596,0.594,0.594,0.516]
Epoch [1] Testing Results: Prec@1 43.890 Prec@5 88.020             Loss 1.83776
Epoch [1] Testing Class Recall: [0.717,0.736,0.557,0.034,0.000,0.406,0.506,0.773,0.507,0.153]
Epoch [2] Training Results: Prec@1 64.410 Prec@5 95.830             Loss 1.07865
Epoch [2] Training Class Recall: [0.593,0.743,0.539,0.008,0.000,0.574,0.731,0.700,0.699,0.693]
Epoch [2] Testing Results: Prec@1 43.260 Prec@5 88.870             Loss 2.10321
Epoch [2] Testing Class Recall: [0.464,0.426,0.317,0.000,0.066,0.273,0.559,0.975,0.524,0.722]
Epoch [3] Training Results: Prec@1 71.055 Prec@5 96.800             Loss 0.91939
Epoch [3] Training Class Recall: [0.659,0.811,0.617,0.040,0.021,0.645,0.789,0.755,0.771,0.769]
Epoch [3] Testing Results: Prec@1 55.150 Prec@5 93.170             Loss 1.42037
Epoch [3] Testing Class Recall: [0.565,0.661,0.770,0.009,0.003,0.404,0.813,0.675,0.897,0.718]
Epoch [4] Training Results: Prec@1 74.470 Prec@5 97.470             Loss 0.81691
Epoch [4] Training Class Recall: [0.712,0.835,0.651,0.042,0.054,0.690,0.805,0.788,0.809,0.806]
Epoch [4] Testing Results: Prec@1 55.630 Prec@5 92.700             Loss 1.46287
Epoch [4] Testing Class Recall: [0.572,0.849,0.476,0.028,0.069,0.767,0.331,0.761,0.810,0.900]
Epoch [5] Training Results: Prec@1 77.370 Prec@5 98.070             Loss 0.72692
Epoch [5] Training Class Recall: [0.751,0.865,0.672,0.093,0.111,0.718,0.831,0.823,0.840,0.822]
Epoch [5] Testing Results: Prec@1 56.940 Prec@5 92.620             Loss 1.42990
Epoch [5] Testing Class Recall: [0.851,0.828,0.465,0.016,0.217,0.374,0.646,0.934,0.878,0.485]
Epoch [6] Training Results: Prec@1 80.325 Prec@5 98.310             Loss 0.64947
Epoch [6] Training Class Recall: [0.794,0.884,0.713,0.191,0.186,0.751,0.852,0.847,0.867,0.839]
Epoch [6] Testing Results: Prec@1 59.260 Prec@5 95.640             Loss 1.36192
Epoch [6] Testing Class Recall: [0.563,0.741,0.843,0.051,0.113,0.466,0.876,0.670,0.920,0.683]
Epoch [7] Training Results: Prec@1 81.770 Prec@5 98.550             Loss 0.60664
Epoch [7] Training Class Recall: [0.806,0.892,0.726,0.313,0.261,0.771,0.849,0.868,0.864,0.865]
Epoch [7] Testing Results: Prec@1 63.870 Prec@5 94.700             Loss 1.11002
Epoch [7] Testing Class Recall: [0.936,0.871,0.636,0.121,0.317,0.592,0.855,0.697,0.737,0.625]
Epoch [8] Training Results: Prec@1 83.300 Prec@5 98.605             Loss 0.56466
Epoch [8] Training Class Recall: [0.822,0.895,0.753,0.379,0.293,0.792,0.865,0.872,0.885,0.875]
Epoch [8] Testing Results: Prec@1 61.770 Prec@5 94.910             Loss 1.25644
Epoch [8] Testing Class Recall: [0.942,0.893,0.745,0.132,0.257,0.612,0.592,0.832,0.648,0.524]
Epoch [9] Training Results: Prec@1 84.485 Prec@5 98.780             Loss 0.52499
Epoch [9] Training Class Recall: [0.836,0.898,0.762,0.459,0.350,0.813,0.879,0.888,0.895,0.873]
Epoch [9] Testing Results: Prec@1 66.710 Prec@5 96.350             Loss 1.08749
Epoch [9] Testing Class Recall: [0.819,0.860,0.823,0.237,0.304,0.741,0.636,0.692,0.894,0.665]
Epoch [10] Training Results: Prec@1 85.215 Prec@5 98.850             Loss 0.50309
Epoch [10] Training Class Recall: [0.839,0.907,0.771,0.488,0.429,0.818,0.883,0.901,0.892,0.880]
Epoch [10] Testing Results: Prec@1 61.360 Prec@5 88.850             Loss 1.42030
Epoch [10] Testing Class Recall: [0.737,0.940,0.719,0.133,0.231,0.214,0.669,0.719,0.844,0.930]
Epoch [11] Training Results: Prec@1 85.645 Prec@5 98.865             Loss 0.48837
Epoch [11] Training Class Recall: [0.835,0.910,0.783,0.509,0.471,0.822,0.888,0.899,0.893,0.888]
Epoch [11] Testing Results: Prec@1 70.930 Prec@5 96.610             Loss 0.88840
Epoch [11] Testing Class Recall: [0.860,0.814,0.644,0.234,0.229,0.801,0.895,0.835,0.859,0.922]
Epoch [12] Training Results: Prec@1 86.720 Prec@5 98.870             Loss 0.45879
Epoch [12] Training Class Recall: [0.869,0.911,0.789,0.504,0.482,0.840,0.891,0.911,0.908,0.891]
Epoch [12] Testing Results: Prec@1 63.710 Prec@5 95.520             Loss 1.39292
Epoch [12] Testing Class Recall: [0.685,0.943,0.808,0.349,0.061,0.511,0.930,0.434,0.859,0.791]
Epoch [13] Training Results: Prec@1 86.665 Prec@5 99.035             Loss 0.45560
Epoch [13] Training Class Recall: [0.859,0.918,0.793,0.568,0.479,0.835,0.894,0.901,0.901,0.894]
Epoch [13] Testing Results: Prec@1 69.220 Prec@5 94.630             Loss 1.10648
Epoch [13] Testing Class Recall: [0.669,0.912,0.625,0.201,0.246,0.694,0.919,0.876,0.828,0.952]
Epoch [14] Training Results: Prec@1 87.515 Prec@5 99.040             Loss 0.43083
Epoch [14] Training Class Recall: [0.858,0.919,0.813,0.565,0.589,0.847,0.895,0.921,0.908,0.896]
Epoch [14] Testing Results: Prec@1 68.190 Prec@5 96.070             Loss 1.18552
Epoch [14] Testing Class Recall: [0.816,0.754,0.613,0.154,0.289,0.813,0.787,0.924,0.786,0.883]
Epoch [15] Training Results: Prec@1 87.810 Prec@5 99.120             Loss 0.42343
Epoch [15] Training Class Recall: [0.862,0.927,0.816,0.584,0.539,0.847,0.905,0.917,0.907,0.901]
Epoch [15] Testing Results: Prec@1 67.920 Prec@5 96.280             Loss 1.03233
Epoch [15] Testing Class Recall: [0.651,0.584,0.800,0.182,0.327,0.793,0.708,0.851,0.934,0.962]
Epoch [16] Training Results: Prec@1 88.400 Prec@5 99.170             Loss 0.40497
Epoch [16] Training Class Recall: [0.878,0.926,0.824,0.597,0.564,0.845,0.904,0.928,0.916,0.904]
Epoch [16] Testing Results: Prec@1 70.860 Prec@5 96.900             Loss 1.01940
Epoch [16] Testing Class Recall: [0.617,0.872,0.635,0.196,0.418,0.852,0.825,0.917,0.881,0.873]
Epoch [17] Training Results: Prec@1 88.435 Prec@5 99.130             Loss 0.39898
Epoch [17] Training Class Recall: [0.881,0.923,0.822,0.597,0.586,0.860,0.901,0.919,0.919,0.905]
Epoch [17] Testing Results: Prec@1 69.200 Prec@5 95.140             Loss 1.13923
Epoch [17] Testing Class Recall: [0.882,0.974,0.697,0.198,0.250,0.681,0.878,0.946,0.868,0.546]
Epoch [18] Training Results: Prec@1 88.945 Prec@5 99.170             Loss 0.39078
Epoch [18] Training Class Recall: [0.877,0.928,0.834,0.594,0.650,0.869,0.902,0.929,0.918,0.910]
Epoch [18] Testing Results: Prec@1 62.870 Prec@5 93.470             Loss 1.43808
Epoch [18] Testing Class Recall: [0.436,0.754,0.600,0.235,0.268,0.582,0.870,0.657,0.972,0.913]
Epoch [19] Training Results: Prec@1 89.035 Prec@5 99.165             Loss 0.38780
Epoch [19] Training Class Recall: [0.874,0.935,0.825,0.618,0.614,0.867,0.907,0.937,0.918,0.908]
Epoch [19] Testing Results: Prec@1 73.920 Prec@5 97.200             Loss 0.84958
Epoch [19] Testing Class Recall: [0.762,0.914,0.861,0.289,0.334,0.791,0.791,0.862,0.941,0.847]
Epoch [20] Training Results: Prec@1 89.325 Prec@5 99.285             Loss 0.37147
Epoch [20] Training Class Recall: [0.881,0.933,0.837,0.626,0.618,0.865,0.911,0.937,0.918,0.913]
Epoch [20] Testing Results: Prec@1 70.420 Prec@5 95.220             Loss 1.15413
Epoch [20] Testing Class Recall: [0.674,0.722,0.758,0.448,0.180,0.550,0.930,0.888,0.946,0.946]
Epoch [21] Training Results: Prec@1 89.465 Prec@5 99.200             Loss 0.37244
Epoch [21] Training Class Recall: [0.884,0.932,0.847,0.618,0.596,0.864,0.915,0.936,0.922,0.911]
Epoch [21] Testing Results: Prec@1 66.560 Prec@5 92.440             Loss 1.28829
Epoch [21] Testing Class Recall: [0.649,0.830,0.619,0.179,0.234,0.676,0.786,0.795,0.912,0.976]
Epoch [22] Training Results: Prec@1 89.825 Prec@5 99.280             Loss 0.36345
Epoch [22] Training Class Recall: [0.898,0.928,0.845,0.607,0.696,0.876,0.915,0.932,0.923,0.918]
Epoch [22] Testing Results: Prec@1 71.940 Prec@5 95.560             Loss 0.99227
Epoch [22] Testing Class Recall: [0.595,0.928,0.808,0.292,0.592,0.378,0.872,0.941,0.866,0.922]
Epoch [23] Training Results: Prec@1 89.715 Prec@5 99.285             Loss 0.35863
Epoch [23] Training Class Recall: [0.895,0.931,0.853,0.666,0.679,0.864,0.912,0.929,0.916,0.917]
Epoch [23] Testing Results: Prec@1 74.240 Prec@5 95.470             Loss 0.89907
Epoch [23] Testing Class Recall: [0.858,0.979,0.823,0.231,0.449,0.763,0.818,0.844,0.847,0.812]
Epoch [24] Training Results: Prec@1 90.460 Prec@5 99.325             Loss 0.34384
Epoch [24] Training Class Recall: [0.905,0.937,0.861,0.650,0.679,0.875,0.919,0.939,0.928,0.918]
Epoch [24] Testing Results: Prec@1 69.220 Prec@5 95.470             Loss 1.24004
Epoch [24] Testing Class Recall: [0.776,0.862,0.896,0.187,0.375,0.482,0.724,0.950,0.905,0.765]
Epoch [25] Training Results: Prec@1 90.180 Prec@5 99.250             Loss 0.34809
Epoch [25] Training Class Recall: [0.892,0.938,0.853,0.650,0.657,0.875,0.919,0.938,0.926,0.918]
Epoch [25] Testing Results: Prec@1 66.550 Prec@5 96.120             Loss 1.17307
Epoch [25] Testing Class Recall: [0.423,0.492,0.636,0.547,0.335,0.833,0.855,0.794,0.784,0.956]
Epoch [26] Training Results: Prec@1 90.185 Prec@5 99.265             Loss 0.35016
Epoch [26] Training Class Recall: [0.888,0.929,0.869,0.671,0.700,0.874,0.912,0.941,0.926,0.914]
Epoch [26] Testing Results: Prec@1 73.290 Prec@5 96.480             Loss 0.95505
Epoch [26] Testing Class Recall: [0.881,0.882,0.626,0.359,0.517,0.554,0.945,0.881,0.939,0.745]
Epoch [27] Training Results: Prec@1 90.440 Prec@5 99.315             Loss 0.33920
Epoch [27] Training Class Recall: [0.902,0.932,0.863,0.660,0.686,0.884,0.925,0.937,0.926,0.912]
Epoch [27] Testing Results: Prec@1 69.950 Prec@5 95.110             Loss 1.13531
Epoch [27] Testing Class Recall: [0.671,0.924,0.862,0.182,0.421,0.455,0.896,0.962,0.934,0.688]
Epoch [28] Training Results: Prec@1 90.305 Prec@5 99.360             Loss 0.33490
Epoch [28] Training Class Recall: [0.898,0.932,0.863,0.679,0.682,0.876,0.921,0.938,0.923,0.914]
Epoch [28] Testing Results: Prec@1 65.070 Prec@5 94.300             Loss 1.43251
Epoch [28] Testing Class Recall: [0.648,0.826,0.899,0.124,0.221,0.693,0.834,0.888,0.764,0.610]
Epoch [29] Training Results: Prec@1 90.585 Prec@5 99.355             Loss 0.33058
Epoch [29] Training Class Recall: [0.894,0.939,0.857,0.653,0.700,0.886,0.928,0.940,0.931,0.915]
Epoch [29] Testing Results: Prec@1 74.730 Prec@5 97.500             Loss 0.86596
Epoch [29] Testing Class Recall: [0.664,0.966,0.863,0.434,0.379,0.706,0.878,0.816,0.932,0.835]
Epoch [30] Training Results: Prec@1 90.790 Prec@5 99.370             Loss 0.32052
Epoch [30] Training Class Recall: [0.899,0.935,0.868,0.711,0.675,0.889,0.918,0.942,0.932,0.919]
Epoch [30] Testing Results: Prec@1 65.640 Prec@5 95.380             Loss 1.45242
Epoch [30] Testing Class Recall: [0.674,0.859,0.945,0.081,0.172,0.433,0.855,0.903,0.824,0.818]
Epoch [31] Training Results: Prec@1 90.930 Prec@5 99.385             Loss 0.31559
Epoch [31] Training Class Recall: [0.905,0.943,0.866,0.666,0.682,0.890,0.927,0.942,0.927,0.921]
Epoch [31] Testing Results: Prec@1 72.320 Prec@5 96.520             Loss 1.00767
Epoch [31] Testing Class Recall: [0.846,0.917,0.634,0.300,0.426,0.703,0.828,0.984,0.715,0.879]
Epoch [32] Training Results: Prec@1 91.295 Prec@5 99.350             Loss 0.30983
Epoch [32] Training Class Recall: [0.915,0.943,0.874,0.703,0.700,0.886,0.920,0.948,0.930,0.925]
Epoch [32] Testing Results: Prec@1 74.400 Prec@5 96.660             Loss 0.98524
Epoch [32] Testing Class Recall: [0.679,0.912,0.642,0.255,0.483,0.828,0.896,0.876,0.918,0.951]
Epoch [33] Training Results: Prec@1 91.280 Prec@5 99.385             Loss 0.30942
Epoch [33] Training Class Recall: [0.901,0.941,0.877,0.690,0.746,0.890,0.927,0.948,0.930,0.925]
Epoch [33] Testing Results: Prec@1 70.660 Prec@5 95.450             Loss 1.13483
Epoch [33] Testing Class Recall: [0.842,0.893,0.727,0.102,0.210,0.882,0.898,0.863,0.780,0.869]
Epoch [34] Training Results: Prec@1 91.445 Prec@5 99.405             Loss 0.30302
Epoch [34] Training Class Recall: [0.902,0.939,0.877,0.692,0.725,0.898,0.926,0.951,0.936,0.926]
Epoch [34] Testing Results: Prec@1 72.730 Prec@5 95.840             Loss 0.99308
Epoch [34] Testing Class Recall: [0.796,0.769,0.691,0.265,0.347,0.839,0.916,0.787,0.887,0.976]
Epoch [35] Training Results: Prec@1 91.255 Prec@5 99.355             Loss 0.30715
Epoch [35] Training Class Recall: [0.904,0.949,0.872,0.684,0.721,0.883,0.924,0.943,0.932,0.930]
Epoch [35] Testing Results: Prec@1 74.910 Prec@5 97.300             Loss 0.91368
Epoch [35] Testing Class Recall: [0.842,0.904,0.739,0.261,0.690,0.774,0.817,0.951,0.612,0.901]
Epoch [36] Training Results: Prec@1 91.545 Prec@5 99.480             Loss 0.29853
Epoch [36] Training Class Recall: [0.911,0.942,0.876,0.714,0.732,0.892,0.928,0.949,0.935,0.925]
Epoch [36] Testing Results: Prec@1 65.760 Prec@5 94.090             Loss 1.31089
Epoch [36] Testing Class Recall: [0.772,0.797,0.907,0.163,0.406,0.582,0.633,0.502,0.843,0.971]
Epoch [37] Training Results: Prec@1 91.720 Prec@5 99.400             Loss 0.29436
Epoch [37] Training Class Recall: [0.922,0.940,0.880,0.692,0.725,0.902,0.929,0.947,0.934,0.927]
Epoch [37] Testing Results: Prec@1 75.580 Prec@5 97.220             Loss 0.89316
Epoch [37] Testing Class Recall: [0.802,0.888,0.792,0.462,0.372,0.592,0.856,0.940,0.914,0.940]
Epoch [38] Training Results: Prec@1 91.825 Prec@5 99.325             Loss 0.29493
Epoch [38] Training Class Recall: [0.908,0.949,0.883,0.711,0.714,0.902,0.931,0.946,0.936,0.930]
Epoch [38] Testing Results: Prec@1 72.870 Prec@5 95.710             Loss 1.04773
Epoch [38] Testing Class Recall: [0.759,0.959,0.681,0.253,0.360,0.790,0.920,0.925,0.739,0.901]
Epoch [39] Training Results: Prec@1 91.445 Prec@5 99.395             Loss 0.30051
Epoch [39] Training Class Recall: [0.908,0.944,0.880,0.714,0.739,0.891,0.925,0.947,0.932,0.922]
Epoch [39] Testing Results: Prec@1 75.310 Prec@5 96.430             Loss 0.99349
Epoch [39] Testing Class Recall: [0.847,0.920,0.634,0.296,0.695,0.737,0.797,0.937,0.802,0.866]
Epoch [40] Training Results: Prec@1 91.750 Prec@5 99.395             Loss 0.29277
Epoch [40] Training Class Recall: [0.907,0.945,0.888,0.716,0.721,0.894,0.929,0.949,0.939,0.925]
Epoch [40] Testing Results: Prec@1 73.490 Prec@5 95.470             Loss 0.98851
Epoch [40] Testing Class Recall: [0.887,0.912,0.751,0.268,0.527,0.668,0.713,0.917,0.847,0.859]
Epoch [41] Training Results: Prec@1 91.565 Prec@5 99.405             Loss 0.29401
Epoch [41] Training Class Recall: [0.908,0.942,0.871,0.727,0.739,0.894,0.928,0.953,0.935,0.927]
Epoch [41] Testing Results: Prec@1 73.400 Prec@5 95.470             Loss 1.12924
Epoch [41] Testing Class Recall: [0.836,0.948,0.786,0.186,0.299,0.866,0.773,0.906,0.835,0.905]
Epoch [42] Training Results: Prec@1 91.810 Prec@5 99.405             Loss 0.28758
Epoch [42] Training Class Recall: [0.910,0.941,0.889,0.698,0.743,0.902,0.930,0.954,0.933,0.926]
Epoch [42] Testing Results: Prec@1 71.910 Prec@5 92.160             Loss 1.27524
Epoch [42] Testing Class Recall: [0.885,0.924,0.779,0.152,0.400,0.504,0.910,0.813,0.923,0.901]
Epoch [43] Training Results: Prec@1 92.125 Prec@5 99.420             Loss 0.28449
Epoch [43] Training Class Recall: [0.905,0.945,0.892,0.714,0.764,0.898,0.934,0.958,0.939,0.933]
Epoch [43] Testing Results: Prec@1 77.780 Prec@5 97.430             Loss 0.78505
Epoch [43] Testing Class Recall: [0.901,0.929,0.776,0.433,0.598,0.704,0.886,0.904,0.869,0.778]
Epoch [44] Training Results: Prec@1 91.995 Prec@5 99.505             Loss 0.28342
Epoch [44] Training Class Recall: [0.917,0.938,0.892,0.724,0.732,0.892,0.934,0.953,0.940,0.929]
Epoch [44] Testing Results: Prec@1 71.050 Prec@5 94.320             Loss 1.18908
Epoch [44] Testing Class Recall: [0.910,0.947,0.746,0.197,0.441,0.599,0.764,0.962,0.693,0.846]
Epoch [45] Training Results: Prec@1 92.340 Prec@5 99.430             Loss 0.27140
Epoch [45] Training Class Recall: [0.918,0.945,0.888,0.721,0.718,0.898,0.938,0.956,0.943,0.938]
Epoch [45] Testing Results: Prec@1 74.930 Prec@5 96.820             Loss 0.94947
Epoch [45] Testing Class Recall: [0.768,0.782,0.740,0.542,0.278,0.738,0.898,0.882,0.970,0.895]
Epoch [46] Training Results: Prec@1 92.190 Prec@5 99.475             Loss 0.27464
Epoch [46] Training Class Recall: [0.913,0.942,0.892,0.727,0.761,0.901,0.932,0.960,0.939,0.930]
Epoch [46] Testing Results: Prec@1 68.330 Prec@5 95.260             Loss 1.20583
Epoch [46] Testing Class Recall: [0.592,0.778,0.860,0.254,0.332,0.589,0.859,0.724,0.861,0.984]
Epoch [47] Training Results: Prec@1 91.670 Prec@5 99.425             Loss 0.28726
Epoch [47] Training Class Recall: [0.915,0.942,0.883,0.708,0.739,0.885,0.924,0.949,0.939,0.928]
Epoch [47] Testing Results: Prec@1 71.760 Prec@5 96.140             Loss 1.12116
Epoch [47] Testing Class Recall: [0.773,0.892,0.747,0.159,0.583,0.849,0.675,0.942,0.689,0.867]
Epoch [48] Training Results: Prec@1 92.245 Prec@5 99.420             Loss 0.27452
Epoch [48] Training Class Recall: [0.910,0.946,0.893,0.729,0.789,0.913,0.933,0.956,0.930,0.933]
Epoch [48] Testing Results: Prec@1 73.570 Prec@5 96.500             Loss 0.99853
Epoch [48] Testing Class Recall: [0.615,0.786,0.863,0.422,0.457,0.556,0.848,0.902,0.938,0.970]
Epoch [49] Training Results: Prec@1 92.380 Prec@5 99.470             Loss 0.27155
Epoch [49] Training Class Recall: [0.917,0.950,0.887,0.719,0.754,0.902,0.934,0.957,0.939,0.938]
Epoch [49] Testing Results: Prec@1 73.100 Prec@5 95.540             Loss 1.16181
Epoch [49] Testing Class Recall: [0.814,0.933,0.645,0.180,0.358,0.689,0.954,0.957,0.851,0.929]
Epoch [50] Training Results: Prec@1 92.325 Prec@5 99.465             Loss 0.27684
Epoch [50] Training Class Recall: [0.912,0.940,0.891,0.751,0.754,0.905,0.939,0.960,0.933,0.938]
Epoch [50] Testing Results: Prec@1 74.250 Prec@5 95.540             Loss 1.06350
Epoch [50] Testing Class Recall: [0.808,0.946,0.841,0.293,0.486,0.523,0.883,0.845,0.935,0.865]
Epoch [51] Training Results: Prec@1 92.250 Prec@5 99.460             Loss 0.27218
Epoch [51] Training Class Recall: [0.911,0.948,0.891,0.703,0.768,0.902,0.936,0.954,0.940,0.933]
Epoch [51] Testing Results: Prec@1 74.790 Prec@5 97.700             Loss 0.98896
Epoch [51] Testing Class Recall: [0.779,0.928,0.580,0.204,0.547,0.907,0.901,0.884,0.828,0.921]
Epoch [52] Training Results: Prec@1 92.380 Prec@5 99.460             Loss 0.26841
Epoch [52] Training Class Recall: [0.919,0.941,0.895,0.735,0.768,0.902,0.930,0.959,0.940,0.936]
Epoch [52] Testing Results: Prec@1 70.700 Prec@5 95.200             Loss 1.25230
Epoch [52] Testing Class Recall: [0.933,0.895,0.701,0.191,0.339,0.651,0.917,0.887,0.844,0.712]
Epoch [53] Training Results: Prec@1 92.530 Prec@5 99.510             Loss 0.26942
Epoch [53] Training Class Recall: [0.918,0.946,0.891,0.706,0.786,0.906,0.940,0.958,0.943,0.935]
Epoch [53] Testing Results: Prec@1 71.220 Prec@5 93.590             Loss 1.24625
Epoch [53] Testing Class Recall: [0.851,0.927,0.606,0.208,0.367,0.713,0.763,0.851,0.943,0.893]
Epoch [54] Training Results: Prec@1 92.465 Prec@5 99.490             Loss 0.26286
Epoch [54] Training Class Recall: [0.917,0.946,0.893,0.729,0.729,0.916,0.933,0.955,0.941,0.938]
Epoch [54] Testing Results: Prec@1 69.890 Prec@5 96.790             Loss 1.29524
Epoch [54] Testing Class Recall: [0.702,0.841,0.703,0.272,0.384,0.522,0.959,0.955,0.782,0.869]
Epoch [55] Training Results: Prec@1 92.450 Prec@5 99.505             Loss 0.27071
Epoch [55] Training Class Recall: [0.926,0.947,0.896,0.716,0.771,0.900,0.935,0.954,0.936,0.936]
Epoch [55] Testing Results: Prec@1 72.460 Prec@5 95.680             Loss 1.11316
Epoch [55] Testing Class Recall: [0.620,0.859,0.771,0.137,0.536,0.792,0.746,0.944,0.886,0.955]
Epoch [56] Training Results: Prec@1 92.550 Prec@5 99.525             Loss 0.25775
Epoch [56] Training Class Recall: [0.915,0.951,0.901,0.724,0.771,0.910,0.935,0.956,0.940,0.931]
Epoch [56] Testing Results: Prec@1 75.370 Prec@5 96.490             Loss 1.00022
Epoch [56] Testing Class Recall: [0.840,0.883,0.649,0.478,0.469,0.617,0.822,0.888,0.965,0.926]
Epoch [57] Training Results: Prec@1 92.780 Prec@5 99.530             Loss 0.25421
Epoch [57] Training Class Recall: [0.921,0.944,0.901,0.761,0.775,0.909,0.941,0.956,0.948,0.931]
Epoch [57] Testing Results: Prec@1 72.090 Prec@5 96.370             Loss 1.10871
Epoch [57] Testing Class Recall: [0.693,0.944,0.570,0.243,0.542,0.853,0.637,0.897,0.902,0.928]
Epoch [58] Training Results: Prec@1 92.365 Prec@5 99.495             Loss 0.26884
Epoch [58] Training Class Recall: [0.912,0.952,0.888,0.711,0.789,0.906,0.931,0.959,0.938,0.936]
Epoch [58] Testing Results: Prec@1 70.520 Prec@5 95.810             Loss 1.16409
Epoch [58] Testing Class Recall: [0.851,0.873,0.707,0.435,0.246,0.810,0.867,0.916,0.698,0.649]
Epoch [59] Training Results: Prec@1 93.085 Prec@5 99.505             Loss 0.25107
Epoch [59] Training Class Recall: [0.929,0.949,0.903,0.761,0.804,0.907,0.945,0.961,0.940,0.939]
Epoch [59] Testing Results: Prec@1 76.000 Prec@5 97.640             Loss 1.04223
Epoch [59] Testing Class Recall: [0.758,0.818,0.770,0.348,0.591,0.649,0.960,0.899,0.879,0.928]
Epoch [60] Training Results: Prec@1 92.520 Prec@5 99.525             Loss 0.25534
Epoch [60] Training Class Recall: [0.924,0.950,0.888,0.721,0.757,0.903,0.936,0.952,0.945,0.938]
Epoch [60] Testing Results: Prec@1 74.500 Prec@5 97.770             Loss 0.97472
Epoch [60] Testing Class Recall: [0.799,0.893,0.517,0.399,0.516,0.769,0.757,0.959,0.920,0.921]
Epoch [61] Training Results: Prec@1 92.515 Prec@5 99.530             Loss 0.25913
Epoch [61] Training Class Recall: [0.922,0.948,0.891,0.729,0.764,0.905,0.935,0.955,0.943,0.935]
Epoch [61] Testing Results: Prec@1 73.650 Prec@5 94.760             Loss 1.11882
Epoch [61] Testing Class Recall: [0.786,0.899,0.777,0.254,0.316,0.736,0.905,0.802,0.948,0.942]
Epoch [62] Training Results: Prec@1 92.790 Prec@5 99.470             Loss 0.25654
Epoch [62] Training Class Recall: [0.918,0.949,0.901,0.729,0.789,0.909,0.938,0.962,0.940,0.938]
Epoch [62] Testing Results: Prec@1 76.800 Prec@5 96.750             Loss 0.88143
Epoch [62] Testing Class Recall: [0.799,0.916,0.857,0.304,0.605,0.645,0.793,0.941,0.941,0.879]
Epoch [63] Training Results: Prec@1 93.060 Prec@5 99.520             Loss 0.25121
Epoch [63] Training Class Recall: [0.914,0.954,0.899,0.761,0.782,0.917,0.941,0.962,0.944,0.943]
Epoch [63] Testing Results: Prec@1 76.750 Prec@5 95.630             Loss 0.94787
Epoch [63] Testing Class Recall: [0.794,0.885,0.710,0.348,0.740,0.657,0.913,0.774,0.910,0.944]
Epoch [64] Training Results: Prec@1 92.805 Prec@5 99.525             Loss 0.25350
Epoch [64] Training Class Recall: [0.927,0.947,0.902,0.761,0.757,0.903,0.937,0.954,0.945,0.939]
Epoch [64] Testing Results: Prec@1 74.980 Prec@5 96.580             Loss 1.07873
Epoch [64] Testing Class Recall: [0.759,0.895,0.715,0.268,0.430,0.778,0.897,0.945,0.958,0.853]
Epoch [65] Training Results: Prec@1 92.765 Prec@5 99.535             Loss 0.25588
Epoch [65] Training Class Recall: [0.925,0.947,0.899,0.727,0.789,0.906,0.942,0.953,0.943,0.938]
Epoch [65] Testing Results: Prec@1 71.070 Prec@5 96.610             Loss 1.19097
Epoch [65] Testing Class Recall: [0.954,0.915,0.855,0.300,0.348,0.633,0.838,0.660,0.774,0.830]
Epoch [66] Training Results: Prec@1 92.400 Prec@5 99.535             Loss 0.26687
Epoch [66] Training Class Recall: [0.914,0.947,0.888,0.748,0.782,0.896,0.936,0.957,0.942,0.937]
Epoch [66] Testing Results: Prec@1 70.960 Prec@5 94.330             Loss 1.47136
Epoch [66] Testing Class Recall: [0.702,0.872,0.723,0.106,0.344,0.753,0.875,0.972,0.967,0.782]
Epoch [67] Training Results: Prec@1 92.815 Prec@5 99.465             Loss 0.25107
Epoch [67] Training Class Recall: [0.917,0.949,0.905,0.740,0.757,0.912,0.940,0.959,0.938,0.940]
Epoch [67] Testing Results: Prec@1 72.040 Prec@5 93.840             Loss 1.15128
Epoch [67] Testing Class Recall: [0.812,0.887,0.873,0.195,0.690,0.445,0.867,0.702,0.768,0.965]
Epoch [68] Training Results: Prec@1 93.475 Prec@5 99.545             Loss 0.23023
Epoch [68] Training Class Recall: [0.932,0.952,0.922,0.732,0.786,0.921,0.942,0.958,0.943,0.946]
Epoch [68] Testing Results: Prec@1 69.880 Prec@5 91.070             Loss 1.42800
Epoch [68] Testing Class Recall: [0.851,0.972,0.775,0.287,0.084,0.612,0.898,0.848,0.861,0.800]
Epoch [69] Training Results: Prec@1 93.335 Prec@5 99.570             Loss 0.23416
Epoch [69] Training Class Recall: [0.924,0.956,0.908,0.756,0.811,0.918,0.941,0.960,0.948,0.941]
Epoch [69] Testing Results: Prec@1 74.480 Prec@5 97.130             Loss 1.10684
Epoch [69] Testing Class Recall: [0.739,0.910,0.692,0.380,0.299,0.704,0.944,0.957,0.928,0.895]
Epoch [70] Training Results: Prec@1 92.905 Prec@5 99.570             Loss 0.25020
Epoch [70] Training Class Recall: [0.923,0.950,0.905,0.724,0.793,0.920,0.939,0.954,0.941,0.937]
Epoch [70] Testing Results: Prec@1 71.910 Prec@5 94.580             Loss 1.31252
Epoch [70] Testing Class Recall: [0.646,0.893,0.775,0.101,0.395,0.835,0.890,0.886,0.822,0.948]
Epoch [71] Training Results: Prec@1 92.930 Prec@5 99.495             Loss 0.24632
Epoch [71] Training Class Recall: [0.923,0.947,0.906,0.735,0.779,0.912,0.938,0.960,0.943,0.939]
Epoch [71] Testing Results: Prec@1 72.520 Prec@5 94.860             Loss 1.12664
Epoch [71] Testing Class Recall: [0.831,0.942,0.644,0.298,0.602,0.533,0.838,0.894,0.971,0.699]
Epoch [72] Training Results: Prec@1 92.660 Prec@5 99.530             Loss 0.25943
Epoch [72] Training Class Recall: [0.928,0.947,0.898,0.751,0.771,0.903,0.941,0.956,0.936,0.935]
Epoch [72] Testing Results: Prec@1 78.270 Prec@5 97.630             Loss 0.87306
Epoch [72] Testing Class Recall: [0.855,0.953,0.822,0.366,0.493,0.855,0.899,0.855,0.847,0.882]
Epoch [73] Training Results: Prec@1 93.495 Prec@5 99.555             Loss 0.22930
Epoch [73] Training Class Recall: [0.930,0.951,0.917,0.748,0.832,0.919,0.946,0.963,0.947,0.937]
Epoch [73] Testing Results: Prec@1 75.520 Prec@5 96.280             Loss 1.01026
Epoch [73] Testing Class Recall: [0.875,0.878,0.722,0.420,0.379,0.711,0.867,0.923,0.949,0.828]
Epoch [74] Training Results: Prec@1 93.065 Prec@5 99.530             Loss 0.23903
Epoch [74] Training Class Recall: [0.928,0.953,0.902,0.740,0.786,0.917,0.942,0.956,0.946,0.936]
Epoch [74] Testing Results: Prec@1 74.430 Prec@5 96.760             Loss 1.10659
Epoch [74] Testing Class Recall: [0.756,0.960,0.892,0.402,0.261,0.667,0.894,0.902,0.943,0.766]
Epoch [75] Training Results: Prec@1 93.540 Prec@5 99.590             Loss 0.22825
Epoch [75] Training Class Recall: [0.933,0.953,0.908,0.756,0.796,0.919,0.948,0.966,0.948,0.940]
Epoch [75] Testing Results: Prec@1 74.640 Prec@5 96.050             Loss 1.10179
Epoch [75] Testing Class Recall: [0.805,0.869,0.858,0.227,0.722,0.773,0.517,0.865,0.871,0.957]
Epoch [76] Training Results: Prec@1 92.940 Prec@5 99.575             Loss 0.24129
Epoch [76] Training Class Recall: [0.924,0.950,0.906,0.735,0.818,0.906,0.939,0.958,0.943,0.936]
Epoch [76] Testing Results: Prec@1 74.000 Prec@5 95.270             Loss 1.02958
Epoch [76] Testing Class Recall: [0.799,0.792,0.724,0.299,0.305,0.789,0.920,0.907,0.947,0.918]
Epoch [77] Training Results: Prec@1 93.315 Prec@5 99.595             Loss 0.23273
Epoch [77] Training Class Recall: [0.928,0.955,0.904,0.748,0.814,0.915,0.945,0.959,0.942,0.946]
Epoch [77] Testing Results: Prec@1 74.320 Prec@5 96.840             Loss 0.94544
Epoch [77] Testing Class Recall: [0.846,0.928,0.854,0.263,0.430,0.796,0.768,0.836,0.798,0.913]
Epoch [78] Training Results: Prec@1 93.480 Prec@5 99.570             Loss 0.22445
Epoch [78] Training Class Recall: [0.935,0.950,0.913,0.737,0.800,0.909,0.938,0.965,0.952,0.946]
Epoch [78] Testing Results: Prec@1 75.000 Prec@5 94.830             Loss 1.11309
Epoch [78] Testing Class Recall: [0.855,0.893,0.729,0.256,0.456,0.765,0.796,0.883,0.914,0.953]
Epoch [79] Training Results: Prec@1 93.365 Prec@5 99.595             Loss 0.23030
Epoch [79] Training Class Recall: [0.927,0.953,0.910,0.782,0.793,0.915,0.938,0.956,0.951,0.945]
Epoch [79] Testing Results: Prec@1 73.010 Prec@5 95.040             Loss 1.12259
Epoch [79] Testing Class Recall: [0.693,0.948,0.794,0.336,0.399,0.731,0.592,0.960,0.926,0.922]
Epoch [80] Training Results: Prec@1 93.335 Prec@5 99.545             Loss 0.23171
Epoch [80] Training Class Recall: [0.927,0.948,0.916,0.756,0.818,0.918,0.941,0.963,0.946,0.938]
Epoch [80] Testing Results: Prec@1 75.220 Prec@5 95.160             Loss 1.09633
Epoch [80] Testing Class Recall: [0.906,0.928,0.816,0.212,0.298,0.855,0.851,0.842,0.905,0.909]
Epoch [81] Training Results: Prec@1 93.225 Prec@5 99.580             Loss 0.23421
Epoch [81] Training Class Recall: [0.932,0.950,0.903,0.767,0.825,0.914,0.935,0.960,0.947,0.940]
Epoch [81] Testing Results: Prec@1 75.350 Prec@5 95.020             Loss 1.02110
Epoch [81] Testing Class Recall: [0.827,0.907,0.694,0.214,0.520,0.658,0.917,0.963,0.924,0.911]
Epoch [82] Training Results: Prec@1 93.685 Prec@5 99.580             Loss 0.21921
Epoch [82] Training Class Recall: [0.932,0.953,0.923,0.764,0.825,0.920,0.942,0.961,0.946,0.945]
Epoch [82] Testing Results: Prec@1 71.740 Prec@5 94.430             Loss 1.37745
Epoch [82] Testing Class Recall: [0.796,0.957,0.701,0.154,0.401,0.518,0.876,0.947,0.950,0.874]
Epoch [83] Training Results: Prec@1 93.420 Prec@5 99.570             Loss 0.23135
Epoch [83] Training Class Recall: [0.930,0.957,0.911,0.737,0.807,0.916,0.946,0.959,0.945,0.941]
Epoch [83] Testing Results: Prec@1 73.770 Prec@5 96.230             Loss 1.22465
Epoch [83] Testing Class Recall: [0.787,0.933,0.860,0.241,0.480,0.805,0.685,0.942,0.730,0.914]
Epoch [84] Training Results: Prec@1 93.455 Prec@5 99.590             Loss 0.22459
Epoch [84] Training Class Recall: [0.924,0.955,0.916,0.769,0.796,0.919,0.942,0.965,0.943,0.942]
Epoch [84] Testing Results: Prec@1 71.760 Prec@5 94.650             Loss 1.31249
Epoch [84] Testing Class Recall: [0.757,0.948,0.878,0.283,0.282,0.709,0.644,0.850,0.939,0.886]
Epoch [85] Training Results: Prec@1 93.500 Prec@5 99.545             Loss 0.22283
Epoch [85] Training Class Recall: [0.930,0.952,0.916,0.767,0.779,0.912,0.946,0.964,0.946,0.945]
Epoch [85] Testing Results: Prec@1 75.440 Prec@5 97.160             Loss 1.07645
Epoch [85] Testing Class Recall: [0.800,0.933,0.874,0.540,0.449,0.763,0.744,0.792,0.877,0.772]
Epoch [86] Training Results: Prec@1 93.175 Prec@5 99.590             Loss 0.22865
Epoch [86] Training Class Recall: [0.926,0.955,0.902,0.761,0.764,0.913,0.948,0.958,0.940,0.945]
Epoch [86] Testing Results: Prec@1 75.730 Prec@5 96.240             Loss 1.15404
Epoch [86] Testing Class Recall: [0.812,0.957,0.888,0.165,0.541,0.772,0.883,0.868,0.942,0.745]
Epoch [87] Training Results: Prec@1 93.615 Prec@5 99.600             Loss 0.21886
Epoch [87] Training Class Recall: [0.929,0.953,0.919,0.775,0.796,0.917,0.943,0.956,0.950,0.949]
Epoch [87] Testing Results: Prec@1 71.940 Prec@5 95.010             Loss 1.33920
Epoch [87] Testing Class Recall: [0.776,0.951,0.876,0.289,0.184,0.606,0.789,0.917,0.951,0.855]
Epoch [88] Training Results: Prec@1 93.230 Prec@5 99.580             Loss 0.23123
Epoch [88] Training Class Recall: [0.923,0.954,0.914,0.751,0.796,0.918,0.940,0.959,0.940,0.941]
Epoch [88] Testing Results: Prec@1 67.560 Prec@5 93.200             Loss 1.41672
Epoch [88] Testing Class Recall: [0.944,0.593,0.488,0.248,0.478,0.562,0.881,0.722,0.899,0.941]
Epoch [89] Training Results: Prec@1 93.195 Prec@5 99.590             Loss 0.23589
Epoch [89] Training Class Recall: [0.935,0.952,0.904,0.751,0.768,0.906,0.941,0.958,0.950,0.940]
Epoch [89] Testing Results: Prec@1 74.540 Prec@5 95.510             Loss 1.18312
Epoch [89] Testing Class Recall: [0.794,0.967,0.774,0.076,0.598,0.822,0.898,0.943,0.780,0.802]
Epoch [90] Training Results: Prec@1 93.550 Prec@5 99.640             Loss 0.22031
Epoch [90] Training Class Recall: [0.924,0.955,0.917,0.756,0.793,0.918,0.946,0.963,0.946,0.946]
Epoch [90] Testing Results: Prec@1 76.520 Prec@5 97.490             Loss 0.92125
Epoch [90] Testing Class Recall: [0.837,0.966,0.831,0.554,0.372,0.801,0.779,0.895,0.789,0.828]
Epoch [91] Training Results: Prec@1 93.530 Prec@5 99.600             Loss 0.22375
Epoch [91] Training Class Recall: [0.929,0.957,0.911,0.740,0.811,0.906,0.948,0.961,0.952,0.946]
Epoch [91] Testing Results: Prec@1 73.890 Prec@5 94.160             Loss 1.12502
Epoch [91] Testing Class Recall: [0.786,0.938,0.784,0.290,0.265,0.719,0.854,0.906,0.904,0.943]
Epoch [92] Training Results: Prec@1 93.675 Prec@5 99.670             Loss 0.22402
Epoch [92] Training Class Recall: [0.925,0.957,0.909,0.767,0.804,0.920,0.945,0.965,0.952,0.948]
Epoch [92] Testing Results: Prec@1 71.260 Prec@5 95.080             Loss 1.15345
Epoch [92] Testing Class Recall: [0.823,0.733,0.702,0.207,0.634,0.661,0.545,0.939,0.916,0.966]
Epoch [93] Training Results: Prec@1 93.255 Prec@5 99.650             Loss 0.23017
Epoch [93] Training Class Recall: [0.928,0.950,0.911,0.764,0.804,0.916,0.944,0.964,0.939,0.940]
Epoch [93] Testing Results: Prec@1 72.370 Prec@5 96.780             Loss 1.13720
Epoch [93] Testing Class Recall: [0.768,0.801,0.705,0.318,0.260,0.826,0.930,0.819,0.875,0.935]
Epoch [94] Training Results: Prec@1 93.940 Prec@5 99.620             Loss 0.21249
Epoch [94] Training Class Recall: [0.940,0.953,0.917,0.769,0.832,0.920,0.949,0.960,0.954,0.948]
Epoch [94] Testing Results: Prec@1 75.800 Prec@5 95.610             Loss 1.03488
Epoch [94] Testing Class Recall: [0.883,0.940,0.779,0.278,0.409,0.712,0.885,0.944,0.876,0.874]
Epoch [95] Training Results: Prec@1 93.385 Prec@5 99.590             Loss 0.23209
Epoch [95] Training Class Recall: [0.929,0.955,0.911,0.761,0.793,0.919,0.939,0.962,0.943,0.943]
Epoch [95] Testing Results: Prec@1 77.550 Prec@5 96.940             Loss 0.94769
Epoch [95] Testing Class Recall: [0.870,0.916,0.725,0.324,0.487,0.792,0.934,0.939,0.886,0.882]
Epoch [96] Training Results: Prec@1 93.440 Prec@5 99.650             Loss 0.22659
Epoch [96] Training Class Recall: [0.930,0.958,0.909,0.780,0.786,0.915,0.931,0.964,0.945,0.947]
Epoch [96] Testing Results: Prec@1 77.890 Prec@5 97.370             Loss 0.87587
Epoch [96] Testing Class Recall: [0.819,0.938,0.759,0.370,0.524,0.750,0.963,0.884,0.892,0.890]
Epoch [97] Training Results: Prec@1 93.840 Prec@5 99.615             Loss 0.21466
Epoch [97] Training Class Recall: [0.933,0.957,0.918,0.756,0.821,0.919,0.947,0.964,0.952,0.945]
Epoch [97] Testing Results: Prec@1 76.650 Prec@5 97.510             Loss 1.03102
Epoch [97] Testing Class Recall: [0.678,0.926,0.736,0.410,0.687,0.696,0.950,0.837,0.932,0.813]
Epoch [98] Training Results: Prec@1 93.350 Prec@5 99.630             Loss 0.22558
Epoch [98] Training Class Recall: [0.929,0.955,0.919,0.729,0.793,0.917,0.933,0.961,0.945,0.943]
Epoch [98] Testing Results: Prec@1 73.350 Prec@5 95.980             Loss 1.20439
Epoch [98] Testing Class Recall: [0.946,0.877,0.668,0.672,0.243,0.605,0.848,0.842,0.787,0.847]
Epoch [99] Training Results: Prec@1 93.760 Prec@5 99.605             Loss 0.21611
Epoch [99] Training Class Recall: [0.936,0.953,0.920,0.764,0.804,0.913,0.951,0.966,0.945,0.946]
Epoch [99] Testing Results: Prec@1 75.020 Prec@5 96.240             Loss 1.04921
Epoch [99] Testing Class Recall: [0.846,0.843,0.743,0.264,0.470,0.629,0.921,0.945,0.942,0.899]
Epoch [100] Training Results: Prec@1 93.400 Prec@5 99.635             Loss 0.22519
Epoch [100] Training Class Recall: [0.929,0.952,0.911,0.777,0.786,0.920,0.944,0.958,0.944,0.944]
Epoch [100] Testing Results: Prec@1 65.380 Prec@5 95.600             Loss 1.76579
Epoch [100] Testing Class Recall: [0.488,0.769,0.415,0.123,0.369,0.882,0.659,0.954,0.925,0.954]
Epoch [101] Training Results: Prec@1 93.560 Prec@5 99.595             Loss 0.22682
Epoch [101] Training Class Recall: [0.929,0.954,0.914,0.767,0.800,0.917,0.948,0.961,0.943,0.946]
Epoch [101] Testing Results: Prec@1 75.180 Prec@5 95.580             Loss 1.07498
Epoch [101] Testing Class Recall: [0.910,0.962,0.788,0.180,0.459,0.775,0.816,0.939,0.844,0.845]
Epoch [102] Training Results: Prec@1 93.745 Prec@5 99.620             Loss 0.21481
Epoch [102] Training Class Recall: [0.934,0.957,0.918,0.785,0.804,0.919,0.949,0.960,0.950,0.940]
Epoch [102] Testing Results: Prec@1 69.130 Prec@5 94.740             Loss 1.63169
Epoch [102] Testing Class Recall: [0.777,0.795,0.936,0.272,0.362,0.418,0.610,0.900,0.894,0.949]
Epoch [103] Training Results: Prec@1 93.775 Prec@5 99.615             Loss 0.21213
Epoch [103] Training Class Recall: [0.930,0.953,0.914,0.772,0.800,0.922,0.944,0.965,0.954,0.949]
Epoch [103] Testing Results: Prec@1 71.790 Prec@5 97.170             Loss 1.26284
Epoch [103] Testing Class Recall: [0.717,0.946,0.849,0.272,0.262,0.894,0.742,0.839,0.835,0.823]
Epoch [104] Training Results: Prec@1 93.395 Prec@5 99.645             Loss 0.22351
Epoch [104] Training Class Recall: [0.928,0.955,0.910,0.756,0.804,0.912,0.943,0.963,0.945,0.944]
Epoch [104] Testing Results: Prec@1 77.800 Prec@5 95.780             Loss 0.94180
Epoch [104] Testing Class Recall: [0.843,0.927,0.845,0.239,0.481,0.830,0.920,0.875,0.890,0.930]
Epoch [105] Training Results: Prec@1 93.695 Prec@5 99.645             Loss 0.21490
Epoch [105] Training Class Recall: [0.937,0.957,0.920,0.767,0.818,0.915,0.941,0.964,0.947,0.942]
Epoch [105] Testing Results: Prec@1 77.300 Prec@5 96.210             Loss 0.97821
Epoch [105] Testing Class Recall: [0.863,0.889,0.729,0.265,0.611,0.739,0.949,0.859,0.925,0.901]
Epoch [106] Training Results: Prec@1 93.775 Prec@5 99.705             Loss 0.21473
Epoch [106] Training Class Recall: [0.932,0.956,0.916,0.759,0.807,0.919,0.945,0.961,0.952,0.950]
Epoch [106] Testing Results: Prec@1 76.020 Prec@5 97.170             Loss 0.96604
Epoch [106] Testing Class Recall: [0.797,0.828,0.690,0.270,0.505,0.800,0.939,0.970,0.898,0.905]
Epoch [107] Training Results: Prec@1 93.825 Prec@5 99.635             Loss 0.21170
Epoch [107] Training Class Recall: [0.933,0.955,0.919,0.761,0.800,0.922,0.942,0.967,0.951,0.947]
Epoch [107] Testing Results: Prec@1 74.410 Prec@5 95.520             Loss 1.12324
Epoch [107] Testing Class Recall: [0.852,0.892,0.702,0.324,0.246,0.786,0.842,0.939,0.926,0.932]
Epoch [108] Training Results: Prec@1 93.650 Prec@5 99.635             Loss 0.21353
Epoch [108] Training Class Recall: [0.928,0.956,0.915,0.782,0.782,0.920,0.947,0.958,0.949,0.949]
Epoch [108] Testing Results: Prec@1 78.070 Prec@5 98.050             Loss 0.87229
Epoch [108] Testing Class Recall: [0.850,0.921,0.756,0.624,0.654,0.608,0.912,0.850,0.782,0.850]
Epoch [109] Training Results: Prec@1 92.930 Prec@5 99.610             Loss 0.23398
Epoch [109] Training Class Recall: [0.923,0.948,0.907,0.761,0.804,0.911,0.937,0.961,0.939,0.935]
Epoch [109] Testing Results: Prec@1 76.400 Prec@5 96.910             Loss 0.97948
Epoch [109] Testing Class Recall: [0.767,0.985,0.828,0.303,0.572,0.692,0.833,0.940,0.879,0.841]
Epoch [110] Training Results: Prec@1 93.835 Prec@5 99.645             Loss 0.21347
Epoch [110] Training Class Recall: [0.936,0.956,0.921,0.767,0.821,0.926,0.947,0.959,0.950,0.942]
Epoch [110] Testing Results: Prec@1 73.050 Prec@5 96.110             Loss 1.12576
Epoch [110] Testing Class Recall: [0.810,0.718,0.697,0.247,0.463,0.718,0.865,0.947,0.925,0.915]
Epoch [111] Training Results: Prec@1 93.995 Prec@5 99.670             Loss 0.20786
Epoch [111] Training Class Recall: [0.935,0.958,0.921,0.767,0.854,0.913,0.949,0.963,0.951,0.950]
Epoch [111] Testing Results: Prec@1 74.590 Prec@5 95.330             Loss 1.16203
Epoch [111] Testing Class Recall: [0.901,0.909,0.828,0.185,0.467,0.543,0.936,0.900,0.910,0.880]
Epoch [112] Training Results: Prec@1 93.820 Prec@5 99.725             Loss 0.20944
Epoch [112] Training Class Recall: [0.929,0.955,0.917,0.785,0.793,0.920,0.948,0.968,0.948,0.949]
Epoch [112] Testing Results: Prec@1 75.500 Prec@5 96.820             Loss 1.10811
Epoch [112] Testing Class Recall: [0.807,0.924,0.853,0.268,0.362,0.821,0.735,0.931,0.926,0.923]
Epoch [113] Training Results: Prec@1 94.105 Prec@5 99.620             Loss 0.20312
Epoch [113] Training Class Recall: [0.940,0.960,0.920,0.782,0.850,0.919,0.941,0.965,0.953,0.951]
Epoch [113] Testing Results: Prec@1 75.220 Prec@5 95.040             Loss 1.18009
Epoch [113] Testing Class Recall: [0.773,0.825,0.694,0.151,0.692,0.700,0.844,0.971,0.921,0.951]
Epoch [114] Training Results: Prec@1 93.945 Prec@5 99.675             Loss 0.20561
Epoch [114] Training Class Recall: [0.934,0.956,0.917,0.756,0.807,0.927,0.952,0.962,0.951,0.950]
Epoch [114] Testing Results: Prec@1 72.860 Prec@5 95.910             Loss 1.27876
Epoch [114] Testing Class Recall: [0.926,0.939,0.619,0.358,0.284,0.711,0.896,0.930,0.860,0.763]
Epoch [115] Training Results: Prec@1 93.945 Prec@5 99.710             Loss 0.20355
Epoch [115] Training Class Recall: [0.937,0.952,0.925,0.788,0.829,0.927,0.946,0.961,0.949,0.945]
Epoch [115] Testing Results: Prec@1 74.280 Prec@5 96.280             Loss 1.16175
Epoch [115] Testing Class Recall: [0.875,0.921,0.734,0.329,0.351,0.593,0.934,0.930,0.950,0.811]
Epoch [116] Training Results: Prec@1 93.585 Prec@5 99.665             Loss 0.22060
Epoch [116] Training Class Recall: [0.931,0.951,0.920,0.780,0.814,0.917,0.944,0.964,0.943,0.944]
Epoch [116] Testing Results: Prec@1 76.050 Prec@5 97.500             Loss 1.01077
Epoch [116] Testing Class Recall: [0.816,0.885,0.902,0.307,0.520,0.679,0.847,0.856,0.935,0.858]
Epoch [117] Training Results: Prec@1 93.950 Prec@5 99.670             Loss 0.20524
Epoch [117] Training Class Recall: [0.939,0.956,0.921,0.788,0.811,0.930,0.941,0.961,0.950,0.946]
Epoch [117] Testing Results: Prec@1 77.120 Prec@5 97.480             Loss 0.95099
Epoch [117] Testing Class Recall: [0.772,0.944,0.833,0.316,0.484,0.785,0.955,0.871,0.858,0.894]
Epoch [118] Training Results: Prec@1 93.680 Prec@5 99.640             Loss 0.21211
Epoch [118] Training Class Recall: [0.929,0.955,0.913,0.756,0.800,0.915,0.946,0.964,0.953,0.947]
Epoch [118] Testing Results: Prec@1 76.810 Prec@5 95.590             Loss 1.04010
Epoch [118] Testing Class Recall: [0.869,0.926,0.777,0.323,0.695,0.633,0.833,0.835,0.900,0.890]
Epoch [119] Training Results: Prec@1 93.610 Prec@5 99.700             Loss 0.21892
Epoch [119] Training Class Recall: [0.929,0.952,0.917,0.756,0.789,0.927,0.948,0.959,0.953,0.940]
Epoch [119] Testing Results: Prec@1 77.700 Prec@5 96.700             Loss 0.91115
Epoch [119] Testing Class Recall: [0.764,0.967,0.778,0.289,0.609,0.778,0.871,0.966,0.937,0.811]
Epoch [120] Training Results: Prec@1 94.075 Prec@5 99.680             Loss 0.20067
Epoch [120] Training Class Recall: [0.929,0.960,0.920,0.780,0.832,0.923,0.951,0.964,0.951,0.952]
Epoch [120] Testing Results: Prec@1 75.240 Prec@5 97.230             Loss 1.00859
Epoch [120] Testing Class Recall: [0.767,0.969,0.586,0.297,0.618,0.879,0.922,0.783,0.874,0.829]
Epoch [121] Training Results: Prec@1 93.780 Prec@5 99.640             Loss 0.21315
Epoch [121] Training Class Recall: [0.934,0.960,0.915,0.804,0.825,0.919,0.940,0.964,0.946,0.946]
Epoch [121] Testing Results: Prec@1 74.090 Prec@5 97.210             Loss 0.99946
Epoch [121] Testing Class Recall: [0.700,0.713,0.773,0.373,0.519,0.837,0.790,0.864,0.907,0.933]
Epoch [122] Training Results: Prec@1 94.115 Prec@5 99.670             Loss 0.20472
Epoch [122] Training Class Recall: [0.945,0.955,0.923,0.793,0.814,0.919,0.948,0.963,0.953,0.949]
Epoch [122] Testing Results: Prec@1 77.450 Prec@5 98.230             Loss 0.89954
Epoch [122] Testing Class Recall: [0.718,0.902,0.875,0.373,0.677,0.787,0.782,0.892,0.915,0.824]
Epoch [123] Training Results: Prec@1 93.785 Prec@5 99.670             Loss 0.20975
Epoch [123] Training Class Recall: [0.937,0.956,0.925,0.780,0.796,0.922,0.949,0.961,0.943,0.940]
Epoch [123] Testing Results: Prec@1 74.720 Prec@5 96.380             Loss 1.06586
Epoch [123] Testing Class Recall: [0.824,0.913,0.867,0.329,0.420,0.558,0.841,0.915,0.922,0.883]
Epoch [124] Training Results: Prec@1 93.980 Prec@5 99.645             Loss 0.20071
Epoch [124] Training Class Recall: [0.932,0.957,0.924,0.785,0.814,0.926,0.949,0.964,0.947,0.947]
Epoch [124] Testing Results: Prec@1 76.830 Prec@5 96.760             Loss 0.95570
Epoch [124] Testing Class Recall: [0.811,0.786,0.812,0.360,0.593,0.750,0.863,0.843,0.952,0.913]
Epoch [125] Training Results: Prec@1 93.865 Prec@5 99.665             Loss 0.21152
Epoch [125] Training Class Recall: [0.938,0.948,0.920,0.790,0.804,0.919,0.950,0.964,0.949,0.948]
Epoch [125] Testing Results: Prec@1 74.810 Prec@5 96.670             Loss 1.09772
Epoch [125] Testing Class Recall: [0.853,0.830,0.683,0.245,0.533,0.855,0.755,0.847,0.942,0.938]
Epoch [126] Training Results: Prec@1 94.020 Prec@5 99.650             Loss 0.20390
Epoch [126] Training Class Recall: [0.941,0.961,0.922,0.780,0.818,0.905,0.948,0.966,0.948,0.951]
Epoch [126] Testing Results: Prec@1 76.470 Prec@5 96.830             Loss 0.99776
Epoch [126] Testing Class Recall: [0.854,0.951,0.813,0.246,0.710,0.816,0.862,0.763,0.897,0.735]
Epoch [127] Training Results: Prec@1 94.005 Prec@5 99.650             Loss 0.19998
Epoch [127] Training Class Recall: [0.930,0.955,0.921,0.798,0.818,0.923,0.950,0.968,0.950,0.949]
Epoch [127] Testing Results: Prec@1 73.210 Prec@5 96.370             Loss 1.16476
Epoch [127] Testing Class Recall: [0.944,0.903,0.671,0.393,0.551,0.449,0.901,0.923,0.899,0.687]
Epoch [128] Training Results: Prec@1 93.910 Prec@5 99.750             Loss 0.20560
Epoch [128] Training Class Recall: [0.941,0.956,0.914,0.780,0.814,0.919,0.947,0.963,0.949,0.950]
Epoch [128] Testing Results: Prec@1 70.230 Prec@5 97.330             Loss 1.43623
Epoch [128] Testing Class Recall: [0.598,0.846,0.906,0.243,0.506,0.769,0.497,0.910,0.894,0.854]
Epoch [129] Training Results: Prec@1 93.935 Prec@5 99.695             Loss 0.20155
Epoch [129] Training Class Recall: [0.935,0.957,0.924,0.769,0.829,0.919,0.944,0.962,0.949,0.951]
Epoch [129] Testing Results: Prec@1 74.270 Prec@5 97.090             Loss 1.21653
Epoch [129] Testing Class Recall: [0.747,0.880,0.927,0.341,0.527,0.645,0.896,0.851,0.905,0.708]
Epoch [130] Training Results: Prec@1 94.105 Prec@5 99.690             Loss 0.19985
Epoch [130] Training Class Recall: [0.935,0.960,0.931,0.796,0.796,0.920,0.950,0.965,0.946,0.949]
Epoch [130] Testing Results: Prec@1 70.940 Prec@5 92.190             Loss 1.48208
Epoch [130] Testing Class Recall: [0.872,0.898,0.648,0.234,0.612,0.358,0.753,0.854,0.908,0.957]
Epoch [131] Training Results: Prec@1 93.975 Prec@5 99.680             Loss 0.20344
Epoch [131] Training Class Recall: [0.936,0.952,0.927,0.796,0.829,0.915,0.946,0.965,0.951,0.947]
Epoch [131] Testing Results: Prec@1 75.570 Prec@5 97.310             Loss 1.02761
Epoch [131] Testing Class Recall: [0.713,0.947,0.926,0.333,0.556,0.598,0.822,0.916,0.882,0.864]
Epoch [132] Training Results: Prec@1 94.115 Prec@5 99.660             Loss 0.20022
Epoch [132] Training Class Recall: [0.938,0.955,0.927,0.793,0.836,0.919,0.949,0.969,0.950,0.946]
Epoch [132] Testing Results: Prec@1 75.900 Prec@5 96.640             Loss 1.05379
Epoch [132] Testing Class Recall: [0.774,0.873,0.772,0.406,0.334,0.810,0.929,0.864,0.931,0.897]
Epoch [133] Training Results: Prec@1 93.540 Prec@5 99.685             Loss 0.22101
Epoch [133] Training Class Recall: [0.932,0.959,0.908,0.729,0.821,0.914,0.945,0.965,0.946,0.944]
Epoch [133] Testing Results: Prec@1 77.040 Prec@5 97.560             Loss 0.94419
Epoch [133] Testing Class Recall: [0.921,0.937,0.777,0.507,0.452,0.793,0.787,0.780,0.934,0.816]
Epoch [134] Training Results: Prec@1 93.970 Prec@5 99.700             Loss 0.19996
Epoch [134] Training Class Recall: [0.939,0.956,0.920,0.777,0.832,0.924,0.945,0.965,0.952,0.943]
Epoch [134] Testing Results: Prec@1 78.860 Prec@5 97.910             Loss 0.81127
Epoch [134] Testing Class Recall: [0.858,0.890,0.733,0.406,0.723,0.845,0.874,0.793,0.874,0.890]
Epoch [135] Training Results: Prec@1 94.285 Prec@5 99.650             Loss 0.19729
Epoch [135] Training Class Recall: [0.939,0.961,0.928,0.780,0.814,0.924,0.952,0.965,0.952,0.951]
Epoch [135] Testing Results: Prec@1 72.230 Prec@5 93.400             Loss 1.40462
Epoch [135] Testing Class Recall: [0.895,0.974,0.790,0.216,0.677,0.375,0.892,0.822,0.796,0.786]
Epoch [136] Training Results: Prec@1 93.835 Prec@5 99.675             Loss 0.20873
Epoch [136] Training Class Recall: [0.935,0.956,0.915,0.782,0.825,0.919,0.942,0.961,0.951,0.951]
Epoch [136] Testing Results: Prec@1 77.230 Prec@5 96.920             Loss 0.93347
Epoch [136] Testing Class Recall: [0.830,0.828,0.767,0.522,0.432,0.751,0.839,0.890,0.897,0.967]
Epoch [137] Training Results: Prec@1 94.195 Prec@5 99.725             Loss 0.19185
Epoch [137] Training Class Recall: [0.940,0.957,0.926,0.782,0.832,0.928,0.943,0.967,0.949,0.953]
Epoch [137] Testing Results: Prec@1 73.850 Prec@5 96.230             Loss 1.10864
Epoch [137] Testing Class Recall: [0.857,0.928,0.845,0.354,0.284,0.691,0.776,0.908,0.954,0.788]
Epoch [138] Training Results: Prec@1 94.250 Prec@5 99.670             Loss 0.19291
Epoch [138] Training Class Recall: [0.938,0.960,0.929,0.788,0.854,0.915,0.945,0.962,0.957,0.952]
Epoch [138] Testing Results: Prec@1 76.060 Prec@5 97.560             Loss 0.92736
Epoch [138] Testing Class Recall: [0.909,0.959,0.774,0.476,0.532,0.675,0.939,0.811,0.643,0.888]
Epoch [139] Training Results: Prec@1 94.050 Prec@5 99.725             Loss 0.19826
Epoch [139] Training Class Recall: [0.936,0.954,0.917,0.806,0.825,0.922,0.952,0.963,0.954,0.946]
Epoch [139] Testing Results: Prec@1 75.120 Prec@5 97.100             Loss 1.06168
Epoch [139] Testing Class Recall: [0.813,0.946,0.913,0.305,0.548,0.695,0.834,0.848,0.900,0.710]
Epoch [140] Training Results: Prec@1 93.940 Prec@5 99.690             Loss 0.20099
Epoch [140] Training Class Recall: [0.941,0.958,0.928,0.759,0.814,0.919,0.944,0.967,0.944,0.943]
Epoch [140] Testing Results: Prec@1 75.480 Prec@5 95.890             Loss 1.16712
Epoch [140] Testing Class Recall: [0.911,0.898,0.788,0.226,0.453,0.802,0.863,0.934,0.737,0.936]
Epoch [141] Training Results: Prec@1 93.755 Prec@5 99.695             Loss 0.20934
Epoch [141] Training Class Recall: [0.934,0.954,0.920,0.782,0.789,0.925,0.941,0.959,0.951,0.947]
Epoch [141] Testing Results: Prec@1 77.140 Prec@5 96.910             Loss 0.93652
Epoch [141] Testing Class Recall: [0.835,0.915,0.744,0.465,0.446,0.758,0.859,0.937,0.852,0.903]
Epoch [142] Training Results: Prec@1 93.905 Prec@5 99.720             Loss 0.20565
Epoch [142] Training Class Recall: [0.931,0.954,0.919,0.788,0.829,0.925,0.951,0.964,0.949,0.945]
Epoch [142] Testing Results: Prec@1 71.110 Prec@5 94.190             Loss 1.27902
Epoch [142] Testing Class Recall: [0.923,0.909,0.873,0.209,0.227,0.641,0.818,0.798,0.793,0.920]
Epoch [143] Training Results: Prec@1 94.450 Prec@5 99.725             Loss 0.18847
Epoch [143] Training Class Recall: [0.942,0.960,0.937,0.788,0.850,0.924,0.951,0.968,0.949,0.948]
Epoch [143] Testing Results: Prec@1 75.530 Prec@5 95.870             Loss 1.11279
Epoch [143] Testing Class Recall: [0.659,0.959,0.739,0.298,0.477,0.779,0.930,0.961,0.887,0.864]
Epoch [144] Training Results: Prec@1 93.340 Prec@5 99.690             Loss 0.22363
Epoch [144] Training Class Recall: [0.926,0.952,0.910,0.751,0.764,0.913,0.945,0.961,0.950,0.944]
Epoch [144] Testing Results: Prec@1 73.840 Prec@5 96.340             Loss 1.13509
Epoch [144] Testing Class Recall: [0.875,0.704,0.898,0.242,0.520,0.705,0.790,0.886,0.931,0.833]
Epoch [145] Training Results: Prec@1 93.965 Prec@5 99.675             Loss 0.20572
Epoch [145] Training Class Recall: [0.938,0.957,0.923,0.798,0.825,0.917,0.943,0.971,0.944,0.947]
Epoch [145] Testing Results: Prec@1 73.870 Prec@5 97.570             Loss 1.10796
Epoch [145] Testing Class Recall: [0.841,0.837,0.718,0.209,0.457,0.745,0.957,0.862,0.854,0.907]
Epoch [146] Training Results: Prec@1 93.910 Prec@5 99.680             Loss 0.20305
Epoch [146] Training Class Recall: [0.936,0.959,0.914,0.780,0.832,0.925,0.941,0.964,0.948,0.951]
Epoch [146] Testing Results: Prec@1 77.540 Prec@5 96.480             Loss 0.95203
Epoch [146] Testing Class Recall: [0.894,0.913,0.669,0.326,0.611,0.801,0.916,0.839,0.850,0.935]
Epoch [147] Training Results: Prec@1 94.260 Prec@5 99.685             Loss 0.19649
Epoch [147] Training Class Recall: [0.945,0.959,0.928,0.796,0.779,0.925,0.950,0.961,0.955,0.948]
Epoch [147] Testing Results: Prec@1 77.460 Prec@5 96.430             Loss 0.90902
Epoch [147] Testing Class Recall: [0.864,0.917,0.772,0.377,0.511,0.737,0.915,0.839,0.897,0.917]
Epoch [148] Training Results: Prec@1 94.615 Prec@5 99.750             Loss 0.18329
Epoch [148] Training Class Recall: [0.937,0.964,0.929,0.812,0.871,0.925,0.954,0.972,0.954,0.951]
Epoch [148] Testing Results: Prec@1 74.320 Prec@5 96.100             Loss 1.05907
Epoch [148] Testing Class Recall: [0.850,0.812,0.707,0.439,0.374,0.706,0.779,0.925,0.871,0.969]
Epoch [149] Training Results: Prec@1 94.115 Prec@5 99.690             Loss 0.19723
Epoch [149] Training Class Recall: [0.938,0.958,0.927,0.777,0.818,0.918,0.949,0.963,0.952,0.949]
Epoch [149] Testing Results: Prec@1 75.930 Prec@5 96.550             Loss 1.09131
Epoch [149] Testing Class Recall: [0.783,0.804,0.855,0.283,0.759,0.707,0.744,0.852,0.973,0.833]
Epoch [150] Training Results: Prec@1 93.935 Prec@5 99.690             Loss 0.19783
Epoch [150] Training Class Recall: [0.929,0.955,0.920,0.825,0.825,0.923,0.951,0.959,0.952,0.946]
Epoch [150] Testing Results: Prec@1 71.870 Prec@5 94.910             Loss 1.31261
Epoch [150] Testing Class Recall: [0.750,0.919,0.784,0.118,0.380,0.644,0.903,0.980,0.804,0.905]
Epoch [151] Training Results: Prec@1 94.560 Prec@5 99.740             Loss 0.18371
Epoch [151] Training Class Recall: [0.942,0.960,0.926,0.790,0.868,0.928,0.953,0.968,0.955,0.954]
Epoch [151] Testing Results: Prec@1 75.190 Prec@5 97.150             Loss 1.08519
Epoch [151] Testing Class Recall: [0.892,0.895,0.738,0.451,0.516,0.452,0.951,0.915,0.915,0.794]
Epoch [152] Training Results: Prec@1 94.305 Prec@5 99.735             Loss 0.19564
Epoch [152] Training Class Recall: [0.943,0.958,0.929,0.777,0.825,0.920,0.949,0.972,0.951,0.949]
Epoch [152] Testing Results: Prec@1 74.450 Prec@5 95.090             Loss 1.16803
Epoch [152] Testing Class Recall: [0.778,0.904,0.794,0.357,0.277,0.836,0.888,0.722,0.965,0.924]
Epoch [153] Training Results: Prec@1 93.795 Prec@5 99.745             Loss 0.20513
Epoch [153] Training Class Recall: [0.934,0.960,0.917,0.756,0.807,0.917,0.946,0.961,0.953,0.944]
Epoch [153] Testing Results: Prec@1 74.480 Prec@5 95.090             Loss 1.12971
Epoch [153] Testing Class Recall: [0.776,0.851,0.820,0.196,0.454,0.678,0.882,0.900,0.954,0.937]
Epoch [154] Training Results: Prec@1 94.025 Prec@5 99.680             Loss 0.20017
Epoch [154] Training Class Recall: [0.939,0.954,0.921,0.767,0.825,0.928,0.947,0.970,0.946,0.946]
Epoch [154] Testing Results: Prec@1 73.640 Prec@5 96.160             Loss 1.20160
Epoch [154] Testing Class Recall: [0.667,0.900,0.789,0.265,0.384,0.694,0.896,0.965,0.877,0.927]
Epoch [155] Training Results: Prec@1 94.195 Prec@5 99.785             Loss 0.19263
Epoch [155] Training Class Recall: [0.934,0.960,0.924,0.764,0.829,0.928,0.947,0.965,0.955,0.951]
Epoch [155] Testing Results: Prec@1 72.840 Prec@5 96.200             Loss 1.23472
Epoch [155] Testing Class Recall: [0.561,0.745,0.821,0.259,0.565,0.659,0.956,0.898,0.875,0.945]
Epoch [156] Training Results: Prec@1 94.065 Prec@5 99.755             Loss 0.19518
Epoch [156] Training Class Recall: [0.941,0.964,0.924,0.780,0.825,0.922,0.946,0.963,0.942,0.949]
Epoch [156] Testing Results: Prec@1 74.070 Prec@5 96.990             Loss 1.11430
Epoch [156] Testing Class Recall: [0.646,0.793,0.850,0.368,0.613,0.724,0.814,0.929,0.969,0.701]
Epoch [157] Training Results: Prec@1 94.565 Prec@5 99.760             Loss 0.18152
Epoch [157] Training Class Recall: [0.939,0.961,0.924,0.796,0.843,0.935,0.947,0.968,0.958,0.958]
Epoch [157] Testing Results: Prec@1 75.230 Prec@5 95.690             Loss 1.14844
Epoch [157] Testing Class Recall: [0.779,0.918,0.747,0.214,0.528,0.785,0.891,0.847,0.931,0.883]
Epoch [158] Training Results: Prec@1 93.600 Prec@5 99.765             Loss 0.21527
Epoch [158] Training Class Recall: [0.934,0.953,0.915,0.801,0.800,0.924,0.942,0.958,0.947,0.942]
Epoch [158] Testing Results: Prec@1 75.120 Prec@5 96.220             Loss 1.07476
Epoch [158] Testing Class Recall: [0.801,0.979,0.728,0.338,0.359,0.695,0.954,0.902,0.875,0.881]
Epoch [159] Training Results: Prec@1 94.400 Prec@5 99.720             Loss 0.18869
Epoch [159] Training Class Recall: [0.939,0.961,0.930,0.785,0.839,0.930,0.948,0.968,0.951,0.951]
Epoch [159] Testing Results: Prec@1 78.220 Prec@5 96.490             Loss 0.93274
Epoch [159] Testing Class Recall: [0.767,0.924,0.777,0.348,0.631,0.697,0.902,0.922,0.947,0.907]
Epoch [160] Training Results: Prec@1 95.320 Prec@5 99.840             Loss 0.14967
Epoch [160] Training Class Recall: [0.949,0.970,0.927,0.889,0.871,0.933,0.960,0.972,0.961,0.960]
Epoch [160] Testing Results: Prec@1 79.950 Prec@5 96.780             Loss 0.87967
Epoch [160] Testing Class Recall: [0.888,0.931,0.821,0.332,0.566,0.786,0.900,0.924,0.930,0.917]
Epoch [161] Training Results: Prec@1 96.090 Prec@5 99.860             Loss 0.12760
Epoch [161] Training Class Recall: [0.956,0.972,0.950,0.862,0.889,0.940,0.966,0.981,0.968,0.967]
Epoch [161] Testing Results: Prec@1 80.470 Prec@5 97.010             Loss 0.86657
Epoch [161] Testing Class Recall: [0.881,0.936,0.858,0.329,0.576,0.781,0.907,0.931,0.928,0.920]
Epoch [162] Training Results: Prec@1 96.495 Prec@5 99.870             Loss 0.11603
Epoch [162] Training Class Recall: [0.963,0.977,0.959,0.857,0.911,0.946,0.966,0.980,0.972,0.970]
Epoch [162] Testing Results: Prec@1 80.310 Prec@5 96.790             Loss 0.88003
Epoch [162] Testing Class Recall: [0.887,0.928,0.840,0.324,0.585,0.779,0.892,0.944,0.926,0.926]
Epoch [163] Training Results: Prec@1 96.635 Prec@5 99.835             Loss 0.10955
Epoch [163] Training Class Recall: [0.966,0.974,0.963,0.857,0.900,0.954,0.968,0.983,0.972,0.969]
Epoch [163] Testing Results: Prec@1 80.850 Prec@5 97.090             Loss 0.85194
Epoch [163] Testing Class Recall: [0.880,0.935,0.846,0.332,0.596,0.806,0.897,0.941,0.924,0.928]
Epoch [164] Training Results: Prec@1 96.825 Prec@5 99.825             Loss 0.10617
Epoch [164] Training Class Recall: [0.967,0.975,0.961,0.865,0.907,0.961,0.970,0.985,0.971,0.974]
Epoch [164] Testing Results: Prec@1 81.100 Prec@5 97.030             Loss 0.84428
Epoch [164] Testing Class Recall: [0.889,0.939,0.861,0.333,0.607,0.791,0.909,0.925,0.929,0.927]
Epoch [165] Training Results: Prec@1 96.960 Prec@5 99.860             Loss 0.10021
Epoch [165] Training Class Recall: [0.969,0.978,0.964,0.883,0.921,0.957,0.971,0.984,0.973,0.972]
Epoch [165] Testing Results: Prec@1 81.030 Prec@5 97.100             Loss 0.85022
Epoch [165] Testing Class Recall: [0.889,0.931,0.851,0.342,0.601,0.803,0.893,0.936,0.930,0.927]
Epoch [166] Training Results: Prec@1 97.040 Prec@5 99.820             Loss 0.09745
Epoch [166] Training Class Recall: [0.972,0.980,0.966,0.886,0.914,0.956,0.970,0.986,0.972,0.973]
Epoch [166] Testing Results: Prec@1 81.270 Prec@5 97.140             Loss 0.84547
Epoch [166] Testing Class Recall: [0.881,0.939,0.866,0.344,0.595,0.801,0.907,0.935,0.936,0.923]
Epoch [167] Training Results: Prec@1 97.035 Prec@5 99.850             Loss 0.09681
Epoch [167] Training Class Recall: [0.969,0.978,0.967,0.886,0.921,0.955,0.970,0.986,0.972,0.975]
Epoch [167] Testing Results: Prec@1 81.360 Prec@5 97.190             Loss 0.84128
Epoch [167] Testing Class Recall: [0.872,0.934,0.860,0.354,0.602,0.801,0.908,0.936,0.942,0.927]
Epoch [168] Training Results: Prec@1 97.190 Prec@5 99.840             Loss 0.09274
Epoch [168] Training Class Recall: [0.973,0.977,0.969,0.875,0.921,0.962,0.973,0.983,0.976,0.977]
Epoch [168] Testing Results: Prec@1 81.520 Prec@5 97.160             Loss 0.83354
Epoch [168] Testing Class Recall: [0.885,0.939,0.848,0.364,0.597,0.806,0.911,0.935,0.944,0.923]
Epoch [169] Training Results: Prec@1 97.320 Prec@5 99.850             Loss 0.09120
Epoch [169] Training Class Recall: [0.972,0.981,0.967,0.878,0.929,0.957,0.976,0.989,0.977,0.978]
Epoch [169] Testing Results: Prec@1 81.420 Prec@5 97.360             Loss 0.84774
Epoch [169] Testing Class Recall: [0.882,0.936,0.860,0.352,0.586,0.810,0.918,0.933,0.942,0.923]
Epoch [170] Training Results: Prec@1 97.285 Prec@5 99.850             Loss 0.08853
Epoch [170] Training Class Recall: [0.974,0.980,0.971,0.883,0.907,0.961,0.972,0.986,0.977,0.978]
Epoch [170] Testing Results: Prec@1 81.470 Prec@5 97.180             Loss 0.85830
Epoch [170] Testing Class Recall: [0.892,0.937,0.869,0.349,0.580,0.813,0.911,0.934,0.940,0.922]
Epoch [171] Training Results: Prec@1 97.375 Prec@5 99.840             Loss 0.08496
Epoch [171] Training Class Recall: [0.973,0.980,0.974,0.878,0.918,0.962,0.974,0.987,0.977,0.978]
Epoch [171] Testing Results: Prec@1 81.540 Prec@5 97.100             Loss 0.85233
Epoch [171] Testing Class Recall: [0.886,0.932,0.862,0.342,0.598,0.805,0.918,0.937,0.946,0.928]
Epoch [172] Training Results: Prec@1 97.375 Prec@5 99.875             Loss 0.08619
Epoch [172] Training Class Recall: [0.975,0.982,0.971,0.907,0.914,0.963,0.972,0.987,0.977,0.975]
Epoch [172] Testing Results: Prec@1 81.650 Prec@5 97.360             Loss 0.83454
Epoch [172] Testing Class Recall: [0.858,0.930,0.868,0.365,0.607,0.804,0.913,0.941,0.947,0.932]
Epoch [173] Training Results: Prec@1 97.430 Prec@5 99.860             Loss 0.08371
Epoch [173] Training Class Recall: [0.974,0.983,0.969,0.899,0.921,0.960,0.974,0.989,0.976,0.979]
Epoch [173] Testing Results: Prec@1 81.580 Prec@5 97.120             Loss 0.83921
Epoch [173] Testing Class Recall: [0.873,0.934,0.858,0.370,0.586,0.806,0.915,0.931,0.947,0.938]
Epoch [174] Training Results: Prec@1 97.410 Prec@5 99.860             Loss 0.08464
Epoch [174] Training Class Recall: [0.975,0.981,0.972,0.878,0.925,0.961,0.972,0.990,0.979,0.977]
Epoch [174] Testing Results: Prec@1 81.190 Prec@5 97.010             Loss 0.87495
Epoch [174] Testing Class Recall: [0.895,0.937,0.875,0.340,0.572,0.795,0.908,0.936,0.935,0.926]
Epoch [175] Training Results: Prec@1 97.600 Prec@5 99.825             Loss 0.08279
Epoch [175] Training Class Recall: [0.978,0.984,0.975,0.894,0.921,0.968,0.972,0.986,0.978,0.981]
Epoch [175] Testing Results: Prec@1 81.550 Prec@5 97.170             Loss 0.85598
Epoch [175] Testing Class Recall: [0.888,0.941,0.872,0.335,0.601,0.814,0.913,0.928,0.939,0.924]
Epoch [176] Training Results: Prec@1 97.630 Prec@5 99.850             Loss 0.07916
Epoch [176] Training Class Recall: [0.978,0.983,0.975,0.883,0.929,0.967,0.976,0.989,0.978,0.980]
Epoch [176] Testing Results: Prec@1 81.800 Prec@5 97.300             Loss 0.83990
Epoch [176] Testing Class Recall: [0.883,0.941,0.855,0.374,0.606,0.797,0.919,0.943,0.932,0.930]
Epoch [177] Training Results: Prec@1 97.640 Prec@5 99.880             Loss 0.07882
Epoch [177] Training Class Recall: [0.978,0.981,0.978,0.891,0.925,0.966,0.975,0.990,0.976,0.981]
Epoch [177] Testing Results: Prec@1 81.740 Prec@5 97.280             Loss 0.83281
Epoch [177] Testing Class Recall: [0.868,0.938,0.860,0.375,0.593,0.808,0.922,0.935,0.942,0.933]
Epoch [178] Training Results: Prec@1 97.630 Prec@5 99.875             Loss 0.08004
Epoch [178] Training Class Recall: [0.974,0.982,0.977,0.899,0.925,0.969,0.975,0.989,0.979,0.978]
Epoch [178] Testing Results: Prec@1 81.840 Prec@5 97.170             Loss 0.84566
Epoch [178] Testing Class Recall: [0.889,0.944,0.857,0.371,0.586,0.807,0.919,0.942,0.948,0.921]
Epoch [179] Training Results: Prec@1 97.655 Prec@5 99.865             Loss 0.07853
Epoch [179] Training Class Recall: [0.977,0.981,0.977,0.883,0.932,0.967,0.976,0.990,0.980,0.979]
Epoch [179] Testing Results: Prec@1 82.000 Prec@5 97.240             Loss 0.83829
Epoch [179] Testing Class Recall: [0.886,0.940,0.866,0.378,0.612,0.800,0.914,0.938,0.946,0.920]
Epoch [180] Training Results: Prec@1 97.670 Prec@5 99.870             Loss 0.07749
Epoch [180] Training Class Recall: [0.979,0.982,0.975,0.910,0.921,0.966,0.976,0.990,0.976,0.981]
Epoch [180] Testing Results: Prec@1 81.930 Prec@5 97.190             Loss 0.83502
Epoch [180] Testing Class Recall: [0.884,0.940,0.867,0.380,0.602,0.799,0.914,0.932,0.948,0.927]
Epoch [181] Training Results: Prec@1 97.725 Prec@5 99.870             Loss 0.07541
Epoch [181] Training Class Recall: [0.979,0.985,0.976,0.894,0.929,0.965,0.977,0.988,0.981,0.980]
Epoch [181] Testing Results: Prec@1 82.010 Prec@5 97.230             Loss 0.84008
Epoch [181] Testing Class Recall: [0.882,0.937,0.867,0.366,0.616,0.798,0.918,0.941,0.952,0.924]
Epoch [182] Training Results: Prec@1 97.725 Prec@5 99.870             Loss 0.07604
Epoch [182] Training Class Recall: [0.975,0.986,0.977,0.912,0.936,0.965,0.977,0.988,0.980,0.978]
Epoch [182] Testing Results: Prec@1 81.630 Prec@5 97.080             Loss 0.84616
Epoch [182] Testing Class Recall: [0.891,0.943,0.862,0.367,0.592,0.793,0.915,0.936,0.937,0.927]
Epoch [183] Training Results: Prec@1 97.615 Prec@5 99.860             Loss 0.07780
Epoch [183] Training Class Recall: [0.971,0.983,0.980,0.891,0.918,0.965,0.976,0.989,0.977,0.981]
Epoch [183] Testing Results: Prec@1 81.630 Prec@5 97.080             Loss 0.85984
Epoch [183] Testing Class Recall: [0.888,0.938,0.866,0.354,0.597,0.793,0.913,0.944,0.939,0.931]
Epoch [184] Training Results: Prec@1 97.710 Prec@5 99.870             Loss 0.07702
Epoch [184] Training Class Recall: [0.977,0.982,0.979,0.902,0.929,0.967,0.976,0.987,0.979,0.982]
Epoch [184] Testing Results: Prec@1 81.640 Prec@5 97.170             Loss 0.85990
Epoch [184] Testing Class Recall: [0.884,0.943,0.854,0.360,0.584,0.802,0.919,0.945,0.948,0.925]
Epoch [185] Training Results: Prec@1 97.620 Prec@5 99.870             Loss 0.07865
Epoch [185] Training Class Recall: [0.978,0.982,0.973,0.897,0.921,0.965,0.976,0.988,0.978,0.982]
Epoch [185] Testing Results: Prec@1 81.660 Prec@5 97.090             Loss 0.86126
Epoch [185] Testing Class Recall: [0.886,0.945,0.859,0.369,0.583,0.796,0.925,0.936,0.948,0.919]
Epoch [186] Training Results: Prec@1 97.675 Prec@5 99.875             Loss 0.07722
Epoch [186] Training Class Recall: [0.979,0.985,0.977,0.907,0.911,0.966,0.976,0.990,0.979,0.974]
Epoch [186] Testing Results: Prec@1 81.970 Prec@5 97.180             Loss 0.84964
Epoch [186] Testing Class Recall: [0.885,0.937,0.864,0.354,0.633,0.798,0.910,0.943,0.945,0.928]
Epoch [187] Training Results: Prec@1 97.615 Prec@5 99.870             Loss 0.07808
Epoch [187] Training Class Recall: [0.971,0.984,0.974,0.894,0.925,0.970,0.975,0.991,0.980,0.979]
Epoch [187] Testing Results: Prec@1 81.890 Prec@5 97.220             Loss 0.84322
Epoch [187] Testing Class Recall: [0.880,0.942,0.861,0.369,0.607,0.804,0.918,0.939,0.947,0.922]
Epoch [188] Training Results: Prec@1 97.645 Prec@5 99.860             Loss 0.07891
Epoch [188] Training Class Recall: [0.975,0.982,0.977,0.902,0.918,0.967,0.976,0.989,0.981,0.978]
Epoch [188] Testing Results: Prec@1 81.760 Prec@5 97.220             Loss 0.84080
Epoch [188] Testing Class Recall: [0.881,0.942,0.865,0.381,0.587,0.790,0.923,0.936,0.945,0.926]
Epoch [189] Training Results: Prec@1 97.700 Prec@5 99.870             Loss 0.07543
Epoch [189] Training Class Recall: [0.976,0.983,0.979,0.899,0.921,0.966,0.977,0.992,0.978,0.978]
Epoch [189] Testing Results: Prec@1 81.960 Prec@5 97.430             Loss 0.84601
Epoch [189] Testing Class Recall: [0.875,0.950,0.867,0.380,0.587,0.820,0.915,0.938,0.953,0.911]
Epoch [190] Training Results: Prec@1 97.625 Prec@5 99.855             Loss 0.07993
Epoch [190] Training Class Recall: [0.978,0.981,0.978,0.899,0.929,0.966,0.974,0.988,0.980,0.977]
Epoch [190] Testing Results: Prec@1 81.620 Prec@5 97.070             Loss 0.85139
Epoch [190] Testing Class Recall: [0.882,0.939,0.871,0.366,0.585,0.791,0.913,0.939,0.950,0.926]
Epoch [191] Training Results: Prec@1 97.675 Prec@5 99.855             Loss 0.07823
Epoch [191] Training Class Recall: [0.979,0.982,0.976,0.910,0.925,0.965,0.976,0.990,0.979,0.978]
Epoch [191] Testing Results: Prec@1 81.350 Prec@5 97.150             Loss 0.87634
Epoch [191] Testing Class Recall: [0.883,0.946,0.864,0.331,0.581,0.817,0.911,0.945,0.930,0.927]
Epoch [192] Training Results: Prec@1 97.650 Prec@5 99.885             Loss 0.07645
Epoch [192] Training Class Recall: [0.975,0.985,0.975,0.902,0.914,0.966,0.976,0.989,0.979,0.979]
Epoch [192] Testing Results: Prec@1 81.840 Prec@5 97.160             Loss 0.84955
Epoch [192] Testing Class Recall: [0.881,0.945,0.867,0.357,0.606,0.795,0.916,0.942,0.954,0.921]
Epoch [193] Training Results: Prec@1 97.665 Prec@5 99.880             Loss 0.07661
Epoch [193] Training Class Recall: [0.979,0.982,0.980,0.899,0.932,0.965,0.976,0.987,0.980,0.976]
Epoch [193] Testing Results: Prec@1 81.750 Prec@5 97.370             Loss 0.83090
Epoch [193] Testing Class Recall: [0.882,0.937,0.863,0.394,0.570,0.801,0.915,0.943,0.940,0.930]
Epoch [194] Training Results: Prec@1 97.655 Prec@5 99.865             Loss 0.07799
Epoch [194] Training Class Recall: [0.972,0.983,0.977,0.918,0.921,0.965,0.976,0.991,0.980,0.979]
Epoch [194] Testing Results: Prec@1 81.930 Prec@5 97.260             Loss 0.84228
Epoch [194] Testing Class Recall: [0.879,0.940,0.875,0.364,0.618,0.795,0.914,0.938,0.941,0.929]
Epoch [195] Training Results: Prec@1 97.735 Prec@5 99.880             Loss 0.07615
Epoch [195] Training Class Recall: [0.974,0.981,0.977,0.905,0.925,0.968,0.976,0.989,0.983,0.982]
Epoch [195] Testing Results: Prec@1 81.420 Prec@5 97.290             Loss 0.86729
Epoch [195] Testing Class Recall: [0.880,0.941,0.872,0.368,0.570,0.798,0.912,0.942,0.933,0.926]
Epoch [196] Training Results: Prec@1 97.705 Prec@5 99.855             Loss 0.07458
Epoch [196] Training Class Recall: [0.975,0.986,0.973,0.902,0.925,0.974,0.976,0.989,0.979,0.978]
Epoch [196] Testing Results: Prec@1 81.670 Prec@5 97.120             Loss 0.85260
Epoch [196] Testing Class Recall: [0.881,0.931,0.856,0.354,0.603,0.796,0.923,0.941,0.954,0.928]
Epoch [197] Training Results: Prec@1 97.765 Prec@5 99.890             Loss 0.07520
Epoch [197] Training Class Recall: [0.978,0.982,0.975,0.907,0.925,0.972,0.977,0.990,0.980,0.981]
Epoch [197] Testing Results: Prec@1 81.850 Prec@5 97.210             Loss 0.84376
Epoch [197] Testing Class Recall: [0.876,0.943,0.865,0.368,0.601,0.800,0.915,0.943,0.952,0.922]
Epoch [198] Training Results: Prec@1 97.640 Prec@5 99.885             Loss 0.07720
Epoch [198] Training Class Recall: [0.979,0.982,0.977,0.894,0.932,0.965,0.973,0.989,0.978,0.980]
Epoch [198] Testing Results: Prec@1 81.280 Prec@5 97.100             Loss 0.86569
Epoch [198] Testing Class Recall: [0.875,0.940,0.875,0.336,0.588,0.790,0.920,0.937,0.944,0.923]
Epoch [199] Training Results: Prec@1 97.725 Prec@5 99.895             Loss 0.07688
Epoch [199] Training Class Recall: [0.978,0.983,0.979,0.905,0.943,0.971,0.974,0.988,0.979,0.977]
Epoch [199] Testing Results: Prec@1 81.800 Prec@5 97.170             Loss 0.85703
Epoch [199] Testing Class Recall: [0.887,0.947,0.871,0.355,0.600,0.808,0.913,0.939,0.942,0.918]
