Log file: cifar10_noisy_lava0.9_erm_exp1.0_seed42_20260428_140950.log
Run started: 2026-04-28 14:09:50.618126
Dataset: cifar10_noisy
Imbalance type: exp, factor: 1.0
Selection method: lava, ratio: 0.9
Strategy: ERM, epochs: 200
Seed: 42, rand_number: 0
Augmentation: weak
Noise ratio: 0.25
============================================================

=> Preparing logger and tensorboard writer !
----------------------------------------------------
Class ID   | Original   | Selected   | Keep %  
----------------------------------------------------
0          | 4000       | 3610       |    90.2%
1          | 4000       | 3496       |    87.4%
2          | 4000       | 3657       |    91.4%
3          | 4000       | 3686       |    92.2%
4          | 4000       | 3381       |    84.5%
5          | 4000       | 3654       |    91.3%
6          | 4000       | 3652       |    91.3%
7          | 4000       | 3560       |    89.0%
8          | 4000       | 3655       |    91.4%
9          | 4000       | 3649       |    91.2%
----------------------------------------------------
TOTAL      | 40000      | 36000      |    90.0%
----------------------------------------------------
Epoch [0] Training Results: Prec@1 27.606 Prec@5 77.947             Loss 2.00882
Epoch [0] Training Class Recall: [0.295,0.407,0.112,0.170,0.230,0.254,0.301,0.318,0.362,0.317]
Epoch [0] Testing Results: Prec@1 43.410 Prec@5 91.190             Loss 1.54459
Epoch [0] Testing Class Recall: [0.552,0.661,0.199,0.011,0.449,0.577,0.494,0.578,0.361,0.459]
Epoch [1] Training Results: Prec@1 36.564 Prec@5 83.706             Loss 1.83233
Epoch [1] Training Class Recall: [0.383,0.509,0.198,0.228,0.234,0.307,0.460,0.440,0.459,0.438]
Epoch [1] Testing Results: Prec@1 41.230 Prec@5 91.890             Loss 1.66030
Epoch [1] Testing Class Recall: [0.385,0.979,0.141,0.116,0.124,0.679,0.730,0.462,0.319,0.188]
Epoch [2] Training Results: Prec@1 44.222 Prec@5 86.306             Loss 1.67577
Epoch [2] Training Class Recall: [0.448,0.592,0.307,0.255,0.339,0.362,0.549,0.507,0.550,0.516]
Epoch [2] Testing Results: Prec@1 58.440 Prec@5 95.990             Loss 1.18708
Epoch [2] Testing Class Recall: [0.685,0.649,0.518,0.539,0.485,0.335,0.589,0.717,0.682,0.645]
Epoch [3] Training Results: Prec@1 50.153 Prec@5 88.069             Loss 1.55305
Epoch [3] Training Class Recall: [0.518,0.643,0.391,0.296,0.437,0.400,0.587,0.535,0.625,0.590]
Epoch [3] Testing Results: Prec@1 55.820 Prec@5 95.660             Loss 1.22516
Epoch [3] Testing Class Recall: [0.463,0.716,0.458,0.698,0.468,0.116,0.541,0.779,0.916,0.427]
Epoch [4] Training Results: Prec@1 53.261 Prec@5 88.667             Loss 1.48855
Epoch [4] Training Class Recall: [0.546,0.696,0.427,0.337,0.468,0.423,0.588,0.557,0.659,0.629]
Epoch [4] Testing Results: Prec@1 57.250 Prec@5 95.530             Loss 1.26022
Epoch [4] Testing Class Recall: [0.509,0.804,0.787,0.202,0.203,0.689,0.712,0.440,0.756,0.623]
Epoch [5] Training Results: Prec@1 56.506 Prec@5 89.408             Loss 1.41964
Epoch [5] Training Class Recall: [0.594,0.719,0.454,0.385,0.511,0.449,0.622,0.597,0.671,0.656]
Epoch [5] Testing Results: Prec@1 68.330 Prec@5 97.500             Loss 0.97369
Epoch [5] Testing Class Recall: [0.767,0.901,0.650,0.353,0.557,0.658,0.800,0.675,0.670,0.802]
Epoch [6] Training Results: Prec@1 59.139 Prec@5 90.183             Loss 1.35824
Epoch [6] Training Class Recall: [0.625,0.735,0.482,0.421,0.557,0.469,0.642,0.624,0.695,0.670]
Epoch [6] Testing Results: Prec@1 69.530 Prec@5 96.630             Loss 0.96138
Epoch [6] Testing Class Recall: [0.718,0.870,0.647,0.475,0.625,0.567,0.542,0.770,0.842,0.897]
Epoch [7] Training Results: Prec@1 61.011 Prec@5 90.503             Loss 1.31931
Epoch [7] Training Class Recall: [0.632,0.741,0.505,0.453,0.587,0.492,0.646,0.655,0.706,0.691]
Epoch [7] Testing Results: Prec@1 65.720 Prec@5 95.740             Loss 1.04811
Epoch [7] Testing Class Recall: [0.770,0.738,0.562,0.627,0.515,0.553,0.762,0.381,0.965,0.699]
Epoch [8] Training Results: Prec@1 62.481 Prec@5 90.692             Loss 1.28046
Epoch [8] Training Class Recall: [0.639,0.749,0.539,0.470,0.617,0.511,0.665,0.657,0.713,0.696]
Epoch [8] Testing Results: Prec@1 66.900 Prec@5 96.310             Loss 1.01245
Epoch [8] Testing Class Recall: [0.781,0.679,0.301,0.528,0.516,0.599,0.671,0.821,0.824,0.970]
Epoch [9] Training Results: Prec@1 63.792 Prec@5 90.822             Loss 1.25400
Epoch [9] Training Class Recall: [0.649,0.755,0.549,0.495,0.634,0.536,0.676,0.674,0.712,0.707]
Epoch [9] Testing Results: Prec@1 68.110 Prec@5 95.400             Loss 1.03652
Epoch [9] Testing Class Recall: [0.812,0.792,0.458,0.333,0.708,0.370,0.833,0.731,0.957,0.817]
Epoch [10] Training Results: Prec@1 64.736 Prec@5 91.178             Loss 1.23096
Epoch [10] Training Class Recall: [0.663,0.765,0.565,0.502,0.644,0.539,0.687,0.684,0.726,0.706]
Epoch [10] Testing Results: Prec@1 72.900 Prec@5 97.630             Loss 0.86365
Epoch [10] Testing Class Recall: [0.844,0.755,0.613,0.633,0.792,0.744,0.769,0.742,0.902,0.496]
Epoch [11] Training Results: Prec@1 65.636 Prec@5 91.342             Loss 1.21085
Epoch [11] Training Class Recall: [0.672,0.766,0.577,0.518,0.655,0.550,0.696,0.695,0.734,0.706]
Epoch [11] Testing Results: Prec@1 76.560 Prec@5 98.060             Loss 0.76672
Epoch [11] Testing Class Recall: [0.805,0.933,0.441,0.685,0.772,0.541,0.876,0.920,0.790,0.893]
Epoch [12] Training Results: Prec@1 66.325 Prec@5 91.303             Loss 1.19496
Epoch [12] Training Class Recall: [0.676,0.770,0.584,0.526,0.665,0.560,0.693,0.707,0.737,0.722]
Epoch [12] Testing Results: Prec@1 74.060 Prec@5 98.050             Loss 0.84146
Epoch [12] Testing Class Recall: [0.920,0.853,0.790,0.577,0.649,0.520,0.684,0.726,0.893,0.794]
Epoch [13] Training Results: Prec@1 66.775 Prec@5 91.372             Loss 1.17996
Epoch [13] Training Class Recall: [0.667,0.777,0.599,0.530,0.665,0.575,0.703,0.703,0.741,0.724]
Epoch [13] Testing Results: Prec@1 73.550 Prec@5 98.120             Loss 0.85219
Epoch [13] Testing Class Recall: [0.957,0.882,0.520,0.685,0.746,0.770,0.711,0.679,0.792,0.613]
Epoch [14] Training Results: Prec@1 66.997 Prec@5 91.667             Loss 1.17199
Epoch [14] Training Class Recall: [0.682,0.771,0.591,0.536,0.675,0.567,0.700,0.712,0.741,0.732]
Epoch [14] Testing Results: Prec@1 74.410 Prec@5 97.720             Loss 0.88091
Epoch [14] Testing Class Recall: [0.511,0.966,0.825,0.527,0.577,0.760,0.801,0.861,0.956,0.657]
Epoch [15] Training Results: Prec@1 67.769 Prec@5 91.631             Loss 1.16084
Epoch [15] Training Class Recall: [0.692,0.775,0.607,0.553,0.678,0.575,0.714,0.718,0.749,0.723]
Epoch [15] Testing Results: Prec@1 75.710 Prec@5 98.090             Loss 0.82040
Epoch [15] Testing Class Recall: [0.592,0.936,0.731,0.664,0.768,0.447,0.922,0.696,0.927,0.888]
Epoch [16] Training Results: Prec@1 67.897 Prec@5 91.681             Loss 1.15055
Epoch [16] Training Class Recall: [0.692,0.781,0.622,0.547,0.682,0.584,0.706,0.716,0.739,0.728]
Epoch [16] Testing Results: Prec@1 77.140 Prec@5 98.470             Loss 0.74953
Epoch [16] Testing Class Recall: [0.826,0.836,0.477,0.713,0.828,0.797,0.658,0.776,0.896,0.907]
Epoch [17] Training Results: Prec@1 68.361 Prec@5 91.639             Loss 1.13841
Epoch [17] Training Class Recall: [0.693,0.775,0.625,0.553,0.687,0.586,0.713,0.719,0.755,0.735]
Epoch [17] Testing Results: Prec@1 72.140 Prec@5 97.900             Loss 0.85987
Epoch [17] Testing Class Recall: [0.901,0.948,0.496,0.559,0.603,0.887,0.645,0.646,0.748,0.781]
Epoch [18] Training Results: Prec@1 68.847 Prec@5 91.722             Loss 1.13401
Epoch [18] Training Class Recall: [0.703,0.784,0.632,0.565,0.696,0.585,0.715,0.721,0.752,0.739]
Epoch [18] Testing Results: Prec@1 77.700 Prec@5 97.190             Loss 0.77391
Epoch [18] Testing Class Recall: [0.804,0.907,0.439,0.671,0.730,0.709,0.803,0.859,0.903,0.945]
Epoch [19] Training Results: Prec@1 69.153 Prec@5 91.903             Loss 1.12351
Epoch [19] Training Class Recall: [0.709,0.792,0.637,0.568,0.690,0.589,0.722,0.721,0.755,0.738]
Epoch [19] Testing Results: Prec@1 79.200 Prec@5 98.420             Loss 0.69882
Epoch [19] Testing Class Recall: [0.820,0.851,0.648,0.604,0.753,0.859,0.829,0.719,0.911,0.926]
Epoch [20] Training Results: Prec@1 69.322 Prec@5 91.817             Loss 1.12075
Epoch [20] Training Class Recall: [0.714,0.787,0.644,0.571,0.696,0.597,0.716,0.725,0.755,0.734]
Epoch [20] Testing Results: Prec@1 71.680 Prec@5 97.600             Loss 0.87458
Epoch [20] Testing Class Recall: [0.546,0.748,0.777,0.806,0.651,0.678,0.800,0.459,0.870,0.833]
Epoch [21] Training Results: Prec@1 69.361 Prec@5 91.950             Loss 1.11629
Epoch [21] Training Class Recall: [0.702,0.793,0.639,0.569,0.700,0.607,0.716,0.725,0.750,0.741]
Epoch [21] Testing Results: Prec@1 78.930 Prec@5 98.500             Loss 0.71717
Epoch [21] Testing Class Recall: [0.876,0.963,0.643,0.715,0.619,0.729,0.888,0.893,0.755,0.812]
Epoch [22] Training Results: Prec@1 69.828 Prec@5 91.947             Loss 1.10358
Epoch [22] Training Class Recall: [0.713,0.790,0.643,0.575,0.699,0.610,0.722,0.732,0.760,0.745]
Epoch [22] Testing Results: Prec@1 71.070 Prec@5 96.320             Loss 0.95812
Epoch [22] Testing Class Recall: [0.525,0.920,0.608,0.697,0.495,0.559,0.974,0.545,0.867,0.917]
Epoch [23] Training Results: Prec@1 69.983 Prec@5 92.067             Loss 1.10175
Epoch [23] Training Class Recall: [0.716,0.784,0.640,0.591,0.705,0.611,0.722,0.733,0.764,0.739]
Epoch [23] Testing Results: Prec@1 76.510 Prec@5 98.400             Loss 0.73784
Epoch [23] Testing Class Recall: [0.744,0.739,0.646,0.819,0.741,0.488,0.827,0.932,0.769,0.946]
Epoch [24] Training Results: Prec@1 70.344 Prec@5 92.153             Loss 1.09226
Epoch [24] Training Class Recall: [0.711,0.795,0.654,0.593,0.718,0.605,0.724,0.736,0.763,0.743]
Epoch [24] Testing Results: Prec@1 73.200 Prec@5 96.170             Loss 0.87752
Epoch [24] Testing Class Recall: [0.791,0.925,0.433,0.505,0.562,0.825,0.641,0.812,0.903,0.923]
Epoch [25] Training Results: Prec@1 70.033 Prec@5 92.033             Loss 1.09317
Epoch [25] Training Class Recall: [0.711,0.793,0.651,0.579,0.708,0.617,0.727,0.729,0.756,0.739]
Epoch [25] Testing Results: Prec@1 73.850 Prec@5 97.910             Loss 0.83214
Epoch [25] Testing Class Recall: [0.773,0.951,0.831,0.653,0.673,0.488,0.887,0.624,0.933,0.572]
Epoch [26] Training Results: Prec@1 70.261 Prec@5 92.056             Loss 1.09289
Epoch [26] Training Class Recall: [0.713,0.783,0.647,0.596,0.712,0.611,0.722,0.740,0.763,0.746]
Epoch [26] Testing Results: Prec@1 77.130 Prec@5 98.240             Loss 0.75599
Epoch [26] Testing Class Recall: [0.734,0.849,0.617,0.754,0.851,0.780,0.752,0.629,0.862,0.885]
Epoch [27] Training Results: Prec@1 70.564 Prec@5 92.242             Loss 1.08589
Epoch [27] Training Class Recall: [0.720,0.788,0.657,0.584,0.722,0.619,0.727,0.739,0.760,0.748]
Epoch [27] Testing Results: Prec@1 74.320 Prec@5 97.680             Loss 0.83740
Epoch [27] Testing Class Recall: [0.562,0.803,0.468,0.585,0.908,0.778,0.764,0.756,0.851,0.957]
Epoch [28] Training Results: Prec@1 70.800 Prec@5 92.194             Loss 1.07829
Epoch [28] Training Class Recall: [0.718,0.795,0.666,0.587,0.722,0.620,0.732,0.737,0.763,0.747]
Epoch [28] Testing Results: Prec@1 80.780 Prec@5 98.750             Loss 0.63496
Epoch [28] Testing Class Recall: [0.893,0.928,0.621,0.602,0.883,0.815,0.872,0.807,0.806,0.851]
Epoch [29] Training Results: Prec@1 70.881 Prec@5 92.122             Loss 1.07256
Epoch [29] Training Class Recall: [0.712,0.792,0.661,0.589,0.728,0.625,0.733,0.751,0.758,0.747]
Epoch [29] Testing Results: Prec@1 79.970 Prec@5 98.440             Loss 0.65554
Epoch [29] Testing Class Recall: [0.831,0.899,0.675,0.647,0.733,0.688,0.925,0.786,0.886,0.927]
Epoch [30] Training Results: Prec@1 71.300 Prec@5 92.217             Loss 1.06646
Epoch [30] Training Class Recall: [0.724,0.795,0.660,0.604,0.723,0.625,0.742,0.751,0.767,0.745]
Epoch [30] Testing Results: Prec@1 75.650 Prec@5 98.520             Loss 0.78953
Epoch [30] Testing Class Recall: [0.668,0.952,0.560,0.427,0.652,0.940,0.900,0.798,0.927,0.741]
Epoch [31] Training Results: Prec@1 70.892 Prec@5 92.506             Loss 1.06727
Epoch [31] Training Class Recall: [0.718,0.795,0.667,0.593,0.725,0.627,0.723,0.741,0.763,0.745]
Epoch [31] Testing Results: Prec@1 77.390 Prec@5 97.900             Loss 0.75138
Epoch [31] Testing Class Recall: [0.837,0.910,0.840,0.305,0.759,0.623,0.917,0.884,0.780,0.884]
Epoch [32] Training Results: Prec@1 71.297 Prec@5 92.386             Loss 1.06170
Epoch [32] Training Class Recall: [0.728,0.795,0.667,0.599,0.730,0.626,0.731,0.744,0.764,0.752]
Epoch [32] Testing Results: Prec@1 80.410 Prec@5 98.710             Loss 0.68105
Epoch [32] Testing Class Recall: [0.857,0.950,0.776,0.633,0.727,0.774,0.886,0.877,0.792,0.769]
Epoch [33] Training Results: Prec@1 71.531 Prec@5 92.364             Loss 1.05663
Epoch [33] Training Class Recall: [0.718,0.800,0.672,0.614,0.730,0.630,0.734,0.747,0.766,0.750]
Epoch [33] Testing Results: Prec@1 74.010 Prec@5 96.550             Loss 0.84645
Epoch [33] Testing Class Recall: [0.899,0.931,0.669,0.532,0.846,0.359,0.836,0.658,0.730,0.941]
Epoch [34] Training Results: Prec@1 71.303 Prec@5 92.331             Loss 1.05898
Epoch [34] Training Class Recall: [0.719,0.792,0.669,0.601,0.736,0.630,0.729,0.745,0.769,0.747]
Epoch [34] Testing Results: Prec@1 81.190 Prec@5 98.620             Loss 0.64298
Epoch [34] Testing Class Recall: [0.887,0.880,0.645,0.731,0.791,0.680,0.926,0.875,0.886,0.818]
Epoch [35] Training Results: Prec@1 71.597 Prec@5 92.383             Loss 1.05478
Epoch [35] Training Class Recall: [0.724,0.797,0.667,0.609,0.736,0.633,0.735,0.745,0.766,0.755]
Epoch [35] Testing Results: Prec@1 78.650 Prec@5 98.540             Loss 0.69654
Epoch [35] Testing Class Recall: [0.639,0.811,0.720,0.751,0.815,0.834,0.682,0.759,0.939,0.915]
Epoch [36] Training Results: Prec@1 71.683 Prec@5 92.344             Loss 1.04773
Epoch [36] Training Class Recall: [0.726,0.803,0.669,0.601,0.728,0.637,0.737,0.749,0.773,0.753]
Epoch [36] Testing Results: Prec@1 75.220 Prec@5 96.830             Loss 0.84955
Epoch [36] Testing Class Recall: [0.919,0.659,0.590,0.763,0.890,0.665,0.436,0.788,0.902,0.910]
Epoch [37] Training Results: Prec@1 71.964 Prec@5 92.525             Loss 1.04609
Epoch [37] Training Class Recall: [0.726,0.797,0.676,0.610,0.733,0.639,0.737,0.754,0.775,0.756]
Epoch [37] Testing Results: Prec@1 77.690 Prec@5 98.240             Loss 0.75241
Epoch [37] Testing Class Recall: [0.790,0.941,0.596,0.700,0.828,0.820,0.591,0.841,0.842,0.820]
Epoch [38] Training Results: Prec@1 71.753 Prec@5 92.600             Loss 1.04405
Epoch [38] Training Class Recall: [0.729,0.805,0.672,0.604,0.729,0.633,0.742,0.751,0.764,0.753]
Epoch [38] Testing Results: Prec@1 80.970 Prec@5 98.860             Loss 0.66512
Epoch [38] Testing Class Recall: [0.842,0.986,0.679,0.696,0.916,0.784,0.797,0.746,0.851,0.800]
Epoch [39] Training Results: Prec@1 72.139 Prec@5 92.650             Loss 1.03802
Epoch [39] Training Class Recall: [0.727,0.802,0.680,0.616,0.735,0.645,0.743,0.750,0.764,0.759]
Epoch [39] Testing Results: Prec@1 78.490 Prec@5 98.470             Loss 0.68165
Epoch [39] Testing Class Recall: [0.723,0.899,0.661,0.859,0.884,0.474,0.855,0.663,0.960,0.871]
Epoch [40] Training Results: Prec@1 72.150 Prec@5 92.325             Loss 1.03758
Epoch [40] Training Class Recall: [0.734,0.801,0.679,0.612,0.739,0.648,0.741,0.747,0.767,0.753]
Epoch [40] Testing Results: Prec@1 79.360 Prec@5 98.640             Loss 0.68726
Epoch [40] Testing Class Recall: [0.707,0.920,0.653,0.620,0.889,0.859,0.725,0.852,0.750,0.961]
Epoch [41] Training Results: Prec@1 72.178 Prec@5 92.739             Loss 1.03569
Epoch [41] Training Class Recall: [0.729,0.799,0.671,0.616,0.742,0.647,0.743,0.756,0.767,0.754]
Epoch [41] Testing Results: Prec@1 77.390 Prec@5 98.420             Loss 0.75867
Epoch [41] Testing Class Recall: [0.796,0.848,0.469,0.815,0.883,0.553,0.737,0.784,0.972,0.882]
Epoch [42] Training Results: Prec@1 72.303 Prec@5 92.594             Loss 1.02900
Epoch [42] Training Class Recall: [0.734,0.798,0.683,0.616,0.744,0.641,0.742,0.753,0.776,0.750]
Epoch [42] Testing Results: Prec@1 75.290 Prec@5 97.480             Loss 0.79604
Epoch [42] Testing Class Recall: [0.734,0.988,0.746,0.662,0.624,0.737,0.681,0.945,0.695,0.717]
Epoch [43] Training Results: Prec@1 72.092 Prec@5 92.611             Loss 1.03421
Epoch [43] Training Class Recall: [0.731,0.798,0.673,0.618,0.732,0.638,0.741,0.762,0.767,0.755]
Epoch [43] Testing Results: Prec@1 76.370 Prec@5 97.780             Loss 0.81001
Epoch [43] Testing Class Recall: [0.626,0.886,0.668,0.600,0.784,0.935,0.819,0.666,0.765,0.888]
Epoch [44] Training Results: Prec@1 72.486 Prec@5 92.733             Loss 1.02585
Epoch [44] Training Class Recall: [0.730,0.806,0.677,0.623,0.739,0.642,0.744,0.762,0.776,0.756]
Epoch [44] Testing Results: Prec@1 77.840 Prec@5 98.070             Loss 0.74754
Epoch [44] Testing Class Recall: [0.740,0.797,0.609,0.659,0.878,0.774,0.693,0.789,0.873,0.972]
Epoch [45] Training Results: Prec@1 72.583 Prec@5 92.683             Loss 1.02428
Epoch [45] Training Class Recall: [0.730,0.800,0.689,0.619,0.745,0.652,0.748,0.759,0.770,0.754]
Epoch [45] Testing Results: Prec@1 73.540 Prec@5 96.380             Loss 0.90087
Epoch [45] Testing Class Recall: [0.762,0.928,0.603,0.606,0.864,0.391,0.918,0.537,0.798,0.947]
Epoch [46] Training Results: Prec@1 72.125 Prec@5 92.833             Loss 1.02755
Epoch [46] Training Class Recall: [0.729,0.803,0.676,0.626,0.740,0.641,0.736,0.749,0.767,0.752]
Epoch [46] Testing Results: Prec@1 80.050 Prec@5 98.480             Loss 0.65923
Epoch [46] Testing Class Recall: [0.783,0.827,0.713,0.651,0.894,0.553,0.851,0.919,0.861,0.953]
Epoch [47] Training Results: Prec@1 72.714 Prec@5 92.700             Loss 1.02043
Epoch [47] Training Class Recall: [0.738,0.807,0.686,0.613,0.751,0.648,0.745,0.757,0.779,0.753]
Epoch [47] Testing Results: Prec@1 76.900 Prec@5 98.110             Loss 0.76283
Epoch [47] Testing Class Recall: [0.858,0.931,0.634,0.820,0.713,0.663,0.608,0.852,0.759,0.852]
Epoch [48] Training Results: Prec@1 72.517 Prec@5 92.892             Loss 1.02039
Epoch [48] Training Class Recall: [0.726,0.807,0.685,0.616,0.748,0.648,0.743,0.760,0.772,0.754]
Epoch [48] Testing Results: Prec@1 78.920 Prec@5 98.490             Loss 0.70872
Epoch [48] Testing Class Recall: [0.749,0.853,0.874,0.555,0.676,0.764,0.775,0.918,0.896,0.832]
Epoch [49] Training Results: Prec@1 72.886 Prec@5 92.889             Loss 1.01656
Epoch [49] Training Class Recall: [0.738,0.806,0.678,0.622,0.750,0.656,0.756,0.764,0.772,0.754]
Epoch [49] Testing Results: Prec@1 80.390 Prec@5 98.460             Loss 0.67542
Epoch [49] Testing Class Recall: [0.929,0.908,0.748,0.536,0.860,0.665,0.791,0.910,0.763,0.929]
Epoch [50] Training Results: Prec@1 72.997 Prec@5 92.883             Loss 1.00995
Epoch [50] Training Class Recall: [0.735,0.807,0.692,0.628,0.745,0.658,0.751,0.762,0.777,0.753]
Epoch [50] Testing Results: Prec@1 79.190 Prec@5 98.300             Loss 0.69160
Epoch [50] Testing Class Recall: [0.696,0.853,0.720,0.845,0.845,0.457,0.852,0.789,0.959,0.903]
Epoch [51] Training Results: Prec@1 72.722 Prec@5 92.978             Loss 1.01414
Epoch [51] Training Class Recall: [0.734,0.800,0.686,0.630,0.738,0.651,0.743,0.756,0.774,0.766]
Epoch [51] Testing Results: Prec@1 73.590 Prec@5 98.030             Loss 0.87363
Epoch [51] Testing Class Recall: [0.917,0.857,0.625,0.933,0.583,0.309,0.832,0.810,0.648,0.845]
Epoch [52] Training Results: Prec@1 72.950 Prec@5 92.897             Loss 1.01081
Epoch [52] Training Class Recall: [0.733,0.812,0.693,0.625,0.741,0.651,0.747,0.767,0.778,0.755]
Epoch [52] Testing Results: Prec@1 81.460 Prec@5 98.630             Loss 0.63968
Epoch [52] Testing Class Recall: [0.837,0.892,0.847,0.751,0.886,0.657,0.722,0.784,0.931,0.839]
Epoch [53] Training Results: Prec@1 73.025 Prec@5 92.842             Loss 1.01150
Epoch [53] Training Class Recall: [0.739,0.808,0.687,0.631,0.750,0.652,0.742,0.761,0.772,0.766]
Epoch [53] Testing Results: Prec@1 79.750 Prec@5 98.050             Loss 0.70171
Epoch [53] Testing Class Recall: [0.728,0.976,0.681,0.657,0.684,0.819,0.768,0.860,0.911,0.891]
Epoch [54] Training Results: Prec@1 72.919 Prec@5 92.811             Loss 1.01173
Epoch [54] Training Class Recall: [0.732,0.799,0.687,0.625,0.756,0.657,0.747,0.759,0.774,0.763]
Epoch [54] Testing Results: Prec@1 77.680 Prec@5 98.110             Loss 0.76795
Epoch [54] Testing Class Recall: [0.872,0.903,0.664,0.480,0.870,0.926,0.741,0.814,0.589,0.909]
Epoch [55] Training Results: Prec@1 73.336 Prec@5 93.036             Loss 1.00373
Epoch [55] Training Class Recall: [0.742,0.802,0.699,0.630,0.754,0.658,0.748,0.767,0.779,0.761]
Epoch [55] Testing Results: Prec@1 78.750 Prec@5 98.310             Loss 0.70256
Epoch [55] Testing Class Recall: [0.834,0.861,0.538,0.525,0.902,0.634,0.965,0.758,0.933,0.925]
Epoch [56] Training Results: Prec@1 73.100 Prec@5 92.964             Loss 1.00567
Epoch [56] Training Class Recall: [0.737,0.803,0.695,0.623,0.748,0.662,0.753,0.761,0.776,0.758]
Epoch [56] Testing Results: Prec@1 78.840 Prec@5 97.820             Loss 0.73963
Epoch [56] Testing Class Recall: [0.782,0.850,0.723,0.508,0.848,0.685,0.838,0.758,0.958,0.934]
Epoch [57] Training Results: Prec@1 73.144 Prec@5 92.728             Loss 1.01004
Epoch [57] Training Class Recall: [0.742,0.805,0.686,0.629,0.751,0.654,0.750,0.761,0.778,0.764]
Epoch [57] Testing Results: Prec@1 78.900 Prec@5 98.540             Loss 0.66893
Epoch [57] Testing Class Recall: [0.708,0.861,0.718,0.601,0.707,0.892,0.797,0.740,0.909,0.957]
Epoch [58] Training Results: Prec@1 73.242 Prec@5 93.039             Loss 1.00231
Epoch [58] Training Class Recall: [0.739,0.804,0.692,0.628,0.745,0.660,0.751,0.772,0.779,0.760]
Epoch [58] Testing Results: Prec@1 78.740 Prec@5 98.340             Loss 0.70580
Epoch [58] Testing Class Recall: [0.743,0.723,0.620,0.663,0.706,0.834,0.945,0.774,0.911,0.955]
Epoch [59] Training Results: Prec@1 73.297 Prec@5 93.036             Loss 0.99551
Epoch [59] Training Class Recall: [0.728,0.805,0.689,0.637,0.744,0.671,0.751,0.768,0.778,0.764]
Epoch [59] Testing Results: Prec@1 77.860 Prec@5 97.940             Loss 0.74269
Epoch [59] Testing Class Recall: [0.889,0.966,0.700,0.604,0.838,0.490,0.761,0.923,0.722,0.893]
Epoch [60] Training Results: Prec@1 73.150 Prec@5 93.131             Loss 0.99997
Epoch [60] Training Class Recall: [0.740,0.808,0.686,0.632,0.754,0.655,0.748,0.763,0.773,0.762]
Epoch [60] Testing Results: Prec@1 80.550 Prec@5 98.610             Loss 0.66342
Epoch [60] Testing Class Recall: [0.724,0.952,0.878,0.669,0.732,0.784,0.859,0.830,0.771,0.856]
Epoch [61] Training Results: Prec@1 73.025 Prec@5 92.978             Loss 1.00275
Epoch [61] Training Class Recall: [0.733,0.801,0.693,0.632,0.746,0.651,0.751,0.765,0.781,0.756]
Epoch [61] Testing Results: Prec@1 76.980 Prec@5 97.960             Loss 0.77039
Epoch [61] Testing Class Recall: [0.929,0.890,0.705,0.409,0.943,0.793,0.567,0.719,0.841,0.902]
Epoch [62] Training Results: Prec@1 73.267 Prec@5 93.069             Loss 0.99612
Epoch [62] Training Class Recall: [0.738,0.801,0.690,0.623,0.760,0.668,0.749,0.760,0.776,0.768]
Epoch [62] Testing Results: Prec@1 81.450 Prec@5 98.740             Loss 0.63004
Epoch [62] Testing Class Recall: [0.842,0.909,0.825,0.689,0.878,0.584,0.819,0.879,0.784,0.936]
Epoch [63] Training Results: Prec@1 73.403 Prec@5 93.186             Loss 0.99303
Epoch [63] Training Class Recall: [0.738,0.805,0.697,0.641,0.761,0.653,0.752,0.769,0.770,0.760]
Epoch [63] Testing Results: Prec@1 76.630 Prec@5 97.310             Loss 0.76311
Epoch [63] Testing Class Recall: [0.854,0.946,0.724,0.617,0.772,0.373,0.951,0.664,0.922,0.840]
Epoch [64] Training Results: Prec@1 73.650 Prec@5 92.964             Loss 0.99257
Epoch [64] Training Class Recall: [0.744,0.808,0.694,0.642,0.758,0.664,0.755,0.766,0.779,0.764]
Epoch [64] Testing Results: Prec@1 82.550 Prec@5 98.560             Loss 0.59283
Epoch [64] Testing Class Recall: [0.846,0.927,0.689,0.618,0.742,0.862,0.888,0.824,0.943,0.916]
Epoch [65] Training Results: Prec@1 73.622 Prec@5 93.061             Loss 0.99242
Epoch [65] Training Class Recall: [0.736,0.809,0.698,0.641,0.756,0.659,0.755,0.768,0.783,0.764]
Epoch [65] Testing Results: Prec@1 78.140 Prec@5 98.370             Loss 0.73556
Epoch [65] Testing Class Recall: [0.968,0.857,0.668,0.689,0.804,0.689,0.907,0.865,0.811,0.556]
Epoch [66] Training Results: Prec@1 73.489 Prec@5 93.092             Loss 0.99121
Epoch [66] Training Class Recall: [0.741,0.806,0.701,0.639,0.756,0.665,0.746,0.765,0.781,0.755]
Epoch [66] Testing Results: Prec@1 76.040 Prec@5 97.430             Loss 0.77610
Epoch [66] Testing Class Recall: [0.662,0.812,0.499,0.726,0.930,0.658,0.800,0.748,0.837,0.932]
Epoch [67] Training Results: Prec@1 73.819 Prec@5 93.161             Loss 0.98640
Epoch [67] Training Class Recall: [0.750,0.809,0.705,0.635,0.763,0.666,0.752,0.771,0.776,0.762]
Epoch [67] Testing Results: Prec@1 80.960 Prec@5 98.740             Loss 0.63052
Epoch [67] Testing Class Recall: [0.772,0.965,0.780,0.661,0.857,0.760,0.868,0.864,0.915,0.654]
Epoch [68] Training Results: Prec@1 73.661 Prec@5 93.122             Loss 0.98791
Epoch [68] Training Class Recall: [0.742,0.808,0.692,0.646,0.753,0.665,0.758,0.763,0.780,0.764]
Epoch [68] Testing Results: Prec@1 79.280 Prec@5 98.000             Loss 0.70397
Epoch [68] Testing Class Recall: [0.928,0.921,0.835,0.497,0.880,0.468,0.856,0.770,0.883,0.890]
Epoch [69] Training Results: Prec@1 73.650 Prec@5 93.200             Loss 0.98635
Epoch [69] Training Class Recall: [0.740,0.802,0.703,0.639,0.763,0.665,0.754,0.767,0.773,0.765]
Epoch [69] Testing Results: Prec@1 80.990 Prec@5 98.060             Loss 0.69409
Epoch [69] Testing Class Recall: [0.901,0.871,0.764,0.434,0.882,0.830,0.821,0.905,0.783,0.908]
Epoch [70] Training Results: Prec@1 73.744 Prec@5 93.131             Loss 0.98514
Epoch [70] Training Class Recall: [0.740,0.806,0.700,0.640,0.759,0.669,0.750,0.773,0.779,0.763]
Epoch [70] Testing Results: Prec@1 81.100 Prec@5 98.080             Loss 0.66007
Epoch [70] Testing Class Recall: [0.830,0.900,0.697,0.688,0.888,0.682,0.800,0.790,0.970,0.865]
Epoch [71] Training Results: Prec@1 73.778 Prec@5 93.017             Loss 0.98760
Epoch [71] Training Class Recall: [0.738,0.804,0.696,0.645,0.758,0.665,0.760,0.776,0.781,0.760]
Epoch [71] Testing Results: Prec@1 81.970 Prec@5 98.300             Loss 0.63329
Epoch [71] Testing Class Recall: [0.866,0.868,0.587,0.737,0.912,0.685,0.880,0.901,0.814,0.947]
Epoch [72] Training Results: Prec@1 73.667 Prec@5 93.203             Loss 0.98577
Epoch [72] Training Class Recall: [0.742,0.808,0.698,0.638,0.762,0.664,0.757,0.767,0.777,0.760]
Epoch [72] Testing Results: Prec@1 78.420 Prec@5 98.630             Loss 0.71221
Epoch [72] Testing Class Recall: [0.812,0.952,0.931,0.660,0.714,0.584,0.711,0.744,0.904,0.830]
Epoch [73] Training Results: Prec@1 73.556 Prec@5 93.083             Loss 0.98426
Epoch [73] Training Class Recall: [0.740,0.812,0.701,0.639,0.748,0.653,0.757,0.766,0.779,0.768]
Epoch [73] Testing Results: Prec@1 80.690 Prec@5 98.400             Loss 0.64662
Epoch [73] Testing Class Recall: [0.699,0.920,0.621,0.613,0.773,0.787,0.957,0.834,0.956,0.909]
Epoch [74] Training Results: Prec@1 73.803 Prec@5 93.261             Loss 0.97723
Epoch [74] Training Class Recall: [0.734,0.813,0.697,0.644,0.759,0.666,0.757,0.775,0.777,0.767]
Epoch [74] Testing Results: Prec@1 80.490 Prec@5 98.450             Loss 0.67810
Epoch [74] Testing Class Recall: [0.891,0.846,0.875,0.650,0.848,0.536,0.864,0.864,0.752,0.923]
Epoch [75] Training Results: Prec@1 73.519 Prec@5 93.269             Loss 0.98337
Epoch [75] Training Class Recall: [0.739,0.805,0.704,0.642,0.751,0.663,0.746,0.767,0.780,0.760]
Epoch [75] Testing Results: Prec@1 81.050 Prec@5 98.940             Loss 0.60158
Epoch [75] Testing Class Recall: [0.844,0.907,0.581,0.573,0.863,0.738,0.962,0.826,0.953,0.858]
Epoch [76] Training Results: Prec@1 74.081 Prec@5 93.250             Loss 0.97726
Epoch [76] Training Class Recall: [0.740,0.806,0.698,0.648,0.760,0.675,0.759,0.777,0.783,0.768]
Epoch [76] Testing Results: Prec@1 76.680 Prec@5 98.000             Loss 0.77330
Epoch [76] Testing Class Recall: [0.789,0.728,0.487,0.544,0.944,0.848,0.830,0.663,0.937,0.898]
Epoch [77] Training Results: Prec@1 73.872 Prec@5 93.206             Loss 0.97572
Epoch [77] Training Class Recall: [0.742,0.803,0.698,0.648,0.763,0.668,0.759,0.769,0.783,0.760]
Epoch [77] Testing Results: Prec@1 79.740 Prec@5 97.940             Loss 0.69017
Epoch [77] Testing Class Recall: [0.917,0.962,0.650,0.751,0.615,0.732,0.885,0.795,0.895,0.772]
Epoch [78] Training Results: Prec@1 73.761 Prec@5 93.353             Loss 0.97895
Epoch [78] Training Class Recall: [0.742,0.808,0.701,0.641,0.755,0.668,0.755,0.768,0.784,0.761]
Epoch [78] Testing Results: Prec@1 79.580 Prec@5 98.170             Loss 0.68541
Epoch [78] Testing Class Recall: [0.754,0.700,0.689,0.740,0.838,0.774,0.722,0.858,0.921,0.962]
Epoch [79] Training Results: Prec@1 73.700 Prec@5 93.325             Loss 0.97602
Epoch [79] Training Class Recall: [0.742,0.809,0.706,0.639,0.762,0.661,0.748,0.766,0.778,0.765]
Epoch [79] Testing Results: Prec@1 79.510 Prec@5 98.100             Loss 0.70527
Epoch [79] Testing Class Recall: [0.807,0.877,0.587,0.605,0.833,0.867,0.929,0.750,0.931,0.765]
Epoch [80] Training Results: Prec@1 74.142 Prec@5 93.294             Loss 0.97300
Epoch [80] Training Class Recall: [0.750,0.814,0.703,0.653,0.766,0.664,0.756,0.770,0.782,0.761]
Epoch [80] Testing Results: Prec@1 77.490 Prec@5 98.820             Loss 0.74214
Epoch [80] Testing Class Recall: [0.732,0.899,0.840,0.844,0.840,0.282,0.734,0.813,0.874,0.891]
Epoch [81] Training Results: Prec@1 74.108 Prec@5 93.342             Loss 0.97226
Epoch [81] Training Class Recall: [0.753,0.808,0.705,0.645,0.762,0.667,0.753,0.772,0.782,0.769]
Epoch [81] Testing Results: Prec@1 80.400 Prec@5 98.730             Loss 0.67309
Epoch [81] Testing Class Recall: [0.817,0.951,0.617,0.758,0.796,0.686,0.922,0.828,0.927,0.738]
Epoch [82] Training Results: Prec@1 73.975 Prec@5 93.347             Loss 0.97198
Epoch [82] Training Class Recall: [0.738,0.808,0.704,0.652,0.763,0.672,0.753,0.772,0.776,0.765]
Epoch [82] Testing Results: Prec@1 79.050 Prec@5 98.180             Loss 0.70036
Epoch [82] Testing Class Recall: [0.919,0.960,0.779,0.503,0.804,0.572,0.925,0.901,0.778,0.764]
Epoch [83] Training Results: Prec@1 74.044 Prec@5 93.428             Loss 0.96723
Epoch [83] Training Class Recall: [0.742,0.808,0.716,0.641,0.759,0.667,0.760,0.775,0.778,0.762]
Epoch [83] Testing Results: Prec@1 71.210 Prec@5 96.640             Loss 0.90995
Epoch [83] Testing Class Recall: [0.718,0.920,0.879,0.647,0.322,0.621,0.900,0.686,0.760,0.668]
Epoch [84] Training Results: Prec@1 74.092 Prec@5 93.411             Loss 0.97124
Epoch [84] Training Class Recall: [0.746,0.812,0.704,0.638,0.763,0.678,0.758,0.774,0.778,0.765]
Epoch [84] Testing Results: Prec@1 82.510 Prec@5 99.000             Loss 0.61728
Epoch [84] Testing Class Recall: [0.803,0.901,0.783,0.598,0.896,0.814,0.831,0.849,0.907,0.869]
Epoch [85] Training Results: Prec@1 74.225 Prec@5 93.153             Loss 0.96884
Epoch [85] Training Class Recall: [0.749,0.814,0.699,0.652,0.757,0.683,0.757,0.769,0.785,0.764]
Epoch [85] Testing Results: Prec@1 77.860 Prec@5 97.680             Loss 0.74342
Epoch [85] Testing Class Recall: [0.843,0.894,0.703,0.856,0.845,0.399,0.810,0.608,0.941,0.887]
Epoch [86] Training Results: Prec@1 73.964 Prec@5 93.331             Loss 0.97265
Epoch [86] Training Class Recall: [0.740,0.809,0.701,0.652,0.764,0.669,0.759,0.766,0.778,0.764]
Epoch [86] Testing Results: Prec@1 79.360 Prec@5 98.380             Loss 0.71456
Epoch [86] Testing Class Recall: [0.843,0.921,0.864,0.811,0.711,0.637,0.826,0.783,0.727,0.813]
Epoch [87] Training Results: Prec@1 74.042 Prec@5 93.269             Loss 0.97022
Epoch [87] Training Class Recall: [0.752,0.804,0.706,0.643,0.760,0.667,0.763,0.771,0.777,0.768]
Epoch [87] Testing Results: Prec@1 80.520 Prec@5 98.390             Loss 0.65839
Epoch [87] Testing Class Recall: [0.918,0.938,0.708,0.804,0.813,0.794,0.743,0.714,0.773,0.847]
Epoch [88] Training Results: Prec@1 74.206 Prec@5 93.564             Loss 0.96206
Epoch [88] Training Class Recall: [0.740,0.809,0.705,0.655,0.761,0.680,0.756,0.776,0.781,0.763]
Epoch [88] Testing Results: Prec@1 81.540 Prec@5 98.260             Loss 0.62122
Epoch [88] Testing Class Recall: [0.854,0.895,0.865,0.731,0.875,0.594,0.760,0.780,0.850,0.950]
Epoch [89] Training Results: Prec@1 74.344 Prec@5 93.375             Loss 0.96441
Epoch [89] Training Class Recall: [0.739,0.817,0.699,0.651,0.772,0.676,0.758,0.772,0.781,0.775]
Epoch [89] Testing Results: Prec@1 76.540 Prec@5 97.300             Loss 0.77737
Epoch [89] Testing Class Recall: [0.943,0.908,0.703,0.568,0.665,0.566,0.774,0.814,0.917,0.796]
Epoch [90] Training Results: Prec@1 74.169 Prec@5 93.478             Loss 0.96282
Epoch [90] Training Class Recall: [0.753,0.809,0.702,0.642,0.771,0.670,0.757,0.774,0.782,0.765]
Epoch [90] Testing Results: Prec@1 79.490 Prec@5 97.740             Loss 0.68437
Epoch [90] Testing Class Recall: [0.751,0.902,0.666,0.553,0.877,0.540,0.956,0.823,0.942,0.939]
Epoch [91] Training Results: Prec@1 74.536 Prec@5 93.450             Loss 0.95714
Epoch [91] Training Class Recall: [0.752,0.811,0.704,0.654,0.772,0.682,0.752,0.777,0.779,0.777]
Epoch [91] Testing Results: Prec@1 81.890 Prec@5 98.650             Loss 0.60827
Epoch [91] Testing Class Recall: [0.866,0.930,0.667,0.719,0.739,0.779,0.783,0.909,0.962,0.835]
Epoch [92] Training Results: Prec@1 74.211 Prec@5 93.389             Loss 0.96229
Epoch [92] Training Class Recall: [0.746,0.813,0.694,0.649,0.771,0.680,0.750,0.776,0.789,0.759]
Epoch [92] Testing Results: Prec@1 73.240 Prec@5 95.380             Loss 0.90613
Epoch [92] Testing Class Recall: [0.756,0.943,0.692,0.381,0.751,0.823,0.322,0.860,0.869,0.927]
Epoch [93] Training Results: Prec@1 74.569 Prec@5 93.506             Loss 0.96040
Epoch [93] Training Class Recall: [0.756,0.813,0.720,0.659,0.768,0.668,0.762,0.774,0.778,0.765]
Epoch [93] Testing Results: Prec@1 80.550 Prec@5 98.360             Loss 0.64263
Epoch [93] Testing Class Recall: [0.663,0.869,0.693,0.634,0.852,0.839,0.790,0.824,0.979,0.912]
Epoch [94] Training Results: Prec@1 73.928 Prec@5 93.433             Loss 0.96330
Epoch [94] Training Class Recall: [0.743,0.811,0.705,0.644,0.760,0.670,0.753,0.767,0.778,0.767]
Epoch [94] Testing Results: Prec@1 80.640 Prec@5 98.430             Loss 0.64461
Epoch [94] Testing Class Recall: [0.762,0.862,0.687,0.879,0.796,0.555,0.844,0.847,0.930,0.902]
Epoch [95] Training Results: Prec@1 74.561 Prec@5 93.556             Loss 0.95737
Epoch [95] Training Class Recall: [0.749,0.812,0.704,0.650,0.775,0.677,0.760,0.778,0.789,0.769]
Epoch [95] Testing Results: Prec@1 80.660 Prec@5 98.590             Loss 0.63552
Epoch [95] Testing Class Recall: [0.885,0.933,0.848,0.739,0.761,0.727,0.763,0.818,0.893,0.699]
Epoch [96] Training Results: Prec@1 74.336 Prec@5 93.619             Loss 0.95801
Epoch [96] Training Class Recall: [0.744,0.806,0.707,0.654,0.767,0.677,0.757,0.776,0.787,0.765]
Epoch [96] Testing Results: Prec@1 77.700 Prec@5 98.190             Loss 0.73025
Epoch [96] Testing Class Recall: [0.610,0.912,0.760,0.596,0.727,0.721,0.800,0.801,0.985,0.858]
Epoch [97] Training Results: Prec@1 74.419 Prec@5 93.544             Loss 0.95685
Epoch [97] Training Class Recall: [0.753,0.806,0.711,0.652,0.768,0.674,0.754,0.779,0.782,0.768]
Epoch [97] Testing Results: Prec@1 78.780 Prec@5 98.340             Loss 0.71649
Epoch [97] Testing Class Recall: [0.631,0.945,0.773,0.560,0.856,0.816,0.900,0.731,0.977,0.689]
Epoch [98] Training Results: Prec@1 74.581 Prec@5 93.625             Loss 0.95321
Epoch [98] Training Class Recall: [0.747,0.818,0.708,0.652,0.768,0.678,0.758,0.774,0.788,0.773]
Epoch [98] Testing Results: Prec@1 80.070 Prec@5 97.860             Loss 0.67930
Epoch [98] Testing Class Recall: [0.903,0.980,0.715,0.774,0.654,0.632,0.870,0.820,0.840,0.819]
Epoch [99] Training Results: Prec@1 74.483 Prec@5 93.464             Loss 0.95453
Epoch [99] Training Class Recall: [0.751,0.815,0.709,0.654,0.761,0.678,0.761,0.773,0.785,0.768]
Epoch [99] Testing Results: Prec@1 73.860 Prec@5 96.750             Loss 0.85199
Epoch [99] Testing Class Recall: [0.917,0.867,0.574,0.599,0.759,0.564,0.679,0.619,0.850,0.958]
Epoch [100] Training Results: Prec@1 74.531 Prec@5 93.531             Loss 0.95632
Epoch [100] Training Class Recall: [0.748,0.808,0.709,0.655,0.765,0.680,0.760,0.776,0.790,0.768]
Epoch [100] Testing Results: Prec@1 80.710 Prec@5 98.270             Loss 0.69013
Epoch [100] Testing Class Recall: [0.805,0.896,0.648,0.815,0.679,0.624,0.832,0.924,0.945,0.903]
Epoch [101] Training Results: Prec@1 74.483 Prec@5 93.511             Loss 0.95568
Epoch [101] Training Class Recall: [0.749,0.816,0.705,0.645,0.775,0.675,0.762,0.776,0.787,0.765]
Epoch [101] Testing Results: Prec@1 79.690 Prec@5 97.810             Loss 0.70068
Epoch [101] Testing Class Recall: [0.935,0.955,0.717,0.567,0.630,0.773,0.916,0.827,0.775,0.874]
Epoch [102] Training Results: Prec@1 74.247 Prec@5 93.564             Loss 0.95907
Epoch [102] Training Class Recall: [0.748,0.811,0.715,0.641,0.763,0.672,0.762,0.775,0.781,0.763]
Epoch [102] Testing Results: Prec@1 78.260 Prec@5 98.070             Loss 0.70589
Epoch [102] Testing Class Recall: [0.759,0.858,0.462,0.706,0.722,0.881,0.812,0.892,0.793,0.941]
Epoch [103] Training Results: Prec@1 74.681 Prec@5 93.489             Loss 0.95304
Epoch [103] Training Class Recall: [0.751,0.819,0.713,0.647,0.760,0.685,0.762,0.779,0.789,0.770]
Epoch [103] Testing Results: Prec@1 78.770 Prec@5 98.380             Loss 0.70247
Epoch [103] Testing Class Recall: [0.878,0.836,0.584,0.701,0.759,0.748,0.857,0.718,0.924,0.872]
Epoch [104] Training Results: Prec@1 74.483 Prec@5 93.636             Loss 0.94985
Epoch [104] Training Class Recall: [0.747,0.817,0.709,0.651,0.770,0.678,0.754,0.774,0.785,0.771]
Epoch [104] Testing Results: Prec@1 77.600 Prec@5 98.240             Loss 0.76907
Epoch [104] Testing Class Recall: [0.896,0.908,0.476,0.894,0.593,0.661,0.824,0.780,0.888,0.840]
Epoch [105] Training Results: Prec@1 74.564 Prec@5 93.475             Loss 0.95305
Epoch [105] Training Class Recall: [0.746,0.811,0.717,0.657,0.766,0.688,0.755,0.773,0.782,0.767]
Epoch [105] Testing Results: Prec@1 74.520 Prec@5 97.240             Loss 0.84143
Epoch [105] Testing Class Recall: [0.701,0.712,0.670,0.638,0.840,0.666,0.949,0.521,0.913,0.842]
Epoch [106] Training Results: Prec@1 74.469 Prec@5 93.717             Loss 0.95381
Epoch [106] Training Class Recall: [0.750,0.811,0.712,0.661,0.767,0.680,0.758,0.767,0.781,0.765]
Epoch [106] Testing Results: Prec@1 74.730 Prec@5 97.700             Loss 0.88680
Epoch [106] Testing Class Recall: [0.721,0.849,0.380,0.892,0.723,0.455,0.925,0.829,0.854,0.845]
Epoch [107] Training Results: Prec@1 74.500 Prec@5 93.667             Loss 0.95222
Epoch [107] Training Class Recall: [0.750,0.815,0.711,0.654,0.760,0.675,0.757,0.774,0.792,0.768]
Epoch [107] Testing Results: Prec@1 77.490 Prec@5 98.450             Loss 0.76349
Epoch [107] Testing Class Recall: [0.955,0.885,0.804,0.605,0.723,0.728,0.656,0.787,0.818,0.788]
Epoch [108] Training Results: Prec@1 74.672 Prec@5 93.633             Loss 0.94857
Epoch [108] Training Class Recall: [0.744,0.812,0.714,0.661,0.767,0.680,0.761,0.779,0.787,0.767]
Epoch [108] Testing Results: Prec@1 80.890 Prec@5 98.240             Loss 0.66595
Epoch [108] Testing Class Recall: [0.852,0.749,0.729,0.562,0.841,0.876,0.779,0.868,0.868,0.965]
Epoch [109] Training Results: Prec@1 74.511 Prec@5 93.744             Loss 0.95115
Epoch [109] Training Class Recall: [0.747,0.806,0.710,0.654,0.771,0.683,0.758,0.774,0.782,0.772]
Epoch [109] Testing Results: Prec@1 78.800 Prec@5 98.090             Loss 0.72238
Epoch [109] Testing Class Recall: [0.811,0.870,0.674,0.850,0.778,0.516,0.913,0.896,0.881,0.691]
Epoch [110] Training Results: Prec@1 74.417 Prec@5 93.697             Loss 0.95102
Epoch [110] Training Class Recall: [0.750,0.810,0.709,0.652,0.767,0.677,0.762,0.772,0.785,0.763]
Epoch [110] Testing Results: Prec@1 81.920 Prec@5 98.580             Loss 0.61724
Epoch [110] Testing Class Recall: [0.858,0.889,0.736,0.634,0.865,0.779,0.804,0.847,0.926,0.854]
Epoch [111] Training Results: Prec@1 74.692 Prec@5 93.619             Loss 0.94571
Epoch [111] Training Class Recall: [0.742,0.811,0.723,0.660,0.770,0.673,0.759,0.777,0.786,0.773]
Epoch [111] Testing Results: Prec@1 79.490 Prec@5 97.620             Loss 0.71977
Epoch [111] Testing Class Recall: [0.861,0.868,0.543,0.727,0.775,0.659,0.870,0.779,0.948,0.919]
Epoch [112] Training Results: Prec@1 74.633 Prec@5 93.836             Loss 0.94441
Epoch [112] Training Class Recall: [0.750,0.807,0.708,0.658,0.767,0.683,0.765,0.772,0.786,0.772]
Epoch [112] Testing Results: Prec@1 81.330 Prec@5 97.730             Loss 0.65747
Epoch [112] Testing Class Recall: [0.828,0.903,0.510,0.580,0.920,0.833,0.899,0.849,0.943,0.868]
Epoch [113] Training Results: Prec@1 74.522 Prec@5 93.739             Loss 0.95002
Epoch [113] Training Class Recall: [0.746,0.811,0.713,0.647,0.771,0.683,0.764,0.776,0.783,0.764]
Epoch [113] Testing Results: Prec@1 82.100 Prec@5 98.770             Loss 0.64789
Epoch [113] Testing Class Recall: [0.856,0.859,0.849,0.557,0.768,0.782,0.875,0.886,0.906,0.872]
Epoch [114] Training Results: Prec@1 74.550 Prec@5 93.744             Loss 0.95045
Epoch [114] Training Class Recall: [0.750,0.814,0.711,0.652,0.765,0.678,0.760,0.776,0.783,0.772]
Epoch [114] Testing Results: Prec@1 80.240 Prec@5 98.150             Loss 0.70092
Epoch [114] Testing Class Recall: [0.871,0.900,0.814,0.390,0.762,0.750,0.870,0.868,0.928,0.871]
Epoch [115] Training Results: Prec@1 74.883 Prec@5 93.589             Loss 0.94534
Epoch [115] Training Class Recall: [0.750,0.812,0.710,0.665,0.769,0.684,0.763,0.783,0.787,0.771]
Epoch [115] Testing Results: Prec@1 79.900 Prec@5 98.270             Loss 0.68652
Epoch [115] Testing Class Recall: [0.837,0.950,0.719,0.700,0.667,0.721,0.947,0.781,0.749,0.919]
Epoch [116] Training Results: Prec@1 74.619 Prec@5 93.678             Loss 0.94812
Epoch [116] Training Class Recall: [0.752,0.812,0.707,0.659,0.762,0.686,0.765,0.778,0.782,0.767]
Epoch [116] Testing Results: Prec@1 79.750 Prec@5 98.470             Loss 0.65608
Epoch [116] Testing Class Recall: [0.797,0.919,0.583,0.772,0.818,0.555,0.942,0.826,0.904,0.859]
Epoch [117] Training Results: Prec@1 74.861 Prec@5 93.836             Loss 0.93940
Epoch [117] Training Class Recall: [0.749,0.812,0.715,0.664,0.770,0.684,0.762,0.789,0.782,0.765]
Epoch [117] Testing Results: Prec@1 80.510 Prec@5 98.160             Loss 0.65683
Epoch [117] Testing Class Recall: [0.780,0.957,0.738,0.589,0.847,0.878,0.856,0.689,0.933,0.784]
Epoch [118] Training Results: Prec@1 74.664 Prec@5 93.692             Loss 0.95157
Epoch [118] Training Class Recall: [0.744,0.811,0.711,0.664,0.773,0.679,0.761,0.778,0.785,0.767]
Epoch [118] Testing Results: Prec@1 76.230 Prec@5 97.920             Loss 0.76805
Epoch [118] Testing Class Recall: [0.873,0.827,0.544,0.653,0.759,0.499,0.936,0.838,0.978,0.716]
Epoch [119] Training Results: Prec@1 74.806 Prec@5 93.761             Loss 0.94294
Epoch [119] Training Class Recall: [0.748,0.814,0.709,0.670,0.764,0.678,0.768,0.781,0.785,0.769]
Epoch [119] Testing Results: Prec@1 81.210 Prec@5 98.380             Loss 0.65336
Epoch [119] Testing Class Recall: [0.809,0.896,0.841,0.511,0.802,0.790,0.750,0.890,0.955,0.877]
Epoch [120] Training Results: Prec@1 74.628 Prec@5 93.725             Loss 0.94486
Epoch [120] Training Class Recall: [0.752,0.809,0.713,0.655,0.764,0.683,0.763,0.775,0.787,0.769]
Epoch [120] Testing Results: Prec@1 80.210 Prec@5 98.300             Loss 0.65885
Epoch [120] Testing Class Recall: [0.821,0.941,0.651,0.546,0.701,0.880,0.872,0.940,0.919,0.750]
Epoch [121] Training Results: Prec@1 74.864 Prec@5 93.733             Loss 0.93738
Epoch [121] Training Class Recall: [0.748,0.815,0.725,0.658,0.771,0.678,0.764,0.778,0.789,0.767]
Epoch [121] Testing Results: Prec@1 77.500 Prec@5 97.610             Loss 0.75991
Epoch [121] Testing Class Recall: [0.919,0.799,0.759,0.383,0.872,0.841,0.719,0.803,0.841,0.814]
Epoch [122] Training Results: Prec@1 74.814 Prec@5 93.775             Loss 0.94198
Epoch [122] Training Class Recall: [0.751,0.815,0.716,0.655,0.769,0.678,0.763,0.776,0.788,0.776]
Epoch [122] Testing Results: Prec@1 79.850 Prec@5 98.080             Loss 0.69509
Epoch [122] Testing Class Recall: [0.718,0.868,0.642,0.816,0.739,0.754,0.719,0.831,0.967,0.931]
Epoch [123] Training Results: Prec@1 74.656 Prec@5 93.850             Loss 0.93996
Epoch [123] Training Class Recall: [0.751,0.811,0.706,0.655,0.778,0.681,0.762,0.777,0.784,0.768]
Epoch [123] Testing Results: Prec@1 80.380 Prec@5 97.820             Loss 0.69327
Epoch [123] Testing Class Recall: [0.910,0.959,0.589,0.722,0.587,0.808,0.929,0.845,0.799,0.890]
Epoch [124] Training Results: Prec@1 74.831 Prec@5 93.883             Loss 0.93990
Epoch [124] Training Class Recall: [0.747,0.814,0.716,0.659,0.767,0.680,0.763,0.783,0.785,0.776]
Epoch [124] Testing Results: Prec@1 72.770 Prec@5 96.380             Loss 0.90420
Epoch [124] Testing Class Recall: [0.902,0.876,0.552,0.539,0.490,0.576,0.925,0.948,0.515,0.954]
Epoch [125] Training Results: Prec@1 74.875 Prec@5 93.797             Loss 0.93998
Epoch [125] Training Class Recall: [0.750,0.811,0.714,0.666,0.767,0.686,0.765,0.775,0.785,0.773]
Epoch [125] Testing Results: Prec@1 81.140 Prec@5 97.760             Loss 0.67470
Epoch [125] Testing Class Recall: [0.872,0.964,0.643,0.565,0.727,0.789,0.895,0.896,0.930,0.833]
Epoch [126] Training Results: Prec@1 74.892 Prec@5 93.836             Loss 0.93524
Epoch [126] Training Class Recall: [0.745,0.809,0.718,0.665,0.774,0.693,0.769,0.770,0.785,0.766]
Epoch [126] Testing Results: Prec@1 80.460 Prec@5 98.090             Loss 0.67674
Epoch [126] Testing Class Recall: [0.835,0.967,0.877,0.689,0.679,0.713,0.895,0.914,0.663,0.814]
Epoch [127] Training Results: Prec@1 74.753 Prec@5 93.989             Loss 0.93586
Epoch [127] Training Class Recall: [0.754,0.812,0.714,0.648,0.771,0.681,0.761,0.782,0.786,0.772]
Epoch [127] Testing Results: Prec@1 79.660 Prec@5 98.650             Loss 0.65933
Epoch [127] Testing Class Recall: [0.838,0.861,0.898,0.733,0.652,0.701,0.842,0.789,0.736,0.916]
Epoch [128] Training Results: Prec@1 74.819 Prec@5 93.733             Loss 0.94272
Epoch [128] Training Class Recall: [0.756,0.812,0.718,0.660,0.766,0.679,0.760,0.778,0.788,0.771]
Epoch [128] Testing Results: Prec@1 78.220 Prec@5 97.930             Loss 0.73409
Epoch [128] Testing Class Recall: [0.666,0.857,0.681,0.645,0.920,0.713,0.628,0.909,0.874,0.929]
Epoch [129] Training Results: Prec@1 74.842 Prec@5 94.011             Loss 0.93598
Epoch [129] Training Class Recall: [0.752,0.815,0.717,0.663,0.773,0.681,0.760,0.781,0.784,0.765]
Epoch [129] Testing Results: Prec@1 83.000 Prec@5 98.610             Loss 0.59433
Epoch [129] Testing Class Recall: [0.860,0.935,0.753,0.559,0.826,0.792,0.908,0.919,0.851,0.897]
Epoch [130] Training Results: Prec@1 74.997 Prec@5 93.839             Loss 0.93447
Epoch [130] Training Class Recall: [0.748,0.816,0.712,0.667,0.773,0.688,0.765,0.777,0.785,0.774]
Epoch [130] Testing Results: Prec@1 75.600 Prec@5 96.860             Loss 0.82987
Epoch [130] Testing Class Recall: [0.944,0.902,0.475,0.644,0.776,0.565,0.934,0.764,0.939,0.617]
Epoch [131] Training Results: Prec@1 74.814 Prec@5 93.847             Loss 0.93705
Epoch [131] Training Class Recall: [0.748,0.813,0.707,0.665,0.768,0.680,0.772,0.777,0.784,0.774]
Epoch [131] Testing Results: Prec@1 79.560 Prec@5 98.310             Loss 0.71177
Epoch [131] Testing Class Recall: [0.947,0.878,0.593,0.754,0.850,0.666,0.828,0.763,0.772,0.905]
Epoch [132] Training Results: Prec@1 75.242 Prec@5 94.117             Loss 0.93048
Epoch [132] Training Class Recall: [0.755,0.814,0.719,0.665,0.780,0.683,0.765,0.785,0.789,0.775]
Epoch [132] Testing Results: Prec@1 81.930 Prec@5 98.500             Loss 0.63958
Epoch [132] Testing Class Recall: [0.837,0.917,0.785,0.668,0.914,0.612,0.804,0.841,0.938,0.877]
Epoch [133] Training Results: Prec@1 74.908 Prec@5 93.806             Loss 0.93753
Epoch [133] Training Class Recall: [0.748,0.815,0.714,0.663,0.776,0.684,0.763,0.784,0.784,0.767]
Epoch [133] Testing Results: Prec@1 81.020 Prec@5 98.300             Loss 0.65982
Epoch [133] Testing Class Recall: [0.749,0.826,0.617,0.713,0.897,0.807,0.824,0.872,0.952,0.845]
Epoch [134] Training Results: Prec@1 75.067 Prec@5 93.919             Loss 0.93469
Epoch [134] Training Class Recall: [0.754,0.816,0.720,0.666,0.768,0.686,0.767,0.781,0.788,0.766]
Epoch [134] Testing Results: Prec@1 82.220 Prec@5 98.500             Loss 0.65405
Epoch [134] Testing Class Recall: [0.883,0.809,0.802,0.662,0.835,0.758,0.871,0.746,0.907,0.949]
Epoch [135] Training Results: Prec@1 74.994 Prec@5 93.769             Loss 0.93661
Epoch [135] Training Class Recall: [0.756,0.811,0.717,0.665,0.770,0.684,0.765,0.781,0.785,0.771]
Epoch [135] Testing Results: Prec@1 80.290 Prec@5 98.630             Loss 0.65052
Epoch [135] Testing Class Recall: [0.796,0.850,0.808,0.763,0.766,0.777,0.903,0.581,0.912,0.873]
Epoch [136] Training Results: Prec@1 74.994 Prec@5 93.925             Loss 0.93173
Epoch [136] Training Class Recall: [0.756,0.812,0.722,0.657,0.773,0.680,0.769,0.777,0.788,0.771]
Epoch [136] Testing Results: Prec@1 78.980 Prec@5 98.380             Loss 0.70316
Epoch [136] Testing Class Recall: [0.913,0.911,0.875,0.656,0.801,0.613,0.761,0.737,0.868,0.763]
Epoch [137] Training Results: Prec@1 74.744 Prec@5 94.000             Loss 0.93923
Epoch [137] Training Class Recall: [0.750,0.815,0.718,0.661,0.770,0.677,0.762,0.776,0.786,0.766]
Epoch [137] Testing Results: Prec@1 78.930 Prec@5 98.160             Loss 0.70231
Epoch [137] Testing Class Recall: [0.865,0.870,0.599,0.555,0.819,0.828,0.744,0.955,0.809,0.849]
Epoch [138] Training Results: Prec@1 74.897 Prec@5 93.978             Loss 0.93565
Epoch [138] Training Class Recall: [0.760,0.813,0.716,0.658,0.762,0.687,0.768,0.776,0.786,0.768]
Epoch [138] Testing Results: Prec@1 79.730 Prec@5 98.350             Loss 0.66584
Epoch [138] Testing Class Recall: [0.801,0.902,0.911,0.709,0.702,0.485,0.851,0.833,0.877,0.902]
Epoch [139] Training Results: Prec@1 74.928 Prec@5 93.847             Loss 0.93121
Epoch [139] Training Class Recall: [0.750,0.814,0.717,0.662,0.781,0.684,0.758,0.778,0.784,0.770]
Epoch [139] Testing Results: Prec@1 77.780 Prec@5 98.030             Loss 0.74029
Epoch [139] Testing Class Recall: [0.971,0.849,0.750,0.609,0.769,0.569,0.748,0.823,0.818,0.872]
Epoch [140] Training Results: Prec@1 74.969 Prec@5 93.992             Loss 0.92863
Epoch [140] Training Class Recall: [0.755,0.812,0.713,0.663,0.775,0.679,0.765,0.782,0.790,0.770]
Epoch [140] Testing Results: Prec@1 76.360 Prec@5 97.420             Loss 0.76895
Epoch [140] Testing Class Recall: [0.762,0.931,0.948,0.550,0.680,0.545,0.813,0.727,0.771,0.909]
Epoch [141] Training Results: Prec@1 75.008 Prec@5 94.022             Loss 0.92557
Epoch [141] Training Class Recall: [0.748,0.813,0.725,0.662,0.771,0.685,0.768,0.779,0.788,0.767]
Epoch [141] Testing Results: Prec@1 83.370 Prec@5 98.590             Loss 0.61032
Epoch [141] Testing Class Recall: [0.829,0.898,0.841,0.779,0.855,0.648,0.849,0.809,0.900,0.929]
Epoch [142] Training Results: Prec@1 75.067 Prec@5 93.983             Loss 0.93181
Epoch [142] Training Class Recall: [0.758,0.815,0.718,0.664,0.773,0.688,0.767,0.777,0.785,0.767]
Epoch [142] Testing Results: Prec@1 80.430 Prec@5 98.560             Loss 0.64156
Epoch [142] Testing Class Recall: [0.950,0.901,0.764,0.661,0.841,0.649,0.791,0.850,0.788,0.848]
Epoch [143] Training Results: Prec@1 75.361 Prec@5 93.811             Loss 0.92343
Epoch [143] Training Class Recall: [0.762,0.816,0.725,0.665,0.771,0.693,0.766,0.782,0.788,0.774]
Epoch [143] Testing Results: Prec@1 75.450 Prec@5 98.100             Loss 0.78162
Epoch [143] Testing Class Recall: [0.501,0.799,0.932,0.579,0.859,0.632,0.788,0.841,0.835,0.779]
Epoch [144] Training Results: Prec@1 75.047 Prec@5 93.858             Loss 0.93537
Epoch [144] Training Class Recall: [0.751,0.817,0.728,0.663,0.771,0.679,0.769,0.778,0.787,0.767]
Epoch [144] Testing Results: Prec@1 78.240 Prec@5 98.300             Loss 0.73646
Epoch [144] Testing Class Recall: [0.943,0.900,0.813,0.690,0.801,0.668,0.738,0.707,0.862,0.702]
Epoch [145] Training Results: Prec@1 74.964 Prec@5 94.011             Loss 0.92886
Epoch [145] Training Class Recall: [0.753,0.818,0.712,0.659,0.773,0.681,0.771,0.776,0.787,0.773]
Epoch [145] Testing Results: Prec@1 76.920 Prec@5 96.940             Loss 0.79365
Epoch [145] Testing Class Recall: [0.856,0.816,0.739,0.556,0.555,0.612,0.874,0.924,0.780,0.980]
Epoch [146] Training Results: Prec@1 75.458 Prec@5 94.033             Loss 0.92159
Epoch [146] Training Class Recall: [0.758,0.813,0.726,0.667,0.775,0.698,0.773,0.781,0.787,0.775]
Epoch [146] Testing Results: Prec@1 78.570 Prec@5 98.130             Loss 0.74585
Epoch [146] Testing Class Recall: [0.793,0.825,0.868,0.707,0.564,0.783,0.672,0.826,0.907,0.912]
Epoch [147] Training Results: Prec@1 74.983 Prec@5 94.161             Loss 0.93165
Epoch [147] Training Class Recall: [0.754,0.811,0.722,0.658,0.776,0.694,0.761,0.781,0.782,0.766]
Epoch [147] Testing Results: Prec@1 81.390 Prec@5 98.520             Loss 0.61826
Epoch [147] Testing Class Recall: [0.930,0.832,0.647,0.838,0.760,0.637,0.876,0.845,0.894,0.880]
Epoch [148] Training Results: Prec@1 75.283 Prec@5 94.103             Loss 0.91914
Epoch [148] Training Class Recall: [0.757,0.816,0.717,0.669,0.783,0.688,0.771,0.781,0.792,0.761]
Epoch [148] Testing Results: Prec@1 82.200 Prec@5 98.430             Loss 0.62381
Epoch [148] Testing Class Recall: [0.864,0.952,0.796,0.694,0.838,0.796,0.818,0.781,0.826,0.855]
Epoch [149] Training Results: Prec@1 74.933 Prec@5 94.097             Loss 0.92752
Epoch [149] Training Class Recall: [0.753,0.815,0.713,0.672,0.769,0.691,0.764,0.778,0.779,0.766]
Epoch [149] Testing Results: Prec@1 79.740 Prec@5 97.770             Loss 0.69998
Epoch [149] Testing Class Recall: [0.617,0.939,0.554,0.581,0.886,0.811,0.898,0.886,0.955,0.847]
Epoch [150] Training Results: Prec@1 74.992 Prec@5 94.147             Loss 0.92685
Epoch [150] Training Class Recall: [0.752,0.812,0.717,0.661,0.775,0.690,0.767,0.773,0.786,0.772]
Epoch [150] Testing Results: Prec@1 82.510 Prec@5 98.460             Loss 0.60173
Epoch [150] Testing Class Recall: [0.822,0.829,0.680,0.616,0.886,0.811,0.904,0.878,0.891,0.934]
Epoch [151] Training Results: Prec@1 74.839 Prec@5 94.069             Loss 0.92917
Epoch [151] Training Class Recall: [0.752,0.811,0.717,0.666,0.768,0.680,0.764,0.778,0.785,0.768]
Epoch [151] Testing Results: Prec@1 77.630 Prec@5 97.460             Loss 0.76800
Epoch [151] Testing Class Recall: [0.771,0.791,0.655,0.378,0.917,0.724,0.938,0.845,0.760,0.984]
Epoch [152] Training Results: Prec@1 75.286 Prec@5 94.028             Loss 0.91838
Epoch [152] Training Class Recall: [0.755,0.816,0.717,0.668,0.777,0.691,0.765,0.785,0.789,0.772]
Epoch [152] Testing Results: Prec@1 80.590 Prec@5 98.530             Loss 0.63192
Epoch [152] Testing Class Recall: [0.786,0.828,0.630,0.793,0.881,0.547,0.935,0.833,0.922,0.904]
Epoch [153] Training Results: Prec@1 75.103 Prec@5 93.983             Loss 0.92114
Epoch [153] Training Class Recall: [0.753,0.816,0.725,0.657,0.775,0.682,0.766,0.778,0.792,0.772]
Epoch [153] Testing Results: Prec@1 80.990 Prec@5 98.570             Loss 0.63262
Epoch [153] Testing Class Recall: [0.828,0.808,0.801,0.654,0.837,0.750,0.880,0.923,0.953,0.665]
Epoch [154] Training Results: Prec@1 75.058 Prec@5 94.106             Loss 0.92394
Epoch [154] Training Class Recall: [0.752,0.819,0.708,0.661,0.777,0.688,0.766,0.786,0.788,0.767]
Epoch [154] Testing Results: Prec@1 79.130 Prec@5 98.120             Loss 0.73594
Epoch [154] Testing Class Recall: [0.783,0.915,0.840,0.524,0.674,0.845,0.611,0.946,0.890,0.885]
Epoch [155] Training Results: Prec@1 75.336 Prec@5 94.225             Loss 0.92095
Epoch [155] Training Class Recall: [0.762,0.817,0.724,0.660,0.769,0.691,0.772,0.781,0.796,0.767]
Epoch [155] Testing Results: Prec@1 79.030 Prec@5 97.900             Loss 0.69350
Epoch [155] Testing Class Recall: [0.754,0.905,0.490,0.550,0.726,0.821,0.912,0.860,0.960,0.925]
Epoch [156] Training Results: Prec@1 75.372 Prec@5 94.097             Loss 0.92379
Epoch [156] Training Class Recall: [0.751,0.816,0.721,0.674,0.781,0.694,0.770,0.775,0.788,0.771]
Epoch [156] Testing Results: Prec@1 79.310 Prec@5 97.690             Loss 0.70119
Epoch [156] Testing Class Recall: [0.853,0.907,0.855,0.569,0.845,0.451,0.882,0.751,0.923,0.895]
Epoch [157] Training Results: Prec@1 75.361 Prec@5 94.117             Loss 0.91650
Epoch [157] Training Class Recall: [0.758,0.818,0.719,0.662,0.772,0.698,0.768,0.782,0.793,0.773]
Epoch [157] Testing Results: Prec@1 78.110 Prec@5 98.280             Loss 0.72264
Epoch [157] Testing Class Recall: [0.957,0.789,0.682,0.852,0.832,0.598,0.702,0.746,0.854,0.799]
Epoch [158] Training Results: Prec@1 75.139 Prec@5 94.106             Loss 0.92669
Epoch [158] Training Class Recall: [0.750,0.816,0.720,0.662,0.775,0.681,0.768,0.788,0.788,0.772]
Epoch [158] Testing Results: Prec@1 78.430 Prec@5 97.660             Loss 0.74040
Epoch [158] Testing Class Recall: [0.883,0.898,0.729,0.466,0.680,0.861,0.853,0.943,0.623,0.907]
Epoch [159] Training Results: Prec@1 75.125 Prec@5 94.219             Loss 0.92003
Epoch [159] Training Class Recall: [0.757,0.816,0.716,0.663,0.772,0.691,0.767,0.781,0.791,0.765]
Epoch [159] Testing Results: Prec@1 77.560 Prec@5 97.030             Loss 0.75356
Epoch [159] Testing Class Recall: [0.829,0.902,0.647,0.558,0.894,0.699,0.654,0.750,0.899,0.924]
Epoch [160] Training Results: Prec@1 77.294 Prec@5 94.725             Loss 0.85169
Epoch [160] Training Class Recall: [0.772,0.834,0.757,0.686,0.822,0.689,0.793,0.794,0.798,0.793]
Epoch [160] Testing Results: Prec@1 85.530 Prec@5 98.880             Loss 0.52519
Epoch [160] Testing Class Recall: [0.881,0.949,0.761,0.708,0.874,0.786,0.889,0.889,0.921,0.895]
Epoch [161] Training Results: Prec@1 78.575 Prec@5 95.186             Loss 0.80719
Epoch [161] Training Class Recall: [0.792,0.838,0.766,0.715,0.815,0.724,0.805,0.807,0.808,0.793]
Epoch [161] Testing Results: Prec@1 86.250 Prec@5 98.960             Loss 0.49993
Epoch [161] Testing Class Recall: [0.889,0.933,0.794,0.710,0.861,0.795,0.909,0.901,0.925,0.908]
Epoch [162] Training Results: Prec@1 79.150 Prec@5 95.256             Loss 0.78642
Epoch [162] Training Class Recall: [0.790,0.835,0.775,0.724,0.825,0.738,0.802,0.818,0.814,0.799]
Epoch [162] Testing Results: Prec@1 86.790 Prec@5 99.020             Loss 0.48128
Epoch [162] Testing Class Recall: [0.883,0.944,0.804,0.716,0.871,0.805,0.921,0.895,0.930,0.910]
Epoch [163] Training Results: Prec@1 79.583 Prec@5 95.364             Loss 0.76929
Epoch [163] Training Class Recall: [0.805,0.842,0.786,0.723,0.822,0.746,0.804,0.819,0.816,0.799]
Epoch [163] Testing Results: Prec@1 86.870 Prec@5 99.040             Loss 0.48389
Epoch [163] Testing Class Recall: [0.876,0.949,0.801,0.720,0.878,0.823,0.915,0.893,0.930,0.902]
Epoch [164] Training Results: Prec@1 79.867 Prec@5 95.456             Loss 0.76087
Epoch [164] Training Class Recall: [0.801,0.840,0.784,0.744,0.825,0.750,0.808,0.819,0.818,0.802]
Epoch [164] Testing Results: Prec@1 86.990 Prec@5 99.070             Loss 0.47408
Epoch [164] Testing Class Recall: [0.877,0.943,0.815,0.729,0.875,0.807,0.920,0.895,0.930,0.908]
Epoch [165] Training Results: Prec@1 80.106 Prec@5 95.644             Loss 0.75125
Epoch [165] Training Class Recall: [0.804,0.844,0.788,0.735,0.829,0.755,0.810,0.823,0.823,0.803]
Epoch [165] Testing Results: Prec@1 87.000 Prec@5 99.030             Loss 0.47588
Epoch [165] Testing Class Recall: [0.879,0.948,0.804,0.730,0.880,0.813,0.907,0.898,0.922,0.919]
Epoch [166] Training Results: Prec@1 80.261 Prec@5 95.658             Loss 0.74457
Epoch [166] Training Class Recall: [0.808,0.846,0.793,0.741,0.825,0.758,0.809,0.825,0.822,0.803]
Epoch [166] Testing Results: Prec@1 87.060 Prec@5 99.080             Loss 0.47450
Epoch [166] Testing Class Recall: [0.876,0.947,0.806,0.733,0.877,0.816,0.919,0.891,0.929,0.912]
Epoch [167] Training Results: Prec@1 80.597 Prec@5 95.761             Loss 0.73675
Epoch [167] Training Class Recall: [0.803,0.850,0.796,0.753,0.836,0.763,0.812,0.821,0.825,0.807]
Epoch [167] Testing Results: Prec@1 87.100 Prec@5 99.050             Loss 0.47313
Epoch [167] Testing Class Recall: [0.889,0.944,0.814,0.722,0.871,0.829,0.911,0.898,0.921,0.911]
Epoch [168] Training Results: Prec@1 80.511 Prec@5 95.672             Loss 0.73319
Epoch [168] Training Class Recall: [0.809,0.845,0.790,0.749,0.831,0.761,0.817,0.822,0.825,0.807]
Epoch [168] Testing Results: Prec@1 87.130 Prec@5 99.060             Loss 0.47050
Epoch [168] Testing Class Recall: [0.875,0.943,0.819,0.729,0.882,0.808,0.919,0.904,0.926,0.908]
Epoch [169] Training Results: Prec@1 80.825 Prec@5 95.792             Loss 0.72329
Epoch [169] Training Class Recall: [0.804,0.849,0.794,0.763,0.836,0.764,0.817,0.829,0.828,0.803]
Epoch [169] Testing Results: Prec@1 87.050 Prec@5 98.940             Loss 0.47121
Epoch [169] Testing Class Recall: [0.882,0.951,0.802,0.742,0.876,0.813,0.908,0.893,0.931,0.907]
Epoch [170] Training Results: Prec@1 80.872 Prec@5 95.928             Loss 0.72117
Epoch [170] Training Class Recall: [0.811,0.853,0.795,0.755,0.835,0.759,0.815,0.831,0.827,0.811]
Epoch [170] Testing Results: Prec@1 87.040 Prec@5 99.050             Loss 0.46843
Epoch [170] Testing Class Recall: [0.876,0.941,0.810,0.725,0.892,0.820,0.915,0.898,0.922,0.905]
Epoch [171] Training Results: Prec@1 80.814 Prec@5 95.969             Loss 0.71774
Epoch [171] Training Class Recall: [0.809,0.845,0.806,0.754,0.836,0.765,0.814,0.828,0.823,0.805]
Epoch [171] Testing Results: Prec@1 86.910 Prec@5 98.910             Loss 0.47379
Epoch [171] Testing Class Recall: [0.867,0.941,0.806,0.710,0.874,0.832,0.905,0.906,0.935,0.915]
Epoch [172] Training Results: Prec@1 81.069 Prec@5 95.953             Loss 0.71269
Epoch [172] Training Class Recall: [0.814,0.852,0.794,0.756,0.840,0.769,0.819,0.829,0.829,0.808]
Epoch [172] Testing Results: Prec@1 86.900 Prec@5 98.970             Loss 0.47454
Epoch [172] Testing Class Recall: [0.865,0.935,0.822,0.721,0.886,0.822,0.910,0.889,0.931,0.909]
Epoch [173] Training Results: Prec@1 81.208 Prec@5 96.078             Loss 0.70756
Epoch [173] Training Class Recall: [0.815,0.848,0.807,0.756,0.838,0.767,0.820,0.835,0.826,0.814]
Epoch [173] Testing Results: Prec@1 86.870 Prec@5 98.850             Loss 0.47625
Epoch [173] Testing Class Recall: [0.868,0.940,0.806,0.706,0.879,0.829,0.914,0.900,0.927,0.918]
Epoch [174] Training Results: Prec@1 81.350 Prec@5 96.100             Loss 0.70367
Epoch [174] Training Class Recall: [0.814,0.853,0.800,0.760,0.843,0.771,0.814,0.837,0.833,0.816]
Epoch [174] Testing Results: Prec@1 86.950 Prec@5 98.920             Loss 0.47596
Epoch [174] Testing Class Recall: [0.872,0.934,0.813,0.725,0.865,0.832,0.916,0.895,0.935,0.908]
Epoch [175] Training Results: Prec@1 81.483 Prec@5 96.033             Loss 0.70167
Epoch [175] Training Class Recall: [0.817,0.851,0.810,0.763,0.840,0.772,0.826,0.833,0.830,0.811]
Epoch [175] Testing Results: Prec@1 86.930 Prec@5 98.870             Loss 0.47647
Epoch [175] Testing Class Recall: [0.878,0.951,0.812,0.722,0.888,0.813,0.905,0.899,0.927,0.898]
Epoch [176] Training Results: Prec@1 81.453 Prec@5 95.981             Loss 0.69811
Epoch [176] Training Class Recall: [0.818,0.854,0.806,0.763,0.841,0.774,0.821,0.833,0.832,0.809]
Epoch [176] Testing Results: Prec@1 86.820 Prec@5 98.870             Loss 0.48253
Epoch [176] Testing Class Recall: [0.863,0.944,0.797,0.735,0.882,0.811,0.915,0.896,0.927,0.912]
Epoch [177] Training Results: Prec@1 81.408 Prec@5 96.058             Loss 0.69416
Epoch [177] Training Class Recall: [0.814,0.851,0.806,0.756,0.842,0.773,0.827,0.837,0.831,0.808]
Epoch [177] Testing Results: Prec@1 86.800 Prec@5 98.850             Loss 0.48195
Epoch [177] Testing Class Recall: [0.869,0.948,0.809,0.715,0.876,0.830,0.908,0.893,0.928,0.904]
Epoch [178] Training Results: Prec@1 81.583 Prec@5 96.225             Loss 0.68707
Epoch [178] Training Class Recall: [0.818,0.852,0.806,0.766,0.841,0.776,0.823,0.830,0.835,0.816]
Epoch [178] Testing Results: Prec@1 86.900 Prec@5 98.790             Loss 0.48468
Epoch [178] Testing Class Recall: [0.879,0.947,0.813,0.731,0.869,0.813,0.907,0.894,0.926,0.911]
Epoch [179] Training Results: Prec@1 81.633 Prec@5 96.147             Loss 0.68793
Epoch [179] Training Class Recall: [0.819,0.855,0.811,0.763,0.841,0.778,0.822,0.831,0.831,0.816]
Epoch [179] Testing Results: Prec@1 86.780 Prec@5 98.880             Loss 0.47711
Epoch [179] Testing Class Recall: [0.864,0.950,0.794,0.716,0.886,0.827,0.906,0.900,0.932,0.903]
Epoch [180] Training Results: Prec@1 81.725 Prec@5 96.253             Loss 0.68295
Epoch [180] Training Class Recall: [0.819,0.855,0.812,0.770,0.846,0.773,0.819,0.839,0.831,0.814]
Epoch [180] Testing Results: Prec@1 86.920 Prec@5 98.860             Loss 0.47987
Epoch [180] Testing Class Recall: [0.872,0.944,0.817,0.723,0.880,0.824,0.907,0.897,0.924,0.904]
Epoch [181] Training Results: Prec@1 81.642 Prec@5 96.178             Loss 0.68395
Epoch [181] Training Class Recall: [0.818,0.854,0.806,0.758,0.847,0.775,0.825,0.840,0.834,0.813]
Epoch [181] Testing Results: Prec@1 86.910 Prec@5 98.930             Loss 0.47433
Epoch [181] Testing Class Recall: [0.856,0.942,0.817,0.723,0.883,0.819,0.909,0.904,0.927,0.911]
Epoch [182] Training Results: Prec@1 81.750 Prec@5 96.233             Loss 0.68360
Epoch [182] Training Class Recall: [0.818,0.856,0.811,0.761,0.848,0.784,0.819,0.838,0.833,0.814]
Epoch [182] Testing Results: Prec@1 86.900 Prec@5 98.840             Loss 0.47900
Epoch [182] Testing Class Recall: [0.874,0.947,0.800,0.718,0.880,0.820,0.910,0.908,0.922,0.911]
Epoch [183] Training Results: Prec@1 81.664 Prec@5 96.242             Loss 0.68486
Epoch [183] Training Class Recall: [0.819,0.854,0.814,0.761,0.844,0.781,0.821,0.835,0.828,0.814]
Epoch [183] Testing Results: Prec@1 86.960 Prec@5 98.900             Loss 0.47729
Epoch [183] Testing Class Recall: [0.872,0.941,0.827,0.725,0.884,0.811,0.903,0.903,0.914,0.916]
Epoch [184] Training Results: Prec@1 81.644 Prec@5 96.242             Loss 0.68152
Epoch [184] Training Class Recall: [0.815,0.854,0.809,0.764,0.844,0.773,0.823,0.838,0.835,0.814]
Epoch [184] Testing Results: Prec@1 86.910 Prec@5 98.850             Loss 0.48570
Epoch [184] Testing Class Recall: [0.865,0.948,0.803,0.718,0.887,0.825,0.904,0.903,0.936,0.902]
Epoch [185] Training Results: Prec@1 81.786 Prec@5 96.128             Loss 0.68161
Epoch [185] Training Class Recall: [0.817,0.858,0.810,0.767,0.846,0.776,0.827,0.835,0.831,0.816]
Epoch [185] Testing Results: Prec@1 86.920 Prec@5 98.920             Loss 0.47634
Epoch [185] Testing Class Recall: [0.865,0.946,0.809,0.720,0.883,0.821,0.918,0.895,0.923,0.912]
Epoch [186] Training Results: Prec@1 81.675 Prec@5 96.308             Loss 0.68170
Epoch [186] Training Class Recall: [0.814,0.854,0.809,0.766,0.849,0.776,0.826,0.832,0.830,0.816]
Epoch [186] Testing Results: Prec@1 86.870 Prec@5 98.880             Loss 0.47639
Epoch [186] Testing Class Recall: [0.870,0.931,0.817,0.740,0.890,0.797,0.908,0.902,0.931,0.901]
Epoch [187] Training Results: Prec@1 81.736 Prec@5 96.236             Loss 0.68531
Epoch [187] Training Class Recall: [0.819,0.854,0.811,0.762,0.844,0.779,0.824,0.836,0.835,0.814]
Epoch [187] Testing Results: Prec@1 86.960 Prec@5 98.880             Loss 0.47873
Epoch [187] Testing Class Recall: [0.872,0.941,0.818,0.733,0.874,0.828,0.903,0.892,0.920,0.915]
Epoch [188] Training Results: Prec@1 81.611 Prec@5 96.147             Loss 0.68734
Epoch [188] Training Class Recall: [0.822,0.854,0.810,0.760,0.846,0.774,0.819,0.832,0.835,0.814]
Epoch [188] Testing Results: Prec@1 86.970 Prec@5 98.830             Loss 0.48070
Epoch [188] Testing Class Recall: [0.877,0.943,0.818,0.727,0.892,0.808,0.898,0.898,0.926,0.910]
Epoch [189] Training Results: Prec@1 81.692 Prec@5 96.197             Loss 0.68329
Epoch [189] Training Class Recall: [0.816,0.856,0.815,0.765,0.841,0.776,0.824,0.838,0.830,0.812]
Epoch [189] Testing Results: Prec@1 86.920 Prec@5 98.890             Loss 0.47427
Epoch [189] Testing Class Recall: [0.867,0.939,0.813,0.723,0.884,0.817,0.910,0.902,0.924,0.913]
Epoch [190] Training Results: Prec@1 81.733 Prec@5 96.125             Loss 0.68569
Epoch [190] Training Class Recall: [0.812,0.856,0.814,0.765,0.841,0.778,0.827,0.840,0.831,0.814]
Epoch [190] Testing Results: Prec@1 86.880 Prec@5 98.940             Loss 0.48143
Epoch [190] Testing Class Recall: [0.874,0.945,0.820,0.723,0.881,0.822,0.903,0.898,0.928,0.894]
Epoch [191] Training Results: Prec@1 81.811 Prec@5 96.336             Loss 0.68351
Epoch [191] Training Class Recall: [0.821,0.855,0.812,0.769,0.840,0.780,0.827,0.835,0.834,0.813]
Epoch [191] Testing Results: Prec@1 86.870 Prec@5 98.800             Loss 0.48062
Epoch [191] Testing Class Recall: [0.855,0.940,0.805,0.722,0.881,0.832,0.907,0.901,0.924,0.920]
Epoch [192] Training Results: Prec@1 81.733 Prec@5 96.236             Loss 0.68317
Epoch [192] Training Class Recall: [0.814,0.857,0.814,0.771,0.838,0.780,0.821,0.840,0.830,0.813]
Epoch [192] Testing Results: Prec@1 86.980 Prec@5 98.960             Loss 0.48345
Epoch [192] Testing Class Recall: [0.868,0.938,0.820,0.724,0.897,0.804,0.912,0.904,0.920,0.911]
Epoch [193] Training Results: Prec@1 81.794 Prec@5 96.217             Loss 0.68607
Epoch [193] Training Class Recall: [0.819,0.854,0.810,0.762,0.845,0.781,0.824,0.843,0.832,0.815]
Epoch [193] Testing Results: Prec@1 86.860 Prec@5 98.850             Loss 0.47808
Epoch [193] Testing Class Recall: [0.872,0.938,0.814,0.719,0.881,0.818,0.914,0.894,0.927,0.909]
Epoch [194] Training Results: Prec@1 81.786 Prec@5 96.136             Loss 0.68249
Epoch [194] Training Class Recall: [0.818,0.853,0.810,0.768,0.846,0.778,0.828,0.837,0.831,0.813]
Epoch [194] Testing Results: Prec@1 87.000 Prec@5 98.770             Loss 0.48027
Epoch [194] Testing Class Recall: [0.871,0.945,0.807,0.731,0.878,0.816,0.905,0.903,0.934,0.910]
Epoch [195] Training Results: Prec@1 81.697 Prec@5 96.122             Loss 0.68703
Epoch [195] Training Class Recall: [0.820,0.856,0.812,0.767,0.841,0.775,0.825,0.835,0.828,0.814]
Epoch [195] Testing Results: Prec@1 86.880 Prec@5 98.840             Loss 0.48364
Epoch [195] Testing Class Recall: [0.871,0.945,0.806,0.712,0.883,0.833,0.901,0.899,0.923,0.915]
Epoch [196] Training Results: Prec@1 81.678 Prec@5 96.217             Loss 0.68145
Epoch [196] Training Class Recall: [0.815,0.855,0.806,0.763,0.847,0.776,0.827,0.838,0.834,0.813]
Epoch [196] Testing Results: Prec@1 86.890 Prec@5 98.810             Loss 0.48002
Epoch [196] Testing Class Recall: [0.869,0.937,0.808,0.718,0.877,0.824,0.909,0.902,0.929,0.916]
Epoch [197] Training Results: Prec@1 81.719 Prec@5 96.239             Loss 0.68236
Epoch [197] Training Class Recall: [0.820,0.856,0.810,0.764,0.845,0.773,0.825,0.838,0.828,0.816]
Epoch [197] Testing Results: Prec@1 86.930 Prec@5 98.840             Loss 0.48534
Epoch [197] Testing Class Recall: [0.882,0.940,0.813,0.723,0.885,0.821,0.903,0.897,0.925,0.904]
Epoch [198] Training Results: Prec@1 81.753 Prec@5 96.242             Loss 0.68463
Epoch [198] Training Class Recall: [0.824,0.856,0.808,0.762,0.842,0.776,0.826,0.839,0.832,0.813]
Epoch [198] Testing Results: Prec@1 86.880 Prec@5 98.760             Loss 0.48179
Epoch [198] Testing Class Recall: [0.870,0.947,0.788,0.735,0.869,0.828,0.914,0.893,0.933,0.911]
Epoch [199] Training Results: Prec@1 81.664 Prec@5 96.322             Loss 0.68515
Epoch [199] Training Class Recall: [0.815,0.855,0.806,0.762,0.851,0.774,0.825,0.837,0.831,0.815]
Epoch [199] Testing Results: Prec@1 86.970 Prec@5 98.850             Loss 0.48126
Epoch [199] Testing Class Recall: [0.860,0.944,0.809,0.723,0.884,0.827,0.904,0.900,0.933,0.913]
