Log file: cifar10_random0.5_deepsmote_selection_exp0.01_seed42_20260428_180724.log
Run started: 2026-04-28 18:07:24.793204
Dataset: cifar10
Imbalance type: exp, factor: 0.01
Selection method: random, ratio: 0.5
Strategy: DeepSMOTE_Selection, epochs: 200
Seed: 42, rand_number: 0
Augmentation: weak
Noise ratio: 0.25
============================================================

=> Preparing logger and tensorboard writer !
----------------------------------------------------
Class ID   | Original   | Selected   | Keep %  
----------------------------------------------------
0          | 4032       | 2015       |    50.0%
1          | 4000       | 2021       |    50.5%
2          | 3955       | 1987       |    50.2%
3          | 4020       | 1999       |    49.7%
4          | 3939       | 1969       |    50.0%
5          | 3999       | 2007       |    50.2%
6          | 3965       | 2007       |    50.6%
7          | 4046       | 2023       |    50.0%
8          | 4042       | 1988       |    49.2%
9          | 4002       | 1984       |    49.6%
----------------------------------------------------
TOTAL      | 40000      | 20000      |    50.0%
----------------------------------------------------
Epoch [0] Training Results: Prec@1 24.075 Prec@5 72.115             Loss 2.13242
Epoch [0] Training Class Recall: [0.212,0.372,0.093,0.166,0.220,0.225,0.241,0.209,0.369,0.301]
Epoch [0] Testing Results: Prec@1 32.420 Prec@5 83.070             Loss 1.94454
Epoch [0] Testing Class Recall: [0.693,0.707,0.009,0.001,0.070,0.479,0.593,0.473,0.048,0.169]
Epoch [1] Training Results: Prec@1 31.470 Prec@5 77.670             Loss 2.00401
Epoch [1] Training Class Recall: [0.304,0.430,0.088,0.205,0.223,0.267,0.343,0.401,0.453,0.428]
Epoch [1] Testing Results: Prec@1 33.140 Prec@5 84.670             Loss 1.83385
Epoch [1] Testing Class Recall: [0.343,0.729,0.033,0.365,0.318,0.000,0.258,0.624,0.562,0.082]
Epoch [2] Training Results: Prec@1 36.165 Prec@5 80.020             Loss 1.90009
Epoch [2] Training Class Recall: [0.382,0.483,0.140,0.200,0.254,0.287,0.401,0.450,0.516,0.500]
Epoch [2] Testing Results: Prec@1 35.860 Prec@5 86.850             Loss 1.77693
Epoch [2] Testing Class Recall: [0.670,0.445,0.046,0.014,0.251,0.639,0.382,0.391,0.489,0.259]
Epoch [3] Training Results: Prec@1 39.760 Prec@5 81.405             Loss 1.83212
Epoch [3] Training Class Recall: [0.421,0.510,0.164,0.217,0.304,0.308,0.463,0.493,0.544,0.549]
Epoch [3] Testing Results: Prec@1 42.870 Prec@5 88.690             Loss 1.63294
Epoch [3] Testing Class Recall: [0.536,0.713,0.132,0.011,0.418,0.560,0.460,0.608,0.461,0.388]
Epoch [4] Training Results: Prec@1 42.720 Prec@5 82.215             Loss 1.77829
Epoch [4] Training Class Recall: [0.464,0.537,0.189,0.188,0.331,0.362,0.483,0.526,0.595,0.595]
Epoch [4] Testing Results: Prec@1 42.680 Prec@5 87.970             Loss 1.64934
Epoch [4] Testing Class Recall: [0.611,0.637,0.322,0.289,0.439,0.408,0.596,0.415,0.302,0.249]
Epoch [5] Training Results: Prec@1 46.190 Prec@5 83.380             Loss 1.71310
Epoch [5] Training Class Recall: [0.489,0.558,0.237,0.237,0.382,0.380,0.530,0.561,0.617,0.626]
Epoch [5] Testing Results: Prec@1 34.990 Prec@5 84.910             Loss 1.93530
Epoch [5] Testing Class Recall: [0.840,0.896,0.196,0.053,0.286,0.383,0.505,0.242,0.048,0.050]
Epoch [6] Training Results: Prec@1 49.750 Prec@5 83.985             Loss 1.65163
Epoch [6] Training Class Recall: [0.533,0.607,0.313,0.266,0.405,0.397,0.557,0.594,0.633,0.667]
Epoch [6] Testing Results: Prec@1 41.100 Prec@5 85.460             Loss 1.72582
Epoch [6] Testing Class Recall: [0.793,0.784,0.304,0.125,0.144,0.409,0.673,0.310,0.368,0.200]
Epoch [7] Training Results: Prec@1 51.475 Prec@5 84.630             Loss 1.61426
Epoch [7] Training Class Recall: [0.526,0.604,0.325,0.300,0.435,0.455,0.568,0.596,0.659,0.677]
Epoch [7] Testing Results: Prec@1 41.540 Prec@5 86.780             Loss 1.70552
Epoch [7] Testing Class Recall: [0.648,0.870,0.567,0.301,0.232,0.280,0.546,0.177,0.436,0.097]
Epoch [8] Training Results: Prec@1 53.445 Prec@5 84.995             Loss 1.57221
Epoch [8] Training Class Recall: [0.567,0.612,0.338,0.317,0.457,0.471,0.593,0.623,0.675,0.689]
Epoch [8] Testing Results: Prec@1 50.390 Prec@5 91.110             Loss 1.48315
Epoch [8] Testing Class Recall: [0.691,0.519,0.197,0.426,0.358,0.414,0.578,0.560,0.519,0.777]
Epoch [9] Training Results: Prec@1 53.915 Prec@5 85.295             Loss 1.55835
Epoch [9] Training Class Recall: [0.550,0.613,0.354,0.359,0.447,0.494,0.583,0.620,0.676,0.694]
Epoch [9] Testing Results: Prec@1 46.670 Prec@5 89.690             Loss 1.57195
Epoch [9] Testing Class Recall: [0.862,0.870,0.325,0.214,0.278,0.680,0.558,0.351,0.235,0.294]
Epoch [10] Training Results: Prec@1 55.840 Prec@5 85.580             Loss 1.52109
Epoch [10] Training Class Recall: [0.567,0.641,0.387,0.354,0.479,0.514,0.605,0.637,0.691,0.706]
Epoch [10] Testing Results: Prec@1 47.850 Prec@5 88.000             Loss 1.57714
Epoch [10] Testing Class Recall: [0.831,0.858,0.275,0.313,0.187,0.401,0.865,0.437,0.398,0.220]
Epoch [11] Training Results: Prec@1 57.310 Prec@5 85.385             Loss 1.49486
Epoch [11] Training Class Recall: [0.589,0.653,0.400,0.395,0.487,0.515,0.632,0.649,0.693,0.717]
Epoch [11] Testing Results: Prec@1 47.970 Prec@5 89.460             Loss 1.57226
Epoch [11] Testing Class Recall: [0.757,0.872,0.543,0.215,0.324,0.357,0.576,0.409,0.294,0.450]
Epoch [12] Training Results: Prec@1 57.540 Prec@5 85.840             Loss 1.48131
Epoch [12] Training Class Recall: [0.585,0.659,0.403,0.406,0.493,0.527,0.630,0.639,0.694,0.716]
Epoch [12] Testing Results: Prec@1 50.280 Prec@5 89.330             Loss 1.51537
Epoch [12] Testing Class Recall: [0.715,0.938,0.377,0.505,0.247,0.226,0.776,0.350,0.497,0.397]
Epoch [13] Training Results: Prec@1 58.560 Prec@5 86.365             Loss 1.45646
Epoch [13] Training Class Recall: [0.600,0.662,0.426,0.408,0.518,0.538,0.640,0.657,0.697,0.710]
Epoch [13] Testing Results: Prec@1 52.710 Prec@5 92.050             Loss 1.43773
Epoch [13] Testing Class Recall: [0.858,0.849,0.261,0.323,0.357,0.624,0.511,0.678,0.426,0.384]
Epoch [14] Training Results: Prec@1 59.640 Prec@5 86.700             Loss 1.43314
Epoch [14] Training Class Recall: [0.604,0.667,0.449,0.417,0.520,0.558,0.646,0.669,0.709,0.722]
Epoch [14] Testing Results: Prec@1 47.600 Prec@5 90.130             Loss 1.61189
Epoch [14] Testing Class Recall: [0.884,0.822,0.496,0.304,0.340,0.429,0.775,0.509,0.142,0.059]
Epoch [15] Training Results: Prec@1 60.165 Prec@5 86.455             Loss 1.42798
Epoch [15] Training Class Recall: [0.611,0.663,0.444,0.451,0.530,0.558,0.649,0.670,0.706,0.732]
Epoch [15] Testing Results: Prec@1 55.770 Prec@5 93.140             Loss 1.33834
Epoch [15] Testing Class Recall: [0.766,0.733,0.445,0.531,0.372,0.584,0.499,0.593,0.615,0.439]
Epoch [16] Training Results: Prec@1 60.875 Prec@5 86.670             Loss 1.40888
Epoch [16] Training Class Recall: [0.609,0.669,0.463,0.465,0.552,0.577,0.648,0.667,0.714,0.722]
Epoch [16] Testing Results: Prec@1 55.840 Prec@5 91.520             Loss 1.37150
Epoch [16] Testing Class Recall: [0.772,0.899,0.250,0.263,0.518,0.597,0.796,0.589,0.527,0.373]
Epoch [17] Training Results: Prec@1 61.875 Prec@5 87.165             Loss 1.39202
Epoch [17] Training Class Recall: [0.614,0.680,0.474,0.498,0.566,0.584,0.662,0.668,0.711,0.729]
Epoch [17] Testing Results: Prec@1 53.890 Prec@5 91.170             Loss 1.43418
Epoch [17] Testing Class Recall: [0.829,0.905,0.557,0.517,0.173,0.321,0.684,0.598,0.293,0.512]
Epoch [18] Training Results: Prec@1 62.305 Prec@5 87.045             Loss 1.37743
Epoch [18] Training Class Recall: [0.628,0.692,0.475,0.475,0.569,0.592,0.668,0.687,0.711,0.731]
Epoch [18] Testing Results: Prec@1 49.790 Prec@5 87.930             Loss 1.61524
Epoch [18] Testing Class Recall: [0.834,0.892,0.515,0.048,0.268,0.788,0.760,0.376,0.359,0.139]
Epoch [19] Training Results: Prec@1 62.725 Prec@5 87.045             Loss 1.36717
Epoch [19] Training Class Recall: [0.633,0.684,0.489,0.499,0.575,0.597,0.667,0.684,0.711,0.732]
Epoch [19] Testing Results: Prec@1 49.210 Prec@5 87.050             Loss 1.59540
Epoch [19] Testing Class Recall: [0.706,0.964,0.537,0.421,0.605,0.154,0.722,0.184,0.395,0.233]
Epoch [20] Training Results: Prec@1 63.060 Prec@5 87.195             Loss 1.35695
Epoch [20] Training Class Recall: [0.629,0.685,0.503,0.500,0.579,0.602,0.667,0.695,0.713,0.731]
Epoch [20] Testing Results: Prec@1 49.750 Prec@5 87.360             Loss 1.59781
Epoch [20] Testing Class Recall: [0.873,0.942,0.390,0.533,0.328,0.422,0.483,0.556,0.377,0.071]
Epoch [21] Training Results: Prec@1 63.350 Prec@5 87.380             Loss 1.34884
Epoch [21] Training Class Recall: [0.633,0.688,0.502,0.516,0.582,0.614,0.660,0.688,0.721,0.728]
Epoch [21] Testing Results: Prec@1 52.010 Prec@5 89.280             Loss 1.50627
Epoch [21] Testing Class Recall: [0.787,0.910,0.335,0.164,0.656,0.525,0.622,0.843,0.155,0.204]
Epoch [22] Training Results: Prec@1 64.165 Prec@5 87.485             Loss 1.33034
Epoch [22] Training Class Recall: [0.640,0.682,0.512,0.503,0.625,0.617,0.680,0.696,0.722,0.739]
Epoch [22] Testing Results: Prec@1 48.540 Prec@5 91.140             Loss 1.58066
Epoch [22] Testing Class Recall: [0.907,0.755,0.633,0.463,0.331,0.212,0.369,0.520,0.307,0.357]
Epoch [23] Training Results: Prec@1 64.165 Prec@5 87.505             Loss 1.32587
Epoch [23] Training Class Recall: [0.632,0.692,0.513,0.522,0.625,0.607,0.672,0.701,0.718,0.734]
Epoch [23] Testing Results: Prec@1 53.460 Prec@5 90.770             Loss 1.48558
Epoch [23] Testing Class Recall: [0.862,0.945,0.437,0.544,0.444,0.438,0.659,0.479,0.336,0.202]
Epoch [24] Training Results: Prec@1 64.570 Prec@5 87.985             Loss 1.31252
Epoch [24] Training Class Recall: [0.636,0.694,0.530,0.530,0.606,0.612,0.683,0.700,0.724,0.739]
Epoch [24] Testing Results: Prec@1 52.790 Prec@5 90.220             Loss 1.50197
Epoch [24] Testing Class Recall: [0.896,0.949,0.420,0.417,0.436,0.363,0.727,0.488,0.167,0.416]
Epoch [25] Training Results: Prec@1 64.365 Prec@5 87.755             Loss 1.32049
Epoch [25] Training Class Recall: [0.640,0.690,0.528,0.527,0.609,0.612,0.676,0.692,0.720,0.742]
Epoch [25] Testing Results: Prec@1 47.000 Prec@5 85.530             Loss 1.69837
Epoch [25] Testing Class Recall: [0.498,0.980,0.506,0.197,0.175,0.646,0.305,0.508,0.687,0.198]
Epoch [26] Training Results: Prec@1 64.930 Prec@5 87.875             Loss 1.30560
Epoch [26] Training Class Recall: [0.651,0.692,0.512,0.545,0.622,0.622,0.685,0.704,0.722,0.737]
Epoch [26] Testing Results: Prec@1 56.800 Prec@5 92.290             Loss 1.36355
Epoch [26] Testing Class Recall: [0.836,0.833,0.563,0.624,0.407,0.268,0.610,0.739,0.311,0.489]
Epoch [27] Training Results: Prec@1 65.210 Prec@5 87.950             Loss 1.29651
Epoch [27] Training Class Recall: [0.652,0.688,0.529,0.548,0.615,0.626,0.696,0.699,0.726,0.740]
Epoch [27] Testing Results: Prec@1 52.350 Prec@5 89.250             Loss 1.52619
Epoch [27] Testing Class Recall: [0.908,0.892,0.453,0.365,0.685,0.424,0.724,0.362,0.256,0.166]
Epoch [28] Training Results: Prec@1 65.165 Prec@5 88.120             Loss 1.29949
Epoch [28] Training Class Recall: [0.642,0.692,0.543,0.554,0.623,0.610,0.681,0.699,0.731,0.741]
Epoch [28] Testing Results: Prec@1 55.790 Prec@5 91.250             Loss 1.38520
Epoch [28] Testing Class Recall: [0.735,0.907,0.698,0.530,0.451,0.511,0.716,0.359,0.237,0.435]
Epoch [29] Training Results: Prec@1 65.775 Prec@5 88.190             Loss 1.28933
Epoch [29] Training Class Recall: [0.649,0.692,0.564,0.554,0.631,0.633,0.688,0.707,0.726,0.733]
Epoch [29] Testing Results: Prec@1 49.660 Prec@5 88.750             Loss 1.64932
Epoch [29] Testing Class Recall: [0.828,0.648,0.746,0.261,0.069,0.681,0.712,0.522,0.062,0.437]
Epoch [30] Training Results: Prec@1 66.165 Prec@5 88.480             Loss 1.27485
Epoch [30] Training Class Recall: [0.655,0.696,0.557,0.562,0.638,0.648,0.689,0.703,0.727,0.739]
Epoch [30] Testing Results: Prec@1 52.540 Prec@5 89.350             Loss 1.51147
Epoch [30] Testing Class Recall: [0.553,0.965,0.560,0.362,0.317,0.275,0.760,0.537,0.338,0.587]
Epoch [31] Training Results: Prec@1 66.005 Prec@5 88.245             Loss 1.28078
Epoch [31] Training Class Recall: [0.667,0.702,0.556,0.562,0.620,0.622,0.690,0.710,0.725,0.745]
Epoch [31] Testing Results: Prec@1 49.100 Prec@5 89.350             Loss 1.67933
Epoch [31] Testing Class Recall: [0.876,0.840,0.686,0.287,0.259,0.680,0.458,0.386,0.109,0.329]
Epoch [32] Training Results: Prec@1 66.370 Prec@5 88.590             Loss 1.26682
Epoch [32] Training Class Recall: [0.650,0.703,0.569,0.575,0.629,0.633,0.694,0.709,0.730,0.745]
Epoch [32] Testing Results: Prec@1 55.980 Prec@5 90.330             Loss 1.44542
Epoch [32] Testing Class Recall: [0.797,0.940,0.678,0.354,0.723,0.593,0.552,0.293,0.306,0.362]
Epoch [33] Training Results: Prec@1 66.505 Prec@5 88.765             Loss 1.26535
Epoch [33] Training Class Recall: [0.656,0.708,0.557,0.569,0.633,0.644,0.704,0.710,0.728,0.741]
Epoch [33] Testing Results: Prec@1 54.740 Prec@5 88.470             Loss 1.50418
Epoch [33] Testing Class Recall: [0.778,0.852,0.661,0.541,0.454,0.542,0.586,0.162,0.628,0.270]
Epoch [34] Training Results: Prec@1 66.990 Prec@5 88.445             Loss 1.25681
Epoch [34] Training Class Recall: [0.664,0.699,0.574,0.579,0.648,0.651,0.694,0.711,0.734,0.743]
Epoch [34] Testing Results: Prec@1 54.930 Prec@5 90.430             Loss 1.42776
Epoch [34] Testing Class Recall: [0.800,0.982,0.502,0.352,0.474,0.536,0.620,0.384,0.619,0.224]
Epoch [35] Training Results: Prec@1 67.225 Prec@5 88.700             Loss 1.24783
Epoch [35] Training Class Recall: [0.662,0.705,0.567,0.591,0.656,0.649,0.699,0.718,0.731,0.744]
Epoch [35] Testing Results: Prec@1 55.940 Prec@5 91.200             Loss 1.42055
Epoch [35] Testing Class Recall: [0.695,0.883,0.526,0.383,0.401,0.702,0.399,0.311,0.677,0.617]
Epoch [36] Training Results: Prec@1 67.055 Prec@5 88.955             Loss 1.25130
Epoch [36] Training Class Recall: [0.648,0.713,0.587,0.591,0.644,0.641,0.702,0.709,0.727,0.743]
Epoch [36] Testing Results: Prec@1 57.180 Prec@5 91.850             Loss 1.38497
Epoch [36] Testing Class Recall: [0.934,0.743,0.490,0.493,0.402,0.339,0.696,0.665,0.450,0.506]
Epoch [37] Training Results: Prec@1 67.425 Prec@5 88.955             Loss 1.23747
Epoch [37] Training Class Recall: [0.670,0.709,0.582,0.592,0.649,0.651,0.702,0.711,0.733,0.743]
Epoch [37] Testing Results: Prec@1 59.250 Prec@5 90.130             Loss 1.35983
Epoch [37] Testing Class Recall: [0.595,0.906,0.677,0.213,0.275,0.727,0.613,0.658,0.605,0.656]
Epoch [38] Training Results: Prec@1 67.110 Prec@5 89.275             Loss 1.23823
Epoch [38] Training Class Recall: [0.656,0.705,0.571,0.588,0.639,0.657,0.703,0.709,0.734,0.747]
Epoch [38] Testing Results: Prec@1 56.830 Prec@5 89.210             Loss 1.45812
Epoch [38] Testing Class Recall: [0.797,0.872,0.775,0.333,0.408,0.482,0.681,0.356,0.360,0.619]
Epoch [39] Training Results: Prec@1 67.495 Prec@5 89.265             Loss 1.23210
Epoch [39] Training Class Recall: [0.660,0.704,0.574,0.606,0.653,0.660,0.705,0.718,0.730,0.740]
Epoch [39] Testing Results: Prec@1 57.360 Prec@5 90.180             Loss 1.39495
Epoch [39] Testing Class Recall: [0.884,0.836,0.407,0.241,0.654,0.678,0.811,0.495,0.267,0.463]
Epoch [40] Training Results: Prec@1 67.565 Prec@5 89.085             Loss 1.23113
Epoch [40] Training Class Recall: [0.666,0.710,0.578,0.606,0.653,0.651,0.699,0.713,0.732,0.748]
Epoch [40] Testing Results: Prec@1 59.700 Prec@5 91.330             Loss 1.33367
Epoch [40] Testing Class Recall: [0.738,0.867,0.447,0.514,0.515,0.526,0.890,0.495,0.594,0.384]
Epoch [41] Training Results: Prec@1 67.540 Prec@5 89.315             Loss 1.22347
Epoch [41] Training Class Recall: [0.667,0.709,0.579,0.598,0.652,0.658,0.697,0.718,0.733,0.742]
Epoch [41] Testing Results: Prec@1 47.700 Prec@5 89.030             Loss 1.77519
Epoch [41] Testing Class Recall: [0.966,0.771,0.341,0.391,0.525,0.503,0.381,0.424,0.122,0.346]
Epoch [42] Training Results: Prec@1 68.210 Prec@5 89.385             Loss 1.21652
Epoch [42] Training Class Recall: [0.673,0.718,0.599,0.605,0.662,0.656,0.709,0.720,0.729,0.748]
Epoch [42] Testing Results: Prec@1 59.400 Prec@5 91.060             Loss 1.33839
Epoch [42] Testing Class Recall: [0.893,0.936,0.489,0.466,0.593,0.531,0.572,0.546,0.428,0.486]
Epoch [43] Training Results: Prec@1 68.225 Prec@5 89.145             Loss 1.21182
Epoch [43] Training Class Recall: [0.671,0.715,0.592,0.609,0.661,0.671,0.708,0.716,0.731,0.747]
Epoch [43] Testing Results: Prec@1 55.200 Prec@5 90.740             Loss 1.49849
Epoch [43] Testing Class Recall: [0.925,0.729,0.418,0.530,0.521,0.338,0.648,0.682,0.407,0.322]
Epoch [44] Training Results: Prec@1 68.275 Prec@5 89.540             Loss 1.20999
Epoch [44] Training Class Recall: [0.678,0.714,0.602,0.606,0.658,0.661,0.714,0.722,0.733,0.738]
Epoch [44] Testing Results: Prec@1 56.050 Prec@5 89.950             Loss 1.41956
Epoch [44] Testing Class Recall: [0.855,0.950,0.653,0.321,0.384,0.320,0.647,0.573,0.388,0.514]
Epoch [45] Training Results: Prec@1 68.515 Prec@5 89.645             Loss 1.20276
Epoch [45] Training Class Recall: [0.678,0.721,0.602,0.613,0.670,0.658,0.709,0.714,0.737,0.748]
Epoch [45] Testing Results: Prec@1 52.870 Prec@5 88.000             Loss 1.54370
Epoch [45] Testing Class Recall: [0.887,0.943,0.465,0.406,0.474,0.394,0.626,0.600,0.333,0.159]
Epoch [46] Training Results: Prec@1 68.470 Prec@5 89.740             Loss 1.20101
Epoch [46] Training Class Recall: [0.677,0.717,0.600,0.615,0.662,0.661,0.710,0.717,0.741,0.745]
Epoch [46] Testing Results: Prec@1 56.990 Prec@5 89.720             Loss 1.40897
Epoch [46] Testing Class Recall: [0.846,0.901,0.415,0.462,0.295,0.693,0.478,0.635,0.380,0.594]
Epoch [47] Training Results: Prec@1 68.380 Prec@5 89.965             Loss 1.19880
Epoch [47] Training Class Recall: [0.673,0.714,0.595,0.615,0.656,0.668,0.715,0.720,0.733,0.747]
Epoch [47] Testing Results: Prec@1 39.630 Prec@5 83.410             Loss 2.31485
Epoch [47] Testing Class Recall: [0.887,0.586,0.280,0.914,0.401,0.210,0.115,0.339,0.132,0.099]
Epoch [48] Training Results: Prec@1 68.435 Prec@5 89.775             Loss 1.20147
Epoch [48] Training Class Recall: [0.667,0.714,0.600,0.610,0.671,0.675,0.715,0.711,0.735,0.746]
Epoch [48] Testing Results: Prec@1 55.660 Prec@5 90.450             Loss 1.40245
Epoch [48] Testing Class Recall: [0.885,0.935,0.537,0.371,0.433,0.484,0.666,0.620,0.216,0.419]
Epoch [49] Training Results: Prec@1 68.845 Prec@5 90.095             Loss 1.18470
Epoch [49] Training Class Recall: [0.678,0.708,0.607,0.632,0.673,0.667,0.715,0.715,0.737,0.752]
Epoch [49] Testing Results: Prec@1 53.840 Prec@5 87.150             Loss 1.56705
Epoch [49] Testing Class Recall: [0.882,0.916,0.442,0.393,0.624,0.593,0.438,0.701,0.250,0.145]
Epoch [50] Training Results: Prec@1 68.735 Prec@5 90.105             Loss 1.18839
Epoch [50] Training Class Recall: [0.674,0.715,0.597,0.639,0.667,0.668,0.704,0.725,0.733,0.751]
Epoch [50] Testing Results: Prec@1 50.610 Prec@5 87.390             Loss 1.68568
Epoch [50] Testing Class Recall: [0.797,0.977,0.692,0.423,0.413,0.223,0.460,0.416,0.308,0.352]
Epoch [51] Training Results: Prec@1 69.400 Prec@5 89.995             Loss 1.18027
Epoch [51] Training Class Recall: [0.685,0.715,0.617,0.633,0.672,0.682,0.720,0.731,0.735,0.748]
Epoch [51] Testing Results: Prec@1 54.140 Prec@5 88.460             Loss 1.53025
Epoch [51] Testing Class Recall: [0.741,0.898,0.608,0.709,0.395,0.384,0.612,0.612,0.133,0.322]
Epoch [52] Training Results: Prec@1 68.740 Prec@5 90.465             Loss 1.18619
Epoch [52] Training Class Recall: [0.677,0.714,0.611,0.629,0.660,0.669,0.711,0.721,0.738,0.743]
Epoch [52] Testing Results: Prec@1 55.240 Prec@5 89.560             Loss 1.46675
Epoch [52] Testing Class Recall: [0.851,0.861,0.457,0.375,0.778,0.549,0.694,0.230,0.372,0.357]
Epoch [53] Training Results: Prec@1 69.395 Prec@5 90.340             Loss 1.17111
Epoch [53] Training Class Recall: [0.686,0.714,0.629,0.623,0.677,0.680,0.719,0.721,0.736,0.754]
Epoch [53] Testing Results: Prec@1 51.580 Prec@5 86.890             Loss 1.65490
Epoch [53] Testing Class Recall: [0.838,0.859,0.702,0.374,0.254,0.332,0.617,0.771,0.205,0.206]
Epoch [54] Training Results: Prec@1 68.980 Prec@5 90.310             Loss 1.17633
Epoch [54] Training Class Recall: [0.674,0.723,0.610,0.613,0.687,0.668,0.711,0.726,0.739,0.746]
Epoch [54] Testing Results: Prec@1 54.380 Prec@5 87.720             Loss 1.56152
Epoch [54] Testing Class Recall: [0.861,0.876,0.575,0.314,0.521,0.262,0.758,0.709,0.099,0.463]
Epoch [55] Training Results: Prec@1 68.875 Prec@5 90.430             Loss 1.17471
Epoch [55] Training Class Recall: [0.685,0.724,0.609,0.621,0.674,0.670,0.706,0.717,0.735,0.745]
Epoch [55] Testing Results: Prec@1 57.430 Prec@5 89.270             Loss 1.40115
Epoch [55] Testing Class Recall: [0.820,0.918,0.384,0.244,0.572,0.656,0.441,0.656,0.412,0.640]
Epoch [56] Training Results: Prec@1 69.635 Prec@5 90.455             Loss 1.16311
Epoch [56] Training Class Recall: [0.685,0.728,0.626,0.645,0.685,0.674,0.713,0.726,0.734,0.747]
Epoch [56] Testing Results: Prec@1 49.210 Prec@5 84.040             Loss 1.75873
Epoch [56] Testing Class Recall: [0.865,0.780,0.371,0.470,0.803,0.184,0.236,0.279,0.684,0.249]
Epoch [57] Training Results: Prec@1 69.410 Prec@5 90.725             Loss 1.16251
Epoch [57] Training Class Recall: [0.685,0.723,0.620,0.639,0.669,0.683,0.709,0.721,0.738,0.753]
Epoch [57] Testing Results: Prec@1 52.670 Prec@5 88.810             Loss 1.59903
Epoch [57] Testing Class Recall: [0.869,0.802,0.423,0.678,0.616,0.572,0.371,0.490,0.300,0.146]
Epoch [58] Training Results: Prec@1 69.390 Prec@5 90.710             Loss 1.15695
Epoch [58] Training Class Recall: [0.681,0.718,0.612,0.639,0.673,0.684,0.712,0.729,0.736,0.753]
Epoch [58] Testing Results: Prec@1 58.180 Prec@5 89.680             Loss 1.37596
Epoch [58] Testing Class Recall: [0.819,0.890,0.689,0.422,0.589,0.276,0.533,0.546,0.403,0.651]
Epoch [59] Training Results: Prec@1 69.545 Prec@5 90.935             Loss 1.15963
Epoch [59] Training Class Recall: [0.678,0.723,0.625,0.626,0.692,0.679,0.715,0.727,0.739,0.749]
Epoch [59] Testing Results: Prec@1 58.760 Prec@5 90.940             Loss 1.33657
Epoch [59] Testing Class Recall: [0.721,0.935,0.353,0.349,0.692,0.462,0.685,0.593,0.428,0.658]
Epoch [60] Training Results: Prec@1 69.465 Prec@5 90.805             Loss 1.16323
Epoch [60] Training Class Recall: [0.677,0.718,0.627,0.650,0.666,0.682,0.719,0.721,0.738,0.748]
Epoch [60] Testing Results: Prec@1 52.550 Prec@5 86.200             Loss 1.67496
Epoch [60] Testing Class Recall: [0.804,0.820,0.417,0.555,0.518,0.762,0.234,0.560,0.412,0.173]
Epoch [61] Training Results: Prec@1 69.300 Prec@5 90.860             Loss 1.15692
Epoch [61] Training Class Recall: [0.678,0.723,0.614,0.636,0.678,0.681,0.711,0.723,0.734,0.752]
Epoch [61] Testing Results: Prec@1 56.470 Prec@5 89.690             Loss 1.45556
Epoch [61] Testing Class Recall: [0.834,0.899,0.571,0.234,0.692,0.598,0.427,0.512,0.309,0.571]
Epoch [62] Training Results: Prec@1 69.630 Prec@5 91.015             Loss 1.14695
Epoch [62] Training Class Recall: [0.673,0.717,0.628,0.643,0.682,0.684,0.717,0.728,0.734,0.759]
Epoch [62] Testing Results: Prec@1 51.540 Prec@5 89.530             Loss 1.67984
Epoch [62] Testing Class Recall: [0.530,0.672,0.379,0.286,0.231,0.907,0.684,0.406,0.695,0.364]
Epoch [63] Training Results: Prec@1 69.540 Prec@5 90.915             Loss 1.14256
Epoch [63] Training Class Recall: [0.679,0.721,0.623,0.645,0.675,0.683,0.721,0.723,0.732,0.752]
Epoch [63] Testing Results: Prec@1 53.100 Prec@5 89.060             Loss 1.58272
Epoch [63] Testing Class Recall: [0.936,0.802,0.511,0.528,0.504,0.532,0.451,0.400,0.296,0.350]
Epoch [64] Training Results: Prec@1 69.725 Prec@5 90.995             Loss 1.14986
Epoch [64] Training Class Recall: [0.686,0.723,0.630,0.641,0.673,0.692,0.717,0.719,0.736,0.754]
Epoch [64] Testing Results: Prec@1 57.810 Prec@5 89.740             Loss 1.43554
Epoch [64] Testing Class Recall: [0.810,0.898,0.639,0.549,0.234,0.195,0.662,0.686,0.455,0.653]
Epoch [65] Training Results: Prec@1 69.570 Prec@5 91.230             Loss 1.14340
Epoch [65] Training Class Recall: [0.685,0.717,0.630,0.635,0.676,0.681,0.718,0.720,0.740,0.753]
Epoch [65] Testing Results: Prec@1 59.720 Prec@5 92.550             Loss 1.35259
Epoch [65] Testing Class Recall: [0.832,0.898,0.522,0.676,0.325,0.459,0.529,0.723,0.458,0.550]
Epoch [66] Training Results: Prec@1 69.770 Prec@5 91.005             Loss 1.14135
Epoch [66] Training Class Recall: [0.679,0.721,0.623,0.655,0.676,0.684,0.720,0.732,0.734,0.751]
Epoch [66] Testing Results: Prec@1 56.420 Prec@5 90.170             Loss 1.45837
Epoch [66] Testing Class Recall: [0.913,0.902,0.375,0.471,0.459,0.338,0.647,0.681,0.432,0.424]
Epoch [67] Training Results: Prec@1 70.135 Prec@5 90.990             Loss 1.13383
Epoch [67] Training Class Recall: [0.680,0.724,0.638,0.650,0.680,0.690,0.723,0.730,0.740,0.757]
Epoch [67] Testing Results: Prec@1 56.020 Prec@5 88.180             Loss 1.46048
Epoch [67] Testing Class Recall: [0.823,0.921,0.337,0.204,0.487,0.770,0.711,0.646,0.270,0.433]
Epoch [68] Training Results: Prec@1 70.050 Prec@5 91.470             Loss 1.13238
Epoch [68] Training Class Recall: [0.684,0.727,0.643,0.647,0.681,0.683,0.726,0.729,0.735,0.749]
Epoch [68] Testing Results: Prec@1 52.830 Prec@5 88.620             Loss 1.61141
Epoch [68] Testing Class Recall: [0.902,0.884,0.293,0.676,0.303,0.411,0.578,0.458,0.417,0.361]
Epoch [69] Training Results: Prec@1 70.110 Prec@5 91.250             Loss 1.12961
Epoch [69] Training Class Recall: [0.693,0.723,0.625,0.647,0.687,0.690,0.726,0.727,0.737,0.755]
Epoch [69] Testing Results: Prec@1 56.980 Prec@5 87.440             Loss 1.43803
Epoch [69] Testing Class Recall: [0.689,0.928,0.308,0.389,0.400,0.304,0.793,0.790,0.608,0.489]
Epoch [70] Training Results: Prec@1 70.220 Prec@5 91.530             Loss 1.12430
Epoch [70] Training Class Recall: [0.684,0.727,0.636,0.648,0.688,0.684,0.730,0.724,0.742,0.758]
Epoch [70] Testing Results: Prec@1 55.270 Prec@5 88.350             Loss 1.53582
Epoch [70] Testing Class Recall: [0.860,0.931,0.494,0.562,0.632,0.275,0.543,0.538,0.251,0.441]
Epoch [71] Training Results: Prec@1 70.135 Prec@5 91.325             Loss 1.12778
Epoch [71] Training Class Recall: [0.684,0.720,0.641,0.652,0.684,0.685,0.723,0.728,0.742,0.754]
Epoch [71] Testing Results: Prec@1 55.370 Prec@5 89.260             Loss 1.57048
Epoch [71] Testing Class Recall: [0.888,0.858,0.661,0.412,0.648,0.376,0.632,0.160,0.301,0.601]
Epoch [72] Training Results: Prec@1 70.120 Prec@5 91.590             Loss 1.12120
Epoch [72] Training Class Recall: [0.675,0.728,0.623,0.659,0.679,0.697,0.730,0.733,0.730,0.757]
Epoch [72] Testing Results: Prec@1 55.360 Prec@5 86.920             Loss 1.56006
Epoch [72] Testing Class Recall: [0.770,0.889,0.791,0.409,0.223,0.427,0.703,0.519,0.326,0.479]
Epoch [73] Training Results: Prec@1 70.530 Prec@5 91.605             Loss 1.11607
Epoch [73] Training Class Recall: [0.691,0.728,0.643,0.666,0.690,0.687,0.723,0.735,0.736,0.754]
Epoch [73] Testing Results: Prec@1 56.390 Prec@5 89.770             Loss 1.45525
Epoch [73] Testing Class Recall: [0.837,0.816,0.475,0.622,0.633,0.411,0.494,0.579,0.506,0.266]
Epoch [74] Training Results: Prec@1 70.395 Prec@5 91.850             Loss 1.11541
Epoch [74] Training Class Recall: [0.685,0.724,0.641,0.656,0.697,0.680,0.726,0.730,0.742,0.757]
Epoch [74] Testing Results: Prec@1 52.710 Prec@5 86.130             Loss 1.63484
Epoch [74] Testing Class Recall: [0.886,0.913,0.488,0.309,0.484,0.615,0.563,0.260,0.534,0.219]
Epoch [75] Training Results: Prec@1 70.390 Prec@5 91.475             Loss 1.11276
Epoch [75] Training Class Recall: [0.699,0.727,0.643,0.653,0.687,0.686,0.728,0.729,0.738,0.747]
Epoch [75] Testing Results: Prec@1 47.420 Prec@5 85.490             Loss 1.85368
Epoch [75] Testing Class Recall: [0.920,0.956,0.373,0.474,0.578,0.301,0.462,0.361,0.183,0.134]
Epoch [76] Training Results: Prec@1 70.055 Prec@5 91.870             Loss 1.11203
Epoch [76] Training Class Recall: [0.686,0.720,0.643,0.657,0.689,0.682,0.712,0.725,0.739,0.752]
Epoch [76] Testing Results: Prec@1 58.080 Prec@5 87.570             Loss 1.43567
Epoch [76] Testing Class Recall: [0.764,0.879,0.669,0.229,0.438,0.596,0.770,0.450,0.485,0.528]
Epoch [77] Training Results: Prec@1 70.390 Prec@5 91.900             Loss 1.10752
Epoch [77] Training Class Recall: [0.687,0.728,0.649,0.645,0.689,0.692,0.719,0.730,0.738,0.761]
Epoch [77] Testing Results: Prec@1 53.910 Prec@5 87.730             Loss 1.58700
Epoch [77] Testing Class Recall: [0.816,0.972,0.587,0.316,0.391,0.674,0.601,0.497,0.307,0.230]
Epoch [78] Training Results: Prec@1 70.545 Prec@5 92.405             Loss 1.10083
Epoch [78] Training Class Recall: [0.683,0.732,0.637,0.656,0.704,0.693,0.720,0.735,0.737,0.757]
Epoch [78] Testing Results: Prec@1 57.190 Prec@5 88.830             Loss 1.46645
Epoch [78] Testing Class Recall: [0.696,0.830,0.454,0.552,0.667,0.602,0.634,0.529,0.276,0.479]
Epoch [79] Training Results: Prec@1 70.305 Prec@5 92.140             Loss 1.10116
Epoch [79] Training Class Recall: [0.684,0.731,0.644,0.654,0.680,0.690,0.728,0.728,0.737,0.754]
Epoch [79] Testing Results: Prec@1 56.380 Prec@5 88.500             Loss 1.47182
Epoch [79] Testing Class Recall: [0.715,0.887,0.656,0.372,0.266,0.639,0.671,0.583,0.619,0.230]
Epoch [80] Training Results: Prec@1 70.655 Prec@5 92.250             Loss 1.09716
Epoch [80] Training Class Recall: [0.695,0.726,0.653,0.656,0.696,0.699,0.724,0.729,0.738,0.748]
Epoch [80] Testing Results: Prec@1 56.160 Prec@5 87.990             Loss 1.51789
Epoch [80] Testing Class Recall: [0.722,0.918,0.522,0.447,0.635,0.319,0.553,0.482,0.318,0.700]
Epoch [81] Training Results: Prec@1 70.660 Prec@5 92.025             Loss 1.10412
Epoch [81] Training Class Recall: [0.687,0.732,0.650,0.659,0.694,0.698,0.729,0.724,0.744,0.749]
Epoch [81] Testing Results: Prec@1 52.930 Prec@5 86.720             Loss 1.63696
Epoch [81] Testing Class Recall: [0.838,0.839,0.566,0.543,0.448,0.417,0.643,0.348,0.550,0.101]
Epoch [82] Training Results: Prec@1 70.825 Prec@5 92.170             Loss 1.09634
Epoch [82] Training Class Recall: [0.697,0.726,0.646,0.667,0.696,0.706,0.727,0.731,0.734,0.751]
Epoch [82] Testing Results: Prec@1 54.260 Prec@5 85.810             Loss 1.60360
Epoch [82] Testing Class Recall: [0.628,0.828,0.614,0.496,0.522,0.469,0.313,0.459,0.825,0.272]
Epoch [83] Training Results: Prec@1 71.115 Prec@5 92.530             Loss 1.08384
Epoch [83] Training Class Recall: [0.689,0.727,0.658,0.673,0.700,0.703,0.735,0.728,0.742,0.757]
Epoch [83] Testing Results: Prec@1 50.130 Prec@5 84.510             Loss 1.80515
Epoch [83] Testing Class Recall: [0.856,0.824,0.734,0.513,0.399,0.312,0.425,0.246,0.185,0.519]
Epoch [84] Training Results: Prec@1 70.560 Prec@5 92.335             Loss 1.09922
Epoch [84] Training Class Recall: [0.694,0.727,0.650,0.663,0.686,0.679,0.729,0.734,0.737,0.756]
Epoch [84] Testing Results: Prec@1 58.390 Prec@5 89.470             Loss 1.42736
Epoch [84] Testing Class Recall: [0.834,0.818,0.622,0.441,0.393,0.677,0.762,0.446,0.525,0.321]
Epoch [85] Training Results: Prec@1 70.820 Prec@5 92.480             Loss 1.08887
Epoch [85] Training Class Recall: [0.698,0.725,0.651,0.666,0.690,0.693,0.729,0.731,0.739,0.759]
Epoch [85] Testing Results: Prec@1 56.040 Prec@5 88.730             Loss 1.50975
Epoch [85] Testing Class Recall: [0.698,0.874,0.528,0.651,0.429,0.317,0.703,0.592,0.277,0.535]
Epoch [86] Training Results: Prec@1 70.755 Prec@5 92.240             Loss 1.08855
Epoch [86] Training Class Recall: [0.687,0.723,0.654,0.668,0.697,0.687,0.726,0.731,0.744,0.759]
Epoch [86] Testing Results: Prec@1 51.290 Prec@5 85.240             Loss 1.64733
Epoch [86] Testing Class Recall: [0.809,0.917,0.319,0.258,0.323,0.464,0.259,0.702,0.410,0.668]
Epoch [87] Training Results: Prec@1 70.645 Prec@5 92.670             Loss 1.08431
Epoch [87] Training Class Recall: [0.692,0.723,0.642,0.656,0.688,0.699,0.725,0.726,0.751,0.762]
Epoch [87] Testing Results: Prec@1 51.640 Prec@5 85.470             Loss 1.75149
Epoch [87] Testing Class Recall: [0.720,0.683,0.848,0.345,0.398,0.420,0.635,0.500,0.481,0.134]
Epoch [88] Training Results: Prec@1 70.365 Prec@5 92.290             Loss 1.09149
Epoch [88] Training Class Recall: [0.696,0.725,0.642,0.655,0.685,0.687,0.721,0.727,0.741,0.757]
Epoch [88] Testing Results: Prec@1 50.820 Prec@5 86.070             Loss 1.78622
Epoch [88] Testing Class Recall: [0.807,0.957,0.438,0.644,0.619,0.274,0.393,0.427,0.270,0.253]
Epoch [89] Training Results: Prec@1 71.060 Prec@5 92.660             Loss 1.07496
Epoch [89] Training Class Recall: [0.699,0.727,0.655,0.673,0.689,0.696,0.732,0.731,0.743,0.762]
Epoch [89] Testing Results: Prec@1 48.190 Prec@5 85.370             Loss 1.91610
Epoch [89] Testing Class Recall: [0.728,0.878,0.375,0.522,0.348,0.792,0.273,0.297,0.407,0.199]
Epoch [90] Training Results: Prec@1 70.950 Prec@5 92.420             Loss 1.08378
Epoch [90] Training Class Recall: [0.696,0.729,0.654,0.669,0.690,0.693,0.730,0.737,0.735,0.762]
Epoch [90] Testing Results: Prec@1 53.880 Prec@5 88.220             Loss 1.58792
Epoch [90] Testing Class Recall: [0.885,0.910,0.306,0.283,0.419,0.728,0.456,0.546,0.499,0.356]
Epoch [91] Training Results: Prec@1 71.295 Prec@5 92.880             Loss 1.06681
Epoch [91] Training Class Recall: [0.688,0.729,0.648,0.678,0.695,0.706,0.741,0.735,0.752,0.756]
Epoch [91] Testing Results: Prec@1 58.260 Prec@5 90.270             Loss 1.41045
Epoch [91] Testing Class Recall: [0.847,0.829,0.545,0.471,0.441,0.386,0.650,0.645,0.395,0.617]
Epoch [92] Training Results: Prec@1 70.415 Prec@5 92.725             Loss 1.08644
Epoch [92] Training Class Recall: [0.691,0.722,0.637,0.655,0.688,0.690,0.728,0.735,0.735,0.759]
Epoch [92] Testing Results: Prec@1 55.610 Prec@5 87.480             Loss 1.57714
Epoch [92] Testing Class Recall: [0.861,0.792,0.549,0.552,0.375,0.596,0.552,0.621,0.516,0.147]
Epoch [93] Training Results: Prec@1 71.365 Prec@5 93.030             Loss 1.06941
Epoch [93] Training Class Recall: [0.697,0.726,0.673,0.671,0.699,0.696,0.733,0.732,0.745,0.764]
Epoch [93] Testing Results: Prec@1 55.720 Prec@5 86.780             Loss 1.57933
Epoch [93] Testing Class Recall: [0.648,0.929,0.427,0.437,0.582,0.532,0.873,0.344,0.607,0.193]
Epoch [94] Training Results: Prec@1 71.100 Prec@5 92.745             Loss 1.06635
Epoch [94] Training Class Recall: [0.695,0.730,0.647,0.683,0.686,0.698,0.738,0.732,0.744,0.756]
Epoch [94] Testing Results: Prec@1 56.300 Prec@5 87.650             Loss 1.60697
Epoch [94] Testing Class Recall: [0.776,0.790,0.742,0.423,0.480,0.457,0.655,0.577,0.342,0.388]
Epoch [95] Training Results: Prec@1 71.335 Prec@5 92.980             Loss 1.06678
Epoch [95] Training Class Recall: [0.694,0.729,0.665,0.674,0.693,0.703,0.735,0.731,0.743,0.767]
Epoch [95] Testing Results: Prec@1 56.660 Prec@5 86.300             Loss 1.60096
Epoch [95] Testing Class Recall: [0.751,0.924,0.415,0.589,0.595,0.362,0.688,0.774,0.352,0.216]
Epoch [96] Training Results: Prec@1 71.515 Prec@5 93.015             Loss 1.06200
Epoch [96] Training Class Recall: [0.684,0.738,0.671,0.670,0.698,0.701,0.741,0.743,0.740,0.763]
Epoch [96] Testing Results: Prec@1 53.530 Prec@5 88.040             Loss 1.67609
Epoch [96] Testing Class Recall: [0.898,0.842,0.362,0.585,0.307,0.535,0.562,0.493,0.453,0.316]
Epoch [97] Training Results: Prec@1 71.640 Prec@5 93.130             Loss 1.05725
Epoch [97] Training Class Recall: [0.700,0.731,0.668,0.683,0.702,0.709,0.732,0.730,0.742,0.765]
Epoch [97] Testing Results: Prec@1 56.560 Prec@5 88.460             Loss 1.52299
Epoch [97] Testing Class Recall: [0.757,0.804,0.505,0.454,0.532,0.688,0.669,0.508,0.243,0.496]
Epoch [98] Training Results: Prec@1 70.995 Prec@5 93.020             Loss 1.06427
Epoch [98] Training Class Recall: [0.702,0.732,0.654,0.669,0.685,0.694,0.732,0.726,0.745,0.760]
Epoch [98] Testing Results: Prec@1 49.430 Prec@5 84.830             Loss 1.89663
Epoch [98] Testing Class Recall: [0.897,0.848,0.611,0.666,0.268,0.185,0.590,0.429,0.323,0.126]
Epoch [99] Training Results: Prec@1 71.140 Prec@5 93.040             Loss 1.06447
Epoch [99] Training Class Recall: [0.692,0.725,0.656,0.682,0.698,0.702,0.726,0.733,0.744,0.756]
Epoch [99] Testing Results: Prec@1 51.840 Prec@5 84.270             Loss 1.83394
Epoch [99] Testing Class Recall: [0.771,0.923,0.462,0.134,0.457,0.767,0.382,0.365,0.652,0.271]
Epoch [100] Training Results: Prec@1 71.365 Prec@5 93.190             Loss 1.05816
Epoch [100] Training Class Recall: [0.687,0.729,0.650,0.682,0.704,0.710,0.733,0.739,0.741,0.761]
Epoch [100] Testing Results: Prec@1 57.750 Prec@5 88.930             Loss 1.44295
Epoch [100] Testing Class Recall: [0.840,0.901,0.494,0.423,0.482,0.402,0.481,0.646,0.651,0.455]
Epoch [101] Training Results: Prec@1 71.405 Prec@5 93.115             Loss 1.05356
Epoch [101] Training Class Recall: [0.697,0.741,0.657,0.673,0.704,0.692,0.727,0.738,0.744,0.767]
Epoch [101] Testing Results: Prec@1 54.950 Prec@5 88.350             Loss 1.58415
Epoch [101] Testing Class Recall: [0.564,0.731,0.650,0.634,0.609,0.366,0.704,0.381,0.415,0.441]
Epoch [102] Training Results: Prec@1 71.750 Prec@5 93.365             Loss 1.04095
Epoch [102] Training Class Recall: [0.696,0.729,0.668,0.683,0.705,0.701,0.741,0.742,0.742,0.766]
Epoch [102] Testing Results: Prec@1 50.230 Prec@5 85.210             Loss 1.88959
Epoch [102] Testing Class Recall: [0.847,0.916,0.466,0.510,0.545,0.224,0.459,0.330,0.350,0.376]
Epoch [103] Training Results: Prec@1 71.025 Prec@5 93.195             Loss 1.05785
Epoch [103] Training Class Recall: [0.680,0.724,0.662,0.663,0.691,0.698,0.728,0.742,0.752,0.761]
Epoch [103] Testing Results: Prec@1 54.580 Prec@5 88.750             Loss 1.65626
Epoch [103] Testing Class Recall: [0.853,0.683,0.494,0.635,0.472,0.651,0.449,0.535,0.410,0.276]
Epoch [104] Training Results: Prec@1 71.580 Prec@5 93.085             Loss 1.04969
Epoch [104] Training Class Recall: [0.690,0.733,0.664,0.675,0.708,0.710,0.730,0.735,0.746,0.766]
Epoch [104] Testing Results: Prec@1 51.660 Prec@5 83.960             Loss 1.77804
Epoch [104] Testing Class Recall: [0.679,0.952,0.627,0.543,0.672,0.363,0.418,0.418,0.367,0.127]
Epoch [105] Training Results: Prec@1 71.790 Prec@5 93.515             Loss 1.03923
Epoch [105] Training Class Recall: [0.706,0.733,0.663,0.679,0.702,0.704,0.742,0.740,0.745,0.764]
Epoch [105] Testing Results: Prec@1 48.930 Prec@5 83.740             Loss 2.03444
Epoch [105] Testing Class Recall: [0.924,0.951,0.460,0.244,0.369,0.465,0.505,0.572,0.293,0.110]
Epoch [106] Training Results: Prec@1 71.115 Prec@5 93.595             Loss 1.04858
Epoch [106] Training Class Recall: [0.695,0.728,0.672,0.669,0.688,0.687,0.731,0.744,0.740,0.756]
Epoch [106] Testing Results: Prec@1 50.570 Prec@5 85.590             Loss 1.65395
Epoch [106] Testing Class Recall: [0.762,0.911,0.202,0.412,0.366,0.484,0.347,0.707,0.318,0.548]
Epoch [107] Training Results: Prec@1 71.435 Prec@5 93.570             Loss 1.03834
Epoch [107] Training Class Recall: [0.692,0.735,0.665,0.686,0.701,0.702,0.728,0.727,0.745,0.761]
Epoch [107] Testing Results: Prec@1 54.940 Prec@5 85.540             Loss 1.60870
Epoch [107] Testing Class Recall: [0.797,0.900,0.680,0.424,0.224,0.364,0.724,0.553,0.464,0.364]
Epoch [108] Training Results: Prec@1 71.535 Prec@5 93.340             Loss 1.04035
Epoch [108] Training Class Recall: [0.701,0.733,0.678,0.675,0.693,0.692,0.731,0.738,0.746,0.765]
Epoch [108] Testing Results: Prec@1 50.080 Prec@5 85.570             Loss 1.77101
Epoch [108] Testing Class Recall: [0.755,0.605,0.493,0.542,0.723,0.456,0.444,0.231,0.596,0.163]
Epoch [109] Training Results: Prec@1 71.600 Prec@5 93.505             Loss 1.04258
Epoch [109] Training Class Recall: [0.704,0.731,0.669,0.685,0.709,0.706,0.727,0.732,0.744,0.752]
Epoch [109] Testing Results: Prec@1 54.540 Prec@5 88.250             Loss 1.62702
Epoch [109] Testing Class Recall: [0.794,0.855,0.633,0.581,0.303,0.193,0.704,0.619,0.353,0.419]
Epoch [110] Training Results: Prec@1 71.735 Prec@5 93.855             Loss 1.03005
Epoch [110] Training Class Recall: [0.700,0.732,0.671,0.678,0.704,0.702,0.737,0.736,0.746,0.766]
Epoch [110] Testing Results: Prec@1 55.760 Prec@5 87.650             Loss 1.55451
Epoch [110] Testing Class Recall: [0.793,0.926,0.588,0.383,0.380,0.478,0.547,0.611,0.374,0.496]
Epoch [111] Training Results: Prec@1 71.840 Prec@5 93.820             Loss 1.02879
Epoch [111] Training Class Recall: [0.699,0.737,0.664,0.685,0.708,0.704,0.739,0.744,0.743,0.760]
Epoch [111] Testing Results: Prec@1 57.520 Prec@5 88.350             Loss 1.49124
Epoch [111] Testing Class Recall: [0.680,0.878,0.492,0.572,0.464,0.624,0.642,0.504,0.504,0.392]
Epoch [112] Training Results: Prec@1 71.655 Prec@5 93.980             Loss 1.03329
Epoch [112] Training Class Recall: [0.693,0.732,0.665,0.678,0.706,0.706,0.739,0.735,0.743,0.768]
Epoch [112] Testing Results: Prec@1 56.320 Prec@5 87.300             Loss 1.53900
Epoch [112] Testing Class Recall: [0.772,0.905,0.455,0.340,0.566,0.547,0.593,0.733,0.176,0.545]
Epoch [113] Training Results: Prec@1 71.935 Prec@5 93.640             Loss 1.03396
Epoch [113] Training Class Recall: [0.699,0.737,0.672,0.684,0.706,0.706,0.734,0.740,0.750,0.764]
Epoch [113] Testing Results: Prec@1 55.530 Prec@5 87.140             Loss 1.62773
Epoch [113] Testing Class Recall: [0.771,0.906,0.612,0.481,0.400,0.391,0.825,0.629,0.319,0.219]
Epoch [114] Training Results: Prec@1 71.895 Prec@5 93.515             Loss 1.03184
Epoch [114] Training Class Recall: [0.692,0.741,0.665,0.674,0.711,0.715,0.741,0.750,0.738,0.762]
Epoch [114] Testing Results: Prec@1 52.580 Prec@5 87.390             Loss 1.69371
Epoch [114] Testing Class Recall: [0.897,0.730,0.196,0.464,0.268,0.563,0.877,0.553,0.180,0.530]
Epoch [115] Training Results: Prec@1 71.800 Prec@5 93.800             Loss 1.02086
Epoch [115] Training Class Recall: [0.705,0.733,0.667,0.676,0.709,0.705,0.726,0.744,0.745,0.769]
Epoch [115] Testing Results: Prec@1 54.910 Prec@5 87.700             Loss 1.59206
Epoch [115] Testing Class Recall: [0.693,0.656,0.658,0.395,0.590,0.373,0.826,0.399,0.584,0.317]
Epoch [116] Training Results: Prec@1 71.730 Prec@5 93.825             Loss 1.02428
Epoch [116] Training Class Recall: [0.701,0.735,0.667,0.677,0.708,0.710,0.727,0.731,0.749,0.768]
Epoch [116] Testing Results: Prec@1 53.400 Prec@5 86.520             Loss 1.61479
Epoch [116] Testing Class Recall: [0.755,0.897,0.405,0.480,0.263,0.634,0.720,0.438,0.411,0.337]
Epoch [117] Training Results: Prec@1 71.865 Prec@5 93.850             Loss 1.02853
Epoch [117] Training Class Recall: [0.701,0.735,0.662,0.688,0.694,0.710,0.737,0.742,0.753,0.764]
Epoch [117] Testing Results: Prec@1 53.680 Prec@5 87.840             Loss 1.64567
Epoch [117] Testing Class Recall: [0.786,0.728,0.636,0.690,0.476,0.245,0.684,0.394,0.256,0.473]
Epoch [118] Training Results: Prec@1 71.930 Prec@5 94.100             Loss 1.02260
Epoch [118] Training Class Recall: [0.695,0.726,0.672,0.681,0.717,0.703,0.739,0.747,0.750,0.762]
Epoch [118] Testing Results: Prec@1 56.040 Prec@5 88.020             Loss 1.54784
Epoch [118] Testing Class Recall: [0.607,0.834,0.624,0.693,0.383,0.262,0.702,0.551,0.506,0.442]
Epoch [119] Training Results: Prec@1 72.140 Prec@5 94.190             Loss 1.01920
Epoch [119] Training Class Recall: [0.699,0.745,0.677,0.675,0.704,0.714,0.746,0.740,0.752,0.761]
Epoch [119] Testing Results: Prec@1 53.100 Prec@5 85.600             Loss 1.78509
Epoch [119] Testing Class Recall: [0.855,0.909,0.498,0.469,0.424,0.568,0.243,0.456,0.445,0.443]
Epoch [120] Training Results: Prec@1 71.995 Prec@5 93.800             Loss 1.02445
Epoch [120] Training Class Recall: [0.697,0.728,0.675,0.680,0.708,0.720,0.725,0.749,0.748,0.770]
Epoch [120] Testing Results: Prec@1 53.760 Prec@5 85.960             Loss 1.62147
Epoch [120] Testing Class Recall: [0.719,0.942,0.329,0.516,0.554,0.439,0.698,0.279,0.519,0.381]
Epoch [121] Training Results: Prec@1 71.765 Prec@5 94.140             Loss 1.01439
Epoch [121] Training Class Recall: [0.699,0.734,0.662,0.678,0.709,0.714,0.740,0.733,0.741,0.764]
Epoch [121] Testing Results: Prec@1 52.970 Prec@5 87.370             Loss 1.67055
Epoch [121] Testing Class Recall: [0.894,0.795,0.583,0.301,0.403,0.417,0.574,0.480,0.327,0.523]
Epoch [122] Training Results: Prec@1 71.630 Prec@5 93.895             Loss 1.02215
Epoch [122] Training Class Recall: [0.695,0.727,0.664,0.690,0.700,0.699,0.735,0.737,0.747,0.770]
Epoch [122] Testing Results: Prec@1 53.580 Prec@5 85.810             Loss 1.65374
Epoch [122] Testing Class Recall: [0.840,0.824,0.567,0.324,0.259,0.669,0.715,0.555,0.210,0.395]
Epoch [123] Training Results: Prec@1 72.105 Prec@5 93.905             Loss 1.01742
Epoch [123] Training Class Recall: [0.707,0.735,0.671,0.685,0.702,0.714,0.732,0.750,0.754,0.760]
Epoch [123] Testing Results: Prec@1 55.550 Prec@5 88.760             Loss 1.55123
Epoch [123] Testing Class Recall: [0.792,0.747,0.295,0.504,0.664,0.496,0.724,0.585,0.347,0.401]
Epoch [124] Training Results: Prec@1 71.880 Prec@5 94.265             Loss 1.01812
Epoch [124] Training Class Recall: [0.699,0.726,0.668,0.687,0.708,0.713,0.728,0.748,0.746,0.763]
Epoch [124] Testing Results: Prec@1 50.290 Prec@5 84.430             Loss 1.87818
Epoch [124] Testing Class Recall: [0.827,0.516,0.555,0.509,0.421,0.541,0.481,0.705,0.105,0.369]
Epoch [125] Training Results: Prec@1 71.755 Prec@5 94.120             Loss 1.01714
Epoch [125] Training Class Recall: [0.697,0.723,0.663,0.678,0.705,0.714,0.741,0.738,0.746,0.769]
Epoch [125] Testing Results: Prec@1 53.940 Prec@5 86.160             Loss 1.72752
Epoch [125] Testing Class Recall: [0.795,0.947,0.586,0.348,0.293,0.632,0.556,0.609,0.426,0.202]
Epoch [126] Training Results: Prec@1 72.175 Prec@5 94.460             Loss 1.00998
Epoch [126] Training Class Recall: [0.708,0.738,0.678,0.677,0.709,0.711,0.736,0.741,0.749,0.770]
Epoch [126] Testing Results: Prec@1 54.010 Prec@5 86.770             Loss 1.67897
Epoch [126] Testing Class Recall: [0.777,0.942,0.504,0.479,0.501,0.542,0.610,0.395,0.339,0.312]
Epoch [127] Training Results: Prec@1 72.055 Prec@5 94.220             Loss 1.01801
Epoch [127] Training Class Recall: [0.708,0.736,0.667,0.673,0.697,0.710,0.746,0.748,0.747,0.772]
Epoch [127] Testing Results: Prec@1 54.530 Prec@5 86.720             Loss 1.67879
Epoch [127] Testing Class Recall: [0.779,0.837,0.599,0.414,0.495,0.587,0.497,0.644,0.415,0.186]
Epoch [128] Training Results: Prec@1 72.030 Prec@5 94.310             Loss 1.00814
Epoch [128] Training Class Recall: [0.705,0.730,0.670,0.692,0.709,0.711,0.735,0.735,0.746,0.769]
Epoch [128] Testing Results: Prec@1 52.960 Prec@5 84.600             Loss 1.81993
Epoch [128] Testing Class Recall: [0.742,0.947,0.576,0.652,0.248,0.350,0.568,0.575,0.499,0.139]
Epoch [129] Training Results: Prec@1 72.295 Prec@5 94.230             Loss 1.00230
Epoch [129] Training Class Recall: [0.707,0.739,0.671,0.685,0.712,0.713,0.742,0.744,0.749,0.767]
Epoch [129] Testing Results: Prec@1 48.130 Prec@5 83.850             Loss 1.95601
Epoch [129] Testing Class Recall: [0.909,0.887,0.438,0.475,0.302,0.312,0.449,0.440,0.348,0.253]
Epoch [130] Training Results: Prec@1 72.245 Prec@5 94.465             Loss 0.99737
Epoch [130] Training Class Recall: [0.704,0.730,0.680,0.685,0.712,0.718,0.737,0.740,0.746,0.770]
Epoch [130] Testing Results: Prec@1 49.280 Prec@5 83.860             Loss 1.90756
Epoch [130] Testing Class Recall: [0.798,0.956,0.521,0.308,0.515,0.322,0.591,0.327,0.347,0.243]
Epoch [131] Training Results: Prec@1 72.135 Prec@5 94.555             Loss 1.00324
Epoch [131] Training Class Recall: [0.701,0.733,0.678,0.689,0.716,0.702,0.745,0.740,0.748,0.762]
Epoch [131] Testing Results: Prec@1 49.860 Prec@5 84.230             Loss 1.87548
Epoch [131] Testing Class Recall: [0.872,0.841,0.480,0.397,0.553,0.315,0.702,0.412,0.173,0.241]
Epoch [132] Training Results: Prec@1 71.940 Prec@5 94.345             Loss 1.00616
Epoch [132] Training Class Recall: [0.696,0.730,0.671,0.680,0.702,0.711,0.742,0.741,0.749,0.770]
Epoch [132] Testing Results: Prec@1 50.490 Prec@5 85.040             Loss 1.83192
Epoch [132] Testing Class Recall: [0.847,0.734,0.539,0.648,0.498,0.314,0.579,0.524,0.090,0.276]
Epoch [133] Training Results: Prec@1 72.260 Prec@5 94.445             Loss 0.99975
Epoch [133] Training Class Recall: [0.699,0.733,0.688,0.678,0.703,0.720,0.739,0.741,0.752,0.772]
Epoch [133] Testing Results: Prec@1 55.970 Prec@5 88.160             Loss 1.54380
Epoch [133] Testing Class Recall: [0.758,0.841,0.505,0.514,0.450,0.428,0.775,0.639,0.376,0.311]
Epoch [134] Training Results: Prec@1 72.185 Prec@5 94.435             Loss 1.00224
Epoch [134] Training Class Recall: [0.697,0.725,0.671,0.689,0.712,0.717,0.742,0.742,0.749,0.774]
Epoch [134] Testing Results: Prec@1 49.550 Prec@5 85.350             Loss 1.87633
Epoch [134] Testing Class Recall: [0.821,0.796,0.472,0.336,0.135,0.797,0.509,0.306,0.544,0.239]
Epoch [135] Training Results: Prec@1 72.370 Prec@5 94.495             Loss 0.99116
Epoch [135] Training Class Recall: [0.705,0.734,0.685,0.687,0.707,0.710,0.739,0.749,0.750,0.771]
Epoch [135] Testing Results: Prec@1 51.750 Prec@5 85.440             Loss 1.70785
Epoch [135] Testing Class Recall: [0.835,0.858,0.446,0.482,0.305,0.579,0.548,0.422,0.474,0.226]
Epoch [136] Training Results: Prec@1 71.875 Prec@5 94.520             Loss 1.00468
Epoch [136] Training Class Recall: [0.690,0.729,0.673,0.690,0.703,0.706,0.731,0.744,0.751,0.771]
Epoch [136] Testing Results: Prec@1 54.880 Prec@5 86.420             Loss 1.64738
Epoch [136] Testing Class Recall: [0.854,0.886,0.390,0.384,0.359,0.663,0.788,0.443,0.492,0.229]
Epoch [137] Training Results: Prec@1 72.140 Prec@5 94.720             Loss 0.99896
Epoch [137] Training Class Recall: [0.711,0.742,0.671,0.680,0.695,0.717,0.741,0.737,0.746,0.772]
Epoch [137] Testing Results: Prec@1 56.030 Prec@5 87.110             Loss 1.64614
Epoch [137] Testing Class Recall: [0.684,0.932,0.698,0.324,0.277,0.647,0.582,0.602,0.427,0.430]
Epoch [138] Training Results: Prec@1 72.235 Prec@5 94.645             Loss 0.99754
Epoch [138] Training Class Recall: [0.703,0.734,0.680,0.687,0.705,0.717,0.740,0.745,0.743,0.767]
Epoch [138] Testing Results: Prec@1 50.390 Prec@5 84.230             Loss 1.97077
Epoch [138] Testing Class Recall: [0.823,0.880,0.443,0.214,0.733,0.538,0.115,0.615,0.327,0.351]
Epoch [139] Training Results: Prec@1 72.085 Prec@5 94.615             Loss 0.99521
Epoch [139] Training Class Recall: [0.700,0.734,0.675,0.685,0.707,0.707,0.735,0.746,0.753,0.765]
Epoch [139] Testing Results: Prec@1 54.780 Prec@5 87.730             Loss 1.66171
Epoch [139] Testing Class Recall: [0.837,0.774,0.550,0.555,0.531,0.438,0.592,0.613,0.276,0.312]
Epoch [140] Training Results: Prec@1 72.705 Prec@5 94.640             Loss 0.98533
Epoch [140] Training Class Recall: [0.714,0.741,0.684,0.696,0.716,0.711,0.745,0.745,0.752,0.766]
Epoch [140] Testing Results: Prec@1 52.390 Prec@5 85.310             Loss 1.78458
Epoch [140] Testing Class Recall: [0.712,0.859,0.568,0.670,0.542,0.363,0.523,0.262,0.568,0.172]
Epoch [141] Training Results: Prec@1 72.250 Prec@5 94.550             Loss 0.99294
Epoch [141] Training Class Recall: [0.709,0.737,0.688,0.687,0.703,0.711,0.737,0.739,0.755,0.761]
Epoch [141] Testing Results: Prec@1 52.350 Prec@5 86.700             Loss 1.96881
Epoch [141] Testing Class Recall: [0.827,0.873,0.702,0.378,0.556,0.348,0.488,0.499,0.316,0.248]
Epoch [142] Training Results: Prec@1 72.575 Prec@5 94.755             Loss 0.99264
Epoch [142] Training Class Recall: [0.703,0.736,0.673,0.698,0.706,0.724,0.747,0.742,0.757,0.772]
Epoch [142] Testing Results: Prec@1 56.060 Prec@5 84.820             Loss 1.64570
Epoch [142] Testing Class Recall: [0.709,0.948,0.579,0.180,0.473,0.481,0.795,0.492,0.612,0.337]
Epoch [143] Training Results: Prec@1 73.050 Prec@5 94.720             Loss 0.97566
Epoch [143] Training Class Recall: [0.710,0.741,0.679,0.690,0.727,0.720,0.751,0.750,0.758,0.778]
Epoch [143] Testing Results: Prec@1 53.510 Prec@5 85.960             Loss 1.79789
Epoch [143] Testing Class Recall: [0.702,0.891,0.748,0.215,0.307,0.397,0.745,0.536,0.415,0.395]
Epoch [144] Training Results: Prec@1 72.305 Prec@5 94.750             Loss 0.99354
Epoch [144] Training Class Recall: [0.696,0.736,0.675,0.675,0.718,0.711,0.737,0.748,0.754,0.780]
Epoch [144] Testing Results: Prec@1 55.730 Prec@5 86.760             Loss 1.61952
Epoch [144] Testing Class Recall: [0.705,0.932,0.544,0.417,0.559,0.588,0.589,0.337,0.562,0.340]
Epoch [145] Training Results: Prec@1 72.575 Prec@5 94.815             Loss 0.97901
Epoch [145] Training Class Recall: [0.712,0.742,0.672,0.687,0.711,0.716,0.742,0.748,0.756,0.771]
Epoch [145] Testing Results: Prec@1 55.020 Prec@5 87.660             Loss 1.59321
Epoch [145] Testing Class Recall: [0.776,0.792,0.623,0.355,0.322,0.460,0.805,0.426,0.395,0.548]
Epoch [146] Training Results: Prec@1 72.445 Prec@5 94.805             Loss 0.98414
Epoch [146] Training Class Recall: [0.702,0.736,0.683,0.699,0.706,0.718,0.744,0.740,0.747,0.767]
Epoch [146] Testing Results: Prec@1 51.220 Prec@5 85.670             Loss 1.76786
Epoch [146] Testing Class Recall: [0.840,0.795,0.460,0.624,0.538,0.260,0.430,0.546,0.348,0.281]
Epoch [147] Training Results: Prec@1 72.715 Prec@5 94.840             Loss 0.97990
Epoch [147] Training Class Recall: [0.704,0.738,0.684,0.686,0.716,0.720,0.745,0.755,0.757,0.766]
Epoch [147] Testing Results: Prec@1 50.370 Prec@5 82.700             Loss 2.19695
Epoch [147] Testing Class Recall: [0.767,0.915,0.764,0.173,0.517,0.502,0.557,0.381,0.236,0.225]
Epoch [148] Training Results: Prec@1 72.515 Prec@5 94.600             Loss 0.99204
Epoch [148] Training Class Recall: [0.711,0.733,0.670,0.699,0.711,0.718,0.741,0.741,0.755,0.771]
Epoch [148] Testing Results: Prec@1 55.090 Prec@5 87.950             Loss 1.57387
Epoch [148] Testing Class Recall: [0.730,0.787,0.710,0.496,0.401,0.396,0.560,0.483,0.290,0.656]
Epoch [149] Training Results: Prec@1 72.835 Prec@5 94.970             Loss 0.97351
Epoch [149] Training Class Recall: [0.701,0.743,0.691,0.687,0.725,0.717,0.744,0.750,0.755,0.771]
Epoch [149] Testing Results: Prec@1 53.320 Prec@5 86.690             Loss 1.81625
Epoch [149] Testing Class Recall: [0.712,0.823,0.597,0.689,0.361,0.372,0.361,0.530,0.627,0.260]
Epoch [150] Training Results: Prec@1 72.435 Prec@5 94.730             Loss 0.98438
Epoch [150] Training Class Recall: [0.712,0.735,0.664,0.692,0.703,0.706,0.752,0.753,0.757,0.770]
Epoch [150] Testing Results: Prec@1 53.690 Prec@5 84.300             Loss 1.79811
Epoch [150] Testing Class Recall: [0.754,0.921,0.547,0.206,0.543,0.584,0.700,0.419,0.456,0.239]
Epoch [151] Training Results: Prec@1 72.775 Prec@5 95.055             Loss 0.97865
Epoch [151] Training Class Recall: [0.712,0.733,0.698,0.692,0.704,0.723,0.739,0.745,0.758,0.774]
Epoch [151] Testing Results: Prec@1 52.360 Prec@5 84.140             Loss 1.80821
Epoch [151] Testing Class Recall: [0.656,0.867,0.426,0.695,0.688,0.150,0.706,0.393,0.418,0.237]
Epoch [152] Training Results: Prec@1 72.600 Prec@5 95.005             Loss 0.97591
Epoch [152] Training Class Recall: [0.705,0.740,0.680,0.699,0.708,0.707,0.747,0.738,0.759,0.777]
Epoch [152] Testing Results: Prec@1 51.700 Prec@5 85.400             Loss 1.81498
Epoch [152] Testing Class Recall: [0.815,0.908,0.438,0.404,0.419,0.651,0.693,0.352,0.283,0.207]
Epoch [153] Training Results: Prec@1 72.660 Prec@5 94.990             Loss 0.97432
Epoch [153] Training Class Recall: [0.711,0.737,0.687,0.691,0.708,0.719,0.742,0.748,0.753,0.769]
Epoch [153] Testing Results: Prec@1 50.230 Prec@5 83.720             Loss 1.91328
Epoch [153] Testing Class Recall: [0.871,0.819,0.663,0.260,0.424,0.120,0.658,0.567,0.476,0.165]
Epoch [154] Training Results: Prec@1 72.705 Prec@5 95.085             Loss 0.97015
Epoch [154] Training Class Recall: [0.710,0.740,0.674,0.699,0.708,0.721,0.748,0.740,0.757,0.773]
Epoch [154] Testing Results: Prec@1 53.850 Prec@5 85.800             Loss 1.76109
Epoch [154] Testing Class Recall: [0.842,0.813,0.558,0.440,0.351,0.541,0.665,0.661,0.249,0.265]
Epoch [155] Training Results: Prec@1 72.730 Prec@5 95.065             Loss 0.96348
Epoch [155] Training Class Recall: [0.710,0.732,0.690,0.678,0.718,0.726,0.747,0.745,0.755,0.772]
Epoch [155] Testing Results: Prec@1 54.950 Prec@5 86.830             Loss 1.56597
Epoch [155] Testing Class Recall: [0.515,0.853,0.295,0.246,0.550,0.595,0.622,0.493,0.667,0.659]
Epoch [156] Training Results: Prec@1 72.545 Prec@5 95.000             Loss 0.97573
Epoch [156] Training Class Recall: [0.700,0.728,0.672,0.697,0.707,0.722,0.745,0.755,0.754,0.773]
Epoch [156] Testing Results: Prec@1 47.600 Prec@5 82.070             Loss 2.34408
Epoch [156] Testing Class Recall: [0.824,0.763,0.679,0.318,0.548,0.421,0.199,0.233,0.580,0.195]
Epoch [157] Training Results: Prec@1 72.400 Prec@5 94.870             Loss 0.97748
Epoch [157] Training Class Recall: [0.704,0.737,0.679,0.683,0.709,0.716,0.734,0.747,0.754,0.776]
Epoch [157] Testing Results: Prec@1 51.460 Prec@5 84.360             Loss 1.73194
Epoch [157] Testing Class Recall: [0.579,0.839,0.194,0.633,0.417,0.524,0.616,0.611,0.365,0.368]
Epoch [158] Training Results: Prec@1 72.555 Prec@5 94.815             Loss 0.97761
Epoch [158] Training Class Recall: [0.711,0.738,0.685,0.696,0.705,0.706,0.735,0.754,0.752,0.773]
Epoch [158] Testing Results: Prec@1 50.590 Prec@5 84.160             Loss 1.94405
Epoch [158] Testing Class Recall: [0.712,0.861,0.714,0.294,0.588,0.381,0.481,0.313,0.370,0.345]
Epoch [159] Training Results: Prec@1 72.905 Prec@5 95.020             Loss 0.96760
Epoch [159] Training Class Recall: [0.698,0.739,0.694,0.692,0.719,0.726,0.736,0.752,0.756,0.778]
Epoch [159] Testing Results: Prec@1 55.910 Prec@5 88.000             Loss 1.69399
Epoch [159] Testing Class Recall: [0.760,0.831,0.439,0.604,0.407,0.511,0.668,0.488,0.417,0.466]
Epoch [160] Training Results: Prec@1 75.475 Prec@5 96.295             Loss 0.86953
Epoch [160] Training Class Recall: [0.713,0.758,0.702,0.742,0.748,0.758,0.777,0.778,0.776,0.796]
Epoch [160] Testing Results: Prec@1 58.810 Prec@5 88.880             Loss 1.51646
Epoch [160] Testing Class Recall: [0.800,0.899,0.560,0.517,0.546,0.505,0.679,0.564,0.432,0.379]
Epoch [161] Training Results: Prec@1 76.695 Prec@5 96.770             Loss 0.82351
Epoch [161] Training Class Recall: [0.745,0.771,0.728,0.751,0.764,0.761,0.785,0.783,0.785,0.796]
Epoch [161] Testing Results: Prec@1 58.240 Prec@5 88.650             Loss 1.54224
Epoch [161] Testing Class Recall: [0.833,0.897,0.571,0.528,0.544,0.468,0.656,0.550,0.403,0.374]
Epoch [162] Training Results: Prec@1 77.005 Prec@5 97.015             Loss 0.80179
Epoch [162] Training Class Recall: [0.751,0.775,0.744,0.768,0.764,0.760,0.781,0.782,0.775,0.800]
Epoch [162] Testing Results: Prec@1 57.620 Prec@5 88.270             Loss 1.59017
Epoch [162] Testing Class Recall: [0.824,0.915,0.597,0.529,0.547,0.458,0.615,0.553,0.398,0.326]
Epoch [163] Training Results: Prec@1 77.535 Prec@5 97.185             Loss 0.78381
Epoch [163] Training Class Recall: [0.760,0.776,0.756,0.763,0.774,0.771,0.783,0.790,0.776,0.804]
Epoch [163] Testing Results: Prec@1 57.650 Prec@5 88.470             Loss 1.59929
Epoch [163] Testing Class Recall: [0.834,0.913,0.573,0.540,0.548,0.473,0.633,0.520,0.384,0.347]
Epoch [164] Training Results: Prec@1 77.445 Prec@5 97.225             Loss 0.77227
Epoch [164] Training Class Recall: [0.752,0.783,0.752,0.773,0.773,0.765,0.785,0.779,0.781,0.802]
Epoch [164] Testing Results: Prec@1 57.630 Prec@5 88.310             Loss 1.59287
Epoch [164] Testing Class Recall: [0.830,0.904,0.595,0.533,0.548,0.444,0.640,0.544,0.386,0.339]
Epoch [165] Training Results: Prec@1 77.935 Prec@5 97.330             Loss 0.76141
Epoch [165] Training Class Recall: [0.767,0.786,0.763,0.775,0.775,0.773,0.789,0.785,0.775,0.805]
Epoch [165] Testing Results: Prec@1 57.310 Prec@5 88.040             Loss 1.63910
Epoch [165] Testing Class Recall: [0.836,0.910,0.591,0.531,0.553,0.468,0.609,0.537,0.388,0.308]
Epoch [166] Training Results: Prec@1 78.305 Prec@5 97.450             Loss 0.75071
Epoch [166] Training Class Recall: [0.768,0.781,0.764,0.784,0.784,0.780,0.784,0.795,0.781,0.809]
Epoch [166] Testing Results: Prec@1 57.140 Prec@5 88.140             Loss 1.63096
Epoch [166] Testing Class Recall: [0.827,0.903,0.598,0.553,0.535,0.467,0.604,0.513,0.392,0.322]
Epoch [167] Training Results: Prec@1 78.510 Prec@5 97.475             Loss 0.74353
Epoch [167] Training Class Recall: [0.764,0.794,0.772,0.780,0.790,0.779,0.791,0.790,0.783,0.807]
Epoch [167] Testing Results: Prec@1 56.430 Prec@5 87.930             Loss 1.65919
Epoch [167] Testing Class Recall: [0.844,0.897,0.582,0.524,0.525,0.465,0.612,0.508,0.380,0.306]
Epoch [168] Training Results: Prec@1 78.360 Prec@5 97.745             Loss 0.73618
Epoch [168] Training Class Recall: [0.770,0.793,0.763,0.775,0.780,0.776,0.790,0.799,0.789,0.801]
Epoch [168] Testing Results: Prec@1 56.510 Prec@5 87.840             Loss 1.65766
Epoch [168] Testing Class Recall: [0.831,0.890,0.567,0.548,0.528,0.466,0.606,0.509,0.388,0.318]
Epoch [169] Training Results: Prec@1 78.870 Prec@5 97.625             Loss 0.72692
Epoch [169] Training Class Recall: [0.766,0.787,0.776,0.789,0.793,0.782,0.796,0.796,0.792,0.810]
Epoch [169] Testing Results: Prec@1 56.060 Prec@5 87.690             Loss 1.68901
Epoch [169] Testing Class Recall: [0.848,0.892,0.561,0.531,0.545,0.460,0.601,0.505,0.373,0.290]
Epoch [170] Training Results: Prec@1 78.680 Prec@5 97.760             Loss 0.72278
Epoch [170] Training Class Recall: [0.771,0.789,0.777,0.784,0.788,0.778,0.788,0.790,0.793,0.810]
Epoch [170] Testing Results: Prec@1 56.090 Prec@5 87.810             Loss 1.68524
Epoch [170] Testing Class Recall: [0.834,0.888,0.573,0.544,0.527,0.450,0.589,0.524,0.375,0.305]
Epoch [171] Training Results: Prec@1 78.790 Prec@5 97.805             Loss 0.72266
Epoch [171] Training Class Recall: [0.771,0.790,0.777,0.784,0.789,0.772,0.795,0.795,0.790,0.816]
Epoch [171] Testing Results: Prec@1 55.830 Prec@5 87.480             Loss 1.69569
Epoch [171] Testing Class Recall: [0.827,0.900,0.569,0.536,0.527,0.460,0.610,0.490,0.364,0.300]
Epoch [172] Training Results: Prec@1 79.005 Prec@5 97.765             Loss 0.71264
Epoch [172] Training Class Recall: [0.776,0.782,0.780,0.794,0.790,0.783,0.800,0.797,0.792,0.807]
Epoch [172] Testing Results: Prec@1 55.480 Prec@5 87.500             Loss 1.71433
Epoch [172] Testing Class Recall: [0.839,0.878,0.560,0.536,0.533,0.447,0.599,0.510,0.374,0.272]
Epoch [173] Training Results: Prec@1 79.400 Prec@5 97.725             Loss 0.70981
Epoch [173] Training Class Recall: [0.782,0.796,0.795,0.790,0.788,0.789,0.795,0.798,0.791,0.817]
Epoch [173] Testing Results: Prec@1 55.110 Prec@5 87.490             Loss 1.73997
Epoch [173] Testing Class Recall: [0.828,0.888,0.574,0.544,0.514,0.445,0.573,0.494,0.359,0.292]
Epoch [174] Training Results: Prec@1 79.220 Prec@5 97.745             Loss 0.70834
Epoch [174] Training Class Recall: [0.768,0.802,0.786,0.792,0.789,0.778,0.802,0.799,0.792,0.814]
Epoch [174] Testing Results: Prec@1 55.730 Prec@5 87.590             Loss 1.71258
Epoch [174] Testing Class Recall: [0.815,0.891,0.598,0.512,0.526,0.472,0.580,0.499,0.368,0.312]
Epoch [175] Training Results: Prec@1 79.250 Prec@5 97.785             Loss 0.70561
Epoch [175] Training Class Recall: [0.782,0.798,0.781,0.790,0.787,0.783,0.796,0.801,0.792,0.815]
Epoch [175] Testing Results: Prec@1 55.070 Prec@5 87.530             Loss 1.74235
Epoch [175] Testing Class Recall: [0.823,0.878,0.600,0.536,0.514,0.439,0.551,0.508,0.361,0.297]
Epoch [176] Training Results: Prec@1 79.400 Prec@5 97.880             Loss 0.69379
Epoch [176] Training Class Recall: [0.778,0.797,0.782,0.797,0.799,0.778,0.793,0.804,0.792,0.820]
Epoch [176] Testing Results: Prec@1 54.970 Prec@5 87.220             Loss 1.76674
Epoch [176] Testing Class Recall: [0.828,0.887,0.563,0.536,0.527,0.457,0.569,0.462,0.367,0.301]
Epoch [177] Training Results: Prec@1 79.415 Prec@5 98.095             Loss 0.69496
Epoch [177] Training Class Recall: [0.779,0.796,0.783,0.790,0.798,0.785,0.795,0.802,0.792,0.823]
Epoch [177] Testing Results: Prec@1 54.810 Prec@5 87.010             Loss 1.76193
Epoch [177] Testing Class Recall: [0.834,0.890,0.555,0.505,0.529,0.444,0.606,0.482,0.353,0.283]
Epoch [178] Training Results: Prec@1 79.465 Prec@5 97.995             Loss 0.68956
Epoch [178] Training Class Recall: [0.773,0.799,0.794,0.789,0.791,0.791,0.794,0.803,0.789,0.824]
Epoch [178] Testing Results: Prec@1 54.710 Prec@5 87.050             Loss 1.78227
Epoch [178] Testing Class Recall: [0.825,0.874,0.566,0.523,0.511,0.465,0.572,0.495,0.369,0.271]
Epoch [179] Training Results: Prec@1 79.695 Prec@5 97.845             Loss 0.68965
Epoch [179] Training Class Recall: [0.778,0.800,0.794,0.798,0.791,0.787,0.799,0.803,0.797,0.823]
Epoch [179] Testing Results: Prec@1 55.370 Prec@5 87.330             Loss 1.73863
Epoch [179] Testing Class Recall: [0.806,0.890,0.580,0.522,0.510,0.461,0.575,0.515,0.384,0.294]
Epoch [180] Training Results: Prec@1 79.865 Prec@5 97.845             Loss 0.68014
Epoch [180] Training Class Recall: [0.777,0.800,0.799,0.799,0.799,0.788,0.806,0.805,0.794,0.820]
Epoch [180] Testing Results: Prec@1 55.060 Prec@5 87.370             Loss 1.75458
Epoch [180] Testing Class Recall: [0.809,0.879,0.584,0.508,0.519,0.477,0.566,0.488,0.370,0.306]
Epoch [181] Training Results: Prec@1 79.600 Prec@5 97.945             Loss 0.68579
Epoch [181] Training Class Recall: [0.778,0.788,0.783,0.804,0.801,0.787,0.803,0.797,0.800,0.819]
Epoch [181] Testing Results: Prec@1 54.930 Prec@5 87.000             Loss 1.77796
Epoch [181] Testing Class Recall: [0.810,0.881,0.590,0.515,0.522,0.460,0.577,0.497,0.364,0.277]
Epoch [182] Training Results: Prec@1 79.975 Prec@5 97.930             Loss 0.68216
Epoch [182] Training Class Recall: [0.781,0.796,0.790,0.802,0.799,0.787,0.804,0.810,0.804,0.825]
Epoch [182] Testing Results: Prec@1 54.890 Prec@5 87.010             Loss 1.78613
Epoch [182] Testing Class Recall: [0.824,0.876,0.571,0.520,0.522,0.459,0.579,0.507,0.366,0.265]
Epoch [183] Training Results: Prec@1 79.945 Prec@5 97.860             Loss 0.67888
Epoch [183] Training Class Recall: [0.783,0.802,0.793,0.802,0.797,0.787,0.800,0.802,0.803,0.827]
Epoch [183] Testing Results: Prec@1 54.290 Prec@5 86.810             Loss 1.80990
Epoch [183] Testing Class Recall: [0.828,0.881,0.586,0.509,0.513,0.445,0.570,0.477,0.357,0.263]
Epoch [184] Training Results: Prec@1 79.975 Prec@5 97.965             Loss 0.67967
Epoch [184] Training Class Recall: [0.787,0.806,0.791,0.802,0.803,0.788,0.804,0.797,0.799,0.823]
Epoch [184] Testing Results: Prec@1 54.690 Prec@5 87.110             Loss 1.79225
Epoch [184] Testing Class Recall: [0.821,0.863,0.594,0.533,0.519,0.455,0.569,0.482,0.355,0.278]
Epoch [185] Training Results: Prec@1 79.760 Prec@5 98.065             Loss 0.67973
Epoch [185] Training Class Recall: [0.777,0.799,0.791,0.802,0.794,0.790,0.803,0.808,0.794,0.820]
Epoch [185] Testing Results: Prec@1 54.900 Prec@5 86.990             Loss 1.79764
Epoch [185] Testing Class Recall: [0.813,0.884,0.596,0.521,0.520,0.440,0.575,0.523,0.345,0.273]
Epoch [186] Training Results: Prec@1 79.855 Prec@5 98.015             Loss 0.67885
Epoch [186] Training Class Recall: [0.776,0.801,0.799,0.801,0.804,0.786,0.803,0.798,0.803,0.815]
Epoch [186] Testing Results: Prec@1 54.680 Prec@5 87.010             Loss 1.79051
Epoch [186] Testing Class Recall: [0.822,0.887,0.570,0.527,0.517,0.465,0.562,0.488,0.350,0.280]
Epoch [187] Training Results: Prec@1 79.965 Prec@5 97.900             Loss 0.68115
Epoch [187] Training Class Recall: [0.780,0.801,0.798,0.806,0.797,0.789,0.797,0.805,0.798,0.827]
Epoch [187] Testing Results: Prec@1 55.110 Prec@5 87.450             Loss 1.75976
Epoch [187] Testing Class Recall: [0.813,0.868,0.590,0.508,0.526,0.478,0.579,0.504,0.347,0.298]
Epoch [188] Training Results: Prec@1 79.780 Prec@5 97.895             Loss 0.68164
Epoch [188] Training Class Recall: [0.780,0.799,0.798,0.797,0.795,0.788,0.797,0.806,0.800,0.817]
Epoch [188] Testing Results: Prec@1 54.580 Prec@5 86.990             Loss 1.79903
Epoch [188] Testing Class Recall: [0.820,0.884,0.571,0.522,0.507,0.457,0.565,0.501,0.347,0.284]
Epoch [189] Training Results: Prec@1 79.995 Prec@5 97.850             Loss 0.68303
Epoch [189] Training Class Recall: [0.783,0.803,0.795,0.802,0.797,0.795,0.796,0.808,0.796,0.824]
Epoch [189] Testing Results: Prec@1 54.520 Prec@5 87.060             Loss 1.79611
Epoch [189] Testing Class Recall: [0.824,0.876,0.554,0.519,0.517,0.467,0.582,0.488,0.350,0.275]
Epoch [190] Training Results: Prec@1 79.665 Prec@5 97.870             Loss 0.68197
Epoch [190] Training Class Recall: [0.775,0.802,0.789,0.804,0.793,0.784,0.800,0.798,0.801,0.821]
Epoch [190] Testing Results: Prec@1 55.080 Prec@5 87.400             Loss 1.76132
Epoch [190] Testing Class Recall: [0.810,0.872,0.576,0.516,0.533,0.461,0.559,0.517,0.361,0.303]
Epoch [191] Training Results: Prec@1 79.965 Prec@5 97.930             Loss 0.67842
Epoch [191] Training Class Recall: [0.780,0.797,0.792,0.796,0.802,0.797,0.801,0.803,0.797,0.831]
Epoch [191] Testing Results: Prec@1 55.090 Prec@5 87.190             Loss 1.75508
Epoch [191] Testing Class Recall: [0.805,0.871,0.569,0.539,0.522,0.457,0.566,0.497,0.381,0.302]
Epoch [192] Training Results: Prec@1 79.750 Prec@5 98.005             Loss 0.68405
Epoch [192] Training Class Recall: [0.772,0.805,0.785,0.797,0.796,0.793,0.797,0.807,0.804,0.819]
Epoch [192] Testing Results: Prec@1 54.400 Prec@5 86.780             Loss 1.79521
Epoch [192] Testing Class Recall: [0.826,0.888,0.550,0.510,0.505,0.467,0.550,0.493,0.370,0.281]
Epoch [193] Training Results: Prec@1 79.925 Prec@5 97.915             Loss 0.67970
Epoch [193] Training Class Recall: [0.781,0.799,0.800,0.797,0.802,0.791,0.805,0.804,0.794,0.820]
Epoch [193] Testing Results: Prec@1 54.740 Prec@5 87.250             Loss 1.78200
Epoch [193] Testing Class Recall: [0.830,0.867,0.575,0.510,0.519,0.446,0.561,0.509,0.360,0.297]
Epoch [194] Training Results: Prec@1 79.960 Prec@5 97.890             Loss 0.68016
Epoch [194] Training Class Recall: [0.783,0.803,0.793,0.797,0.794,0.792,0.810,0.809,0.797,0.819]
Epoch [194] Testing Results: Prec@1 54.970 Prec@5 87.240             Loss 1.76294
Epoch [194] Testing Class Recall: [0.819,0.865,0.576,0.525,0.511,0.471,0.569,0.506,0.363,0.292]
Epoch [195] Training Results: Prec@1 80.025 Prec@5 97.990             Loss 0.68021
Epoch [195] Training Class Recall: [0.781,0.808,0.799,0.805,0.797,0.797,0.794,0.803,0.792,0.826]
Epoch [195] Testing Results: Prec@1 55.200 Prec@5 87.330             Loss 1.72936
Epoch [195] Testing Class Recall: [0.804,0.869,0.590,0.511,0.523,0.470,0.565,0.501,0.366,0.321]
Epoch [196] Training Results: Prec@1 79.810 Prec@5 97.945             Loss 0.68025
Epoch [196] Training Class Recall: [0.780,0.800,0.788,0.798,0.800,0.785,0.802,0.807,0.799,0.823]
Epoch [196] Testing Results: Prec@1 54.820 Prec@5 87.100             Loss 1.78321
Epoch [196] Testing Class Recall: [0.807,0.871,0.569,0.562,0.506,0.447,0.576,0.506,0.359,0.279]
Epoch [197] Training Results: Prec@1 79.830 Prec@5 97.985             Loss 0.68473
Epoch [197] Training Class Recall: [0.778,0.798,0.794,0.796,0.802,0.789,0.797,0.808,0.799,0.822]
Epoch [197] Testing Results: Prec@1 55.010 Prec@5 87.120             Loss 1.77246
Epoch [197] Testing Class Recall: [0.811,0.881,0.570,0.533,0.524,0.442,0.585,0.492,0.379,0.284]
Epoch [198] Training Results: Prec@1 79.800 Prec@5 97.820             Loss 0.68193
Epoch [198] Training Class Recall: [0.787,0.798,0.795,0.796,0.793,0.790,0.799,0.800,0.797,0.825]
Epoch [198] Testing Results: Prec@1 55.180 Prec@5 87.140             Loss 1.76051
Epoch [198] Testing Class Recall: [0.810,0.869,0.580,0.534,0.516,0.471,0.583,0.495,0.361,0.299]
Epoch [199] Training Results: Prec@1 79.865 Prec@5 97.845             Loss 0.68397
Epoch [199] Training Class Recall: [0.783,0.810,0.790,0.798,0.799,0.788,0.807,0.802,0.796,0.816]
Epoch [199] Testing Results: Prec@1 54.750 Prec@5 86.860             Loss 1.78016
Epoch [199] Testing Class Recall: [0.816,0.888,0.595,0.500,0.509,0.442,0.589,0.500,0.353,0.283]
