Log file: cifar10_random0.7_randomoversampling_selection_exp0.01_seed42_20260429_205112.log
Run started: 2026-04-29 20:51:12.094731
Dataset: cifar10
Imbalance type: exp, factor: 0.01
Selection method: random, ratio: 0.7
Strategy: RandomOversampling_Selection, epochs: 200
Seed: 42, rand_number: 0
Augmentation: weak
Noise ratio: 0.25
============================================================

=> Preparing logger and tensorboard writer !
----------------------------------------------------
Class ID   | Original   | Selected   | Keep %  
----------------------------------------------------
0          | 4032       | 2840       |    70.4%
1          | 4000       | 2847       |    71.2%
2          | 3955       | 2769       |    70.0%
3          | 4020       | 2838       |    70.6%
4          | 3939       | 2749       |    69.8%
5          | 3999       | 2818       |    70.5%
6          | 3965       | 2773       |    69.9%
7          | 4046       | 2810       |    69.5%
8          | 4042       | 2773       |    68.6%
9          | 4002       | 2783       |    69.5%
----------------------------------------------------
TOTAL      | 40000      | 28000      |    70.0%
----------------------------------------------------
Epoch [0] Training Results: Prec@1 23.093 Prec@5 71.914             Loss 2.14503
Epoch [0] Training Class Recall: [0.260,0.302,0.129,0.147,0.222,0.182,0.233,0.235,0.320,0.281]
Epoch [0] Testing Results: Prec@1 35.470 Prec@5 87.870             Loss 1.73683
Epoch [0] Testing Class Recall: [0.249,0.475,0.283,0.256,0.043,0.180,0.347,0.509,0.478,0.727]
Epoch [1] Training Results: Prec@1 31.064 Prec@5 77.621             Loss 1.99679
Epoch [1] Training Class Recall: [0.311,0.426,0.164,0.176,0.207,0.270,0.360,0.360,0.403,0.427]
Epoch [1] Testing Results: Prec@1 41.710 Prec@5 89.420             Loss 1.65498
Epoch [1] Testing Class Recall: [0.567,0.180,0.379,0.059,0.240,0.598,0.457,0.634,0.651,0.406]
Epoch [2] Training Results: Prec@1 37.732 Prec@5 80.364             Loss 1.87014
Epoch [2] Training Class Recall: [0.384,0.465,0.215,0.241,0.227,0.315,0.457,0.431,0.491,0.545]
Epoch [2] Testing Results: Prec@1 34.640 Prec@5 88.060             Loss 1.81159
Epoch [2] Testing Class Recall: [0.527,0.354,0.835,0.209,0.109,0.085,0.267,0.551,0.201,0.326]
Epoch [3] Training Results: Prec@1 43.482 Prec@5 82.236             Loss 1.76728
Epoch [3] Training Class Recall: [0.435,0.541,0.275,0.245,0.305,0.332,0.502,0.473,0.603,0.639]
Epoch [3] Testing Results: Prec@1 47.310 Prec@5 90.180             Loss 1.56771
Epoch [3] Testing Class Recall: [0.732,0.759,0.297,0.074,0.326,0.667,0.650,0.734,0.327,0.165]
Epoch [4] Training Results: Prec@1 47.589 Prec@5 83.629             Loss 1.68969
Epoch [4] Training Class Recall: [0.476,0.582,0.349,0.267,0.363,0.375,0.523,0.511,0.633,0.681]
Epoch [4] Testing Results: Prec@1 47.130 Prec@5 92.240             Loss 1.50700
Epoch [4] Testing Class Recall: [0.745,0.644,0.148,0.078,0.323,0.834,0.389,0.720,0.430,0.402]
Epoch [5] Training Results: Prec@1 52.129 Prec@5 84.382             Loss 1.60892
Epoch [5] Training Class Recall: [0.517,0.624,0.372,0.346,0.422,0.415,0.565,0.565,0.686,0.701]
Epoch [5] Testing Results: Prec@1 54.630 Prec@5 92.580             Loss 1.37838
Epoch [5] Testing Class Recall: [0.726,0.698,0.563,0.123,0.634,0.635,0.495,0.678,0.496,0.415]
Epoch [6] Training Results: Prec@1 54.182 Prec@5 85.089             Loss 1.55856
Epoch [6] Training Class Recall: [0.545,0.642,0.403,0.352,0.445,0.440,0.582,0.592,0.693,0.724]
Epoch [6] Testing Results: Prec@1 56.740 Prec@5 93.290             Loss 1.34688
Epoch [6] Testing Class Recall: [0.704,0.765,0.545,0.466,0.551,0.251,0.539,0.786,0.547,0.520]
Epoch [7] Training Results: Prec@1 56.646 Prec@5 85.432             Loss 1.51271
Epoch [7] Training Class Recall: [0.541,0.660,0.432,0.393,0.472,0.476,0.625,0.639,0.702,0.725]
Epoch [7] Testing Results: Prec@1 54.250 Prec@5 93.300             Loss 1.39675
Epoch [7] Testing Class Recall: [0.720,0.790,0.449,0.280,0.270,0.562,0.479,0.875,0.374,0.626]
Epoch [8] Training Results: Prec@1 58.593 Prec@5 85.961             Loss 1.46981
Epoch [8] Training Class Recall: [0.565,0.661,0.448,0.428,0.522,0.492,0.627,0.659,0.722,0.736]
Epoch [8] Testing Results: Prec@1 52.900 Prec@5 89.840             Loss 1.46803
Epoch [8] Testing Class Recall: [0.716,0.849,0.506,0.320,0.334,0.401,0.908,0.274,0.727,0.255]
Epoch [9] Training Results: Prec@1 60.071 Prec@5 85.900             Loss 1.44198
Epoch [9] Training Class Recall: [0.579,0.681,0.465,0.447,0.537,0.519,0.650,0.668,0.727,0.736]
Epoch [9] Testing Results: Prec@1 55.510 Prec@5 91.000             Loss 1.38407
Epoch [9] Testing Class Recall: [0.738,0.972,0.526,0.301,0.477,0.608,0.841,0.360,0.476,0.252]
Epoch [10] Training Results: Prec@1 60.954 Prec@5 86.425             Loss 1.41960
Epoch [10] Training Class Recall: [0.596,0.681,0.484,0.461,0.560,0.531,0.656,0.672,0.721,0.734]
Epoch [10] Testing Results: Prec@1 58.940 Prec@5 91.160             Loss 1.32282
Epoch [10] Testing Class Recall: [0.774,0.880,0.483,0.477,0.676,0.635,0.782,0.646,0.278,0.263]
Epoch [11] Training Results: Prec@1 62.200 Prec@5 86.407             Loss 1.39444
Epoch [11] Training Class Recall: [0.605,0.690,0.501,0.476,0.578,0.552,0.673,0.684,0.724,0.739]
Epoch [11] Testing Results: Prec@1 58.390 Prec@5 92.250             Loss 1.32509
Epoch [11] Testing Class Recall: [0.852,0.770,0.773,0.472,0.457,0.429,0.575,0.629,0.241,0.641]
Epoch [12] Training Results: Prec@1 62.996 Prec@5 86.732             Loss 1.37274
Epoch [12] Training Class Recall: [0.615,0.696,0.516,0.495,0.587,0.555,0.686,0.688,0.725,0.737]
Epoch [12] Testing Results: Prec@1 53.280 Prec@5 90.980             Loss 1.45716
Epoch [12] Testing Class Recall: [0.950,0.875,0.519,0.396,0.604,0.273,0.382,0.542,0.323,0.464]
Epoch [13] Training Results: Prec@1 63.446 Prec@5 86.793             Loss 1.35920
Epoch [13] Training Class Recall: [0.616,0.693,0.525,0.502,0.605,0.569,0.675,0.691,0.732,0.738]
Epoch [13] Testing Results: Prec@1 59.850 Prec@5 92.320             Loss 1.31301
Epoch [13] Testing Class Recall: [0.721,0.911,0.704,0.692,0.410,0.380,0.767,0.455,0.462,0.483]
Epoch [14] Training Results: Prec@1 64.568 Prec@5 87.025             Loss 1.34017
Epoch [14] Training Class Recall: [0.624,0.699,0.541,0.527,0.610,0.596,0.691,0.701,0.731,0.738]
Epoch [14] Testing Results: Prec@1 58.850 Prec@5 90.860             Loss 1.34595
Epoch [14] Testing Class Recall: [0.676,0.937,0.755,0.351,0.578,0.720,0.623,0.483,0.541,0.221]
Epoch [15] Training Results: Prec@1 65.043 Prec@5 86.839             Loss 1.33035
Epoch [15] Training Class Recall: [0.627,0.699,0.550,0.524,0.631,0.598,0.700,0.699,0.736,0.741]
Epoch [15] Testing Results: Prec@1 57.870 Prec@5 89.700             Loss 1.37059
Epoch [15] Testing Class Recall: [0.708,0.914,0.660,0.563,0.583,0.352,0.818,0.515,0.303,0.371]
Epoch [16] Training Results: Prec@1 65.654 Prec@5 87.357             Loss 1.31578
Epoch [16] Training Class Recall: [0.633,0.708,0.550,0.544,0.633,0.615,0.702,0.705,0.735,0.741]
Epoch [16] Testing Results: Prec@1 63.190 Prec@5 93.590             Loss 1.18080
Epoch [16] Testing Class Recall: [0.734,0.925,0.673,0.460,0.409,0.773,0.707,0.496,0.609,0.533]
Epoch [17] Training Results: Prec@1 66.118 Prec@5 87.396             Loss 1.30450
Epoch [17] Training Class Recall: [0.642,0.697,0.566,0.555,0.633,0.631,0.701,0.711,0.734,0.742]
Epoch [17] Testing Results: Prec@1 64.620 Prec@5 93.120             Loss 1.15133
Epoch [17] Testing Class Recall: [0.834,0.898,0.573,0.341,0.783,0.537,0.629,0.675,0.521,0.671]
Epoch [18] Training Results: Prec@1 65.939 Prec@5 87.361             Loss 1.30565
Epoch [18] Training Class Recall: [0.636,0.713,0.560,0.551,0.632,0.621,0.705,0.704,0.734,0.740]
Epoch [18] Testing Results: Prec@1 59.100 Prec@5 92.780             Loss 1.32203
Epoch [18] Testing Class Recall: [0.666,0.994,0.497,0.690,0.528,0.581,0.694,0.481,0.478,0.301]
Epoch [19] Training Results: Prec@1 67.079 Prec@5 87.364             Loss 1.28777
Epoch [19] Training Class Recall: [0.646,0.705,0.572,0.580,0.650,0.650,0.721,0.710,0.737,0.739]
Epoch [19] Testing Results: Prec@1 58.880 Prec@5 90.650             Loss 1.38245
Epoch [19] Testing Class Recall: [0.741,0.882,0.493,0.701,0.716,0.305,0.135,0.802,0.584,0.529]
Epoch [20] Training Results: Prec@1 66.950 Prec@5 87.296             Loss 1.28339
Epoch [20] Training Class Recall: [0.640,0.708,0.566,0.582,0.655,0.645,0.712,0.710,0.736,0.741]
Epoch [20] Testing Results: Prec@1 62.760 Prec@5 92.140             Loss 1.23984
Epoch [20] Testing Class Recall: [0.560,0.948,0.743,0.305,0.741,0.638,0.829,0.460,0.666,0.386]
Epoch [21] Training Results: Prec@1 67.218 Prec@5 87.689             Loss 1.27331
Epoch [21] Training Class Recall: [0.649,0.709,0.572,0.580,0.660,0.647,0.717,0.717,0.734,0.738]
Epoch [21] Testing Results: Prec@1 60.580 Prec@5 91.790             Loss 1.30455
Epoch [21] Testing Class Recall: [0.853,0.964,0.591,0.427,0.437,0.689,0.570,0.677,0.461,0.389]
Epoch [22] Training Results: Prec@1 67.411 Prec@5 87.364             Loss 1.27666
Epoch [22] Training Class Recall: [0.648,0.706,0.589,0.591,0.661,0.649,0.710,0.707,0.738,0.743]
Epoch [22] Testing Results: Prec@1 63.900 Prec@5 92.340             Loss 1.21492
Epoch [22] Testing Class Recall: [0.610,0.955,0.760,0.561,0.738,0.594,0.517,0.598,0.592,0.465]
Epoch [23] Training Results: Prec@1 67.736 Prec@5 87.407             Loss 1.26737
Epoch [23] Training Class Recall: [0.654,0.711,0.580,0.597,0.665,0.658,0.718,0.711,0.737,0.743]
Epoch [23] Testing Results: Prec@1 63.790 Prec@5 93.320             Loss 1.18950
Epoch [23] Testing Class Recall: [0.866,0.789,0.568,0.511,0.662,0.680,0.887,0.436,0.519,0.461]
Epoch [24] Training Results: Prec@1 68.111 Prec@5 87.854             Loss 1.25976
Epoch [24] Training Class Recall: [0.650,0.715,0.597,0.603,0.663,0.665,0.721,0.720,0.736,0.742]
Epoch [24] Testing Results: Prec@1 61.410 Prec@5 91.700             Loss 1.28015
Epoch [24] Testing Class Recall: [0.883,0.956,0.555,0.644,0.491,0.358,0.866,0.567,0.497,0.324]
Epoch [25] Training Results: Prec@1 68.175 Prec@5 87.939             Loss 1.25212
Epoch [25] Training Class Recall: [0.654,0.716,0.599,0.605,0.671,0.657,0.724,0.713,0.735,0.745]
Epoch [25] Testing Results: Prec@1 56.040 Prec@5 91.220             Loss 1.42470
Epoch [25] Testing Class Recall: [0.826,0.942,0.771,0.647,0.374,0.559,0.652,0.580,0.155,0.098]
Epoch [26] Training Results: Prec@1 68.593 Prec@5 87.807             Loss 1.24224
Epoch [26] Training Class Recall: [0.661,0.716,0.612,0.615,0.675,0.670,0.717,0.718,0.734,0.742]
Epoch [26] Testing Results: Prec@1 62.010 Prec@5 91.730             Loss 1.28095
Epoch [26] Testing Class Recall: [0.552,0.869,0.794,0.316,0.853,0.434,0.566,0.627,0.687,0.503]
Epoch [27] Training Results: Prec@1 68.425 Prec@5 87.950             Loss 1.24598
Epoch [27] Training Class Recall: [0.654,0.712,0.603,0.613,0.676,0.667,0.723,0.718,0.736,0.742]
Epoch [27] Testing Results: Prec@1 63.100 Prec@5 93.340             Loss 1.24173
Epoch [27] Testing Class Recall: [0.901,0.928,0.520,0.695,0.761,0.258,0.539,0.531,0.642,0.535]
Epoch [28] Training Results: Prec@1 68.493 Prec@5 88.104             Loss 1.24232
Epoch [28] Training Class Recall: [0.663,0.713,0.605,0.615,0.671,0.666,0.724,0.717,0.735,0.742]
Epoch [28] Testing Results: Prec@1 62.260 Prec@5 92.510             Loss 1.25582
Epoch [28] Testing Class Recall: [0.758,0.836,0.667,0.741,0.637,0.517,0.776,0.396,0.605,0.293]
Epoch [29] Training Results: Prec@1 69.164 Prec@5 87.943             Loss 1.23083
Epoch [29] Training Class Recall: [0.667,0.721,0.623,0.616,0.683,0.671,0.735,0.723,0.737,0.741]
Epoch [29] Testing Results: Prec@1 56.870 Prec@5 91.330             Loss 1.36476
Epoch [29] Testing Class Recall: [0.692,0.874,0.498,0.244,0.646,0.524,0.266,0.912,0.555,0.476]
Epoch [30] Training Results: Prec@1 68.621 Prec@5 88.007             Loss 1.23755
Epoch [30] Training Class Recall: [0.656,0.718,0.619,0.618,0.678,0.661,0.724,0.712,0.733,0.745]
Epoch [30] Testing Results: Prec@1 65.840 Prec@5 93.640             Loss 1.15124
Epoch [30] Testing Class Recall: [0.764,0.911,0.427,0.745,0.638,0.629,0.769,0.705,0.533,0.463]
Epoch [31] Training Results: Prec@1 68.968 Prec@5 88.221             Loss 1.23274
Epoch [31] Training Class Recall: [0.668,0.715,0.615,0.620,0.688,0.668,0.725,0.720,0.737,0.741]
Epoch [31] Testing Results: Prec@1 62.530 Prec@5 92.570             Loss 1.23119
Epoch [31] Testing Class Recall: [0.672,0.886,0.775,0.486,0.698,0.625,0.471,0.400,0.814,0.426]
Epoch [32] Training Results: Prec@1 69.007 Prec@5 88.525             Loss 1.22414
Epoch [32] Training Class Recall: [0.664,0.717,0.619,0.624,0.680,0.672,0.726,0.720,0.737,0.744]
Epoch [32] Testing Results: Prec@1 66.140 Prec@5 91.400             Loss 1.18370
Epoch [32] Testing Class Recall: [0.808,0.883,0.719,0.678,0.757,0.224,0.696,0.557,0.563,0.729]
Epoch [33] Training Results: Prec@1 69.318 Prec@5 88.300             Loss 1.21845
Epoch [33] Training Class Recall: [0.662,0.721,0.619,0.634,0.695,0.676,0.728,0.721,0.737,0.739]
Epoch [33] Testing Results: Prec@1 62.670 Prec@5 91.140             Loss 1.27501
Epoch [33] Testing Class Recall: [0.574,0.899,0.473,0.482,0.805,0.536,0.344,0.671,0.767,0.716]
Epoch [34] Training Results: Prec@1 69.457 Prec@5 88.539             Loss 1.21775
Epoch [34] Training Class Recall: [0.665,0.719,0.625,0.631,0.693,0.680,0.729,0.722,0.739,0.745]
Epoch [34] Testing Results: Prec@1 61.790 Prec@5 91.190             Loss 1.26215
Epoch [34] Testing Class Recall: [0.915,0.899,0.581,0.478,0.649,0.550,0.832,0.597,0.486,0.192]
Epoch [35] Training Results: Prec@1 69.550 Prec@5 88.236             Loss 1.21903
Epoch [35] Training Class Recall: [0.668,0.717,0.623,0.632,0.700,0.680,0.730,0.722,0.737,0.747]
Epoch [35] Testing Results: Prec@1 58.960 Prec@5 88.280             Loss 1.38113
Epoch [35] Testing Class Recall: [0.833,0.967,0.745,0.587,0.191,0.609,0.656,0.585,0.549,0.174]
Epoch [36] Training Results: Prec@1 69.857 Prec@5 88.414             Loss 1.21237
Epoch [36] Training Class Recall: [0.674,0.726,0.628,0.640,0.689,0.690,0.731,0.723,0.741,0.744]
Epoch [36] Testing Results: Prec@1 61.380 Prec@5 91.290             Loss 1.32207
Epoch [36] Testing Class Recall: [0.866,0.900,0.691,0.638,0.597,0.449,0.545,0.504,0.322,0.626]
Epoch [37] Training Results: Prec@1 69.904 Prec@5 88.400             Loss 1.21059
Epoch [37] Training Class Recall: [0.681,0.718,0.628,0.642,0.699,0.688,0.732,0.721,0.736,0.746]
Epoch [37] Testing Results: Prec@1 62.280 Prec@5 90.440             Loss 1.25467
Epoch [37] Testing Class Recall: [0.713,0.943,0.632,0.564,0.682,0.470,0.905,0.390,0.671,0.258]
Epoch [38] Training Results: Prec@1 70.057 Prec@5 88.686             Loss 1.20436
Epoch [38] Training Class Recall: [0.670,0.725,0.637,0.637,0.705,0.697,0.731,0.723,0.737,0.745]
Epoch [38] Testing Results: Prec@1 65.190 Prec@5 93.520             Loss 1.14477
Epoch [38] Testing Class Recall: [0.875,0.816,0.437,0.337,0.847,0.744,0.660,0.619,0.584,0.600]
Epoch [39] Training Results: Prec@1 69.811 Prec@5 88.600             Loss 1.20801
Epoch [39] Training Class Recall: [0.670,0.721,0.631,0.639,0.697,0.693,0.728,0.723,0.737,0.742]
Epoch [39] Testing Results: Prec@1 64.210 Prec@5 92.340             Loss 1.21376
Epoch [39] Testing Class Recall: [0.846,0.982,0.714,0.662,0.723,0.459,0.525,0.611,0.509,0.390]
Epoch [40] Training Results: Prec@1 70.243 Prec@5 88.943             Loss 1.19778
Epoch [40] Training Class Recall: [0.682,0.731,0.636,0.648,0.693,0.689,0.737,0.722,0.741,0.745]
Epoch [40] Testing Results: Prec@1 58.970 Prec@5 90.290             Loss 1.38261
Epoch [40] Testing Class Recall: [0.823,0.984,0.792,0.394,0.666,0.582,0.321,0.577,0.445,0.313]
Epoch [41] Training Results: Prec@1 70.043 Prec@5 88.482             Loss 1.20355
Epoch [41] Training Class Recall: [0.674,0.727,0.633,0.648,0.697,0.698,0.729,0.719,0.738,0.742]
Epoch [41] Testing Results: Prec@1 64.370 Prec@5 92.710             Loss 1.23680
Epoch [41] Testing Class Recall: [0.898,0.917,0.686,0.758,0.675,0.399,0.663,0.669,0.352,0.420]
Epoch [42] Training Results: Prec@1 69.932 Prec@5 88.793             Loss 1.20319
Epoch [42] Training Class Recall: [0.674,0.719,0.630,0.653,0.696,0.690,0.725,0.722,0.741,0.745]
Epoch [42] Testing Results: Prec@1 61.360 Prec@5 88.810             Loss 1.34526
Epoch [42] Testing Class Recall: [0.873,0.953,0.507,0.307,0.821,0.573,0.870,0.544,0.454,0.234]
Epoch [43] Training Results: Prec@1 70.200 Prec@5 88.832             Loss 1.19361
Epoch [43] Training Class Recall: [0.681,0.725,0.639,0.647,0.694,0.689,0.739,0.717,0.743,0.747]
Epoch [43] Testing Results: Prec@1 65.500 Prec@5 92.300             Loss 1.16685
Epoch [43] Testing Class Recall: [0.665,0.898,0.687,0.448,0.679,0.688,0.506,0.681,0.853,0.445]
Epoch [44] Training Results: Prec@1 70.025 Prec@5 88.886             Loss 1.20105
Epoch [44] Training Class Recall: [0.666,0.713,0.639,0.649,0.710,0.700,0.728,0.717,0.736,0.745]
Epoch [44] Testing Results: Prec@1 61.200 Prec@5 90.440             Loss 1.28998
Epoch [44] Testing Class Recall: [0.660,0.918,0.607,0.638,0.581,0.496,0.826,0.603,0.501,0.290]
Epoch [45] Training Results: Prec@1 70.318 Prec@5 88.657             Loss 1.19414
Epoch [45] Training Class Recall: [0.675,0.723,0.631,0.655,0.705,0.706,0.735,0.719,0.738,0.747]
Epoch [45] Testing Results: Prec@1 58.410 Prec@5 90.540             Loss 1.35907
Epoch [45] Testing Class Recall: [0.590,0.929,0.625,0.544,0.570,0.822,0.304,0.481,0.699,0.277]
Epoch [46] Training Results: Prec@1 70.207 Prec@5 88.957             Loss 1.19778
Epoch [46] Training Class Recall: [0.679,0.721,0.638,0.649,0.701,0.695,0.730,0.723,0.739,0.747]
Epoch [46] Testing Results: Prec@1 64.510 Prec@5 93.250             Loss 1.20607
Epoch [46] Testing Class Recall: [0.811,0.953,0.599,0.785,0.594,0.566,0.530,0.560,0.530,0.523]
Epoch [47] Training Results: Prec@1 70.189 Prec@5 89.032             Loss 1.18893
Epoch [47] Training Class Recall: [0.682,0.725,0.638,0.643,0.701,0.699,0.727,0.721,0.741,0.742]
Epoch [47] Testing Results: Prec@1 59.620 Prec@5 90.880             Loss 1.36831
Epoch [47] Testing Class Recall: [0.758,0.910,0.536,0.542,0.810,0.777,0.561,0.305,0.598,0.165]
Epoch [48] Training Results: Prec@1 70.257 Prec@5 89.025             Loss 1.19151
Epoch [48] Training Class Recall: [0.683,0.728,0.635,0.650,0.701,0.688,0.734,0.721,0.740,0.746]
Epoch [48] Testing Results: Prec@1 66.320 Prec@5 93.320             Loss 1.13924
Epoch [48] Testing Class Recall: [0.696,0.937,0.677,0.754,0.564,0.605,0.582,0.686,0.584,0.547]
Epoch [49] Training Results: Prec@1 70.696 Prec@5 88.857             Loss 1.18107
Epoch [49] Training Class Recall: [0.688,0.724,0.650,0.661,0.711,0.705,0.728,0.723,0.736,0.745]
Epoch [49] Testing Results: Prec@1 61.410 Prec@5 90.700             Loss 1.34878
Epoch [49] Testing Class Recall: [0.715,0.952,0.525,0.856,0.716,0.266,0.420,0.763,0.442,0.486]
Epoch [50] Training Results: Prec@1 70.561 Prec@5 89.071             Loss 1.18501
Epoch [50] Training Class Recall: [0.681,0.723,0.646,0.663,0.706,0.697,0.731,0.726,0.741,0.742]
Epoch [50] Testing Results: Prec@1 57.210 Prec@5 87.970             Loss 1.49625
Epoch [50] Testing Class Recall: [0.766,0.873,0.846,0.373,0.675,0.247,0.718,0.216,0.656,0.351]
Epoch [51] Training Results: Prec@1 70.707 Prec@5 89.118             Loss 1.18328
Epoch [51] Training Class Recall: [0.679,0.720,0.652,0.663,0.708,0.701,0.735,0.728,0.741,0.744]
Epoch [51] Testing Results: Prec@1 58.680 Prec@5 88.110             Loss 1.44968
Epoch [51] Testing Class Recall: [0.907,0.988,0.548,0.653,0.623,0.174,0.745,0.471,0.432,0.327]
Epoch [52] Training Results: Prec@1 70.707 Prec@5 89.307             Loss 1.17532
Epoch [52] Training Class Recall: [0.680,0.730,0.644,0.656,0.709,0.704,0.735,0.728,0.738,0.747]
Epoch [52] Testing Results: Prec@1 61.010 Prec@5 91.910             Loss 1.31453
Epoch [52] Testing Class Recall: [0.718,0.984,0.374,0.688,0.695,0.727,0.635,0.538,0.484,0.258]
Epoch [53] Training Results: Prec@1 70.704 Prec@5 89.286             Loss 1.18057
Epoch [53] Training Class Recall: [0.680,0.727,0.640,0.658,0.706,0.714,0.735,0.725,0.739,0.748]
Epoch [53] Testing Results: Prec@1 63.000 Prec@5 91.610             Loss 1.24785
Epoch [53] Testing Class Recall: [0.875,0.954,0.712,0.537,0.587,0.276,0.551,0.777,0.462,0.569]
Epoch [54] Training Results: Prec@1 70.650 Prec@5 89.196             Loss 1.18105
Epoch [54] Training Class Recall: [0.687,0.723,0.640,0.661,0.709,0.698,0.735,0.725,0.743,0.746]
Epoch [54] Testing Results: Prec@1 61.720 Prec@5 91.040             Loss 1.32465
Epoch [54] Testing Class Recall: [0.842,0.974,0.561,0.465,0.884,0.676,0.638,0.547,0.347,0.238]
Epoch [55] Training Results: Prec@1 70.943 Prec@5 89.136             Loss 1.17586
Epoch [55] Training Class Recall: [0.692,0.725,0.657,0.662,0.704,0.702,0.739,0.727,0.740,0.747]
Epoch [55] Testing Results: Prec@1 59.630 Prec@5 92.080             Loss 1.34152
Epoch [55] Testing Class Recall: [0.576,0.963,0.872,0.273,0.604,0.490,0.763,0.368,0.646,0.408]
Epoch [56] Training Results: Prec@1 70.779 Prec@5 89.382             Loss 1.17544
Epoch [56] Training Class Recall: [0.679,0.726,0.651,0.655,0.706,0.714,0.738,0.725,0.741,0.743]
Epoch [56] Testing Results: Prec@1 60.060 Prec@5 92.130             Loss 1.34792
Epoch [56] Testing Class Recall: [0.776,0.946,0.454,0.794,0.779,0.463,0.420,0.692,0.355,0.327]
Epoch [57] Training Results: Prec@1 70.782 Prec@5 89.493             Loss 1.17416
Epoch [57] Training Class Recall: [0.682,0.719,0.652,0.662,0.708,0.710,0.735,0.726,0.740,0.745]
Epoch [57] Testing Results: Prec@1 60.450 Prec@5 93.590             Loss 1.37738
Epoch [57] Testing Class Recall: [0.973,0.783,0.496,0.548,0.665,0.641,0.650,0.610,0.291,0.388]
Epoch [58] Training Results: Prec@1 71.057 Prec@5 89.200             Loss 1.17358
Epoch [58] Training Class Recall: [0.687,0.726,0.664,0.664,0.718,0.703,0.731,0.726,0.741,0.746]
Epoch [58] Testing Results: Prec@1 67.160 Prec@5 93.230             Loss 1.12443
Epoch [58] Testing Class Recall: [0.640,0.840,0.682,0.588,0.689,0.651,0.830,0.655,0.667,0.474]
Epoch [59] Training Results: Prec@1 71.043 Prec@5 89.275             Loss 1.17132
Epoch [59] Training Class Recall: [0.688,0.727,0.664,0.659,0.711,0.704,0.740,0.724,0.741,0.747]
Epoch [59] Testing Results: Prec@1 63.880 Prec@5 91.840             Loss 1.24303
Epoch [59] Testing Class Recall: [0.860,0.922,0.669,0.568,0.795,0.626,0.837,0.481,0.335,0.295]
Epoch [60] Training Results: Prec@1 71.057 Prec@5 89.482             Loss 1.16824
Epoch [60] Training Class Recall: [0.687,0.727,0.660,0.668,0.707,0.706,0.739,0.728,0.740,0.745]
Epoch [60] Testing Results: Prec@1 64.540 Prec@5 92.070             Loss 1.21396
Epoch [60] Testing Class Recall: [0.721,0.936,0.764,0.672,0.620,0.570,0.427,0.501,0.558,0.685]
Epoch [61] Training Results: Prec@1 70.704 Prec@5 89.439             Loss 1.17697
Epoch [61] Training Class Recall: [0.687,0.724,0.650,0.659,0.706,0.699,0.731,0.731,0.739,0.746]
Epoch [61] Testing Results: Prec@1 61.370 Prec@5 89.760             Loss 1.29953
Epoch [61] Testing Class Recall: [0.582,0.908,0.553,0.236,0.828,0.823,0.802,0.359,0.405,0.641]
Epoch [62] Training Results: Prec@1 71.182 Prec@5 89.693             Loss 1.16567
Epoch [62] Training Class Recall: [0.689,0.727,0.668,0.662,0.709,0.707,0.744,0.727,0.741,0.745]
Epoch [62] Testing Results: Prec@1 61.260 Prec@5 88.390             Loss 1.36236
Epoch [62] Testing Class Recall: [0.751,0.885,0.706,0.533,0.829,0.284,0.865,0.421,0.496,0.356]
Epoch [63] Training Results: Prec@1 71.282 Prec@5 89.557             Loss 1.16511
Epoch [63] Training Class Recall: [0.689,0.730,0.658,0.673,0.710,0.715,0.740,0.726,0.745,0.743]
Epoch [63] Testing Results: Prec@1 65.790 Prec@5 91.830             Loss 1.18559
Epoch [63] Testing Class Recall: [0.682,0.873,0.663,0.243,0.760,0.780,0.845,0.500,0.571,0.662]
Epoch [64] Training Results: Prec@1 70.929 Prec@5 89.743             Loss 1.16950
Epoch [64] Training Class Recall: [0.687,0.729,0.650,0.663,0.711,0.713,0.727,0.727,0.738,0.748]
Epoch [64] Testing Results: Prec@1 65.240 Prec@5 92.920             Loss 1.16826
Epoch [64] Testing Class Recall: [0.685,0.885,0.529,0.687,0.657,0.754,0.395,0.605,0.584,0.743]
Epoch [65] Training Results: Prec@1 71.164 Prec@5 89.589             Loss 1.16419
Epoch [65] Training Class Recall: [0.682,0.730,0.661,0.669,0.719,0.709,0.735,0.726,0.739,0.747]
Epoch [65] Testing Results: Prec@1 59.050 Prec@5 88.690             Loss 1.40926
Epoch [65] Testing Class Recall: [0.863,0.959,0.632,0.397,0.506,0.425,0.885,0.386,0.392,0.460]
Epoch [66] Training Results: Prec@1 71.025 Prec@5 89.493             Loss 1.16752
Epoch [66] Training Class Recall: [0.693,0.729,0.648,0.666,0.708,0.715,0.734,0.725,0.740,0.745]
Epoch [66] Testing Results: Prec@1 63.520 Prec@5 91.200             Loss 1.23638
Epoch [66] Testing Class Recall: [0.790,0.908,0.768,0.188,0.543,0.842,0.729,0.564,0.428,0.592]
Epoch [67] Training Results: Prec@1 71.143 Prec@5 89.893             Loss 1.16109
Epoch [67] Training Class Recall: [0.689,0.731,0.652,0.664,0.720,0.707,0.731,0.728,0.742,0.750]
Epoch [67] Testing Results: Prec@1 63.000 Prec@5 91.290             Loss 1.23840
Epoch [67] Testing Class Recall: [0.696,0.943,0.757,0.329,0.690,0.585,0.755,0.703,0.386,0.456]
Epoch [68] Training Results: Prec@1 71.289 Prec@5 89.746             Loss 1.15971
Epoch [68] Training Class Recall: [0.687,0.731,0.663,0.677,0.709,0.715,0.736,0.727,0.742,0.743]
Epoch [68] Testing Results: Prec@1 67.030 Prec@5 92.130             Loss 1.14840
Epoch [68] Testing Class Recall: [0.780,0.942,0.719,0.449,0.728,0.688,0.769,0.570,0.689,0.369]
Epoch [69] Training Results: Prec@1 71.325 Prec@5 89.846             Loss 1.15931
Epoch [69] Training Class Recall: [0.697,0.729,0.662,0.663,0.715,0.713,0.733,0.730,0.744,0.747]
Epoch [69] Testing Results: Prec@1 59.860 Prec@5 90.830             Loss 1.34334
Epoch [69] Testing Class Recall: [0.933,0.899,0.354,0.441,0.603,0.342,0.628,0.672,0.544,0.570]
Epoch [70] Training Results: Prec@1 70.786 Prec@5 89.643             Loss 1.16490
Epoch [70] Training Class Recall: [0.676,0.732,0.658,0.663,0.708,0.699,0.736,0.722,0.737,0.748]
Epoch [70] Testing Results: Prec@1 60.990 Prec@5 89.340             Loss 1.34245
Epoch [70] Testing Class Recall: [0.696,0.877,0.858,0.472,0.727,0.699,0.328,0.488,0.627,0.327]
Epoch [71] Training Results: Prec@1 71.096 Prec@5 89.750             Loss 1.16121
Epoch [71] Training Class Recall: [0.687,0.730,0.655,0.674,0.710,0.707,0.732,0.731,0.738,0.746]
Epoch [71] Testing Results: Prec@1 62.220 Prec@5 91.030             Loss 1.28760
Epoch [71] Testing Class Recall: [0.863,0.903,0.423,0.318,0.785,0.715,0.519,0.678,0.284,0.734]
Epoch [72] Training Results: Prec@1 71.032 Prec@5 89.939             Loss 1.16111
Epoch [72] Training Class Recall: [0.693,0.733,0.651,0.659,0.708,0.709,0.736,0.728,0.741,0.745]
Epoch [72] Testing Results: Prec@1 65.010 Prec@5 92.480             Loss 1.22201
Epoch [72] Testing Class Recall: [0.731,0.900,0.605,0.866,0.730,0.340,0.648,0.533,0.534,0.614]
Epoch [73] Training Results: Prec@1 71.407 Prec@5 90.032             Loss 1.15556
Epoch [73] Training Class Recall: [0.695,0.727,0.667,0.670,0.714,0.710,0.744,0.727,0.743,0.745]
Epoch [73] Testing Results: Prec@1 66.160 Prec@5 92.130             Loss 1.18042
Epoch [73] Testing Class Recall: [0.835,0.846,0.553,0.497,0.718,0.642,0.774,0.552,0.799,0.400]
Epoch [74] Training Results: Prec@1 71.314 Prec@5 90.268             Loss 1.15315
Epoch [74] Training Class Recall: [0.695,0.728,0.657,0.664,0.718,0.714,0.739,0.727,0.744,0.746]
Epoch [74] Testing Results: Prec@1 61.610 Prec@5 91.860             Loss 1.25671
Epoch [74] Testing Class Recall: [0.796,0.652,0.752,0.558,0.666,0.590,0.808,0.554,0.338,0.447]
Epoch [75] Training Results: Prec@1 71.307 Prec@5 89.939             Loss 1.15343
Epoch [75] Training Class Recall: [0.693,0.724,0.660,0.660,0.716,0.717,0.742,0.735,0.739,0.745]
Epoch [75] Testing Results: Prec@1 66.860 Prec@5 92.550             Loss 1.17082
Epoch [75] Testing Class Recall: [0.860,0.897,0.537,0.524,0.831,0.625,0.454,0.617,0.624,0.717]
Epoch [76] Training Results: Prec@1 71.343 Prec@5 89.836             Loss 1.15599
Epoch [76] Training Class Recall: [0.694,0.723,0.662,0.670,0.716,0.715,0.740,0.728,0.739,0.748]
Epoch [76] Testing Results: Prec@1 65.800 Prec@5 92.260             Loss 1.17680
Epoch [76] Testing Class Recall: [0.852,0.799,0.601,0.485,0.733,0.613,0.609,0.746,0.730,0.412]
Epoch [77] Training Results: Prec@1 71.582 Prec@5 89.800             Loss 1.15016
Epoch [77] Training Class Recall: [0.689,0.727,0.669,0.676,0.721,0.722,0.737,0.727,0.743,0.748]
Epoch [77] Testing Results: Prec@1 64.570 Prec@5 92.070             Loss 1.23787
Epoch [77] Testing Class Recall: [0.707,0.976,0.647,0.703,0.754,0.597,0.587,0.713,0.490,0.283]
Epoch [78] Training Results: Prec@1 71.586 Prec@5 89.975             Loss 1.14824
Epoch [78] Training Class Recall: [0.692,0.736,0.659,0.678,0.720,0.710,0.745,0.730,0.741,0.748]
Epoch [78] Testing Results: Prec@1 62.420 Prec@5 90.500             Loss 1.24382
Epoch [78] Testing Class Recall: [0.791,0.961,0.540,0.357,0.467,0.694,0.570,0.472,0.697,0.693]
Epoch [79] Training Results: Prec@1 71.271 Prec@5 90.132             Loss 1.15126
Epoch [79] Training Class Recall: [0.690,0.730,0.655,0.664,0.717,0.716,0.737,0.730,0.741,0.746]
Epoch [79] Testing Results: Prec@1 64.420 Prec@5 91.310             Loss 1.23612
Epoch [79] Testing Class Recall: [0.738,0.908,0.690,0.736,0.798,0.399,0.503,0.476,0.531,0.663]
Epoch [80] Training Results: Prec@1 71.439 Prec@5 90.129             Loss 1.14874
Epoch [80] Training Class Recall: [0.694,0.734,0.656,0.668,0.714,0.716,0.740,0.732,0.744,0.746]
Epoch [80] Testing Results: Prec@1 65.400 Prec@5 89.960             Loss 1.22097
Epoch [80] Testing Class Recall: [0.843,0.954,0.591,0.494,0.788,0.720,0.277,0.673,0.512,0.688]
Epoch [81] Training Results: Prec@1 71.421 Prec@5 90.293             Loss 1.14539
Epoch [81] Training Class Recall: [0.688,0.726,0.664,0.675,0.719,0.709,0.742,0.729,0.745,0.746]
Epoch [81] Testing Results: Prec@1 63.640 Prec@5 91.090             Loss 1.28605
Epoch [81] Testing Class Recall: [0.849,0.943,0.835,0.487,0.510,0.461,0.489,0.594,0.717,0.479]
Epoch [82] Training Results: Prec@1 71.600 Prec@5 90.339             Loss 1.14208
Epoch [82] Training Class Recall: [0.692,0.730,0.663,0.678,0.716,0.717,0.742,0.735,0.742,0.746]
Epoch [82] Testing Results: Prec@1 64.900 Prec@5 91.230             Loss 1.23569
Epoch [82] Testing Class Recall: [0.853,0.919,0.601,0.753,0.773,0.401,0.750,0.608,0.387,0.445]
Epoch [83] Training Results: Prec@1 71.511 Prec@5 90.418             Loss 1.14474
Epoch [83] Training Class Recall: [0.693,0.735,0.671,0.671,0.716,0.706,0.739,0.731,0.745,0.747]
Epoch [83] Testing Results: Prec@1 66.760 Prec@5 92.130             Loss 1.17673
Epoch [83] Testing Class Recall: [0.858,0.862,0.668,0.510,0.719,0.470,0.648,0.727,0.462,0.752]
Epoch [84] Training Results: Prec@1 71.411 Prec@5 90.107             Loss 1.14964
Epoch [84] Training Class Recall: [0.687,0.730,0.668,0.674,0.719,0.707,0.740,0.730,0.738,0.749]
Epoch [84] Testing Results: Prec@1 63.000 Prec@5 91.210             Loss 1.25113
Epoch [84] Testing Class Recall: [0.788,0.836,0.663,0.612,0.686,0.738,0.712,0.618,0.401,0.246]
Epoch [85] Training Results: Prec@1 71.668 Prec@5 90.346             Loss 1.13864
Epoch [85] Training Class Recall: [0.697,0.730,0.664,0.677,0.714,0.717,0.743,0.732,0.746,0.747]
Epoch [85] Testing Results: Prec@1 67.190 Prec@5 93.010             Loss 1.14535
Epoch [85] Testing Class Recall: [0.842,0.914,0.717,0.643,0.542,0.608,0.615,0.754,0.570,0.514]
Epoch [86] Training Results: Prec@1 71.611 Prec@5 90.321             Loss 1.14393
Epoch [86] Training Class Recall: [0.704,0.725,0.667,0.678,0.715,0.717,0.738,0.729,0.740,0.748]
Epoch [86] Testing Results: Prec@1 66.200 Prec@5 92.290             Loss 1.16896
Epoch [86] Testing Class Recall: [0.839,0.926,0.619,0.709,0.569,0.480,0.791,0.617,0.663,0.407]
Epoch [87] Training Results: Prec@1 71.332 Prec@5 90.436             Loss 1.14753
Epoch [87] Training Class Recall: [0.687,0.730,0.665,0.667,0.718,0.715,0.736,0.726,0.744,0.745]
Epoch [87] Testing Results: Prec@1 65.600 Prec@5 91.840             Loss 1.19654
Epoch [87] Testing Class Recall: [0.775,0.858,0.658,0.575,0.714,0.622,0.876,0.467,0.643,0.372]
Epoch [88] Training Results: Prec@1 71.725 Prec@5 90.243             Loss 1.14022
Epoch [88] Training Class Recall: [0.693,0.734,0.668,0.671,0.725,0.717,0.744,0.729,0.744,0.750]
Epoch [88] Testing Results: Prec@1 65.370 Prec@5 92.500             Loss 1.18387
Epoch [88] Testing Class Recall: [0.721,0.923,0.367,0.735,0.763,0.640,0.625,0.613,0.494,0.656]
Epoch [89] Training Results: Prec@1 71.450 Prec@5 90.586             Loss 1.14425
Epoch [89] Training Class Recall: [0.691,0.728,0.667,0.671,0.719,0.709,0.745,0.729,0.741,0.746]
Epoch [89] Testing Results: Prec@1 64.710 Prec@5 92.090             Loss 1.24957
Epoch [89] Testing Class Recall: [0.937,0.912,0.657,0.412,0.740,0.513,0.543,0.666,0.491,0.600]
Epoch [90] Training Results: Prec@1 71.614 Prec@5 90.646             Loss 1.13685
Epoch [90] Training Class Recall: [0.696,0.732,0.671,0.674,0.714,0.707,0.748,0.734,0.740,0.747]
Epoch [90] Testing Results: Prec@1 58.710 Prec@5 89.140             Loss 1.43768
Epoch [90] Testing Class Recall: [0.763,0.953,0.846,0.628,0.554,0.426,0.615,0.542,0.276,0.268]
Epoch [91] Training Results: Prec@1 71.457 Prec@5 90.579             Loss 1.13963
Epoch [91] Training Class Recall: [0.695,0.729,0.669,0.662,0.718,0.715,0.741,0.731,0.741,0.746]
Epoch [91] Testing Results: Prec@1 67.100 Prec@5 94.060             Loss 1.11687
Epoch [91] Testing Class Recall: [0.748,0.895,0.544,0.785,0.654,0.583,0.498,0.712,0.660,0.631]
Epoch [92] Training Results: Prec@1 71.604 Prec@5 90.446             Loss 1.13646
Epoch [92] Training Class Recall: [0.692,0.728,0.676,0.675,0.716,0.714,0.744,0.726,0.744,0.746]
Epoch [92] Testing Results: Prec@1 60.170 Prec@5 89.510             Loss 1.39469
Epoch [92] Testing Class Recall: [0.862,0.962,0.718,0.387,0.591,0.771,0.571,0.575,0.471,0.109]
Epoch [93] Training Results: Prec@1 71.879 Prec@5 90.546             Loss 1.13495
Epoch [93] Training Class Recall: [0.706,0.732,0.671,0.669,0.725,0.718,0.740,0.736,0.742,0.750]
Epoch [93] Testing Results: Prec@1 68.080 Prec@5 92.580             Loss 1.11475
Epoch [93] Testing Class Recall: [0.758,0.875,0.711,0.616,0.797,0.702,0.620,0.574,0.732,0.423]
Epoch [94] Training Results: Prec@1 71.546 Prec@5 90.607             Loss 1.13917
Epoch [94] Training Class Recall: [0.690,0.731,0.664,0.674,0.716,0.712,0.742,0.733,0.743,0.750]
Epoch [94] Testing Results: Prec@1 61.410 Prec@5 90.600             Loss 1.33711
Epoch [94] Testing Class Recall: [0.910,0.934,0.665,0.612,0.753,0.555,0.489,0.610,0.246,0.367]
Epoch [95] Training Results: Prec@1 71.704 Prec@5 90.679             Loss 1.13400
Epoch [95] Training Class Recall: [0.695,0.728,0.666,0.679,0.721,0.718,0.744,0.731,0.744,0.745]
Epoch [95] Testing Results: Prec@1 64.210 Prec@5 90.990             Loss 1.23709
Epoch [95] Testing Class Recall: [0.751,0.958,0.465,0.698,0.700,0.622,0.834,0.354,0.659,0.380]
Epoch [96] Training Results: Prec@1 71.671 Prec@5 90.686             Loss 1.13325
Epoch [96] Training Class Recall: [0.695,0.732,0.671,0.670,0.725,0.715,0.739,0.731,0.743,0.747]
Epoch [96] Testing Results: Prec@1 64.250 Prec@5 91.300             Loss 1.23543
Epoch [96] Testing Class Recall: [0.936,0.926,0.553,0.517,0.477,0.621,0.674,0.589,0.505,0.627]
Epoch [97] Training Results: Prec@1 71.764 Prec@5 90.389             Loss 1.13359
Epoch [97] Training Class Recall: [0.698,0.725,0.668,0.685,0.725,0.718,0.741,0.728,0.744,0.746]
Epoch [97] Testing Results: Prec@1 67.210 Prec@5 92.010             Loss 1.18145
Epoch [97] Testing Class Recall: [0.880,0.969,0.547,0.604,0.760,0.635,0.646,0.553,0.595,0.532]
Epoch [98] Training Results: Prec@1 71.693 Prec@5 90.636             Loss 1.13781
Epoch [98] Training Class Recall: [0.691,0.727,0.667,0.683,0.714,0.719,0.747,0.729,0.745,0.748]
Epoch [98] Testing Results: Prec@1 64.900 Prec@5 92.090             Loss 1.19386
Epoch [98] Testing Class Recall: [0.833,0.971,0.771,0.414,0.563,0.626,0.638,0.617,0.607,0.450]
Epoch [99] Training Results: Prec@1 71.800 Prec@5 90.693             Loss 1.13289
Epoch [99] Training Class Recall: [0.701,0.734,0.678,0.675,0.716,0.718,0.742,0.730,0.742,0.745]
Epoch [99] Testing Results: Prec@1 65.750 Prec@5 90.680             Loss 1.23732
Epoch [99] Testing Class Recall: [0.861,0.950,0.701,0.559,0.555,0.402,0.869,0.688,0.369,0.621]
Epoch [100] Training Results: Prec@1 71.546 Prec@5 90.404             Loss 1.13452
Epoch [100] Training Class Recall: [0.690,0.732,0.675,0.673,0.718,0.702,0.742,0.736,0.739,0.747]
Epoch [100] Testing Results: Prec@1 59.840 Prec@5 87.480             Loss 1.42716
Epoch [100] Testing Class Recall: [0.908,0.947,0.528,0.752,0.596,0.466,0.817,0.265,0.480,0.225]
Epoch [101] Training Results: Prec@1 71.736 Prec@5 90.675             Loss 1.13007
Epoch [101] Training Class Recall: [0.693,0.729,0.679,0.675,0.718,0.715,0.740,0.736,0.741,0.748]
Epoch [101] Testing Results: Prec@1 65.360 Prec@5 92.140             Loss 1.22722
Epoch [101] Testing Class Recall: [0.892,0.916,0.441,0.528,0.782,0.753,0.701,0.529,0.369,0.625]
Epoch [102] Training Results: Prec@1 71.718 Prec@5 90.668             Loss 1.13368
Epoch [102] Training Class Recall: [0.701,0.733,0.673,0.679,0.710,0.717,0.743,0.728,0.741,0.748]
Epoch [102] Testing Results: Prec@1 63.440 Prec@5 89.290             Loss 1.29948
Epoch [102] Testing Class Recall: [0.786,0.906,0.647,0.588,0.779,0.737,0.141,0.624,0.511,0.625]
Epoch [103] Training Results: Prec@1 71.668 Prec@5 90.839             Loss 1.13049
Epoch [103] Training Class Recall: [0.695,0.728,0.670,0.672,0.718,0.720,0.744,0.732,0.743,0.746]
Epoch [103] Testing Results: Prec@1 65.440 Prec@5 92.510             Loss 1.16463
Epoch [103] Testing Class Recall: [0.680,0.883,0.785,0.385,0.703,0.615,0.718,0.520,0.594,0.661]
Epoch [104] Training Results: Prec@1 71.668 Prec@5 90.807             Loss 1.13410
Epoch [104] Training Class Recall: [0.699,0.725,0.673,0.682,0.713,0.711,0.741,0.736,0.741,0.747]
Epoch [104] Testing Results: Prec@1 56.870 Prec@5 87.850             Loss 1.49322
Epoch [104] Testing Class Recall: [0.509,0.882,0.757,0.530,0.686,0.429,0.400,0.849,0.297,0.348]
Epoch [105] Training Results: Prec@1 71.568 Prec@5 90.614             Loss 1.13363
Epoch [105] Training Class Recall: [0.698,0.730,0.664,0.675,0.714,0.716,0.742,0.732,0.739,0.747]
Epoch [105] Testing Results: Prec@1 60.480 Prec@5 90.790             Loss 1.33141
Epoch [105] Testing Class Recall: [0.789,0.882,0.823,0.706,0.618,0.477,0.446,0.386,0.512,0.409]
Epoch [106] Training Results: Prec@1 71.889 Prec@5 90.971             Loss 1.12529
Epoch [106] Training Class Recall: [0.702,0.733,0.679,0.678,0.717,0.712,0.746,0.733,0.742,0.746]
Epoch [106] Testing Results: Prec@1 64.670 Prec@5 91.420             Loss 1.21852
Epoch [106] Testing Class Recall: [0.755,0.901,0.635,0.644,0.697,0.712,0.612,0.622,0.454,0.435]
Epoch [107] Training Results: Prec@1 71.846 Prec@5 91.029             Loss 1.12453
Epoch [107] Training Class Recall: [0.702,0.731,0.674,0.674,0.715,0.719,0.745,0.732,0.744,0.748]
Epoch [107] Testing Results: Prec@1 59.870 Prec@5 87.250             Loss 1.44927
Epoch [107] Testing Class Recall: [0.782,0.891,0.705,0.596,0.785,0.549,0.855,0.247,0.324,0.253]
Epoch [108] Training Results: Prec@1 71.804 Prec@5 90.736             Loss 1.12723
Epoch [108] Training Class Recall: [0.698,0.734,0.676,0.669,0.722,0.718,0.744,0.733,0.741,0.747]
Epoch [108] Testing Results: Prec@1 64.630 Prec@5 91.450             Loss 1.24737
Epoch [108] Testing Class Recall: [0.877,0.959,0.690,0.424,0.799,0.559,0.564,0.580,0.448,0.563]
Epoch [109] Training Results: Prec@1 71.771 Prec@5 90.932             Loss 1.12470
Epoch [109] Training Class Recall: [0.699,0.733,0.678,0.676,0.719,0.713,0.744,0.725,0.744,0.748]
Epoch [109] Testing Results: Prec@1 61.540 Prec@5 92.380             Loss 1.27544
Epoch [109] Testing Class Recall: [0.688,0.975,0.424,0.584,0.731,0.638,0.564,0.690,0.354,0.506]
Epoch [110] Training Results: Prec@1 71.918 Prec@5 90.682             Loss 1.12597
Epoch [110] Training Class Recall: [0.696,0.736,0.675,0.676,0.724,0.716,0.744,0.733,0.744,0.748]
Epoch [110] Testing Results: Prec@1 63.210 Prec@5 90.310             Loss 1.27110
Epoch [110] Testing Class Recall: [0.826,0.892,0.615,0.481,0.569,0.866,0.556,0.277,0.612,0.627]
Epoch [111] Training Results: Prec@1 71.850 Prec@5 91.029             Loss 1.12683
Epoch [111] Training Class Recall: [0.705,0.734,0.672,0.679,0.721,0.711,0.742,0.728,0.743,0.750]
Epoch [111] Testing Results: Prec@1 63.750 Prec@5 91.670             Loss 1.23279
Epoch [111] Testing Class Recall: [0.776,0.954,0.529,0.744,0.604,0.706,0.663,0.490,0.571,0.338]
Epoch [112] Training Results: Prec@1 71.914 Prec@5 90.900             Loss 1.12360
Epoch [112] Training Class Recall: [0.700,0.729,0.670,0.685,0.720,0.720,0.743,0.732,0.744,0.750]
Epoch [112] Testing Results: Prec@1 62.920 Prec@5 90.220             Loss 1.34769
Epoch [112] Testing Class Recall: [0.824,0.909,0.614,0.614,0.874,0.427,0.568,0.577,0.408,0.477]
Epoch [113] Training Results: Prec@1 72.000 Prec@5 90.989             Loss 1.12055
Epoch [113] Training Class Recall: [0.699,0.731,0.679,0.679,0.727,0.720,0.745,0.730,0.744,0.747]
Epoch [113] Testing Results: Prec@1 67.170 Prec@5 93.070             Loss 1.12702
Epoch [113] Testing Class Recall: [0.635,0.874,0.781,0.588,0.601,0.683,0.567,0.694,0.734,0.560]
Epoch [114] Training Results: Prec@1 71.971 Prec@5 91.061             Loss 1.12196
Epoch [114] Training Class Recall: [0.699,0.735,0.674,0.683,0.718,0.719,0.739,0.734,0.745,0.752]
Epoch [114] Testing Results: Prec@1 66.650 Prec@5 92.030             Loss 1.16546
Epoch [114] Testing Class Recall: [0.824,0.866,0.585,0.626,0.748,0.570,0.829,0.494,0.679,0.444]
Epoch [115] Training Results: Prec@1 71.589 Prec@5 91.029             Loss 1.12173
Epoch [115] Training Class Recall: [0.688,0.732,0.674,0.668,0.719,0.713,0.740,0.733,0.743,0.750]
Epoch [115] Testing Results: Prec@1 61.230 Prec@5 91.340             Loss 1.32667
Epoch [115] Testing Class Recall: [0.930,0.678,0.670,0.586,0.653,0.486,0.695,0.499,0.687,0.239]
Epoch [116] Training Results: Prec@1 71.907 Prec@5 91.036             Loss 1.12194
Epoch [116] Training Class Recall: [0.693,0.731,0.678,0.675,0.724,0.720,0.741,0.737,0.744,0.750]
Epoch [116] Testing Results: Prec@1 59.960 Prec@5 90.630             Loss 1.39800
Epoch [116] Testing Class Recall: [0.889,0.816,0.672,0.745,0.731,0.441,0.590,0.429,0.342,0.341]
Epoch [117] Training Results: Prec@1 72.046 Prec@5 91.100             Loss 1.11748
Epoch [117] Training Class Recall: [0.696,0.730,0.677,0.689,0.720,0.722,0.745,0.738,0.741,0.748]
Epoch [117] Testing Results: Prec@1 65.420 Prec@5 92.290             Loss 1.21119
Epoch [117] Testing Class Recall: [0.742,0.863,0.726,0.602,0.687,0.537,0.643,0.631,0.367,0.744]
Epoch [118] Training Results: Prec@1 72.011 Prec@5 91.168             Loss 1.11971
Epoch [118] Training Class Recall: [0.700,0.731,0.672,0.686,0.722,0.719,0.745,0.732,0.745,0.749]
Epoch [118] Testing Results: Prec@1 64.070 Prec@5 92.150             Loss 1.22855
Epoch [118] Testing Class Recall: [0.913,0.885,0.647,0.678,0.579,0.517,0.399,0.583,0.573,0.633]
Epoch [119] Training Results: Prec@1 72.021 Prec@5 90.982             Loss 1.11731
Epoch [119] Training Class Recall: [0.702,0.733,0.674,0.686,0.716,0.719,0.744,0.735,0.743,0.752]
Epoch [119] Testing Results: Prec@1 58.160 Prec@5 88.870             Loss 1.54497
Epoch [119] Testing Class Recall: [0.872,0.965,0.866,0.274,0.492,0.521,0.525,0.474,0.374,0.453]
Epoch [120] Training Results: Prec@1 71.907 Prec@5 91.175             Loss 1.11714
Epoch [120] Training Class Recall: [0.696,0.725,0.678,0.675,0.718,0.730,0.748,0.730,0.743,0.749]
Epoch [120] Testing Results: Prec@1 63.820 Prec@5 90.820             Loss 1.26099
Epoch [120] Testing Class Recall: [0.879,0.935,0.749,0.385,0.725,0.700,0.731,0.398,0.483,0.397]
Epoch [121] Training Results: Prec@1 72.104 Prec@5 91.329             Loss 1.11869
Epoch [121] Training Class Recall: [0.696,0.734,0.680,0.691,0.722,0.723,0.743,0.730,0.743,0.749]
Epoch [121] Testing Results: Prec@1 66.720 Prec@5 91.420             Loss 1.17301
Epoch [121] Testing Class Recall: [0.785,0.874,0.708,0.584,0.618,0.474,0.825,0.655,0.655,0.494]
Epoch [122] Training Results: Prec@1 71.871 Prec@5 91.218             Loss 1.11576
Epoch [122] Training Class Recall: [0.702,0.732,0.676,0.677,0.722,0.717,0.745,0.727,0.742,0.748]
Epoch [122] Testing Results: Prec@1 64.010 Prec@5 91.640             Loss 1.23299
Epoch [122] Testing Class Recall: [0.891,0.846,0.482,0.691,0.432,0.526,0.840,0.520,0.434,0.739]
Epoch [123] Training Results: Prec@1 71.886 Prec@5 91.343             Loss 1.11714
Epoch [123] Training Class Recall: [0.700,0.730,0.672,0.680,0.718,0.722,0.740,0.733,0.747,0.747]
Epoch [123] Testing Results: Prec@1 59.670 Prec@5 88.680             Loss 1.39808
Epoch [123] Testing Class Recall: [0.802,0.954,0.578,0.492,0.596,0.404,0.928,0.634,0.336,0.243]
Epoch [124] Training Results: Prec@1 71.932 Prec@5 90.986             Loss 1.11684
Epoch [124] Training Class Recall: [0.695,0.735,0.670,0.693,0.720,0.710,0.744,0.736,0.742,0.749]
Epoch [124] Testing Results: Prec@1 62.390 Prec@5 90.490             Loss 1.29876
Epoch [124] Testing Class Recall: [0.791,0.883,0.809,0.529,0.591,0.537,0.761,0.688,0.404,0.246]
Epoch [125] Training Results: Prec@1 71.893 Prec@5 91.150             Loss 1.11879
Epoch [125] Training Class Recall: [0.704,0.726,0.682,0.679,0.717,0.719,0.741,0.731,0.742,0.750]
Epoch [125] Testing Results: Prec@1 58.440 Prec@5 88.970             Loss 1.52264
Epoch [125] Testing Class Recall: [0.869,0.934,0.860,0.459,0.558,0.465,0.575,0.606,0.258,0.260]
Epoch [126] Training Results: Prec@1 72.025 Prec@5 91.321             Loss 1.11692
Epoch [126] Training Class Recall: [0.702,0.733,0.685,0.674,0.720,0.719,0.741,0.737,0.743,0.750]
Epoch [126] Testing Results: Prec@1 64.720 Prec@5 92.680             Loss 1.25392
Epoch [126] Testing Class Recall: [0.852,0.877,0.557,0.759,0.832,0.518,0.474,0.462,0.485,0.656]
Epoch [127] Training Results: Prec@1 71.868 Prec@5 91.407             Loss 1.11921
Epoch [127] Training Class Recall: [0.697,0.731,0.671,0.680,0.723,0.716,0.746,0.735,0.741,0.748]
Epoch [127] Testing Results: Prec@1 63.090 Prec@5 90.510             Loss 1.27374
Epoch [127] Testing Class Recall: [0.922,0.887,0.744,0.547,0.617,0.492,0.737,0.535,0.503,0.325]
Epoch [128] Training Results: Prec@1 71.818 Prec@5 91.082             Loss 1.11767
Epoch [128] Training Class Recall: [0.701,0.730,0.673,0.679,0.720,0.714,0.750,0.724,0.740,0.752]
Epoch [128] Testing Results: Prec@1 64.600 Prec@5 91.710             Loss 1.24492
Epoch [128] Testing Class Recall: [0.764,0.883,0.639,0.498,0.574,0.704,0.748,0.805,0.544,0.301]
Epoch [129] Training Results: Prec@1 71.989 Prec@5 91.211             Loss 1.11518
Epoch [129] Training Class Recall: [0.701,0.726,0.667,0.687,0.718,0.724,0.748,0.736,0.743,0.750]
Epoch [129] Testing Results: Prec@1 63.300 Prec@5 91.170             Loss 1.27215
Epoch [129] Testing Class Recall: [0.588,0.922,0.675,0.657,0.798,0.687,0.551,0.622,0.486,0.344]
Epoch [130] Training Results: Prec@1 72.229 Prec@5 91.536             Loss 1.10855
Epoch [130] Training Class Recall: [0.707,0.730,0.673,0.696,0.724,0.720,0.744,0.734,0.746,0.749]
Epoch [130] Testing Results: Prec@1 60.860 Prec@5 89.100             Loss 1.44489
Epoch [130] Testing Class Recall: [0.847,0.969,0.655,0.669,0.673,0.649,0.616,0.464,0.396,0.148]
Epoch [131] Training Results: Prec@1 72.200 Prec@5 91.389             Loss 1.11154
Epoch [131] Training Class Recall: [0.701,0.737,0.680,0.687,0.724,0.720,0.743,0.736,0.743,0.748]
Epoch [131] Testing Results: Prec@1 65.230 Prec@5 91.690             Loss 1.25299
Epoch [131] Testing Class Recall: [0.895,0.959,0.642,0.655,0.622,0.525,0.612,0.639,0.520,0.454]
Epoch [132] Training Results: Prec@1 72.043 Prec@5 91.161             Loss 1.10848
Epoch [132] Training Class Recall: [0.699,0.730,0.675,0.678,0.720,0.724,0.750,0.738,0.744,0.748]
Epoch [132] Testing Results: Prec@1 63.620 Prec@5 91.150             Loss 1.25864
Epoch [132] Testing Class Recall: [0.793,0.851,0.648,0.459,0.907,0.621,0.503,0.531,0.426,0.623]
Epoch [133] Training Results: Prec@1 72.168 Prec@5 91.304             Loss 1.11268
Epoch [133] Training Class Recall: [0.696,0.732,0.672,0.692,0.729,0.725,0.743,0.735,0.743,0.751]
Epoch [133] Testing Results: Prec@1 61.460 Prec@5 89.430             Loss 1.35937
Epoch [133] Testing Class Recall: [0.813,0.907,0.646,0.571,0.592,0.782,0.787,0.351,0.419,0.278]
Epoch [134] Training Results: Prec@1 72.143 Prec@5 91.346             Loss 1.10949
Epoch [134] Training Class Recall: [0.703,0.733,0.678,0.680,0.724,0.729,0.744,0.732,0.743,0.750]
Epoch [134] Testing Results: Prec@1 58.300 Prec@5 89.900             Loss 1.45888
Epoch [134] Testing Class Recall: [0.796,0.899,0.432,0.835,0.690,0.565,0.333,0.647,0.369,0.264]
Epoch [135] Training Results: Prec@1 71.964 Prec@5 91.604             Loss 1.11339
Epoch [135] Training Class Recall: [0.698,0.734,0.675,0.678,0.724,0.716,0.746,0.733,0.746,0.747]
Epoch [135] Testing Results: Prec@1 62.070 Prec@5 91.150             Loss 1.27762
Epoch [135] Testing Class Recall: [0.795,0.839,0.564,0.704,0.470,0.768,0.620,0.535,0.452,0.460]
Epoch [136] Training Results: Prec@1 72.136 Prec@5 91.629             Loss 1.10418
Epoch [136] Training Class Recall: [0.699,0.732,0.672,0.690,0.725,0.720,0.747,0.735,0.746,0.748]
Epoch [136] Testing Results: Prec@1 65.910 Prec@5 90.920             Loss 1.22764
Epoch [136] Testing Class Recall: [0.729,0.871,0.576,0.685,0.845,0.417,0.783,0.561,0.422,0.702]
Epoch [137] Training Results: Prec@1 71.668 Prec@5 91.482             Loss 1.11194
Epoch [137] Training Class Recall: [0.689,0.727,0.670,0.682,0.721,0.709,0.746,0.732,0.744,0.748]
Epoch [137] Testing Results: Prec@1 61.410 Prec@5 89.660             Loss 1.35371
Epoch [137] Testing Class Recall: [0.888,0.893,0.783,0.490,0.592,0.633,0.374,0.505,0.395,0.588]
Epoch [138] Training Results: Prec@1 72.189 Prec@5 91.443             Loss 1.10309
Epoch [138] Training Class Recall: [0.705,0.732,0.679,0.682,0.723,0.720,0.752,0.735,0.747,0.745]
Epoch [138] Testing Results: Prec@1 65.860 Prec@5 90.280             Loss 1.23765
Epoch [138] Testing Class Recall: [0.769,0.891,0.581,0.628,0.730,0.714,0.386,0.612,0.573,0.702]
Epoch [139] Training Results: Prec@1 72.221 Prec@5 91.371             Loss 1.10910
Epoch [139] Training Class Recall: [0.698,0.733,0.684,0.686,0.725,0.723,0.742,0.734,0.744,0.754]
Epoch [139] Testing Results: Prec@1 64.800 Prec@5 91.360             Loss 1.23421
Epoch [139] Testing Class Recall: [0.855,0.919,0.554,0.632,0.523,0.713,0.770,0.700,0.346,0.468]
Epoch [140] Training Results: Prec@1 72.193 Prec@5 91.539             Loss 1.10843
Epoch [140] Training Class Recall: [0.699,0.736,0.688,0.679,0.726,0.716,0.748,0.734,0.744,0.750]
Epoch [140] Testing Results: Prec@1 61.490 Prec@5 88.090             Loss 1.43712
Epoch [140] Testing Class Recall: [0.874,0.971,0.609,0.594,0.674,0.668,0.340,0.601,0.378,0.440]
Epoch [141] Training Results: Prec@1 71.986 Prec@5 91.489             Loss 1.11013
Epoch [141] Training Class Recall: [0.697,0.733,0.675,0.675,0.720,0.722,0.745,0.737,0.746,0.749]
Epoch [141] Testing Results: Prec@1 60.980 Prec@5 88.510             Loss 1.43997
Epoch [141] Testing Class Recall: [0.842,0.929,0.553,0.878,0.682,0.210,0.517,0.612,0.511,0.364]
Epoch [142] Training Results: Prec@1 71.971 Prec@5 91.750             Loss 1.10947
Epoch [142] Training Class Recall: [0.701,0.732,0.675,0.691,0.714,0.719,0.743,0.728,0.746,0.749]
Epoch [142] Testing Results: Prec@1 62.940 Prec@5 87.380             Loss 1.37598
Epoch [142] Testing Class Recall: [0.883,0.942,0.580,0.685,0.680,0.640,0.434,0.675,0.642,0.133]
Epoch [143] Training Results: Prec@1 72.214 Prec@5 91.725             Loss 1.10355
Epoch [143] Training Class Recall: [0.702,0.730,0.678,0.690,0.719,0.721,0.752,0.737,0.746,0.748]
Epoch [143] Testing Results: Prec@1 65.800 Prec@5 92.570             Loss 1.20047
Epoch [143] Testing Class Recall: [0.788,0.874,0.657,0.727,0.548,0.513,0.693,0.557,0.416,0.807]
Epoch [144] Training Results: Prec@1 72.082 Prec@5 91.439             Loss 1.10919
Epoch [144] Training Class Recall: [0.702,0.729,0.670,0.687,0.722,0.723,0.746,0.736,0.745,0.747]
Epoch [144] Testing Results: Prec@1 63.810 Prec@5 92.800             Loss 1.22090
Epoch [144] Testing Class Recall: [0.611,0.862,0.516,0.829,0.617,0.555,0.507,0.559,0.505,0.820]
Epoch [145] Training Results: Prec@1 72.043 Prec@5 91.686             Loss 1.10472
Epoch [145] Training Class Recall: [0.694,0.733,0.671,0.682,0.721,0.720,0.747,0.743,0.742,0.752]
Epoch [145] Testing Results: Prec@1 65.030 Prec@5 91.050             Loss 1.24611
Epoch [145] Testing Class Recall: [0.842,0.902,0.750,0.692,0.684,0.493,0.580,0.521,0.483,0.556]
Epoch [146] Training Results: Prec@1 72.014 Prec@5 91.836             Loss 1.10635
Epoch [146] Training Class Recall: [0.699,0.731,0.678,0.679,0.719,0.719,0.743,0.738,0.746,0.751]
Epoch [146] Testing Results: Prec@1 67.130 Prec@5 92.260             Loss 1.16094
Epoch [146] Testing Class Recall: [0.844,0.828,0.601,0.739,0.790,0.503,0.519,0.531,0.549,0.809]
Epoch [147] Training Results: Prec@1 72.068 Prec@5 91.707             Loss 1.10272
Epoch [147] Training Class Recall: [0.694,0.728,0.684,0.689,0.721,0.723,0.744,0.731,0.745,0.747]
Epoch [147] Testing Results: Prec@1 64.210 Prec@5 88.810             Loss 1.31829
Epoch [147] Testing Class Recall: [0.846,0.927,0.624,0.623,0.710,0.657,0.221,0.587,0.600,0.626]
Epoch [148] Training Results: Prec@1 72.007 Prec@5 91.529             Loss 1.10762
Epoch [148] Training Class Recall: [0.698,0.737,0.674,0.674,0.722,0.723,0.746,0.734,0.745,0.748]
Epoch [148] Testing Results: Prec@1 58.830 Prec@5 89.150             Loss 1.40575
Epoch [148] Testing Class Recall: [0.849,0.980,0.745,0.613,0.477,0.448,0.580,0.501,0.267,0.423]
Epoch [149] Training Results: Prec@1 71.889 Prec@5 91.761             Loss 1.10508
Epoch [149] Training Class Recall: [0.702,0.734,0.669,0.684,0.716,0.714,0.747,0.732,0.745,0.748]
Epoch [149] Testing Results: Prec@1 64.670 Prec@5 90.820             Loss 1.26956
Epoch [149] Testing Class Recall: [0.714,0.858,0.588,0.583,0.924,0.337,0.444,0.599,0.719,0.701]
Epoch [150] Training Results: Prec@1 72.125 Prec@5 91.671             Loss 1.10231
Epoch [150] Training Class Recall: [0.698,0.736,0.679,0.692,0.716,0.722,0.747,0.728,0.745,0.751]
Epoch [150] Testing Results: Prec@1 66.890 Prec@5 91.410             Loss 1.20671
Epoch [150] Testing Class Recall: [0.907,0.868,0.651,0.757,0.663,0.438,0.691,0.606,0.478,0.630]
Epoch [151] Training Results: Prec@1 71.986 Prec@5 91.854             Loss 1.10293
Epoch [151] Training Class Recall: [0.700,0.733,0.669,0.684,0.721,0.722,0.746,0.730,0.745,0.748]
Epoch [151] Testing Results: Prec@1 61.050 Prec@5 90.330             Loss 1.39436
Epoch [151] Testing Class Recall: [0.601,0.850,0.571,0.848,0.673,0.553,0.636,0.549,0.500,0.324]
Epoch [152] Training Results: Prec@1 71.664 Prec@5 91.704             Loss 1.10853
Epoch [152] Training Class Recall: [0.693,0.723,0.676,0.680,0.716,0.713,0.745,0.730,0.744,0.748]
Epoch [152] Testing Results: Prec@1 66.970 Prec@5 91.910             Loss 1.17498
Epoch [152] Testing Class Recall: [0.825,0.911,0.633,0.639,0.607,0.438,0.735,0.699,0.544,0.666]
Epoch [153] Training Results: Prec@1 72.082 Prec@5 91.704             Loss 1.10144
Epoch [153] Training Class Recall: [0.696,0.731,0.678,0.692,0.719,0.719,0.748,0.731,0.743,0.751]
Epoch [153] Testing Results: Prec@1 65.260 Prec@5 90.520             Loss 1.25991
Epoch [153] Testing Class Recall: [0.901,0.877,0.557,0.700,0.584,0.670,0.657,0.590,0.634,0.356]
Epoch [154] Training Results: Prec@1 72.204 Prec@5 91.846             Loss 1.09718
Epoch [154] Training Class Recall: [0.703,0.737,0.681,0.675,0.722,0.721,0.749,0.732,0.748,0.751]
Epoch [154] Testing Results: Prec@1 64.970 Prec@5 89.780             Loss 1.26010
Epoch [154] Testing Class Recall: [0.680,0.955,0.737,0.560,0.791,0.666,0.595,0.574,0.629,0.310]
Epoch [155] Training Results: Prec@1 72.157 Prec@5 91.796             Loss 1.10086
Epoch [155] Training Class Recall: [0.695,0.732,0.677,0.684,0.723,0.723,0.750,0.734,0.747,0.751]
Epoch [155] Testing Results: Prec@1 64.080 Prec@5 90.310             Loss 1.25684
Epoch [155] Testing Class Recall: [0.815,0.986,0.722,0.538,0.727,0.598,0.584,0.482,0.525,0.431]
Epoch [156] Training Results: Prec@1 72.046 Prec@5 91.882             Loss 1.10337
Epoch [156] Training Class Recall: [0.695,0.729,0.681,0.684,0.716,0.724,0.746,0.736,0.744,0.751]
Epoch [156] Testing Results: Prec@1 64.650 Prec@5 88.900             Loss 1.29338
Epoch [156] Testing Class Recall: [0.808,0.884,0.761,0.600,0.633,0.508,0.840,0.547,0.564,0.320]
Epoch [157] Training Results: Prec@1 72.339 Prec@5 91.936             Loss 1.09499
Epoch [157] Training Class Recall: [0.697,0.737,0.677,0.693,0.724,0.729,0.750,0.732,0.743,0.753]
Epoch [157] Testing Results: Prec@1 64.670 Prec@5 90.990             Loss 1.24851
Epoch [157] Testing Class Recall: [0.791,0.931,0.699,0.672,0.751,0.542,0.370,0.692,0.517,0.502]
Epoch [158] Training Results: Prec@1 72.114 Prec@5 91.825             Loss 1.09909
Epoch [158] Training Class Recall: [0.704,0.728,0.684,0.678,0.725,0.721,0.741,0.737,0.744,0.750]
Epoch [158] Testing Results: Prec@1 67.260 Prec@5 92.030             Loss 1.15180
Epoch [158] Testing Class Recall: [0.766,0.877,0.474,0.344,0.872,0.676,0.855,0.581,0.580,0.701]
Epoch [159] Training Results: Prec@1 71.979 Prec@5 91.839             Loss 1.09691
Epoch [159] Training Class Recall: [0.694,0.735,0.678,0.672,0.726,0.723,0.748,0.728,0.745,0.751]
Epoch [159] Testing Results: Prec@1 65.010 Prec@5 90.220             Loss 1.26514
Epoch [159] Testing Class Recall: [0.828,0.953,0.577,0.587,0.623,0.549,0.812,0.689,0.603,0.280]
Epoch [160] Training Results: Prec@1 73.736 Prec@5 92.868             Loss 1.02844
Epoch [160] Training Class Recall: [0.719,0.749,0.692,0.715,0.740,0.743,0.764,0.750,0.753,0.749]
Epoch [160] Testing Results: Prec@1 68.820 Prec@5 92.510             Loss 1.13136
Epoch [160] Testing Class Recall: [0.841,0.958,0.721,0.687,0.744,0.608,0.739,0.584,0.585,0.415]
Epoch [161] Training Results: Prec@1 74.379 Prec@5 93.414             Loss 1.00148
Epoch [161] Training Class Recall: [0.726,0.750,0.717,0.726,0.748,0.754,0.764,0.746,0.753,0.754]
Epoch [161] Testing Results: Prec@1 69.170 Prec@5 92.640             Loss 1.12359
Epoch [161] Testing Class Recall: [0.847,0.957,0.746,0.691,0.747,0.603,0.712,0.590,0.573,0.451]
Epoch [162] Training Results: Prec@1 74.539 Prec@5 93.793             Loss 0.98743
Epoch [162] Training Class Recall: [0.729,0.749,0.725,0.733,0.752,0.753,0.761,0.747,0.753,0.754]
Epoch [162] Testing Results: Prec@1 69.070 Prec@5 92.560             Loss 1.13349
Epoch [162] Testing Class Recall: [0.861,0.965,0.743,0.712,0.742,0.593,0.709,0.570,0.560,0.452]
Epoch [163] Training Results: Prec@1 74.768 Prec@5 93.979             Loss 0.98005
Epoch [163] Training Class Recall: [0.732,0.753,0.726,0.737,0.756,0.754,0.764,0.748,0.753,0.753]
Epoch [163] Testing Results: Prec@1 68.870 Prec@5 92.530             Loss 1.13403
Epoch [163] Testing Class Recall: [0.857,0.961,0.736,0.714,0.741,0.608,0.699,0.581,0.541,0.449]
Epoch [164] Training Results: Prec@1 74.946 Prec@5 94.293             Loss 0.96934
Epoch [164] Training Class Recall: [0.738,0.750,0.733,0.737,0.757,0.757,0.765,0.749,0.753,0.756]
Epoch [164] Testing Results: Prec@1 68.910 Prec@5 92.300             Loss 1.13297
Epoch [164] Testing Class Recall: [0.852,0.955,0.748,0.708,0.759,0.598,0.708,0.552,0.561,0.450]
Epoch [165] Training Results: Prec@1 75.039 Prec@5 94.350             Loss 0.96494
Epoch [165] Training Class Recall: [0.739,0.753,0.730,0.735,0.761,0.760,0.769,0.747,0.754,0.756]
Epoch [165] Testing Results: Prec@1 69.500 Prec@5 92.660             Loss 1.11809
Epoch [165] Testing Class Recall: [0.855,0.954,0.732,0.724,0.748,0.594,0.696,0.592,0.556,0.499]
Epoch [166] Training Results: Prec@1 75.011 Prec@5 94.486             Loss 0.96218
Epoch [166] Training Class Recall: [0.743,0.755,0.729,0.737,0.759,0.756,0.765,0.749,0.753,0.756]
Epoch [166] Testing Results: Prec@1 68.640 Prec@5 92.220             Loss 1.14653
Epoch [166] Testing Class Recall: [0.845,0.959,0.742,0.738,0.753,0.586,0.655,0.578,0.557,0.451]
Epoch [167] Training Results: Prec@1 75.196 Prec@5 94.643             Loss 0.95562
Epoch [167] Training Class Recall: [0.739,0.758,0.732,0.736,0.760,0.765,0.768,0.750,0.755,0.757]
Epoch [167] Testing Results: Prec@1 69.270 Prec@5 92.420             Loss 1.12802
Epoch [167] Testing Class Recall: [0.843,0.962,0.726,0.733,0.766,0.583,0.693,0.576,0.572,0.473]
Epoch [168] Training Results: Prec@1 75.204 Prec@5 94.618             Loss 0.95408
Epoch [168] Training Class Recall: [0.739,0.754,0.735,0.744,0.760,0.757,0.771,0.749,0.755,0.757]
Epoch [168] Testing Results: Prec@1 68.920 Prec@5 92.180             Loss 1.14090
Epoch [168] Testing Class Recall: [0.845,0.964,0.752,0.705,0.760,0.595,0.677,0.559,0.568,0.467]
Epoch [169] Training Results: Prec@1 75.250 Prec@5 94.650             Loss 0.94815
Epoch [169] Training Class Recall: [0.736,0.758,0.736,0.742,0.762,0.760,0.770,0.751,0.753,0.759]
Epoch [169] Testing Results: Prec@1 68.890 Prec@5 92.220             Loss 1.13816
Epoch [169] Testing Class Recall: [0.833,0.959,0.742,0.732,0.749,0.584,0.689,0.568,0.547,0.486]
Epoch [170] Training Results: Prec@1 75.207 Prec@5 94.846             Loss 0.94550
Epoch [170] Training Class Recall: [0.738,0.756,0.735,0.740,0.763,0.759,0.772,0.750,0.752,0.757]
Epoch [170] Testing Results: Prec@1 68.670 Prec@5 91.870             Loss 1.16328
Epoch [170] Testing Class Recall: [0.867,0.956,0.738,0.714,0.763,0.576,0.701,0.549,0.547,0.456]
Epoch [171] Training Results: Prec@1 75.364 Prec@5 94.789             Loss 0.94463
Epoch [171] Training Class Recall: [0.738,0.757,0.741,0.742,0.767,0.761,0.767,0.751,0.754,0.757]
Epoch [171] Testing Results: Prec@1 68.680 Prec@5 92.100             Loss 1.15608
Epoch [171] Testing Class Recall: [0.852,0.961,0.743,0.718,0.756,0.587,0.682,0.562,0.557,0.450]
Epoch [172] Training Results: Prec@1 75.318 Prec@5 94.764             Loss 0.94307
Epoch [172] Training Class Recall: [0.744,0.752,0.737,0.741,0.762,0.760,0.771,0.751,0.755,0.758]
Epoch [172] Testing Results: Prec@1 68.210 Prec@5 91.950             Loss 1.16854
Epoch [172] Testing Class Recall: [0.859,0.959,0.735,0.727,0.759,0.568,0.655,0.570,0.545,0.444]
Epoch [173] Training Results: Prec@1 75.357 Prec@5 94.943             Loss 0.93737
Epoch [173] Training Class Recall: [0.743,0.756,0.736,0.743,0.759,0.765,0.768,0.754,0.755,0.757]
Epoch [173] Testing Results: Prec@1 68.160 Prec@5 91.840             Loss 1.17772
Epoch [173] Testing Class Recall: [0.864,0.959,0.738,0.711,0.745,0.582,0.675,0.568,0.540,0.434]
Epoch [174] Training Results: Prec@1 75.396 Prec@5 95.000             Loss 0.93450
Epoch [174] Training Class Recall: [0.737,0.758,0.734,0.750,0.762,0.764,0.772,0.749,0.755,0.758]
Epoch [174] Testing Results: Prec@1 68.500 Prec@5 91.800             Loss 1.16320
Epoch [174] Testing Class Recall: [0.859,0.951,0.744,0.694,0.745,0.594,0.691,0.559,0.572,0.441]
Epoch [175] Training Results: Prec@1 75.439 Prec@5 95.036             Loss 0.93362
Epoch [175] Training Class Recall: [0.744,0.756,0.742,0.743,0.762,0.760,0.770,0.754,0.754,0.760]
Epoch [175] Testing Results: Prec@1 68.030 Prec@5 91.640             Loss 1.18147
Epoch [175] Testing Class Recall: [0.861,0.962,0.732,0.710,0.737,0.577,0.657,0.584,0.556,0.427]
Epoch [176] Training Results: Prec@1 75.404 Prec@5 95.171             Loss 0.93044
Epoch [176] Training Class Recall: [0.745,0.755,0.737,0.739,0.764,0.763,0.770,0.750,0.758,0.759]
Epoch [176] Testing Results: Prec@1 68.270 Prec@5 91.900             Loss 1.16614
Epoch [176] Testing Class Recall: [0.850,0.959,0.726,0.713,0.747,0.572,0.673,0.581,0.548,0.458]
Epoch [177] Training Results: Prec@1 75.550 Prec@5 95.129             Loss 0.92852
Epoch [177] Training Class Recall: [0.745,0.757,0.745,0.748,0.763,0.763,0.772,0.752,0.756,0.755]
Epoch [177] Testing Results: Prec@1 68.170 Prec@5 91.830             Loss 1.17158
Epoch [177] Testing Class Recall: [0.843,0.952,0.726,0.728,0.744,0.578,0.683,0.585,0.565,0.413]
Epoch [178] Training Results: Prec@1 75.411 Prec@5 95.211             Loss 0.92773
Epoch [178] Training Class Recall: [0.741,0.757,0.734,0.746,0.763,0.762,0.771,0.751,0.757,0.760]
Epoch [178] Testing Results: Prec@1 68.300 Prec@5 91.750             Loss 1.16504
Epoch [178] Testing Class Recall: [0.835,0.952,0.731,0.725,0.744,0.578,0.686,0.563,0.575,0.441]
Epoch [179] Training Results: Prec@1 75.450 Prec@5 95.086             Loss 0.92720
Epoch [179] Training Class Recall: [0.746,0.758,0.739,0.745,0.761,0.762,0.772,0.751,0.754,0.759]
Epoch [179] Testing Results: Prec@1 68.480 Prec@5 91.760             Loss 1.16737
Epoch [179] Testing Class Recall: [0.847,0.954,0.745,0.708,0.727,0.583,0.649,0.592,0.559,0.484]
Epoch [180] Training Results: Prec@1 75.532 Prec@5 95.250             Loss 0.92173
Epoch [180] Training Class Recall: [0.750,0.751,0.741,0.741,0.765,0.763,0.772,0.753,0.758,0.759]
Epoch [180] Testing Results: Prec@1 68.570 Prec@5 91.850             Loss 1.16537
Epoch [180] Testing Class Recall: [0.855,0.943,0.724,0.714,0.747,0.573,0.691,0.582,0.573,0.455]
Epoch [181] Training Results: Prec@1 75.607 Prec@5 95.182             Loss 0.92446
Epoch [181] Training Class Recall: [0.747,0.758,0.741,0.744,0.762,0.763,0.770,0.754,0.761,0.761]
Epoch [181] Testing Results: Prec@1 67.920 Prec@5 91.510             Loss 1.18655
Epoch [181] Testing Class Recall: [0.858,0.956,0.733,0.720,0.741,0.557,0.652,0.579,0.565,0.431]
Epoch [182] Training Results: Prec@1 75.614 Prec@5 95.189             Loss 0.92044
Epoch [182] Training Class Recall: [0.743,0.757,0.741,0.753,0.760,0.767,0.770,0.753,0.758,0.760]
Epoch [182] Testing Results: Prec@1 68.240 Prec@5 91.820             Loss 1.16743
Epoch [182] Testing Class Recall: [0.836,0.950,0.728,0.723,0.748,0.576,0.674,0.566,0.580,0.443]
Epoch [183] Training Results: Prec@1 75.536 Prec@5 95.314             Loss 0.92240
Epoch [183] Training Class Recall: [0.746,0.758,0.741,0.745,0.763,0.762,0.770,0.752,0.758,0.760]
Epoch [183] Testing Results: Prec@1 68.450 Prec@5 91.770             Loss 1.16405
Epoch [183] Testing Class Recall: [0.865,0.948,0.728,0.704,0.742,0.571,0.687,0.583,0.561,0.456]
Epoch [184] Training Results: Prec@1 75.525 Prec@5 95.236             Loss 0.92179
Epoch [184] Training Class Recall: [0.746,0.756,0.736,0.745,0.766,0.764,0.771,0.753,0.758,0.759]
Epoch [184] Testing Results: Prec@1 68.390 Prec@5 91.780             Loss 1.16541
Epoch [184] Testing Class Recall: [0.870,0.949,0.736,0.682,0.738,0.579,0.680,0.588,0.550,0.467]
Epoch [185] Training Results: Prec@1 75.532 Prec@5 95.050             Loss 0.92326
Epoch [185] Training Class Recall: [0.746,0.756,0.739,0.743,0.761,0.765,0.774,0.754,0.756,0.760]
Epoch [185] Testing Results: Prec@1 68.000 Prec@5 91.560             Loss 1.18268
Epoch [185] Testing Class Recall: [0.851,0.950,0.738,0.727,0.739,0.546,0.656,0.582,0.543,0.468]
Epoch [186] Training Results: Prec@1 75.539 Prec@5 95.150             Loss 0.92412
Epoch [186] Training Class Recall: [0.746,0.755,0.737,0.743,0.767,0.764,0.772,0.754,0.756,0.761]
Epoch [186] Testing Results: Prec@1 68.660 Prec@5 91.820             Loss 1.15548
Epoch [186] Testing Class Recall: [0.847,0.953,0.729,0.706,0.739,0.571,0.686,0.581,0.566,0.488]
Epoch [187] Training Results: Prec@1 75.621 Prec@5 95.082             Loss 0.92109
Epoch [187] Training Class Recall: [0.745,0.756,0.740,0.743,0.766,0.767,0.772,0.755,0.759,0.759]
Epoch [187] Testing Results: Prec@1 68.590 Prec@5 91.870             Loss 1.16205
Epoch [187] Testing Class Recall: [0.854,0.945,0.738,0.714,0.739,0.570,0.672,0.581,0.555,0.491]
Epoch [188] Training Results: Prec@1 75.586 Prec@5 95.157             Loss 0.92043
Epoch [188] Training Class Recall: [0.745,0.759,0.739,0.748,0.763,0.764,0.772,0.754,0.757,0.759]
Epoch [188] Testing Results: Prec@1 67.670 Prec@5 91.490             Loss 1.19477
Epoch [188] Testing Class Recall: [0.846,0.955,0.726,0.735,0.742,0.568,0.636,0.565,0.569,0.425]
Epoch [189] Training Results: Prec@1 75.568 Prec@5 95.111             Loss 0.92488
Epoch [189] Training Class Recall: [0.742,0.758,0.743,0.748,0.759,0.767,0.772,0.753,0.758,0.759]
Epoch [189] Testing Results: Prec@1 68.020 Prec@5 91.680             Loss 1.17675
Epoch [189] Testing Class Recall: [0.851,0.947,0.748,0.695,0.746,0.575,0.683,0.562,0.561,0.434]
Epoch [190] Training Results: Prec@1 75.471 Prec@5 95.121             Loss 0.92099
Epoch [190] Training Class Recall: [0.745,0.755,0.741,0.741,0.765,0.763,0.769,0.753,0.757,0.758]
Epoch [190] Testing Results: Prec@1 68.280 Prec@5 91.640             Loss 1.17740
Epoch [190] Testing Class Recall: [0.853,0.949,0.733,0.728,0.736,0.570,0.656,0.580,0.565,0.458]
Epoch [191] Training Results: Prec@1 75.657 Prec@5 95.200             Loss 0.91827
Epoch [191] Training Class Recall: [0.750,0.756,0.742,0.742,0.767,0.766,0.772,0.755,0.757,0.760]
Epoch [191] Testing Results: Prec@1 68.460 Prec@5 91.720             Loss 1.16272
Epoch [191] Testing Class Recall: [0.842,0.955,0.742,0.694,0.743,0.573,0.664,0.578,0.583,0.472]
Epoch [192] Training Results: Prec@1 75.671 Prec@5 95.182             Loss 0.91911
Epoch [192] Training Class Recall: [0.745,0.753,0.742,0.748,0.765,0.767,0.771,0.757,0.759,0.760]
Epoch [192] Testing Results: Prec@1 67.820 Prec@5 91.670             Loss 1.18680
Epoch [192] Testing Class Recall: [0.852,0.947,0.734,0.712,0.739,0.589,0.665,0.583,0.519,0.442]
Epoch [193] Training Results: Prec@1 75.557 Prec@5 95.189             Loss 0.92266
Epoch [193] Training Class Recall: [0.745,0.756,0.738,0.750,0.765,0.763,0.774,0.751,0.755,0.759]
Epoch [193] Testing Results: Prec@1 67.790 Prec@5 91.480             Loss 1.18951
Epoch [193] Testing Class Recall: [0.856,0.951,0.738,0.708,0.750,0.569,0.654,0.569,0.541,0.443]
Epoch [194] Training Results: Prec@1 75.575 Prec@5 95.254             Loss 0.92199
Epoch [194] Training Class Recall: [0.743,0.758,0.741,0.742,0.768,0.769,0.772,0.752,0.754,0.760]
Epoch [194] Testing Results: Prec@1 67.720 Prec@5 91.660             Loss 1.18529
Epoch [194] Testing Class Recall: [0.862,0.946,0.736,0.695,0.747,0.578,0.645,0.580,0.564,0.419]
Epoch [195] Training Results: Prec@1 75.679 Prec@5 95.346             Loss 0.92087
Epoch [195] Training Class Recall: [0.741,0.756,0.743,0.749,0.766,0.769,0.773,0.753,0.757,0.761]
Epoch [195] Testing Results: Prec@1 68.600 Prec@5 91.940             Loss 1.15458
Epoch [195] Testing Class Recall: [0.856,0.935,0.729,0.712,0.741,0.573,0.696,0.576,0.564,0.478]
Epoch [196] Training Results: Prec@1 75.571 Prec@5 95.114             Loss 0.92073
Epoch [196] Training Class Recall: [0.739,0.756,0.745,0.742,0.766,0.766,0.773,0.753,0.758,0.759]
Epoch [196] Testing Results: Prec@1 68.410 Prec@5 91.710             Loss 1.17092
Epoch [196] Testing Class Recall: [0.860,0.945,0.735,0.711,0.750,0.566,0.682,0.568,0.556,0.468]
Epoch [197] Training Results: Prec@1 75.468 Prec@5 95.168             Loss 0.92290
Epoch [197] Training Class Recall: [0.745,0.757,0.736,0.742,0.762,0.765,0.771,0.753,0.758,0.759]
Epoch [197] Testing Results: Prec@1 68.120 Prec@5 91.590             Loss 1.17794
Epoch [197] Testing Class Recall: [0.849,0.952,0.727,0.718,0.743,0.580,0.661,0.556,0.565,0.461]
Epoch [198] Training Results: Prec@1 75.486 Prec@5 95.325             Loss 0.92109
Epoch [198] Training Class Recall: [0.741,0.759,0.737,0.742,0.766,0.766,0.770,0.752,0.756,0.759]
Epoch [198] Testing Results: Prec@1 68.320 Prec@5 91.780             Loss 1.17002
Epoch [198] Testing Class Recall: [0.858,0.949,0.732,0.700,0.743,0.576,0.674,0.591,0.578,0.431]
Epoch [199] Training Results: Prec@1 75.625 Prec@5 95.218             Loss 0.92337
Epoch [199] Training Class Recall: [0.744,0.759,0.743,0.746,0.765,0.763,0.771,0.754,0.757,0.761]
Epoch [199] Testing Results: Prec@1 68.290 Prec@5 91.730             Loss 1.16853
Epoch [199] Testing Class Recall: [0.856,0.949,0.735,0.694,0.746,0.577,0.677,0.584,0.575,0.436]
