Log file: cifar10_random0.5_randomoversampling_selection_exp0.01_seed42_20260429_212736.log
Run started: 2026-04-29 21:27:36.154795
Dataset: cifar10
Imbalance type: exp, factor: 0.01
Selection method: random, ratio: 0.5
Strategy: RandomOversampling_Selection, epochs: 200
Seed: 42, rand_number: 0
Augmentation: weak
Noise ratio: 0.25
============================================================

=> Preparing logger and tensorboard writer !
----------------------------------------------------
Class ID   | Original   | Selected   | Keep %  
----------------------------------------------------
0          | 4032       | 2015       |    50.0%
1          | 4000       | 2021       |    50.5%
2          | 3955       | 1987       |    50.2%
3          | 4020       | 1999       |    49.7%
4          | 3939       | 1969       |    50.0%
5          | 3999       | 2007       |    50.2%
6          | 3965       | 2007       |    50.6%
7          | 4046       | 2023       |    50.0%
8          | 4042       | 1988       |    49.2%
9          | 4002       | 1984       |    49.6%
----------------------------------------------------
TOTAL      | 40000      | 20000      |    50.0%
----------------------------------------------------
Epoch [0] Training Results: Prec@1 21.360 Prec@5 69.760             Loss 2.17564
Epoch [0] Training Class Recall: [0.250,0.268,0.126,0.163,0.210,0.143,0.215,0.186,0.307,0.268]
Epoch [0] Testing Results: Prec@1 27.180 Prec@5 80.280             Loss 1.96164
Epoch [0] Testing Class Recall: [0.523,0.386,0.406,0.247,0.000,0.578,0.218,0.037,0.292,0.031]
Epoch [1] Training Results: Prec@1 28.275 Prec@5 75.980             Loss 2.05480
Epoch [1] Training Class Recall: [0.280,0.398,0.152,0.146,0.196,0.231,0.321,0.332,0.389,0.380]
Epoch [1] Testing Results: Prec@1 35.130 Prec@5 84.580             Loss 1.81153
Epoch [1] Testing Class Recall: [0.108,0.496,0.333,0.186,0.168,0.462,0.647,0.356,0.654,0.103]
Epoch [2] Training Results: Prec@1 33.650 Prec@5 79.310             Loss 1.93807
Epoch [2] Training Class Recall: [0.319,0.464,0.210,0.185,0.200,0.245,0.440,0.379,0.445,0.474]
Epoch [2] Testing Results: Prec@1 36.920 Prec@5 86.780             Loss 1.77952
Epoch [2] Testing Class Recall: [0.675,0.625,0.228,0.033,0.039,0.396,0.834,0.182,0.286,0.394]
Epoch [3] Training Results: Prec@1 38.895 Prec@5 80.965             Loss 1.84934
Epoch [3] Training Class Recall: [0.378,0.506,0.235,0.239,0.234,0.313,0.506,0.426,0.517,0.534]
Epoch [3] Testing Results: Prec@1 47.570 Prec@5 90.830             Loss 1.53735
Epoch [3] Testing Class Recall: [0.478,0.657,0.308,0.029,0.413,0.665,0.435,0.587,0.611,0.574]
Epoch [4] Training Results: Prec@1 44.000 Prec@5 82.600             Loss 1.76397
Epoch [4] Training Class Recall: [0.430,0.551,0.286,0.269,0.308,0.381,0.524,0.457,0.574,0.618]
Epoch [4] Testing Results: Prec@1 48.880 Prec@5 92.710             Loss 1.44785
Epoch [4] Testing Class Recall: [0.529,0.747,0.335,0.376,0.692,0.227,0.672,0.199,0.729,0.382]
Epoch [5] Training Results: Prec@1 48.780 Prec@5 83.835             Loss 1.67154
Epoch [5] Training Class Recall: [0.472,0.593,0.343,0.308,0.377,0.406,0.556,0.496,0.635,0.690]
Epoch [5] Testing Results: Prec@1 46.480 Prec@5 89.850             Loss 1.65287
Epoch [5] Testing Class Recall: [0.682,0.937,0.416,0.099,0.603,0.499,0.654,0.142,0.290,0.326]
Epoch [6] Training Results: Prec@1 51.345 Prec@5 84.290             Loss 1.62132
Epoch [6] Training Class Recall: [0.495,0.614,0.366,0.325,0.433,0.414,0.580,0.551,0.661,0.695]
Epoch [6] Testing Results: Prec@1 51.100 Prec@5 88.010             Loss 1.51270
Epoch [6] Testing Class Recall: [0.703,0.810,0.548,0.510,0.481,0.409,0.589,0.281,0.688,0.091]
Epoch [7] Training Results: Prec@1 54.040 Prec@5 84.930             Loss 1.56339
Epoch [7] Training Class Recall: [0.522,0.631,0.401,0.357,0.459,0.455,0.591,0.593,0.681,0.714]
Epoch [7] Testing Results: Prec@1 50.950 Prec@5 90.470             Loss 1.45884
Epoch [7] Testing Class Recall: [0.560,0.871,0.523,0.166,0.660,0.733,0.518,0.588,0.216,0.260]
Epoch [8] Training Results: Prec@1 55.735 Prec@5 85.685             Loss 1.52548
Epoch [8] Training Class Recall: [0.532,0.645,0.424,0.364,0.485,0.465,0.612,0.620,0.702,0.723]
Epoch [8] Testing Results: Prec@1 48.050 Prec@5 86.960             Loss 1.60526
Epoch [8] Testing Class Recall: [0.753,0.797,0.129,0.409,0.413,0.461,0.871,0.621,0.141,0.210]
Epoch [9] Training Results: Prec@1 57.060 Prec@5 85.830             Loss 1.49904
Epoch [9] Training Class Recall: [0.563,0.636,0.433,0.385,0.511,0.484,0.625,0.635,0.714,0.718]
Epoch [9] Testing Results: Prec@1 57.020 Prec@5 93.150             Loss 1.28595
Epoch [9] Testing Class Recall: [0.586,0.861,0.510,0.421,0.431,0.497,0.797,0.413,0.808,0.378]
Epoch [10] Training Results: Prec@1 58.645 Prec@5 85.930             Loss 1.46539
Epoch [10] Training Class Recall: [0.557,0.665,0.445,0.431,0.532,0.512,0.644,0.637,0.711,0.729]
Epoch [10] Testing Results: Prec@1 58.140 Prec@5 92.460             Loss 1.31857
Epoch [10] Testing Class Recall: [0.748,0.949,0.481,0.558,0.539,0.570,0.590,0.673,0.379,0.327]
Epoch [11] Training Results: Prec@1 59.975 Prec@5 86.465             Loss 1.43872
Epoch [11] Training Class Recall: [0.572,0.674,0.463,0.455,0.537,0.528,0.645,0.664,0.723,0.735]
Epoch [11] Testing Results: Prec@1 58.890 Prec@5 93.560             Loss 1.26159
Epoch [11] Testing Class Recall: [0.528,0.775,0.250,0.356,0.843,0.604,0.611,0.361,0.755,0.806]
Epoch [12] Training Results: Prec@1 60.990 Prec@5 86.440             Loss 1.41539
Epoch [12] Training Class Recall: [0.574,0.682,0.487,0.464,0.571,0.543,0.649,0.669,0.719,0.741]
Epoch [12] Testing Results: Prec@1 59.810 Prec@5 93.190             Loss 1.29670
Epoch [12] Testing Class Recall: [0.823,0.779,0.350,0.512,0.557,0.611,0.546,0.619,0.472,0.712]
Epoch [13] Training Results: Prec@1 61.530 Prec@5 86.705             Loss 1.39613
Epoch [13] Training Class Recall: [0.598,0.677,0.480,0.472,0.577,0.545,0.665,0.684,0.723,0.731]
Epoch [13] Testing Results: Prec@1 53.860 Prec@5 92.940             Loss 1.45985
Epoch [13] Testing Class Recall: [0.679,0.879,0.327,0.541,0.293,0.831,0.334,0.393,0.614,0.495]
Epoch [14] Training Results: Prec@1 62.635 Prec@5 86.805             Loss 1.37842
Epoch [14] Training Class Recall: [0.593,0.688,0.501,0.494,0.591,0.564,0.666,0.692,0.730,0.743]
Epoch [14] Testing Results: Prec@1 60.480 Prec@5 93.900             Loss 1.22588
Epoch [14] Testing Class Recall: [0.793,0.872,0.564,0.515,0.514,0.634,0.635,0.621,0.458,0.442]
Epoch [15] Training Results: Prec@1 63.520 Prec@5 86.960             Loss 1.35688
Epoch [15] Training Class Recall: [0.600,0.697,0.518,0.519,0.589,0.580,0.673,0.700,0.732,0.741]
Epoch [15] Testing Results: Prec@1 61.720 Prec@5 94.110             Loss 1.20694
Epoch [15] Testing Class Recall: [0.769,0.949,0.595,0.452,0.457,0.725,0.621,0.612,0.477,0.515]
Epoch [16] Training Results: Prec@1 63.785 Prec@5 86.920             Loss 1.35520
Epoch [16] Training Class Recall: [0.605,0.692,0.523,0.496,0.609,0.589,0.687,0.701,0.732,0.741]
Epoch [16] Testing Results: Prec@1 52.590 Prec@5 86.680             Loss 1.57718
Epoch [16] Testing Class Recall: [0.832,0.947,0.542,0.379,0.448,0.266,0.748,0.338,0.653,0.106]
Epoch [17] Training Results: Prec@1 64.655 Prec@5 87.225             Loss 1.33115
Epoch [17] Training Class Recall: [0.616,0.697,0.527,0.528,0.620,0.604,0.691,0.705,0.736,0.741]
Epoch [17] Testing Results: Prec@1 57.820 Prec@5 92.000             Loss 1.35340
Epoch [17] Testing Class Recall: [0.789,0.964,0.599,0.547,0.375,0.374,0.421,0.774,0.420,0.519]
Epoch [18] Training Results: Prec@1 64.980 Prec@5 87.350             Loss 1.31925
Epoch [18] Training Class Recall: [0.619,0.708,0.559,0.529,0.618,0.600,0.684,0.700,0.735,0.746]
Epoch [18] Testing Results: Prec@1 57.530 Prec@5 93.570             Loss 1.32943
Epoch [18] Testing Class Recall: [0.742,0.871,0.382,0.252,0.385,0.884,0.671,0.517,0.524,0.525]
Epoch [19] Training Results: Prec@1 65.245 Prec@5 87.480             Loss 1.31642
Epoch [19] Training Class Recall: [0.614,0.704,0.555,0.532,0.628,0.616,0.689,0.711,0.733,0.741]
Epoch [19] Testing Results: Prec@1 62.640 Prec@5 93.880             Loss 1.19407
Epoch [19] Testing Class Recall: [0.732,0.964,0.485,0.432,0.673,0.719,0.585,0.576,0.598,0.500]
Epoch [20] Training Results: Prec@1 65.890 Prec@5 87.645             Loss 1.29519
Epoch [20] Training Class Recall: [0.631,0.709,0.570,0.538,0.627,0.620,0.694,0.715,0.735,0.749]
Epoch [20] Testing Results: Prec@1 58.900 Prec@5 91.810             Loss 1.32029
Epoch [20] Testing Class Recall: [0.702,0.968,0.487,0.571,0.368,0.713,0.683,0.740,0.357,0.301]
Epoch [21] Training Results: Prec@1 65.890 Prec@5 87.800             Loss 1.29829
Epoch [21] Training Class Recall: [0.627,0.706,0.564,0.562,0.631,0.623,0.686,0.711,0.734,0.744]
Epoch [21] Testing Results: Prec@1 62.720 Prec@5 93.010             Loss 1.21853
Epoch [21] Testing Class Recall: [0.543,0.911,0.484,0.185,0.770,0.809,0.746,0.559,0.633,0.632]
Epoch [22] Training Results: Prec@1 66.425 Prec@5 87.655             Loss 1.28552
Epoch [22] Training Class Recall: [0.632,0.714,0.587,0.562,0.631,0.633,0.692,0.710,0.736,0.745]
Epoch [22] Testing Results: Prec@1 63.290 Prec@5 94.200             Loss 1.17213
Epoch [22] Testing Class Recall: [0.721,0.773,0.459,0.461,0.720,0.663,0.413,0.759,0.676,0.684]
Epoch [23] Training Results: Prec@1 66.970 Prec@5 87.915             Loss 1.27721
Epoch [23] Training Class Recall: [0.643,0.709,0.568,0.572,0.646,0.648,0.707,0.718,0.738,0.748]
Epoch [23] Testing Results: Prec@1 58.610 Prec@5 89.830             Loss 1.40190
Epoch [23] Testing Class Recall: [0.804,0.950,0.616,0.749,0.678,0.141,0.690,0.504,0.226,0.503]
Epoch [24] Training Results: Prec@1 66.980 Prec@5 87.890             Loss 1.27326
Epoch [24] Training Class Recall: [0.643,0.712,0.592,0.572,0.647,0.632,0.705,0.709,0.734,0.752]
Epoch [24] Testing Results: Prec@1 64.320 Prec@5 94.040             Loss 1.16397
Epoch [24] Testing Class Recall: [0.776,0.902,0.447,0.264,0.807,0.727,0.713,0.429,0.727,0.640]
Epoch [25] Training Results: Prec@1 67.145 Prec@5 87.890             Loss 1.26695
Epoch [25] Training Class Recall: [0.649,0.706,0.585,0.571,0.650,0.649,0.703,0.712,0.738,0.751]
Epoch [25] Testing Results: Prec@1 63.410 Prec@5 92.800             Loss 1.21370
Epoch [25] Testing Class Recall: [0.691,0.951,0.521,0.275,0.767,0.813,0.741,0.422,0.582,0.578]
Epoch [26] Training Results: Prec@1 67.755 Prec@5 87.880             Loss 1.25986
Epoch [26] Training Class Recall: [0.651,0.717,0.593,0.586,0.659,0.653,0.709,0.723,0.738,0.746]
Epoch [26] Testing Results: Prec@1 63.910 Prec@5 93.980             Loss 1.18080
Epoch [26] Testing Class Recall: [0.792,0.913,0.694,0.367,0.686,0.622,0.675,0.673,0.471,0.498]
Epoch [27] Training Results: Prec@1 67.630 Prec@5 88.115             Loss 1.25816
Epoch [27] Training Class Recall: [0.655,0.711,0.604,0.587,0.660,0.635,0.710,0.716,0.737,0.747]
Epoch [27] Testing Results: Prec@1 55.790 Prec@5 87.430             Loss 1.50718
Epoch [27] Testing Class Recall: [0.851,0.796,0.686,0.492,0.764,0.172,0.776,0.202,0.518,0.322]
Epoch [28] Training Results: Prec@1 68.075 Prec@5 88.320             Loss 1.24509
Epoch [28] Training Class Recall: [0.657,0.722,0.595,0.600,0.651,0.647,0.719,0.723,0.738,0.754]
Epoch [28] Testing Results: Prec@1 62.580 Prec@5 92.770             Loss 1.23840
Epoch [28] Testing Class Recall: [0.756,0.911,0.700,0.541,0.665,0.597,0.742,0.574,0.388,0.384]
Epoch [29] Training Results: Prec@1 68.275 Prec@5 88.290             Loss 1.23948
Epoch [29] Training Class Recall: [0.666,0.712,0.609,0.589,0.663,0.663,0.717,0.719,0.740,0.749]
Epoch [29] Testing Results: Prec@1 55.040 Prec@5 92.440             Loss 1.49875
Epoch [29] Testing Class Recall: [0.856,0.689,0.844,0.219,0.123,0.573,0.669,0.554,0.303,0.674]
Epoch [30] Training Results: Prec@1 68.530 Prec@5 88.530             Loss 1.23397
Epoch [30] Training Class Recall: [0.667,0.719,0.604,0.606,0.663,0.666,0.721,0.716,0.741,0.749]
Epoch [30] Testing Results: Prec@1 61.720 Prec@5 92.870             Loss 1.25172
Epoch [30] Testing Class Recall: [0.821,0.953,0.543,0.266,0.713,0.707,0.696,0.699,0.331,0.443]
Epoch [31] Training Results: Prec@1 68.210 Prec@5 88.670             Loss 1.23427
Epoch [31] Training Class Recall: [0.663,0.717,0.603,0.591,0.670,0.658,0.714,0.714,0.740,0.749]
Epoch [31] Testing Results: Prec@1 60.770 Prec@5 91.410             Loss 1.31880
Epoch [31] Testing Class Recall: [0.804,0.967,0.671,0.441,0.685,0.621,0.663,0.499,0.504,0.222]
Epoch [32] Training Results: Prec@1 68.325 Prec@5 88.310             Loss 1.23656
Epoch [32] Training Class Recall: [0.652,0.710,0.611,0.606,0.669,0.660,0.711,0.731,0.735,0.747]
Epoch [32] Testing Results: Prec@1 56.380 Prec@5 88.120             Loss 1.49823
Epoch [32] Testing Class Recall: [0.720,0.961,0.668,0.776,0.537,0.532,0.372,0.370,0.336,0.366]
Epoch [33] Training Results: Prec@1 68.480 Prec@5 88.910             Loss 1.23061
Epoch [33] Training Class Recall: [0.656,0.721,0.615,0.602,0.679,0.654,0.711,0.723,0.739,0.746]
Epoch [33] Testing Results: Prec@1 65.400 Prec@5 94.220             Loss 1.13101
Epoch [33] Testing Class Recall: [0.751,0.873,0.667,0.670,0.561,0.617,0.699,0.455,0.781,0.466]
Epoch [34] Training Results: Prec@1 69.010 Prec@5 88.405             Loss 1.21916
Epoch [34] Training Class Recall: [0.665,0.723,0.618,0.622,0.669,0.670,0.721,0.723,0.740,0.749]
Epoch [34] Testing Results: Prec@1 60.800 Prec@5 91.570             Loss 1.29142
Epoch [34] Testing Class Recall: [0.631,0.907,0.732,0.613,0.794,0.487,0.572,0.456,0.584,0.304]
Epoch [35] Training Results: Prec@1 69.250 Prec@5 88.855             Loss 1.21506
Epoch [35] Training Class Recall: [0.661,0.716,0.621,0.619,0.684,0.681,0.720,0.729,0.742,0.753]
Epoch [35] Testing Results: Prec@1 63.830 Prec@5 93.490             Loss 1.19948
Epoch [35] Testing Class Recall: [0.828,0.862,0.600,0.705,0.655,0.294,0.638,0.677,0.589,0.535]
Epoch [36] Training Results: Prec@1 69.135 Prec@5 88.940             Loss 1.21126
Epoch [36] Training Class Recall: [0.663,0.719,0.624,0.617,0.680,0.681,0.715,0.725,0.740,0.749]
Epoch [36] Testing Results: Prec@1 64.430 Prec@5 93.850             Loss 1.17709
Epoch [36] Testing Class Recall: [0.837,0.855,0.613,0.648,0.607,0.492,0.587,0.642,0.700,0.462]
Epoch [37] Training Results: Prec@1 69.305 Prec@5 88.860             Loss 1.20664
Epoch [37] Training Class Recall: [0.669,0.724,0.631,0.628,0.670,0.676,0.727,0.716,0.743,0.745]
Epoch [37] Testing Results: Prec@1 62.880 Prec@5 92.550             Loss 1.21993
Epoch [37] Testing Class Recall: [0.850,0.893,0.711,0.361,0.560,0.621,0.755,0.551,0.601,0.385]
Epoch [38] Training Results: Prec@1 69.460 Prec@5 88.980             Loss 1.20735
Epoch [38] Training Class Recall: [0.662,0.714,0.635,0.637,0.684,0.680,0.722,0.718,0.744,0.749]
Epoch [38] Testing Results: Prec@1 58.410 Prec@5 91.080             Loss 1.39918
Epoch [38] Testing Class Recall: [0.798,0.772,0.772,0.767,0.514,0.382,0.382,0.427,0.585,0.442]
Epoch [39] Training Results: Prec@1 69.595 Prec@5 88.815             Loss 1.20483
Epoch [39] Training Class Recall: [0.671,0.730,0.628,0.632,0.677,0.677,0.726,0.727,0.742,0.747]
Epoch [39] Testing Results: Prec@1 60.950 Prec@5 90.480             Loss 1.29996
Epoch [39] Testing Class Recall: [0.815,0.917,0.683,0.192,0.524,0.661,0.601,0.500,0.421,0.781]
Epoch [40] Training Results: Prec@1 69.790 Prec@5 89.065             Loss 1.19805
Epoch [40] Training Class Recall: [0.673,0.733,0.631,0.632,0.688,0.682,0.721,0.726,0.741,0.751]
Epoch [40] Testing Results: Prec@1 56.760 Prec@5 88.750             Loss 1.43299
Epoch [40] Testing Class Recall: [0.789,0.906,0.430,0.379,0.646,0.492,0.933,0.435,0.415,0.251]
Epoch [41] Training Results: Prec@1 69.900 Prec@5 89.285             Loss 1.19222
Epoch [41] Training Class Recall: [0.665,0.723,0.648,0.640,0.688,0.677,0.731,0.725,0.744,0.749]
Epoch [41] Testing Results: Prec@1 55.890 Prec@5 90.190             Loss 1.57178
Epoch [41] Testing Class Recall: [0.962,0.810,0.590,0.560,0.334,0.626,0.580,0.486,0.241,0.400]
Epoch [42] Training Results: Prec@1 69.820 Prec@5 89.140             Loss 1.19231
Epoch [42] Training Class Recall: [0.671,0.726,0.636,0.624,0.687,0.690,0.730,0.726,0.737,0.755]
Epoch [42] Testing Results: Prec@1 60.480 Prec@5 91.030             Loss 1.29142
Epoch [42] Testing Class Recall: [0.852,0.970,0.683,0.418,0.661,0.439,0.443,0.528,0.658,0.396]
Epoch [43] Training Results: Prec@1 70.185 Prec@5 89.035             Loss 1.19012
Epoch [43] Training Class Recall: [0.671,0.729,0.648,0.640,0.684,0.692,0.724,0.731,0.746,0.754]
Epoch [43] Testing Results: Prec@1 62.410 Prec@5 91.760             Loss 1.26286
Epoch [43] Testing Class Recall: [0.902,0.761,0.695,0.521,0.629,0.294,0.650,0.528,0.604,0.657]
Epoch [44] Training Results: Prec@1 70.005 Prec@5 89.480             Loss 1.18257
Epoch [44] Training Class Recall: [0.669,0.723,0.641,0.640,0.696,0.688,0.724,0.724,0.745,0.750]
Epoch [44] Testing Results: Prec@1 60.010 Prec@5 90.310             Loss 1.38245
Epoch [44] Testing Class Recall: [0.799,0.921,0.765,0.477,0.669,0.445,0.770,0.492,0.360,0.303]
Epoch [45] Training Results: Prec@1 70.020 Prec@5 89.205             Loss 1.18972
Epoch [45] Training Class Recall: [0.675,0.729,0.648,0.639,0.682,0.680,0.726,0.728,0.745,0.751]
Epoch [45] Testing Results: Prec@1 57.340 Prec@5 89.870             Loss 1.43130
Epoch [45] Testing Class Recall: [0.741,0.983,0.721,0.446,0.460,0.754,0.359,0.431,0.382,0.457]
Epoch [46] Training Results: Prec@1 70.390 Prec@5 89.700             Loss 1.17889
Epoch [46] Training Class Recall: [0.684,0.732,0.647,0.650,0.690,0.688,0.728,0.731,0.744,0.744]
Epoch [46] Testing Results: Prec@1 59.180 Prec@5 91.070             Loss 1.38081
Epoch [46] Testing Class Recall: [0.846,0.848,0.778,0.512,0.546,0.495,0.686,0.539,0.341,0.327]
Epoch [47] Training Results: Prec@1 70.180 Prec@5 89.520             Loss 1.18130
Epoch [47] Training Class Recall: [0.679,0.724,0.649,0.634,0.690,0.694,0.730,0.729,0.740,0.748]
Epoch [47] Testing Results: Prec@1 62.040 Prec@5 92.420             Loss 1.26501
Epoch [47] Testing Class Recall: [0.867,0.884,0.363,0.469,0.626,0.783,0.716,0.659,0.227,0.610]
Epoch [48] Training Results: Prec@1 69.990 Prec@5 89.500             Loss 1.17720
Epoch [48] Training Class Recall: [0.674,0.723,0.639,0.642,0.688,0.685,0.722,0.728,0.745,0.752]
Epoch [48] Testing Results: Prec@1 56.920 Prec@5 90.130             Loss 1.42742
Epoch [48] Testing Class Recall: [0.749,0.815,0.635,0.666,0.405,0.507,0.200,0.877,0.500,0.338]
Epoch [49] Training Results: Prec@1 70.300 Prec@5 89.810             Loss 1.17600
Epoch [49] Training Class Recall: [0.678,0.727,0.656,0.649,0.690,0.681,0.721,0.732,0.743,0.751]
Epoch [49] Testing Results: Prec@1 59.290 Prec@5 92.400             Loss 1.31710
Epoch [49] Testing Class Recall: [0.806,0.934,0.396,0.495,0.457,0.873,0.479,0.475,0.509,0.505]
Epoch [50] Training Results: Prec@1 70.350 Prec@5 89.640             Loss 1.16952
Epoch [50] Training Class Recall: [0.686,0.725,0.651,0.642,0.696,0.684,0.727,0.730,0.742,0.752]
Epoch [50] Testing Results: Prec@1 58.320 Prec@5 89.230             Loss 1.43781
Epoch [50] Testing Class Recall: [0.791,0.918,0.703,0.590,0.840,0.502,0.370,0.285,0.470,0.363]
Epoch [51] Training Results: Prec@1 70.315 Prec@5 89.525             Loss 1.17333
Epoch [51] Training Class Recall: [0.676,0.731,0.658,0.640,0.689,0.689,0.723,0.728,0.743,0.754]
Epoch [51] Testing Results: Prec@1 61.530 Prec@5 91.970             Loss 1.28524
Epoch [51] Testing Class Recall: [0.805,0.895,0.442,0.637,0.826,0.654,0.595,0.568,0.310,0.421]
Epoch [52] Training Results: Prec@1 70.910 Prec@5 89.660             Loss 1.16574
Epoch [52] Training Class Recall: [0.692,0.726,0.657,0.666,0.703,0.695,0.727,0.729,0.743,0.752]
Epoch [52] Testing Results: Prec@1 63.330 Prec@5 93.140             Loss 1.24081
Epoch [52] Testing Class Recall: [0.851,0.906,0.479,0.690,0.705,0.595,0.660,0.420,0.619,0.408]
Epoch [53] Training Results: Prec@1 70.525 Prec@5 89.815             Loss 1.16435
Epoch [53] Training Class Recall: [0.670,0.725,0.646,0.658,0.707,0.699,0.726,0.731,0.739,0.750]
Epoch [53] Testing Results: Prec@1 63.890 Prec@5 93.350             Loss 1.20256
Epoch [53] Testing Class Recall: [0.764,0.759,0.753,0.551,0.632,0.689,0.528,0.552,0.505,0.656]
Epoch [54] Training Results: Prec@1 70.795 Prec@5 89.940             Loss 1.15730
Epoch [54] Training Class Recall: [0.689,0.728,0.663,0.659,0.694,0.693,0.731,0.730,0.744,0.747]
Epoch [54] Testing Results: Prec@1 59.590 Prec@5 92.990             Loss 1.31825
Epoch [54] Testing Class Recall: [0.629,0.906,0.855,0.495,0.573,0.360,0.417,0.710,0.505,0.509]
Epoch [55] Training Results: Prec@1 70.510 Prec@5 89.965             Loss 1.16516
Epoch [55] Training Class Recall: [0.683,0.731,0.643,0.654,0.700,0.689,0.722,0.731,0.747,0.749]
Epoch [55] Testing Results: Prec@1 56.840 Prec@5 88.280             Loss 1.50181
Epoch [55] Testing Class Recall: [0.891,0.965,0.386,0.446,0.608,0.404,0.651,0.612,0.144,0.577]
Epoch [56] Training Results: Prec@1 70.990 Prec@5 89.905             Loss 1.15787
Epoch [56] Training Class Recall: [0.689,0.731,0.656,0.664,0.704,0.695,0.732,0.733,0.746,0.750]
Epoch [56] Testing Results: Prec@1 63.190 Prec@5 91.900             Loss 1.23889
Epoch [56] Testing Class Recall: [0.603,0.814,0.581,0.563,0.707,0.735,0.439,0.370,0.872,0.635]
Epoch [57] Training Results: Prec@1 70.975 Prec@5 90.045             Loss 1.15214
Epoch [57] Training Class Recall: [0.682,0.733,0.668,0.656,0.698,0.696,0.736,0.734,0.745,0.749]
Epoch [57] Testing Results: Prec@1 64.210 Prec@5 93.130             Loss 1.23525
Epoch [57] Testing Class Recall: [0.656,0.896,0.627,0.732,0.653,0.701,0.433,0.488,0.548,0.687]
Epoch [58] Training Results: Prec@1 71.030 Prec@5 89.975             Loss 1.14973
Epoch [58] Training Class Recall: [0.684,0.734,0.660,0.654,0.702,0.696,0.736,0.734,0.746,0.756]
Epoch [58] Testing Results: Prec@1 63.400 Prec@5 90.760             Loss 1.24555
Epoch [58] Testing Class Recall: [0.808,0.855,0.649,0.433,0.638,0.322,0.769,0.423,0.846,0.597]
Epoch [59] Training Results: Prec@1 70.745 Prec@5 90.180             Loss 1.15091
Epoch [59] Training Class Recall: [0.676,0.729,0.667,0.656,0.700,0.696,0.723,0.732,0.744,0.752]
Epoch [59] Testing Results: Prec@1 63.230 Prec@5 91.280             Loss 1.27233
Epoch [59] Testing Class Recall: [0.802,0.948,0.497,0.677,0.773,0.505,0.809,0.322,0.591,0.399]
Epoch [60] Training Results: Prec@1 70.525 Prec@5 90.085             Loss 1.15851
Epoch [60] Training Class Recall: [0.677,0.731,0.652,0.657,0.694,0.686,0.735,0.723,0.741,0.755]
Epoch [60] Testing Results: Prec@1 62.270 Prec@5 90.840             Loss 1.31140
Epoch [60] Testing Class Recall: [0.778,0.720,0.667,0.683,0.505,0.340,0.227,0.766,0.702,0.839]
Epoch [61] Training Results: Prec@1 71.305 Prec@5 90.075             Loss 1.14912
Epoch [61] Training Class Recall: [0.704,0.735,0.658,0.672,0.702,0.699,0.725,0.734,0.748,0.752]
Epoch [61] Testing Results: Prec@1 61.890 Prec@5 89.670             Loss 1.34406
Epoch [61] Testing Class Recall: [0.675,0.896,0.717,0.151,0.844,0.579,0.635,0.678,0.713,0.301]
Epoch [62] Training Results: Prec@1 70.945 Prec@5 90.275             Loss 1.14439
Epoch [62] Training Class Recall: [0.684,0.736,0.657,0.661,0.710,0.689,0.732,0.729,0.744,0.753]
Epoch [62] Testing Results: Prec@1 62.000 Prec@5 90.610             Loss 1.30948
Epoch [62] Testing Class Recall: [0.630,0.893,0.318,0.573,0.340,0.661,0.884,0.643,0.815,0.443]
Epoch [63] Training Results: Prec@1 70.920 Prec@5 90.385             Loss 1.14875
Epoch [63] Training Class Recall: [0.684,0.733,0.655,0.660,0.699,0.698,0.731,0.734,0.746,0.752]
Epoch [63] Testing Results: Prec@1 59.600 Prec@5 90.660             Loss 1.38491
Epoch [63] Testing Class Recall: [0.929,0.909,0.570,0.481,0.571,0.651,0.688,0.338,0.405,0.418]
Epoch [64] Training Results: Prec@1 70.955 Prec@5 90.170             Loss 1.15050
Epoch [64] Training Class Recall: [0.690,0.721,0.663,0.660,0.708,0.703,0.727,0.721,0.748,0.754]
Epoch [64] Testing Results: Prec@1 68.760 Prec@5 94.670             Loss 1.04698
Epoch [64] Testing Class Recall: [0.834,0.844,0.663,0.555,0.664,0.504,0.719,0.741,0.645,0.707]
Epoch [65] Training Results: Prec@1 71.115 Prec@5 90.340             Loss 1.14288
Epoch [65] Training Class Recall: [0.684,0.739,0.658,0.661,0.706,0.697,0.727,0.739,0.748,0.753]
Epoch [65] Testing Results: Prec@1 61.080 Prec@5 92.660             Loss 1.28966
Epoch [65] Testing Class Recall: [0.820,0.937,0.817,0.577,0.611,0.328,0.559,0.526,0.440,0.493]
Epoch [66] Training Results: Prec@1 71.225 Prec@5 90.380             Loss 1.13785
Epoch [66] Training Class Recall: [0.690,0.732,0.673,0.660,0.705,0.701,0.731,0.730,0.748,0.753]
Epoch [66] Testing Results: Prec@1 57.390 Prec@5 87.830             Loss 1.52181
Epoch [66] Testing Class Recall: [0.907,0.943,0.514,0.511,0.726,0.268,0.410,0.521,0.340,0.599]
Epoch [67] Training Results: Prec@1 71.205 Prec@5 90.555             Loss 1.13842
Epoch [67] Training Class Recall: [0.686,0.733,0.663,0.668,0.702,0.708,0.731,0.732,0.744,0.754]
Epoch [67] Testing Results: Prec@1 61.930 Prec@5 92.590             Loss 1.28980
Epoch [67] Testing Class Recall: [0.649,0.815,0.511,0.607,0.727,0.770,0.669,0.531,0.519,0.395]
Epoch [68] Training Results: Prec@1 70.995 Prec@5 90.810             Loss 1.13907
Epoch [68] Training Class Recall: [0.697,0.725,0.656,0.667,0.701,0.701,0.725,0.730,0.745,0.753]
Epoch [68] Testing Results: Prec@1 59.790 Prec@5 90.640             Loss 1.36643
Epoch [68] Testing Class Recall: [0.754,0.979,0.509,0.651,0.603,0.653,0.608,0.454,0.387,0.381]
Epoch [69] Training Results: Prec@1 71.335 Prec@5 90.430             Loss 1.13516
Epoch [69] Training Class Recall: [0.689,0.738,0.665,0.674,0.704,0.695,0.734,0.731,0.749,0.755]
Epoch [69] Testing Results: Prec@1 53.880 Prec@5 85.990             Loss 1.63246
Epoch [69] Testing Class Recall: [0.724,0.963,0.451,0.108,0.422,0.942,0.445,0.309,0.724,0.300]
Epoch [70] Training Results: Prec@1 71.090 Prec@5 90.430             Loss 1.14014
Epoch [70] Training Class Recall: [0.688,0.732,0.665,0.658,0.707,0.695,0.738,0.727,0.743,0.755]
Epoch [70] Testing Results: Prec@1 57.630 Prec@5 88.450             Loss 1.50351
Epoch [70] Testing Class Recall: [0.943,0.702,0.501,0.684,0.733,0.626,0.159,0.575,0.337,0.503]
Epoch [71] Training Results: Prec@1 71.125 Prec@5 90.670             Loss 1.13550
Epoch [71] Training Class Recall: [0.684,0.737,0.655,0.659,0.702,0.701,0.735,0.737,0.746,0.756]
Epoch [71] Testing Results: Prec@1 61.230 Prec@5 90.190             Loss 1.34846
Epoch [71] Testing Class Recall: [0.823,0.952,0.742,0.272,0.768,0.574,0.592,0.514,0.520,0.366]
Epoch [72] Training Results: Prec@1 71.140 Prec@5 90.765             Loss 1.13003
Epoch [72] Training Class Recall: [0.685,0.727,0.666,0.657,0.710,0.701,0.737,0.734,0.744,0.752]
Epoch [72] Testing Results: Prec@1 62.660 Prec@5 90.760             Loss 1.31818
Epoch [72] Testing Class Recall: [0.815,0.925,0.765,0.468,0.727,0.502,0.423,0.692,0.531,0.418]
Epoch [73] Training Results: Prec@1 71.685 Prec@5 90.980             Loss 1.12299
Epoch [73] Training Class Recall: [0.696,0.736,0.668,0.680,0.715,0.698,0.740,0.737,0.746,0.751]
Epoch [73] Testing Results: Prec@1 66.040 Prec@5 92.770             Loss 1.15345
Epoch [73] Testing Class Recall: [0.800,0.843,0.733,0.475,0.744,0.467,0.695,0.544,0.586,0.717]
Epoch [74] Training Results: Prec@1 71.405 Prec@5 90.880             Loss 1.12872
Epoch [74] Training Class Recall: [0.692,0.733,0.667,0.655,0.699,0.715,0.737,0.739,0.750,0.753]
Epoch [74] Testing Results: Prec@1 59.260 Prec@5 90.350             Loss 1.38241
Epoch [74] Testing Class Recall: [0.785,0.985,0.446,0.295,0.680,0.470,0.663,0.611,0.565,0.426]
Epoch [75] Training Results: Prec@1 71.310 Prec@5 91.070             Loss 1.12689
Epoch [75] Training Class Recall: [0.682,0.734,0.668,0.673,0.697,0.706,0.734,0.739,0.746,0.752]
Epoch [75] Testing Results: Prec@1 57.550 Prec@5 87.320             Loss 1.52258
Epoch [75] Testing Class Recall: [0.767,0.966,0.779,0.459,0.750,0.194,0.742,0.406,0.297,0.395]
Epoch [76] Training Results: Prec@1 71.600 Prec@5 91.155             Loss 1.11977
Epoch [76] Training Class Recall: [0.691,0.737,0.680,0.675,0.705,0.701,0.738,0.737,0.744,0.751]
Epoch [76] Testing Results: Prec@1 62.330 Prec@5 89.640             Loss 1.33201
Epoch [76] Testing Class Recall: [0.846,0.853,0.673,0.348,0.755,0.514,0.539,0.366,0.692,0.647]
Epoch [77] Training Results: Prec@1 71.065 Prec@5 91.145             Loss 1.12889
Epoch [77] Training Class Recall: [0.688,0.732,0.666,0.654,0.704,0.697,0.734,0.737,0.740,0.754]
Epoch [77] Testing Results: Prec@1 58.050 Prec@5 87.870             Loss 1.46521
Epoch [77] Testing Class Recall: [0.939,0.853,0.703,0.522,0.552,0.378,0.353,0.641,0.495,0.369]
Epoch [78] Training Results: Prec@1 71.675 Prec@5 91.020             Loss 1.12203
Epoch [78] Training Class Recall: [0.697,0.745,0.663,0.675,0.713,0.704,0.732,0.736,0.747,0.756]
Epoch [78] Testing Results: Prec@1 62.020 Prec@5 90.070             Loss 1.35941
Epoch [78] Testing Class Recall: [0.865,0.864,0.548,0.690,0.727,0.654,0.601,0.445,0.531,0.277]
Epoch [79] Training Results: Prec@1 71.430 Prec@5 91.560             Loss 1.11873
Epoch [79] Training Class Recall: [0.690,0.737,0.661,0.660,0.712,0.708,0.735,0.738,0.749,0.753]
Epoch [79] Testing Results: Prec@1 59.180 Prec@5 88.930             Loss 1.38937
Epoch [79] Testing Class Recall: [0.633,0.947,0.769,0.281,0.445,0.565,0.298,0.774,0.600,0.606]
Epoch [80] Training Results: Prec@1 71.205 Prec@5 91.155             Loss 1.12093
Epoch [80] Training Class Recall: [0.685,0.740,0.664,0.666,0.698,0.709,0.727,0.732,0.744,0.755]
Epoch [80] Testing Results: Prec@1 60.120 Prec@5 88.890             Loss 1.42591
Epoch [80] Testing Class Recall: [0.776,0.900,0.796,0.486,0.759,0.482,0.556,0.504,0.491,0.262]
Epoch [81] Training Results: Prec@1 71.415 Prec@5 91.365             Loss 1.12073
Epoch [81] Training Class Recall: [0.689,0.731,0.662,0.683,0.708,0.699,0.730,0.738,0.751,0.749]
Epoch [81] Testing Results: Prec@1 63.810 Prec@5 91.470             Loss 1.28151
Epoch [81] Testing Class Recall: [0.779,0.930,0.700,0.609,0.533,0.608,0.656,0.516,0.649,0.401]
Epoch [82] Training Results: Prec@1 71.805 Prec@5 91.305             Loss 1.10962
Epoch [82] Training Class Recall: [0.700,0.740,0.675,0.668,0.708,0.706,0.736,0.740,0.754,0.755]
Epoch [82] Testing Results: Prec@1 59.320 Prec@5 88.940             Loss 1.43819
Epoch [82] Testing Class Recall: [0.755,0.820,0.791,0.529,0.570,0.611,0.519,0.461,0.729,0.147]
Epoch [83] Training Results: Prec@1 71.570 Prec@5 91.460             Loss 1.11067
Epoch [83] Training Class Recall: [0.693,0.733,0.670,0.678,0.707,0.698,0.739,0.736,0.750,0.753]
Epoch [83] Testing Results: Prec@1 54.450 Prec@5 87.320             Loss 1.62021
Epoch [83] Testing Class Recall: [0.936,0.856,0.641,0.618,0.313,0.507,0.420,0.452,0.370,0.332]
Epoch [84] Training Results: Prec@1 71.480 Prec@5 91.230             Loss 1.11732
Epoch [84] Training Class Recall: [0.685,0.733,0.671,0.672,0.711,0.705,0.734,0.738,0.746,0.753]
Epoch [84] Testing Results: Prec@1 65.640 Prec@5 92.080             Loss 1.22636
Epoch [84] Testing Class Recall: [0.873,0.884,0.613,0.749,0.472,0.619,0.720,0.602,0.506,0.526]
Epoch [85] Training Results: Prec@1 71.705 Prec@5 91.765             Loss 1.10774
Epoch [85] Training Class Recall: [0.706,0.738,0.665,0.665,0.705,0.714,0.738,0.734,0.748,0.757]
Epoch [85] Testing Results: Prec@1 62.340 Prec@5 89.090             Loss 1.36776
Epoch [85] Testing Class Recall: [0.842,0.942,0.771,0.607,0.676,0.381,0.601,0.593,0.474,0.347]
Epoch [86] Training Results: Prec@1 71.895 Prec@5 91.205             Loss 1.10775
Epoch [86] Training Class Recall: [0.701,0.737,0.685,0.673,0.707,0.707,0.738,0.737,0.747,0.757]
Epoch [86] Testing Results: Prec@1 60.320 Prec@5 89.590             Loss 1.41068
Epoch [86] Testing Class Recall: [0.810,0.934,0.503,0.439,0.560,0.642,0.303,0.778,0.563,0.500]
Epoch [87] Training Results: Prec@1 71.610 Prec@5 91.415             Loss 1.10568
Epoch [87] Training Class Recall: [0.695,0.737,0.659,0.667,0.717,0.707,0.739,0.738,0.745,0.757]
Epoch [87] Testing Results: Prec@1 63.000 Prec@5 92.270             Loss 1.23180
Epoch [87] Testing Class Recall: [0.631,0.869,0.633,0.545,0.440,0.739,0.536,0.719,0.815,0.373]
Epoch [88] Training Results: Prec@1 71.555 Prec@5 91.605             Loss 1.10771
Epoch [88] Training Class Recall: [0.702,0.736,0.680,0.672,0.696,0.701,0.743,0.728,0.741,0.756]
Epoch [88] Testing Results: Prec@1 63.970 Prec@5 92.110             Loss 1.25876
Epoch [88] Testing Class Recall: [0.860,0.825,0.675,0.578,0.650,0.549,0.615,0.458,0.553,0.634]
Epoch [89] Training Results: Prec@1 71.745 Prec@5 91.395             Loss 1.10597
Epoch [89] Training Class Recall: [0.688,0.729,0.681,0.673,0.717,0.700,0.743,0.741,0.747,0.754]
Epoch [89] Testing Results: Prec@1 60.440 Prec@5 88.830             Loss 1.39369
Epoch [89] Testing Class Recall: [0.828,0.954,0.560,0.461,0.537,0.753,0.423,0.569,0.506,0.453]
Epoch [90] Training Results: Prec@1 71.575 Prec@5 91.580             Loss 1.11263
Epoch [90] Training Class Recall: [0.693,0.734,0.678,0.667,0.702,0.708,0.734,0.736,0.751,0.755]
Epoch [90] Testing Results: Prec@1 56.820 Prec@5 89.240             Loss 1.49277
Epoch [90] Testing Class Recall: [0.782,0.886,0.230,0.220,0.479,0.866,0.258,0.663,0.530,0.768]
Epoch [91] Training Results: Prec@1 71.865 Prec@5 91.965             Loss 1.10000
Epoch [91] Training Class Recall: [0.695,0.733,0.666,0.679,0.712,0.715,0.744,0.739,0.751,0.753]
Epoch [91] Testing Results: Prec@1 64.660 Prec@5 92.090             Loss 1.22335
Epoch [91] Testing Class Recall: [0.859,0.885,0.508,0.497,0.663,0.564,0.636,0.476,0.666,0.712]
Epoch [92] Training Results: Prec@1 71.465 Prec@5 91.725             Loss 1.10671
Epoch [92] Training Class Recall: [0.690,0.732,0.669,0.674,0.704,0.705,0.740,0.739,0.744,0.748]
Epoch [92] Testing Results: Prec@1 56.080 Prec@5 87.350             Loss 1.56626
Epoch [92] Testing Class Recall: [0.859,0.923,0.699,0.502,0.543,0.361,0.292,0.806,0.299,0.324]
Epoch [93] Training Results: Prec@1 71.560 Prec@5 92.100             Loss 1.09784
Epoch [93] Training Class Recall: [0.690,0.739,0.673,0.664,0.709,0.699,0.736,0.738,0.749,0.757]
Epoch [93] Testing Results: Prec@1 57.310 Prec@5 88.250             Loss 1.55337
Epoch [93] Testing Class Recall: [0.866,0.739,0.497,0.836,0.644,0.445,0.611,0.233,0.548,0.312]
Epoch [94] Training Results: Prec@1 71.625 Prec@5 91.840             Loss 1.09916
Epoch [94] Training Class Recall: [0.696,0.737,0.665,0.674,0.711,0.706,0.733,0.735,0.749,0.755]
Epoch [94] Testing Results: Prec@1 63.380 Prec@5 90.830             Loss 1.30984
Epoch [94] Testing Class Recall: [0.729,0.777,0.627,0.729,0.514,0.320,0.722,0.823,0.674,0.423]
Epoch [95] Training Results: Prec@1 71.590 Prec@5 91.720             Loss 1.09997
Epoch [95] Training Class Recall: [0.697,0.734,0.674,0.667,0.706,0.711,0.728,0.739,0.746,0.755]
Epoch [95] Testing Results: Prec@1 61.940 Prec@5 90.900             Loss 1.30873
Epoch [95] Testing Class Recall: [0.693,0.866,0.695,0.585,0.656,0.688,0.510,0.681,0.526,0.294]
Epoch [96] Training Results: Prec@1 71.995 Prec@5 92.025             Loss 1.08891
Epoch [96] Training Class Recall: [0.698,0.736,0.686,0.676,0.720,0.711,0.733,0.739,0.749,0.751]
Epoch [96] Testing Results: Prec@1 58.370 Prec@5 89.760             Loss 1.47364
Epoch [96] Testing Class Recall: [0.925,0.766,0.243,0.619,0.328,0.592,0.583,0.611,0.530,0.640]
Epoch [97] Training Results: Prec@1 71.765 Prec@5 92.040             Loss 1.09789
Epoch [97] Training Class Recall: [0.705,0.730,0.670,0.681,0.706,0.706,0.736,0.736,0.749,0.756]
Epoch [97] Testing Results: Prec@1 61.500 Prec@5 90.450             Loss 1.35754
Epoch [97] Testing Class Recall: [0.826,0.720,0.652,0.442,0.853,0.523,0.741,0.637,0.525,0.231]
Epoch [98] Training Results: Prec@1 71.905 Prec@5 92.025             Loss 1.08973
Epoch [98] Training Class Recall: [0.707,0.734,0.677,0.676,0.714,0.702,0.740,0.739,0.746,0.756]
Epoch [98] Testing Results: Prec@1 66.210 Prec@5 91.430             Loss 1.19574
Epoch [98] Testing Class Recall: [0.760,0.914,0.545,0.437,0.695,0.723,0.815,0.586,0.595,0.551]
Epoch [99] Training Results: Prec@1 71.980 Prec@5 92.000             Loss 1.09193
Epoch [99] Training Class Recall: [0.699,0.736,0.666,0.672,0.713,0.714,0.743,0.744,0.755,0.757]
Epoch [99] Testing Results: Prec@1 63.790 Prec@5 90.340             Loss 1.31469
Epoch [99] Testing Class Recall: [0.799,0.946,0.505,0.663,0.792,0.570,0.453,0.397,0.670,0.584]
Epoch [100] Training Results: Prec@1 71.825 Prec@5 92.350             Loss 1.08628
Epoch [100] Training Class Recall: [0.697,0.733,0.678,0.671,0.712,0.714,0.739,0.733,0.749,0.757]
Epoch [100] Testing Results: Prec@1 64.860 Prec@5 90.590             Loss 1.26049
Epoch [100] Testing Class Recall: [0.774,0.914,0.727,0.445,0.564,0.492,0.822,0.523,0.572,0.653]
Epoch [101] Training Results: Prec@1 71.985 Prec@5 92.185             Loss 1.08764
Epoch [101] Training Class Recall: [0.694,0.744,0.673,0.668,0.712,0.712,0.740,0.744,0.754,0.758]
Epoch [101] Testing Results: Prec@1 61.220 Prec@5 89.430             Loss 1.39110
Epoch [101] Testing Class Recall: [0.781,0.908,0.731,0.551,0.755,0.670,0.531,0.427,0.484,0.284]
Epoch [102] Training Results: Prec@1 72.205 Prec@5 92.090             Loss 1.08274
Epoch [102] Training Class Recall: [0.699,0.743,0.689,0.674,0.716,0.709,0.735,0.749,0.751,0.756]
Epoch [102] Testing Results: Prec@1 58.060 Prec@5 86.980             Loss 1.57454
Epoch [102] Testing Class Recall: [0.865,0.944,0.731,0.544,0.637,0.302,0.436,0.641,0.596,0.110]
Epoch [103] Training Results: Prec@1 71.785 Prec@5 92.335             Loss 1.08881
Epoch [103] Training Class Recall: [0.701,0.735,0.665,0.674,0.712,0.704,0.742,0.737,0.754,0.754]
Epoch [103] Testing Results: Prec@1 66.470 Prec@5 92.630             Loss 1.15519
Epoch [103] Testing Class Recall: [0.767,0.874,0.587,0.591,0.673,0.702,0.467,0.575,0.696,0.715]
Epoch [104] Training Results: Prec@1 71.710 Prec@5 92.315             Loss 1.09092
Epoch [104] Training Class Recall: [0.694,0.736,0.676,0.673,0.713,0.714,0.732,0.731,0.746,0.756]
Epoch [104] Testing Results: Prec@1 60.920 Prec@5 91.480             Loss 1.34219
Epoch [104] Testing Class Recall: [0.777,0.978,0.408,0.430,0.771,0.592,0.591,0.596,0.378,0.571]
Epoch [105] Training Results: Prec@1 72.070 Prec@5 92.225             Loss 1.08014
Epoch [105] Training Class Recall: [0.705,0.741,0.683,0.677,0.707,0.711,0.740,0.733,0.753,0.756]
Epoch [105] Testing Results: Prec@1 58.830 Prec@5 87.620             Loss 1.55429
Epoch [105] Testing Class Recall: [0.924,0.905,0.687,0.459,0.621,0.426,0.408,0.612,0.536,0.305]
Epoch [106] Training Results: Prec@1 72.300 Prec@5 92.520             Loss 1.08328
Epoch [106] Training Class Recall: [0.705,0.742,0.691,0.687,0.719,0.706,0.740,0.737,0.751,0.752]
Epoch [106] Testing Results: Prec@1 60.930 Prec@5 89.690             Loss 1.45342
Epoch [106] Testing Class Recall: [0.802,0.885,0.620,0.435,0.574,0.744,0.746,0.257,0.487,0.543]
Epoch [107] Training Results: Prec@1 72.075 Prec@5 92.375             Loss 1.08258
Epoch [107] Training Class Recall: [0.697,0.739,0.674,0.679,0.711,0.716,0.743,0.742,0.751,0.755]
Epoch [107] Testing Results: Prec@1 60.100 Prec@5 88.290             Loss 1.41461
Epoch [107] Testing Class Recall: [0.642,0.951,0.786,0.350,0.562,0.265,0.496,0.640,0.769,0.549]
Epoch [108] Training Results: Prec@1 71.965 Prec@5 92.390             Loss 1.07933
Epoch [108] Training Class Recall: [0.702,0.733,0.676,0.682,0.714,0.704,0.735,0.740,0.752,0.758]
Epoch [108] Testing Results: Prec@1 64.260 Prec@5 91.470             Loss 1.24560
Epoch [108] Testing Class Recall: [0.846,0.781,0.501,0.544,0.629,0.818,0.705,0.447,0.640,0.515]
Epoch [109] Training Results: Prec@1 71.900 Prec@5 92.375             Loss 1.07786
Epoch [109] Training Class Recall: [0.703,0.728,0.671,0.675,0.720,0.709,0.738,0.739,0.751,0.757]
Epoch [109] Testing Results: Prec@1 64.020 Prec@5 92.140             Loss 1.23986
Epoch [109] Testing Class Recall: [0.730,0.776,0.782,0.508,0.730,0.447,0.745,0.515,0.706,0.463]
Epoch [110] Training Results: Prec@1 71.935 Prec@5 92.585             Loss 1.07640
Epoch [110] Training Class Recall: [0.699,0.738,0.676,0.671,0.718,0.707,0.737,0.741,0.754,0.753]
Epoch [110] Testing Results: Prec@1 60.830 Prec@5 88.310             Loss 1.42098
Epoch [110] Testing Class Recall: [0.818,0.960,0.598,0.598,0.515,0.631,0.581,0.618,0.533,0.231]
Epoch [111] Training Results: Prec@1 72.155 Prec@5 92.520             Loss 1.07438
Epoch [111] Training Class Recall: [0.693,0.741,0.678,0.682,0.721,0.715,0.735,0.741,0.754,0.754]
Epoch [111] Testing Results: Prec@1 60.920 Prec@5 89.550             Loss 1.39149
Epoch [111] Testing Class Recall: [0.718,0.691,0.569,0.656,0.648,0.571,0.745,0.489,0.763,0.242]
Epoch [112] Training Results: Prec@1 71.965 Prec@5 92.630             Loss 1.07585
Epoch [112] Training Class Recall: [0.697,0.735,0.682,0.672,0.713,0.712,0.743,0.739,0.748,0.755]
Epoch [112] Testing Results: Prec@1 64.870 Prec@5 92.100             Loss 1.24025
Epoch [112] Testing Class Recall: [0.838,0.831,0.697,0.427,0.570,0.677,0.593,0.735,0.484,0.635]
Epoch [113] Training Results: Prec@1 72.275 Prec@5 92.460             Loss 1.07612
Epoch [113] Training Class Recall: [0.699,0.740,0.686,0.679,0.720,0.713,0.744,0.742,0.752,0.753]
Epoch [113] Testing Results: Prec@1 64.950 Prec@5 92.230             Loss 1.19364
Epoch [113] Testing Class Recall: [0.775,0.837,0.515,0.413,0.651,0.585,0.616,0.814,0.492,0.797]
Epoch [114] Training Results: Prec@1 72.110 Prec@5 92.635             Loss 1.07243
Epoch [114] Training Class Recall: [0.700,0.738,0.674,0.678,0.711,0.712,0.746,0.743,0.756,0.754]
Epoch [114] Testing Results: Prec@1 64.080 Prec@5 91.570             Loss 1.27116
Epoch [114] Testing Class Recall: [0.767,0.756,0.474,0.698,0.686,0.631,0.723,0.549,0.367,0.757]
Epoch [115] Training Results: Prec@1 72.010 Prec@5 92.855             Loss 1.07316
Epoch [115] Training Class Recall: [0.704,0.735,0.675,0.673,0.719,0.711,0.739,0.735,0.756,0.754]
Epoch [115] Testing Results: Prec@1 60.310 Prec@5 88.740             Loss 1.45814
Epoch [115] Testing Class Recall: [0.751,0.899,0.768,0.682,0.604,0.456,0.595,0.387,0.433,0.456]
Epoch [116] Training Results: Prec@1 72.210 Prec@5 92.500             Loss 1.06853
Epoch [116] Training Class Recall: [0.703,0.741,0.693,0.679,0.705,0.713,0.740,0.739,0.751,0.757]
Epoch [116] Testing Results: Prec@1 58.280 Prec@5 87.570             Loss 1.48619
Epoch [116] Testing Class Recall: [0.867,0.938,0.682,0.533,0.431,0.451,0.631,0.406,0.550,0.339]
Epoch [117] Training Results: Prec@1 72.335 Prec@5 92.715             Loss 1.07327
Epoch [117] Training Class Recall: [0.711,0.745,0.679,0.681,0.707,0.713,0.745,0.747,0.751,0.754]
Epoch [117] Testing Results: Prec@1 62.660 Prec@5 90.810             Loss 1.33660
Epoch [117] Testing Class Recall: [0.737,0.811,0.763,0.541,0.688,0.540,0.787,0.362,0.551,0.486]
Epoch [118] Training Results: Prec@1 72.270 Prec@5 92.840             Loss 1.06673
Epoch [118] Training Class Recall: [0.701,0.728,0.689,0.686,0.717,0.714,0.739,0.749,0.749,0.754]
Epoch [118] Testing Results: Prec@1 61.990 Prec@5 88.780             Loss 1.42474
Epoch [118] Testing Class Recall: [0.827,0.919,0.680,0.535,0.690,0.591,0.411,0.595,0.558,0.393]
Epoch [119] Training Results: Prec@1 72.425 Prec@5 92.755             Loss 1.06666
Epoch [119] Training Class Recall: [0.702,0.751,0.691,0.673,0.717,0.716,0.744,0.739,0.754,0.755]
Epoch [119] Testing Results: Prec@1 59.490 Prec@5 89.140             Loss 1.47234
Epoch [119] Testing Class Recall: [0.833,0.698,0.667,0.603,0.735,0.352,0.582,0.559,0.689,0.231]
Epoch [120] Training Results: Prec@1 72.160 Prec@5 92.800             Loss 1.06853
Epoch [120] Training Class Recall: [0.701,0.729,0.686,0.677,0.716,0.719,0.741,0.739,0.753,0.756]
Epoch [120] Testing Results: Prec@1 57.510 Prec@5 87.180             Loss 1.50264
Epoch [120] Testing Class Recall: [0.719,0.856,0.495,0.447,0.575,0.744,0.854,0.275,0.582,0.204]
Epoch [121] Training Results: Prec@1 72.100 Prec@5 92.825             Loss 1.06312
Epoch [121] Training Class Recall: [0.699,0.739,0.678,0.666,0.718,0.714,0.740,0.742,0.752,0.761]
Epoch [121] Testing Results: Prec@1 60.020 Prec@5 90.600             Loss 1.43713
Epoch [121] Testing Class Recall: [0.926,0.752,0.401,0.590,0.717,0.624,0.729,0.468,0.464,0.331]
Epoch [122] Training Results: Prec@1 72.295 Prec@5 92.845             Loss 1.06052
Epoch [122] Training Class Recall: [0.701,0.737,0.679,0.675,0.712,0.718,0.743,0.747,0.755,0.761]
Epoch [122] Testing Results: Prec@1 61.160 Prec@5 90.080             Loss 1.40014
Epoch [122] Testing Class Recall: [0.875,0.970,0.598,0.465,0.549,0.480,0.747,0.544,0.447,0.441]
Epoch [123] Training Results: Prec@1 72.295 Prec@5 93.115             Loss 1.05879
Epoch [123] Training Class Recall: [0.702,0.743,0.678,0.687,0.712,0.714,0.747,0.740,0.752,0.755]
Epoch [123] Testing Results: Prec@1 63.210 Prec@5 90.680             Loss 1.26620
Epoch [123] Testing Class Recall: [0.766,0.769,0.408,0.464,0.780,0.662,0.827,0.383,0.737,0.525]
Epoch [124] Training Results: Prec@1 72.205 Prec@5 92.960             Loss 1.05770
Epoch [124] Training Class Recall: [0.700,0.744,0.669,0.681,0.714,0.712,0.749,0.744,0.753,0.755]
Epoch [124] Testing Results: Prec@1 64.680 Prec@5 92.520             Loss 1.20682
Epoch [124] Testing Class Recall: [0.710,0.873,0.752,0.510,0.552,0.509,0.717,0.696,0.499,0.650]
Epoch [125] Training Results: Prec@1 72.265 Prec@5 92.980             Loss 1.06774
Epoch [125] Training Class Recall: [0.704,0.732,0.680,0.679,0.716,0.720,0.741,0.739,0.754,0.762]
Epoch [125] Testing Results: Prec@1 57.700 Prec@5 86.910             Loss 1.71086
Epoch [125] Testing Class Recall: [0.847,0.920,0.623,0.740,0.653,0.312,0.522,0.458,0.459,0.236]
Epoch [126] Training Results: Prec@1 72.510 Prec@5 93.040             Loss 1.05561
Epoch [126] Training Class Recall: [0.694,0.748,0.686,0.688,0.710,0.717,0.747,0.745,0.755,0.761]
Epoch [126] Testing Results: Prec@1 60.840 Prec@5 88.590             Loss 1.41641
Epoch [126] Testing Class Recall: [0.741,0.913,0.389,0.285,0.691,0.794,0.794,0.645,0.510,0.322]
Epoch [127] Training Results: Prec@1 72.555 Prec@5 93.445             Loss 1.05346
Epoch [127] Training Class Recall: [0.706,0.744,0.681,0.678,0.719,0.728,0.740,0.745,0.750,0.764]
Epoch [127] Testing Results: Prec@1 60.540 Prec@5 90.410             Loss 1.40702
Epoch [127] Testing Class Recall: [0.766,0.900,0.774,0.553,0.650,0.450,0.466,0.596,0.552,0.347]
Epoch [128] Training Results: Prec@1 72.200 Prec@5 93.075             Loss 1.05823
Epoch [128] Training Class Recall: [0.694,0.738,0.681,0.672,0.722,0.710,0.754,0.736,0.753,0.761]
Epoch [128] Testing Results: Prec@1 57.170 Prec@5 86.870             Loss 1.58496
Epoch [128] Testing Class Recall: [0.673,0.987,0.538,0.657,0.710,0.565,0.324,0.453,0.562,0.248]
Epoch [129] Training Results: Prec@1 72.120 Prec@5 92.835             Loss 1.06806
Epoch [129] Training Class Recall: [0.696,0.732,0.681,0.679,0.719,0.711,0.741,0.746,0.755,0.752]
Epoch [129] Testing Results: Prec@1 65.560 Prec@5 91.970             Loss 1.21490
Epoch [129] Testing Class Recall: [0.720,0.879,0.587,0.801,0.650,0.499,0.646,0.568,0.720,0.486]
Epoch [130] Training Results: Prec@1 72.400 Prec@5 93.050             Loss 1.06131
Epoch [130] Training Class Recall: [0.705,0.738,0.680,0.678,0.719,0.717,0.746,0.744,0.754,0.759]
Epoch [130] Testing Results: Prec@1 61.940 Prec@5 91.110             Loss 1.34933
Epoch [130] Testing Class Recall: [0.791,0.922,0.542,0.540,0.583,0.812,0.550,0.449,0.539,0.466]
Epoch [131] Training Results: Prec@1 72.490 Prec@5 93.345             Loss 1.05507
Epoch [131] Training Class Recall: [0.696,0.744,0.692,0.695,0.705,0.715,0.749,0.742,0.755,0.755]
Epoch [131] Testing Results: Prec@1 66.010 Prec@5 92.610             Loss 1.18910
Epoch [131] Testing Class Recall: [0.776,0.896,0.570,0.636,0.667,0.682,0.701,0.537,0.406,0.730]
Epoch [132] Training Results: Prec@1 72.270 Prec@5 93.205             Loss 1.05619
Epoch [132] Training Class Recall: [0.701,0.733,0.680,0.680,0.720,0.714,0.747,0.749,0.745,0.758]
Epoch [132] Testing Results: Prec@1 61.820 Prec@5 91.260             Loss 1.36018
Epoch [132] Testing Class Recall: [0.863,0.774,0.721,0.576,0.724,0.385,0.637,0.541,0.551,0.410]
Epoch [133] Training Results: Prec@1 72.405 Prec@5 93.180             Loss 1.05354
Epoch [133] Training Class Recall: [0.706,0.731,0.687,0.680,0.717,0.721,0.743,0.746,0.752,0.757]
Epoch [133] Testing Results: Prec@1 62.480 Prec@5 90.230             Loss 1.34098
Epoch [133] Testing Class Recall: [0.597,0.881,0.710,0.417,0.535,0.787,0.375,0.501,0.714,0.731]
Epoch [134] Training Results: Prec@1 72.305 Prec@5 93.340             Loss 1.05010
Epoch [134] Training Class Recall: [0.705,0.734,0.690,0.688,0.710,0.713,0.742,0.738,0.751,0.760]
Epoch [134] Testing Results: Prec@1 58.640 Prec@5 89.390             Loss 1.46611
Epoch [134] Testing Class Recall: [0.886,0.810,0.430,0.515,0.407,0.785,0.668,0.409,0.467,0.487]
Epoch [135] Training Results: Prec@1 71.995 Prec@5 93.295             Loss 1.05967
Epoch [135] Training Class Recall: [0.702,0.730,0.687,0.679,0.719,0.700,0.739,0.738,0.747,0.757]
Epoch [135] Testing Results: Prec@1 63.990 Prec@5 90.860             Loss 1.31938
Epoch [135] Testing Class Recall: [0.741,0.881,0.675,0.610,0.538,0.635,0.805,0.414,0.675,0.425]
Epoch [136] Training Results: Prec@1 72.425 Prec@5 93.510             Loss 1.04930
Epoch [136] Training Class Recall: [0.699,0.741,0.684,0.677,0.717,0.721,0.741,0.744,0.756,0.761]
Epoch [136] Testing Results: Prec@1 58.300 Prec@5 88.160             Loss 1.52321
Epoch [136] Testing Class Recall: [0.844,0.812,0.562,0.264,0.674,0.668,0.914,0.410,0.352,0.330]
Epoch [137] Training Results: Prec@1 72.510 Prec@5 93.425             Loss 1.04636
Epoch [137] Training Class Recall: [0.705,0.745,0.689,0.691,0.716,0.711,0.743,0.744,0.747,0.759]
Epoch [137] Testing Results: Prec@1 59.440 Prec@5 87.860             Loss 1.44528
Epoch [137] Testing Class Recall: [0.597,0.949,0.541,0.427,0.602,0.807,0.778,0.291,0.410,0.542]
Epoch [138] Training Results: Prec@1 72.140 Prec@5 93.450             Loss 1.05668
Epoch [138] Training Class Recall: [0.696,0.729,0.687,0.682,0.709,0.727,0.746,0.732,0.746,0.759]
Epoch [138] Testing Results: Prec@1 64.300 Prec@5 91.860             Loss 1.25182
Epoch [138] Testing Class Recall: [0.729,0.811,0.741,0.451,0.764,0.563,0.436,0.584,0.605,0.746]
Epoch [139] Training Results: Prec@1 72.370 Prec@5 93.525             Loss 1.04747
Epoch [139] Training Class Recall: [0.704,0.741,0.685,0.682,0.716,0.713,0.745,0.740,0.754,0.758]
Epoch [139] Testing Results: Prec@1 65.040 Prec@5 91.630             Loss 1.24865
Epoch [139] Testing Class Recall: [0.647,0.966,0.690,0.495,0.697,0.612,0.584,0.711,0.624,0.478]
Epoch [140] Training Results: Prec@1 72.670 Prec@5 93.520             Loss 1.04162
Epoch [140] Training Class Recall: [0.701,0.750,0.689,0.685,0.716,0.719,0.745,0.741,0.757,0.765]
Epoch [140] Testing Results: Prec@1 59.240 Prec@5 88.760             Loss 1.44235
Epoch [140] Testing Class Recall: [0.817,0.904,0.533,0.575,0.532,0.303,0.896,0.395,0.528,0.441]
Epoch [141] Training Results: Prec@1 72.600 Prec@5 93.575             Loss 1.03892
Epoch [141] Training Class Recall: [0.703,0.739,0.689,0.695,0.721,0.713,0.751,0.741,0.747,0.759]
Epoch [141] Testing Results: Prec@1 61.790 Prec@5 91.160             Loss 1.34883
Epoch [141] Testing Class Recall: [0.781,0.852,0.725,0.529,0.660,0.636,0.747,0.401,0.443,0.405]
Epoch [142] Training Results: Prec@1 72.215 Prec@5 93.310             Loss 1.04658
Epoch [142] Training Class Recall: [0.703,0.739,0.684,0.679,0.705,0.717,0.746,0.738,0.755,0.755]
Epoch [142] Testing Results: Prec@1 61.930 Prec@5 90.750             Loss 1.34224
Epoch [142] Testing Class Recall: [0.673,0.896,0.786,0.285,0.721,0.701,0.608,0.451,0.549,0.523]
Epoch [143] Training Results: Prec@1 72.440 Prec@5 93.375             Loss 1.04979
Epoch [143] Training Class Recall: [0.708,0.741,0.680,0.692,0.709,0.713,0.738,0.738,0.761,0.764]
Epoch [143] Testing Results: Prec@1 61.630 Prec@5 91.390             Loss 1.31980
Epoch [143] Testing Class Recall: [0.632,0.899,0.802,0.379,0.708,0.555,0.532,0.603,0.458,0.595]
Epoch [144] Training Results: Prec@1 72.415 Prec@5 93.660             Loss 1.04233
Epoch [144] Training Class Recall: [0.707,0.742,0.698,0.685,0.706,0.714,0.739,0.740,0.752,0.759]
Epoch [144] Testing Results: Prec@1 58.150 Prec@5 91.430             Loss 1.46878
Epoch [144] Testing Class Recall: [0.653,0.715,0.276,0.809,0.627,0.550,0.659,0.518,0.517,0.491]
Epoch [145] Training Results: Prec@1 72.650 Prec@5 93.490             Loss 1.03798
Epoch [145] Training Class Recall: [0.704,0.749,0.687,0.691,0.714,0.722,0.745,0.742,0.751,0.759]
Epoch [145] Testing Results: Prec@1 59.450 Prec@5 90.540             Loss 1.45500
Epoch [145] Testing Class Recall: [0.883,0.719,0.451,0.536,0.478,0.702,0.848,0.376,0.332,0.620]
Epoch [146] Training Results: Prec@1 72.180 Prec@5 93.480             Loss 1.04869
Epoch [146] Training Class Recall: [0.693,0.733,0.690,0.678,0.707,0.712,0.747,0.745,0.749,0.763]
Epoch [146] Testing Results: Prec@1 62.230 Prec@5 89.130             Loss 1.43316
Epoch [146] Testing Class Recall: [0.835,0.933,0.619,0.508,0.808,0.424,0.579,0.603,0.544,0.370]
Epoch [147] Training Results: Prec@1 72.495 Prec@5 93.545             Loss 1.04223
Epoch [147] Training Class Recall: [0.694,0.736,0.684,0.688,0.711,0.719,0.750,0.751,0.755,0.761]
Epoch [147] Testing Results: Prec@1 61.740 Prec@5 90.700             Loss 1.38497
Epoch [147] Testing Class Recall: [0.647,0.916,0.819,0.509,0.538,0.581,0.748,0.430,0.563,0.423]
Epoch [148] Training Results: Prec@1 72.255 Prec@5 93.555             Loss 1.04286
Epoch [148] Training Class Recall: [0.694,0.735,0.683,0.683,0.717,0.712,0.744,0.741,0.757,0.760]
Epoch [148] Testing Results: Prec@1 62.270 Prec@5 90.590             Loss 1.32090
Epoch [148] Testing Class Recall: [0.619,0.844,0.615,0.553,0.453,0.675,0.345,0.656,0.675,0.792]
Epoch [149] Training Results: Prec@1 72.210 Prec@5 93.505             Loss 1.04558
Epoch [149] Training Class Recall: [0.703,0.739,0.684,0.675,0.716,0.711,0.739,0.742,0.755,0.756]
Epoch [149] Testing Results: Prec@1 57.410 Prec@5 87.570             Loss 1.59522
Epoch [149] Testing Class Recall: [0.790,0.903,0.816,0.537,0.511,0.664,0.384,0.385,0.464,0.287]
Epoch [150] Training Results: Prec@1 72.390 Prec@5 93.790             Loss 1.04118
Epoch [150] Training Class Recall: [0.700,0.737,0.695,0.683,0.715,0.718,0.743,0.738,0.749,0.760]
Epoch [150] Testing Results: Prec@1 58.850 Prec@5 87.190             Loss 1.59065
Epoch [150] Testing Class Recall: [0.723,0.930,0.818,0.281,0.746,0.615,0.567,0.302,0.434,0.469]
Epoch [151] Training Results: Prec@1 72.350 Prec@5 93.560             Loss 1.04118
Epoch [151] Training Class Recall: [0.707,0.734,0.679,0.677,0.717,0.723,0.738,0.742,0.755,0.763]
Epoch [151] Testing Results: Prec@1 59.320 Prec@5 89.910             Loss 1.43385
Epoch [151] Testing Class Recall: [0.713,0.741,0.477,0.520,0.793,0.393,0.526,0.764,0.299,0.706]
Epoch [152] Training Results: Prec@1 72.120 Prec@5 93.685             Loss 1.04111
Epoch [152] Training Class Recall: [0.698,0.735,0.672,0.684,0.715,0.705,0.752,0.743,0.749,0.758]
Epoch [152] Testing Results: Prec@1 62.690 Prec@5 90.670             Loss 1.30942
Epoch [152] Testing Class Recall: [0.770,0.908,0.638,0.622,0.535,0.598,0.626,0.529,0.341,0.702]
Epoch [153] Training Results: Prec@1 72.505 Prec@5 93.745             Loss 1.03335
Epoch [153] Training Class Recall: [0.703,0.734,0.687,0.677,0.720,0.722,0.745,0.743,0.761,0.758]
Epoch [153] Testing Results: Prec@1 60.440 Prec@5 88.440             Loss 1.48418
Epoch [153] Testing Class Recall: [0.905,0.937,0.553,0.402,0.369,0.635,0.674,0.648,0.587,0.334]
Epoch [154] Training Results: Prec@1 72.645 Prec@5 93.840             Loss 1.03140
Epoch [154] Training Class Recall: [0.688,0.745,0.684,0.689,0.723,0.718,0.754,0.739,0.758,0.767]
Epoch [154] Testing Results: Prec@1 63.340 Prec@5 90.860             Loss 1.35020
Epoch [154] Testing Class Recall: [0.853,0.865,0.520,0.699,0.522,0.540,0.495,0.597,0.672,0.571]
Epoch [155] Training Results: Prec@1 72.785 Prec@5 93.870             Loss 1.02619
Epoch [155] Training Class Recall: [0.700,0.742,0.690,0.691,0.724,0.720,0.743,0.747,0.757,0.763]
Epoch [155] Testing Results: Prec@1 63.760 Prec@5 90.460             Loss 1.30127
Epoch [155] Testing Class Recall: [0.848,0.770,0.328,0.438,0.731,0.710,0.668,0.463,0.750,0.670]
Epoch [156] Training Results: Prec@1 72.450 Prec@5 94.055             Loss 1.03121
Epoch [156] Training Class Recall: [0.698,0.737,0.675,0.682,0.723,0.713,0.751,0.746,0.756,0.763]
Epoch [156] Testing Results: Prec@1 58.570 Prec@5 87.970             Loss 1.59971
Epoch [156] Testing Class Recall: [0.817,0.695,0.757,0.715,0.592,0.395,0.364,0.286,0.691,0.545]
Epoch [157] Training Results: Prec@1 72.290 Prec@5 93.770             Loss 1.04012
Epoch [157] Training Class Recall: [0.699,0.738,0.683,0.675,0.722,0.704,0.745,0.740,0.758,0.765]
Epoch [157] Testing Results: Prec@1 61.980 Prec@5 89.070             Loss 1.38757
Epoch [157] Testing Class Recall: [0.800,0.897,0.405,0.703,0.684,0.445,0.722,0.582,0.319,0.641]
Epoch [158] Training Results: Prec@1 72.645 Prec@5 93.675             Loss 1.03665
Epoch [158] Training Class Recall: [0.702,0.743,0.679,0.691,0.714,0.722,0.748,0.748,0.762,0.755]
Epoch [158] Testing Results: Prec@1 62.880 Prec@5 89.660             Loss 1.36430
Epoch [158] Testing Class Recall: [0.723,0.902,0.516,0.655,0.738,0.548,0.680,0.413,0.454,0.659]
Epoch [159] Training Results: Prec@1 72.535 Prec@5 93.750             Loss 1.03325
Epoch [159] Training Class Recall: [0.702,0.732,0.694,0.676,0.708,0.718,0.757,0.744,0.761,0.761]
Epoch [159] Testing Results: Prec@1 62.600 Prec@5 91.040             Loss 1.30012
Epoch [159] Testing Class Recall: [0.801,0.852,0.668,0.558,0.552,0.526,0.675,0.633,0.490,0.505]
Epoch [160] Training Results: Prec@1 74.280 Prec@5 94.900             Loss 0.96812
Epoch [160] Training Class Recall: [0.694,0.752,0.700,0.730,0.738,0.744,0.764,0.759,0.772,0.775]
Epoch [160] Testing Results: Prec@1 65.740 Prec@5 91.680             Loss 1.22136
Epoch [160] Testing Class Recall: [0.802,0.906,0.645,0.644,0.685,0.608,0.658,0.589,0.588,0.449]
Epoch [161] Training Results: Prec@1 75.035 Prec@5 95.590             Loss 0.92590
Epoch [161] Training Class Recall: [0.725,0.755,0.720,0.731,0.745,0.749,0.772,0.766,0.769,0.773]
Epoch [161] Testing Results: Prec@1 66.000 Prec@5 91.770             Loss 1.21740
Epoch [161] Testing Class Recall: [0.840,0.899,0.661,0.661,0.671,0.593,0.653,0.607,0.553,0.462]
Epoch [162] Training Results: Prec@1 75.260 Prec@5 95.470             Loss 0.90853
Epoch [162] Training Class Recall: [0.732,0.759,0.721,0.732,0.752,0.752,0.771,0.769,0.766,0.773]
Epoch [162] Testing Results: Prec@1 66.400 Prec@5 91.540             Loss 1.21632
Epoch [162] Testing Class Recall: [0.831,0.924,0.673,0.652,0.698,0.587,0.640,0.601,0.571,0.463]
Epoch [163] Training Results: Prec@1 75.295 Prec@5 95.880             Loss 0.89682
Epoch [163] Training Class Recall: [0.733,0.757,0.732,0.730,0.752,0.748,0.770,0.766,0.771,0.770]
Epoch [163] Testing Results: Prec@1 66.650 Prec@5 91.800             Loss 1.20146
Epoch [163] Testing Class Recall: [0.839,0.915,0.658,0.662,0.710,0.610,0.641,0.583,0.577,0.470]
Epoch [164] Training Results: Prec@1 75.675 Prec@5 95.935             Loss 0.89046
Epoch [164] Training Class Recall: [0.741,0.761,0.734,0.735,0.756,0.759,0.773,0.768,0.767,0.774]
Epoch [164] Testing Results: Prec@1 66.870 Prec@5 91.680             Loss 1.20854
Epoch [164] Testing Class Recall: [0.844,0.916,0.662,0.661,0.703,0.597,0.658,0.599,0.578,0.469]
Epoch [165] Training Results: Prec@1 75.880 Prec@5 96.100             Loss 0.87645
Epoch [165] Training Class Recall: [0.740,0.762,0.734,0.739,0.757,0.760,0.780,0.769,0.771,0.775]
Epoch [165] Testing Results: Prec@1 66.380 Prec@5 91.410             Loss 1.23860
Epoch [165] Testing Class Recall: [0.844,0.919,0.666,0.672,0.694,0.595,0.648,0.588,0.567,0.445]
Epoch [166] Training Results: Prec@1 75.795 Prec@5 96.310             Loss 0.87077
Epoch [166] Training Class Recall: [0.740,0.759,0.732,0.738,0.762,0.759,0.772,0.768,0.770,0.778]
Epoch [166] Testing Results: Prec@1 66.640 Prec@5 91.600             Loss 1.22082
Epoch [166] Testing Class Recall: [0.850,0.903,0.665,0.670,0.686,0.623,0.653,0.566,0.584,0.464]
Epoch [167] Training Results: Prec@1 75.930 Prec@5 96.215             Loss 0.87032
Epoch [167] Training Class Recall: [0.741,0.766,0.739,0.741,0.754,0.762,0.777,0.766,0.769,0.778]
Epoch [167] Testing Results: Prec@1 66.930 Prec@5 91.560             Loss 1.21905
Epoch [167] Testing Class Recall: [0.854,0.916,0.652,0.672,0.699,0.617,0.664,0.582,0.558,0.479]
Epoch [168] Training Results: Prec@1 76.235 Prec@5 96.190             Loss 0.86484
Epoch [168] Training Class Recall: [0.745,0.768,0.740,0.743,0.764,0.763,0.777,0.775,0.767,0.781]
Epoch [168] Testing Results: Prec@1 66.520 Prec@5 91.620             Loss 1.23322
Epoch [168] Testing Class Recall: [0.849,0.915,0.660,0.674,0.700,0.609,0.648,0.565,0.557,0.475]
Epoch [169] Training Results: Prec@1 76.245 Prec@5 96.335             Loss 0.85441
Epoch [169] Training Class Recall: [0.750,0.767,0.748,0.746,0.765,0.760,0.775,0.769,0.771,0.773]
Epoch [169] Testing Results: Prec@1 66.610 Prec@5 91.430             Loss 1.24108
Epoch [169] Testing Class Recall: [0.853,0.921,0.652,0.679,0.718,0.588,0.651,0.573,0.567,0.459]
Epoch [170] Training Results: Prec@1 76.390 Prec@5 96.530             Loss 0.85284
Epoch [170] Training Class Recall: [0.749,0.767,0.737,0.750,0.765,0.759,0.787,0.775,0.772,0.779]
Epoch [170] Testing Results: Prec@1 66.530 Prec@5 91.250             Loss 1.25238
Epoch [170] Testing Class Recall: [0.862,0.922,0.662,0.674,0.705,0.592,0.635,0.576,0.558,0.467]
Epoch [171] Training Results: Prec@1 76.095 Prec@5 96.260             Loss 0.85523
Epoch [171] Training Class Recall: [0.750,0.769,0.734,0.745,0.759,0.758,0.777,0.770,0.770,0.778]
Epoch [171] Testing Results: Prec@1 66.480 Prec@5 91.410             Loss 1.23933
Epoch [171] Testing Class Recall: [0.821,0.916,0.649,0.679,0.728,0.608,0.660,0.543,0.587,0.457]
Epoch [172] Training Results: Prec@1 76.575 Prec@5 96.435             Loss 0.84412
Epoch [172] Training Class Recall: [0.754,0.767,0.749,0.741,0.762,0.767,0.781,0.776,0.779,0.781]
Epoch [172] Testing Results: Prec@1 66.300 Prec@5 91.150             Loss 1.26502
Epoch [172] Testing Class Recall: [0.854,0.917,0.674,0.664,0.714,0.565,0.637,0.588,0.573,0.444]
Epoch [173] Training Results: Prec@1 76.330 Prec@5 96.535             Loss 0.84525
Epoch [173] Training Class Recall: [0.748,0.765,0.750,0.740,0.764,0.765,0.776,0.776,0.771,0.778]
Epoch [173] Testing Results: Prec@1 66.230 Prec@5 91.220             Loss 1.26472
Epoch [173] Testing Class Recall: [0.852,0.926,0.665,0.648,0.717,0.602,0.654,0.563,0.552,0.444]
Epoch [174] Training Results: Prec@1 76.475 Prec@5 96.640             Loss 0.84025
Epoch [174] Training Class Recall: [0.748,0.768,0.752,0.751,0.758,0.767,0.776,0.778,0.773,0.778]
Epoch [174] Testing Results: Prec@1 66.530 Prec@5 91.150             Loss 1.25756
Epoch [174] Testing Class Recall: [0.843,0.922,0.665,0.658,0.727,0.604,0.628,0.566,0.561,0.479]
Epoch [175] Training Results: Prec@1 76.460 Prec@5 96.415             Loss 0.84251
Epoch [175] Training Class Recall: [0.752,0.762,0.744,0.745,0.764,0.763,0.782,0.776,0.778,0.780]
Epoch [175] Testing Results: Prec@1 66.660 Prec@5 91.380             Loss 1.25301
Epoch [175] Testing Class Recall: [0.849,0.921,0.658,0.682,0.717,0.588,0.647,0.573,0.558,0.473]
Epoch [176] Training Results: Prec@1 76.345 Prec@5 96.745             Loss 0.83629
Epoch [176] Training Class Recall: [0.751,0.765,0.742,0.746,0.765,0.756,0.780,0.773,0.775,0.781]
Epoch [176] Testing Results: Prec@1 66.550 Prec@5 91.310             Loss 1.26300
Epoch [176] Testing Class Recall: [0.858,0.917,0.649,0.659,0.717,0.598,0.650,0.576,0.553,0.478]
Epoch [177] Training Results: Prec@1 76.505 Prec@5 96.520             Loss 0.83318
Epoch [177] Training Class Recall: [0.752,0.764,0.746,0.743,0.759,0.768,0.783,0.777,0.775,0.783]
Epoch [177] Testing Results: Prec@1 66.500 Prec@5 91.190             Loss 1.26117
Epoch [177] Testing Class Recall: [0.856,0.921,0.654,0.617,0.736,0.587,0.681,0.573,0.542,0.483]
Epoch [178] Training Results: Prec@1 76.525 Prec@5 96.650             Loss 0.83475
Epoch [178] Training Class Recall: [0.747,0.762,0.748,0.750,0.763,0.768,0.783,0.778,0.776,0.778]
Epoch [178] Testing Results: Prec@1 66.200 Prec@5 91.170             Loss 1.26725
Epoch [178] Testing Class Recall: [0.848,0.912,0.665,0.658,0.709,0.596,0.653,0.552,0.555,0.472]
Epoch [179] Training Results: Prec@1 76.835 Prec@5 96.810             Loss 0.82750
Epoch [179] Training Class Recall: [0.757,0.768,0.749,0.753,0.763,0.768,0.787,0.779,0.775,0.784]
Epoch [179] Testing Results: Prec@1 66.380 Prec@5 91.450             Loss 1.25283
Epoch [179] Testing Class Recall: [0.836,0.922,0.653,0.655,0.696,0.589,0.658,0.587,0.570,0.472]
Epoch [180] Training Results: Prec@1 76.870 Prec@5 96.740             Loss 0.82532
Epoch [180] Training Class Recall: [0.758,0.771,0.746,0.753,0.766,0.772,0.786,0.776,0.778,0.780]
Epoch [180] Testing Results: Prec@1 66.380 Prec@5 91.240             Loss 1.26475
Epoch [180] Testing Class Recall: [0.834,0.920,0.674,0.632,0.711,0.604,0.650,0.550,0.565,0.498]
Epoch [181] Training Results: Prec@1 76.885 Prec@5 96.790             Loss 0.82507
Epoch [181] Training Class Recall: [0.756,0.768,0.746,0.754,0.768,0.773,0.785,0.776,0.778,0.785]
Epoch [181] Testing Results: Prec@1 66.010 Prec@5 91.070             Loss 1.28396
Epoch [181] Testing Class Recall: [0.840,0.920,0.667,0.658,0.708,0.606,0.640,0.548,0.556,0.458]
Epoch [182] Training Results: Prec@1 76.700 Prec@5 96.795             Loss 0.82838
Epoch [182] Training Class Recall: [0.748,0.767,0.756,0.752,0.757,0.771,0.785,0.777,0.776,0.781]
Epoch [182] Testing Results: Prec@1 66.190 Prec@5 91.380             Loss 1.26559
Epoch [182] Testing Class Recall: [0.833,0.910,0.645,0.672,0.719,0.602,0.654,0.566,0.560,0.458]
Epoch [183] Training Results: Prec@1 76.705 Prec@5 96.600             Loss 0.82696
Epoch [183] Training Class Recall: [0.752,0.768,0.749,0.740,0.768,0.770,0.786,0.778,0.777,0.782]
Epoch [183] Testing Results: Prec@1 65.830 Prec@5 91.010             Loss 1.28594
Epoch [183] Testing Class Recall: [0.851,0.916,0.670,0.635,0.718,0.596,0.649,0.533,0.557,0.458]
Epoch [184] Training Results: Prec@1 76.600 Prec@5 96.710             Loss 0.82826
Epoch [184] Training Class Recall: [0.748,0.766,0.748,0.741,0.762,0.770,0.785,0.781,0.780,0.780]
Epoch [184] Testing Results: Prec@1 66.010 Prec@5 91.100             Loss 1.27874
Epoch [184] Testing Class Recall: [0.841,0.913,0.673,0.657,0.714,0.595,0.645,0.545,0.551,0.467]
Epoch [185] Training Results: Prec@1 76.970 Prec@5 96.790             Loss 0.82209
Epoch [185] Training Class Recall: [0.755,0.771,0.752,0.751,0.768,0.772,0.785,0.780,0.777,0.785]
Epoch [185] Testing Results: Prec@1 66.170 Prec@5 91.090             Loss 1.27923
Epoch [185] Testing Class Recall: [0.829,0.915,0.683,0.653,0.709,0.587,0.667,0.572,0.553,0.449]
Epoch [186] Training Results: Prec@1 76.510 Prec@5 96.570             Loss 0.83086
Epoch [186] Training Class Recall: [0.749,0.763,0.749,0.741,0.763,0.764,0.782,0.777,0.779,0.784]
Epoch [186] Testing Results: Prec@1 66.220 Prec@5 91.190             Loss 1.28082
Epoch [186] Testing Class Recall: [0.850,0.915,0.645,0.677,0.721,0.603,0.641,0.547,0.562,0.461]
Epoch [187] Training Results: Prec@1 76.690 Prec@5 96.820             Loss 0.82668
Epoch [187] Training Class Recall: [0.753,0.772,0.741,0.747,0.757,0.772,0.780,0.781,0.777,0.789]
Epoch [187] Testing Results: Prec@1 66.180 Prec@5 91.210             Loss 1.26772
Epoch [187] Testing Class Recall: [0.843,0.911,0.672,0.631,0.711,0.617,0.655,0.575,0.524,0.479]
Epoch [188] Training Results: Prec@1 76.740 Prec@5 96.810             Loss 0.82475
Epoch [188] Training Class Recall: [0.751,0.769,0.745,0.752,0.765,0.771,0.784,0.775,0.778,0.784]
Epoch [188] Testing Results: Prec@1 66.060 Prec@5 91.050             Loss 1.27320
Epoch [188] Testing Class Recall: [0.842,0.921,0.669,0.652,0.687,0.594,0.663,0.563,0.541,0.474]
Epoch [189] Training Results: Prec@1 76.605 Prec@5 96.655             Loss 0.82840
Epoch [189] Training Class Recall: [0.753,0.768,0.748,0.750,0.767,0.757,0.785,0.775,0.778,0.779]
Epoch [189] Testing Results: Prec@1 65.980 Prec@5 91.080             Loss 1.27602
Epoch [189] Testing Class Recall: [0.840,0.921,0.655,0.646,0.703,0.604,0.664,0.558,0.546,0.461]
Epoch [190] Training Results: Prec@1 76.675 Prec@5 96.730             Loss 0.83039
Epoch [190] Training Class Recall: [0.754,0.768,0.742,0.749,0.768,0.770,0.782,0.772,0.777,0.785]
Epoch [190] Testing Results: Prec@1 66.450 Prec@5 91.470             Loss 1.26401
Epoch [190] Testing Class Recall: [0.838,0.914,0.653,0.661,0.734,0.601,0.651,0.576,0.538,0.479]
Epoch [191] Training Results: Prec@1 76.640 Prec@5 96.785             Loss 0.82383
Epoch [191] Training Class Recall: [0.750,0.764,0.751,0.753,0.766,0.765,0.782,0.777,0.776,0.779]
Epoch [191] Testing Results: Prec@1 66.570 Prec@5 91.280             Loss 1.25102
Epoch [191] Testing Class Recall: [0.831,0.905,0.660,0.694,0.704,0.586,0.652,0.563,0.570,0.492]
Epoch [192] Training Results: Prec@1 76.815 Prec@5 96.745             Loss 0.82133
Epoch [192] Training Class Recall: [0.755,0.770,0.746,0.752,0.763,0.769,0.784,0.780,0.775,0.786]
Epoch [192] Testing Results: Prec@1 65.830 Prec@5 91.080             Loss 1.27565
Epoch [192] Testing Class Recall: [0.837,0.928,0.669,0.623,0.686,0.599,0.631,0.568,0.567,0.475]
Epoch [193] Training Results: Prec@1 76.730 Prec@5 96.875             Loss 0.82362
Epoch [193] Training Class Recall: [0.754,0.768,0.749,0.749,0.768,0.767,0.783,0.776,0.776,0.781]
Epoch [193] Testing Results: Prec@1 66.170 Prec@5 91.130             Loss 1.28191
Epoch [193] Testing Class Recall: [0.849,0.917,0.668,0.653,0.715,0.584,0.628,0.577,0.553,0.473]
Epoch [194] Training Results: Prec@1 76.625 Prec@5 96.685             Loss 0.82747
Epoch [194] Training Class Recall: [0.743,0.771,0.739,0.752,0.767,0.769,0.780,0.776,0.781,0.783]
Epoch [194] Testing Results: Prec@1 66.070 Prec@5 91.170             Loss 1.27391
Epoch [194] Testing Class Recall: [0.843,0.916,0.667,0.660,0.708,0.587,0.642,0.563,0.550,0.471]
Epoch [195] Training Results: Prec@1 76.840 Prec@5 96.730             Loss 0.82434
Epoch [195] Training Class Recall: [0.750,0.771,0.749,0.752,0.768,0.769,0.783,0.780,0.777,0.784]
Epoch [195] Testing Results: Prec@1 66.510 Prec@5 91.460             Loss 1.24684
Epoch [195] Testing Class Recall: [0.831,0.916,0.668,0.651,0.715,0.612,0.649,0.559,0.557,0.493]
Epoch [196] Training Results: Prec@1 76.705 Prec@5 96.735             Loss 0.82428
Epoch [196] Training Class Recall: [0.748,0.765,0.746,0.753,0.764,0.770,0.784,0.776,0.777,0.786]
Epoch [196] Testing Results: Prec@1 66.080 Prec@5 91.200             Loss 1.28052
Epoch [196] Testing Class Recall: [0.839,0.906,0.665,0.687,0.693,0.590,0.643,0.570,0.548,0.467]
Epoch [197] Training Results: Prec@1 76.625 Prec@5 96.625             Loss 0.82564
Epoch [197] Training Class Recall: [0.748,0.766,0.739,0.751,0.767,0.773,0.784,0.776,0.775,0.783]
Epoch [197] Testing Results: Prec@1 66.220 Prec@5 91.370             Loss 1.26201
Epoch [197] Testing Class Recall: [0.838,0.919,0.647,0.640,0.723,0.591,0.659,0.567,0.573,0.465]
Epoch [198] Training Results: Prec@1 76.440 Prec@5 96.690             Loss 0.83044
Epoch [198] Training Class Recall: [0.756,0.763,0.747,0.741,0.756,0.763,0.787,0.775,0.777,0.779]
Epoch [198] Testing Results: Prec@1 66.320 Prec@5 91.310             Loss 1.25874
Epoch [198] Testing Class Recall: [0.838,0.911,0.659,0.666,0.720,0.606,0.650,0.559,0.549,0.474]
Epoch [199] Training Results: Prec@1 76.610 Prec@5 96.730             Loss 0.82499
Epoch [199] Training Class Recall: [0.756,0.764,0.746,0.744,0.762,0.766,0.785,0.779,0.778,0.781]
Epoch [199] Testing Results: Prec@1 66.090 Prec@5 91.100             Loss 1.26781
Epoch [199] Testing Class Recall: [0.840,0.921,0.672,0.638,0.716,0.583,0.657,0.559,0.564,0.459]
