Log file: cifar10_lava0.9_randomoversampling_selection_exp0.01_seed42_20260430_065703.log
Run started: 2026-04-30 06:57:03.469880
Dataset: cifar10
Imbalance type: exp, factor: 0.01
Selection method: lava, ratio: 0.9
Strategy: RandomOversampling_Selection, epochs: 200
Seed: 42, rand_number: 0
Augmentation: weak
Noise ratio: 0.25
============================================================

=> Preparing logger and tensorboard writer !
----------------------------------------------------
Class ID   | Original   | Selected   | Keep %  
----------------------------------------------------
0          | 4032       | 3706       |    91.9%
1          | 4000       | 3508       |    87.7%
2          | 3955       | 3635       |    91.9%
3          | 4020       | 3735       |    92.9%
4          | 3939       | 3521       |    89.4%
5          | 3999       | 3623       |    90.6%
6          | 3965       | 3549       |    89.5%
7          | 4046       | 3604       |    89.1%
8          | 4042       | 3581       |    88.6%
9          | 4002       | 3538       |    88.4%
----------------------------------------------------
TOTAL      | 40000      | 36000      |    90.0%
----------------------------------------------------
Epoch [0] Training Results: Prec@1 28.311 Prec@5 78.386             Loss 1.99133
Epoch [0] Training Class Recall: [0.296,0.364,0.137,0.152,0.258,0.209,0.303,0.335,0.388,0.398]
Epoch [0] Testing Results: Prec@1 37.220 Prec@5 85.440             Loss 1.74728
Epoch [0] Testing Class Recall: [0.599,0.077,0.000,0.095,0.551,0.600,0.366,0.504,0.434,0.496]
Epoch [1] Training Results: Prec@1 40.683 Prec@5 85.189             Loss 1.73621
Epoch [1] Training Class Recall: [0.398,0.519,0.176,0.232,0.267,0.317,0.465,0.489,0.590,0.629]
Epoch [1] Testing Results: Prec@1 44.170 Prec@5 88.570             Loss 1.59052
Epoch [1] Testing Class Recall: [0.681,0.424,0.408,0.083,0.439,0.672,0.462,0.450,0.348,0.450]
Epoch [2] Training Results: Prec@1 49.122 Prec@5 88.033             Loss 1.55193
Epoch [2] Training Class Recall: [0.469,0.630,0.273,0.275,0.339,0.377,0.556,0.566,0.705,0.739]
Epoch [2] Testing Results: Prec@1 47.970 Prec@5 90.910             Loss 1.50071
Epoch [2] Testing Class Recall: [0.668,0.850,0.385,0.132,0.615,0.201,0.850,0.432,0.335,0.329]
Epoch [3] Training Results: Prec@1 55.072 Prec@5 89.408             Loss 1.42673
Epoch [3] Training Class Recall: [0.536,0.682,0.364,0.322,0.416,0.450,0.605,0.611,0.753,0.785]
Epoch [3] Testing Results: Prec@1 53.840 Prec@5 93.820             Loss 1.31299
Epoch [3] Testing Class Recall: [0.679,0.832,0.237,0.345,0.601,0.719,0.419,0.516,0.568,0.468]
Epoch [4] Training Results: Prec@1 58.958 Prec@5 90.264             Loss 1.34237
Epoch [4] Training Class Recall: [0.573,0.726,0.405,0.378,0.486,0.474,0.641,0.650,0.781,0.801]
Epoch [4] Testing Results: Prec@1 46.170 Prec@5 87.740             Loss 1.90797
Epoch [4] Testing Class Recall: [0.632,0.793,0.386,0.174,0.380,0.564,0.083,0.930,0.393,0.282]
Epoch [5] Training Results: Prec@1 63.569 Prec@5 90.928             Loss 1.24514
Epoch [5] Training Class Recall: [0.622,0.745,0.470,0.428,0.562,0.524,0.693,0.708,0.800,0.823]
Epoch [5] Testing Results: Prec@1 51.000 Prec@5 93.240             Loss 1.58952
Epoch [5] Testing Class Recall: [0.376,0.976,0.451,0.280,0.321,0.825,0.569,0.561,0.580,0.161]
Epoch [6] Training Results: Prec@1 66.383 Prec@5 91.308             Loss 1.18730
Epoch [6] Training Class Recall: [0.639,0.767,0.509,0.454,0.616,0.571,0.713,0.755,0.807,0.825]
Epoch [6] Testing Results: Prec@1 58.420 Prec@5 93.460             Loss 1.26104
Epoch [6] Testing Class Recall: [0.769,0.878,0.471,0.361,0.559,0.384,0.933,0.361,0.544,0.582]
Epoch [7] Training Results: Prec@1 68.486 Prec@5 91.694             Loss 1.13889
Epoch [7] Training Class Recall: [0.658,0.773,0.533,0.502,0.644,0.606,0.730,0.774,0.814,0.831]
Epoch [7] Testing Results: Prec@1 61.850 Prec@5 94.830             Loss 1.14276
Epoch [7] Testing Class Recall: [0.799,0.927,0.556,0.647,0.587,0.550,0.665,0.646,0.286,0.522]
Epoch [8] Training Results: Prec@1 69.761 Prec@5 91.811             Loss 1.10092
Epoch [8] Training Class Recall: [0.661,0.786,0.563,0.510,0.670,0.624,0.748,0.782,0.812,0.835]
Epoch [8] Testing Results: Prec@1 59.370 Prec@5 94.060             Loss 1.24685
Epoch [8] Testing Class Recall: [0.595,0.810,0.517,0.412,0.858,0.698,0.715,0.301,0.500,0.531]
Epoch [9] Training Results: Prec@1 71.428 Prec@5 91.931             Loss 1.07121
Epoch [9] Training Class Recall: [0.679,0.792,0.576,0.550,0.693,0.647,0.763,0.797,0.823,0.836]
Epoch [9] Testing Results: Prec@1 61.220 Prec@5 94.470             Loss 1.21374
Epoch [9] Testing Class Recall: [0.674,0.774,0.668,0.631,0.437,0.765,0.523,0.408,0.662,0.580]
Epoch [10] Training Results: Prec@1 72.300 Prec@5 91.981             Loss 1.04510
Epoch [10] Training Class Recall: [0.684,0.794,0.589,0.576,0.702,0.671,0.772,0.792,0.823,0.841]
Epoch [10] Testing Results: Prec@1 60.540 Prec@5 92.330             Loss 1.24008
Epoch [10] Testing Class Recall: [0.680,0.782,0.671,0.613,0.638,0.741,0.574,0.254,0.724,0.377]
Epoch [11] Training Results: Prec@1 73.150 Prec@5 92.233             Loss 1.02858
Epoch [11] Training Class Recall: [0.693,0.794,0.614,0.572,0.711,0.692,0.779,0.803,0.827,0.843]
Epoch [11] Testing Results: Prec@1 60.880 Prec@5 92.420             Loss 1.26418
Epoch [11] Testing Class Recall: [0.882,0.773,0.593,0.480,0.886,0.719,0.373,0.364,0.341,0.677]
Epoch [12] Training Results: Prec@1 73.836 Prec@5 92.283             Loss 1.01208
Epoch [12] Training Class Recall: [0.702,0.804,0.621,0.588,0.722,0.700,0.786,0.805,0.826,0.840]
Epoch [12] Testing Results: Prec@1 63.620 Prec@5 95.570             Loss 1.11858
Epoch [12] Testing Class Recall: [0.855,0.944,0.761,0.453,0.586,0.656,0.712,0.478,0.531,0.386]
Epoch [13] Training Results: Prec@1 74.447 Prec@5 92.400             Loss 0.99471
Epoch [13] Training Class Recall: [0.705,0.804,0.637,0.609,0.731,0.711,0.793,0.799,0.829,0.838]
Epoch [13] Testing Results: Prec@1 64.510 Prec@5 95.390             Loss 1.10339
Epoch [13] Testing Class Recall: [0.732,0.844,0.725,0.673,0.607,0.619,0.773,0.380,0.406,0.692]
Epoch [14] Training Results: Prec@1 74.856 Prec@5 92.353             Loss 0.98503
Epoch [14] Training Class Recall: [0.709,0.804,0.640,0.620,0.732,0.720,0.793,0.810,0.826,0.843]
Epoch [14] Testing Results: Prec@1 63.710 Prec@5 96.190             Loss 1.11221
Epoch [14] Testing Class Recall: [0.860,0.918,0.793,0.522,0.570,0.583,0.573,0.568,0.415,0.569]
Epoch [15] Training Results: Prec@1 75.061 Prec@5 92.381             Loss 0.98183
Epoch [15] Training Class Recall: [0.704,0.811,0.645,0.621,0.734,0.724,0.797,0.807,0.829,0.844]
Epoch [15] Testing Results: Prec@1 61.470 Prec@5 95.520             Loss 1.18644
Epoch [15] Testing Class Recall: [0.859,0.816,0.686,0.378,0.496,0.712,0.875,0.562,0.342,0.421]
Epoch [16] Training Results: Prec@1 75.239 Prec@5 92.456             Loss 0.97385
Epoch [16] Training Class Recall: [0.711,0.808,0.642,0.631,0.742,0.730,0.795,0.807,0.830,0.839]
Epoch [16] Testing Results: Prec@1 61.010 Prec@5 93.550             Loss 1.25007
Epoch [16] Testing Class Recall: [0.937,0.934,0.571,0.733,0.758,0.345,0.681,0.331,0.365,0.446]
Epoch [17] Training Results: Prec@1 75.719 Prec@5 92.378             Loss 0.96374
Epoch [17] Training Class Recall: [0.710,0.810,0.657,0.648,0.742,0.735,0.803,0.809,0.827,0.841]
Epoch [17] Testing Results: Prec@1 57.930 Prec@5 93.380             Loss 1.31079
Epoch [17] Testing Class Recall: [0.889,0.827,0.448,0.424,0.585,0.833,0.579,0.642,0.351,0.215]
Epoch [18] Training Results: Prec@1 76.044 Prec@5 92.542             Loss 0.95380
Epoch [18] Training Class Recall: [0.714,0.815,0.665,0.648,0.748,0.737,0.804,0.812,0.829,0.842]
Epoch [18] Testing Results: Prec@1 62.210 Prec@5 93.740             Loss 1.19039
Epoch [18] Testing Class Recall: [0.934,0.921,0.727,0.537,0.506,0.608,0.493,0.477,0.384,0.634]
Epoch [19] Training Results: Prec@1 76.769 Prec@5 92.567             Loss 0.94301
Epoch [19] Training Class Recall: [0.724,0.812,0.680,0.660,0.759,0.757,0.801,0.815,0.834,0.843]
Epoch [19] Testing Results: Prec@1 61.410 Prec@5 94.580             Loss 1.21356
Epoch [19] Testing Class Recall: [0.939,0.952,0.651,0.350,0.730,0.713,0.632,0.586,0.311,0.277]
Epoch [20] Training Results: Prec@1 76.686 Prec@5 92.486             Loss 0.94310
Epoch [20] Training Class Recall: [0.726,0.812,0.670,0.666,0.757,0.753,0.806,0.818,0.828,0.842]
Epoch [20] Testing Results: Prec@1 62.050 Prec@5 94.840             Loss 1.20901
Epoch [20] Testing Class Recall: [0.936,0.919,0.659,0.689,0.616,0.623,0.491,0.535,0.358,0.379]
Epoch [21] Training Results: Prec@1 76.797 Prec@5 92.753             Loss 0.93535
Epoch [21] Training Class Recall: [0.722,0.815,0.671,0.674,0.760,0.751,0.805,0.816,0.830,0.843]
Epoch [21] Testing Results: Prec@1 68.290 Prec@5 95.580             Loss 1.00839
Epoch [21] Testing Class Recall: [0.867,0.935,0.729,0.713,0.664,0.497,0.532,0.752,0.487,0.653]
Epoch [22] Training Results: Prec@1 76.947 Prec@5 92.792             Loss 0.93056
Epoch [22] Training Class Recall: [0.726,0.818,0.676,0.666,0.758,0.762,0.808,0.815,0.832,0.843]
Epoch [22] Testing Results: Prec@1 67.370 Prec@5 95.570             Loss 1.05399
Epoch [22] Testing Class Recall: [0.884,0.838,0.681,0.591,0.816,0.522,0.665,0.476,0.415,0.849]
Epoch [23] Training Results: Prec@1 77.156 Prec@5 92.642             Loss 0.92708
Epoch [23] Training Class Recall: [0.730,0.814,0.682,0.675,0.766,0.759,0.803,0.817,0.835,0.843]
Epoch [23] Testing Results: Prec@1 63.700 Prec@5 93.270             Loss 1.24476
Epoch [23] Testing Class Recall: [0.858,0.937,0.759,0.413,0.814,0.634,0.792,0.151,0.535,0.477]
Epoch [24] Training Results: Prec@1 77.281 Prec@5 92.822             Loss 0.92436
Epoch [24] Training Class Recall: [0.733,0.816,0.679,0.678,0.765,0.765,0.805,0.818,0.832,0.846]
Epoch [24] Testing Results: Prec@1 66.170 Prec@5 95.920             Loss 1.09129
Epoch [24] Testing Class Recall: [0.917,0.958,0.704,0.601,0.753,0.576,0.538,0.556,0.615,0.399]
Epoch [25] Training Results: Prec@1 77.547 Prec@5 92.908             Loss 0.91554
Epoch [25] Training Class Recall: [0.727,0.821,0.689,0.688,0.775,0.770,0.805,0.815,0.829,0.844]
Epoch [25] Testing Results: Prec@1 61.370 Prec@5 93.960             Loss 1.22491
Epoch [25] Testing Class Recall: [0.874,0.925,0.875,0.342,0.383,0.403,0.740,0.713,0.403,0.479]
Epoch [26] Training Results: Prec@1 77.703 Prec@5 92.844             Loss 0.91374
Epoch [26] Training Class Recall: [0.731,0.818,0.689,0.685,0.773,0.771,0.813,0.819,0.834,0.846]
Epoch [26] Testing Results: Prec@1 64.880 Prec@5 94.160             Loss 1.14484
Epoch [26] Testing Class Recall: [0.783,0.795,0.688,0.429,0.868,0.728,0.529,0.507,0.483,0.678]
Epoch [27] Training Results: Prec@1 77.597 Prec@5 92.836             Loss 0.91508
Epoch [27] Training Class Recall: [0.735,0.817,0.694,0.682,0.768,0.769,0.809,0.817,0.834,0.843]
Epoch [27] Testing Results: Prec@1 65.490 Prec@5 95.230             Loss 1.12349
Epoch [27] Testing Class Recall: [0.917,0.961,0.519,0.700,0.767,0.661,0.524,0.534,0.513,0.453]
Epoch [28] Training Results: Prec@1 77.903 Prec@5 92.942             Loss 0.90565
Epoch [28] Training Class Recall: [0.735,0.819,0.698,0.695,0.771,0.779,0.805,0.819,0.833,0.844]
Epoch [28] Testing Results: Prec@1 66.110 Prec@5 93.230             Loss 1.14283
Epoch [28] Testing Class Recall: [0.756,0.972,0.739,0.455,0.736,0.538,0.865,0.578,0.709,0.263]
Epoch [29] Training Results: Prec@1 77.972 Prec@5 92.836             Loss 0.90259
Epoch [29] Training Class Recall: [0.735,0.821,0.702,0.695,0.776,0.770,0.808,0.819,0.834,0.845]
Epoch [29] Testing Results: Prec@1 65.860 Prec@5 95.360             Loss 1.09920
Epoch [29] Testing Class Recall: [0.872,0.941,0.440,0.575,0.864,0.634,0.759,0.467,0.608,0.426]
Epoch [30] Training Results: Prec@1 78.039 Prec@5 93.058             Loss 0.90458
Epoch [30] Training Class Recall: [0.734,0.819,0.703,0.698,0.776,0.776,0.807,0.819,0.832,0.845]
Epoch [30] Testing Results: Prec@1 62.850 Prec@5 93.740             Loss 1.22166
Epoch [30] Testing Class Recall: [0.890,0.947,0.758,0.747,0.691,0.211,0.563,0.569,0.548,0.361]
Epoch [31] Training Results: Prec@1 78.014 Prec@5 93.086             Loss 0.90254
Epoch [31] Training Class Recall: [0.733,0.821,0.706,0.699,0.771,0.768,0.808,0.823,0.834,0.846]
Epoch [31] Testing Results: Prec@1 58.820 Prec@5 93.070             Loss 1.31266
Epoch [31] Testing Class Recall: [0.931,0.670,0.526,0.319,0.627,0.550,0.931,0.530,0.317,0.481]
Epoch [32] Training Results: Prec@1 78.069 Prec@5 93.164             Loss 0.89927
Epoch [32] Training Class Recall: [0.731,0.821,0.696,0.699,0.776,0.779,0.817,0.820,0.833,0.844]
Epoch [32] Testing Results: Prec@1 55.630 Prec@5 90.020             Loss 1.51383
Epoch [32] Testing Class Recall: [0.727,0.878,0.864,0.351,0.596,0.280,0.845,0.352,0.410,0.260]
Epoch [33] Training Results: Prec@1 78.236 Prec@5 93.106             Loss 0.89662
Epoch [33] Training Class Recall: [0.734,0.822,0.703,0.699,0.782,0.779,0.808,0.823,0.837,0.846]
Epoch [33] Testing Results: Prec@1 68.350 Prec@5 94.940             Loss 1.05702
Epoch [33] Testing Class Recall: [0.881,0.943,0.556,0.706,0.809,0.594,0.693,0.563,0.453,0.637]
Epoch [34] Training Results: Prec@1 78.400 Prec@5 92.975             Loss 0.89290
Epoch [34] Training Class Recall: [0.740,0.828,0.705,0.704,0.786,0.775,0.814,0.819,0.832,0.846]
Epoch [34] Testing Results: Prec@1 58.140 Prec@5 91.730             Loss 1.38681
Epoch [34] Testing Class Recall: [0.862,0.860,0.788,0.724,0.570,0.567,0.270,0.717,0.184,0.272]
Epoch [35] Training Results: Prec@1 78.553 Prec@5 93.219             Loss 0.88928
Epoch [35] Training Class Recall: [0.744,0.822,0.713,0.702,0.785,0.779,0.815,0.825,0.832,0.846]
Epoch [35] Testing Results: Prec@1 63.090 Prec@5 94.040             Loss 1.21959
Epoch [35] Testing Class Recall: [0.900,0.958,0.796,0.306,0.665,0.765,0.501,0.564,0.457,0.397]
Epoch [36] Training Results: Prec@1 78.197 Prec@5 93.175             Loss 0.89426
Epoch [36] Training Class Recall: [0.742,0.825,0.703,0.708,0.774,0.771,0.809,0.819,0.830,0.847]
Epoch [36] Testing Results: Prec@1 62.750 Prec@5 93.040             Loss 1.22331
Epoch [36] Testing Class Recall: [0.787,0.863,0.723,0.776,0.740,0.588,0.689,0.482,0.268,0.359]
Epoch [37] Training Results: Prec@1 78.264 Prec@5 93.067             Loss 0.88988
Epoch [37] Training Class Recall: [0.743,0.825,0.706,0.695,0.774,0.782,0.808,0.819,0.835,0.847]
Epoch [37] Testing Results: Prec@1 68.420 Prec@5 94.790             Loss 1.05123
Epoch [37] Testing Class Recall: [0.891,0.932,0.527,0.763,0.779,0.374,0.772,0.518,0.654,0.632]
Epoch [38] Training Results: Prec@1 78.497 Prec@5 93.214             Loss 0.88621
Epoch [38] Training Class Recall: [0.747,0.822,0.702,0.707,0.780,0.781,0.817,0.820,0.834,0.847]
Epoch [38] Testing Results: Prec@1 69.510 Prec@5 95.900             Loss 0.97286
Epoch [38] Testing Class Recall: [0.829,0.836,0.678,0.691,0.768,0.632,0.798,0.491,0.557,0.671]
Epoch [39] Training Results: Prec@1 78.553 Prec@5 93.325             Loss 0.88362
Epoch [39] Training Class Recall: [0.743,0.825,0.714,0.709,0.778,0.782,0.812,0.821,0.832,0.846]
Epoch [39] Testing Results: Prec@1 62.920 Prec@5 93.800             Loss 1.25483
Epoch [39] Testing Class Recall: [0.752,0.979,0.756,0.808,0.729,0.333,0.522,0.555,0.441,0.417]
Epoch [40] Training Results: Prec@1 78.631 Prec@5 93.378             Loss 0.88103
Epoch [40] Training Class Recall: [0.747,0.822,0.707,0.711,0.787,0.784,0.810,0.822,0.834,0.847]
Epoch [40] Testing Results: Prec@1 63.430 Prec@5 93.710             Loss 1.20962
Epoch [40] Testing Class Recall: [0.834,0.945,0.546,0.853,0.647,0.534,0.563,0.283,0.662,0.476]
Epoch [41] Training Results: Prec@1 78.794 Prec@5 93.283             Loss 0.87893
Epoch [41] Training Class Recall: [0.742,0.826,0.716,0.718,0.782,0.789,0.816,0.820,0.833,0.846]
Epoch [41] Testing Results: Prec@1 64.800 Prec@5 94.350             Loss 1.13321
Epoch [41] Testing Class Recall: [0.858,0.879,0.573,0.730,0.709,0.678,0.666,0.370,0.566,0.451]
Epoch [42] Training Results: Prec@1 78.697 Prec@5 93.314             Loss 0.88007
Epoch [42] Training Class Recall: [0.743,0.828,0.708,0.711,0.783,0.785,0.814,0.823,0.834,0.848]
Epoch [42] Testing Results: Prec@1 65.460 Prec@5 94.070             Loss 1.12367
Epoch [42] Testing Class Recall: [0.883,0.979,0.783,0.724,0.521,0.509,0.787,0.452,0.484,0.424]
Epoch [43] Training Results: Prec@1 78.969 Prec@5 93.342             Loss 0.86947
Epoch [43] Training Class Recall: [0.747,0.831,0.721,0.715,0.784,0.791,0.813,0.824,0.834,0.843]
Epoch [43] Testing Results: Prec@1 65.150 Prec@5 93.890             Loss 1.17401
Epoch [43] Testing Class Recall: [0.862,0.976,0.345,0.733,0.600,0.698,0.738,0.665,0.315,0.583]
Epoch [44] Training Results: Prec@1 78.883 Prec@5 93.322             Loss 0.87421
Epoch [44] Training Class Recall: [0.755,0.826,0.706,0.716,0.792,0.786,0.818,0.821,0.831,0.845]
Epoch [44] Testing Results: Prec@1 64.440 Prec@5 94.020             Loss 1.15659
Epoch [44] Testing Class Recall: [0.600,0.817,0.736,0.747,0.766,0.548,0.506,0.592,0.403,0.729]
Epoch [45] Training Results: Prec@1 78.578 Prec@5 93.294             Loss 0.87906
Epoch [45] Training Class Recall: [0.742,0.817,0.714,0.711,0.778,0.784,0.817,0.818,0.836,0.848]
Epoch [45] Testing Results: Prec@1 65.590 Prec@5 95.380             Loss 1.10980
Epoch [45] Testing Class Recall: [0.814,0.979,0.525,0.864,0.597,0.414,0.620,0.643,0.717,0.386]
Epoch [46] Training Results: Prec@1 78.933 Prec@5 93.486             Loss 0.87133
Epoch [46] Training Class Recall: [0.755,0.828,0.719,0.717,0.783,0.780,0.816,0.820,0.837,0.846]
Epoch [46] Testing Results: Prec@1 66.970 Prec@5 96.050             Loss 1.03014
Epoch [46] Testing Class Recall: [0.859,0.902,0.790,0.529,0.689,0.619,0.556,0.769,0.351,0.633]
Epoch [47] Training Results: Prec@1 79.156 Prec@5 93.364             Loss 0.86999
Epoch [47] Training Class Recall: [0.746,0.826,0.721,0.725,0.789,0.788,0.816,0.827,0.837,0.848]
Epoch [47] Testing Results: Prec@1 67.560 Prec@5 94.860             Loss 1.05600
Epoch [47] Testing Class Recall: [0.821,0.937,0.484,0.765,0.616,0.688,0.657,0.582,0.638,0.568]
Epoch [48] Training Results: Prec@1 78.958 Prec@5 93.550             Loss 0.87260
Epoch [48] Training Class Recall: [0.748,0.828,0.716,0.717,0.791,0.787,0.816,0.819,0.834,0.847]
Epoch [48] Testing Results: Prec@1 66.600 Prec@5 94.470             Loss 1.13003
Epoch [48] Testing Class Recall: [0.861,0.987,0.737,0.331,0.716,0.635,0.872,0.505,0.645,0.371]
Epoch [49] Training Results: Prec@1 78.939 Prec@5 93.561             Loss 0.87251
Epoch [49] Training Class Recall: [0.754,0.826,0.724,0.712,0.789,0.782,0.815,0.820,0.834,0.845]
Epoch [49] Testing Results: Prec@1 65.810 Prec@5 95.720             Loss 1.07767
Epoch [49] Testing Class Recall: [0.890,0.941,0.586,0.864,0.642,0.466,0.550,0.680,0.499,0.463]
Epoch [50] Training Results: Prec@1 79.061 Prec@5 93.614             Loss 0.86571
Epoch [50] Training Class Recall: [0.745,0.824,0.722,0.720,0.789,0.791,0.813,0.824,0.837,0.848]
Epoch [50] Testing Results: Prec@1 67.050 Prec@5 94.740             Loss 1.07227
Epoch [50] Testing Class Recall: [0.883,0.895,0.807,0.484,0.513,0.715,0.811,0.661,0.335,0.601]
Epoch [51] Training Results: Prec@1 78.936 Prec@5 93.433             Loss 0.86772
Epoch [51] Training Class Recall: [0.746,0.825,0.722,0.715,0.790,0.783,0.813,0.826,0.834,0.848]
Epoch [51] Testing Results: Prec@1 64.460 Prec@5 93.650             Loss 1.20755
Epoch [51] Testing Class Recall: [0.858,0.970,0.765,0.548,0.577,0.541,0.804,0.669,0.462,0.252]
Epoch [52] Training Results: Prec@1 79.231 Prec@5 93.556             Loss 0.86489
Epoch [52] Training Class Recall: [0.748,0.827,0.717,0.724,0.791,0.798,0.818,0.824,0.839,0.844]
Epoch [52] Testing Results: Prec@1 64.220 Prec@5 94.690             Loss 1.17052
Epoch [52] Testing Class Recall: [0.946,0.978,0.471,0.469,0.664,0.639,0.808,0.598,0.304,0.545]
Epoch [53] Training Results: Prec@1 79.228 Prec@5 93.706             Loss 0.86087
Epoch [53] Training Class Recall: [0.749,0.828,0.731,0.721,0.787,0.788,0.817,0.826,0.836,0.847]
Epoch [53] Testing Results: Prec@1 68.350 Prec@5 93.970             Loss 1.04727
Epoch [53] Testing Class Recall: [0.861,0.945,0.647,0.509,0.592,0.465,0.629,0.811,0.658,0.718]
Epoch [54] Training Results: Prec@1 79.444 Prec@5 93.464             Loss 0.85871
Epoch [54] Training Class Recall: [0.758,0.834,0.728,0.720,0.795,0.794,0.817,0.823,0.836,0.846]
Epoch [54] Testing Results: Prec@1 63.020 Prec@5 92.980             Loss 1.27583
Epoch [54] Testing Class Recall: [0.858,0.969,0.782,0.722,0.663,0.493,0.584,0.408,0.233,0.590]
Epoch [55] Training Results: Prec@1 79.072 Prec@5 93.489             Loss 0.86223
Epoch [55] Training Class Recall: [0.752,0.822,0.717,0.719,0.800,0.794,0.810,0.822,0.833,0.845]
Epoch [55] Testing Results: Prec@1 67.850 Prec@5 95.440             Loss 1.03532
Epoch [55] Testing Class Recall: [0.853,0.957,0.632,0.541,0.433,0.814,0.605,0.696,0.700,0.554]
Epoch [56] Training Results: Prec@1 79.208 Prec@5 93.692             Loss 0.85787
Epoch [56] Training Class Recall: [0.751,0.828,0.719,0.720,0.793,0.793,0.816,0.824,0.838,0.847]
Epoch [56] Testing Results: Prec@1 63.740 Prec@5 93.720             Loss 1.23648
Epoch [56] Testing Class Recall: [0.742,0.978,0.607,0.664,0.924,0.612,0.592,0.551,0.506,0.198]
Epoch [57] Training Results: Prec@1 79.258 Prec@5 93.692             Loss 0.86141
Epoch [57] Training Class Recall: [0.753,0.826,0.727,0.720,0.793,0.795,0.814,0.823,0.835,0.847]
Epoch [57] Testing Results: Prec@1 69.530 Prec@5 94.260             Loss 1.02052
Epoch [57] Testing Class Recall: [0.849,0.935,0.701,0.541,0.814,0.462,0.834,0.507,0.732,0.578]
Epoch [58] Training Results: Prec@1 79.219 Prec@5 93.581             Loss 0.86009
Epoch [58] Training Class Recall: [0.755,0.825,0.726,0.726,0.796,0.787,0.814,0.820,0.834,0.845]
Epoch [58] Testing Results: Prec@1 68.660 Prec@5 95.920             Loss 1.01287
Epoch [58] Testing Class Recall: [0.865,0.956,0.794,0.644,0.767,0.537,0.606,0.597,0.605,0.495]
Epoch [59] Training Results: Prec@1 79.328 Prec@5 93.775             Loss 0.85632
Epoch [59] Training Class Recall: [0.747,0.829,0.735,0.720,0.792,0.791,0.816,0.827,0.836,0.846]
Epoch [59] Testing Results: Prec@1 66.590 Prec@5 94.670             Loss 1.09563
Epoch [59] Testing Class Recall: [0.883,0.892,0.509,0.841,0.820,0.334,0.553,0.563,0.602,0.662]
Epoch [60] Training Results: Prec@1 79.206 Prec@5 93.586             Loss 0.85842
Epoch [60] Training Class Recall: [0.749,0.824,0.728,0.723,0.793,0.793,0.818,0.819,0.835,0.846]
Epoch [60] Testing Results: Prec@1 63.670 Prec@5 93.860             Loss 1.19692
Epoch [60] Testing Class Recall: [0.703,0.895,0.473,0.791,0.546,0.488,0.827,0.821,0.500,0.323]
Epoch [61] Training Results: Prec@1 79.289 Prec@5 93.672             Loss 0.85423
Epoch [61] Training Class Recall: [0.751,0.826,0.723,0.726,0.799,0.787,0.816,0.824,0.836,0.848]
Epoch [61] Testing Results: Prec@1 65.670 Prec@5 94.260             Loss 1.14857
Epoch [61] Testing Class Recall: [0.788,0.901,0.835,0.721,0.562,0.441,0.812,0.489,0.398,0.620]
Epoch [62] Training Results: Prec@1 79.489 Prec@5 93.764             Loss 0.84995
Epoch [62] Training Class Recall: [0.752,0.828,0.735,0.727,0.796,0.791,0.819,0.825,0.836,0.846]
Epoch [62] Testing Results: Prec@1 67.700 Prec@5 93.840             Loss 1.07435
Epoch [62] Testing Class Recall: [0.888,0.906,0.695,0.787,0.638,0.510,0.681,0.447,0.679,0.539]
Epoch [63] Training Results: Prec@1 79.317 Prec@5 93.714             Loss 0.85376
Epoch [63] Training Class Recall: [0.748,0.826,0.732,0.725,0.797,0.791,0.815,0.822,0.834,0.849]
Epoch [63] Testing Results: Prec@1 61.800 Prec@5 92.980             Loss 1.34044
Epoch [63] Testing Class Recall: [0.712,0.814,0.592,0.843,0.837,0.461,0.560,0.489,0.537,0.335]
Epoch [64] Training Results: Prec@1 79.311 Prec@5 93.744             Loss 0.85748
Epoch [64] Training Class Recall: [0.757,0.827,0.725,0.722,0.793,0.800,0.812,0.820,0.833,0.848]
Epoch [64] Testing Results: Prec@1 64.540 Prec@5 92.210             Loss 1.18699
Epoch [64] Testing Class Recall: [0.882,0.879,0.845,0.503,0.610,0.403,0.770,0.192,0.628,0.742]
Epoch [65] Training Results: Prec@1 79.564 Prec@5 93.744             Loss 0.85398
Epoch [65] Training Class Recall: [0.761,0.828,0.731,0.728,0.795,0.794,0.817,0.825,0.837,0.848]
Epoch [65] Testing Results: Prec@1 64.610 Prec@5 93.990             Loss 1.23457
Epoch [65] Testing Class Recall: [0.775,0.975,0.497,0.573,0.882,0.446,0.865,0.520,0.333,0.595]
Epoch [66] Training Results: Prec@1 79.411 Prec@5 93.833             Loss 0.85148
Epoch [66] Training Class Recall: [0.753,0.828,0.725,0.726,0.804,0.790,0.816,0.824,0.835,0.847]
Epoch [66] Testing Results: Prec@1 59.880 Prec@5 92.730             Loss 1.33390
Epoch [66] Testing Class Recall: [0.834,0.694,0.802,0.830,0.540,0.456,0.453,0.611,0.419,0.349]
Epoch [67] Training Results: Prec@1 79.325 Prec@5 93.736             Loss 0.85357
Epoch [67] Training Class Recall: [0.753,0.825,0.728,0.724,0.792,0.793,0.815,0.824,0.837,0.848]
Epoch [67] Testing Results: Prec@1 68.560 Prec@5 96.050             Loss 1.03806
Epoch [67] Testing Class Recall: [0.752,0.962,0.760,0.774,0.686,0.640,0.566,0.686,0.430,0.600]
Epoch [68] Training Results: Prec@1 79.353 Prec@5 93.814             Loss 0.84860
Epoch [68] Training Class Recall: [0.756,0.832,0.725,0.725,0.792,0.791,0.818,0.820,0.835,0.848]
Epoch [68] Testing Results: Prec@1 65.410 Prec@5 94.730             Loss 1.13018
Epoch [68] Testing Class Recall: [0.739,0.811,0.468,0.804,0.694,0.676,0.576,0.489,0.522,0.762]
Epoch [69] Training Results: Prec@1 79.456 Prec@5 93.803             Loss 0.84879
Epoch [69] Training Class Recall: [0.758,0.828,0.727,0.724,0.797,0.795,0.814,0.827,0.836,0.847]
Epoch [69] Testing Results: Prec@1 69.910 Prec@5 95.830             Loss 0.96454
Epoch [69] Testing Class Recall: [0.815,0.944,0.678,0.626,0.655,0.780,0.675,0.678,0.474,0.666]
Epoch [70] Training Results: Prec@1 79.519 Prec@5 93.983             Loss 0.84765
Epoch [70] Training Class Recall: [0.758,0.830,0.729,0.731,0.789,0.796,0.815,0.824,0.837,0.849]
Epoch [70] Testing Results: Prec@1 68.420 Prec@5 94.720             Loss 1.04503
Epoch [70] Testing Class Recall: [0.809,0.960,0.550,0.691,0.653,0.649,0.864,0.597,0.626,0.443]
Epoch [71] Training Results: Prec@1 79.381 Prec@5 93.858             Loss 0.85013
Epoch [71] Training Class Recall: [0.757,0.824,0.724,0.727,0.791,0.800,0.822,0.820,0.836,0.845]
Epoch [71] Testing Results: Prec@1 69.260 Prec@5 95.140             Loss 1.02816
Epoch [71] Testing Class Recall: [0.749,0.863,0.547,0.747,0.803,0.596,0.841,0.545,0.543,0.692]
Epoch [72] Training Results: Prec@1 79.128 Prec@5 93.908             Loss 0.85011
Epoch [72] Training Class Recall: [0.758,0.827,0.715,0.715,0.791,0.790,0.817,0.824,0.836,0.847]
Epoch [72] Testing Results: Prec@1 67.670 Prec@5 95.110             Loss 1.04594
Epoch [72] Testing Class Recall: [0.905,0.958,0.533,0.636,0.699,0.763,0.695,0.563,0.406,0.609]
Epoch [73] Training Results: Prec@1 79.397 Prec@5 93.792             Loss 0.84985
Epoch [73] Training Class Recall: [0.751,0.822,0.731,0.728,0.793,0.793,0.817,0.824,0.836,0.850]
Epoch [73] Testing Results: Prec@1 63.770 Prec@5 94.640             Loss 1.18722
Epoch [73] Testing Class Recall: [0.905,0.976,0.744,0.686,0.557,0.703,0.408,0.566,0.440,0.392]
Epoch [74] Training Results: Prec@1 79.586 Prec@5 93.925             Loss 0.84544
Epoch [74] Training Class Recall: [0.753,0.826,0.733,0.736,0.794,0.796,0.820,0.826,0.837,0.846]
Epoch [74] Testing Results: Prec@1 64.090 Prec@5 93.430             Loss 1.16906
Epoch [74] Testing Class Recall: [0.963,0.885,0.620,0.414,0.596,0.702,0.528,0.582,0.591,0.528]
Epoch [75] Training Results: Prec@1 79.694 Prec@5 93.972             Loss 0.84085
Epoch [75] Training Class Recall: [0.753,0.828,0.736,0.732,0.797,0.796,0.817,0.827,0.840,0.850]
Epoch [75] Testing Results: Prec@1 67.020 Prec@5 93.530             Loss 1.12699
Epoch [75] Testing Class Recall: [0.880,0.969,0.763,0.663,0.755,0.460,0.785,0.609,0.251,0.567]
Epoch [76] Training Results: Prec@1 79.719 Prec@5 94.078             Loss 0.84319
Epoch [76] Training Class Recall: [0.760,0.829,0.733,0.733,0.798,0.800,0.819,0.825,0.836,0.846]
Epoch [76] Testing Results: Prec@1 65.100 Prec@5 94.390             Loss 1.14789
Epoch [76] Testing Class Recall: [0.916,0.966,0.770,0.743,0.579,0.501,0.488,0.646,0.460,0.441]
Epoch [77] Training Results: Prec@1 79.678 Prec@5 94.047             Loss 0.83873
Epoch [77] Training Class Recall: [0.757,0.832,0.734,0.730,0.797,0.794,0.822,0.824,0.838,0.848]
Epoch [77] Testing Results: Prec@1 63.810 Prec@5 94.600             Loss 1.18555
Epoch [77] Testing Class Recall: [0.972,0.916,0.535,0.664,0.498,0.571,0.836,0.610,0.348,0.431]
Epoch [78] Training Results: Prec@1 79.789 Prec@5 94.019             Loss 0.84075
Epoch [78] Training Class Recall: [0.756,0.829,0.737,0.734,0.792,0.801,0.825,0.825,0.837,0.849]
Epoch [78] Testing Results: Prec@1 56.890 Prec@5 90.750             Loss 1.52368
Epoch [78] Testing Class Recall: [0.888,0.979,0.515,0.817,0.581,0.577,0.388,0.449,0.150,0.345]
Epoch [79] Training Results: Prec@1 79.472 Prec@5 94.131             Loss 0.84653
Epoch [79] Training Class Recall: [0.750,0.827,0.728,0.731,0.792,0.799,0.818,0.827,0.836,0.846]
Epoch [79] Testing Results: Prec@1 66.230 Prec@5 95.050             Loss 1.07149
Epoch [79] Testing Class Recall: [0.831,0.929,0.524,0.544,0.722,0.631,0.625,0.829,0.677,0.311]
Epoch [80] Training Results: Prec@1 79.469 Prec@5 94.028             Loss 0.84271
Epoch [80] Training Class Recall: [0.755,0.828,0.728,0.727,0.798,0.793,0.817,0.826,0.835,0.847]
Epoch [80] Testing Results: Prec@1 62.440 Prec@5 92.990             Loss 1.26215
Epoch [80] Testing Class Recall: [0.967,0.927,0.588,0.592,0.612,0.785,0.571,0.302,0.332,0.568]
Epoch [81] Training Results: Prec@1 79.558 Prec@5 94.097             Loss 0.84208
Epoch [81] Training Class Recall: [0.753,0.823,0.732,0.732,0.794,0.798,0.818,0.826,0.836,0.850]
Epoch [81] Testing Results: Prec@1 63.360 Prec@5 92.480             Loss 1.21714
Epoch [81] Testing Class Recall: [0.797,0.826,0.792,0.595,0.526,0.720,0.265,0.787,0.387,0.641]
Epoch [82] Training Results: Prec@1 79.669 Prec@5 94.278             Loss 0.83899
Epoch [82] Training Class Recall: [0.758,0.828,0.738,0.733,0.800,0.789,0.818,0.825,0.837,0.847]
Epoch [82] Testing Results: Prec@1 68.170 Prec@5 94.550             Loss 1.04488
Epoch [82] Testing Class Recall: [0.874,0.938,0.683,0.540,0.596,0.776,0.835,0.586,0.367,0.622]
Epoch [83] Training Results: Prec@1 79.636 Prec@5 94.031             Loss 0.84095
Epoch [83] Training Class Recall: [0.757,0.830,0.739,0.722,0.800,0.795,0.820,0.823,0.837,0.849]
Epoch [83] Testing Results: Prec@1 70.050 Prec@5 95.030             Loss 0.97756
Epoch [83] Testing Class Recall: [0.843,0.925,0.660,0.621,0.801,0.493,0.723,0.829,0.525,0.585]
Epoch [84] Training Results: Prec@1 79.500 Prec@5 94.008             Loss 0.84431
Epoch [84] Training Class Recall: [0.755,0.830,0.732,0.730,0.795,0.794,0.818,0.825,0.835,0.845]
Epoch [84] Testing Results: Prec@1 69.550 Prec@5 95.680             Loss 0.98383
Epoch [84] Testing Class Recall: [0.883,0.947,0.531,0.541,0.562,0.723,0.791,0.739,0.574,0.664]
Epoch [85] Training Results: Prec@1 79.706 Prec@5 94.342             Loss 0.83785
Epoch [85] Training Class Recall: [0.755,0.829,0.740,0.731,0.802,0.790,0.825,0.824,0.836,0.846]
Epoch [85] Testing Results: Prec@1 63.000 Prec@5 92.010             Loss 1.23706
Epoch [85] Testing Class Recall: [0.794,0.913,0.689,0.606,0.465,0.831,0.466,0.769,0.276,0.491]
Epoch [86] Training Results: Prec@1 79.892 Prec@5 94.178             Loss 0.83561
Epoch [86] Training Class Recall: [0.764,0.825,0.737,0.738,0.798,0.800,0.824,0.824,0.837,0.848]
Epoch [86] Testing Results: Prec@1 64.320 Prec@5 92.700             Loss 1.16869
Epoch [86] Testing Class Recall: [0.904,0.923,0.576,0.741,0.710,0.722,0.631,0.381,0.521,0.323]
Epoch [87] Training Results: Prec@1 79.711 Prec@5 94.164             Loss 0.83594
Epoch [87] Training Class Recall: [0.756,0.827,0.737,0.735,0.796,0.798,0.818,0.826,0.837,0.848]
Epoch [87] Testing Results: Prec@1 67.080 Prec@5 94.390             Loss 1.08204
Epoch [87] Testing Class Recall: [0.797,0.894,0.580,0.565,0.694,0.840,0.673,0.523,0.524,0.618]
Epoch [88] Training Results: Prec@1 79.744 Prec@5 94.125             Loss 0.83923
Epoch [88] Training Class Recall: [0.760,0.830,0.735,0.737,0.795,0.793,0.824,0.825,0.834,0.847]
Epoch [88] Testing Results: Prec@1 63.680 Prec@5 93.720             Loss 1.20895
Epoch [88] Testing Class Recall: [0.624,0.879,0.869,0.663,0.731,0.452,0.496,0.559,0.556,0.539]
Epoch [89] Training Results: Prec@1 79.503 Prec@5 94.283             Loss 0.83987
Epoch [89] Training Class Recall: [0.758,0.825,0.729,0.730,0.794,0.791,0.818,0.829,0.837,0.847]
Epoch [89] Testing Results: Prec@1 66.510 Prec@5 93.550             Loss 1.12263
Epoch [89] Testing Class Recall: [0.849,0.951,0.726,0.693,0.572,0.730,0.669,0.381,0.397,0.683]
Epoch [90] Training Results: Prec@1 79.622 Prec@5 94.311             Loss 0.83695
Epoch [90] Training Class Recall: [0.755,0.830,0.738,0.726,0.796,0.791,0.823,0.825,0.838,0.847]
Epoch [90] Testing Results: Prec@1 66.930 Prec@5 94.030             Loss 1.11654
Epoch [90] Testing Class Recall: [0.908,0.960,0.716,0.620,0.693,0.605,0.790,0.406,0.655,0.340]
Epoch [91] Training Results: Prec@1 79.703 Prec@5 94.072             Loss 0.83602
Epoch [91] Training Class Recall: [0.756,0.832,0.731,0.735,0.795,0.802,0.817,0.826,0.834,0.849]
Epoch [91] Testing Results: Prec@1 64.350 Prec@5 93.610             Loss 1.20024
Epoch [91] Testing Class Recall: [0.745,0.743,0.628,0.613,0.802,0.736,0.760,0.544,0.413,0.451]
Epoch [92] Training Results: Prec@1 79.697 Prec@5 94.267             Loss 0.83424
Epoch [92] Training Class Recall: [0.754,0.830,0.732,0.737,0.795,0.794,0.822,0.827,0.837,0.848]
Epoch [92] Testing Results: Prec@1 66.700 Prec@5 92.880             Loss 1.16770
Epoch [92] Testing Class Recall: [0.863,0.940,0.794,0.664,0.841,0.475,0.704,0.352,0.559,0.478]
Epoch [93] Training Results: Prec@1 79.950 Prec@5 94.292             Loss 0.82871
Epoch [93] Training Class Recall: [0.758,0.832,0.735,0.742,0.801,0.800,0.820,0.826,0.838,0.850]
Epoch [93] Testing Results: Prec@1 65.950 Prec@5 92.630             Loss 1.14354
Epoch [93] Testing Class Recall: [0.792,0.936,0.804,0.558,0.709,0.598,0.381,0.769,0.404,0.644]
Epoch [94] Training Results: Prec@1 79.803 Prec@5 94.325             Loss 0.83388
Epoch [94] Training Class Recall: [0.754,0.827,0.736,0.738,0.804,0.800,0.818,0.824,0.837,0.848]
Epoch [94] Testing Results: Prec@1 63.210 Prec@5 91.530             Loss 1.26629
Epoch [94] Testing Class Recall: [0.836,0.931,0.844,0.512,0.725,0.477,0.805,0.419,0.417,0.355]
Epoch [95] Training Results: Prec@1 79.844 Prec@5 94.167             Loss 0.83175
Epoch [95] Training Class Recall: [0.760,0.828,0.738,0.736,0.797,0.798,0.822,0.825,0.837,0.849]
Epoch [95] Testing Results: Prec@1 67.190 Prec@5 94.040             Loss 1.09408
Epoch [95] Testing Class Recall: [0.764,0.961,0.579,0.801,0.658,0.668,0.598,0.464,0.597,0.629]
Epoch [96] Training Results: Prec@1 79.753 Prec@5 94.328             Loss 0.83313
Epoch [96] Training Class Recall: [0.759,0.831,0.732,0.734,0.799,0.792,0.822,0.825,0.839,0.849]
Epoch [96] Testing Results: Prec@1 68.610 Prec@5 94.090             Loss 1.04944
Epoch [96] Testing Class Recall: [0.854,0.920,0.740,0.766,0.688,0.537,0.637,0.516,0.572,0.631]
Epoch [97] Training Results: Prec@1 80.039 Prec@5 94.342             Loss 0.82928
Epoch [97] Training Class Recall: [0.767,0.827,0.743,0.743,0.804,0.795,0.820,0.826,0.836,0.849]
Epoch [97] Testing Results: Prec@1 66.250 Prec@5 94.370             Loss 1.08476
Epoch [97] Testing Class Recall: [0.796,0.964,0.729,0.762,0.473,0.664,0.709,0.499,0.530,0.499]
Epoch [98] Training Results: Prec@1 79.828 Prec@5 94.361             Loss 0.82971
Epoch [98] Training Class Recall: [0.755,0.829,0.733,0.736,0.802,0.796,0.822,0.829,0.838,0.849]
Epoch [98] Testing Results: Prec@1 67.240 Prec@5 94.570             Loss 1.08403
Epoch [98] Testing Class Recall: [0.887,0.904,0.578,0.407,0.842,0.789,0.800,0.480,0.402,0.635]
Epoch [99] Training Results: Prec@1 79.831 Prec@5 94.308             Loss 0.83043
Epoch [99] Training Class Recall: [0.763,0.831,0.730,0.739,0.802,0.793,0.817,0.828,0.839,0.847]
Epoch [99] Testing Results: Prec@1 67.220 Prec@5 94.170             Loss 1.10371
Epoch [99] Testing Class Recall: [0.806,0.920,0.686,0.728,0.770,0.542,0.823,0.488,0.639,0.320]
Epoch [100] Training Results: Prec@1 79.825 Prec@5 94.319             Loss 0.83116
Epoch [100] Training Class Recall: [0.762,0.832,0.741,0.736,0.796,0.794,0.819,0.824,0.837,0.848]
Epoch [100] Testing Results: Prec@1 65.090 Prec@5 93.040             Loss 1.26839
Epoch [100] Testing Class Recall: [0.938,0.978,0.733,0.423,0.758,0.672,0.781,0.632,0.390,0.204]
Epoch [101] Training Results: Prec@1 79.742 Prec@5 94.417             Loss 0.82805
Epoch [101] Training Class Recall: [0.760,0.823,0.746,0.730,0.803,0.797,0.815,0.824,0.835,0.847]
Epoch [101] Testing Results: Prec@1 55.260 Prec@5 90.250             Loss 1.52776
Epoch [101] Testing Class Recall: [0.796,0.926,0.864,0.377,0.559,0.336,0.809,0.222,0.364,0.273]
Epoch [102] Training Results: Prec@1 79.906 Prec@5 94.417             Loss 0.82834
Epoch [102] Training Class Recall: [0.756,0.831,0.736,0.738,0.799,0.804,0.820,0.828,0.836,0.849]
Epoch [102] Testing Results: Prec@1 65.310 Prec@5 93.860             Loss 1.14386
Epoch [102] Testing Class Recall: [0.677,0.945,0.833,0.642,0.674,0.608,0.588,0.676,0.534,0.354]
Epoch [103] Training Results: Prec@1 79.925 Prec@5 94.106             Loss 0.83196
Epoch [103] Training Class Recall: [0.754,0.832,0.737,0.738,0.798,0.800,0.827,0.824,0.840,0.849]
Epoch [103] Testing Results: Prec@1 59.920 Prec@5 90.550             Loss 1.35201
Epoch [103] Testing Class Recall: [0.885,0.774,0.497,0.880,0.609,0.476,0.418,0.646,0.708,0.099]
Epoch [104] Training Results: Prec@1 79.900 Prec@5 94.253             Loss 0.82784
Epoch [104] Training Class Recall: [0.756,0.832,0.737,0.743,0.798,0.799,0.822,0.824,0.837,0.849]
Epoch [104] Testing Results: Prec@1 68.400 Prec@5 95.070             Loss 1.01107
Epoch [104] Testing Class Recall: [0.797,0.887,0.724,0.542,0.505,0.828,0.731,0.416,0.731,0.679]
Epoch [105] Training Results: Prec@1 79.911 Prec@5 94.444             Loss 0.82818
Epoch [105] Training Class Recall: [0.761,0.827,0.739,0.736,0.802,0.801,0.820,0.827,0.837,0.848]
Epoch [105] Testing Results: Prec@1 60.930 Prec@5 90.230             Loss 1.36707
Epoch [105] Testing Class Recall: [0.841,0.856,0.881,0.663,0.551,0.580,0.597,0.381,0.330,0.413]
Epoch [106] Training Results: Prec@1 79.864 Prec@5 94.311             Loss 0.82925
Epoch [106] Training Class Recall: [0.757,0.828,0.746,0.734,0.798,0.802,0.821,0.822,0.838,0.847]
Epoch [106] Testing Results: Prec@1 67.140 Prec@5 93.830             Loss 1.11955
Epoch [106] Testing Class Recall: [0.863,0.957,0.659,0.768,0.750,0.412,0.700,0.636,0.383,0.586]
Epoch [107] Training Results: Prec@1 79.717 Prec@5 94.433             Loss 0.82936
Epoch [107] Training Class Recall: [0.753,0.829,0.730,0.739,0.798,0.799,0.823,0.827,0.836,0.846]
Epoch [107] Testing Results: Prec@1 69.070 Prec@5 95.170             Loss 0.99332
Epoch [107] Testing Class Recall: [0.893,0.934,0.589,0.532,0.691,0.755,0.661,0.594,0.727,0.531]
Epoch [108] Training Results: Prec@1 80.022 Prec@5 94.392             Loss 0.82505
Epoch [108] Training Class Recall: [0.762,0.830,0.743,0.739,0.798,0.803,0.821,0.827,0.838,0.847]
Epoch [108] Testing Results: Prec@1 70.180 Prec@5 95.110             Loss 0.96875
Epoch [108] Testing Class Recall: [0.817,0.953,0.717,0.640,0.615,0.684,0.670,0.705,0.539,0.678]
Epoch [109] Training Results: Prec@1 79.950 Prec@5 94.275             Loss 0.82436
Epoch [109] Training Class Recall: [0.764,0.830,0.739,0.736,0.805,0.791,0.821,0.825,0.840,0.850]
Epoch [109] Testing Results: Prec@1 71.470 Prec@5 94.830             Loss 0.96972
Epoch [109] Testing Class Recall: [0.826,0.910,0.686,0.816,0.787,0.449,0.648,0.642,0.657,0.726]
Epoch [110] Training Results: Prec@1 79.925 Prec@5 94.517             Loss 0.82433
Epoch [110] Training Class Recall: [0.763,0.827,0.741,0.741,0.798,0.800,0.818,0.824,0.838,0.849]
Epoch [110] Testing Results: Prec@1 67.130 Prec@5 93.940             Loss 1.07802
Epoch [110] Testing Class Recall: [0.844,0.911,0.715,0.734,0.576,0.696,0.528,0.697,0.467,0.545]
Epoch [111] Training Results: Prec@1 80.050 Prec@5 94.544             Loss 0.82369
Epoch [111] Training Class Recall: [0.763,0.831,0.742,0.731,0.805,0.803,0.821,0.830,0.839,0.848]
Epoch [111] Testing Results: Prec@1 66.850 Prec@5 94.070             Loss 1.08995
Epoch [111] Testing Class Recall: [0.913,0.899,0.648,0.429,0.491,0.781,0.885,0.515,0.450,0.674]
Epoch [112] Training Results: Prec@1 79.914 Prec@5 94.408             Loss 0.82656
Epoch [112] Training Class Recall: [0.760,0.831,0.736,0.739,0.799,0.807,0.815,0.824,0.839,0.847]
Epoch [112] Testing Results: Prec@1 65.600 Prec@5 94.800             Loss 1.13939
Epoch [112] Testing Class Recall: [0.782,0.982,0.777,0.695,0.573,0.714,0.655,0.611,0.494,0.277]
Epoch [113] Training Results: Prec@1 80.000 Prec@5 94.528             Loss 0.81767
Epoch [113] Training Class Recall: [0.758,0.828,0.739,0.744,0.801,0.803,0.823,0.827,0.833,0.850]
Epoch [113] Testing Results: Prec@1 61.560 Prec@5 92.110             Loss 1.31169
Epoch [113] Testing Class Recall: [0.927,0.957,0.698,0.734,0.550,0.533,0.486,0.369,0.459,0.443]
Epoch [114] Training Results: Prec@1 79.911 Prec@5 94.400             Loss 0.82876
Epoch [114] Training Class Recall: [0.758,0.829,0.741,0.737,0.801,0.800,0.821,0.823,0.838,0.850]
Epoch [114] Testing Results: Prec@1 68.760 Prec@5 95.230             Loss 1.00751
Epoch [114] Testing Class Recall: [0.669,0.941,0.637,0.593,0.758,0.835,0.718,0.542,0.594,0.589]
Epoch [115] Training Results: Prec@1 80.003 Prec@5 94.556             Loss 0.82276
Epoch [115] Training Class Recall: [0.764,0.829,0.736,0.737,0.801,0.804,0.822,0.825,0.840,0.849]
Epoch [115] Testing Results: Prec@1 63.780 Prec@5 92.380             Loss 1.22160
Epoch [115] Testing Class Recall: [0.907,0.963,0.668,0.741,0.712,0.583,0.475,0.588,0.241,0.500]
Epoch [116] Training Results: Prec@1 79.928 Prec@5 94.461             Loss 0.82484
Epoch [116] Training Class Recall: [0.756,0.833,0.734,0.737,0.801,0.803,0.821,0.827,0.838,0.849]
Epoch [116] Testing Results: Prec@1 65.760 Prec@5 94.340             Loss 1.10054
Epoch [116] Testing Class Recall: [0.803,0.944,0.790,0.731,0.621,0.450,0.710,0.483,0.667,0.377]
Epoch [117] Training Results: Prec@1 79.817 Prec@5 94.536             Loss 0.82527
Epoch [117] Training Class Recall: [0.757,0.824,0.744,0.738,0.795,0.801,0.819,0.825,0.837,0.848]
Epoch [117] Testing Results: Prec@1 66.540 Prec@5 93.440             Loss 1.13910
Epoch [117] Testing Class Recall: [0.903,0.974,0.654,0.616,0.502,0.613,0.619,0.530,0.625,0.618]
Epoch [118] Training Results: Prec@1 79.983 Prec@5 94.439             Loss 0.82168
Epoch [118] Training Class Recall: [0.757,0.833,0.741,0.741,0.796,0.805,0.821,0.825,0.838,0.848]
Epoch [118] Testing Results: Prec@1 65.260 Prec@5 93.470             Loss 1.17993
Epoch [118] Testing Class Recall: [0.750,0.930,0.864,0.597,0.653,0.390,0.729,0.590,0.404,0.619]
Epoch [119] Training Results: Prec@1 80.169 Prec@5 94.558             Loss 0.81886
Epoch [119] Training Class Recall: [0.765,0.830,0.743,0.745,0.803,0.805,0.817,0.828,0.839,0.849]
Epoch [119] Testing Results: Prec@1 68.240 Prec@5 94.820             Loss 1.03417
Epoch [119] Testing Class Recall: [0.780,0.917,0.735,0.621,0.698,0.459,0.908,0.497,0.707,0.502]
Epoch [120] Training Results: Prec@1 79.897 Prec@5 94.581             Loss 0.82220
Epoch [120] Training Class Recall: [0.753,0.832,0.731,0.741,0.800,0.807,0.824,0.822,0.836,0.849]
Epoch [120] Testing Results: Prec@1 64.870 Prec@5 92.730             Loss 1.17599
Epoch [120] Testing Class Recall: [0.677,0.946,0.668,0.699,0.866,0.502,0.608,0.640,0.675,0.206]
Epoch [121] Training Results: Prec@1 80.072 Prec@5 94.594             Loss 0.82207
Epoch [121] Training Class Recall: [0.759,0.826,0.748,0.743,0.803,0.800,0.820,0.827,0.838,0.847]
Epoch [121] Testing Results: Prec@1 64.600 Prec@5 92.200             Loss 1.27849
Epoch [121] Testing Class Recall: [0.798,0.944,0.763,0.598,0.656,0.730,0.747,0.414,0.511,0.299]
Epoch [122] Training Results: Prec@1 79.911 Prec@5 94.492             Loss 0.82485
Epoch [122] Training Class Recall: [0.761,0.829,0.736,0.735,0.806,0.802,0.821,0.825,0.836,0.847]
Epoch [122] Testing Results: Prec@1 64.740 Prec@5 95.250             Loss 1.17205
Epoch [122] Testing Class Recall: [0.522,0.693,0.572,0.868,0.809,0.361,0.570,0.632,0.807,0.640]
Epoch [123] Training Results: Prec@1 80.006 Prec@5 94.708             Loss 0.81913
Epoch [123] Training Class Recall: [0.763,0.830,0.744,0.737,0.801,0.795,0.825,0.825,0.839,0.848]
Epoch [123] Testing Results: Prec@1 69.570 Prec@5 94.560             Loss 1.01413
Epoch [123] Testing Class Recall: [0.806,0.923,0.751,0.761,0.632,0.594,0.747,0.470,0.569,0.704]
Epoch [124] Training Results: Prec@1 80.094 Prec@5 94.564             Loss 0.81893
Epoch [124] Training Class Recall: [0.758,0.829,0.739,0.746,0.805,0.800,0.822,0.827,0.839,0.849]
Epoch [124] Testing Results: Prec@1 64.900 Prec@5 94.580             Loss 1.14958
Epoch [124] Testing Class Recall: [0.826,0.948,0.482,0.417,0.783,0.573,0.573,0.878,0.577,0.433]
Epoch [125] Training Results: Prec@1 80.086 Prec@5 94.558             Loss 0.81986
Epoch [125] Training Class Recall: [0.759,0.832,0.741,0.741,0.804,0.799,0.821,0.830,0.838,0.850]
Epoch [125] Testing Results: Prec@1 64.430 Prec@5 92.690             Loss 1.22802
Epoch [125] Testing Class Recall: [0.904,0.983,0.579,0.493,0.817,0.751,0.483,0.551,0.454,0.428]
Epoch [126] Training Results: Prec@1 79.861 Prec@5 94.469             Loss 0.82626
Epoch [126] Training Class Recall: [0.758,0.830,0.733,0.739,0.802,0.802,0.819,0.827,0.838,0.845]
Epoch [126] Testing Results: Prec@1 63.740 Prec@5 92.940             Loss 1.26002
Epoch [126] Testing Class Recall: [0.706,0.982,0.615,0.581,0.594,0.620,0.916,0.526,0.505,0.329]
Epoch [127] Training Results: Prec@1 79.992 Prec@5 94.542             Loss 0.82212
Epoch [127] Training Class Recall: [0.760,0.831,0.744,0.743,0.796,0.798,0.821,0.823,0.842,0.848]
Epoch [127] Testing Results: Prec@1 68.740 Prec@5 93.440             Loss 1.05618
Epoch [127] Testing Class Recall: [0.765,0.963,0.615,0.591,0.860,0.752,0.480,0.509,0.769,0.570]
Epoch [128] Training Results: Prec@1 79.900 Prec@5 94.603             Loss 0.82316
Epoch [128] Training Class Recall: [0.760,0.832,0.733,0.747,0.802,0.797,0.813,0.827,0.836,0.849]
Epoch [128] Testing Results: Prec@1 63.280 Prec@5 94.350             Loss 1.25681
Epoch [128] Testing Class Recall: [0.675,0.987,0.635,0.703,0.660,0.773,0.691,0.391,0.507,0.306]
Epoch [129] Training Results: Prec@1 80.128 Prec@5 94.478             Loss 0.81523
Epoch [129] Training Class Recall: [0.761,0.828,0.741,0.748,0.805,0.804,0.820,0.824,0.840,0.848]
Epoch [129] Testing Results: Prec@1 67.890 Prec@5 94.150             Loss 1.07843
Epoch [129] Testing Class Recall: [0.739,0.957,0.866,0.613,0.635,0.633,0.741,0.698,0.405,0.502]
Epoch [130] Training Results: Prec@1 80.178 Prec@5 94.789             Loss 0.81458
Epoch [130] Training Class Recall: [0.757,0.831,0.746,0.746,0.804,0.799,0.824,0.825,0.839,0.852]
Epoch [130] Testing Results: Prec@1 68.160 Prec@5 93.760             Loss 1.10577
Epoch [130] Testing Class Recall: [0.852,0.933,0.741,0.297,0.869,0.604,0.710,0.694,0.502,0.614]
Epoch [131] Training Results: Prec@1 80.047 Prec@5 94.542             Loss 0.82046
Epoch [131] Training Class Recall: [0.763,0.834,0.736,0.745,0.799,0.799,0.823,0.826,0.837,0.849]
Epoch [131] Testing Results: Prec@1 60.940 Prec@5 88.140             Loss 1.32062
Epoch [131] Testing Class Recall: [0.827,0.803,0.386,0.327,0.751,0.837,0.165,0.404,0.830,0.764]
Epoch [132] Training Results: Prec@1 79.867 Prec@5 94.581             Loss 0.82435
Epoch [132] Training Class Recall: [0.762,0.830,0.740,0.744,0.799,0.795,0.814,0.825,0.837,0.847]
Epoch [132] Testing Results: Prec@1 67.600 Prec@5 92.470             Loss 1.15267
Epoch [132] Testing Class Recall: [0.840,0.926,0.742,0.761,0.663,0.691,0.315,0.436,0.597,0.789]
Epoch [133] Training Results: Prec@1 80.000 Prec@5 94.797             Loss 0.81778
Epoch [133] Training Class Recall: [0.757,0.830,0.742,0.741,0.800,0.803,0.820,0.826,0.839,0.849]
Epoch [133] Testing Results: Prec@1 55.030 Prec@5 92.300             Loss 1.54285
Epoch [133] Testing Class Recall: [0.792,0.598,0.467,0.518,0.539,0.908,0.310,0.422,0.369,0.580]
Epoch [134] Training Results: Prec@1 79.975 Prec@5 94.656             Loss 0.81749
Epoch [134] Training Class Recall: [0.761,0.831,0.738,0.741,0.801,0.799,0.823,0.823,0.838,0.849]
Epoch [134] Testing Results: Prec@1 63.080 Prec@5 92.840             Loss 1.29317
Epoch [134] Testing Class Recall: [0.841,0.891,0.564,0.474,0.892,0.806,0.253,0.516,0.429,0.642]
Epoch [135] Training Results: Prec@1 80.244 Prec@5 94.608             Loss 0.81817
Epoch [135] Training Class Recall: [0.761,0.831,0.748,0.737,0.807,0.800,0.828,0.827,0.841,0.852]
Epoch [135] Testing Results: Prec@1 65.510 Prec@5 93.110             Loss 1.13923
Epoch [135] Testing Class Recall: [0.893,0.907,0.613,0.565,0.497,0.822,0.805,0.652,0.277,0.520]
Epoch [136] Training Results: Prec@1 80.081 Prec@5 94.653             Loss 0.81838
Epoch [136] Training Class Recall: [0.757,0.826,0.741,0.737,0.806,0.803,0.826,0.831,0.838,0.849]
Epoch [136] Testing Results: Prec@1 68.640 Prec@5 94.460             Loss 1.04095
Epoch [136] Testing Class Recall: [0.808,0.905,0.797,0.646,0.804,0.495,0.567,0.697,0.592,0.553]
Epoch [137] Training Results: Prec@1 80.017 Prec@5 94.681             Loss 0.81563
Epoch [137] Training Class Recall: [0.760,0.832,0.742,0.744,0.795,0.800,0.822,0.824,0.838,0.850]
Epoch [137] Testing Results: Prec@1 65.620 Prec@5 93.640             Loss 1.15388
Epoch [137] Testing Class Recall: [0.889,0.908,0.664,0.420,0.910,0.543,0.524,0.695,0.474,0.535]
Epoch [138] Training Results: Prec@1 80.153 Prec@5 94.772             Loss 0.81352
Epoch [138] Training Class Recall: [0.767,0.829,0.745,0.740,0.800,0.799,0.823,0.830,0.839,0.849]
Epoch [138] Testing Results: Prec@1 69.780 Prec@5 94.290             Loss 1.01826
Epoch [138] Testing Class Recall: [0.888,0.817,0.755,0.571,0.797,0.384,0.755,0.654,0.740,0.617]
Epoch [139] Training Results: Prec@1 79.897 Prec@5 94.642             Loss 0.81662
Epoch [139] Training Class Recall: [0.758,0.830,0.737,0.735,0.799,0.805,0.817,0.825,0.839,0.850]
Epoch [139] Testing Results: Prec@1 67.500 Prec@5 92.760             Loss 1.16842
Epoch [139] Testing Class Recall: [0.865,0.972,0.777,0.593,0.760,0.520,0.648,0.619,0.564,0.432]
Epoch [140] Training Results: Prec@1 79.892 Prec@5 94.603             Loss 0.82060
Epoch [140] Training Class Recall: [0.761,0.823,0.746,0.739,0.794,0.799,0.822,0.825,0.839,0.847]
Epoch [140] Testing Results: Prec@1 68.740 Prec@5 93.910             Loss 1.03197
Epoch [140] Testing Class Recall: [0.876,0.933,0.704,0.682,0.717,0.448,0.790,0.567,0.686,0.471]
Epoch [141] Training Results: Prec@1 80.167 Prec@5 94.864             Loss 0.81171
Epoch [141] Training Class Recall: [0.763,0.831,0.739,0.748,0.801,0.803,0.819,0.828,0.839,0.850]
Epoch [141] Testing Results: Prec@1 67.960 Prec@5 92.780             Loss 1.07866
Epoch [141] Testing Class Recall: [0.878,0.901,0.688,0.321,0.874,0.774,0.515,0.548,0.523,0.774]
Epoch [142] Training Results: Prec@1 80.089 Prec@5 94.719             Loss 0.81600
Epoch [142] Training Class Recall: [0.761,0.833,0.739,0.743,0.803,0.801,0.821,0.827,0.838,0.848]
Epoch [142] Testing Results: Prec@1 66.910 Prec@5 92.590             Loss 1.13287
Epoch [142] Testing Class Recall: [0.786,0.896,0.818,0.604,0.705,0.593,0.560,0.744,0.685,0.300]
Epoch [143] Training Results: Prec@1 79.950 Prec@5 94.772             Loss 0.81742
Epoch [143] Training Class Recall: [0.760,0.824,0.742,0.741,0.799,0.801,0.819,0.828,0.840,0.848]
Epoch [143] Testing Results: Prec@1 66.410 Prec@5 93.750             Loss 1.09395
Epoch [143] Testing Class Recall: [0.805,0.597,0.589,0.410,0.821,0.714,0.763,0.730,0.571,0.641]
Epoch [144] Training Results: Prec@1 80.186 Prec@5 94.886             Loss 0.81290
Epoch [144] Training Class Recall: [0.768,0.829,0.740,0.741,0.805,0.803,0.825,0.827,0.839,0.849]
Epoch [144] Testing Results: Prec@1 63.960 Prec@5 92.580             Loss 1.17246
Epoch [144] Testing Class Recall: [0.846,0.785,0.754,0.696,0.787,0.597,0.575,0.401,0.744,0.211]
Epoch [145] Training Results: Prec@1 79.958 Prec@5 94.703             Loss 0.81469
Epoch [145] Training Class Recall: [0.761,0.825,0.740,0.739,0.801,0.800,0.818,0.828,0.841,0.848]
Epoch [145] Testing Results: Prec@1 65.730 Prec@5 92.520             Loss 1.17625
Epoch [145] Testing Class Recall: [0.878,0.951,0.606,0.713,0.690,0.566,0.815,0.446,0.707,0.201]
Epoch [146] Training Results: Prec@1 80.011 Prec@5 94.714             Loss 0.81448
Epoch [146] Training Class Recall: [0.755,0.830,0.745,0.744,0.800,0.805,0.817,0.822,0.839,0.850]
Epoch [146] Testing Results: Prec@1 67.860 Prec@5 93.380             Loss 1.12459
Epoch [146] Testing Class Recall: [0.887,0.932,0.798,0.646,0.758,0.493,0.697,0.631,0.635,0.309]
Epoch [147] Training Results: Prec@1 79.950 Prec@5 94.806             Loss 0.81516
Epoch [147] Training Class Recall: [0.761,0.827,0.737,0.735,0.806,0.795,0.822,0.827,0.841,0.850]
Epoch [147] Testing Results: Prec@1 65.020 Prec@5 94.310             Loss 1.12662
Epoch [147] Testing Class Recall: [0.627,0.975,0.719,0.807,0.518,0.548,0.746,0.609,0.382,0.571]
Epoch [148] Training Results: Prec@1 79.883 Prec@5 94.742             Loss 0.81567
Epoch [148] Training Class Recall: [0.760,0.833,0.735,0.734,0.799,0.802,0.820,0.824,0.839,0.848]
Epoch [148] Testing Results: Prec@1 60.470 Prec@5 91.000             Loss 1.43927
Epoch [148] Testing Class Recall: [0.894,0.943,0.905,0.628,0.657,0.307,0.407,0.469,0.437,0.400]
Epoch [149] Training Results: Prec@1 80.106 Prec@5 94.833             Loss 0.81191
Epoch [149] Training Class Recall: [0.761,0.830,0.741,0.739,0.804,0.796,0.826,0.828,0.843,0.848]
Epoch [149] Testing Results: Prec@1 62.730 Prec@5 90.320             Loss 1.28248
Epoch [149] Testing Class Recall: [0.835,0.942,0.639,0.817,0.503,0.595,0.683,0.252,0.695,0.312]
Epoch [150] Training Results: Prec@1 79.967 Prec@5 94.733             Loss 0.81552
Epoch [150] Training Class Recall: [0.764,0.834,0.734,0.740,0.799,0.801,0.820,0.825,0.839,0.848]
Epoch [150] Testing Results: Prec@1 65.240 Prec@5 93.970             Loss 1.22757
Epoch [150] Testing Class Recall: [0.710,0.989,0.783,0.473,0.790,0.560,0.641,0.596,0.401,0.581]
Epoch [151] Training Results: Prec@1 80.278 Prec@5 94.806             Loss 0.80950
Epoch [151] Training Class Recall: [0.765,0.829,0.754,0.741,0.805,0.797,0.824,0.827,0.838,0.852]
Epoch [151] Testing Results: Prec@1 68.560 Prec@5 95.310             Loss 1.04391
Epoch [151] Testing Class Recall: [0.791,0.852,0.744,0.387,0.752,0.822,0.728,0.630,0.421,0.729]
Epoch [152] Training Results: Prec@1 80.264 Prec@5 94.764             Loss 0.81105
Epoch [152] Training Class Recall: [0.763,0.829,0.751,0.743,0.804,0.802,0.823,0.827,0.840,0.851]
Epoch [152] Testing Results: Prec@1 68.310 Prec@5 93.390             Loss 1.12141
Epoch [152] Testing Class Recall: [0.937,0.927,0.654,0.782,0.653,0.630,0.771,0.565,0.551,0.361]
Epoch [153] Training Results: Prec@1 80.281 Prec@5 94.881             Loss 0.80478
Epoch [153] Training Class Recall: [0.761,0.832,0.755,0.748,0.799,0.803,0.821,0.827,0.839,0.849]
Epoch [153] Testing Results: Prec@1 65.740 Prec@5 93.990             Loss 1.13208
Epoch [153] Testing Class Recall: [0.804,0.916,0.884,0.584,0.575,0.580,0.528,0.557,0.600,0.546]
Epoch [154] Training Results: Prec@1 80.300 Prec@5 94.864             Loss 0.80719
Epoch [154] Training Class Recall: [0.764,0.834,0.746,0.754,0.800,0.799,0.822,0.827,0.841,0.848]
Epoch [154] Testing Results: Prec@1 69.910 Prec@5 94.560             Loss 1.00862
Epoch [154] Testing Class Recall: [0.821,0.945,0.732,0.465,0.819,0.593,0.732,0.732,0.592,0.560]
Epoch [155] Training Results: Prec@1 80.014 Prec@5 94.956             Loss 0.81415
Epoch [155] Training Class Recall: [0.759,0.828,0.743,0.739,0.803,0.799,0.818,0.827,0.842,0.850]
Epoch [155] Testing Results: Prec@1 66.160 Prec@5 94.110             Loss 1.12368
Epoch [155] Testing Class Recall: [0.926,0.967,0.601,0.425,0.577,0.707,0.908,0.628,0.323,0.554]
Epoch [156] Training Results: Prec@1 80.097 Prec@5 94.825             Loss 0.81239
Epoch [156] Training Class Recall: [0.762,0.833,0.740,0.744,0.799,0.803,0.823,0.822,0.839,0.849]
Epoch [156] Testing Results: Prec@1 61.230 Prec@5 93.020             Loss 1.33598
Epoch [156] Testing Class Recall: [0.757,0.975,0.913,0.350,0.575,0.628,0.328,0.628,0.580,0.389]
Epoch [157] Training Results: Prec@1 80.233 Prec@5 94.986             Loss 0.80516
Epoch [157] Training Class Recall: [0.766,0.833,0.745,0.745,0.803,0.802,0.819,0.825,0.840,0.851]
Epoch [157] Testing Results: Prec@1 63.580 Prec@5 92.120             Loss 1.27433
Epoch [157] Testing Class Recall: [0.911,0.954,0.788,0.331,0.693,0.532,0.563,0.505,0.485,0.596]
Epoch [158] Training Results: Prec@1 80.028 Prec@5 94.875             Loss 0.81237
Epoch [158] Training Class Recall: [0.759,0.827,0.744,0.737,0.805,0.802,0.819,0.827,0.841,0.849]
Epoch [158] Testing Results: Prec@1 66.870 Prec@5 92.800             Loss 1.18025
Epoch [158] Testing Class Recall: [0.913,0.941,0.786,0.596,0.544,0.670,0.672,0.647,0.640,0.278]
Epoch [159] Training Results: Prec@1 80.219 Prec@5 94.789             Loss 0.80882
Epoch [159] Training Class Recall: [0.762,0.834,0.743,0.745,0.802,0.804,0.824,0.827,0.839,0.849]
Epoch [159] Testing Results: Prec@1 68.840 Prec@5 94.680             Loss 1.03301
Epoch [159] Testing Class Recall: [0.897,0.920,0.755,0.747,0.681,0.506,0.615,0.677,0.487,0.599]
Epoch [160] Training Results: Prec@1 81.297 Prec@5 95.614             Loss 0.75624
Epoch [160] Training Class Recall: [0.773,0.843,0.774,0.770,0.809,0.812,0.821,0.837,0.842,0.853]
Epoch [160] Testing Results: Prec@1 71.720 Prec@5 95.660             Loss 0.93412
Epoch [160] Testing Class Recall: [0.893,0.958,0.748,0.737,0.751,0.604,0.703,0.642,0.562,0.574]
Epoch [161] Training Results: Prec@1 82.069 Prec@5 95.769             Loss 0.72892
Epoch [161] Training Class Recall: [0.784,0.847,0.782,0.781,0.828,0.825,0.830,0.837,0.845,0.852]
Epoch [161] Testing Results: Prec@1 72.010 Prec@5 95.970             Loss 0.92980
Epoch [161] Testing Class Recall: [0.906,0.966,0.766,0.726,0.787,0.599,0.721,0.605,0.574,0.551]
Epoch [162] Training Results: Prec@1 82.419 Prec@5 96.058             Loss 0.71783
Epoch [162] Training Class Recall: [0.797,0.847,0.785,0.785,0.830,0.833,0.835,0.837,0.844,0.854]
Epoch [162] Testing Results: Prec@1 71.300 Prec@5 95.370             Loss 0.97261
Epoch [162] Testing Class Recall: [0.909,0.969,0.789,0.756,0.778,0.591,0.670,0.621,0.513,0.534]
Epoch [163] Training Results: Prec@1 82.383 Prec@5 96.047             Loss 0.71334
Epoch [163] Training Class Recall: [0.791,0.847,0.790,0.783,0.830,0.832,0.835,0.837,0.845,0.854]
Epoch [163] Testing Results: Prec@1 72.510 Prec@5 95.730             Loss 0.93324
Epoch [163] Testing Class Recall: [0.903,0.967,0.794,0.747,0.798,0.603,0.721,0.608,0.575,0.535]
Epoch [164] Training Results: Prec@1 82.597 Prec@5 96.253             Loss 0.70476
Epoch [164] Training Class Recall: [0.793,0.850,0.791,0.790,0.834,0.831,0.838,0.837,0.845,0.854]
Epoch [164] Testing Results: Prec@1 72.380 Prec@5 95.710             Loss 0.93299
Epoch [164] Testing Class Recall: [0.911,0.963,0.776,0.759,0.793,0.608,0.726,0.593,0.554,0.555]
Epoch [165] Training Results: Prec@1 82.689 Prec@5 96.292             Loss 0.70243
Epoch [165] Training Class Recall: [0.796,0.851,0.794,0.791,0.836,0.829,0.839,0.838,0.844,0.853]
Epoch [165] Testing Results: Prec@1 71.920 Prec@5 95.600             Loss 0.95365
Epoch [165] Testing Class Recall: [0.906,0.968,0.801,0.743,0.790,0.616,0.723,0.587,0.548,0.510]
Epoch [166] Training Results: Prec@1 82.661 Prec@5 96.211             Loss 0.69822
Epoch [166] Training Class Recall: [0.792,0.849,0.793,0.792,0.837,0.832,0.839,0.838,0.845,0.852]
Epoch [166] Testing Results: Prec@1 72.000 Prec@5 95.450             Loss 0.94855
Epoch [166] Testing Class Recall: [0.905,0.965,0.796,0.747,0.798,0.604,0.703,0.572,0.571,0.539]
Epoch [167] Training Results: Prec@1 82.814 Prec@5 96.486             Loss 0.69254
Epoch [167] Training Class Recall: [0.795,0.850,0.796,0.795,0.836,0.834,0.841,0.838,0.846,0.854]
Epoch [167] Testing Results: Prec@1 72.590 Prec@5 95.350             Loss 0.93588
Epoch [167] Testing Class Recall: [0.903,0.970,0.777,0.756,0.794,0.610,0.719,0.582,0.585,0.563]
Epoch [168] Training Results: Prec@1 82.725 Prec@5 96.625             Loss 0.68853
Epoch [168] Training Class Recall: [0.798,0.850,0.797,0.790,0.831,0.838,0.835,0.837,0.846,0.854]
Epoch [168] Testing Results: Prec@1 72.600 Prec@5 95.420             Loss 0.93930
Epoch [168] Testing Class Recall: [0.912,0.972,0.762,0.760,0.781,0.591,0.723,0.619,0.573,0.567]
Epoch [169] Training Results: Prec@1 82.844 Prec@5 96.528             Loss 0.68836
Epoch [169] Training Class Recall: [0.798,0.850,0.797,0.796,0.835,0.834,0.839,0.837,0.848,0.855]
Epoch [169] Testing Results: Prec@1 71.990 Prec@5 95.350             Loss 0.96154
Epoch [169] Testing Class Recall: [0.904,0.970,0.791,0.760,0.790,0.599,0.698,0.585,0.582,0.520]
Epoch [170] Training Results: Prec@1 82.844 Prec@5 96.608             Loss 0.68540
Epoch [170] Training Class Recall: [0.798,0.850,0.796,0.795,0.835,0.839,0.839,0.836,0.845,0.854]
Epoch [170] Testing Results: Prec@1 72.440 Prec@5 95.430             Loss 0.94814
Epoch [170] Testing Class Recall: [0.908,0.975,0.785,0.748,0.794,0.606,0.712,0.615,0.579,0.522]
Epoch [171] Training Results: Prec@1 82.808 Prec@5 96.597             Loss 0.68546
Epoch [171] Training Class Recall: [0.796,0.850,0.799,0.793,0.838,0.832,0.840,0.837,0.846,0.854]
Epoch [171] Testing Results: Prec@1 72.280 Prec@5 95.370             Loss 0.95078
Epoch [171] Testing Class Recall: [0.910,0.962,0.790,0.753,0.788,0.612,0.707,0.619,0.576,0.511]
Epoch [172] Training Results: Prec@1 82.956 Prec@5 96.714             Loss 0.68048
Epoch [172] Training Class Recall: [0.800,0.855,0.799,0.796,0.835,0.836,0.840,0.837,0.847,0.855]
Epoch [172] Testing Results: Prec@1 71.980 Prec@5 95.300             Loss 0.96553
Epoch [172] Testing Class Recall: [0.911,0.967,0.777,0.763,0.799,0.611,0.692,0.615,0.550,0.513]
Epoch [173] Training Results: Prec@1 82.906 Prec@5 96.678             Loss 0.67920
Epoch [173] Training Class Recall: [0.803,0.851,0.802,0.795,0.836,0.832,0.839,0.837,0.846,0.853]
Epoch [173] Testing Results: Prec@1 71.810 Prec@5 95.380             Loss 0.96439
Epoch [173] Testing Class Recall: [0.907,0.970,0.789,0.742,0.790,0.620,0.703,0.597,0.553,0.510]
Epoch [174] Training Results: Prec@1 82.986 Prec@5 96.744             Loss 0.67591
Epoch [174] Training Class Recall: [0.801,0.851,0.801,0.795,0.838,0.837,0.839,0.838,0.847,0.857]
Epoch [174] Testing Results: Prec@1 72.410 Prec@5 95.370             Loss 0.95166
Epoch [174] Testing Class Recall: [0.909,0.962,0.785,0.767,0.796,0.598,0.705,0.613,0.590,0.516]
Epoch [175] Training Results: Prec@1 82.947 Prec@5 96.706             Loss 0.67640
Epoch [175] Training Class Recall: [0.801,0.849,0.801,0.799,0.835,0.834,0.839,0.838,0.847,0.855]
Epoch [175] Testing Results: Prec@1 72.220 Prec@5 95.130             Loss 0.95741
Epoch [175] Testing Class Recall: [0.911,0.968,0.784,0.756,0.799,0.598,0.712,0.595,0.601,0.498]
Epoch [176] Training Results: Prec@1 83.072 Prec@5 96.833             Loss 0.67191
Epoch [176] Training Class Recall: [0.803,0.853,0.798,0.802,0.834,0.835,0.842,0.839,0.848,0.858]
Epoch [176] Testing Results: Prec@1 72.380 Prec@5 95.130             Loss 0.95142
Epoch [176] Testing Class Recall: [0.899,0.974,0.788,0.743,0.793,0.600,0.721,0.611,0.606,0.503]
Epoch [177] Training Results: Prec@1 83.036 Prec@5 96.742             Loss 0.67281
Epoch [177] Training Class Recall: [0.801,0.855,0.799,0.795,0.839,0.835,0.841,0.839,0.848,0.855]
Epoch [177] Testing Results: Prec@1 71.920 Prec@5 94.980             Loss 0.98016
Epoch [177] Testing Class Recall: [0.915,0.974,0.784,0.755,0.797,0.603,0.678,0.608,0.599,0.479]
Epoch [178] Training Results: Prec@1 83.058 Prec@5 96.878             Loss 0.66823
Epoch [178] Training Class Recall: [0.801,0.852,0.802,0.798,0.839,0.835,0.840,0.839,0.847,0.857]
Epoch [178] Testing Results: Prec@1 72.090 Prec@5 95.160             Loss 0.96311
Epoch [178] Testing Class Recall: [0.911,0.970,0.791,0.730,0.802,0.604,0.712,0.601,0.564,0.524]
Epoch [179] Training Results: Prec@1 83.078 Prec@5 96.822             Loss 0.66849
Epoch [179] Training Class Recall: [0.801,0.855,0.803,0.796,0.838,0.837,0.839,0.838,0.849,0.856]
Epoch [179] Testing Results: Prec@1 72.680 Prec@5 95.190             Loss 0.94537
Epoch [179] Testing Class Recall: [0.905,0.971,0.793,0.735,0.782,0.613,0.701,0.625,0.597,0.546]
Epoch [180] Training Results: Prec@1 83.128 Prec@5 96.964             Loss 0.66621
Epoch [180] Training Class Recall: [0.801,0.854,0.802,0.798,0.840,0.837,0.844,0.837,0.848,0.856]
Epoch [180] Testing Results: Prec@1 72.520 Prec@5 95.190             Loss 0.94747
Epoch [180] Testing Class Recall: [0.903,0.968,0.769,0.747,0.806,0.604,0.732,0.596,0.597,0.530]
Epoch [181] Training Results: Prec@1 83.086 Prec@5 96.828             Loss 0.66886
Epoch [181] Training Class Recall: [0.799,0.853,0.802,0.797,0.839,0.837,0.842,0.837,0.849,0.857]
Epoch [181] Testing Results: Prec@1 72.030 Prec@5 95.020             Loss 0.96508
Epoch [181] Testing Class Recall: [0.894,0.973,0.800,0.746,0.779,0.607,0.701,0.600,0.579,0.524]
Epoch [182] Training Results: Prec@1 83.044 Prec@5 96.933             Loss 0.66826
Epoch [182] Training Class Recall: [0.798,0.851,0.803,0.796,0.840,0.838,0.839,0.839,0.848,0.856]
Epoch [182] Testing Results: Prec@1 72.290 Prec@5 95.120             Loss 0.95274
Epoch [182] Testing Class Recall: [0.905,0.968,0.791,0.727,0.784,0.606,0.741,0.621,0.591,0.495]
Epoch [183] Training Results: Prec@1 83.050 Prec@5 96.861             Loss 0.66888
Epoch [183] Training Class Recall: [0.800,0.852,0.801,0.799,0.837,0.834,0.842,0.840,0.848,0.856]
Epoch [183] Testing Results: Prec@1 71.990 Prec@5 95.100             Loss 0.96818
Epoch [183] Testing Class Recall: [0.912,0.970,0.775,0.748,0.789,0.605,0.720,0.600,0.576,0.504]
Epoch [184] Training Results: Prec@1 83.031 Prec@5 96.919             Loss 0.66771
Epoch [184] Training Class Recall: [0.800,0.851,0.802,0.797,0.839,0.837,0.841,0.838,0.847,0.854]
Epoch [184] Testing Results: Prec@1 72.240 Prec@5 95.120             Loss 0.95690
Epoch [184] Testing Class Recall: [0.907,0.958,0.788,0.743,0.800,0.606,0.730,0.593,0.573,0.526]
Epoch [185] Training Results: Prec@1 83.072 Prec@5 96.858             Loss 0.66666
Epoch [185] Training Class Recall: [0.799,0.852,0.802,0.800,0.841,0.838,0.838,0.839,0.848,0.855]
Epoch [185] Testing Results: Prec@1 72.110 Prec@5 95.130             Loss 0.97101
Epoch [185] Testing Class Recall: [0.898,0.971,0.795,0.742,0.795,0.599,0.725,0.599,0.577,0.510]
Epoch [186] Training Results: Prec@1 83.111 Prec@5 96.925             Loss 0.66924
Epoch [186] Training Class Recall: [0.801,0.849,0.801,0.804,0.839,0.835,0.841,0.840,0.848,0.856]
Epoch [186] Testing Results: Prec@1 72.390 Prec@5 95.090             Loss 0.95502
Epoch [186] Testing Class Recall: [0.904,0.969,0.784,0.741,0.799,0.607,0.724,0.607,0.588,0.516]
Epoch [187] Training Results: Prec@1 83.008 Prec@5 96.856             Loss 0.66826
Epoch [187] Training Class Recall: [0.799,0.853,0.801,0.795,0.840,0.837,0.837,0.839,0.849,0.855]
Epoch [187] Testing Results: Prec@1 72.330 Prec@5 95.100             Loss 0.96434
Epoch [187] Testing Class Recall: [0.910,0.973,0.769,0.755,0.799,0.599,0.700,0.633,0.594,0.501]
Epoch [188] Training Results: Prec@1 83.092 Prec@5 96.964             Loss 0.66655
Epoch [188] Training Class Recall: [0.797,0.851,0.804,0.799,0.840,0.836,0.841,0.840,0.847,0.857]
Epoch [188] Testing Results: Prec@1 71.970 Prec@5 94.980             Loss 0.97671
Epoch [188] Testing Class Recall: [0.911,0.969,0.781,0.752,0.797,0.599,0.704,0.622,0.562,0.500]
Epoch [189] Training Results: Prec@1 83.078 Prec@5 96.869             Loss 0.66961
Epoch [189] Training Class Recall: [0.801,0.851,0.802,0.802,0.840,0.834,0.839,0.839,0.849,0.855]
Epoch [189] Testing Results: Prec@1 72.060 Prec@5 94.980             Loss 0.96966
Epoch [189] Testing Class Recall: [0.901,0.975,0.763,0.753,0.816,0.605,0.694,0.620,0.554,0.525]
Epoch [190] Training Results: Prec@1 83.153 Prec@5 96.786             Loss 0.66529
Epoch [190] Training Class Recall: [0.804,0.853,0.804,0.800,0.836,0.835,0.842,0.839,0.849,0.855]
Epoch [190] Testing Results: Prec@1 71.900 Prec@5 94.870             Loss 0.98432
Epoch [190] Testing Class Recall: [0.913,0.971,0.792,0.753,0.785,0.607,0.697,0.606,0.580,0.486]
Epoch [191] Training Results: Prec@1 83.064 Prec@5 96.981             Loss 0.66558
Epoch [191] Training Class Recall: [0.799,0.855,0.802,0.797,0.837,0.838,0.839,0.839,0.848,0.856]
Epoch [191] Testing Results: Prec@1 72.090 Prec@5 95.050             Loss 0.97538
Epoch [191] Testing Class Recall: [0.913,0.972,0.791,0.748,0.782,0.602,0.710,0.602,0.586,0.503]
Epoch [192] Training Results: Prec@1 83.144 Prec@5 96.897             Loss 0.66763
Epoch [192] Training Class Recall: [0.804,0.854,0.801,0.800,0.842,0.835,0.841,0.839,0.847,0.855]
Epoch [192] Testing Results: Prec@1 72.280 Prec@5 95.090             Loss 0.95224
Epoch [192] Testing Class Recall: [0.902,0.967,0.790,0.757,0.789,0.592,0.699,0.609,0.585,0.538]
Epoch [193] Training Results: Prec@1 83.097 Prec@5 96.953             Loss 0.66932
Epoch [193] Training Class Recall: [0.800,0.851,0.805,0.799,0.838,0.835,0.841,0.840,0.848,0.858]
Epoch [193] Testing Results: Prec@1 72.200 Prec@5 95.040             Loss 0.96404
Epoch [193] Testing Class Recall: [0.896,0.973,0.784,0.752,0.794,0.588,0.708,0.607,0.588,0.530]
Epoch [194] Training Results: Prec@1 83.178 Prec@5 96.856             Loss 0.66587
Epoch [194] Training Class Recall: [0.804,0.854,0.805,0.799,0.839,0.837,0.839,0.838,0.849,0.857]
Epoch [194] Testing Results: Prec@1 72.360 Prec@5 95.110             Loss 0.95948
Epoch [194] Testing Class Recall: [0.897,0.971,0.777,0.765,0.803,0.598,0.690,0.607,0.599,0.529]
Epoch [195] Training Results: Prec@1 83.103 Prec@5 96.919             Loss 0.66664
Epoch [195] Training Class Recall: [0.800,0.854,0.801,0.799,0.839,0.836,0.841,0.838,0.850,0.856]
Epoch [195] Testing Results: Prec@1 72.490 Prec@5 95.190             Loss 0.94926
Epoch [195] Testing Class Recall: [0.907,0.962,0.781,0.746,0.794,0.614,0.722,0.611,0.595,0.517]
Epoch [196] Training Results: Prec@1 83.089 Prec@5 96.850             Loss 0.66538
Epoch [196] Training Class Recall: [0.799,0.853,0.802,0.797,0.840,0.837,0.841,0.839,0.848,0.856]
Epoch [196] Testing Results: Prec@1 72.180 Prec@5 95.190             Loss 0.95441
Epoch [196] Testing Class Recall: [0.901,0.962,0.787,0.742,0.800,0.587,0.732,0.588,0.572,0.547]
Epoch [197] Training Results: Prec@1 83.178 Prec@5 96.961             Loss 0.66514
Epoch [197] Training Class Recall: [0.802,0.853,0.805,0.799,0.842,0.840,0.841,0.838,0.848,0.856]
Epoch [197] Testing Results: Prec@1 72.500 Prec@5 95.240             Loss 0.94868
Epoch [197] Testing Class Recall: [0.910,0.970,0.765,0.751,0.795,0.611,0.725,0.610,0.585,0.528]
Epoch [198] Training Results: Prec@1 83.086 Prec@5 96.900             Loss 0.66724
Epoch [198] Training Class Recall: [0.802,0.852,0.801,0.799,0.837,0.835,0.842,0.839,0.848,0.857]
Epoch [198] Testing Results: Prec@1 72.220 Prec@5 95.000             Loss 0.97222
Epoch [198] Testing Class Recall: [0.916,0.966,0.781,0.755,0.792,0.589,0.701,0.627,0.565,0.530]
Epoch [199] Training Results: Prec@1 83.086 Prec@5 96.906             Loss 0.66672
Epoch [199] Training Class Recall: [0.802,0.855,0.801,0.797,0.839,0.834,0.841,0.839,0.848,0.857]
Epoch [199] Testing Results: Prec@1 71.860 Prec@5 94.890             Loss 0.98088
Epoch [199] Testing Class Recall: [0.914,0.966,0.791,0.744,0.779,0.615,0.711,0.609,0.566,0.491]
