Log file: cifar10_noisy_random0.5_mamix_drw_exp0.01_seed42_20260429_153050.log
Run started: 2026-04-29 15:30:50.185146
Dataset: cifar10_noisy
Imbalance type: exp, factor: 0.01
Selection method: random, ratio: 0.5
Strategy: MAMix_DRW, epochs: 200
Seed: 42, rand_number: 0
Augmentation: weak
Noise ratio: 0.25
mamix_ratio: 0.25
============================================================

=> Preparing logger and tensorboard writer !
----------------------------------------------------
Class ID   | Original   | Selected   | Keep %  
----------------------------------------------------
0          | 3977       | 1986       |    49.9%
1          | 2507       | 1250       |    49.9%
2          | 1609       | 789        |    49.0%
3          | 1118       | 588        |    52.6%
4          | 825        | 411        |    49.8%
5          | 636        | 328        |    51.6%
6          | 509        | 252        |    49.5%
7          | 479        | 239        |    49.9%
8          | 391        | 182        |    46.5%
9          | 355        | 178        |    50.1%
----------------------------------------------------
TOTAL      | 12406      | 6203       |    50.0%
----------------------------------------------------
Epoch [0] Training Results: Prec@1 30.985 Prec@5 76.721             Loss 2.12408
Epoch [0] Training Class Recall: [0.682,0.336,0.150,0.027,0.034,0.000,0.000,0.000,0.000,0.000]
Epoch [0] Testing Results: Prec@1 15.090 Prec@5 59.660             Loss 2.36106
Epoch [0] Testing Class Recall: [0.945,0.120,0.440,0.004,0.000,0.000,0.000,0.000,0.000,0.000]
Epoch [1] Training Results: Prec@1 37.562 Prec@5 79.881             Loss 1.91925
Epoch [1] Training Class Recall: [0.721,0.506,0.250,0.099,0.027,0.000,0.000,0.000,0.000,0.000]
Epoch [1] Testing Results: Prec@1 17.330 Prec@5 51.590             Loss 2.66201
Epoch [1] Testing Class Recall: [0.940,0.326,0.467,0.000,0.000,0.000,0.000,0.000,0.000,0.000]
Epoch [2] Training Results: Prec@1 40.851 Prec@5 80.912             Loss 1.85087
Epoch [2] Training Class Recall: [0.798,0.544,0.290,0.070,0.000,0.000,0.000,0.000,0.000,0.000]
Epoch [2] Testing Results: Prec@1 20.310 Prec@5 60.430             Loss 2.60447
Epoch [2] Testing Class Recall: [0.847,0.775,0.409,0.000,0.000,0.000,0.000,0.000,0.000,0.000]
Epoch [3] Training Results: Prec@1 41.770 Prec@5 81.719             Loss 1.82757
Epoch [3] Training Class Recall: [0.789,0.604,0.279,0.085,0.000,0.000,0.000,0.000,0.000,0.000]
Epoch [3] Testing Results: Prec@1 19.470 Prec@5 55.700             Loss 2.46430
Epoch [3] Testing Class Recall: [0.915,0.647,0.321,0.064,0.000,0.000,0.000,0.000,0.000,0.000]
Epoch [4] Training Results: Prec@1 43.689 Prec@5 81.783             Loss 1.81004
Epoch [4] Training Class Recall: [0.810,0.632,0.384,0.015,0.000,0.000,0.000,0.000,0.000,0.000]
Epoch [4] Testing Results: Prec@1 22.370 Prec@5 58.030             Loss 2.32558
Epoch [4] Testing Class Recall: [0.829,0.773,0.591,0.044,0.000,0.000,0.000,0.000,0.000,0.000]
Epoch [5] Training Results: Prec@1 43.818 Prec@5 81.590             Loss 1.79517
Epoch [5] Training Class Recall: [0.802,0.649,0.347,0.068,0.000,0.000,0.000,0.000,0.000,0.000]
Epoch [5] Testing Results: Prec@1 22.020 Prec@5 66.460             Loss 2.26559
Epoch [5] Testing Class Recall: [0.875,0.723,0.604,0.000,0.000,0.000,0.000,0.000,0.000,0.000]
Epoch [6] Training Results: Prec@1 45.994 Prec@5 81.944             Loss 1.78889
Epoch [6] Training Class Recall: [0.847,0.658,0.356,0.112,0.000,0.000,0.000,0.000,0.000,0.000]
Epoch [6] Testing Results: Prec@1 21.690 Prec@5 55.330             Loss 2.42635
Epoch [6] Testing Class Recall: [0.934,0.682,0.550,0.003,0.000,0.000,0.000,0.000,0.000,0.000]
Epoch [7] Training Results: Prec@1 46.252 Prec@5 81.541             Loss 1.77368
Epoch [7] Training Class Recall: [0.826,0.704,0.313,0.173,0.000,0.000,0.000,0.000,0.000,0.000]
Epoch [7] Testing Results: Prec@1 20.770 Prec@5 56.220             Loss 2.44540
Epoch [7] Testing Class Recall: [0.921,0.663,0.470,0.023,0.000,0.000,0.000,0.000,0.000,0.000]
Epoch [8] Training Results: Prec@1 47.267 Prec@5 81.993             Loss 1.76774
Epoch [8] Training Class Recall: [0.850,0.706,0.324,0.177,0.000,0.000,0.000,0.000,0.000,0.000]
Epoch [8] Testing Results: Prec@1 19.880 Prec@5 59.040             Loss 2.35949
Epoch [8] Testing Class Recall: [0.980,0.441,0.487,0.080,0.000,0.000,0.000,0.000,0.000,0.000]
Epoch [9] Training Results: Prec@1 48.589 Prec@5 82.202             Loss 1.75938
Epoch [9] Training Class Recall: [0.855,0.727,0.330,0.248,0.000,0.000,0.000,0.000,0.000,0.000]
Epoch [9] Testing Results: Prec@1 23.610 Prec@5 65.010             Loss 2.31833
Epoch [9] Testing Class Recall: [0.893,0.881,0.321,0.266,0.000,0.000,0.000,0.000,0.000,0.000]
Epoch [10] Training Results: Prec@1 48.267 Prec@5 82.073             Loss 1.76297
Epoch [10] Training Class Recall: [0.861,0.716,0.312,0.245,0.000,0.000,0.000,0.000,0.000,0.000]
Epoch [10] Testing Results: Prec@1 21.870 Prec@5 62.300             Loss 2.39565
Epoch [10] Testing Class Recall: [0.969,0.626,0.385,0.207,0.000,0.000,0.000,0.000,0.000,0.000]
Epoch [11] Training Results: Prec@1 49.670 Prec@5 82.799             Loss 1.74346
Epoch [11] Training Class Recall: [0.858,0.754,0.342,0.282,0.000,0.000,0.000,0.000,0.000,0.000]
Epoch [11] Testing Results: Prec@1 23.030 Prec@5 56.000             Loss 2.43649
Epoch [11] Testing Class Recall: [0.960,0.620,0.338,0.385,0.000,0.000,0.000,0.000,0.000,0.000]
Epoch [12] Training Results: Prec@1 48.928 Prec@5 82.234             Loss 1.76121
Epoch [12] Training Class Recall: [0.868,0.718,0.356,0.226,0.000,0.000,0.000,0.000,0.000,0.000]
Epoch [12] Testing Results: Prec@1 27.030 Prec@5 60.240             Loss 2.29464
Epoch [12] Testing Class Recall: [0.830,0.952,0.428,0.493,0.000,0.000,0.000,0.000,0.000,0.000]
Epoch [13] Training Results: Prec@1 50.105 Prec@5 82.218             Loss 1.75118
Epoch [13] Training Class Recall: [0.867,0.764,0.321,0.304,0.000,0.000,0.000,0.000,0.000,0.000]
Epoch [13] Testing Results: Prec@1 24.860 Prec@5 58.360             Loss 2.27761
Epoch [13] Testing Class Recall: [0.928,0.753,0.431,0.374,0.000,0.000,0.000,0.000,0.000,0.000]
Epoch [14] Training Results: Prec@1 50.363 Prec@5 82.589             Loss 1.73856
Epoch [14] Training Class Recall: [0.861,0.742,0.366,0.338,0.000,0.000,0.000,0.000,0.000,0.000]
Epoch [14] Testing Results: Prec@1 23.960 Prec@5 64.650             Loss 2.31969
Epoch [14] Testing Class Recall: [0.872,0.931,0.229,0.362,0.002,0.000,0.000,0.000,0.000,0.000]
Epoch [15] Training Results: Prec@1 51.185 Prec@5 83.105             Loss 1.71796
Epoch [15] Training Class Recall: [0.868,0.787,0.357,0.316,0.000,0.000,0.000,0.000,0.000,0.000]
Epoch [15] Testing Results: Prec@1 24.170 Prec@5 56.520             Loss 2.37685
Epoch [15] Testing Class Recall: [0.966,0.591,0.239,0.621,0.000,0.000,0.000,0.000,0.000,0.000]
Epoch [16] Training Results: Prec@1 51.781 Prec@5 82.928             Loss 1.72539
Epoch [16] Training Class Recall: [0.877,0.801,0.338,0.345,0.000,0.000,0.000,0.000,0.000,0.000]
Epoch [16] Testing Results: Prec@1 26.540 Prec@5 64.000             Loss 2.23313
Epoch [16] Testing Class Recall: [0.927,0.833,0.520,0.374,0.000,0.000,0.000,0.000,0.000,0.000]
Epoch [17] Training Results: Prec@1 51.394 Prec@5 82.799             Loss 1.72767
Epoch [17] Training Class Recall: [0.858,0.791,0.352,0.371,0.000,0.000,0.000,0.000,0.000,0.000]
Epoch [17] Testing Results: Prec@1 26.890 Prec@5 65.390             Loss 2.23096
Epoch [17] Testing Class Recall: [0.942,0.861,0.361,0.525,0.000,0.000,0.000,0.000,0.000,0.000]
Epoch [18] Training Results: Prec@1 52.330 Prec@5 83.024             Loss 1.73132
Epoch [18] Training Class Recall: [0.879,0.794,0.374,0.359,0.002,0.000,0.000,0.000,0.000,0.000]
Epoch [18] Testing Results: Prec@1 26.150 Prec@5 62.030             Loss 2.26127
Epoch [18] Testing Class Recall: [0.951,0.858,0.515,0.291,0.000,0.000,0.000,0.000,0.000,0.000]
Epoch [19] Training Results: Prec@1 52.813 Prec@5 83.024             Loss 1.70594
Epoch [19] Training Class Recall: [0.884,0.814,0.379,0.338,0.015,0.000,0.000,0.000,0.000,0.000]
Epoch [19] Testing Results: Prec@1 26.620 Prec@5 64.670             Loss 2.24647
Epoch [19] Testing Class Recall: [0.869,0.959,0.357,0.468,0.009,0.000,0.000,0.000,0.000,0.000]
Epoch [20] Training Results: Prec@1 53.281 Prec@5 83.121             Loss 1.69686
Epoch [20] Training Class Recall: [0.887,0.811,0.401,0.355,0.012,0.000,0.000,0.000,0.000,0.000]
Epoch [20] Testing Results: Prec@1 28.890 Prec@5 64.480             Loss 2.20500
Epoch [20] Testing Class Recall: [0.935,0.877,0.563,0.430,0.084,0.000,0.000,0.000,0.000,0.000]
Epoch [21] Training Results: Prec@1 52.813 Prec@5 83.508             Loss 1.70648
Epoch [21] Training Class Recall: [0.875,0.808,0.357,0.405,0.019,0.000,0.000,0.000,0.000,0.000]
Epoch [21] Testing Results: Prec@1 29.530 Prec@5 64.280             Loss 2.16696
Epoch [21] Testing Class Recall: [0.934,0.855,0.473,0.550,0.141,0.000,0.000,0.000,0.000,0.000]
Epoch [22] Training Results: Prec@1 53.700 Prec@5 83.959             Loss 1.68835
Epoch [22] Training Class Recall: [0.885,0.824,0.357,0.410,0.049,0.000,0.000,0.000,0.000,0.000]
Epoch [22] Testing Results: Prec@1 26.630 Prec@5 68.510             Loss 2.20734
Epoch [22] Testing Class Recall: [0.938,0.897,0.395,0.431,0.002,0.000,0.000,0.000,0.000,0.000]
Epoch [23] Training Results: Prec@1 53.345 Prec@5 83.653             Loss 1.68777
Epoch [23] Training Class Recall: [0.885,0.804,0.392,0.389,0.019,0.000,0.000,0.000,0.000,0.000]
Epoch [23] Testing Results: Prec@1 26.290 Prec@5 66.810             Loss 2.22119
Epoch [23] Testing Class Recall: [0.845,0.975,0.394,0.324,0.091,0.000,0.000,0.000,0.000,0.000]
Epoch [24] Training Results: Prec@1 53.635 Prec@5 83.460             Loss 1.70694
Epoch [24] Training Class Recall: [0.881,0.827,0.387,0.388,0.024,0.000,0.000,0.000,0.000,0.000]
Epoch [24] Testing Results: Prec@1 30.450 Prec@5 60.710             Loss 2.17078
Epoch [24] Testing Class Recall: [0.866,0.964,0.424,0.730,0.061,0.000,0.000,0.000,0.000,0.000]
Epoch [25] Training Results: Prec@1 54.103 Prec@5 83.250             Loss 1.71216
Epoch [25] Training Class Recall: [0.889,0.829,0.392,0.401,0.022,0.000,0.000,0.000,0.000,0.000]
Epoch [25] Testing Results: Prec@1 27.770 Prec@5 66.590             Loss 2.21166
Epoch [25] Testing Class Recall: [0.857,0.987,0.297,0.307,0.329,0.000,0.000,0.000,0.000,0.000]
Epoch [26] Training Results: Prec@1 53.974 Prec@5 84.056             Loss 1.67462
Epoch [26] Training Class Recall: [0.885,0.829,0.379,0.410,0.036,0.000,0.000,0.000,0.000,0.000]
Epoch [26] Testing Results: Prec@1 28.190 Prec@5 66.870             Loss 2.18234
Epoch [26] Testing Class Recall: [0.957,0.878,0.453,0.529,0.002,0.000,0.000,0.000,0.000,0.000]
Epoch [27] Training Results: Prec@1 54.071 Prec@5 83.460             Loss 1.69504
Epoch [27] Training Class Recall: [0.893,0.826,0.416,0.371,0.005,0.000,0.000,0.000,0.000,0.000]
Epoch [27] Testing Results: Prec@1 31.850 Prec@5 69.390             Loss 2.03074
Epoch [27] Testing Class Recall: [0.859,0.973,0.360,0.504,0.489,0.000,0.000,0.000,0.000,0.000]
Epoch [28] Training Results: Prec@1 55.054 Prec@5 84.395             Loss 1.67156
Epoch [28] Training Class Recall: [0.898,0.846,0.373,0.423,0.075,0.000,0.000,0.000,0.000,0.000]
Epoch [28] Testing Results: Prec@1 27.280 Prec@5 64.990             Loss 2.21842
Epoch [28] Testing Class Recall: [0.957,0.918,0.516,0.328,0.009,0.000,0.000,0.000,0.000,0.000]
Epoch [29] Training Results: Prec@1 54.425 Prec@5 84.217             Loss 1.66544
Epoch [29] Training Class Recall: [0.887,0.828,0.357,0.454,0.073,0.000,0.000,0.000,0.000,0.000]
Epoch [29] Testing Results: Prec@1 25.180 Prec@5 68.090             Loss 2.23085
Epoch [29] Testing Class Recall: [0.982,0.755,0.486,0.196,0.099,0.000,0.000,0.000,0.000,0.000]
Epoch [30] Training Results: Prec@1 55.135 Prec@5 84.104             Loss 1.65919
Epoch [30] Training Class Recall: [0.902,0.838,0.390,0.398,0.097,0.000,0.000,0.000,0.000,0.000]
Epoch [30] Testing Results: Prec@1 30.460 Prec@5 72.510             Loss 2.13494
Epoch [30] Testing Class Recall: [0.951,0.920,0.488,0.512,0.065,0.000,0.110,0.000,0.000,0.000]
Epoch [31] Training Results: Prec@1 55.441 Prec@5 83.766             Loss 1.67391
Epoch [31] Training Class Recall: [0.900,0.842,0.408,0.432,0.046,0.000,0.016,0.000,0.000,0.000]
Epoch [31] Testing Results: Prec@1 29.760 Prec@5 65.450             Loss 2.15022
Epoch [31] Testing Class Recall: [0.968,0.910,0.352,0.581,0.165,0.000,0.000,0.000,0.000,0.000]
Epoch [32] Training Results: Prec@1 55.006 Prec@5 84.121             Loss 1.66995
Epoch [32] Training Class Recall: [0.889,0.846,0.355,0.429,0.139,0.000,0.000,0.000,0.000,0.000]
Epoch [32] Testing Results: Prec@1 26.090 Prec@5 63.260             Loss 2.20204
Epoch [32] Testing Class Recall: [0.983,0.695,0.451,0.471,0.009,0.000,0.000,0.000,0.000,0.000]
Epoch [33] Training Results: Prec@1 54.699 Prec@5 84.056             Loss 1.68148
Epoch [33] Training Class Recall: [0.905,0.817,0.373,0.408,0.097,0.000,0.000,0.000,0.000,0.000]
Epoch [33] Testing Results: Prec@1 29.690 Prec@5 65.960             Loss 2.17295
Epoch [33] Testing Class Recall: [0.975,0.920,0.501,0.543,0.030,0.000,0.000,0.000,0.000,0.000]
Epoch [34] Training Results: Prec@1 56.747 Prec@5 84.588             Loss 1.66486
Epoch [34] Training Class Recall: [0.909,0.846,0.403,0.449,0.175,0.000,0.008,0.000,0.000,0.000]
Epoch [34] Testing Results: Prec@1 32.050 Prec@5 64.520             Loss 2.14644
Epoch [34] Testing Class Recall: [0.924,0.975,0.391,0.526,0.387,0.000,0.002,0.000,0.000,0.000]
Epoch [35] Training Results: Prec@1 56.505 Prec@5 84.459             Loss 1.65600
Epoch [35] Training Class Recall: [0.904,0.850,0.407,0.446,0.153,0.000,0.008,0.000,0.000,0.000]
Epoch [35] Testing Results: Prec@1 28.880 Prec@5 74.440             Loss 2.05727
Epoch [35] Testing Class Recall: [0.942,0.949,0.565,0.355,0.071,0.000,0.006,0.000,0.000,0.000]
Epoch [36] Training Results: Prec@1 56.166 Prec@5 84.749             Loss 1.67094
Epoch [36] Training Class Recall: [0.896,0.839,0.411,0.471,0.127,0.000,0.012,0.000,0.000,0.000]
Epoch [36] Testing Results: Prec@1 30.850 Prec@5 66.750             Loss 2.12207
Epoch [36] Testing Class Recall: [0.981,0.853,0.425,0.389,0.336,0.000,0.101,0.000,0.000,0.000]
Epoch [37] Training Results: Prec@1 57.230 Prec@5 84.395             Loss 1.63061
Epoch [37] Training Class Recall: [0.903,0.856,0.450,0.446,0.151,0.000,0.028,0.000,0.000,0.000]
Epoch [37] Testing Results: Prec@1 30.020 Prec@5 70.870             Loss 2.10011
Epoch [37] Testing Class Recall: [0.949,0.708,0.664,0.556,0.083,0.001,0.041,0.000,0.000,0.000]
Epoch [38] Training Results: Prec@1 56.408 Prec@5 84.959             Loss 1.65825
Epoch [38] Training Class Recall: [0.889,0.838,0.388,0.514,0.165,0.003,0.040,0.000,0.000,0.000]
Epoch [38] Testing Results: Prec@1 35.340 Prec@5 68.380             Loss 2.01945
Epoch [38] Testing Class Recall: [0.924,0.937,0.547,0.668,0.353,0.000,0.105,0.000,0.000,0.000]
Epoch [39] Training Results: Prec@1 57.134 Prec@5 84.717             Loss 1.65225
Epoch [39] Training Class Recall: [0.899,0.852,0.416,0.471,0.207,0.000,0.012,0.000,0.000,0.000]
Epoch [39] Testing Results: Prec@1 35.860 Prec@5 67.460             Loss 2.04378
Epoch [39] Testing Class Recall: [0.945,0.946,0.460,0.718,0.177,0.001,0.339,0.000,0.000,0.000]
Epoch [40] Training Results: Prec@1 57.295 Prec@5 84.701             Loss 1.64718
Epoch [40] Training Class Recall: [0.907,0.845,0.433,0.463,0.182,0.006,0.020,0.000,0.000,0.000]
Epoch [40] Testing Results: Prec@1 37.140 Prec@5 71.310             Loss 1.95368
Epoch [40] Testing Class Recall: [0.880,0.977,0.588,0.631,0.301,0.007,0.330,0.000,0.000,0.000]
Epoch [41] Training Results: Prec@1 57.085 Prec@5 85.039             Loss 1.63333
Epoch [41] Training Class Recall: [0.903,0.854,0.432,0.388,0.248,0.012,0.020,0.000,0.000,0.000]
Epoch [41] Testing Results: Prec@1 29.950 Prec@5 70.640             Loss 2.17217
Epoch [41] Testing Class Recall: [0.984,0.818,0.339,0.610,0.193,0.000,0.051,0.000,0.000,0.000]
Epoch [42] Training Results: Prec@1 57.907 Prec@5 85.378             Loss 1.60653
Epoch [42] Training Class Recall: [0.899,0.848,0.449,0.488,0.217,0.012,0.048,0.000,0.000,0.000]
Epoch [42] Testing Results: Prec@1 32.670 Prec@5 69.620             Loss 2.05543
Epoch [42] Testing Class Recall: [0.972,0.862,0.658,0.362,0.370,0.000,0.043,0.000,0.000,0.000]
Epoch [43] Training Results: Prec@1 57.972 Prec@5 85.007             Loss 1.62712
Epoch [43] Training Class Recall: [0.899,0.868,0.445,0.439,0.241,0.006,0.060,0.000,0.000,0.000]
Epoch [43] Testing Results: Prec@1 34.340 Prec@5 68.660             Loss 2.03824
Epoch [43] Testing Class Recall: [0.860,0.980,0.692,0.400,0.311,0.000,0.191,0.000,0.000,0.000]
Epoch [44] Training Results: Prec@1 57.569 Prec@5 84.798             Loss 1.63880
Epoch [44] Training Class Recall: [0.894,0.854,0.456,0.435,0.251,0.003,0.032,0.000,0.000,0.000]
Epoch [44] Testing Results: Prec@1 37.960 Prec@5 72.410             Loss 1.91931
Epoch [44] Testing Class Recall: [0.878,0.979,0.565,0.618,0.601,0.036,0.119,0.000,0.000,0.000]
Epoch [45] Training Results: Prec@1 58.665 Prec@5 85.056             Loss 1.62878
Epoch [45] Training Class Recall: [0.894,0.866,0.447,0.490,0.265,0.037,0.071,0.000,0.000,0.000]
Epoch [45] Testing Results: Prec@1 35.740 Prec@5 69.680             Loss 2.02749
Epoch [45] Testing Class Recall: [0.949,0.949,0.602,0.413,0.240,0.017,0.404,0.000,0.000,0.000]
Epoch [46] Training Results: Prec@1 58.697 Prec@5 84.717             Loss 1.63189
Epoch [46] Training Class Recall: [0.899,0.850,0.465,0.473,0.282,0.040,0.075,0.000,0.000,0.000]
Epoch [46] Testing Results: Prec@1 36.670 Prec@5 73.560             Loss 1.96600
Epoch [46] Testing Class Recall: [0.971,0.881,0.658,0.466,0.297,0.053,0.340,0.001,0.000,0.000]
Epoch [47] Training Results: Prec@1 58.971 Prec@5 85.491             Loss 1.62221
Epoch [47] Training Class Recall: [0.907,0.854,0.506,0.452,0.263,0.000,0.060,0.000,0.000,0.000]
Epoch [47] Testing Results: Prec@1 35.710 Prec@5 70.690             Loss 1.96269
Epoch [47] Testing Class Recall: [0.912,0.981,0.553,0.536,0.536,0.021,0.031,0.001,0.000,0.000]
Epoch [48] Training Results: Prec@1 59.616 Prec@5 85.362             Loss 1.60028
Epoch [48] Training Class Recall: [0.906,0.861,0.458,0.515,0.326,0.034,0.052,0.000,0.000,0.000]
Epoch [48] Testing Results: Prec@1 37.550 Prec@5 72.550             Loss 1.92245
Epoch [48] Testing Class Recall: [0.946,0.963,0.340,0.555,0.287,0.018,0.646,0.000,0.000,0.000]
Epoch [49] Training Results: Prec@1 58.714 Prec@5 85.588             Loss 1.63600
Epoch [49] Training Class Recall: [0.895,0.862,0.454,0.471,0.304,0.030,0.067,0.000,0.000,0.000]
Epoch [49] Testing Results: Prec@1 31.780 Prec@5 68.330             Loss 2.13973
Epoch [49] Testing Class Recall: [0.976,0.916,0.507,0.640,0.122,0.015,0.002,0.000,0.000,0.000]
Epoch [50] Training Results: Prec@1 59.197 Prec@5 85.684             Loss 1.61885
Epoch [50] Training Class Recall: [0.897,0.860,0.484,0.493,0.282,0.040,0.060,0.000,0.000,0.000]
Epoch [50] Testing Results: Prec@1 38.530 Prec@5 70.060             Loss 1.99128
Epoch [50] Testing Class Recall: [0.966,0.939,0.582,0.441,0.450,0.033,0.442,0.000,0.000,0.000]
Epoch [51] Training Results: Prec@1 59.987 Prec@5 85.894             Loss 1.61824
Epoch [51] Training Class Recall: [0.904,0.859,0.477,0.539,0.321,0.027,0.067,0.000,0.000,0.000]
Epoch [51] Testing Results: Prec@1 36.540 Prec@5 78.430             Loss 1.93970
Epoch [51] Testing Class Recall: [0.887,0.966,0.763,0.414,0.252,0.023,0.349,0.000,0.000,0.000]
Epoch [52] Training Results: Prec@1 60.519 Prec@5 85.717             Loss 1.62030
Epoch [52] Training Class Recall: [0.910,0.866,0.493,0.512,0.331,0.064,0.067,0.000,0.000,0.000]
Epoch [52] Testing Results: Prec@1 34.990 Prec@5 73.910             Loss 2.00569
Epoch [52] Testing Class Recall: [0.971,0.951,0.543,0.485,0.270,0.003,0.276,0.000,0.000,0.000]
Epoch [53] Training Results: Prec@1 60.132 Prec@5 85.717             Loss 1.61993
Epoch [53] Training Class Recall: [0.911,0.861,0.492,0.493,0.319,0.052,0.075,0.000,0.000,0.000]
Epoch [53] Testing Results: Prec@1 40.440 Prec@5 75.700             Loss 1.86961
Epoch [53] Testing Class Recall: [0.952,0.922,0.647,0.603,0.624,0.037,0.257,0.002,0.000,0.000]
Epoch [54] Training Results: Prec@1 60.503 Prec@5 86.184             Loss 1.59652
Epoch [54] Training Class Recall: [0.901,0.854,0.527,0.514,0.336,0.052,0.091,0.004,0.000,0.000]
Epoch [54] Testing Results: Prec@1 31.730 Prec@5 73.900             Loss 2.09585
Epoch [54] Testing Class Recall: [0.993,0.762,0.334,0.568,0.407,0.095,0.013,0.001,0.000,0.000]
Epoch [55] Training Results: Prec@1 60.406 Prec@5 85.942             Loss 1.62398
Epoch [55] Training Class Recall: [0.917,0.860,0.483,0.481,0.353,0.079,0.052,0.008,0.000,0.000]
Epoch [55] Testing Results: Prec@1 36.620 Prec@5 77.940             Loss 1.94436
Epoch [55] Testing Class Recall: [0.965,0.939,0.526,0.626,0.396,0.184,0.021,0.005,0.000,0.000]
Epoch [56] Training Results: Prec@1 60.229 Prec@5 86.007             Loss 1.61263
Epoch [56] Training Class Recall: [0.911,0.862,0.523,0.459,0.333,0.027,0.075,0.000,0.000,0.000]
Epoch [56] Testing Results: Prec@1 40.260 Prec@5 70.550             Loss 1.90894
Epoch [56] Testing Class Recall: [0.890,0.979,0.514,0.679,0.523,0.128,0.313,0.000,0.000,0.000]
Epoch [57] Training Results: Prec@1 60.390 Prec@5 85.958             Loss 1.60755
Epoch [57] Training Class Recall: [0.898,0.870,0.479,0.512,0.367,0.085,0.063,0.000,0.000,0.000]
Epoch [57] Testing Results: Prec@1 33.990 Prec@5 76.000             Loss 2.03141
Epoch [57] Testing Class Recall: [0.983,0.945,0.222,0.561,0.461,0.097,0.126,0.004,0.000,0.000]
Epoch [58] Training Results: Prec@1 60.648 Prec@5 86.087             Loss 1.61687
Epoch [58] Training Class Recall: [0.904,0.866,0.503,0.481,0.380,0.091,0.067,0.000,0.000,0.000]
Epoch [58] Testing Results: Prec@1 36.180 Prec@5 74.830             Loss 2.01685
Epoch [58] Testing Class Recall: [0.935,0.976,0.516,0.520,0.439,0.004,0.228,0.000,0.000,0.000]
Epoch [59] Training Results: Prec@1 61.906 Prec@5 86.297             Loss 1.58897
Epoch [59] Training Class Recall: [0.920,0.869,0.539,0.532,0.363,0.052,0.087,0.000,0.000,0.000]
Epoch [59] Testing Results: Prec@1 37.360 Prec@5 73.380             Loss 1.93907
Epoch [59] Testing Class Recall: [0.938,0.958,0.705,0.531,0.485,0.016,0.103,0.000,0.000,0.000]
Epoch [60] Training Results: Prec@1 61.293 Prec@5 86.039             Loss 1.59367
Epoch [60] Training Class Recall: [0.912,0.868,0.525,0.537,0.350,0.034,0.079,0.000,0.000,0.000]
Epoch [60] Testing Results: Prec@1 39.130 Prec@5 74.150             Loss 1.91621
Epoch [60] Testing Class Recall: [0.972,0.916,0.500,0.522,0.666,0.036,0.298,0.003,0.000,0.000]
Epoch [61] Training Results: Prec@1 61.341 Prec@5 86.474             Loss 1.63656
Epoch [61] Training Class Recall: [0.915,0.878,0.517,0.503,0.331,0.076,0.099,0.000,0.000,0.000]
Epoch [61] Testing Results: Prec@1 38.920 Prec@5 71.690             Loss 1.93751
Epoch [61] Testing Class Recall: [0.966,0.828,0.698,0.406,0.249,0.163,0.582,0.000,0.000,0.000]
Epoch [62] Training Results: Prec@1 61.148 Prec@5 86.668             Loss 1.61553
Epoch [62] Training Class Recall: [0.913,0.857,0.541,0.517,0.321,0.082,0.071,0.004,0.000,0.000]
Epoch [62] Testing Results: Prec@1 34.680 Prec@5 70.670             Loss 2.08365
Epoch [62] Testing Class Recall: [0.953,0.963,0.671,0.475,0.179,0.046,0.181,0.000,0.000,0.000]
Epoch [63] Training Results: Prec@1 61.486 Prec@5 86.249             Loss 1.58897
Epoch [63] Training Class Recall: [0.919,0.866,0.545,0.495,0.353,0.070,0.071,0.000,0.000,0.000]
Epoch [63] Testing Results: Prec@1 37.120 Prec@5 72.690             Loss 1.94820
Epoch [63] Testing Class Recall: [0.904,0.986,0.673,0.475,0.286,0.317,0.063,0.008,0.000,0.000]
Epoch [64] Training Results: Prec@1 61.922 Prec@5 86.603             Loss 1.57308
Epoch [64] Training Class Recall: [0.911,0.863,0.540,0.546,0.355,0.091,0.119,0.000,0.000,0.000]
Epoch [64] Testing Results: Prec@1 38.840 Prec@5 77.920             Loss 1.92401
Epoch [64] Testing Class Recall: [0.957,0.894,0.702,0.378,0.489,0.062,0.397,0.005,0.000,0.000]
Epoch [65] Training Results: Prec@1 62.115 Prec@5 87.039             Loss 1.61159
Epoch [65] Training Class Recall: [0.921,0.864,0.527,0.522,0.394,0.107,0.087,0.004,0.000,0.000]
Epoch [65] Testing Results: Prec@1 41.890 Prec@5 74.400             Loss 1.87736
Epoch [65] Testing Class Recall: [0.908,0.924,0.795,0.386,0.552,0.228,0.391,0.005,0.000,0.000]
Epoch [66] Training Results: Prec@1 61.841 Prec@5 86.748             Loss 1.58260
Epoch [66] Training Class Recall: [0.915,0.860,0.544,0.539,0.343,0.095,0.099,0.000,0.000,0.000]
Epoch [66] Testing Results: Prec@1 36.130 Prec@5 80.200             Loss 1.96595
Epoch [66] Testing Class Recall: [0.969,0.923,0.657,0.470,0.416,0.018,0.072,0.088,0.000,0.000]
Epoch [67] Training Results: Prec@1 62.373 Prec@5 86.732             Loss 1.58484
Epoch [67] Training Class Recall: [0.921,0.870,0.523,0.537,0.411,0.073,0.111,0.013,0.000,0.000]
Epoch [67] Testing Results: Prec@1 40.880 Prec@5 79.960             Loss 1.83547
Epoch [67] Testing Class Recall: [0.969,0.870,0.646,0.666,0.417,0.145,0.355,0.020,0.000,0.000]
Epoch [68] Training Results: Prec@1 62.647 Prec@5 87.103             Loss 1.56541
Epoch [68] Training Class Recall: [0.911,0.868,0.573,0.543,0.387,0.095,0.111,0.008,0.000,0.000]
Epoch [68] Testing Results: Prec@1 38.370 Prec@5 78.780             Loss 1.91986
Epoch [68] Testing Class Recall: [0.970,0.957,0.465,0.575,0.508,0.071,0.253,0.038,0.000,0.000]
Epoch [69] Training Results: Prec@1 62.276 Prec@5 87.425             Loss 1.58057
Epoch [69] Training Class Recall: [0.913,0.870,0.536,0.537,0.401,0.107,0.087,0.004,0.000,0.000]
Epoch [69] Testing Results: Prec@1 44.950 Prec@5 74.270             Loss 1.81108
Epoch [69] Testing Class Recall: [0.956,0.932,0.632,0.530,0.614,0.343,0.472,0.016,0.000,0.000]
Epoch [70] Training Results: Prec@1 62.712 Prec@5 87.313             Loss 1.56387
Epoch [70] Training Class Recall: [0.916,0.872,0.565,0.543,0.380,0.107,0.095,0.004,0.000,0.000]
Epoch [70] Testing Results: Prec@1 34.810 Prec@5 77.480             Loss 2.03077
Epoch [70] Testing Class Recall: [0.986,0.924,0.397,0.443,0.482,0.173,0.076,0.000,0.000,0.000]
Epoch [71] Training Results: Prec@1 62.889 Prec@5 87.184             Loss 1.56714
Epoch [71] Training Class Recall: [0.913,0.874,0.567,0.520,0.426,0.122,0.079,0.025,0.000,0.000]
Epoch [71] Testing Results: Prec@1 37.120 Prec@5 86.600             Loss 1.90982
Epoch [71] Testing Class Recall: [0.980,0.949,0.433,0.430,0.457,0.190,0.271,0.002,0.000,0.000]
Epoch [72] Training Results: Prec@1 62.728 Prec@5 87.538             Loss 1.56132
Epoch [72] Training Class Recall: [0.914,0.859,0.555,0.532,0.406,0.146,0.127,0.013,0.000,0.000]
Epoch [72] Testing Results: Prec@1 33.290 Prec@5 78.850             Loss 2.06630
Epoch [72] Testing Class Recall: [0.988,0.843,0.403,0.154,0.675,0.199,0.052,0.015,0.000,0.000]
Epoch [73] Training Results: Prec@1 63.163 Prec@5 87.361             Loss 1.56084
Epoch [73] Training Class Recall: [0.911,0.872,0.568,0.551,0.401,0.152,0.087,0.038,0.000,0.000]
Epoch [73] Testing Results: Prec@1 43.090 Prec@5 84.260             Loss 1.73216
Epoch [73] Testing Class Recall: [0.951,0.882,0.579,0.747,0.546,0.144,0.352,0.108,0.000,0.000]
Epoch [74] Training Results: Prec@1 63.566 Prec@5 88.086             Loss 1.56774
Epoch [74] Training Class Recall: [0.927,0.861,0.567,0.541,0.416,0.149,0.135,0.029,0.000,0.000]
Epoch [74] Testing Results: Prec@1 37.130 Prec@5 79.910             Loss 1.91672
Epoch [74] Testing Class Recall: [0.970,0.971,0.559,0.448,0.591,0.087,0.081,0.006,0.000,0.000]
Epoch [75] Training Results: Prec@1 63.244 Prec@5 87.812             Loss 1.58313
Epoch [75] Training Class Recall: [0.917,0.861,0.578,0.546,0.426,0.119,0.123,0.013,0.000,0.000]
Epoch [75] Testing Results: Prec@1 40.150 Prec@5 80.560             Loss 1.86533
Epoch [75] Testing Class Recall: [0.972,0.967,0.559,0.489,0.409,0.373,0.153,0.093,0.000,0.000]
Epoch [76] Training Results: Prec@1 64.388 Prec@5 87.990             Loss 1.53736
Epoch [76] Training Class Recall: [0.926,0.871,0.601,0.556,0.443,0.143,0.115,0.025,0.000,0.000]
Epoch [76] Testing Results: Prec@1 39.600 Prec@5 78.000             Loss 1.92695
Epoch [76] Testing Class Recall: [0.985,0.861,0.612,0.589,0.507,0.242,0.128,0.036,0.000,0.000]
Epoch [77] Training Results: Prec@1 64.566 Prec@5 87.458             Loss 1.52186
Epoch [77] Training Class Recall: [0.920,0.880,0.580,0.594,0.440,0.155,0.115,0.042,0.000,0.000]
Epoch [77] Testing Results: Prec@1 42.860 Prec@5 82.730             Loss 1.79677
Epoch [77] Testing Class Recall: [0.870,0.987,0.777,0.607,0.455,0.141,0.327,0.122,0.000,0.000]
Epoch [78] Training Results: Prec@1 62.953 Prec@5 87.683             Loss 1.54014
Epoch [78] Training Class Recall: [0.910,0.878,0.561,0.537,0.380,0.152,0.107,0.033,0.000,0.000]
Epoch [78] Testing Results: Prec@1 37.510 Prec@5 71.610             Loss 1.97435
Epoch [78] Testing Class Recall: [0.955,0.960,0.710,0.467,0.263,0.015,0.351,0.030,0.000,0.000]
Epoch [79] Training Results: Prec@1 64.356 Prec@5 88.070             Loss 1.52844
Epoch [79] Training Class Recall: [0.925,0.869,0.586,0.573,0.436,0.146,0.139,0.029,0.000,0.000]
Epoch [79] Testing Results: Prec@1 41.930 Prec@5 83.550             Loss 1.78563
Epoch [79] Testing Class Recall: [0.872,0.993,0.658,0.458,0.218,0.607,0.362,0.024,0.001,0.000]
Epoch [80] Training Results: Prec@1 63.453 Prec@5 87.732             Loss 1.59129
Epoch [80] Training Class Recall: [0.922,0.874,0.577,0.515,0.440,0.131,0.103,0.021,0.000,0.000]
Epoch [80] Testing Results: Prec@1 42.800 Prec@5 82.580             Loss 1.79457
Epoch [80] Testing Class Recall: [0.978,0.930,0.487,0.528,0.590,0.205,0.338,0.224,0.000,0.000]
Epoch [81] Training Results: Prec@1 64.549 Prec@5 87.909             Loss 1.56588
Epoch [81] Training Class Recall: [0.923,0.870,0.615,0.556,0.438,0.171,0.111,0.029,0.000,0.000]
Epoch [81] Testing Results: Prec@1 42.980 Prec@5 81.680             Loss 1.78782
Epoch [81] Testing Class Recall: [0.975,0.900,0.693,0.440,0.640,0.233,0.338,0.079,0.000,0.000]
Epoch [82] Training Results: Prec@1 64.614 Prec@5 88.393             Loss 1.52824
Epoch [82] Training Class Recall: [0.918,0.875,0.602,0.571,0.423,0.192,0.135,0.038,0.000,0.000]
Epoch [82] Testing Results: Prec@1 43.620 Prec@5 78.930             Loss 1.81659
Epoch [82] Testing Class Recall: [0.954,0.978,0.502,0.524,0.727,0.151,0.459,0.056,0.011,0.000]
Epoch [83] Training Results: Prec@1 64.856 Prec@5 88.328             Loss 1.58010
Epoch [83] Training Class Recall: [0.924,0.872,0.608,0.565,0.462,0.171,0.119,0.029,0.011,0.000]
Epoch [83] Testing Results: Prec@1 44.090 Prec@5 82.140             Loss 1.75209
Epoch [83] Testing Class Recall: [0.973,0.935,0.535,0.663,0.565,0.295,0.286,0.157,0.000,0.000]
Epoch [84] Training Results: Prec@1 64.936 Prec@5 88.554             Loss 1.57627
Epoch [84] Training Class Recall: [0.914,0.882,0.620,0.551,0.455,0.186,0.147,0.042,0.011,0.000]
Epoch [84] Testing Results: Prec@1 43.550 Prec@5 74.630             Loss 1.87522
Epoch [84] Testing Class Recall: [0.960,0.880,0.693,0.520,0.543,0.177,0.499,0.083,0.000,0.000]
Epoch [85] Training Results: Prec@1 64.340 Prec@5 88.086             Loss 1.53442
Epoch [85] Training Class Recall: [0.911,0.874,0.608,0.558,0.457,0.155,0.119,0.042,0.011,0.000]
Epoch [85] Testing Results: Prec@1 41.700 Prec@5 83.230             Loss 1.81591
Epoch [85] Testing Class Recall: [0.965,0.968,0.307,0.722,0.596,0.207,0.265,0.140,0.000,0.000]
Epoch [86] Training Results: Prec@1 64.775 Prec@5 88.344             Loss 1.52642
Epoch [86] Training Class Recall: [0.918,0.878,0.613,0.600,0.448,0.131,0.095,0.029,0.005,0.000]
Epoch [86] Testing Results: Prec@1 45.230 Prec@5 84.880             Loss 1.69575
Epoch [86] Testing Class Recall: [0.936,0.972,0.596,0.581,0.438,0.401,0.265,0.299,0.035,0.000]
Epoch [87] Training Results: Prec@1 64.711 Prec@5 88.360             Loss 1.56459
Epoch [87] Training Class Recall: [0.906,0.881,0.629,0.583,0.433,0.174,0.091,0.059,0.011,0.000]
Epoch [87] Testing Results: Prec@1 47.020 Prec@5 80.130             Loss 1.68988
Epoch [87] Testing Class Recall: [0.830,0.983,0.760,0.580,0.451,0.319,0.620,0.155,0.004,0.000]
Epoch [88] Training Results: Prec@1 65.291 Prec@5 88.618             Loss 1.57011
Epoch [88] Training Class Recall: [0.922,0.883,0.626,0.551,0.462,0.180,0.119,0.063,0.011,0.000]
Epoch [88] Testing Results: Prec@1 41.530 Prec@5 79.860             Loss 1.78200
Epoch [88] Testing Class Recall: [0.897,0.974,0.806,0.374,0.562,0.446,0.051,0.036,0.007,0.000]
Epoch [89] Training Results: Prec@1 65.049 Prec@5 88.667             Loss 1.54265
Epoch [89] Training Class Recall: [0.920,0.871,0.624,0.554,0.438,0.210,0.139,0.059,0.011,0.000]
Epoch [89] Testing Results: Prec@1 42.550 Prec@5 80.110             Loss 1.77428
Epoch [89] Testing Class Recall: [0.959,0.971,0.619,0.274,0.628,0.577,0.135,0.059,0.033,0.000]
Epoch [90] Training Results: Prec@1 65.517 Prec@5 88.780             Loss 1.54973
Epoch [90] Training Class Recall: [0.926,0.874,0.646,0.551,0.467,0.195,0.119,0.038,0.022,0.000]
Epoch [90] Testing Results: Prec@1 36.930 Prec@5 77.410             Loss 2.07478
Epoch [90] Testing Class Recall: [0.983,0.909,0.540,0.641,0.250,0.145,0.161,0.063,0.001,0.000]
Epoch [91] Training Results: Prec@1 64.920 Prec@5 88.925             Loss 1.53460
Epoch [91] Training Class Recall: [0.924,0.873,0.592,0.570,0.436,0.189,0.135,0.088,0.016,0.000]
Epoch [91] Testing Results: Prec@1 45.240 Prec@5 86.690             Loss 1.69401
Epoch [91] Testing Class Recall: [0.983,0.884,0.439,0.384,0.655,0.256,0.455,0.465,0.003,0.000]
Epoch [92] Training Results: Prec@1 65.984 Prec@5 88.554             Loss 1.49896
Epoch [92] Training Class Recall: [0.917,0.875,0.636,0.583,0.462,0.238,0.143,0.100,0.027,0.000]
Epoch [92] Testing Results: Prec@1 46.110 Prec@5 82.830             Loss 1.71525
Epoch [92] Testing Class Recall: [0.973,0.918,0.632,0.490,0.722,0.207,0.417,0.232,0.020,0.000]
Epoch [93] Training Results: Prec@1 65.436 Prec@5 89.376             Loss 1.52082
Epoch [93] Training Class Recall: [0.920,0.878,0.634,0.537,0.474,0.207,0.131,0.063,0.038,0.000]
Epoch [93] Testing Results: Prec@1 38.680 Prec@5 82.750             Loss 1.85260
Epoch [93] Testing Class Recall: [0.909,0.992,0.629,0.549,0.352,0.054,0.336,0.044,0.003,0.000]
Epoch [94] Training Results: Prec@1 65.710 Prec@5 89.489             Loss 1.55811
Epoch [94] Training Class Recall: [0.917,0.886,0.640,0.571,0.450,0.186,0.147,0.071,0.033,0.000]
Epoch [94] Testing Results: Prec@1 46.350 Prec@5 83.410             Loss 1.68036
Epoch [94] Testing Class Recall: [0.975,0.962,0.597,0.479,0.653,0.438,0.234,0.278,0.019,0.000]
Epoch [95] Training Results: Prec@1 65.839 Prec@5 89.618             Loss 1.54099
Epoch [95] Training Class Recall: [0.918,0.876,0.651,0.575,0.474,0.204,0.135,0.063,0.011,0.000]
Epoch [95] Testing Results: Prec@1 47.280 Prec@5 87.520             Loss 1.61899
Epoch [95] Testing Class Recall: [0.958,0.959,0.664,0.589,0.521,0.073,0.559,0.293,0.109,0.003]
Epoch [96] Training Results: Prec@1 65.871 Prec@5 89.666             Loss 1.51744
Epoch [96] Training Class Recall: [0.922,0.881,0.611,0.602,0.462,0.220,0.115,0.067,0.055,0.000]
Epoch [96] Testing Results: Prec@1 43.060 Prec@5 81.840             Loss 1.79704
Epoch [96] Testing Class Recall: [0.976,0.912,0.646,0.546,0.490,0.428,0.224,0.036,0.048,0.000]
Epoch [97] Training Results: Prec@1 65.694 Prec@5 89.586             Loss 1.54658
Epoch [97] Training Class Recall: [0.920,0.876,0.648,0.570,0.467,0.171,0.155,0.046,0.038,0.006]
Epoch [97] Testing Results: Prec@1 46.340 Prec@5 84.390             Loss 1.65804
Epoch [97] Testing Class Recall: [0.938,0.961,0.684,0.693,0.636,0.232,0.349,0.090,0.051,0.000]
Epoch [98] Training Results: Prec@1 65.694 Prec@5 90.037             Loss 1.50760
Epoch [98] Training Class Recall: [0.919,0.883,0.625,0.543,0.489,0.216,0.171,0.063,0.016,0.000]
Epoch [98] Testing Results: Prec@1 42.960 Prec@5 84.030             Loss 1.74904
Epoch [98] Testing Class Recall: [0.976,0.928,0.648,0.604,0.339,0.190,0.308,0.229,0.074,0.000]
Epoch [99] Training Results: Prec@1 65.839 Prec@5 89.489             Loss 1.52622
Epoch [99] Training Class Recall: [0.912,0.871,0.626,0.580,0.470,0.247,0.171,0.079,0.071,0.000]
Epoch [99] Testing Results: Prec@1 44.970 Prec@5 78.340             Loss 1.79311
Epoch [99] Testing Class Recall: [0.897,0.969,0.792,0.576,0.621,0.065,0.503,0.040,0.034,0.000]
Epoch [100] Training Results: Prec@1 66.500 Prec@5 89.699             Loss 1.50120
Epoch [100] Training Class Recall: [0.931,0.886,0.630,0.568,0.484,0.198,0.163,0.105,0.049,0.000]
Epoch [100] Testing Results: Prec@1 44.900 Prec@5 80.020             Loss 1.77101
Epoch [100] Testing Class Recall: [0.961,0.946,0.695,0.579,0.635,0.188,0.237,0.211,0.038,0.000]
Epoch [101] Training Results: Prec@1 66.210 Prec@5 89.699             Loss 1.53309
Epoch [101] Training Class Recall: [0.916,0.884,0.648,0.590,0.479,0.165,0.159,0.117,0.027,0.000]
Epoch [101] Testing Results: Prec@1 45.380 Prec@5 85.180             Loss 1.70979
Epoch [101] Testing Class Recall: [0.968,0.966,0.468,0.608,0.488,0.416,0.403,0.198,0.017,0.006]
Epoch [102] Training Results: Prec@1 65.952 Prec@5 89.699             Loss 1.52862
Epoch [102] Training Class Recall: [0.916,0.882,0.638,0.580,0.474,0.210,0.147,0.071,0.033,0.006]
Epoch [102] Testing Results: Prec@1 47.180 Prec@5 84.660             Loss 1.65838
Epoch [102] Testing Class Recall: [0.972,0.925,0.417,0.696,0.613,0.156,0.423,0.490,0.022,0.004]
Epoch [103] Training Results: Prec@1 66.033 Prec@5 90.037             Loss 1.51231
Epoch [103] Training Class Recall: [0.923,0.878,0.627,0.578,0.453,0.229,0.151,0.088,0.049,0.000]
Epoch [103] Testing Results: Prec@1 48.280 Prec@5 86.220             Loss 1.58492
Epoch [103] Testing Class Recall: [0.960,0.926,0.569,0.542,0.470,0.259,0.709,0.145,0.248,0.000]
Epoch [104] Training Results: Prec@1 66.903 Prec@5 90.634             Loss 1.52022
Epoch [104] Training Class Recall: [0.922,0.866,0.634,0.604,0.528,0.256,0.147,0.088,0.121,0.000]
Epoch [104] Testing Results: Prec@1 39.350 Prec@5 76.480             Loss 1.94396
Epoch [104] Testing Class Recall: [0.848,0.997,0.711,0.441,0.295,0.327,0.140,0.170,0.006,0.000]
Epoch [105] Training Results: Prec@1 66.613 Prec@5 90.617             Loss 1.54491
Epoch [105] Training Class Recall: [0.918,0.880,0.651,0.568,0.506,0.238,0.143,0.084,0.104,0.000]
Epoch [105] Testing Results: Prec@1 49.120 Prec@5 79.980             Loss 1.71566
Epoch [105] Testing Class Recall: [0.948,0.954,0.678,0.553,0.408,0.456,0.647,0.240,0.025,0.003]
Epoch [106] Training Results: Prec@1 67.870 Prec@5 89.892             Loss 1.53065
Epoch [106] Training Class Recall: [0.932,0.882,0.662,0.612,0.509,0.226,0.194,0.117,0.071,0.006]
Epoch [106] Testing Results: Prec@1 41.620 Prec@5 78.600             Loss 1.84374
Epoch [106] Testing Class Recall: [0.933,0.983,0.580,0.521,0.358,0.519,0.065,0.162,0.039,0.002]
Epoch [107] Training Results: Prec@1 66.951 Prec@5 90.456             Loss 1.47718
Epoch [107] Training Class Recall: [0.923,0.876,0.648,0.609,0.496,0.198,0.187,0.109,0.077,0.000]
Epoch [107] Testing Results: Prec@1 46.700 Prec@5 89.170             Loss 1.62765
Epoch [107] Testing Class Recall: [0.860,0.997,0.612,0.482,0.382,0.332,0.441,0.243,0.311,0.010]
Epoch [108] Training Results: Prec@1 67.419 Prec@5 90.311             Loss 1.50676
Epoch [108] Training Class Recall: [0.921,0.881,0.631,0.616,0.513,0.262,0.163,0.113,0.137,0.006]
Epoch [108] Testing Results: Prec@1 43.660 Prec@5 83.500             Loss 1.80082
Epoch [108] Testing Class Recall: [0.975,0.963,0.696,0.491,0.361,0.327,0.280,0.169,0.098,0.006]
Epoch [109] Training Results: Prec@1 66.694 Prec@5 90.456             Loss 1.50212
Epoch [109] Training Class Recall: [0.918,0.882,0.663,0.597,0.465,0.210,0.151,0.075,0.121,0.000]
Epoch [109] Testing Results: Prec@1 49.950 Prec@5 84.230             Loss 1.60376
Epoch [109] Testing Class Recall: [0.923,0.966,0.734,0.565,0.569,0.218,0.511,0.398,0.111,0.000]
Epoch [110] Training Results: Prec@1 67.887 Prec@5 91.004             Loss 1.50127
Epoch [110] Training Class Recall: [0.918,0.885,0.679,0.621,0.494,0.244,0.202,0.100,0.121,0.000]
Epoch [110] Testing Results: Prec@1 44.670 Prec@5 83.100             Loss 1.73888
Epoch [110] Testing Class Recall: [0.956,0.894,0.757,0.620,0.407,0.438,0.116,0.209,0.066,0.004]
Epoch [111] Training Results: Prec@1 67.774 Prec@5 90.553             Loss 1.45296
Epoch [111] Training Class Recall: [0.926,0.874,0.698,0.612,0.484,0.265,0.119,0.109,0.104,0.000]
Epoch [111] Testing Results: Prec@1 47.460 Prec@5 81.270             Loss 1.73428
Epoch [111] Testing Class Recall: [0.946,0.952,0.563,0.563,0.685,0.093,0.542,0.388,0.014,0.000]
Epoch [112] Training Results: Prec@1 67.467 Prec@5 91.182             Loss 1.47608
Epoch [112] Training Class Recall: [0.919,0.876,0.664,0.597,0.523,0.271,0.187,0.105,0.071,0.000]
Epoch [112] Testing Results: Prec@1 43.900 Prec@5 81.690             Loss 1.77941
Epoch [112] Testing Class Recall: [0.967,0.953,0.658,0.527,0.190,0.215,0.579,0.212,0.068,0.021]
Epoch [113] Training Results: Prec@1 67.355 Prec@5 90.940             Loss 1.48526
Epoch [113] Training Class Recall: [0.917,0.883,0.684,0.597,0.448,0.265,0.163,0.117,0.093,0.028]
Epoch [113] Testing Results: Prec@1 45.390 Prec@5 83.240             Loss 1.72551
Epoch [113] Testing Class Recall: [0.913,0.985,0.523,0.592,0.662,0.300,0.256,0.192,0.116,0.000]
Epoch [114] Training Results: Prec@1 67.951 Prec@5 91.278             Loss 1.50569
Epoch [114] Training Class Recall: [0.932,0.878,0.670,0.577,0.496,0.287,0.210,0.142,0.071,0.011]
Epoch [114] Testing Results: Prec@1 48.170 Prec@5 84.500             Loss 1.65620
Epoch [114] Testing Class Recall: [0.951,0.950,0.414,0.576,0.517,0.092,0.589,0.629,0.091,0.008]
Epoch [115] Training Results: Prec@1 67.129 Prec@5 90.746             Loss 1.51547
Epoch [115] Training Class Recall: [0.929,0.885,0.641,0.568,0.487,0.238,0.187,0.130,0.088,0.006]
Epoch [115] Testing Results: Prec@1 35.990 Prec@5 85.840             Loss 1.90853
Epoch [115] Testing Class Recall: [0.976,0.973,0.491,0.277,0.241,0.146,0.164,0.186,0.039,0.106]
Epoch [116] Training Results: Prec@1 67.725 Prec@5 91.101             Loss 1.51475
Epoch [116] Training Class Recall: [0.923,0.882,0.674,0.611,0.506,0.232,0.179,0.113,0.093,0.011]
Epoch [116] Testing Results: Prec@1 47.580 Prec@5 85.060             Loss 1.62339
Epoch [116] Testing Class Recall: [0.901,0.946,0.694,0.464,0.533,0.673,0.110,0.244,0.167,0.026]
Epoch [117] Training Results: Prec@1 68.338 Prec@5 90.988             Loss 1.50229
Epoch [117] Training Class Recall: [0.934,0.878,0.678,0.616,0.528,0.256,0.175,0.138,0.060,0.000]
Epoch [117] Testing Results: Prec@1 42.680 Prec@5 81.210             Loss 1.82966
Epoch [117] Testing Class Recall: [0.869,0.986,0.690,0.214,0.330,0.357,0.359,0.385,0.072,0.006]
Epoch [118] Training Results: Prec@1 68.032 Prec@5 91.037             Loss 1.45142
Epoch [118] Training Class Recall: [0.931,0.883,0.662,0.605,0.504,0.262,0.190,0.134,0.088,0.000]
Epoch [118] Testing Results: Prec@1 44.200 Prec@5 78.270             Loss 1.90718
Epoch [118] Testing Class Recall: [0.892,0.988,0.760,0.492,0.548,0.074,0.524,0.068,0.074,0.000]
Epoch [119] Training Results: Prec@1 67.741 Prec@5 91.456             Loss 1.51478
Epoch [119] Training Class Recall: [0.923,0.881,0.651,0.616,0.521,0.216,0.202,0.130,0.126,0.006]
Epoch [119] Testing Results: Prec@1 46.950 Prec@5 83.630             Loss 1.68503
Epoch [119] Testing Class Recall: [0.965,0.897,0.450,0.735,0.585,0.169,0.644,0.186,0.063,0.001]
Epoch [120] Training Results: Prec@1 67.709 Prec@5 91.262             Loss 1.46467
Epoch [120] Training Class Recall: [0.926,0.883,0.650,0.597,0.501,0.262,0.171,0.146,0.115,0.006]
Epoch [120] Testing Results: Prec@1 42.890 Prec@5 83.490             Loss 1.85901
Epoch [120] Testing Class Recall: [0.922,0.988,0.464,0.587,0.605,0.164,0.366,0.161,0.031,0.001]
Epoch [121] Training Results: Prec@1 67.838 Prec@5 91.375             Loss 1.49369
Epoch [121] Training Class Recall: [0.929,0.886,0.655,0.624,0.504,0.253,0.175,0.084,0.088,0.011]
Epoch [121] Testing Results: Prec@1 47.780 Prec@5 81.810             Loss 1.67477
Epoch [121] Testing Class Recall: [0.904,0.905,0.810,0.432,0.544,0.451,0.297,0.391,0.043,0.001]
Epoch [122] Training Results: Prec@1 68.693 Prec@5 91.794             Loss 1.47415
Epoch [122] Training Class Recall: [0.931,0.882,0.665,0.653,0.509,0.265,0.190,0.142,0.115,0.011]
Epoch [122] Testing Results: Prec@1 45.370 Prec@5 83.120             Loss 1.71759
Epoch [122] Testing Class Recall: [0.918,0.944,0.828,0.408,0.370,0.395,0.329,0.211,0.132,0.002]
Epoch [123] Training Results: Prec@1 69.950 Prec@5 92.020             Loss 1.45041
Epoch [123] Training Class Recall: [0.933,0.888,0.703,0.614,0.547,0.305,0.242,0.138,0.214,0.017]
Epoch [123] Testing Results: Prec@1 49.410 Prec@5 84.330             Loss 1.63997
Epoch [123] Testing Class Recall: [0.933,0.984,0.705,0.440,0.443,0.323,0.512,0.499,0.006,0.096]
Epoch [124] Training Results: Prec@1 69.402 Prec@5 92.278             Loss 1.51020
Epoch [124] Training Class Recall: [0.933,0.894,0.687,0.639,0.501,0.305,0.206,0.134,0.143,0.011]
Epoch [124] Testing Results: Prec@1 44.120 Prec@5 83.970             Loss 1.75173
Epoch [124] Testing Class Recall: [0.924,0.969,0.796,0.273,0.499,0.436,0.290,0.087,0.126,0.012]
Epoch [125] Training Results: Prec@1 68.402 Prec@5 91.891             Loss 1.45442
Epoch [125] Training Class Recall: [0.925,0.885,0.665,0.628,0.509,0.277,0.183,0.155,0.110,0.011]
Epoch [125] Testing Results: Prec@1 43.390 Prec@5 83.480             Loss 1.76817
Epoch [125] Testing Class Recall: [0.950,0.970,0.528,0.479,0.286,0.290,0.352,0.346,0.095,0.043]
Epoch [126] Training Results: Prec@1 68.241 Prec@5 92.101             Loss 1.51465
Epoch [126] Training Class Recall: [0.933,0.881,0.662,0.609,0.511,0.259,0.187,0.126,0.148,0.006]
Epoch [126] Testing Results: Prec@1 45.390 Prec@5 81.250             Loss 1.76349
Epoch [126] Testing Class Recall: [0.802,0.969,0.707,0.275,0.712,0.086,0.789,0.015,0.152,0.032]
Epoch [127] Training Results: Prec@1 68.644 Prec@5 91.827             Loss 1.43998
Epoch [127] Training Class Recall: [0.933,0.888,0.673,0.624,0.506,0.296,0.187,0.113,0.099,0.000]
Epoch [127] Testing Results: Prec@1 44.360 Prec@5 84.400             Loss 1.82068
Epoch [127] Testing Class Recall: [0.982,0.717,0.570,0.356,0.629,0.327,0.167,0.463,0.040,0.185]
Epoch [128] Training Results: Prec@1 67.790 Prec@5 91.117             Loss 1.50651
Epoch [128] Training Class Recall: [0.927,0.880,0.673,0.595,0.499,0.238,0.159,0.142,0.132,0.006]
Epoch [128] Testing Results: Prec@1 40.940 Prec@5 83.970             Loss 1.82695
Epoch [128] Testing Class Recall: [0.970,0.951,0.464,0.291,0.471,0.196,0.236,0.306,0.110,0.099]
Epoch [129] Training Results: Prec@1 68.193 Prec@5 91.585             Loss 1.48896
Epoch [129] Training Class Recall: [0.935,0.882,0.667,0.597,0.509,0.265,0.194,0.113,0.110,0.017]
Epoch [129] Testing Results: Prec@1 51.170 Prec@5 84.600             Loss 1.58270
Epoch [129] Testing Class Recall: [0.916,0.973,0.610,0.723,0.446,0.467,0.371,0.497,0.107,0.007]
Epoch [130] Training Results: Prec@1 69.031 Prec@5 91.794             Loss 1.51371
Epoch [130] Training Class Recall: [0.938,0.888,0.674,0.617,0.545,0.238,0.194,0.151,0.143,0.006]
Epoch [130] Testing Results: Prec@1 45.460 Prec@5 81.890             Loss 1.74924
Epoch [130] Testing Class Recall: [0.947,0.985,0.478,0.479,0.504,0.370,0.240,0.432,0.111,0.000]
Epoch [131] Training Results: Prec@1 69.370 Prec@5 92.665             Loss 1.45786
Epoch [131] Training Class Recall: [0.936,0.887,0.670,0.638,0.528,0.329,0.187,0.151,0.115,0.017]
Epoch [131] Testing Results: Prec@1 47.350 Prec@5 85.930             Loss 1.67429
Epoch [131] Testing Class Recall: [0.933,0.926,0.603,0.734,0.337,0.288,0.458,0.134,0.300,0.022]
Epoch [132] Training Results: Prec@1 69.370 Prec@5 92.826             Loss 1.44592
Epoch [132] Training Class Recall: [0.931,0.878,0.682,0.651,0.511,0.326,0.198,0.172,0.143,0.011]
Epoch [132] Testing Results: Prec@1 48.070 Prec@5 85.180             Loss 1.63985
Epoch [132] Testing Class Recall: [0.936,0.968,0.525,0.440,0.627,0.282,0.639,0.045,0.292,0.053]
Epoch [133] Training Results: Prec@1 68.709 Prec@5 91.875             Loss 1.49642
Epoch [133] Training Class Recall: [0.930,0.888,0.673,0.611,0.521,0.314,0.183,0.130,0.115,0.000]
Epoch [133] Testing Results: Prec@1 44.460 Prec@5 81.460             Loss 1.77897
Epoch [133] Testing Class Recall: [0.946,0.968,0.636,0.355,0.478,0.564,0.365,0.090,0.042,0.002]
Epoch [134] Training Results: Prec@1 68.531 Prec@5 92.149             Loss 1.48876
Epoch [134] Training Class Recall: [0.935,0.888,0.653,0.599,0.526,0.290,0.214,0.159,0.082,0.000]
Epoch [134] Testing Results: Prec@1 46.940 Prec@5 80.420             Loss 1.73173
Epoch [134] Testing Class Recall: [0.950,0.951,0.716,0.427,0.449,0.619,0.163,0.380,0.039,0.000]
Epoch [135] Training Results: Prec@1 69.176 Prec@5 91.891             Loss 1.44846
Epoch [135] Training Class Recall: [0.940,0.891,0.654,0.629,0.526,0.311,0.218,0.134,0.104,0.006]
Epoch [135] Testing Results: Prec@1 39.020 Prec@5 80.490             Loss 2.05164
Epoch [135] Testing Class Recall: [0.962,0.907,0.814,0.515,0.224,0.180,0.010,0.252,0.038,0.000]
Epoch [136] Training Results: Prec@1 68.854 Prec@5 92.633             Loss 1.46701
Epoch [136] Training Class Recall: [0.934,0.883,0.667,0.636,0.494,0.308,0.159,0.159,0.165,0.006]
Epoch [136] Testing Results: Prec@1 46.610 Prec@5 81.720             Loss 1.70721
Epoch [136] Testing Class Recall: [0.912,0.953,0.627,0.767,0.571,0.182,0.367,0.099,0.148,0.035]
Epoch [137] Training Results: Prec@1 69.176 Prec@5 92.762             Loss 1.44385
Epoch [137] Training Class Recall: [0.926,0.889,0.687,0.629,0.543,0.323,0.167,0.146,0.115,0.006]
Epoch [137] Testing Results: Prec@1 45.850 Prec@5 86.550             Loss 1.66594
Epoch [137] Testing Class Recall: [0.976,0.922,0.418,0.222,0.673,0.320,0.426,0.411,0.192,0.025]
Epoch [138] Training Results: Prec@1 69.450 Prec@5 92.455             Loss 1.50472
Epoch [138] Training Class Recall: [0.935,0.894,0.678,0.628,0.530,0.262,0.222,0.138,0.170,0.034]
Epoch [138] Testing Results: Prec@1 50.420 Prec@5 84.730             Loss 1.59120
Epoch [138] Testing Class Recall: [0.929,0.952,0.533,0.570,0.574,0.459,0.468,0.335,0.175,0.047]
Epoch [139] Training Results: Prec@1 69.708 Prec@5 92.359             Loss 1.47856
Epoch [139] Training Class Recall: [0.941,0.885,0.676,0.628,0.552,0.351,0.202,0.117,0.121,0.022]
Epoch [139] Testing Results: Prec@1 47.810 Prec@5 84.420             Loss 1.69056
Epoch [139] Testing Class Recall: [0.963,0.925,0.662,0.671,0.693,0.129,0.462,0.033,0.159,0.084]
Epoch [140] Training Results: Prec@1 69.853 Prec@5 92.616             Loss 1.50883
Epoch [140] Training Class Recall: [0.935,0.882,0.712,0.639,0.555,0.317,0.159,0.159,0.126,0.017]
Epoch [140] Testing Results: Prec@1 41.530 Prec@5 82.920             Loss 1.81708
Epoch [140] Testing Class Recall: [0.974,0.921,0.738,0.439,0.246,0.346,0.176,0.281,0.014,0.018]
Epoch [141] Training Results: Prec@1 69.837 Prec@5 92.375             Loss 1.49828
Epoch [141] Training Class Recall: [0.942,0.886,0.665,0.624,0.523,0.354,0.238,0.163,0.159,0.017]
Epoch [141] Testing Results: Prec@1 47.460 Prec@5 86.810             Loss 1.65881
Epoch [141] Testing Class Recall: [0.902,0.945,0.686,0.825,0.485,0.354,0.140,0.131,0.242,0.036]
Epoch [142] Training Results: Prec@1 70.305 Prec@5 93.245             Loss 1.39553
Epoch [142] Training Class Recall: [0.932,0.891,0.674,0.655,0.535,0.354,0.206,0.213,0.209,0.011]
Epoch [142] Testing Results: Prec@1 50.860 Prec@5 86.080             Loss 1.59416
Epoch [142] Testing Class Recall: [0.938,0.967,0.647,0.640,0.510,0.411,0.496,0.164,0.258,0.055]
Epoch [143] Training Results: Prec@1 69.595 Prec@5 92.762             Loss 1.46575
Epoch [143] Training Class Recall: [0.930,0.893,0.664,0.641,0.543,0.323,0.234,0.159,0.132,0.017]
Epoch [143] Testing Results: Prec@1 37.790 Prec@5 81.450             Loss 1.96744
Epoch [143] Testing Class Recall: [0.993,0.884,0.477,0.250,0.450,0.321,0.221,0.128,0.050,0.005]
Epoch [144] Training Results: Prec@1 69.982 Prec@5 92.762             Loss 1.45034
Epoch [144] Training Class Recall: [0.939,0.887,0.678,0.641,0.538,0.360,0.194,0.155,0.137,0.028]
Epoch [144] Testing Results: Prec@1 39.070 Prec@5 80.180             Loss 1.99287
Epoch [144] Testing Class Recall: [0.960,0.962,0.665,0.442,0.276,0.125,0.192,0.142,0.122,0.021]
Epoch [145] Training Results: Prec@1 70.708 Prec@5 93.261             Loss 1.44181
Epoch [145] Training Class Recall: [0.937,0.883,0.703,0.645,0.545,0.345,0.246,0.213,0.181,0.022]
Epoch [145] Testing Results: Prec@1 40.300 Prec@5 81.670             Loss 1.96500
Epoch [145] Testing Class Recall: [0.970,0.782,0.706,0.547,0.327,0.277,0.046,0.271,0.099,0.005]
Epoch [146] Training Results: Prec@1 70.418 Prec@5 93.971             Loss 1.39620
Epoch [146] Training Class Recall: [0.928,0.881,0.701,0.631,0.577,0.366,0.222,0.201,0.198,0.017]
Epoch [146] Testing Results: Prec@1 46.410 Prec@5 82.190             Loss 1.71948
Epoch [146] Testing Class Recall: [0.596,0.846,0.582,0.771,0.424,0.249,0.383,0.226,0.053,0.511]
Epoch [147] Training Results: Prec@1 70.160 Prec@5 93.003             Loss 1.45609
Epoch [147] Training Class Recall: [0.932,0.894,0.708,0.636,0.513,0.326,0.214,0.184,0.159,0.028]
Epoch [147] Testing Results: Prec@1 38.300 Prec@5 80.710             Loss 1.92879
Epoch [147] Testing Class Recall: [0.913,0.983,0.599,0.489,0.209,0.140,0.111,0.183,0.103,0.100]
Epoch [148] Training Results: Prec@1 69.902 Prec@5 92.488             Loss 1.47314
Epoch [148] Training Class Recall: [0.931,0.885,0.691,0.639,0.516,0.320,0.246,0.176,0.192,0.022]
Epoch [148] Testing Results: Prec@1 45.520 Prec@5 77.640             Loss 1.83472
Epoch [148] Testing Class Recall: [0.965,0.898,0.654,0.453,0.598,0.401,0.386,0.043,0.153,0.001]
Epoch [149] Training Results: Prec@1 70.143 Prec@5 93.842             Loss 1.45564
Epoch [149] Training Class Recall: [0.935,0.888,0.687,0.634,0.528,0.335,0.254,0.151,0.181,0.051]
Epoch [149] Testing Results: Prec@1 44.720 Prec@5 79.000             Loss 1.83460
Epoch [149] Testing Class Recall: [0.934,0.961,0.717,0.307,0.327,0.171,0.609,0.387,0.054,0.005]
Epoch [150] Training Results: Prec@1 70.434 Prec@5 93.245             Loss 1.44727
Epoch [150] Training Class Recall: [0.938,0.886,0.687,0.650,0.535,0.345,0.270,0.176,0.137,0.045]
Epoch [150] Testing Results: Prec@1 50.900 Prec@5 82.860             Loss 1.66345
Epoch [150] Testing Class Recall: [0.839,0.933,0.710,0.556,0.714,0.516,0.285,0.247,0.285,0.005]
Epoch [151] Training Results: Prec@1 71.030 Prec@5 93.535             Loss 1.38061
Epoch [151] Training Class Recall: [0.935,0.886,0.710,0.655,0.516,0.384,0.254,0.222,0.203,0.034]
Epoch [151] Testing Results: Prec@1 44.030 Prec@5 79.890             Loss 1.90600
Epoch [151] Testing Class Recall: [0.843,0.962,0.871,0.516,0.361,0.419,0.188,0.104,0.051,0.088]
Epoch [152] Training Results: Prec@1 70.675 Prec@5 93.358             Loss 1.44548
Epoch [152] Training Class Recall: [0.936,0.883,0.689,0.650,0.564,0.335,0.254,0.213,0.176,0.039]
Epoch [152] Testing Results: Prec@1 50.310 Prec@5 85.330             Loss 1.62997
Epoch [152] Testing Class Recall: [0.820,0.954,0.793,0.568,0.523,0.438,0.447,0.205,0.251,0.032]
Epoch [153] Training Results: Prec@1 70.724 Prec@5 93.713             Loss 1.46431
Epoch [153] Training Class Recall: [0.930,0.898,0.695,0.639,0.543,0.360,0.270,0.180,0.198,0.034]
Epoch [153] Testing Results: Prec@1 43.420 Prec@5 81.090             Loss 1.80742
Epoch [153] Testing Class Recall: [0.948,0.907,0.615,0.675,0.482,0.167,0.255,0.091,0.193,0.009]
Epoch [154] Training Results: Prec@1 70.563 Prec@5 93.971             Loss 1.39470
Epoch [154] Training Class Recall: [0.934,0.878,0.688,0.658,0.530,0.378,0.230,0.201,0.209,0.051]
Epoch [154] Testing Results: Prec@1 49.060 Prec@5 84.350             Loss 1.64325
Epoch [154] Testing Class Recall: [0.874,0.938,0.623,0.598,0.831,0.361,0.196,0.113,0.367,0.005]
Epoch [155] Training Results: Prec@1 70.901 Prec@5 93.600             Loss 1.42000
Epoch [155] Training Class Recall: [0.935,0.882,0.693,0.648,0.572,0.345,0.258,0.213,0.220,0.034]
Epoch [155] Testing Results: Prec@1 48.930 Prec@5 81.670             Loss 1.70650
Epoch [155] Testing Class Recall: [0.918,0.953,0.655,0.616,0.538,0.164,0.494,0.489,0.017,0.049]
Epoch [156] Training Results: Prec@1 71.482 Prec@5 93.890             Loss 1.41030
Epoch [156] Training Class Recall: [0.936,0.884,0.728,0.660,0.564,0.357,0.274,0.188,0.214,0.034]
Epoch [156] Testing Results: Prec@1 43.500 Prec@5 75.010             Loss 1.90854
Epoch [156] Testing Class Recall: [0.859,0.965,0.659,0.587,0.683,0.021,0.151,0.056,0.262,0.107]
Epoch [157] Training Results: Prec@1 71.578 Prec@5 94.406             Loss 1.38790
Epoch [157] Training Class Recall: [0.933,0.879,0.715,0.684,0.550,0.372,0.278,0.213,0.247,0.045]
Epoch [157] Testing Results: Prec@1 46.100 Prec@5 77.160             Loss 1.84125
Epoch [157] Testing Class Recall: [0.817,0.919,0.825,0.347,0.604,0.483,0.245,0.202,0.166,0.002]
Epoch [158] Training Results: Prec@1 71.143 Prec@5 94.261             Loss 1.43061
Epoch [158] Training Class Recall: [0.930,0.889,0.703,0.646,0.569,0.396,0.210,0.205,0.264,0.034]
Epoch [158] Testing Results: Prec@1 47.300 Prec@5 82.530             Loss 1.70723
Epoch [158] Testing Class Recall: [0.882,0.948,0.738,0.416,0.377,0.391,0.638,0.136,0.102,0.102]
Epoch [159] Training Results: Prec@1 71.965 Prec@5 94.196             Loss 1.43298
Epoch [159] Training Class Recall: [0.928,0.891,0.693,0.687,0.569,0.415,0.317,0.197,0.253,0.067]
Epoch [159] Testing Results: Prec@1 43.970 Prec@5 77.520             Loss 1.97086
Epoch [159] Testing Class Recall: [0.920,0.969,0.577,0.729,0.244,0.177,0.392,0.296,0.081,0.012]
Epoch [160] Training Results: Prec@1 73.513 Prec@5 95.776             Loss 1.03794
Epoch [160] Training Class Recall: [0.946,0.899,0.689,0.747,0.530,0.369,0.357,0.259,0.390,0.067]
Epoch [160] Testing Results: Prec@1 50.960 Prec@5 83.640             Loss 2.04220
Epoch [160] Testing Class Recall: [0.913,0.960,0.648,0.638,0.454,0.339,0.545,0.360,0.149,0.090]
Epoch [161] Training Results: Prec@1 75.286 Prec@5 95.986             Loss 1.02187
Epoch [161] Training Class Recall: [0.935,0.906,0.708,0.747,0.599,0.451,0.421,0.293,0.467,0.163]
Epoch [161] Testing Results: Prec@1 53.860 Prec@5 86.100             Loss 1.84505
Epoch [161] Testing Class Recall: [0.902,0.944,0.654,0.611,0.517,0.425,0.535,0.412,0.219,0.167]
Epoch [162] Training Results: Prec@1 74.996 Prec@5 96.018             Loss 0.97998
Epoch [162] Training Class Recall: [0.914,0.895,0.720,0.730,0.625,0.485,0.413,0.335,0.473,0.197]
Epoch [162] Testing Results: Prec@1 55.060 Prec@5 86.680             Loss 1.76516
Epoch [162] Testing Class Recall: [0.862,0.944,0.644,0.597,0.516,0.472,0.544,0.446,0.265,0.216]
Epoch [163] Training Results: Prec@1 75.834 Prec@5 96.131             Loss 0.93738
Epoch [163] Training Class Recall: [0.900,0.898,0.734,0.755,0.625,0.558,0.452,0.377,0.500,0.208]
Epoch [163] Testing Results: Prec@1 56.770 Prec@5 88.150             Loss 1.66670
Epoch [163] Testing Class Recall: [0.848,0.910,0.653,0.595,0.573,0.511,0.534,0.472,0.310,0.271]
Epoch [164] Training Results: Prec@1 76.253 Prec@5 96.228             Loss 0.91832
Epoch [164] Training Class Recall: [0.890,0.886,0.744,0.755,0.647,0.530,0.528,0.418,0.549,0.281]
Epoch [164] Testing Results: Prec@1 56.950 Prec@5 88.300             Loss 1.65833
Epoch [164] Testing Class Recall: [0.845,0.898,0.667,0.615,0.590,0.485,0.548,0.445,0.318,0.284]
Epoch [165] Training Results: Prec@1 76.060 Prec@5 96.324             Loss 0.91501
Epoch [165] Training Class Recall: [0.879,0.882,0.748,0.738,0.672,0.579,0.524,0.397,0.560,0.287]
Epoch [165] Testing Results: Prec@1 57.220 Prec@5 89.140             Loss 1.60420
Epoch [165] Testing Class Recall: [0.799,0.888,0.673,0.595,0.569,0.524,0.555,0.450,0.342,0.327]
Epoch [166] Training Results: Prec@1 76.544 Prec@5 96.647             Loss 0.92158
Epoch [166] Training Class Recall: [0.875,0.878,0.743,0.743,0.674,0.604,0.556,0.444,0.621,0.315]
Epoch [166] Testing Results: Prec@1 58.120 Prec@5 90.100             Loss 1.53351
Epoch [166] Testing Class Recall: [0.772,0.860,0.630,0.557,0.629,0.561,0.576,0.456,0.379,0.392]
Epoch [167] Training Results: Prec@1 76.447 Prec@5 96.260             Loss 0.92346
Epoch [167] Training Class Recall: [0.870,0.872,0.740,0.752,0.681,0.625,0.548,0.473,0.593,0.309]
Epoch [167] Testing Results: Prec@1 56.630 Prec@5 88.800             Loss 1.61428
Epoch [167] Testing Class Recall: [0.776,0.891,0.643,0.581,0.581,0.521,0.558,0.474,0.329,0.309]
Epoch [168] Training Results: Prec@1 76.495 Prec@5 96.631             Loss 0.90741
Epoch [168] Training Class Recall: [0.859,0.874,0.744,0.743,0.693,0.601,0.583,0.502,0.610,0.354]
Epoch [168] Testing Results: Prec@1 57.320 Prec@5 89.650             Loss 1.57394
Epoch [168] Testing Class Recall: [0.749,0.883,0.638,0.587,0.617,0.527,0.561,0.464,0.405,0.301]
Epoch [169] Training Results: Prec@1 76.511 Prec@5 96.228             Loss 0.88404
Epoch [169] Training Class Recall: [0.853,0.873,0.743,0.764,0.684,0.598,0.595,0.460,0.654,0.388]
Epoch [169] Testing Results: Prec@1 57.030 Prec@5 89.290             Loss 1.58388
Epoch [169] Testing Class Recall: [0.750,0.874,0.644,0.557,0.632,0.526,0.559,0.482,0.352,0.327]
Epoch [170] Training Results: Prec@1 76.221 Prec@5 96.663             Loss 0.92428
Epoch [170] Training Class Recall: [0.853,0.866,0.744,0.748,0.684,0.595,0.587,0.477,0.676,0.360]
Epoch [170] Testing Results: Prec@1 57.320 Prec@5 89.730             Loss 1.54689
Epoch [170] Testing Class Recall: [0.749,0.859,0.633,0.552,0.605,0.520,0.570,0.497,0.374,0.373]
Epoch [171] Training Results: Prec@1 76.076 Prec@5 96.776             Loss 0.90335
Epoch [171] Training Class Recall: [0.845,0.869,0.744,0.741,0.689,0.604,0.587,0.481,0.599,0.444]
Epoch [171] Testing Results: Prec@1 56.370 Prec@5 89.440             Loss 1.58000
Epoch [171] Testing Class Recall: [0.737,0.868,0.634,0.538,0.581,0.519,0.561,0.448,0.383,0.368]
Epoch [172] Training Results: Prec@1 76.334 Prec@5 96.937             Loss 0.87163
Epoch [172] Training Class Recall: [0.840,0.875,0.749,0.764,0.686,0.595,0.579,0.490,0.648,0.421]
Epoch [172] Testing Results: Prec@1 56.800 Prec@5 90.250             Loss 1.54770
Epoch [172] Testing Class Recall: [0.692,0.856,0.611,0.539,0.630,0.568,0.579,0.452,0.403,0.350]
Epoch [173] Training Results: Prec@1 76.415 Prec@5 96.647             Loss 0.93476
Epoch [173] Training Class Recall: [0.829,0.872,0.758,0.760,0.679,0.619,0.615,0.510,0.643,0.461]
Epoch [173] Testing Results: Prec@1 56.240 Prec@5 89.470             Loss 1.59137
Epoch [173] Testing Class Recall: [0.742,0.854,0.613,0.617,0.594,0.497,0.552,0.458,0.366,0.331]
Epoch [174] Training Results: Prec@1 76.495 Prec@5 96.421             Loss 0.87167
Epoch [174] Training Class Recall: [0.838,0.866,0.753,0.762,0.689,0.595,0.639,0.515,0.615,0.461]
Epoch [174] Testing Results: Prec@1 56.520 Prec@5 89.930             Loss 1.55398
Epoch [174] Testing Class Recall: [0.722,0.842,0.606,0.552,0.608,0.535,0.568,0.458,0.381,0.380]
Epoch [175] Training Results: Prec@1 76.479 Prec@5 96.679             Loss 0.89423
Epoch [175] Training Class Recall: [0.831,0.874,0.738,0.745,0.691,0.607,0.647,0.527,0.670,0.483]
Epoch [175] Testing Results: Prec@1 56.320 Prec@5 89.880             Loss 1.55570
Epoch [175] Testing Class Recall: [0.713,0.844,0.602,0.544,0.623,0.536,0.567,0.496,0.382,0.325]
Epoch [176] Training Results: Prec@1 76.914 Prec@5 96.615             Loss 0.90255
Epoch [176] Training Class Recall: [0.833,0.874,0.755,0.755,0.703,0.634,0.623,0.544,0.648,0.466]
Epoch [176] Testing Results: Prec@1 56.200 Prec@5 89.930             Loss 1.55958
Epoch [176] Testing Class Recall: [0.702,0.850,0.620,0.548,0.610,0.533,0.564,0.489,0.378,0.326]
Epoch [177] Training Results: Prec@1 77.124 Prec@5 97.018             Loss 0.91105
Epoch [177] Training Class Recall: [0.839,0.864,0.763,0.762,0.710,0.655,0.611,0.502,0.648,0.494]
Epoch [177] Testing Results: Prec@1 56.050 Prec@5 89.680             Loss 1.56949
Epoch [177] Testing Class Recall: [0.714,0.866,0.598,0.561,0.557,0.556,0.584,0.479,0.341,0.349]
Epoch [178] Training Results: Prec@1 76.221 Prec@5 96.840             Loss 0.88548
Epoch [178] Training Class Recall: [0.825,0.864,0.744,0.752,0.696,0.613,0.643,0.531,0.670,0.461]
Epoch [178] Testing Results: Prec@1 56.040 Prec@5 89.950             Loss 1.55400
Epoch [178] Testing Class Recall: [0.705,0.840,0.604,0.528,0.634,0.526,0.563,0.465,0.379,0.360]
Epoch [179] Training Results: Prec@1 76.640 Prec@5 96.582             Loss 0.86807
Epoch [179] Training Class Recall: [0.816,0.870,0.747,0.765,0.698,0.643,0.671,0.573,0.648,0.472]
Epoch [179] Testing Results: Prec@1 56.580 Prec@5 90.270             Loss 1.54822
Epoch [179] Testing Class Recall: [0.727,0.831,0.598,0.594,0.604,0.521,0.562,0.472,0.377,0.372]
Epoch [180] Training Results: Prec@1 76.463 Prec@5 97.034             Loss 0.88398
Epoch [180] Training Class Recall: [0.819,0.862,0.749,0.753,0.698,0.625,0.659,0.569,0.670,0.494]
Epoch [180] Testing Results: Prec@1 55.730 Prec@5 89.980             Loss 1.56447
Epoch [180] Testing Class Recall: [0.693,0.812,0.599,0.567,0.623,0.520,0.546,0.483,0.363,0.367]
Epoch [181] Training Results: Prec@1 76.737 Prec@5 96.405             Loss 0.86760
Epoch [181] Training Class Recall: [0.836,0.858,0.749,0.753,0.720,0.622,0.623,0.573,0.632,0.466]
Epoch [181] Testing Results: Prec@1 56.790 Prec@5 90.700             Loss 1.52138
Epoch [181] Testing Class Recall: [0.706,0.819,0.594,0.581,0.619,0.539,0.573,0.501,0.357,0.390]
Epoch [182] Training Results: Prec@1 76.527 Prec@5 96.760             Loss 0.90825
Epoch [182] Training Class Recall: [0.822,0.866,0.749,0.772,0.706,0.604,0.619,0.565,0.643,0.506]
Epoch [182] Testing Results: Prec@1 56.390 Prec@5 90.640             Loss 1.52958
Epoch [182] Testing Class Recall: [0.692,0.820,0.589,0.565,0.638,0.538,0.568,0.457,0.382,0.390]
Epoch [183] Training Results: Prec@1 77.059 Prec@5 96.905             Loss 0.89088
Epoch [183] Training Class Recall: [0.826,0.864,0.744,0.774,0.718,0.649,0.607,0.573,0.676,0.545]
Epoch [183] Testing Results: Prec@1 56.750 Prec@5 90.950             Loss 1.49581
Epoch [183] Testing Class Recall: [0.684,0.807,0.585,0.546,0.639,0.529,0.582,0.486,0.412,0.405]
Epoch [184] Training Results: Prec@1 76.898 Prec@5 96.727             Loss 0.86492
Epoch [184] Training Class Recall: [0.832,0.864,0.748,0.760,0.706,0.622,0.619,0.582,0.681,0.494]
Epoch [184] Testing Results: Prec@1 56.260 Prec@5 90.150             Loss 1.54802
Epoch [184] Testing Class Recall: [0.704,0.837,0.603,0.568,0.624,0.522,0.582,0.456,0.371,0.359]
Epoch [185] Training Results: Prec@1 76.834 Prec@5 96.856             Loss 0.89995
Epoch [185] Training Class Recall: [0.826,0.856,0.745,0.782,0.723,0.634,0.659,0.531,0.665,0.500]
Epoch [185] Testing Results: Prec@1 56.330 Prec@5 90.310             Loss 1.54221
Epoch [185] Testing Class Recall: [0.682,0.820,0.620,0.571,0.639,0.519,0.576,0.463,0.363,0.380]
Epoch [186] Training Results: Prec@1 76.850 Prec@5 96.792             Loss 0.86436
Epoch [186] Training Class Recall: [0.832,0.858,0.753,0.753,0.703,0.643,0.643,0.561,0.659,0.500]
Epoch [186] Testing Results: Prec@1 56.170 Prec@5 90.020             Loss 1.54821
Epoch [186] Testing Class Recall: [0.700,0.823,0.626,0.557,0.593,0.525,0.574,0.460,0.366,0.393]
Epoch [187] Training Results: Prec@1 75.947 Prec@5 96.953             Loss 0.89037
Epoch [187] Training Class Recall: [0.817,0.850,0.750,0.748,0.708,0.613,0.643,0.531,0.665,0.511]
Epoch [187] Testing Results: Prec@1 56.310 Prec@5 90.320             Loss 1.54899
Epoch [187] Testing Class Recall: [0.716,0.818,0.604,0.552,0.648,0.517,0.560,0.478,0.363,0.375]
Epoch [188] Training Results: Prec@1 76.753 Prec@5 96.776             Loss 0.86525
Epoch [188] Training Class Recall: [0.836,0.862,0.743,0.762,0.701,0.607,0.631,0.544,0.654,0.534]
Epoch [188] Testing Results: Prec@1 56.340 Prec@5 90.430             Loss 1.53978
Epoch [188] Testing Class Recall: [0.696,0.826,0.610,0.586,0.617,0.523,0.570,0.446,0.378,0.382]
Epoch [189] Training Results: Prec@1 76.463 Prec@5 96.744             Loss 0.89498
Epoch [189] Training Class Recall: [0.831,0.854,0.752,0.759,0.686,0.640,0.659,0.536,0.626,0.483]
Epoch [189] Testing Results: Prec@1 56.230 Prec@5 90.570             Loss 1.52110
Epoch [189] Testing Class Recall: [0.681,0.813,0.611,0.548,0.620,0.535,0.575,0.463,0.399,0.378]
Epoch [190] Training Results: Prec@1 76.624 Prec@5 96.421             Loss 0.88396
Epoch [190] Training Class Recall: [0.819,0.857,0.753,0.757,0.732,0.640,0.643,0.556,0.698,0.466]
Epoch [190] Testing Results: Prec@1 55.620 Prec@5 90.340             Loss 1.54779
Epoch [190] Testing Class Recall: [0.684,0.814,0.616,0.570,0.578,0.506,0.541,0.478,0.383,0.392]
Epoch [191] Training Results: Prec@1 77.092 Prec@5 96.647             Loss 0.85127
Epoch [191] Training Class Recall: [0.838,0.856,0.760,0.774,0.708,0.595,0.635,0.544,0.692,0.506]
Epoch [191] Testing Results: Prec@1 56.830 Prec@5 90.600             Loss 1.52304
Epoch [191] Testing Class Recall: [0.712,0.825,0.605,0.552,0.640,0.534,0.580,0.460,0.375,0.400]
Epoch [192] Training Results: Prec@1 76.721 Prec@5 96.695             Loss 0.89957
Epoch [192] Training Class Recall: [0.824,0.865,0.743,0.753,0.718,0.631,0.655,0.561,0.681,0.489]
Epoch [192] Testing Results: Prec@1 56.260 Prec@5 90.020             Loss 1.55446
Epoch [192] Testing Class Recall: [0.711,0.835,0.605,0.533,0.642,0.533,0.576,0.440,0.371,0.380]
Epoch [193] Training Results: Prec@1 76.157 Prec@5 97.130             Loss 0.88404
Epoch [193] Training Class Recall: [0.819,0.856,0.731,0.759,0.713,0.607,0.647,0.586,0.648,0.517]
Epoch [193] Testing Results: Prec@1 55.960 Prec@5 90.010             Loss 1.57507
Epoch [193] Testing Class Recall: [0.713,0.840,0.612,0.592,0.622,0.500,0.540,0.473,0.355,0.349]
Epoch [194] Training Results: Prec@1 76.689 Prec@5 96.824             Loss 0.92000
Epoch [194] Training Class Recall: [0.826,0.858,0.741,0.750,0.708,0.677,0.663,0.523,0.665,0.517]
Epoch [194] Testing Results: Prec@1 56.360 Prec@5 89.830             Loss 1.56795
Epoch [194] Testing Class Recall: [0.718,0.843,0.607,0.570,0.645,0.525,0.575,0.438,0.359,0.356]
Epoch [195] Training Results: Prec@1 76.189 Prec@5 96.711             Loss 0.91368
Epoch [195] Training Class Recall: [0.816,0.854,0.747,0.764,0.706,0.619,0.663,0.561,0.659,0.489]
Epoch [195] Testing Results: Prec@1 55.830 Prec@5 89.770             Loss 1.57594
Epoch [195] Testing Class Recall: [0.707,0.851,0.608,0.588,0.615,0.523,0.548,0.426,0.362,0.355]
Epoch [196] Training Results: Prec@1 75.931 Prec@5 96.792             Loss 0.86740
Epoch [196] Training Class Recall: [0.816,0.854,0.749,0.740,0.701,0.610,0.651,0.556,0.643,0.522]
Epoch [196] Testing Results: Prec@1 56.070 Prec@5 90.160             Loss 1.55082
Epoch [196] Testing Class Recall: [0.699,0.831,0.609,0.560,0.618,0.543,0.537,0.454,0.378,0.378]
Epoch [197] Training Results: Prec@1 77.285 Prec@5 96.550             Loss 0.87026
Epoch [197] Training Class Recall: [0.822,0.871,0.758,0.770,0.720,0.640,0.647,0.582,0.676,0.506]
Epoch [197] Testing Results: Prec@1 56.210 Prec@5 90.000             Loss 1.55477
Epoch [197] Testing Class Recall: [0.704,0.826,0.600,0.565,0.629,0.514,0.581,0.476,0.371,0.355]
Epoch [198] Training Results: Prec@1 76.656 Prec@5 97.001             Loss 0.89470
Epoch [198] Training Class Recall: [0.834,0.862,0.753,0.759,0.698,0.610,0.651,0.523,0.654,0.489]
Epoch [198] Testing Results: Prec@1 56.220 Prec@5 90.760             Loss 1.51553
Epoch [198] Testing Class Recall: [0.684,0.797,0.581,0.570,0.610,0.530,0.574,0.499,0.389,0.388]
Epoch [199] Training Results: Prec@1 76.963 Prec@5 96.550             Loss 0.88933
Epoch [199] Training Class Recall: [0.840,0.858,0.757,0.760,0.718,0.607,0.651,0.548,0.621,0.483]
Epoch [199] Testing Results: Prec@1 56.220 Prec@5 89.910             Loss 1.56402
Epoch [199] Testing Class Recall: [0.694,0.838,0.620,0.559,0.646,0.552,0.565,0.441,0.353,0.354]
