Log file: cifar10_noisy_random0.9_mamix_drw_exp0.01_seed42_20260429_142215.log
Run started: 2026-04-29 14:22:15.399765
Dataset: cifar10_noisy
Imbalance type: exp, factor: 0.01
Selection method: random, ratio: 0.9
Strategy: MAMix_DRW, epochs: 200
Seed: 42, rand_number: 0
Augmentation: weak
Noise ratio: 0.25
mamix_ratio: 0.25
============================================================

=> Preparing logger and tensorboard writer !
----------------------------------------------------
Class ID   | Original   | Selected   | Keep %  
----------------------------------------------------
0          | 3977       | 3594       |    90.4%
1          | 2507       | 2266       |    90.4%
2          | 1609       | 1423       |    88.4%
3          | 1118       | 1017       |    91.0%
4          | 825        | 740        |    89.7%
5          | 636        | 574        |    90.3%
6          | 509        | 459        |    90.2%
7          | 479        | 433        |    90.4%
8          | 391        | 341        |    87.2%
9          | 355        | 318        |    89.6%
----------------------------------------------------
TOTAL      | 12406      | 11165      |    90.0%
----------------------------------------------------
Epoch [0] Training Results: Prec@1 35.334 Prec@5 78.728             Loss 1.98369
Epoch [0] Training Class Recall: [0.745,0.394,0.230,0.033,0.020,0.000,0.000,0.000,0.000,0.000]
Epoch [0] Testing Results: Prec@1 24.000 Prec@5 57.360             Loss 2.36668
Epoch [0] Testing Class Recall: [0.627,0.853,0.432,0.488,0.000,0.000,0.000,0.000,0.000,0.000]
Epoch [1] Training Results: Prec@1 39.292 Prec@5 80.923             Loss 1.89059
Epoch [1] Training Class Recall: [0.721,0.568,0.302,0.062,0.022,0.000,0.000,0.000,0.000,0.000]
Epoch [1] Testing Results: Prec@1 20.490 Prec@5 60.320             Loss 2.47308
Epoch [1] Testing Class Recall: [0.894,0.661,0.494,0.000,0.000,0.000,0.000,0.000,0.000,0.000]
Epoch [2] Training Results: Prec@1 43.654 Prec@5 81.460             Loss 1.80832
Epoch [2] Training Class Recall: [0.797,0.639,0.332,0.086,0.000,0.000,0.000,0.000,0.000,0.000]
Epoch [2] Testing Results: Prec@1 19.900 Prec@5 61.550             Loss 2.40241
Epoch [2] Testing Class Recall: [0.918,0.736,0.336,0.000,0.000,0.000,0.000,0.000,0.000,0.000]
Epoch [3] Training Results: Prec@1 45.777 Prec@5 81.827             Loss 1.78186
Epoch [3] Training Class Recall: [0.825,0.672,0.359,0.110,0.000,0.000,0.000,0.000,0.000,0.000]
Epoch [3] Testing Results: Prec@1 23.480 Prec@5 56.290             Loss 2.38044
Epoch [3] Testing Class Recall: [0.776,0.919,0.494,0.159,0.000,0.000,0.000,0.000,0.000,0.000]
Epoch [4] Training Results: Prec@1 46.377 Prec@5 81.433             Loss 1.78531
Epoch [4] Training Class Recall: [0.843,0.675,0.332,0.143,0.000,0.000,0.000,0.000,0.000,0.000]
Epoch [4] Testing Results: Prec@1 23.670 Prec@5 63.640             Loss 2.32919
Epoch [4] Testing Class Recall: [0.853,0.885,0.593,0.036,0.000,0.000,0.000,0.000,0.000,0.000]
Epoch [5] Training Results: Prec@1 48.312 Prec@5 81.908             Loss 1.75979
Epoch [5] Training Class Recall: [0.859,0.727,0.349,0.158,0.000,0.000,0.000,0.000,0.000,0.000]
Epoch [5] Testing Results: Prec@1 25.640 Prec@5 57.400             Loss 2.31994
Epoch [5] Testing Class Recall: [0.889,0.823,0.622,0.230,0.000,0.000,0.000,0.000,0.000,0.000]
Epoch [6] Training Results: Prec@1 49.664 Prec@5 82.167             Loss 1.74850
Epoch [6] Training Class Recall: [0.861,0.747,0.369,0.229,0.000,0.000,0.000,0.000,0.000,0.000]
Epoch [6] Testing Results: Prec@1 26.410 Prec@5 62.470             Loss 2.19041
Epoch [6] Testing Class Recall: [0.909,0.798,0.516,0.418,0.000,0.000,0.000,0.000,0.000,0.000]
Epoch [7] Training Results: Prec@1 50.237 Prec@5 82.418             Loss 1.73450
Epoch [7] Training Class Recall: [0.865,0.752,0.382,0.247,0.001,0.000,0.000,0.000,0.000,0.000]
Epoch [7] Testing Results: Prec@1 25.210 Prec@5 68.480             Loss 2.18726
Epoch [7] Testing Class Recall: [0.949,0.820,0.518,0.184,0.050,0.000,0.000,0.000,0.000,0.000]
Epoch [8] Training Results: Prec@1 50.336 Prec@5 82.490             Loss 1.72926
Epoch [8] Training Class Recall: [0.865,0.755,0.389,0.245,0.000,0.000,0.000,0.000,0.000,0.000]
Epoch [8] Testing Results: Prec@1 27.400 Prec@5 60.750             Loss 2.19782
Epoch [8] Testing Class Recall: [0.942,0.876,0.433,0.486,0.003,0.000,0.000,0.000,0.000,0.000]
Epoch [9] Training Results: Prec@1 51.697 Prec@5 82.821             Loss 1.72467
Epoch [9] Training Class Recall: [0.872,0.778,0.379,0.310,0.030,0.000,0.000,0.000,0.000,0.000]
Epoch [9] Testing Results: Prec@1 24.150 Prec@5 62.110             Loss 2.29720
Epoch [9] Testing Class Recall: [0.892,0.957,0.260,0.282,0.024,0.000,0.000,0.000,0.000,0.000]
Epoch [10] Training Results: Prec@1 52.056 Prec@5 82.866             Loss 1.71749
Epoch [10] Training Class Recall: [0.883,0.781,0.402,0.264,0.041,0.000,0.000,0.000,0.000,0.000]
Epoch [10] Testing Results: Prec@1 26.870 Prec@5 66.330             Loss 2.17658
Epoch [10] Testing Class Recall: [0.929,0.867,0.640,0.248,0.003,0.000,0.000,0.000,0.000,0.000]
Epoch [11] Training Results: Prec@1 52.906 Prec@5 83.054             Loss 1.70792
Epoch [11] Training Class Recall: [0.885,0.806,0.389,0.299,0.058,0.000,0.000,0.000,0.000,0.000]
Epoch [11] Testing Results: Prec@1 28.170 Prec@5 63.840             Loss 2.20301
Epoch [11] Testing Class Recall: [0.961,0.798,0.552,0.372,0.134,0.000,0.000,0.000,0.000,0.000]
Epoch [12] Training Results: Prec@1 53.766 Prec@5 82.812             Loss 1.69285
Epoch [12] Training Class Recall: [0.887,0.812,0.408,0.320,0.093,0.000,0.000,0.000,0.000,0.000]
Epoch [12] Testing Results: Prec@1 27.850 Prec@5 62.570             Loss 2.22301
Epoch [12] Testing Class Recall: [0.961,0.851,0.408,0.542,0.023,0.000,0.000,0.000,0.000,0.000]
Epoch [13] Training Results: Prec@1 53.632 Prec@5 82.965             Loss 1.70017
Epoch [13] Training Class Recall: [0.888,0.804,0.393,0.329,0.109,0.000,0.000,0.000,0.000,0.000]
Epoch [13] Testing Results: Prec@1 29.490 Prec@5 62.980             Loss 2.21492
Epoch [13] Testing Class Recall: [0.939,0.858,0.546,0.421,0.185,0.000,0.000,0.000,0.000,0.000]
Epoch [14] Training Results: Prec@1 53.829 Prec@5 83.063             Loss 1.68832
Epoch [14] Training Class Recall: [0.880,0.818,0.387,0.316,0.162,0.000,0.000,0.000,0.000,0.000]
Epoch [14] Testing Results: Prec@1 31.050 Prec@5 65.920             Loss 2.12215
Epoch [14] Testing Class Recall: [0.919,0.944,0.420,0.414,0.408,0.000,0.000,0.000,0.000,0.000]
Epoch [15] Training Results: Prec@1 54.563 Prec@5 83.305             Loss 1.68306
Epoch [15] Training Class Recall: [0.883,0.823,0.408,0.359,0.145,0.000,0.000,0.000,0.000,0.000]
Epoch [15] Testing Results: Prec@1 31.520 Prec@5 71.660             Loss 2.11347
Epoch [15] Testing Class Recall: [0.912,0.971,0.191,0.618,0.460,0.000,0.000,0.000,0.000,0.000]
Epoch [16] Training Results: Prec@1 54.787 Prec@5 83.905             Loss 1.67504
Epoch [16] Training Class Recall: [0.893,0.813,0.400,0.355,0.181,0.000,0.000,0.000,0.000,0.000]
Epoch [16] Testing Results: Prec@1 31.680 Prec@5 69.510             Loss 2.10772
Epoch [16] Testing Class Recall: [0.888,0.962,0.695,0.449,0.174,0.000,0.000,0.000,0.000,0.000]
Epoch [17] Training Results: Prec@1 55.540 Prec@5 83.618             Loss 1.66701
Epoch [17] Training Class Recall: [0.895,0.820,0.429,0.370,0.189,0.000,0.000,0.000,0.000,0.000]
Epoch [17] Testing Results: Prec@1 30.530 Prec@5 71.390             Loss 2.08974
Epoch [17] Testing Class Recall: [0.936,0.830,0.619,0.152,0.516,0.000,0.000,0.000,0.000,0.000]
Epoch [18] Training Results: Prec@1 55.629 Prec@5 83.583             Loss 1.66912
Epoch [18] Training Class Recall: [0.889,0.835,0.413,0.368,0.218,0.000,0.000,0.000,0.000,0.000]
Epoch [18] Testing Results: Prec@1 33.030 Prec@5 69.340             Loss 2.05002
Epoch [18] Testing Class Recall: [0.925,0.965,0.591,0.400,0.422,0.000,0.000,0.000,0.000,0.000]
Epoch [19] Training Results: Prec@1 56.005 Prec@5 83.807             Loss 1.66878
Epoch [19] Training Class Recall: [0.891,0.831,0.456,0.362,0.199,0.000,0.007,0.000,0.000,0.000]
Epoch [19] Testing Results: Prec@1 32.950 Prec@5 65.060             Loss 2.10685
Epoch [19] Testing Class Recall: [0.958,0.926,0.298,0.696,0.412,0.000,0.005,0.000,0.000,0.000]
Epoch [20] Training Results: Prec@1 56.525 Prec@5 83.708             Loss 1.65692
Epoch [20] Training Class Recall: [0.897,0.838,0.439,0.390,0.211,0.000,0.022,0.000,0.000,0.000]
Epoch [20] Testing Results: Prec@1 34.560 Prec@5 70.400             Loss 2.05905
Epoch [20] Testing Class Recall: [0.939,0.883,0.560,0.574,0.500,0.000,0.000,0.000,0.000,0.000]
Epoch [21] Training Results: Prec@1 56.686 Prec@5 84.066             Loss 1.66156
Epoch [21] Training Class Recall: [0.892,0.831,0.484,0.387,0.204,0.000,0.013,0.000,0.000,0.000]
Epoch [21] Testing Results: Prec@1 34.890 Prec@5 68.200             Loss 2.06425
Epoch [21] Testing Class Recall: [0.929,0.874,0.639,0.441,0.517,0.001,0.088,0.000,0.000,0.000]
Epoch [22] Training Results: Prec@1 57.483 Prec@5 84.057             Loss 1.64911
Epoch [22] Training Class Recall: [0.898,0.844,0.455,0.411,0.262,0.003,0.039,0.000,0.000,0.000]
Epoch [22] Testing Results: Prec@1 34.730 Prec@5 71.850             Loss 2.03918
Epoch [22] Testing Class Recall: [0.870,0.895,0.752,0.310,0.335,0.007,0.304,0.000,0.000,0.000]
Epoch [23] Training Results: Prec@1 57.734 Prec@5 84.254             Loss 1.63025
Epoch [23] Training Class Recall: [0.895,0.849,0.482,0.379,0.274,0.003,0.061,0.000,0.000,0.000]
Epoch [23] Testing Results: Prec@1 34.590 Prec@5 71.220             Loss 1.99516
Epoch [23] Testing Class Recall: [0.915,0.902,0.659,0.476,0.417,0.063,0.019,0.008,0.000,0.000]
Epoch [24] Training Results: Prec@1 57.734 Prec@5 84.371             Loss 1.63580
Epoch [24] Training Class Recall: [0.894,0.842,0.472,0.405,0.268,0.000,0.092,0.002,0.000,0.000]
Epoch [24] Testing Results: Prec@1 32.770 Prec@5 66.970             Loss 2.08110
Epoch [24] Testing Class Recall: [0.948,0.937,0.671,0.253,0.412,0.036,0.015,0.005,0.000,0.000]
Epoch [25] Training Results: Prec@1 57.841 Prec@5 84.039             Loss 1.64070
Epoch [25] Training Class Recall: [0.899,0.845,0.476,0.385,0.274,0.007,0.078,0.000,0.000,0.000]
Epoch [25] Testing Results: Prec@1 32.560 Prec@5 70.030             Loss 2.07860
Epoch [25] Testing Class Recall: [0.889,0.954,0.742,0.232,0.390,0.003,0.046,0.000,0.000,0.000]
Epoch [26] Training Results: Prec@1 57.716 Prec@5 84.478             Loss 1.63333
Epoch [26] Training Class Recall: [0.892,0.847,0.476,0.389,0.281,0.002,0.074,0.000,0.000,0.000]
Epoch [26] Testing Results: Prec@1 37.220 Prec@5 76.600             Loss 1.90986
Epoch [26] Testing Class Recall: [0.928,0.970,0.502,0.557,0.718,0.003,0.042,0.002,0.000,0.000]
Epoch [27] Training Results: Prec@1 59.131 Prec@5 84.469             Loss 1.61577
Epoch [27] Training Class Recall: [0.902,0.858,0.512,0.412,0.301,0.000,0.100,0.000,0.000,0.000]
Epoch [27] Testing Results: Prec@1 36.230 Prec@5 71.240             Loss 1.96102
Epoch [27] Testing Class Recall: [0.968,0.859,0.395,0.630,0.335,0.263,0.039,0.134,0.000,0.000]
Epoch [28] Training Results: Prec@1 58.880 Prec@5 84.622             Loss 1.62919
Epoch [28] Training Class Recall: [0.896,0.853,0.493,0.438,0.303,0.012,0.092,0.007,0.000,0.000]
Epoch [28] Testing Results: Prec@1 39.230 Prec@5 76.030             Loss 1.87398
Epoch [28] Testing Class Recall: [0.929,0.978,0.662,0.493,0.475,0.128,0.240,0.018,0.000,0.000]
Epoch [29] Training Results: Prec@1 59.077 Prec@5 84.604             Loss 1.63912
Epoch [29] Training Class Recall: [0.903,0.857,0.492,0.432,0.299,0.012,0.089,0.002,0.000,0.000]
Epoch [29] Testing Results: Prec@1 38.670 Prec@5 70.160             Loss 1.91108
Epoch [29] Testing Class Recall: [0.939,0.968,0.535,0.668,0.245,0.092,0.418,0.002,0.000,0.000]
Epoch [30] Training Results: Prec@1 59.337 Prec@5 84.845             Loss 1.61808
Epoch [30] Training Class Recall: [0.902,0.847,0.503,0.454,0.299,0.019,0.111,0.007,0.000,0.000]
Epoch [30] Testing Results: Prec@1 38.930 Prec@5 72.510             Loss 1.90881
Epoch [30] Testing Class Recall: [0.852,0.991,0.534,0.582,0.598,0.252,0.025,0.059,0.000,0.000]
Epoch [31] Training Results: Prec@1 59.579 Prec@5 84.917             Loss 1.62630
Epoch [31] Training Class Recall: [0.907,0.850,0.516,0.435,0.305,0.040,0.085,0.005,0.000,0.000]
Epoch [31] Testing Results: Prec@1 35.030 Prec@5 78.100             Loss 1.99703
Epoch [31] Testing Class Recall: [0.959,0.946,0.706,0.254,0.305,0.070,0.254,0.009,0.000,0.000]
Epoch [32] Training Results: Prec@1 59.955 Prec@5 84.890             Loss 1.61500
Epoch [32] Training Class Recall: [0.907,0.854,0.520,0.443,0.331,0.031,0.092,0.002,0.000,0.000]
Epoch [32] Testing Results: Prec@1 34.130 Prec@5 73.270             Loss 1.99603
Epoch [32] Testing Class Recall: [0.925,0.900,0.834,0.329,0.231,0.062,0.131,0.001,0.000,0.000]
Epoch [33] Training Results: Prec@1 60.081 Prec@5 84.881             Loss 1.61836
Epoch [33] Training Class Recall: [0.910,0.853,0.518,0.421,0.330,0.061,0.129,0.002,0.000,0.000]
Epoch [33] Testing Results: Prec@1 41.640 Prec@5 77.640             Loss 1.80596
Epoch [33] Testing Class Recall: [0.836,0.971,0.762,0.660,0.556,0.096,0.278,0.005,0.000,0.000]
Epoch [34] Training Results: Prec@1 60.636 Prec@5 84.765             Loss 1.63556
Epoch [34] Training Class Recall: [0.909,0.854,0.560,0.460,0.300,0.051,0.109,0.007,0.000,0.000]
Epoch [34] Testing Results: Prec@1 36.380 Prec@5 74.610             Loss 1.99122
Epoch [34] Testing Class Recall: [0.970,0.915,0.512,0.541,0.445,0.065,0.148,0.042,0.000,0.000]
Epoch [35] Training Results: Prec@1 60.349 Prec@5 85.132             Loss 1.60598
Epoch [35] Training Class Recall: [0.916,0.850,0.508,0.449,0.323,0.078,0.107,0.012,0.000,0.000]
Epoch [35] Testing Results: Prec@1 39.440 Prec@5 78.620             Loss 1.85747
Epoch [35] Testing Class Recall: [0.962,0.970,0.650,0.383,0.431,0.003,0.509,0.036,0.000,0.000]
Epoch [36] Training Results: Prec@1 60.985 Prec@5 85.114             Loss 1.62251
Epoch [36] Training Class Recall: [0.914,0.857,0.551,0.440,0.338,0.063,0.129,0.016,0.000,0.000]
Epoch [36] Testing Results: Prec@1 43.070 Prec@5 78.630             Loss 1.76095
Epoch [36] Testing Class Recall: [0.966,0.950,0.569,0.698,0.347,0.205,0.435,0.137,0.000,0.000]
Epoch [37] Training Results: Prec@1 61.299 Prec@5 85.284             Loss 1.60004
Epoch [37] Training Class Recall: [0.913,0.856,0.549,0.460,0.341,0.101,0.126,0.014,0.000,0.000]
Epoch [37] Testing Results: Prec@1 39.940 Prec@5 77.630             Loss 1.90714
Epoch [37] Testing Class Recall: [0.977,0.963,0.581,0.453,0.366,0.048,0.586,0.020,0.000,0.000]
Epoch [38] Training Results: Prec@1 61.084 Prec@5 85.741             Loss 1.59284
Epoch [38] Training Class Recall: [0.909,0.861,0.548,0.452,0.342,0.063,0.133,0.025,0.000,0.000]
Epoch [38] Testing Results: Prec@1 41.190 Prec@5 79.000             Loss 1.83989
Epoch [38] Testing Class Recall: [0.961,0.969,0.404,0.787,0.472,0.039,0.445,0.042,0.000,0.000]
Epoch [39] Training Results: Prec@1 61.935 Prec@5 85.365             Loss 1.59479
Epoch [39] Training Class Recall: [0.911,0.858,0.564,0.495,0.354,0.092,0.122,0.046,0.000,0.000]
Epoch [39] Testing Results: Prec@1 44.930 Prec@5 77.560             Loss 1.77979
Epoch [39] Testing Class Recall: [0.911,0.986,0.511,0.590,0.633,0.347,0.301,0.214,0.000,0.000]
Epoch [40] Training Results: Prec@1 61.505 Prec@5 85.464             Loss 1.60520
Epoch [40] Training Class Recall: [0.914,0.865,0.528,0.484,0.353,0.087,0.118,0.030,0.000,0.000]
Epoch [40] Testing Results: Prec@1 42.370 Prec@5 78.830             Loss 1.82970
Epoch [40] Testing Class Recall: [0.954,0.980,0.665,0.612,0.398,0.030,0.505,0.093,0.000,0.000]
Epoch [41] Training Results: Prec@1 62.588 Prec@5 85.822             Loss 1.58370
Epoch [41] Training Class Recall: [0.915,0.865,0.587,0.481,0.362,0.098,0.150,0.055,0.000,0.000]
Epoch [41] Testing Results: Prec@1 41.090 Prec@5 85.630             Loss 1.84189
Epoch [41] Testing Class Recall: [0.982,0.900,0.497,0.516,0.453,0.190,0.423,0.148,0.000,0.000]
Epoch [42] Training Results: Prec@1 61.657 Prec@5 85.670             Loss 1.58995
Epoch [42] Training Class Recall: [0.914,0.854,0.538,0.485,0.364,0.110,0.122,0.039,0.000,0.000]
Epoch [42] Testing Results: Prec@1 41.220 Prec@5 81.250             Loss 1.84044
Epoch [42] Testing Class Recall: [0.984,0.923,0.648,0.415,0.572,0.285,0.254,0.041,0.000,0.000]
Epoch [43] Training Results: Prec@1 62.400 Prec@5 86.323             Loss 1.56825
Epoch [43] Training Class Recall: [0.910,0.862,0.586,0.467,0.378,0.122,0.139,0.051,0.000,0.000]
Epoch [43] Testing Results: Prec@1 44.530 Prec@5 75.090             Loss 1.79702
Epoch [43] Testing Class Recall: [0.948,0.978,0.708,0.432,0.668,0.344,0.271,0.104,0.000,0.000]
Epoch [44] Training Results: Prec@1 62.526 Prec@5 85.670             Loss 1.58159
Epoch [44] Training Class Recall: [0.915,0.865,0.587,0.475,0.380,0.117,0.115,0.030,0.000,0.000]
Epoch [44] Testing Results: Prec@1 38.490 Prec@5 78.160             Loss 1.92294
Epoch [44] Testing Class Recall: [0.975,0.972,0.432,0.365,0.591,0.179,0.312,0.023,0.000,0.000]
Epoch [45] Training Results: Prec@1 62.947 Prec@5 85.732             Loss 1.58993
Epoch [45] Training Class Recall: [0.920,0.869,0.589,0.459,0.391,0.129,0.146,0.044,0.000,0.000]
Epoch [45] Testing Results: Prec@1 36.980 Prec@5 78.950             Loss 1.94591
Epoch [45] Testing Class Recall: [0.958,0.965,0.721,0.216,0.251,0.068,0.480,0.039,0.000,0.000]
Epoch [46] Training Results: Prec@1 62.750 Prec@5 85.634             Loss 1.59898
Epoch [46] Training Class Recall: [0.920,0.863,0.592,0.474,0.354,0.138,0.118,0.060,0.000,0.000]
Epoch [46] Testing Results: Prec@1 39.330 Prec@5 75.770             Loss 1.91362
Epoch [46] Testing Class Recall: [0.955,0.980,0.771,0.291,0.354,0.142,0.304,0.136,0.000,0.000]
Epoch [47] Training Results: Prec@1 62.356 Prec@5 85.670             Loss 1.58667
Epoch [47] Training Class Recall: [0.913,0.867,0.590,0.427,0.396,0.122,0.124,0.048,0.000,0.000]
Epoch [47] Testing Results: Prec@1 43.400 Prec@5 77.390             Loss 1.81329
Epoch [47] Testing Class Recall: [0.932,0.993,0.656,0.699,0.535,0.130,0.358,0.037,0.000,0.000]
Epoch [48] Training Results: Prec@1 63.296 Prec@5 85.670             Loss 1.58089
Epoch [48] Training Class Recall: [0.913,0.870,0.599,0.501,0.399,0.138,0.135,0.037,0.000,0.000]
Epoch [48] Testing Results: Prec@1 46.360 Prec@5 81.530             Loss 1.73478
Epoch [48] Testing Class Recall: [0.954,0.970,0.704,0.614,0.495,0.424,0.339,0.136,0.000,0.000]
Epoch [49] Training Results: Prec@1 62.983 Prec@5 85.831             Loss 1.59991
Epoch [49] Training Class Recall: [0.919,0.870,0.593,0.461,0.369,0.157,0.142,0.039,0.000,0.000]
Epoch [49] Testing Results: Prec@1 44.990 Prec@5 74.140             Loss 1.81764
Epoch [49] Testing Class Recall: [0.955,0.930,0.648,0.566,0.584,0.148,0.639,0.029,0.000,0.000]
Epoch [50] Training Results: Prec@1 63.081 Prec@5 85.858             Loss 1.58736
Epoch [50] Training Class Recall: [0.917,0.866,0.574,0.510,0.397,0.122,0.135,0.051,0.000,0.000]
Epoch [50] Testing Results: Prec@1 42.740 Prec@5 78.410             Loss 1.80775
Epoch [50] Testing Class Recall: [0.980,0.956,0.431,0.490,0.745,0.028,0.511,0.133,0.000,0.000]
Epoch [51] Training Results: Prec@1 63.135 Prec@5 86.413             Loss 1.55429
Epoch [51] Training Class Recall: [0.916,0.864,0.597,0.488,0.384,0.152,0.144,0.042,0.000,0.000]
Epoch [51] Testing Results: Prec@1 49.260 Prec@5 81.920             Loss 1.64587
Epoch [51] Testing Class Recall: [0.853,0.995,0.660,0.674,0.541,0.335,0.471,0.397,0.000,0.000]
Epoch [52] Training Results: Prec@1 63.833 Prec@5 86.350             Loss 1.58670
Epoch [52] Training Class Recall: [0.915,0.868,0.626,0.492,0.415,0.145,0.129,0.067,0.000,0.000]
Epoch [52] Testing Results: Prec@1 49.360 Prec@5 86.130             Loss 1.58368
Epoch [52] Testing Class Recall: [0.963,0.954,0.614,0.664,0.622,0.437,0.328,0.354,0.000,0.000]
Epoch [53] Training Results: Prec@1 63.851 Prec@5 86.502             Loss 1.58166
Epoch [53] Training Class Recall: [0.921,0.866,0.625,0.505,0.393,0.132,0.142,0.051,0.000,0.000]
Epoch [53] Testing Results: Prec@1 50.700 Prec@5 88.850             Loss 1.56888
Epoch [53] Testing Class Recall: [0.864,0.993,0.670,0.629,0.535,0.476,0.466,0.437,0.000,0.000]
Epoch [54] Training Results: Prec@1 63.592 Prec@5 86.458             Loss 1.56758
Epoch [54] Training Class Recall: [0.911,0.862,0.618,0.493,0.395,0.172,0.153,0.074,0.000,0.000]
Epoch [54] Testing Results: Prec@1 47.310 Prec@5 80.180             Loss 1.69092
Epoch [54] Testing Class Recall: [0.876,0.990,0.783,0.628,0.367,0.294,0.579,0.214,0.000,0.000]
Epoch [55] Training Results: Prec@1 64.021 Prec@5 86.046             Loss 1.57426
Epoch [55] Training Class Recall: [0.918,0.871,0.621,0.490,0.415,0.152,0.142,0.079,0.000,0.000]
Epoch [55] Testing Results: Prec@1 45.100 Prec@5 75.870             Loss 1.78275
Epoch [55] Testing Class Recall: [0.943,0.921,0.811,0.414,0.675,0.272,0.273,0.201,0.000,0.000]
Epoch [56] Training Results: Prec@1 64.469 Prec@5 86.216             Loss 1.57489
Epoch [56] Training Class Recall: [0.922,0.866,0.628,0.527,0.411,0.145,0.146,0.095,0.000,0.000]
Epoch [56] Testing Results: Prec@1 49.560 Prec@5 81.110             Loss 1.65772
Epoch [56] Testing Class Recall: [0.880,0.992,0.691,0.416,0.747,0.338,0.694,0.198,0.000,0.000]
Epoch [57] Training Results: Prec@1 64.048 Prec@5 86.807             Loss 1.55466
Epoch [57] Training Class Recall: [0.917,0.868,0.612,0.518,0.382,0.155,0.172,0.090,0.000,0.000]
Epoch [57] Testing Results: Prec@1 46.470 Prec@5 85.780             Loss 1.66910
Epoch [57] Testing Class Recall: [0.969,0.972,0.718,0.420,0.560,0.451,0.427,0.130,0.000,0.000]
Epoch [58] Training Results: Prec@1 64.398 Prec@5 86.744             Loss 1.57166
Epoch [58] Training Class Recall: [0.916,0.868,0.633,0.496,0.416,0.181,0.157,0.095,0.000,0.000]
Epoch [58] Testing Results: Prec@1 46.790 Prec@5 82.310             Loss 1.69021
Epoch [58] Testing Class Recall: [0.943,0.992,0.501,0.678,0.618,0.290,0.529,0.128,0.000,0.000]
Epoch [59] Training Results: Prec@1 64.550 Prec@5 86.261             Loss 1.56045
Epoch [59] Training Class Recall: [0.917,0.872,0.623,0.517,0.411,0.190,0.157,0.083,0.000,0.000]
Epoch [59] Testing Results: Prec@1 51.110 Prec@5 84.020             Loss 1.61287
Epoch [59] Testing Class Recall: [0.943,0.989,0.733,0.654,0.497,0.332,0.580,0.383,0.000,0.000]
Epoch [60] Training Results: Prec@1 63.941 Prec@5 86.762             Loss 1.56520
Epoch [60] Training Class Recall: [0.912,0.863,0.620,0.519,0.407,0.171,0.133,0.085,0.000,0.000]
Epoch [60] Testing Results: Prec@1 46.720 Prec@5 78.200             Loss 1.78060
Epoch [60] Testing Class Recall: [0.911,0.980,0.835,0.556,0.541,0.377,0.206,0.266,0.000,0.000]
Epoch [61] Training Results: Prec@1 64.720 Prec@5 86.538             Loss 1.55331
Epoch [61] Training Class Recall: [0.917,0.865,0.647,0.540,0.404,0.179,0.135,0.088,0.000,0.000]
Epoch [61] Testing Results: Prec@1 50.970 Prec@5 83.780             Loss 1.58180
Epoch [61] Testing Class Recall: [0.927,0.967,0.590,0.813,0.531,0.373,0.503,0.393,0.000,0.000]
Epoch [62] Training Results: Prec@1 64.568 Prec@5 86.906             Loss 1.53636
Epoch [62] Training Class Recall: [0.918,0.868,0.635,0.520,0.401,0.171,0.159,0.092,0.000,0.000]
Epoch [62] Testing Results: Prec@1 51.010 Prec@5 84.790             Loss 1.62362
Epoch [62] Testing Class Recall: [0.905,0.990,0.609,0.625,0.540,0.628,0.343,0.461,0.000,0.000]
Epoch [63] Training Results: Prec@1 64.469 Prec@5 86.619             Loss 1.56256
Epoch [63] Training Class Recall: [0.917,0.867,0.644,0.513,0.381,0.183,0.159,0.090,0.000,0.000]
Epoch [63] Testing Results: Prec@1 44.210 Prec@5 85.570             Loss 1.73628
Epoch [63] Testing Class Recall: [0.992,0.904,0.512,0.607,0.402,0.243,0.497,0.264,0.000,0.000]
Epoch [64] Training Results: Prec@1 64.881 Prec@5 86.816             Loss 1.57805
Epoch [64] Training Class Recall: [0.920,0.870,0.638,0.536,0.393,0.176,0.179,0.090,0.000,0.000]
Epoch [64] Testing Results: Prec@1 49.330 Prec@5 84.970             Loss 1.64300
Epoch [64] Testing Class Recall: [0.958,0.981,0.657,0.654,0.411,0.565,0.294,0.413,0.000,0.000]
Epoch [65] Training Results: Prec@1 65.302 Prec@5 87.291             Loss 1.54982
Epoch [65] Training Class Recall: [0.922,0.873,0.639,0.538,0.419,0.183,0.185,0.102,0.000,0.000]
Epoch [65] Testing Results: Prec@1 49.010 Prec@5 87.660             Loss 1.55600
Epoch [65] Testing Class Recall: [0.960,0.959,0.510,0.817,0.561,0.204,0.392,0.497,0.000,0.001]
Epoch [66] Training Results: Prec@1 65.464 Prec@5 87.273             Loss 1.54943
Epoch [66] Training Class Recall: [0.925,0.866,0.637,0.563,0.434,0.176,0.157,0.115,0.000,0.000]
Epoch [66] Testing Results: Prec@1 44.290 Prec@5 87.760             Loss 1.77419
Epoch [66] Testing Class Recall: [0.950,0.994,0.719,0.560,0.498,0.186,0.391,0.131,0.000,0.000]
Epoch [67] Training Results: Prec@1 64.639 Prec@5 86.789             Loss 1.56289
Epoch [67] Training Class Recall: [0.915,0.873,0.635,0.529,0.403,0.176,0.150,0.097,0.000,0.000]
Epoch [67] Testing Results: Prec@1 46.530 Prec@5 83.420             Loss 1.70720
Epoch [67] Testing Class Recall: [0.973,0.935,0.825,0.463,0.508,0.312,0.524,0.113,0.000,0.000]
Epoch [68] Training Results: Prec@1 65.114 Prec@5 86.897             Loss 1.55211
Epoch [68] Training Class Recall: [0.922,0.876,0.641,0.523,0.424,0.186,0.153,0.088,0.000,0.000]
Epoch [68] Testing Results: Prec@1 51.580 Prec@5 87.980             Loss 1.55466
Epoch [68] Testing Class Recall: [0.957,0.971,0.673,0.533,0.531,0.367,0.628,0.498,0.000,0.000]
Epoch [69] Training Results: Prec@1 65.589 Prec@5 87.049             Loss 1.55213
Epoch [69] Training Class Recall: [0.920,0.867,0.661,0.538,0.438,0.204,0.146,0.125,0.006,0.000]
Epoch [69] Testing Results: Prec@1 46.280 Prec@5 83.330             Loss 1.69782
Epoch [69] Testing Class Recall: [0.886,0.995,0.844,0.661,0.601,0.176,0.370,0.095,0.000,0.000]
Epoch [70] Training Results: Prec@1 65.168 Prec@5 87.004             Loss 1.56437
Epoch [70] Training Class Recall: [0.925,0.868,0.654,0.510,0.407,0.216,0.155,0.097,0.000,0.000]
Epoch [70] Testing Results: Prec@1 50.160 Prec@5 82.550             Loss 1.63176
Epoch [70] Testing Class Recall: [0.978,0.947,0.670,0.658,0.720,0.286,0.401,0.356,0.000,0.000]
Epoch [71] Training Results: Prec@1 65.535 Prec@5 87.318             Loss 1.54046
Epoch [71] Training Class Recall: [0.924,0.868,0.647,0.545,0.428,0.204,0.153,0.118,0.000,0.000]
Epoch [71] Testing Results: Prec@1 54.000 Prec@5 83.670             Loss 1.55777
Epoch [71] Testing Class Recall: [0.930,0.987,0.766,0.482,0.624,0.524,0.585,0.502,0.000,0.000]
Epoch [72] Training Results: Prec@1 65.329 Prec@5 87.318             Loss 1.56424
Epoch [72] Training Class Recall: [0.920,0.871,0.651,0.545,0.396,0.220,0.153,0.099,0.000,0.000]
Epoch [72] Testing Results: Prec@1 52.270 Prec@5 88.310             Loss 1.50553
Epoch [72] Testing Class Recall: [0.948,0.987,0.555,0.723,0.616,0.613,0.212,0.564,0.009,0.000]
Epoch [73] Training Results: Prec@1 65.464 Prec@5 87.506             Loss 1.54422
Epoch [73] Training Class Recall: [0.923,0.874,0.638,0.545,0.434,0.188,0.166,0.102,0.003,0.000]
Epoch [73] Testing Results: Prec@1 47.990 Prec@5 86.850             Loss 1.66469
Epoch [73] Testing Class Recall: [0.984,0.971,0.648,0.492,0.532,0.552,0.292,0.328,0.000,0.000]
Epoch [74] Training Results: Prec@1 65.132 Prec@5 86.923             Loss 1.56363
Epoch [74] Training Class Recall: [0.928,0.875,0.630,0.524,0.414,0.185,0.146,0.099,0.003,0.000]
Epoch [74] Testing Results: Prec@1 53.690 Prec@5 82.080             Loss 1.59958
Epoch [74] Testing Class Recall: [0.942,0.963,0.640,0.658,0.673,0.580,0.444,0.469,0.000,0.000]
Epoch [75] Training Results: Prec@1 65.652 Prec@5 87.094             Loss 1.54225
Epoch [75] Training Class Recall: [0.928,0.868,0.649,0.543,0.419,0.206,0.172,0.104,0.000,0.000]
Epoch [75] Testing Results: Prec@1 44.270 Prec@5 90.940             Loss 1.67037
Epoch [75] Testing Class Recall: [0.987,0.983,0.432,0.579,0.629,0.226,0.367,0.224,0.000,0.000]
Epoch [76] Training Results: Prec@1 65.481 Prec@5 86.762             Loss 1.56110
Epoch [76] Training Class Recall: [0.933,0.867,0.628,0.539,0.422,0.209,0.170,0.092,0.000,0.000]
Epoch [76] Testing Results: Prec@1 40.750 Prec@5 87.510             Loss 1.75128
Epoch [76] Testing Class Recall: [0.991,0.921,0.525,0.525,0.317,0.264,0.203,0.324,0.005,0.000]
Epoch [77] Training Results: Prec@1 65.517 Prec@5 87.300             Loss 1.56492
Epoch [77] Training Class Recall: [0.934,0.878,0.626,0.529,0.408,0.195,0.161,0.122,0.000,0.000]
Epoch [77] Testing Results: Prec@1 44.240 Prec@5 89.930             Loss 1.73328
Epoch [77] Testing Class Recall: [0.996,0.892,0.498,0.491,0.393,0.168,0.589,0.397,0.000,0.000]
Epoch [78] Training Results: Prec@1 65.195 Prec@5 86.906             Loss 1.57762
Epoch [78] Training Class Recall: [0.936,0.870,0.638,0.506,0.399,0.200,0.150,0.095,0.003,0.000]
Epoch [78] Testing Results: Prec@1 50.540 Prec@5 88.550             Loss 1.56402
Epoch [78] Testing Class Recall: [0.953,0.951,0.818,0.511,0.544,0.587,0.349,0.341,0.000,0.000]
Epoch [79] Training Results: Prec@1 66.341 Prec@5 87.201             Loss 1.52141
Epoch [79] Training Class Recall: [0.932,0.874,0.666,0.542,0.441,0.216,0.176,0.111,0.003,0.000]
Epoch [79] Testing Results: Prec@1 51.400 Prec@5 88.790             Loss 1.52428
Epoch [79] Testing Class Recall: [0.965,0.979,0.671,0.722,0.614,0.351,0.385,0.429,0.024,0.000]
Epoch [80] Training Results: Prec@1 66.010 Prec@5 87.103             Loss 1.54960
Epoch [80] Training Class Recall: [0.925,0.875,0.647,0.551,0.439,0.209,0.183,0.113,0.012,0.000]
Epoch [80] Testing Results: Prec@1 51.130 Prec@5 86.530             Loss 1.52268
Epoch [80] Testing Class Recall: [0.960,0.963,0.569,0.722,0.635,0.590,0.164,0.405,0.105,0.000]
Epoch [81] Training Results: Prec@1 66.037 Prec@5 87.470             Loss 1.52391
Epoch [81] Training Class Recall: [0.927,0.874,0.648,0.539,0.465,0.225,0.159,0.106,0.003,0.000]
Epoch [81] Testing Results: Prec@1 50.800 Prec@5 82.490             Loss 1.59564
Epoch [81] Testing Class Recall: [0.893,0.979,0.833,0.707,0.595,0.323,0.412,0.327,0.011,0.000]
Epoch [82] Training Results: Prec@1 65.920 Prec@5 87.461             Loss 1.54869
Epoch [82] Training Class Recall: [0.927,0.869,0.643,0.556,0.439,0.204,0.183,0.106,0.018,0.000]
Epoch [82] Testing Results: Prec@1 49.650 Prec@5 81.960             Loss 1.63262
Epoch [82] Testing Class Recall: [0.980,0.968,0.761,0.559,0.694,0.398,0.325,0.256,0.024,0.000]
Epoch [83] Training Results: Prec@1 66.064 Prec@5 87.112             Loss 1.55554
Epoch [83] Training Class Recall: [0.929,0.868,0.652,0.547,0.435,0.206,0.205,0.111,0.015,0.000]
Epoch [83] Testing Results: Prec@1 47.730 Prec@5 91.540             Loss 1.58759
Epoch [83] Testing Class Recall: [0.988,0.974,0.434,0.597,0.476,0.377,0.394,0.472,0.061,0.000]
Epoch [84] Training Results: Prec@1 66.144 Prec@5 87.318             Loss 1.52397
Epoch [84] Training Class Recall: [0.929,0.871,0.657,0.539,0.461,0.207,0.166,0.111,0.018,0.000]
Epoch [84] Testing Results: Prec@1 52.060 Prec@5 85.190             Loss 1.56991
Epoch [84] Testing Class Recall: [0.938,0.992,0.707,0.697,0.480,0.384,0.365,0.635,0.008,0.000]
Epoch [85] Training Results: Prec@1 66.341 Prec@5 87.703             Loss 1.52824
Epoch [85] Training Class Recall: [0.934,0.875,0.649,0.549,0.435,0.223,0.185,0.109,0.018,0.000]
Epoch [85] Testing Results: Prec@1 50.860 Prec@5 85.750             Loss 1.56895
Epoch [85] Testing Class Recall: [0.849,0.990,0.838,0.680,0.536,0.273,0.581,0.270,0.069,0.000]
Epoch [86] Training Results: Prec@1 65.867 Prec@5 87.559             Loss 1.53979
Epoch [86] Training Class Recall: [0.926,0.866,0.654,0.543,0.432,0.211,0.172,0.129,0.012,0.000]
Epoch [86] Testing Results: Prec@1 41.790 Prec@5 87.080             Loss 1.79444
Epoch [86] Testing Class Recall: [0.990,0.928,0.677,0.500,0.377,0.187,0.340,0.176,0.004,0.000]
Epoch [87] Training Results: Prec@1 65.732 Prec@5 87.425             Loss 1.52877
Epoch [87] Training Class Recall: [0.928,0.867,0.657,0.519,0.435,0.199,0.176,0.115,0.021,0.000]
Epoch [87] Testing Results: Prec@1 53.090 Prec@5 87.860             Loss 1.50997
Epoch [87] Testing Class Recall: [0.965,0.991,0.681,0.707,0.519,0.475,0.516,0.424,0.031,0.000]
Epoch [88] Training Results: Prec@1 66.601 Prec@5 87.640             Loss 1.53556
Epoch [88] Training Class Recall: [0.931,0.880,0.657,0.539,0.453,0.246,0.190,0.099,0.021,0.000]
Epoch [88] Testing Results: Prec@1 54.970 Prec@5 86.500             Loss 1.45003
Epoch [88] Testing Class Recall: [0.889,0.969,0.779,0.589,0.561,0.560,0.644,0.467,0.039,0.000]
Epoch [89] Training Results: Prec@1 66.413 Prec@5 87.810             Loss 1.52126
Epoch [89] Training Class Recall: [0.927,0.872,0.677,0.529,0.443,0.242,0.174,0.120,0.018,0.000]
Epoch [89] Testing Results: Prec@1 48.410 Prec@5 86.290             Loss 1.59167
Epoch [89] Testing Class Recall: [0.981,0.946,0.550,0.672,0.524,0.472,0.152,0.488,0.056,0.000]
Epoch [90] Training Results: Prec@1 66.583 Prec@5 87.998             Loss 1.53151
Epoch [90] Training Class Recall: [0.930,0.878,0.655,0.557,0.459,0.226,0.179,0.113,0.012,0.000]
Epoch [90] Testing Results: Prec@1 45.570 Prec@5 85.560             Loss 1.72343
Epoch [90] Testing Class Recall: [0.988,0.970,0.586,0.222,0.575,0.393,0.231,0.555,0.037,0.000]
Epoch [91] Training Results: Prec@1 66.619 Prec@5 88.079             Loss 1.51952
Epoch [91] Training Class Recall: [0.927,0.872,0.664,0.559,0.445,0.251,0.196,0.102,0.032,0.000]
Epoch [91] Testing Results: Prec@1 51.930 Prec@5 88.430             Loss 1.52092
Epoch [91] Testing Class Recall: [0.966,0.975,0.682,0.698,0.655,0.260,0.354,0.545,0.058,0.000]
Epoch [92] Training Results: Prec@1 66.565 Prec@5 87.873             Loss 1.51119
Epoch [92] Training Class Recall: [0.924,0.875,0.670,0.539,0.447,0.246,0.172,0.150,0.032,0.000]
Epoch [92] Testing Results: Prec@1 56.390 Prec@5 90.880             Loss 1.36517
Epoch [92] Testing Class Recall: [0.961,0.967,0.662,0.387,0.750,0.455,0.810,0.552,0.095,0.000]
Epoch [93] Training Results: Prec@1 67.004 Prec@5 88.374             Loss 1.52109
Epoch [93] Training Class Recall: [0.925,0.874,0.677,0.553,0.470,0.263,0.216,0.099,0.023,0.000]
Epoch [93] Testing Results: Prec@1 51.580 Prec@5 85.020             Loss 1.59410
Epoch [93] Testing Class Recall: [0.947,0.979,0.810,0.534,0.428,0.449,0.685,0.306,0.020,0.000]
Epoch [94] Training Results: Prec@1 66.529 Prec@5 87.971             Loss 1.52295
Epoch [94] Training Class Recall: [0.915,0.872,0.691,0.552,0.455,0.228,0.205,0.102,0.038,0.000]
Epoch [94] Testing Results: Prec@1 45.690 Prec@5 88.630             Loss 1.63042
Epoch [94] Testing Class Recall: [0.991,0.957,0.425,0.536,0.410,0.368,0.711,0.030,0.141,0.000]
Epoch [95] Training Results: Prec@1 67.541 Prec@5 88.159             Loss 1.50786
Epoch [95] Training Class Recall: [0.929,0.881,0.690,0.562,0.477,0.235,0.205,0.136,0.026,0.000]
Epoch [95] Testing Results: Prec@1 55.130 Prec@5 89.530             Loss 1.40882
Epoch [95] Testing Class Recall: [0.956,0.952,0.765,0.493,0.677,0.488,0.703,0.333,0.146,0.000]
Epoch [96] Training Results: Prec@1 67.067 Prec@5 88.177             Loss 1.53734
Epoch [96] Training Class Recall: [0.921,0.874,0.684,0.572,0.473,0.230,0.207,0.127,0.026,0.000]
Epoch [96] Testing Results: Prec@1 48.540 Prec@5 87.500             Loss 1.57720
Epoch [96] Testing Class Recall: [0.980,0.972,0.492,0.642,0.589,0.424,0.225,0.400,0.130,0.000]
Epoch [97] Training Results: Prec@1 67.318 Prec@5 88.285             Loss 1.51391
Epoch [97] Training Class Recall: [0.926,0.873,0.665,0.588,0.474,0.249,0.220,0.136,0.035,0.000]
Epoch [97] Testing Results: Prec@1 53.910 Prec@5 82.580             Loss 1.55361
Epoch [97] Testing Class Recall: [0.929,0.982,0.720,0.516,0.729,0.579,0.669,0.256,0.011,0.000]
Epoch [98] Training Results: Prec@1 67.398 Prec@5 88.330             Loss 1.51474
Epoch [98] Training Class Recall: [0.919,0.879,0.673,0.588,0.465,0.256,0.224,0.145,0.053,0.000]
Epoch [98] Testing Results: Prec@1 56.030 Prec@5 88.720             Loss 1.44981
Epoch [98] Testing Class Recall: [0.973,0.948,0.641,0.541,0.635,0.537,0.530,0.684,0.114,0.000]
Epoch [99] Training Results: Prec@1 67.201 Prec@5 88.670             Loss 1.51992
Epoch [99] Training Class Recall: [0.923,0.876,0.684,0.560,0.462,0.223,0.229,0.136,0.065,0.000]
Epoch [99] Testing Results: Prec@1 53.340 Prec@5 90.060             Loss 1.47024
Epoch [99] Testing Class Recall: [0.959,0.921,0.717,0.734,0.617,0.243,0.581,0.518,0.042,0.002]
Epoch [100] Training Results: Prec@1 67.380 Prec@5 88.554             Loss 1.51556
Epoch [100] Training Class Recall: [0.917,0.875,0.692,0.566,0.489,0.256,0.190,0.150,0.065,0.003]
Epoch [100] Testing Results: Prec@1 48.530 Prec@5 85.950             Loss 1.64025
Epoch [100] Testing Class Recall: [0.974,0.966,0.644,0.555,0.573,0.403,0.490,0.172,0.076,0.000]
Epoch [101] Training Results: Prec@1 67.613 Prec@5 88.777             Loss 1.51531
Epoch [101] Training Class Recall: [0.928,0.877,0.692,0.566,0.461,0.267,0.198,0.136,0.053,0.006]
Epoch [101] Testing Results: Prec@1 47.950 Prec@5 85.790             Loss 1.68024
Epoch [101] Testing Class Recall: [0.991,0.872,0.496,0.539,0.484,0.240,0.678,0.403,0.092,0.000]
Epoch [102] Training Results: Prec@1 67.300 Prec@5 88.536             Loss 1.51045
Epoch [102] Training Class Recall: [0.917,0.872,0.691,0.584,0.480,0.233,0.203,0.139,0.059,0.000]
Epoch [102] Testing Results: Prec@1 54.510 Prec@5 91.200             Loss 1.39444
Epoch [102] Testing Class Recall: [0.933,0.977,0.436,0.754,0.399,0.442,0.742,0.600,0.163,0.005]
Epoch [103] Training Results: Prec@1 67.174 Prec@5 88.464             Loss 1.51741
Epoch [103] Training Class Recall: [0.923,0.878,0.682,0.576,0.422,0.253,0.220,0.139,0.056,0.000]
Epoch [103] Testing Results: Prec@1 56.560 Prec@5 84.300             Loss 1.47313
Epoch [103] Testing Class Recall: [0.949,0.956,0.631,0.682,0.597,0.621,0.614,0.600,0.006,0.000]
Epoch [104] Training Results: Prec@1 67.532 Prec@5 89.279             Loss 1.51700
Epoch [104] Training Class Recall: [0.919,0.876,0.699,0.576,0.476,0.253,0.200,0.155,0.050,0.000]
Epoch [104] Testing Results: Prec@1 49.660 Prec@5 90.630             Loss 1.54905
Epoch [104] Testing Class Recall: [0.993,0.925,0.592,0.494,0.522,0.431,0.512,0.471,0.019,0.007]
Epoch [105] Training Results: Prec@1 68.034 Prec@5 88.742             Loss 1.49884
Epoch [105] Training Class Recall: [0.931,0.876,0.684,0.574,0.491,0.261,0.235,0.145,0.065,0.000]
Epoch [105] Testing Results: Prec@1 49.510 Prec@5 88.920             Loss 1.55487
Epoch [105] Testing Class Recall: [0.926,0.967,0.798,0.737,0.383,0.455,0.282,0.370,0.033,0.000]
Epoch [106] Training Results: Prec@1 67.129 Prec@5 88.876             Loss 1.50928
Epoch [106] Training Class Recall: [0.924,0.872,0.677,0.572,0.459,0.240,0.190,0.152,0.062,0.003]
Epoch [106] Testing Results: Prec@1 54.570 Prec@5 91.710             Loss 1.39680
Epoch [106] Testing Class Recall: [0.941,0.956,0.709,0.726,0.605,0.391,0.480,0.375,0.274,0.000]
Epoch [107] Training Results: Prec@1 67.944 Prec@5 88.939             Loss 1.51996
Epoch [107] Training Class Recall: [0.923,0.876,0.685,0.589,0.469,0.268,0.218,0.169,0.094,0.003]
Epoch [107] Testing Results: Prec@1 50.660 Prec@5 90.170             Loss 1.52120
Epoch [107] Testing Class Recall: [0.974,0.961,0.773,0.344,0.510,0.463,0.666,0.250,0.121,0.004]
Epoch [108] Training Results: Prec@1 67.810 Prec@5 88.983             Loss 1.53730
Epoch [108] Training Class Recall: [0.927,0.880,0.681,0.562,0.485,0.284,0.205,0.159,0.056,0.003]
Epoch [108] Testing Results: Prec@1 53.580 Prec@5 82.110             Loss 1.56392
Epoch [108] Testing Class Recall: [0.897,0.979,0.778,0.426,0.835,0.303,0.645,0.346,0.149,0.000]
Epoch [109] Training Results: Prec@1 67.676 Prec@5 88.733             Loss 1.48865
Epoch [109] Training Class Recall: [0.924,0.870,0.697,0.564,0.482,0.267,0.200,0.178,0.056,0.000]
Epoch [109] Testing Results: Prec@1 50.380 Prec@5 90.700             Loss 1.50147
Epoch [109] Testing Class Recall: [0.980,0.953,0.381,0.732,0.609,0.435,0.269,0.451,0.226,0.002]
Epoch [110] Training Results: Prec@1 68.007 Prec@5 89.566             Loss 1.50854
Epoch [110] Training Class Recall: [0.925,0.872,0.681,0.596,0.469,0.293,0.231,0.166,0.062,0.003]
Epoch [110] Testing Results: Prec@1 53.850 Prec@5 91.550             Loss 1.40808
Epoch [110] Testing Class Recall: [0.929,0.987,0.539,0.764,0.580,0.359,0.614,0.489,0.059,0.065]
Epoch [111] Training Results: Prec@1 67.891 Prec@5 89.324             Loss 1.52626
Epoch [111] Training Class Recall: [0.923,0.879,0.693,0.578,0.476,0.265,0.203,0.169,0.067,0.016]
Epoch [111] Testing Results: Prec@1 53.760 Prec@5 86.260             Loss 1.52545
Epoch [111] Testing Class Recall: [0.938,0.990,0.835,0.540,0.604,0.420,0.461,0.453,0.135,0.000]
Epoch [112] Training Results: Prec@1 67.944 Prec@5 89.288             Loss 1.51314
Epoch [112] Training Class Recall: [0.925,0.876,0.694,0.589,0.477,0.263,0.211,0.152,0.056,0.013]
Epoch [112] Testing Results: Prec@1 49.010 Prec@5 86.500             Loss 1.65671
Epoch [112] Testing Class Recall: [0.969,0.986,0.725,0.547,0.471,0.310,0.498,0.341,0.054,0.000]
Epoch [113] Training Results: Prec@1 68.258 Prec@5 89.145             Loss 1.51683
Epoch [113] Training Class Recall: [0.927,0.879,0.685,0.595,0.507,0.275,0.214,0.145,0.062,0.009]
Epoch [113] Testing Results: Prec@1 50.280 Prec@5 90.330             Loss 1.56079
Epoch [113] Testing Class Recall: [0.963,0.934,0.872,0.577,0.496,0.542,0.249,0.361,0.033,0.001]
Epoch [114] Training Results: Prec@1 68.079 Prec@5 89.154             Loss 1.50460
Epoch [114] Training Class Recall: [0.924,0.875,0.684,0.606,0.491,0.261,0.231,0.141,0.079,0.003]
Epoch [114] Testing Results: Prec@1 48.670 Prec@5 87.560             Loss 1.60806
Epoch [114] Testing Class Recall: [0.960,0.988,0.726,0.591,0.645,0.227,0.326,0.317,0.082,0.005]
Epoch [115] Training Results: Prec@1 67.774 Prec@5 89.288             Loss 1.48865
Epoch [115] Training Class Recall: [0.924,0.874,0.693,0.585,0.482,0.268,0.198,0.120,0.076,0.013]
Epoch [115] Testing Results: Prec@1 51.860 Prec@5 85.590             Loss 1.56388
Epoch [115] Testing Class Recall: [0.777,0.993,0.676,0.735,0.505,0.435,0.701,0.331,0.021,0.012]
Epoch [116] Training Results: Prec@1 68.285 Prec@5 89.431             Loss 1.48271
Epoch [116] Training Class Recall: [0.923,0.880,0.701,0.603,0.477,0.267,0.216,0.164,0.067,0.013]
Epoch [116] Testing Results: Prec@1 52.280 Prec@5 87.010             Loss 1.53009
Epoch [116] Testing Class Recall: [0.936,0.980,0.808,0.631,0.701,0.222,0.399,0.435,0.109,0.007]
Epoch [117] Training Results: Prec@1 68.204 Prec@5 89.601             Loss 1.48950
Epoch [117] Training Class Recall: [0.928,0.872,0.703,0.585,0.491,0.258,0.211,0.169,0.079,0.006]
Epoch [117] Testing Results: Prec@1 50.660 Prec@5 83.740             Loss 1.58703
Epoch [117] Testing Class Recall: [0.978,0.977,0.490,0.633,0.710,0.485,0.409,0.320,0.064,0.000]
Epoch [118] Training Results: Prec@1 68.177 Prec@5 89.637             Loss 1.51058
Epoch [118] Training Class Recall: [0.927,0.874,0.656,0.607,0.511,0.298,0.235,0.159,0.070,0.003]
Epoch [118] Testing Results: Prec@1 52.190 Prec@5 85.190             Loss 1.57523
Epoch [118] Testing Class Recall: [0.975,0.976,0.663,0.275,0.742,0.313,0.693,0.573,0.006,0.003]
Epoch [119] Training Results: Prec@1 68.545 Prec@5 89.816             Loss 1.51060
Epoch [119] Training Class Recall: [0.930,0.876,0.696,0.599,0.496,0.277,0.214,0.178,0.070,0.003]
Epoch [119] Testing Results: Prec@1 56.180 Prec@5 90.680             Loss 1.36489
Epoch [119] Testing Class Recall: [0.957,0.990,0.680,0.641,0.582,0.498,0.603,0.567,0.062,0.038]
Epoch [120] Training Results: Prec@1 68.715 Prec@5 89.646             Loss 1.51466
Epoch [120] Training Class Recall: [0.926,0.882,0.695,0.621,0.489,0.282,0.220,0.159,0.079,0.013]
Epoch [120] Testing Results: Prec@1 50.350 Prec@5 85.510             Loss 1.57129
Epoch [120] Testing Class Recall: [0.897,0.967,0.921,0.582,0.286,0.560,0.468,0.274,0.079,0.001]
Epoch [121] Training Results: Prec@1 68.285 Prec@5 89.646             Loss 1.49478
Epoch [121] Training Class Recall: [0.927,0.872,0.704,0.599,0.468,0.277,0.203,0.178,0.073,0.009]
Epoch [121] Testing Results: Prec@1 51.990 Prec@5 87.080             Loss 1.55228
Epoch [121] Testing Class Recall: [0.976,0.978,0.678,0.444,0.655,0.444,0.670,0.332,0.021,0.001]
Epoch [122] Training Results: Prec@1 68.482 Prec@5 89.915             Loss 1.48890
Epoch [122] Training Class Recall: [0.931,0.876,0.701,0.604,0.486,0.270,0.205,0.162,0.062,0.009]
Epoch [122] Testing Results: Prec@1 52.710 Prec@5 87.270             Loss 1.52796
Epoch [122] Testing Class Recall: [0.845,0.993,0.755,0.566,0.627,0.667,0.377,0.267,0.166,0.008]
Epoch [123] Training Results: Prec@1 68.804 Prec@5 89.915             Loss 1.46787
Epoch [123] Training Class Recall: [0.920,0.880,0.699,0.610,0.518,0.293,0.218,0.164,0.114,0.019]
Epoch [123] Testing Results: Prec@1 50.170 Prec@5 86.740             Loss 1.58610
Epoch [123] Testing Class Recall: [0.972,0.959,0.690,0.604,0.304,0.313,0.727,0.371,0.057,0.020]
Epoch [124] Training Results: Prec@1 68.365 Prec@5 89.476             Loss 1.48064
Epoch [124] Training Class Recall: [0.923,0.874,0.701,0.596,0.491,0.282,0.227,0.159,0.082,0.019]
Epoch [124] Testing Results: Prec@1 54.500 Prec@5 90.050             Loss 1.41609
Epoch [124] Testing Class Recall: [0.930,0.978,0.776,0.440,0.731,0.528,0.273,0.506,0.257,0.031]
Epoch [125] Training Results: Prec@1 69.055 Prec@5 89.969             Loss 1.48657
Epoch [125] Training Class Recall: [0.928,0.876,0.714,0.602,0.492,0.308,0.227,0.178,0.100,0.009]
Epoch [125] Testing Results: Prec@1 49.870 Prec@5 85.450             Loss 1.64885
Epoch [125] Testing Class Recall: [0.975,0.981,0.616,0.536,0.443,0.567,0.541,0.199,0.129,0.000]
Epoch [126] Training Results: Prec@1 68.330 Prec@5 90.175             Loss 1.44302
Epoch [126] Training Class Recall: [0.924,0.876,0.708,0.590,0.501,0.265,0.216,0.157,0.070,0.003]
Epoch [126] Testing Results: Prec@1 53.830 Prec@5 86.890             Loss 1.50032
Epoch [126] Testing Class Recall: [0.941,0.968,0.711,0.577,0.608,0.551,0.620,0.306,0.075,0.026]
Epoch [127] Training Results: Prec@1 67.631 Prec@5 89.619             Loss 1.50005
Epoch [127] Training Class Recall: [0.924,0.882,0.683,0.568,0.469,0.260,0.211,0.150,0.062,0.006]
Epoch [127] Testing Results: Prec@1 54.530 Prec@5 87.990             Loss 1.49891
Epoch [127] Testing Class Recall: [0.954,0.971,0.580,0.741,0.733,0.374,0.593,0.471,0.029,0.007]
Epoch [128] Training Results: Prec@1 68.330 Prec@5 89.619             Loss 1.50034
Epoch [128] Training Class Recall: [0.926,0.873,0.694,0.578,0.518,0.277,0.224,0.169,0.082,0.009]
Epoch [128] Testing Results: Prec@1 56.470 Prec@5 90.410             Loss 1.38310
Epoch [128] Testing Class Recall: [0.959,0.985,0.642,0.612,0.682,0.452,0.667,0.435,0.201,0.012]
Epoch [129] Training Results: Prec@1 68.849 Prec@5 90.219             Loss 1.46636
Epoch [129] Training Class Recall: [0.933,0.877,0.703,0.581,0.507,0.291,0.229,0.173,0.088,0.016]
Epoch [129] Testing Results: Prec@1 47.740 Prec@5 83.470             Loss 1.70766
Epoch [129] Testing Class Recall: [0.971,0.958,0.783,0.408,0.473,0.147,0.666,0.360,0.005,0.003]
Epoch [130] Training Results: Prec@1 69.180 Prec@5 90.336             Loss 1.47177
Epoch [130] Training Class Recall: [0.934,0.879,0.710,0.593,0.516,0.286,0.237,0.159,0.091,0.028]
Epoch [130] Testing Results: Prec@1 50.760 Prec@5 85.040             Loss 1.60593
Epoch [130] Testing Class Recall: [0.961,0.951,0.675,0.750,0.457,0.402,0.359,0.467,0.048,0.006]
Epoch [131] Training Results: Prec@1 69.198 Prec@5 90.363             Loss 1.47712
Epoch [131] Training Class Recall: [0.925,0.882,0.708,0.637,0.497,0.286,0.251,0.171,0.059,0.028]
Epoch [131] Testing Results: Prec@1 54.320 Prec@5 91.680             Loss 1.38473
Epoch [131] Testing Class Recall: [0.971,0.963,0.479,0.670,0.743,0.303,0.531,0.387,0.289,0.096]
Epoch [132] Training Results: Prec@1 68.383 Prec@5 90.605             Loss 1.48769
Epoch [132] Training Class Recall: [0.921,0.877,0.701,0.596,0.499,0.274,0.231,0.169,0.065,0.028]
Epoch [132] Testing Results: Prec@1 54.750 Prec@5 83.360             Loss 1.54415
Epoch [132] Testing Class Recall: [0.942,0.973,0.761,0.602,0.625,0.495,0.670,0.348,0.059,0.000]
Epoch [133] Training Results: Prec@1 69.261 Prec@5 90.927             Loss 1.46207
Epoch [133] Training Class Recall: [0.928,0.879,0.703,0.613,0.524,0.310,0.214,0.194,0.085,0.016]
Epoch [133] Testing Results: Prec@1 55.710 Prec@5 87.020             Loss 1.47861
Epoch [133] Testing Class Recall: [0.934,0.957,0.747,0.755,0.505,0.512,0.519,0.395,0.153,0.094]
Epoch [134] Training Results: Prec@1 68.571 Prec@5 90.381             Loss 1.45505
Epoch [134] Training Class Recall: [0.921,0.871,0.699,0.577,0.501,0.312,0.253,0.185,0.097,0.041]
Epoch [134] Testing Results: Prec@1 56.820 Prec@5 90.430             Loss 1.35098
Epoch [134] Testing Class Recall: [0.928,0.990,0.577,0.632,0.496,0.732,0.485,0.649,0.123,0.070]
Epoch [135] Training Results: Prec@1 69.592 Prec@5 90.327             Loss 1.46433
Epoch [135] Training Class Recall: [0.925,0.880,0.722,0.608,0.516,0.317,0.235,0.206,0.106,0.035]
Epoch [135] Testing Results: Prec@1 58.610 Prec@5 92.350             Loss 1.28400
Epoch [135] Testing Class Recall: [0.921,0.958,0.495,0.754,0.713,0.587,0.706,0.470,0.147,0.110]
Epoch [136] Training Results: Prec@1 69.180 Prec@5 90.882             Loss 1.46672
Epoch [136] Training Class Recall: [0.932,0.875,0.695,0.599,0.503,0.310,0.264,0.176,0.109,0.028]
Epoch [136] Testing Results: Prec@1 51.820 Prec@5 87.380             Loss 1.51529
Epoch [136] Testing Class Recall: [0.957,0.978,0.563,0.693,0.498,0.356,0.761,0.255,0.047,0.074]
Epoch [137] Training Results: Prec@1 69.413 Prec@5 90.551             Loss 1.47283
Epoch [137] Training Class Recall: [0.929,0.879,0.701,0.590,0.520,0.336,0.261,0.180,0.085,0.060]
Epoch [137] Testing Results: Prec@1 50.220 Prec@5 85.890             Loss 1.59210
Epoch [137] Testing Class Recall: [0.951,0.985,0.831,0.535,0.563,0.373,0.407,0.240,0.127,0.010]
Epoch [138] Training Results: Prec@1 69.736 Prec@5 90.882             Loss 1.47885
Epoch [138] Training Class Recall: [0.926,0.885,0.725,0.618,0.520,0.303,0.235,0.182,0.097,0.038]
Epoch [138] Testing Results: Prec@1 57.410 Prec@5 85.920             Loss 1.42978
Epoch [138] Testing Class Recall: [0.904,0.983,0.715,0.631,0.596,0.221,0.699,0.711,0.275,0.006]
Epoch [139] Training Results: Prec@1 69.798 Prec@5 90.837             Loss 1.47367
Epoch [139] Training Class Recall: [0.920,0.881,0.731,0.627,0.501,0.329,0.266,0.206,0.091,0.031]
Epoch [139] Testing Results: Prec@1 48.060 Prec@5 82.240             Loss 1.72150
Epoch [139] Testing Class Recall: [0.950,0.989,0.717,0.422,0.467,0.692,0.418,0.091,0.060,0.000]
Epoch [140] Training Results: Prec@1 69.449 Prec@5 90.784             Loss 1.48746
Epoch [140] Training Class Recall: [0.927,0.882,0.714,0.627,0.515,0.274,0.257,0.194,0.082,0.013]
Epoch [140] Testing Results: Prec@1 58.980 Prec@5 91.590             Loss 1.29593
Epoch [140] Testing Class Recall: [0.965,0.957,0.715,0.526,0.701,0.645,0.602,0.436,0.253,0.098]
Epoch [141] Training Results: Prec@1 69.172 Prec@5 90.972             Loss 1.45831
Epoch [141] Training Class Recall: [0.926,0.879,0.702,0.598,0.503,0.300,0.261,0.194,0.111,0.028]
Epoch [141] Testing Results: Prec@1 54.670 Prec@5 84.890             Loss 1.52248
Epoch [141] Testing Class Recall: [0.852,0.992,0.686,0.704,0.636,0.662,0.407,0.480,0.014,0.034]
Epoch [142] Training Results: Prec@1 69.539 Prec@5 91.043             Loss 1.48540
Epoch [142] Training Class Recall: [0.926,0.880,0.713,0.611,0.515,0.328,0.248,0.169,0.097,0.050]
Epoch [142] Testing Results: Prec@1 57.360 Prec@5 88.410             Loss 1.37852
Epoch [142] Testing Class Recall: [0.942,0.983,0.752,0.692,0.633,0.536,0.528,0.460,0.195,0.015]
Epoch [143] Training Results: Prec@1 69.539 Prec@5 90.981             Loss 1.46810
Epoch [143] Training Class Recall: [0.932,0.882,0.704,0.615,0.509,0.296,0.268,0.178,0.106,0.022]
Epoch [143] Testing Results: Prec@1 51.980 Prec@5 89.280             Loss 1.47757
Epoch [143] Testing Class Recall: [0.893,0.993,0.719,0.785,0.621,0.368,0.342,0.187,0.198,0.092]
Epoch [144] Training Results: Prec@1 69.843 Prec@5 90.918             Loss 1.47099
Epoch [144] Training Class Recall: [0.929,0.884,0.722,0.592,0.523,0.347,0.264,0.185,0.100,0.019]
Epoch [144] Testing Results: Prec@1 53.390 Prec@5 89.660             Loss 1.45927
Epoch [144] Testing Class Recall: [0.964,0.974,0.683,0.574,0.391,0.325,0.525,0.637,0.091,0.175]
Epoch [145] Training Results: Prec@1 69.476 Prec@5 91.276             Loss 1.44643
Epoch [145] Training Class Recall: [0.925,0.882,0.707,0.622,0.532,0.277,0.244,0.201,0.100,0.031]
Epoch [145] Testing Results: Prec@1 51.100 Prec@5 85.790             Loss 1.58470
Epoch [145] Testing Class Recall: [0.963,0.965,0.706,0.664,0.595,0.510,0.233,0.368,0.052,0.054]
Epoch [146] Training Results: Prec@1 69.610 Prec@5 90.963             Loss 1.46752
Epoch [146] Training Class Recall: [0.925,0.878,0.707,0.616,0.518,0.312,0.257,0.215,0.111,0.044]
Epoch [146] Testing Results: Prec@1 53.960 Prec@5 89.270             Loss 1.47602
Epoch [146] Testing Class Recall: [0.976,0.940,0.729,0.435,0.596,0.283,0.666,0.591,0.123,0.057]
Epoch [147] Training Results: Prec@1 69.413 Prec@5 90.640             Loss 1.48552
Epoch [147] Training Class Recall: [0.925,0.878,0.723,0.590,0.518,0.300,0.259,0.199,0.111,0.031]
Epoch [147] Testing Results: Prec@1 49.240 Prec@5 90.760             Loss 1.56874
Epoch [147] Testing Class Recall: [0.990,0.915,0.609,0.453,0.404,0.567,0.431,0.383,0.143,0.029]
Epoch [148] Training Results: Prec@1 69.709 Prec@5 91.500             Loss 1.44044
Epoch [148] Training Class Recall: [0.924,0.880,0.712,0.616,0.519,0.308,0.283,0.203,0.106,0.038]
Epoch [148] Testing Results: Prec@1 45.010 Prec@5 82.020             Loss 1.79327
Epoch [148] Testing Class Recall: [0.912,0.982,0.816,0.422,0.491,0.238,0.369,0.177,0.090,0.004]
Epoch [149] Training Results: Prec@1 69.575 Prec@5 90.936             Loss 1.48030
Epoch [149] Training Class Recall: [0.921,0.876,0.716,0.611,0.538,0.282,0.279,0.201,0.132,0.035]
Epoch [149] Testing Results: Prec@1 55.830 Prec@5 87.720             Loss 1.45206
Epoch [149] Testing Class Recall: [0.879,0.989,0.818,0.517,0.694,0.381,0.607,0.496,0.182,0.020]
Epoch [150] Training Results: Prec@1 70.202 Prec@5 91.688             Loss 1.46602
Epoch [150] Training Class Recall: [0.930,0.880,0.718,0.636,0.511,0.324,0.277,0.219,0.114,0.031]
Epoch [150] Testing Results: Prec@1 54.110 Prec@5 86.910             Loss 1.51366
Epoch [150] Testing Class Recall: [0.967,0.919,0.730,0.377,0.802,0.699,0.421,0.403,0.065,0.028]
Epoch [151] Training Results: Prec@1 70.336 Prec@5 91.482             Loss 1.46339
Epoch [151] Training Class Recall: [0.931,0.887,0.712,0.618,0.520,0.321,0.305,0.212,0.123,0.041]
Epoch [151] Testing Results: Prec@1 53.560 Prec@5 84.300             Loss 1.56490
Epoch [151] Testing Class Recall: [0.952,0.945,0.600,0.697,0.338,0.724,0.473,0.520,0.044,0.063]
Epoch [152] Training Results: Prec@1 70.345 Prec@5 91.187             Loss 1.48320
Epoch [152] Training Class Recall: [0.928,0.884,0.725,0.622,0.512,0.317,0.292,0.229,0.138,0.031]
Epoch [152] Testing Results: Prec@1 56.760 Prec@5 88.360             Loss 1.39953
Epoch [152] Testing Class Recall: [0.949,0.967,0.574,0.768,0.576,0.650,0.552,0.227,0.298,0.115]
Epoch [153] Training Results: Prec@1 69.673 Prec@5 90.855             Loss 1.48775
Epoch [153] Training Class Recall: [0.927,0.876,0.708,0.605,0.538,0.345,0.237,0.194,0.114,0.038]
Epoch [153] Testing Results: Prec@1 54.400 Prec@5 86.550             Loss 1.50135
Epoch [153] Testing Class Recall: [0.954,0.978,0.697,0.605,0.677,0.526,0.678,0.194,0.121,0.010]
Epoch [154] Training Results: Prec@1 69.825 Prec@5 91.491             Loss 1.45975
Epoch [154] Training Class Recall: [0.923,0.880,0.710,0.615,0.534,0.333,0.270,0.217,0.100,0.028]
Epoch [154] Testing Results: Prec@1 51.710 Prec@5 84.260             Loss 1.56892
Epoch [154] Testing Class Recall: [0.934,0.990,0.731,0.552,0.659,0.617,0.233,0.247,0.192,0.016]
Epoch [155] Training Results: Prec@1 70.202 Prec@5 91.267             Loss 1.46346
Epoch [155] Training Class Recall: [0.930,0.884,0.713,0.608,0.527,0.326,0.298,0.212,0.114,0.044]
Epoch [155] Testing Results: Prec@1 55.470 Prec@5 87.300             Loss 1.45114
Epoch [155] Testing Class Recall: [0.935,0.970,0.729,0.709,0.699,0.549,0.575,0.176,0.119,0.086]
Epoch [156] Training Results: Prec@1 69.969 Prec@5 91.160             Loss 1.47403
Epoch [156] Training Class Recall: [0.923,0.883,0.717,0.619,0.532,0.336,0.251,0.224,0.094,0.047]
Epoch [156] Testing Results: Prec@1 46.160 Prec@5 84.730             Loss 1.79925
Epoch [156] Testing Class Recall: [0.980,0.928,0.463,0.665,0.482,0.090,0.470,0.441,0.077,0.020]
Epoch [157] Training Results: Prec@1 70.076 Prec@5 91.652             Loss 1.48903
Epoch [157] Training Class Recall: [0.924,0.883,0.725,0.605,0.535,0.338,0.270,0.219,0.114,0.025]
Epoch [157] Testing Results: Prec@1 53.230 Prec@5 85.470             Loss 1.55059
Epoch [157] Testing Class Recall: [0.952,0.945,0.801,0.417,0.733,0.578,0.470,0.296,0.125,0.006]
Epoch [158] Training Results: Prec@1 69.539 Prec@5 91.079             Loss 1.46988
Epoch [158] Training Class Recall: [0.921,0.877,0.706,0.602,0.541,0.319,0.277,0.201,0.114,0.038]
Epoch [158] Testing Results: Prec@1 53.070 Prec@5 88.990             Loss 1.49538
Epoch [158] Testing Class Recall: [0.885,0.996,0.732,0.481,0.479,0.454,0.512,0.514,0.232,0.022]
Epoch [159] Training Results: Prec@1 70.085 Prec@5 91.473             Loss 1.44085
Epoch [159] Training Class Recall: [0.916,0.885,0.704,0.622,0.535,0.352,0.277,0.247,0.114,0.063]
Epoch [159] Testing Results: Prec@1 52.130 Prec@5 80.800             Loss 1.63123
Epoch [159] Testing Class Recall: [0.933,0.969,0.786,0.497,0.593,0.269,0.557,0.585,0.017,0.007]
Epoch [160] Training Results: Prec@1 71.124 Prec@5 92.145             Loss 1.13530
Epoch [160] Training Class Recall: [0.921,0.891,0.746,0.611,0.573,0.315,0.309,0.282,0.138,0.041]
Epoch [160] Testing Results: Prec@1 57.300 Prec@5 88.590             Loss 1.71689
Epoch [160] Testing Class Recall: [0.936,0.975,0.726,0.574,0.664,0.437,0.628,0.561,0.149,0.080]
Epoch [161] Training Results: Prec@1 71.446 Prec@5 92.656             Loss 1.05352
Epoch [161] Training Class Recall: [0.903,0.888,0.739,0.644,0.601,0.373,0.331,0.291,0.164,0.066]
Epoch [161] Testing Results: Prec@1 61.220 Prec@5 91.140             Loss 1.50903
Epoch [161] Testing Class Recall: [0.917,0.971,0.733,0.578,0.669,0.503,0.667,0.600,0.252,0.232]
Epoch [162] Training Results: Prec@1 71.697 Prec@5 93.032             Loss 1.03767
Epoch [162] Training Class Recall: [0.882,0.882,0.743,0.655,0.604,0.418,0.379,0.312,0.229,0.119]
Epoch [162] Testing Results: Prec@1 64.370 Prec@5 93.080             Loss 1.35901
Epoch [162] Testing Class Recall: [0.879,0.946,0.731,0.624,0.683,0.615,0.643,0.629,0.388,0.299]
Epoch [163] Training Results: Prec@1 71.706 Prec@5 93.336             Loss 1.02956
Epoch [163] Training Class Recall: [0.864,0.878,0.758,0.666,0.619,0.423,0.383,0.321,0.267,0.148]
Epoch [163] Testing Results: Prec@1 64.330 Prec@5 92.550             Loss 1.37880
Epoch [163] Testing Class Recall: [0.875,0.960,0.725,0.580,0.688,0.596,0.725,0.617,0.367,0.300]
Epoch [164] Training Results: Prec@1 71.482 Prec@5 93.238             Loss 1.02359
Epoch [164] Training Class Recall: [0.861,0.870,0.742,0.655,0.611,0.449,0.392,0.365,0.246,0.192]
Epoch [164] Testing Results: Prec@1 65.500 Prec@5 93.500             Loss 1.29610
Epoch [164] Testing Class Recall: [0.846,0.928,0.722,0.619,0.697,0.635,0.717,0.611,0.433,0.342]
Epoch [165] Training Results: Prec@1 71.124 Prec@5 93.453             Loss 1.01803
Epoch [165] Training Class Recall: [0.845,0.867,0.739,0.668,0.611,0.458,0.410,0.349,0.279,0.189]
Epoch [165] Testing Results: Prec@1 66.220 Prec@5 93.830             Loss 1.27318
Epoch [165] Testing Class Recall: [0.831,0.928,0.709,0.627,0.701,0.615,0.736,0.621,0.455,0.399]
Epoch [166] Training Results: Prec@1 71.482 Prec@5 93.354             Loss 0.98968
Epoch [166] Training Class Recall: [0.849,0.860,0.748,0.660,0.624,0.460,0.418,0.376,0.299,0.201]
Epoch [166] Testing Results: Prec@1 67.010 Prec@5 94.130             Loss 1.23154
Epoch [166] Testing Class Recall: [0.831,0.919,0.702,0.630,0.731,0.573,0.759,0.610,0.481,0.465]
Epoch [167] Training Results: Prec@1 71.052 Prec@5 93.193             Loss 0.97783
Epoch [167] Training Class Recall: [0.840,0.861,0.743,0.641,0.612,0.463,0.420,0.402,0.287,0.220]
Epoch [167] Testing Results: Prec@1 66.240 Prec@5 93.930             Loss 1.26336
Epoch [167] Testing Class Recall: [0.822,0.906,0.698,0.623,0.690,0.670,0.705,0.619,0.489,0.402]
Epoch [168] Training Results: Prec@1 70.802 Prec@5 93.300             Loss 1.00307
Epoch [168] Training Class Recall: [0.824,0.857,0.736,0.668,0.627,0.458,0.442,0.393,0.299,0.220]
Epoch [168] Testing Results: Prec@1 66.710 Prec@5 93.920             Loss 1.26229
Epoch [168] Testing Class Recall: [0.823,0.899,0.711,0.614,0.686,0.634,0.750,0.625,0.475,0.454]
Epoch [169] Training Results: Prec@1 71.196 Prec@5 93.560             Loss 0.95887
Epoch [169] Training Class Recall: [0.817,0.857,0.758,0.683,0.618,0.477,0.427,0.406,0.346,0.236]
Epoch [169] Testing Results: Prec@1 67.660 Prec@5 94.810             Loss 1.17588
Epoch [169] Testing Class Recall: [0.768,0.881,0.722,0.632,0.735,0.619,0.766,0.626,0.512,0.505]
Epoch [170] Training Results: Prec@1 71.142 Prec@5 93.659             Loss 0.99181
Epoch [170] Training Class Recall: [0.827,0.854,0.751,0.659,0.623,0.477,0.440,0.413,0.323,0.230]
Epoch [170] Testing Results: Prec@1 66.930 Prec@5 94.330             Loss 1.21355
Epoch [170] Testing Class Recall: [0.825,0.879,0.674,0.595,0.677,0.672,0.756,0.650,0.498,0.467]
Epoch [171] Training Results: Prec@1 70.972 Prec@5 93.175             Loss 0.98417
Epoch [171] Training Class Recall: [0.821,0.849,0.748,0.666,0.628,0.470,0.458,0.416,0.299,0.258]
Epoch [171] Testing Results: Prec@1 66.790 Prec@5 94.300             Loss 1.22660
Epoch [171] Testing Class Recall: [0.785,0.889,0.688,0.609,0.684,0.681,0.701,0.646,0.502,0.494]
Epoch [172] Training Results: Prec@1 71.205 Prec@5 93.623             Loss 0.99184
Epoch [172] Training Class Recall: [0.817,0.856,0.757,0.676,0.615,0.486,0.464,0.393,0.331,0.255]
Epoch [172] Testing Results: Prec@1 66.910 Prec@5 94.170             Loss 1.25429
Epoch [172] Testing Class Recall: [0.828,0.888,0.714,0.614,0.684,0.656,0.734,0.650,0.466,0.457]
Epoch [173] Training Results: Prec@1 70.927 Prec@5 93.426             Loss 0.97152
Epoch [173] Training Class Recall: [0.816,0.856,0.743,0.664,0.618,0.483,0.460,0.420,0.326,0.248]
Epoch [173] Testing Results: Prec@1 67.170 Prec@5 94.710             Loss 1.21014
Epoch [173] Testing Class Recall: [0.775,0.865,0.750,0.633,0.707,0.691,0.695,0.621,0.498,0.482]
Epoch [174] Training Results: Prec@1 71.438 Prec@5 93.524             Loss 0.96247
Epoch [174] Training Class Recall: [0.819,0.855,0.750,0.668,0.622,0.477,0.486,0.436,0.326,0.289]
Epoch [174] Testing Results: Prec@1 66.710 Prec@5 94.140             Loss 1.24810
Epoch [174] Testing Class Recall: [0.819,0.893,0.715,0.619,0.693,0.645,0.730,0.619,0.488,0.450]
Epoch [175] Training Results: Prec@1 71.375 Prec@5 93.327             Loss 0.96963
Epoch [175] Training Class Recall: [0.823,0.860,0.739,0.672,0.627,0.465,0.486,0.416,0.323,0.267]
Epoch [175] Testing Results: Prec@1 66.840 Prec@5 94.460             Loss 1.24151
Epoch [175] Testing Class Recall: [0.819,0.886,0.704,0.623,0.719,0.682,0.701,0.627,0.495,0.428]
Epoch [176] Training Results: Prec@1 71.841 Prec@5 93.283             Loss 0.97089
Epoch [176] Training Class Recall: [0.821,0.864,0.757,0.671,0.649,0.465,0.473,0.397,0.358,0.299]
Epoch [176] Testing Results: Prec@1 67.470 Prec@5 94.670             Loss 1.21092
Epoch [176] Testing Class Recall: [0.800,0.892,0.733,0.605,0.728,0.671,0.739,0.638,0.491,0.450]
Epoch [177] Training Results: Prec@1 71.724 Prec@5 93.668             Loss 0.96120
Epoch [177] Training Class Recall: [0.824,0.855,0.749,0.673,0.634,0.493,0.484,0.423,0.334,0.283]
Epoch [177] Testing Results: Prec@1 66.900 Prec@5 94.570             Loss 1.21378
Epoch [177] Testing Class Recall: [0.773,0.866,0.725,0.597,0.725,0.669,0.750,0.637,0.512,0.436]
Epoch [178] Training Results: Prec@1 71.787 Prec@5 93.578             Loss 0.95787
Epoch [178] Training Class Recall: [0.818,0.863,0.751,0.688,0.645,0.469,0.464,0.439,0.334,0.277]
Epoch [178] Testing Results: Prec@1 67.490 Prec@5 94.840             Loss 1.18271
Epoch [178] Testing Class Recall: [0.743,0.859,0.726,0.638,0.739,0.669,0.701,0.662,0.510,0.502]
Epoch [179] Training Results: Prec@1 71.536 Prec@5 93.480             Loss 0.96028
Epoch [179] Training Class Recall: [0.812,0.843,0.753,0.687,0.646,0.498,0.495,0.439,0.337,0.292]
Epoch [179] Testing Results: Prec@1 66.860 Prec@5 94.240             Loss 1.23245
Epoch [179] Testing Class Recall: [0.788,0.882,0.739,0.584,0.716,0.696,0.710,0.630,0.492,0.449]
Epoch [180] Training Results: Prec@1 71.760 Prec@5 93.542             Loss 0.97713
Epoch [180] Training Class Recall: [0.820,0.848,0.758,0.684,0.627,0.505,0.473,0.425,0.343,0.305]
Epoch [180] Testing Results: Prec@1 66.660 Prec@5 93.960             Loss 1.27292
Epoch [180] Testing Class Recall: [0.816,0.890,0.740,0.617,0.702,0.672,0.680,0.644,0.467,0.438]
Epoch [181] Training Results: Prec@1 71.894 Prec@5 93.811             Loss 0.95978
Epoch [181] Training Class Recall: [0.817,0.853,0.766,0.678,0.634,0.491,0.477,0.443,0.323,0.333]
Epoch [181] Testing Results: Prec@1 67.640 Prec@5 94.530             Loss 1.19091
Epoch [181] Testing Class Recall: [0.796,0.871,0.711,0.643,0.719,0.666,0.686,0.652,0.512,0.508]
Epoch [182] Training Results: Prec@1 72.056 Prec@5 93.399             Loss 0.95359
Epoch [182] Training Class Recall: [0.821,0.855,0.760,0.689,0.618,0.500,0.495,0.446,0.349,0.289]
Epoch [182] Testing Results: Prec@1 67.160 Prec@5 94.550             Loss 1.21185
Epoch [182] Testing Class Recall: [0.798,0.884,0.692,0.652,0.661,0.699,0.730,0.614,0.512,0.474]
Epoch [183] Training Results: Prec@1 72.199 Prec@5 93.802             Loss 0.94933
Epoch [183] Training Class Recall: [0.821,0.852,0.756,0.695,0.634,0.484,0.497,0.448,0.343,0.343]
Epoch [183] Testing Results: Prec@1 67.580 Prec@5 94.430             Loss 1.22961
Epoch [183] Testing Class Recall: [0.807,0.886,0.751,0.623,0.675,0.676,0.735,0.630,0.509,0.466]
Epoch [184] Training Results: Prec@1 72.064 Prec@5 93.551             Loss 0.96318
Epoch [184] Training Class Recall: [0.821,0.850,0.765,0.690,0.631,0.495,0.495,0.443,0.323,0.308]
Epoch [184] Testing Results: Prec@1 66.520 Prec@5 94.030             Loss 1.26174
Epoch [184] Testing Class Recall: [0.821,0.889,0.669,0.623,0.697,0.674,0.711,0.635,0.491,0.442]
Epoch [185] Training Results: Prec@1 71.644 Prec@5 93.363             Loss 0.93330
Epoch [185] Training Class Recall: [0.823,0.850,0.741,0.683,0.623,0.486,0.488,0.436,0.343,0.299]
Epoch [185] Testing Results: Prec@1 67.220 Prec@5 94.380             Loss 1.20247
Epoch [185] Testing Class Recall: [0.769,0.878,0.720,0.622,0.722,0.665,0.712,0.644,0.486,0.504]
Epoch [186] Training Results: Prec@1 72.038 Prec@5 93.533             Loss 0.94152
Epoch [186] Training Class Recall: [0.815,0.848,0.769,0.695,0.639,0.491,0.481,0.443,0.361,0.311]
Epoch [186] Testing Results: Prec@1 67.080 Prec@5 94.660             Loss 1.20658
Epoch [186] Testing Class Recall: [0.773,0.862,0.734,0.623,0.737,0.696,0.697,0.620,0.512,0.454]
Epoch [187] Training Results: Prec@1 71.850 Prec@5 93.695             Loss 0.97461
Epoch [187] Training Class Recall: [0.817,0.854,0.765,0.676,0.635,0.481,0.490,0.457,0.311,0.318]
Epoch [187] Testing Results: Prec@1 67.790 Prec@5 94.670             Loss 1.21046
Epoch [187] Testing Class Recall: [0.809,0.896,0.694,0.626,0.756,0.685,0.716,0.630,0.500,0.467]
Epoch [188] Training Results: Prec@1 71.661 Prec@5 93.336             Loss 0.96023
Epoch [188] Training Class Recall: [0.822,0.850,0.750,0.678,0.635,0.474,0.495,0.439,0.326,0.292]
Epoch [188] Testing Results: Prec@1 67.520 Prec@5 94.650             Loss 1.18831
Epoch [188] Testing Class Recall: [0.767,0.878,0.733,0.611,0.715,0.695,0.726,0.609,0.532,0.486]
Epoch [189] Training Results: Prec@1 71.823 Prec@5 93.641             Loss 0.95434
Epoch [189] Training Class Recall: [0.820,0.854,0.750,0.680,0.634,0.486,0.484,0.453,0.343,0.299]
Epoch [189] Testing Results: Prec@1 67.520 Prec@5 94.550             Loss 1.22052
Epoch [189] Testing Class Recall: [0.783,0.878,0.743,0.615,0.733,0.683,0.694,0.660,0.523,0.440]
Epoch [190] Training Results: Prec@1 72.208 Prec@5 93.444             Loss 0.96760
Epoch [190] Training Class Recall: [0.824,0.858,0.760,0.675,0.628,0.495,0.501,0.460,0.358,0.280]
Epoch [190] Testing Results: Prec@1 67.130 Prec@5 94.400             Loss 1.22377
Epoch [190] Testing Class Recall: [0.810,0.880,0.713,0.640,0.723,0.673,0.700,0.611,0.491,0.472]
Epoch [191] Training Results: Prec@1 72.064 Prec@5 93.381             Loss 0.97860
Epoch [191] Training Class Recall: [0.823,0.850,0.760,0.678,0.638,0.474,0.501,0.439,0.361,0.330]
Epoch [191] Testing Results: Prec@1 67.830 Prec@5 94.830             Loss 1.15429
Epoch [191] Testing Class Recall: [0.780,0.845,0.677,0.629,0.708,0.704,0.721,0.664,0.524,0.531]
Epoch [192] Training Results: Prec@1 72.002 Prec@5 93.659             Loss 0.94640
Epoch [192] Training Class Recall: [0.819,0.857,0.762,0.683,0.632,0.497,0.484,0.450,0.326,0.292]
Epoch [192] Testing Results: Prec@1 67.510 Prec@5 94.540             Loss 1.20295
Epoch [192] Testing Class Recall: [0.793,0.877,0.705,0.640,0.690,0.675,0.745,0.660,0.494,0.472]
Epoch [193] Training Results: Prec@1 71.858 Prec@5 93.533             Loss 0.95980
Epoch [193] Training Class Recall: [0.819,0.853,0.755,0.682,0.628,0.498,0.501,0.443,0.320,0.308]
Epoch [193] Testing Results: Prec@1 67.020 Prec@5 94.360             Loss 1.24900
Epoch [193] Testing Class Recall: [0.809,0.898,0.721,0.603,0.737,0.682,0.712,0.631,0.475,0.434]
Epoch [194] Training Results: Prec@1 72.020 Prec@5 93.784             Loss 0.95606
Epoch [194] Training Class Recall: [0.818,0.854,0.753,0.681,0.643,0.488,0.497,0.455,0.337,0.327]
Epoch [194] Testing Results: Prec@1 67.530 Prec@5 94.540             Loss 1.21483
Epoch [194] Testing Class Recall: [0.799,0.889,0.726,0.642,0.679,0.684,0.741,0.617,0.510,0.466]
Epoch [195] Training Results: Prec@1 72.145 Prec@5 93.560             Loss 0.93956
Epoch [195] Training Class Recall: [0.824,0.848,0.766,0.676,0.634,0.497,0.488,0.448,0.364,0.311]
Epoch [195] Testing Results: Prec@1 67.050 Prec@5 94.440             Loss 1.21214
Epoch [195] Testing Class Recall: [0.763,0.871,0.739,0.588,0.745,0.701,0.697,0.614,0.512,0.475]
Epoch [196] Training Results: Prec@1 72.136 Prec@5 93.533             Loss 0.97319
Epoch [196] Training Class Recall: [0.822,0.861,0.748,0.691,0.634,0.477,0.492,0.450,0.358,0.299]
Epoch [196] Testing Results: Prec@1 67.200 Prec@5 94.210             Loss 1.26213
Epoch [196] Testing Class Recall: [0.817,0.897,0.751,0.589,0.722,0.671,0.711,0.622,0.503,0.437]
Epoch [197] Training Results: Prec@1 72.064 Prec@5 93.623             Loss 0.96346
Epoch [197] Training Class Recall: [0.820,0.850,0.765,0.690,0.639,0.462,0.497,0.443,0.364,0.314]
Epoch [197] Testing Results: Prec@1 67.470 Prec@5 94.690             Loss 1.20676
Epoch [197] Testing Class Recall: [0.792,0.871,0.745,0.610,0.714,0.699,0.726,0.622,0.511,0.457]
Epoch [198] Training Results: Prec@1 71.993 Prec@5 93.390             Loss 0.95471
Epoch [198] Training Class Recall: [0.816,0.857,0.774,0.675,0.616,0.500,0.495,0.464,0.326,0.299]
Epoch [198] Testing Results: Prec@1 67.300 Prec@5 94.510             Loss 1.21949
Epoch [198] Testing Class Recall: [0.788,0.862,0.744,0.641,0.679,0.681,0.722,0.651,0.512,0.450]
Epoch [199] Training Results: Prec@1 71.966 Prec@5 93.596             Loss 0.96172
Epoch [199] Training Class Recall: [0.817,0.854,0.760,0.680,0.628,0.500,0.497,0.446,0.340,0.314]
Epoch [199] Testing Results: Prec@1 67.380 Prec@5 94.500             Loss 1.22767
Epoch [199] Testing Class Recall: [0.806,0.887,0.712,0.620,0.742,0.669,0.719,0.636,0.495,0.452]
