Log file: cifar10_noisy_random0.3_erm_exp0.01_seed42_20260428_160011.log
Run started: 2026-04-28 16:00:11.737313
Dataset: cifar10_noisy
Imbalance type: exp, factor: 0.01
Selection method: random, ratio: 0.3
Strategy: ERM, epochs: 200
Seed: 42, rand_number: 0
Augmentation: weak
Noise ratio: 0.25
============================================================

=> Preparing logger and tensorboard writer !
----------------------------------------------------
Class ID   | Original   | Selected   | Keep %  
----------------------------------------------------
0          | 3977       | 1192       |    30.0%
1          | 2507       | 735        |    29.3%
2          | 1609       | 472        |    29.3%
3          | 1118       | 362        |    32.4%
4          | 825        | 257        |    31.2%
5          | 636        | 205        |    32.2%
6          | 509        | 153        |    30.1%
7          | 479        | 138        |    28.8%
8          | 391        | 110        |    28.1%
9          | 355        | 97         |    27.3%
----------------------------------------------------
TOTAL      | 12406      | 3721       |    30.0%
----------------------------------------------------
Epoch [0] Training Results: Prec@1 31.148 Prec@5 76.592             Loss 2.11960
Epoch [0] Training Class Recall: [0.641,0.347,0.161,0.122,0.078,0.000,0.000,0.000,0.000,0.000]
Epoch [0] Testing Results: Prec@1 18.630 Prec@5 55.780             Loss 2.75024
Epoch [0] Testing Class Recall: [0.793,0.390,0.680,0.000,0.000,0.000,0.000,0.000,0.000,0.000]
Epoch [1] Training Results: Prec@1 35.716 Prec@5 77.533             Loss 2.05816
Epoch [1] Training Class Recall: [0.677,0.460,0.231,0.144,0.089,0.000,0.000,0.000,0.000,0.000]
Epoch [1] Testing Results: Prec@1 18.290 Prec@5 61.470             Loss 2.64384
Epoch [1] Testing Class Recall: [0.904,0.201,0.016,0.292,0.416,0.000,0.000,0.000,0.000,0.000]
Epoch [2] Training Results: Prec@1 39.237 Prec@5 79.790             Loss 1.89290
Epoch [2] Training Class Recall: [0.701,0.551,0.301,0.155,0.086,0.000,0.000,0.000,0.000,0.000]
Epoch [2] Testing Results: Prec@1 18.580 Prec@5 73.030             Loss 2.80215
Epoch [2] Testing Class Recall: [0.347,0.978,0.533,0.000,0.000,0.000,0.000,0.000,0.000,0.000]
Epoch [3] Training Results: Prec@1 38.672 Prec@5 80.032             Loss 1.91589
Epoch [3] Training Class Recall: [0.695,0.561,0.299,0.105,0.070,0.005,0.000,0.000,0.000,0.000]
Epoch [3] Testing Results: Prec@1 18.700 Prec@5 58.940             Loss 2.83461
Epoch [3] Testing Class Recall: [0.104,0.811,0.864,0.091,0.000,0.000,0.000,0.000,0.000,0.000]
Epoch [4] Training Results: Prec@1 39.989 Prec@5 80.274             Loss 1.85672
Epoch [4] Training Class Recall: [0.711,0.618,0.373,0.030,0.000,0.000,0.000,0.000,0.000,0.000]
Epoch [4] Testing Results: Prec@1 22.210 Prec@5 61.640             Loss 2.36041
Epoch [4] Testing Class Recall: [0.806,0.792,0.510,0.113,0.000,0.000,0.000,0.000,0.000,0.000]
Epoch [5] Training Results: Prec@1 43.752 Prec@5 82.263             Loss 1.77674
Epoch [5] Training Class Recall: [0.762,0.668,0.354,0.171,0.000,0.000,0.000,0.000,0.000,0.000]
Epoch [5] Testing Results: Prec@1 21.080 Prec@5 63.480             Loss 2.37748
Epoch [5] Testing Class Recall: [0.782,0.637,0.689,0.000,0.000,0.000,0.000,0.000,0.000,0.000]
Epoch [6] Training Results: Prec@1 44.961 Prec@5 82.666             Loss 1.74011
Epoch [6] Training Class Recall: [0.763,0.717,0.411,0.102,0.019,0.000,0.000,0.000,0.000,0.000]
Epoch [6] Testing Results: Prec@1 21.290 Prec@5 61.960             Loss 2.36562
Epoch [6] Testing Class Recall: [0.906,0.518,0.588,0.117,0.000,0.000,0.000,0.000,0.000,0.000]
Epoch [7] Training Results: Prec@1 45.472 Prec@5 82.343             Loss 1.74517
Epoch [7] Training Class Recall: [0.778,0.682,0.413,0.191,0.000,0.000,0.000,0.000,0.000,0.000]
Epoch [7] Testing Results: Prec@1 22.150 Prec@5 65.620             Loss 2.32303
Epoch [7] Testing Class Recall: [0.771,0.921,0.448,0.075,0.000,0.000,0.000,0.000,0.000,0.000]
Epoch [8] Training Results: Prec@1 45.364 Prec@5 82.666             Loss 1.73017
Epoch [8] Training Class Recall: [0.793,0.618,0.470,0.185,0.000,0.000,0.000,0.000,0.000,0.000]
Epoch [8] Testing Results: Prec@1 23.110 Prec@5 66.740             Loss 2.31257
Epoch [8] Testing Class Recall: [0.877,0.694,0.523,0.217,0.000,0.000,0.000,0.000,0.000,0.000]
Epoch [9] Training Results: Prec@1 47.675 Prec@5 83.338             Loss 1.70586
Epoch [9] Training Class Recall: [0.831,0.694,0.369,0.276,0.000,0.000,0.000,0.000,0.000,0.000]
Epoch [9] Testing Results: Prec@1 22.890 Prec@5 65.690             Loss 2.36761
Epoch [9] Testing Class Recall: [0.919,0.544,0.542,0.284,0.000,0.000,0.000,0.000,0.000,0.000]
Epoch [10] Training Results: Prec@1 48.965 Prec@5 83.284             Loss 1.68001
Epoch [10] Training Class Recall: [0.857,0.705,0.445,0.199,0.000,0.000,0.000,0.000,0.000,0.000]
Epoch [10] Testing Results: Prec@1 25.030 Prec@5 72.920             Loss 2.21032
Epoch [10] Testing Class Recall: [0.786,0.877,0.644,0.196,0.000,0.000,0.000,0.000,0.000,0.000]
Epoch [11] Training Results: Prec@1 48.455 Prec@5 82.854             Loss 1.67214
Epoch [11] Training Class Recall: [0.809,0.756,0.388,0.276,0.000,0.000,0.000,0.000,0.000,0.000]
Epoch [11] Testing Results: Prec@1 23.250 Prec@5 65.020             Loss 2.27052
Epoch [11] Testing Class Recall: [0.914,0.583,0.606,0.222,0.000,0.000,0.000,0.000,0.000,0.000]
Epoch [12] Training Results: Prec@1 49.691 Prec@5 83.580             Loss 1.64978
Epoch [12] Training Class Recall: [0.852,0.722,0.388,0.329,0.000,0.000,0.000,0.000,0.000,0.000]
Epoch [12] Testing Results: Prec@1 25.080 Prec@5 66.540             Loss 2.25238
Epoch [12] Testing Class Recall: [0.843,0.881,0.473,0.311,0.000,0.000,0.000,0.000,0.000,0.000]
Epoch [13] Training Results: Prec@1 49.449 Prec@5 83.822             Loss 1.65154
Epoch [13] Training Class Recall: [0.826,0.744,0.398,0.285,0.066,0.000,0.000,0.000,0.000,0.000]
Epoch [13] Testing Results: Prec@1 22.550 Prec@5 68.690             Loss 2.33491
Epoch [13] Testing Class Recall: [0.931,0.526,0.595,0.203,0.000,0.000,0.000,0.000,0.000,0.000]
Epoch [14] Training Results: Prec@1 49.610 Prec@5 83.983             Loss 1.63968
Epoch [14] Training Class Recall: [0.857,0.714,0.388,0.323,0.000,0.000,0.000,0.000,0.000,0.000]
Epoch [14] Testing Results: Prec@1 25.510 Prec@5 74.680             Loss 2.14536
Epoch [14] Testing Class Recall: [0.882,0.891,0.579,0.199,0.000,0.000,0.000,0.000,0.000,0.000]
Epoch [15] Training Results: Prec@1 50.497 Prec@5 83.607             Loss 1.61939
Epoch [15] Training Class Recall: [0.855,0.751,0.413,0.312,0.000,0.000,0.000,0.000,0.000,0.000]
Epoch [15] Testing Results: Prec@1 23.100 Prec@5 65.840             Loss 2.36433
Epoch [15] Testing Class Recall: [0.895,0.613,0.713,0.089,0.000,0.000,0.000,0.000,0.000,0.000]
Epoch [16] Training Results: Prec@1 48.374 Prec@5 82.988             Loss 1.67598
Epoch [16] Training Class Recall: [0.834,0.693,0.428,0.262,0.000,0.000,0.000,0.000,0.000,0.000]
Epoch [16] Testing Results: Prec@1 24.220 Prec@5 69.730             Loss 2.28513
Epoch [16] Testing Class Recall: [0.805,0.941,0.435,0.208,0.033,0.000,0.000,0.000,0.000,0.000]
Epoch [17] Training Results: Prec@1 48.293 Prec@5 82.666             Loss 1.67499
Epoch [17] Training Class Recall: [0.827,0.702,0.362,0.243,0.136,0.005,0.000,0.000,0.000,0.000]
Epoch [17] Testing Results: Prec@1 26.030 Prec@5 63.790             Loss 2.30641
Epoch [17] Testing Class Recall: [0.925,0.687,0.291,0.700,0.000,0.000,0.000,0.000,0.000,0.000]
Epoch [18] Training Results: Prec@1 49.637 Prec@5 84.144             Loss 1.62740
Epoch [18] Training Class Recall: [0.846,0.748,0.360,0.315,0.016,0.000,0.000,0.000,0.000,0.000]
Epoch [18] Testing Results: Prec@1 25.790 Prec@5 66.930             Loss 2.23985
Epoch [18] Testing Class Recall: [0.806,0.860,0.290,0.623,0.000,0.000,0.000,0.000,0.000,0.000]
Epoch [19] Training Results: Prec@1 49.422 Prec@5 83.150             Loss 1.64102
Epoch [19] Training Class Recall: [0.860,0.709,0.377,0.318,0.000,0.000,0.000,0.000,0.000,0.000]
Epoch [19] Testing Results: Prec@1 25.740 Prec@5 69.450             Loss 2.23051
Epoch [19] Testing Class Recall: [0.892,0.730,0.612,0.340,0.000,0.000,0.000,0.000,0.000,0.000]
Epoch [20] Training Results: Prec@1 51.572 Prec@5 84.305             Loss 1.59051
Epoch [20] Training Class Recall: [0.862,0.763,0.470,0.301,0.000,0.000,0.000,0.000,0.000,0.000]
Epoch [20] Testing Results: Prec@1 26.260 Prec@5 68.870             Loss 2.18369
Epoch [20] Testing Class Recall: [0.809,0.764,0.570,0.482,0.001,0.000,0.000,0.000,0.000,0.000]
Epoch [21] Training Results: Prec@1 51.895 Prec@5 84.144             Loss 1.59284
Epoch [21] Training Class Recall: [0.867,0.773,0.358,0.395,0.066,0.000,0.000,0.000,0.000,0.000]
Epoch [21] Testing Results: Prec@1 28.050 Prec@5 71.480             Loss 2.14507
Epoch [21] Testing Class Recall: [0.801,0.866,0.689,0.449,0.000,0.000,0.000,0.000,0.000,0.000]
Epoch [22] Training Results: Prec@1 51.626 Prec@5 83.983             Loss 1.60186
Epoch [22] Training Class Recall: [0.848,0.776,0.451,0.351,0.000,0.000,0.000,0.000,0.000,0.000]
Epoch [22] Testing Results: Prec@1 25.430 Prec@5 68.560             Loss 2.20898
Epoch [22] Testing Class Recall: [0.892,0.667,0.644,0.340,0.000,0.000,0.000,0.000,0.000,0.000]
Epoch [23] Training Results: Prec@1 51.814 Prec@5 84.278             Loss 1.59944
Epoch [23] Training Class Recall: [0.867,0.782,0.407,0.348,0.004,0.000,0.000,0.000,0.000,0.000]
Epoch [23] Testing Results: Prec@1 24.510 Prec@5 69.450             Loss 2.26484
Epoch [23] Testing Class Recall: [0.898,0.482,0.635,0.436,0.000,0.000,0.000,0.000,0.000,0.000]
Epoch [24] Training Results: Prec@1 52.110 Prec@5 84.816             Loss 1.58545
Epoch [24] Training Class Recall: [0.870,0.761,0.430,0.384,0.004,0.000,0.000,0.000,0.000,0.000]
Epoch [24] Testing Results: Prec@1 24.170 Prec@5 71.180             Loss 2.30506
Epoch [24] Testing Class Recall: [0.917,0.651,0.660,0.189,0.000,0.000,0.000,0.000,0.000,0.000]
Epoch [25] Training Results: Prec@1 53.588 Prec@5 84.897             Loss 1.55817
Epoch [25] Training Class Recall: [0.882,0.790,0.458,0.398,0.008,0.000,0.000,0.000,0.000,0.000]
Epoch [25] Testing Results: Prec@1 28.180 Prec@5 71.980             Loss 2.13360
Epoch [25] Testing Class Recall: [0.886,0.825,0.462,0.504,0.141,0.000,0.000,0.000,0.000,0.000]
Epoch [26] Training Results: Prec@1 53.480 Prec@5 84.977             Loss 1.55281
Epoch [26] Training Class Recall: [0.873,0.785,0.447,0.425,0.027,0.000,0.000,0.000,0.000,0.000]
Epoch [26] Testing Results: Prec@1 27.900 Prec@5 71.610             Loss 2.19437
Epoch [26] Testing Class Recall: [0.925,0.830,0.588,0.392,0.055,0.000,0.000,0.000,0.000,0.000]
Epoch [27] Training Results: Prec@1 52.271 Prec@5 84.601             Loss 1.58564
Epoch [27] Training Class Recall: [0.870,0.784,0.411,0.373,0.012,0.000,0.000,0.000,0.000,0.000]
Epoch [27] Testing Results: Prec@1 25.890 Prec@5 71.760             Loss 2.14518
Epoch [27] Testing Class Recall: [0.853,0.714,0.632,0.377,0.013,0.000,0.000,0.000,0.000,0.000]
Epoch [28] Training Results: Prec@1 53.319 Prec@5 85.246             Loss 1.56698
Epoch [28] Training Class Recall: [0.868,0.774,0.483,0.414,0.008,0.000,0.000,0.000,0.000,0.000]
Epoch [28] Testing Results: Prec@1 27.340 Prec@5 74.880             Loss 2.18179
Epoch [28] Testing Class Recall: [0.831,0.927,0.492,0.477,0.007,0.000,0.000,0.000,0.000,0.000]
Epoch [29] Training Results: Prec@1 52.808 Prec@5 85.461             Loss 1.57173
Epoch [29] Training Class Recall: [0.874,0.761,0.483,0.365,0.016,0.000,0.000,0.000,0.000,0.000]
Epoch [29] Testing Results: Prec@1 27.890 Prec@5 73.340             Loss 2.12439
Epoch [29] Testing Class Recall: [0.897,0.773,0.430,0.672,0.017,0.000,0.000,0.000,0.000,0.000]
Epoch [30] Training Results: Prec@1 53.722 Prec@5 84.816             Loss 1.55406
Epoch [30] Training Class Recall: [0.860,0.822,0.462,0.420,0.000,0.000,0.000,0.000,0.000,0.000]
Epoch [30] Testing Results: Prec@1 29.120 Prec@5 70.330             Loss 2.12059
Epoch [30] Testing Class Recall: [0.908,0.838,0.403,0.664,0.099,0.000,0.000,0.000,0.000,0.000]
Epoch [31] Training Results: Prec@1 51.895 Prec@5 85.246             Loss 1.56883
Epoch [31] Training Class Recall: [0.863,0.780,0.400,0.376,0.016,0.000,0.000,0.000,0.000,0.000]
Epoch [31] Testing Results: Prec@1 28.290 Prec@5 73.320             Loss 2.16676
Epoch [31] Testing Class Recall: [0.905,0.666,0.401,0.533,0.324,0.000,0.000,0.000,0.000,0.000]
Epoch [32] Training Results: Prec@1 53.131 Prec@5 84.950             Loss 1.55813
Epoch [32] Training Class Recall: [0.875,0.774,0.498,0.340,0.027,0.000,0.000,0.000,0.000,0.000]
Epoch [32] Testing Results: Prec@1 29.140 Prec@5 71.630             Loss 2.13788
Epoch [32] Testing Class Recall: [0.847,0.913,0.470,0.489,0.195,0.000,0.000,0.000,0.000,0.000]
Epoch [33] Training Results: Prec@1 53.749 Prec@5 85.165             Loss 1.53855
Epoch [33] Training Class Recall: [0.878,0.810,0.422,0.412,0.043,0.000,0.000,0.000,0.000,0.000]
Epoch [33] Testing Results: Prec@1 27.860 Prec@5 75.680             Loss 2.15451
Epoch [33] Testing Class Recall: [0.889,0.888,0.448,0.482,0.079,0.000,0.000,0.000,0.000,0.000]
Epoch [34] Training Results: Prec@1 53.023 Prec@5 85.972             Loss 1.54277
Epoch [34] Training Class Recall: [0.886,0.788,0.407,0.326,0.105,0.005,0.000,0.000,0.000,0.000]
Epoch [34] Testing Results: Prec@1 27.970 Prec@5 73.090             Loss 2.10551
Epoch [34] Testing Class Recall: [0.696,0.953,0.454,0.661,0.020,0.013,0.000,0.000,0.000,0.000]
Epoch [35] Training Results: Prec@1 53.830 Prec@5 85.542             Loss 1.53022
Epoch [35] Training Class Recall: [0.879,0.816,0.409,0.406,0.058,0.000,0.000,0.000,0.000,0.000]
Epoch [35] Testing Results: Prec@1 25.570 Prec@5 71.860             Loss 2.20878
Epoch [35] Testing Class Recall: [0.957,0.560,0.479,0.546,0.010,0.005,0.000,0.000,0.000,0.000]
Epoch [36] Training Results: Prec@1 54.233 Prec@5 85.515             Loss 1.52670
Epoch [36] Training Class Recall: [0.878,0.812,0.468,0.392,0.039,0.005,0.000,0.000,0.000,0.000]
Epoch [36] Testing Results: Prec@1 28.660 Prec@5 72.580             Loss 2.12411
Epoch [36] Testing Class Recall: [0.894,0.875,0.405,0.678,0.011,0.003,0.000,0.000,0.000,0.000]
Epoch [37] Training Results: Prec@1 54.233 Prec@5 86.079             Loss 1.50376
Epoch [37] Training Class Recall: [0.885,0.812,0.449,0.356,0.054,0.054,0.000,0.000,0.000,0.000]
Epoch [37] Testing Results: Prec@1 27.860 Prec@5 73.630             Loss 2.19273
Epoch [37] Testing Class Recall: [0.913,0.751,0.476,0.632,0.014,0.000,0.000,0.000,0.000,0.000]
Epoch [38] Training Results: Prec@1 54.125 Prec@5 85.757             Loss 1.51124
Epoch [38] Training Class Recall: [0.867,0.796,0.468,0.456,0.035,0.000,0.000,0.000,0.000,0.000]
Epoch [38] Testing Results: Prec@1 29.010 Prec@5 75.430             Loss 2.14169
Epoch [38] Testing Class Recall: [0.914,0.842,0.455,0.550,0.140,0.000,0.000,0.000,0.000,0.000]
Epoch [39] Training Results: Prec@1 54.663 Prec@5 86.563             Loss 1.49987
Epoch [39] Training Class Recall: [0.873,0.812,0.479,0.417,0.074,0.000,0.000,0.000,0.000,0.000]
Epoch [39] Testing Results: Prec@1 29.000 Prec@5 72.150             Loss 2.18345
Epoch [39] Testing Class Recall: [0.813,0.874,0.337,0.672,0.204,0.000,0.000,0.000,0.000,0.000]
Epoch [40] Training Results: Prec@1 54.501 Prec@5 86.240             Loss 1.49707
Epoch [40] Training Class Recall: [0.866,0.815,0.439,0.481,0.062,0.000,0.000,0.000,0.000,0.000]
Epoch [40] Testing Results: Prec@1 25.710 Prec@5 74.950             Loss 2.21780
Epoch [40] Testing Class Recall: [0.961,0.756,0.470,0.372,0.012,0.000,0.000,0.000,0.000,0.000]
Epoch [41] Training Results: Prec@1 54.313 Prec@5 86.106             Loss 1.51208
Epoch [41] Training Class Recall: [0.902,0.788,0.415,0.445,0.039,0.000,0.000,0.000,0.000,0.000]
Epoch [41] Testing Results: Prec@1 27.970 Prec@5 72.050             Loss 2.11919
Epoch [41] Testing Class Recall: [0.905,0.748,0.683,0.402,0.019,0.040,0.000,0.000,0.000,0.000]
Epoch [42] Training Results: Prec@1 55.899 Prec@5 86.670             Loss 1.48377
Epoch [42] Training Class Recall: [0.883,0.822,0.466,0.470,0.113,0.020,0.000,0.000,0.000,0.000]
Epoch [42] Testing Results: Prec@1 29.610 Prec@5 76.710             Loss 2.14913
Epoch [42] Testing Class Recall: [0.867,0.916,0.429,0.719,0.029,0.001,0.000,0.000,0.000,0.000]
Epoch [43] Training Results: Prec@1 55.818 Prec@5 86.617             Loss 1.48226
Epoch [43] Training Class Recall: [0.884,0.829,0.468,0.464,0.078,0.024,0.000,0.000,0.000,0.000]
Epoch [43] Testing Results: Prec@1 27.950 Prec@5 75.360             Loss 2.21543
Epoch [43] Testing Class Recall: [0.960,0.750,0.244,0.265,0.521,0.055,0.000,0.000,0.000,0.000]
Epoch [44] Training Results: Prec@1 55.361 Prec@5 86.805             Loss 1.48665
Epoch [44] Training Class Recall: [0.892,0.831,0.417,0.414,0.128,0.029,0.000,0.000,0.000,0.000]
Epoch [44] Testing Results: Prec@1 28.980 Prec@5 73.860             Loss 2.15449
Epoch [44] Testing Class Recall: [0.890,0.745,0.671,0.424,0.108,0.060,0.000,0.000,0.000,0.000]
Epoch [45] Training Results: Prec@1 55.845 Prec@5 86.832             Loss 1.48197
Epoch [45] Training Class Recall: [0.884,0.814,0.504,0.459,0.082,0.005,0.000,0.000,0.000,0.000]
Epoch [45] Testing Results: Prec@1 32.480 Prec@5 78.280             Loss 1.96504
Epoch [45] Testing Class Recall: [0.862,0.882,0.512,0.584,0.365,0.026,0.017,0.000,0.000,0.000]
Epoch [46] Training Results: Prec@1 55.872 Prec@5 87.154             Loss 1.45893
Epoch [46] Training Class Recall: [0.894,0.823,0.451,0.412,0.152,0.034,0.000,0.000,0.000,0.000]
Epoch [46] Testing Results: Prec@1 25.840 Prec@5 72.150             Loss 2.33716
Epoch [46] Testing Class Recall: [0.700,0.898,0.552,0.318,0.060,0.007,0.046,0.003,0.000,0.000]
Epoch [47] Training Results: Prec@1 54.985 Prec@5 87.127             Loss 1.48808
Epoch [47] Training Class Recall: [0.888,0.793,0.504,0.412,0.054,0.010,0.007,0.000,0.000,0.000]
Epoch [47] Testing Results: Prec@1 29.340 Prec@5 74.060             Loss 2.12111
Epoch [47] Testing Class Recall: [0.875,0.834,0.652,0.463,0.067,0.042,0.001,0.000,0.000,0.000]
Epoch [48] Training Results: Prec@1 57.162 Prec@5 87.987             Loss 1.44584
Epoch [48] Training Class Recall: [0.900,0.834,0.513,0.456,0.093,0.049,0.000,0.000,0.000,0.000]
Epoch [48] Testing Results: Prec@1 30.530 Prec@5 74.720             Loss 2.23568
Epoch [48] Testing Class Recall: [0.754,0.912,0.694,0.544,0.147,0.002,0.000,0.000,0.000,0.000]
Epoch [49] Training Results: Prec@1 54.797 Prec@5 87.154             Loss 1.48432
Epoch [49] Training Class Recall: [0.867,0.829,0.477,0.420,0.070,0.010,0.000,0.000,0.000,0.000]
Epoch [49] Testing Results: Prec@1 33.650 Prec@5 75.930             Loss 2.00998
Epoch [49] Testing Class Recall: [0.789,0.948,0.259,0.470,0.584,0.313,0.000,0.000,0.000,0.002]
Epoch [50] Training Results: Prec@1 57.726 Prec@5 87.933             Loss 1.42610
Epoch [50] Training Class Recall: [0.890,0.841,0.504,0.506,0.140,0.059,0.000,0.000,0.000,0.000]
Epoch [50] Testing Results: Prec@1 29.390 Prec@5 74.450             Loss 2.28919
Epoch [50] Testing Class Recall: [0.899,0.924,0.498,0.436,0.123,0.054,0.005,0.000,0.000,0.000]
Epoch [51] Training Results: Prec@1 56.732 Prec@5 87.396             Loss 1.44649
Epoch [51] Training Class Recall: [0.892,0.838,0.485,0.450,0.097,0.049,0.033,0.000,0.000,0.000]
Epoch [51] Testing Results: Prec@1 29.980 Prec@5 77.940             Loss 2.16355
Epoch [51] Testing Class Recall: [0.887,0.910,0.506,0.583,0.062,0.049,0.001,0.000,0.000,0.000]
Epoch [52] Training Results: Prec@1 57.646 Prec@5 87.665             Loss 1.41873
Epoch [52] Training Class Recall: [0.889,0.841,0.513,0.445,0.171,0.093,0.007,0.000,0.000,0.000]
Epoch [52] Testing Results: Prec@1 29.580 Prec@5 79.020             Loss 2.09208
Epoch [52] Testing Class Recall: [0.858,0.932,0.368,0.598,0.161,0.002,0.038,0.001,0.000,0.000]
Epoch [53] Training Results: Prec@1 57.162 Prec@5 88.363             Loss 1.42333
Epoch [53] Training Class Recall: [0.896,0.842,0.487,0.459,0.121,0.063,0.000,0.000,0.000,0.000]
Epoch [53] Testing Results: Prec@1 26.590 Prec@5 73.070             Loss 2.34891
Epoch [53] Testing Class Recall: [0.679,0.557,0.793,0.562,0.038,0.029,0.000,0.001,0.000,0.000]
Epoch [54] Training Results: Prec@1 56.410 Prec@5 87.799             Loss 1.44346
Epoch [54] Training Class Recall: [0.878,0.808,0.506,0.453,0.167,0.063,0.000,0.000,0.000,0.000]
Epoch [54] Testing Results: Prec@1 29.180 Prec@5 72.920             Loss 2.22019
Epoch [54] Testing Class Recall: [0.824,0.897,0.549,0.364,0.276,0.002,0.006,0.000,0.000,0.000]
Epoch [55] Training Results: Prec@1 56.813 Prec@5 87.853             Loss 1.43950
Epoch [55] Training Class Recall: [0.890,0.823,0.515,0.439,0.152,0.034,0.000,0.000,0.000,0.000]
Epoch [55] Testing Results: Prec@1 33.790 Prec@5 75.880             Loss 2.02036
Epoch [55] Testing Class Recall: [0.860,0.745,0.390,0.580,0.503,0.294,0.001,0.006,0.000,0.000]
Epoch [56] Training Results: Prec@1 57.592 Prec@5 88.310             Loss 1.40526
Epoch [56] Training Class Recall: [0.898,0.848,0.492,0.409,0.175,0.122,0.000,0.000,0.000,0.000]
Epoch [56] Testing Results: Prec@1 31.870 Prec@5 78.410             Loss 2.05434
Epoch [56] Testing Class Recall: [0.840,0.720,0.624,0.638,0.229,0.128,0.002,0.006,0.000,0.000]
Epoch [57] Training Results: Prec@1 58.506 Prec@5 88.740             Loss 1.39181
Epoch [57] Training Class Recall: [0.883,0.853,0.532,0.472,0.237,0.068,0.007,0.000,0.000,0.000]
Epoch [57] Testing Results: Prec@1 28.230 Prec@5 72.650             Loss 2.34267
Epoch [57] Testing Class Recall: [0.899,0.794,0.358,0.500,0.095,0.151,0.026,0.000,0.000,0.000]
Epoch [58] Training Results: Prec@1 57.592 Prec@5 88.740             Loss 1.40342
Epoch [58] Training Class Recall: [0.882,0.859,0.496,0.470,0.163,0.068,0.007,0.000,0.000,0.000]
Epoch [58] Testing Results: Prec@1 29.880 Prec@5 75.810             Loss 2.19427
Epoch [58] Testing Class Recall: [0.894,0.600,0.664,0.449,0.310,0.030,0.036,0.005,0.000,0.000]
Epoch [59] Training Results: Prec@1 56.705 Prec@5 87.503             Loss 1.42617
Epoch [59] Training Class Recall: [0.880,0.801,0.540,0.425,0.152,0.112,0.007,0.000,0.000,0.000]
Epoch [59] Testing Results: Prec@1 29.480 Prec@5 75.660             Loss 2.19617
Epoch [59] Testing Class Recall: [0.915,0.834,0.642,0.192,0.201,0.136,0.000,0.028,0.000,0.000]
Epoch [60] Training Results: Prec@1 56.974 Prec@5 88.363             Loss 1.42036
Epoch [60] Training Class Recall: [0.909,0.829,0.483,0.384,0.191,0.059,0.000,0.000,0.000,0.000]
Epoch [60] Testing Results: Prec@1 34.140 Prec@5 77.740             Loss 2.05151
Epoch [60] Testing Class Recall: [0.916,0.888,0.376,0.528,0.248,0.227,0.231,0.000,0.000,0.000]
Epoch [61] Training Results: Prec@1 58.586 Prec@5 89.223             Loss 1.37321
Epoch [61] Training Class Recall: [0.900,0.854,0.511,0.470,0.163,0.122,0.007,0.000,0.000,0.000]
Epoch [61] Testing Results: Prec@1 33.420 Prec@5 79.630             Loss 2.01339
Epoch [61] Testing Class Recall: [0.877,0.827,0.328,0.684,0.319,0.300,0.004,0.003,0.000,0.000]
Epoch [62] Training Results: Prec@1 57.995 Prec@5 89.600             Loss 1.37652
Epoch [62] Training Class Recall: [0.892,0.845,0.519,0.428,0.195,0.117,0.000,0.000,0.000,0.000]
Epoch [62] Testing Results: Prec@1 32.100 Prec@5 77.900             Loss 2.06829
Epoch [62] Testing Class Recall: [0.846,0.905,0.442,0.328,0.614,0.059,0.011,0.003,0.000,0.002]
Epoch [63] Training Results: Prec@1 59.312 Prec@5 89.895             Loss 1.34465
Epoch [63] Training Class Recall: [0.889,0.857,0.561,0.448,0.245,0.107,0.026,0.007,0.000,0.000]
Epoch [63] Testing Results: Prec@1 33.970 Prec@5 75.910             Loss 2.03345
Epoch [63] Testing Class Recall: [0.849,0.856,0.649,0.490,0.403,0.068,0.080,0.000,0.000,0.002]
Epoch [64] Training Results: Prec@1 58.210 Prec@5 89.385             Loss 1.36775
Epoch [64] Training Class Recall: [0.886,0.831,0.540,0.453,0.202,0.098,0.052,0.000,0.000,0.000]
Epoch [64] Testing Results: Prec@1 31.930 Prec@5 77.570             Loss 2.21098
Epoch [64] Testing Class Recall: [0.617,0.925,0.718,0.507,0.066,0.274,0.082,0.004,0.000,0.000]
Epoch [65] Training Results: Prec@1 59.930 Prec@5 90.406             Loss 1.33994
Epoch [65] Training Class Recall: [0.892,0.865,0.549,0.522,0.218,0.093,0.052,0.000,0.000,0.000]
Epoch [65] Testing Results: Prec@1 28.530 Prec@5 80.970             Loss 2.18497
Epoch [65] Testing Class Recall: [0.965,0.610,0.501,0.487,0.112,0.166,0.005,0.005,0.000,0.002]
Epoch [66] Training Results: Prec@1 59.742 Prec@5 90.648             Loss 1.33217
Epoch [66] Training Class Recall: [0.894,0.849,0.542,0.497,0.272,0.117,0.020,0.000,0.000,0.000]
Epoch [66] Testing Results: Prec@1 32.780 Prec@5 78.610             Loss 2.26001
Epoch [66] Testing Class Recall: [0.943,0.884,0.444,0.230,0.483,0.210,0.073,0.011,0.000,0.000]
Epoch [67] Training Results: Prec@1 59.500 Prec@5 90.030             Loss 1.35034
Epoch [67] Training Class Recall: [0.892,0.852,0.551,0.448,0.284,0.107,0.052,0.000,0.000,0.000]
Epoch [67] Testing Results: Prec@1 31.090 Prec@5 77.260             Loss 2.13766
Epoch [67] Testing Class Recall: [0.872,0.906,0.467,0.243,0.493,0.096,0.004,0.027,0.000,0.001]
Epoch [68] Training Results: Prec@1 58.882 Prec@5 90.056             Loss 1.33802
Epoch [68] Training Class Recall: [0.901,0.842,0.519,0.425,0.253,0.151,0.020,0.000,0.000,0.000]
Epoch [68] Testing Results: Prec@1 30.070 Prec@5 74.730             Loss 2.27870
Epoch [68] Testing Class Recall: [0.955,0.767,0.199,0.370,0.499,0.198,0.002,0.008,0.000,0.009]
Epoch [69] Training Results: Prec@1 59.661 Prec@5 90.863             Loss 1.33863
Epoch [69] Training Class Recall: [0.895,0.833,0.542,0.508,0.272,0.137,0.007,0.014,0.000,0.000]
Epoch [69] Testing Results: Prec@1 32.640 Prec@5 74.350             Loss 2.20981
Epoch [69] Testing Class Recall: [0.796,0.855,0.637,0.295,0.484,0.192,0.004,0.000,0.000,0.001]
Epoch [70] Training Results: Prec@1 60.871 Prec@5 90.943             Loss 1.30813
Epoch [70] Training Class Recall: [0.905,0.837,0.597,0.472,0.304,0.180,0.020,0.000,0.000,0.000]
Epoch [70] Testing Results: Prec@1 31.690 Prec@5 75.280             Loss 2.21366
Epoch [70] Testing Class Recall: [0.899,0.488,0.316,0.500,0.476,0.465,0.024,0.001,0.000,0.000]
Epoch [71] Training Results: Prec@1 59.742 Prec@5 90.540             Loss 1.33306
Epoch [71] Training Class Recall: [0.894,0.849,0.498,0.494,0.327,0.156,0.013,0.000,0.000,0.010]
Epoch [71] Testing Results: Prec@1 34.490 Prec@5 75.970             Loss 2.11528
Epoch [71] Testing Class Recall: [0.839,0.921,0.485,0.181,0.374,0.628,0.011,0.010,0.000,0.000]
Epoch [72] Training Results: Prec@1 59.715 Prec@5 90.594             Loss 1.33187
Epoch [72] Training Class Recall: [0.888,0.850,0.570,0.453,0.261,0.156,0.020,0.014,0.000,0.010]
Epoch [72] Testing Results: Prec@1 34.620 Prec@5 78.340             Loss 2.09464
Epoch [72] Testing Class Recall: [0.844,0.876,0.739,0.259,0.330,0.199,0.207,0.008,0.000,0.000]
Epoch [73] Training Results: Prec@1 61.650 Prec@5 90.863             Loss 1.28010
Epoch [73] Training Class Recall: [0.899,0.850,0.585,0.519,0.335,0.195,0.046,0.000,0.000,0.000]
Epoch [73] Testing Results: Prec@1 32.830 Prec@5 78.500             Loss 2.25960
Epoch [73] Testing Class Recall: [0.930,0.902,0.469,0.141,0.263,0.559,0.013,0.006,0.000,0.000]
Epoch [74] Training Results: Prec@1 59.903 Prec@5 90.325             Loss 1.30991
Epoch [74] Training Class Recall: [0.893,0.871,0.570,0.453,0.226,0.151,0.013,0.000,0.000,0.000]
Epoch [74] Testing Results: Prec@1 31.490 Prec@5 77.960             Loss 2.15984
Epoch [74] Testing Class Recall: [0.903,0.833,0.657,0.311,0.067,0.146,0.230,0.001,0.000,0.001]
Epoch [75] Training Results: Prec@1 62.026 Prec@5 91.884             Loss 1.24784
Epoch [75] Training Class Recall: [0.907,0.884,0.583,0.489,0.331,0.151,0.026,0.036,0.000,0.000]
Epoch [75] Testing Results: Prec@1 33.590 Prec@5 77.250             Loss 2.22856
Epoch [75] Testing Class Recall: [0.848,0.885,0.388,0.445,0.639,0.051,0.075,0.028,0.000,0.000]
Epoch [76] Training Results: Prec@1 61.973 Prec@5 91.615             Loss 1.26056
Epoch [76] Training Class Recall: [0.893,0.880,0.614,0.467,0.331,0.220,0.020,0.007,0.000,0.010]
Epoch [76] Testing Results: Prec@1 34.820 Prec@5 77.450             Loss 2.18028
Epoch [76] Testing Class Recall: [0.925,0.753,0.368,0.393,0.462,0.455,0.111,0.015,0.000,0.000]
Epoch [77] Training Results: Prec@1 60.844 Prec@5 91.078             Loss 1.30382
Epoch [77] Training Class Recall: [0.908,0.807,0.566,0.533,0.323,0.190,0.039,0.007,0.000,0.000]
Epoch [77] Testing Results: Prec@1 31.790 Prec@5 77.460             Loss 2.18500
Epoch [77] Testing Class Recall: [0.714,0.739,0.702,0.604,0.179,0.107,0.006,0.126,0.000,0.002]
Epoch [78] Training Results: Prec@1 61.435 Prec@5 91.024             Loss 1.28396
Epoch [78] Training Class Recall: [0.900,0.853,0.602,0.489,0.319,0.132,0.059,0.043,0.000,0.010]
Epoch [78] Testing Results: Prec@1 34.180 Prec@5 76.070             Loss 2.27184
Epoch [78] Testing Class Recall: [0.920,0.732,0.412,0.433,0.300,0.491,0.034,0.094,0.000,0.002]
Epoch [79] Training Results: Prec@1 62.564 Prec@5 92.206             Loss 1.24828
Epoch [79] Training Class Recall: [0.909,0.835,0.597,0.533,0.366,0.229,0.046,0.043,0.000,0.010]
Epoch [79] Testing Results: Prec@1 34.220 Prec@5 77.770             Loss 2.16476
Epoch [79] Testing Class Recall: [0.876,0.857,0.469,0.314,0.472,0.042,0.336,0.055,0.000,0.001]
Epoch [80] Training Results: Prec@1 62.376 Prec@5 92.314             Loss 1.23424
Epoch [80] Training Class Recall: [0.901,0.850,0.633,0.483,0.346,0.215,0.033,0.058,0.000,0.021]
Epoch [80] Testing Results: Prec@1 35.300 Prec@5 81.080             Loss 2.03460
Epoch [80] Testing Class Recall: [0.776,0.888,0.536,0.510,0.346,0.364,0.074,0.023,0.001,0.012]
Epoch [81] Training Results: Prec@1 61.166 Prec@5 91.454             Loss 1.29714
Epoch [81] Training Class Recall: [0.885,0.863,0.557,0.503,0.335,0.229,0.039,0.022,0.000,0.000]
Epoch [81] Testing Results: Prec@1 33.840 Prec@5 77.490             Loss 2.19210
Epoch [81] Testing Class Recall: [0.774,0.901,0.422,0.424,0.497,0.102,0.047,0.203,0.000,0.014]
Epoch [82] Training Results: Prec@1 62.376 Prec@5 92.475             Loss 1.22286
Epoch [82] Training Class Recall: [0.906,0.871,0.570,0.514,0.323,0.215,0.098,0.029,0.000,0.000]
Epoch [82] Testing Results: Prec@1 33.420 Prec@5 79.100             Loss 2.28627
Epoch [82] Testing Class Recall: [0.927,0.858,0.397,0.543,0.194,0.335,0.040,0.048,0.000,0.000]
Epoch [83] Training Results: Prec@1 63.666 Prec@5 92.825             Loss 1.17578
Epoch [83] Training Class Recall: [0.903,0.883,0.625,0.506,0.393,0.224,0.078,0.029,0.000,0.031]
Epoch [83] Testing Results: Prec@1 34.790 Prec@5 80.430             Loss 2.05480
Epoch [83] Testing Class Recall: [0.771,0.787,0.413,0.707,0.376,0.309,0.096,0.008,0.001,0.011]
Epoch [84] Training Results: Prec@1 62.456 Prec@5 92.502             Loss 1.22379
Epoch [84] Training Class Recall: [0.896,0.850,0.587,0.528,0.350,0.268,0.072,0.029,0.000,0.031]
Epoch [84] Testing Results: Prec@1 29.460 Prec@5 75.540             Loss 2.38971
Epoch [84] Testing Class Recall: [0.968,0.636,0.468,0.212,0.146,0.443,0.053,0.020,0.000,0.000]
Epoch [85] Training Results: Prec@1 62.322 Prec@5 92.798             Loss 1.21289
Epoch [85] Training Class Recall: [0.909,0.853,0.576,0.539,0.300,0.215,0.085,0.029,0.000,0.041]
Epoch [85] Testing Results: Prec@1 31.530 Prec@5 76.410             Loss 2.41163
Epoch [85] Testing Class Recall: [0.908,0.799,0.315,0.086,0.659,0.077,0.297,0.009,0.000,0.003]
Epoch [86] Training Results: Prec@1 63.424 Prec@5 92.502             Loss 1.19760
Epoch [86] Training Class Recall: [0.900,0.869,0.619,0.506,0.381,0.254,0.092,0.036,0.000,0.041]
Epoch [86] Testing Results: Prec@1 34.220 Prec@5 78.340             Loss 2.16613
Epoch [86] Testing Class Recall: [0.896,0.606,0.453,0.495,0.404,0.338,0.128,0.010,0.002,0.090]
Epoch [87] Training Results: Prec@1 62.618 Prec@5 92.583             Loss 1.20666
Epoch [87] Training Class Recall: [0.898,0.841,0.629,0.503,0.346,0.278,0.072,0.022,0.000,0.021]
Epoch [87] Testing Results: Prec@1 33.550 Prec@5 78.870             Loss 2.21725
Epoch [87] Testing Class Recall: [0.860,0.863,0.286,0.256,0.181,0.665,0.083,0.151,0.000,0.010]
Epoch [88] Training Results: Prec@1 63.908 Prec@5 92.663             Loss 1.21525
Epoch [88] Training Class Recall: [0.904,0.867,0.619,0.558,0.319,0.239,0.144,0.094,0.009,0.021]
Epoch [88] Testing Results: Prec@1 33.290 Prec@5 81.050             Loss 2.26430
Epoch [88] Testing Class Recall: [0.920,0.748,0.672,0.454,0.180,0.156,0.139,0.035,0.000,0.025]
Epoch [89] Training Results: Prec@1 64.929 Prec@5 93.308             Loss 1.15775
Epoch [89] Training Class Recall: [0.915,0.872,0.669,0.511,0.393,0.268,0.085,0.058,0.000,0.062]
Epoch [89] Testing Results: Prec@1 32.470 Prec@5 75.270             Loss 2.67993
Epoch [89] Testing Class Recall: [0.441,0.855,0.372,0.832,0.366,0.270,0.086,0.020,0.001,0.004]
Epoch [90] Training Results: Prec@1 63.585 Prec@5 93.093             Loss 1.16747
Epoch [90] Training Class Recall: [0.885,0.867,0.614,0.569,0.366,0.273,0.111,0.051,0.000,0.041]
Epoch [90] Testing Results: Prec@1 31.740 Prec@5 74.860             Loss 2.91852
Epoch [90] Testing Class Recall: [0.935,0.786,0.291,0.196,0.585,0.058,0.309,0.014,0.000,0.000]
Epoch [91] Training Results: Prec@1 63.612 Prec@5 93.308             Loss 1.16935
Epoch [91] Training Class Recall: [0.903,0.865,0.602,0.539,0.377,0.224,0.131,0.072,0.000,0.031]
Epoch [91] Testing Results: Prec@1 33.250 Prec@5 76.090             Loss 2.40460
Epoch [91] Testing Class Recall: [0.831,0.832,0.340,0.700,0.362,0.016,0.182,0.007,0.000,0.055]
Epoch [92] Training Results: Prec@1 63.854 Prec@5 93.631             Loss 1.15112
Epoch [92] Training Class Recall: [0.892,0.875,0.617,0.470,0.455,0.268,0.131,0.043,0.000,0.113]
Epoch [92] Testing Results: Prec@1 23.400 Prec@5 68.160             Loss 3.03263
Epoch [92] Testing Class Recall: [0.915,0.635,0.475,0.039,0.221,0.030,0.007,0.017,0.000,0.001]
Epoch [93] Training Results: Prec@1 61.489 Prec@5 92.341             Loss 1.24738
Epoch [93] Training Class Recall: [0.885,0.845,0.583,0.486,0.385,0.229,0.059,0.029,0.000,0.021]
Epoch [93] Testing Results: Prec@1 34.740 Prec@5 74.340             Loss 2.42703
Epoch [93] Testing Class Recall: [0.811,0.849,0.400,0.748,0.340,0.266,0.024,0.035,0.001,0.000]
Epoch [94] Training Results: Prec@1 65.386 Prec@5 93.980             Loss 1.13112
Epoch [94] Training Class Recall: [0.914,0.863,0.610,0.594,0.444,0.312,0.105,0.036,0.009,0.072]
Epoch [94] Testing Results: Prec@1 26.200 Prec@5 70.830             Loss 2.94650
Epoch [94] Testing Class Recall: [0.951,0.173,0.447,0.449,0.415,0.137,0.002,0.046,0.000,0.000]
Epoch [95] Training Results: Prec@1 63.881 Prec@5 93.873             Loss 1.13292
Epoch [95] Training Class Recall: [0.892,0.837,0.653,0.522,0.424,0.307,0.065,0.109,0.000,0.052]
Epoch [95] Testing Results: Prec@1 33.200 Prec@5 77.420             Loss 2.35472
Epoch [95] Testing Class Recall: [0.651,0.830,0.449,0.698,0.199,0.311,0.051,0.107,0.011,0.013]
Epoch [96] Training Results: Prec@1 64.660 Prec@5 93.980             Loss 1.12331
Epoch [96] Training Class Recall: [0.890,0.859,0.638,0.555,0.455,0.322,0.078,0.080,0.009,0.052]
Epoch [96] Testing Results: Prec@1 31.760 Prec@5 75.780             Loss 2.55237
Epoch [96] Testing Class Recall: [0.834,0.922,0.614,0.228,0.188,0.159,0.165,0.051,0.003,0.012]
Epoch [97] Training Results: Prec@1 66.273 Prec@5 94.813             Loss 1.06415
Epoch [97] Training Class Recall: [0.900,0.878,0.646,0.572,0.486,0.337,0.137,0.094,0.018,0.062]
Epoch [97] Testing Results: Prec@1 31.760 Prec@5 75.780             Loss 2.79830
Epoch [97] Testing Class Recall: [0.629,0.932,0.660,0.638,0.113,0.064,0.097,0.029,0.007,0.007]
Epoch [98] Training Results: Prec@1 66.246 Prec@5 94.625             Loss 1.08033
Epoch [98] Training Class Recall: [0.888,0.868,0.665,0.594,0.479,0.337,0.183,0.094,0.009,0.062]
Epoch [98] Testing Results: Prec@1 33.910 Prec@5 73.970             Loss 2.62250
Epoch [98] Testing Class Recall: [0.838,0.839,0.333,0.532,0.477,0.146,0.211,0.004,0.002,0.009]
Epoch [99] Training Results: Prec@1 66.622 Prec@5 94.598             Loss 1.07320
Epoch [99] Training Class Recall: [0.896,0.878,0.680,0.541,0.521,0.332,0.111,0.123,0.027,0.103]
Epoch [99] Testing Results: Prec@1 31.050 Prec@5 72.640             Loss 2.84059
Epoch [99] Testing Class Recall: [0.837,0.582,0.313,0.811,0.473,0.007,0.073,0.004,0.004,0.001]
Epoch [100] Training Results: Prec@1 65.628 Prec@5 94.249             Loss 1.11733
Epoch [100] Training Class Recall: [0.898,0.873,0.655,0.552,0.455,0.293,0.144,0.109,0.027,0.041]
Epoch [100] Testing Results: Prec@1 34.020 Prec@5 74.230             Loss 2.49391
Epoch [100] Testing Class Recall: [0.788,0.610,0.551,0.204,0.423,0.650,0.022,0.154,0.000,0.000]
Epoch [101] Training Results: Prec@1 64.902 Prec@5 94.249             Loss 1.12572
Epoch [101] Training Class Recall: [0.885,0.873,0.648,0.566,0.397,0.312,0.131,0.072,0.036,0.072]
Epoch [101] Testing Results: Prec@1 35.680 Prec@5 77.750             Loss 2.60279
Epoch [101] Testing Class Recall: [0.659,0.955,0.566,0.397,0.362,0.439,0.137,0.044,0.005,0.004]
Epoch [102] Training Results: Prec@1 67.643 Prec@5 95.028             Loss 1.02221
Epoch [102] Training Class Recall: [0.894,0.875,0.729,0.583,0.447,0.341,0.222,0.145,0.018,0.124]
Epoch [102] Testing Results: Prec@1 33.270 Prec@5 75.730             Loss 2.67415
Epoch [102] Testing Class Recall: [0.916,0.559,0.452,0.321,0.341,0.336,0.019,0.377,0.000,0.006]
Epoch [103] Training Results: Prec@1 66.756 Prec@5 94.571             Loss 1.06535
Epoch [103] Training Class Recall: [0.909,0.860,0.661,0.558,0.463,0.337,0.196,0.116,0.045,0.165]
Epoch [103] Testing Results: Prec@1 30.960 Prec@5 72.490             Loss 3.23552
Epoch [103] Testing Class Recall: [0.936,0.693,0.360,0.573,0.432,0.077,0.007,0.015,0.000,0.003]
Epoch [104] Training Results: Prec@1 70.465 Prec@5 95.700             Loss 0.94435
Epoch [104] Training Class Recall: [0.918,0.890,0.729,0.649,0.498,0.376,0.235,0.188,0.064,0.216]
Epoch [104] Testing Results: Prec@1 33.830 Prec@5 76.340             Loss 2.74447
Epoch [104] Testing Class Recall: [0.649,0.785,0.739,0.418,0.277,0.331,0.119,0.057,0.003,0.005]
Epoch [105] Training Results: Prec@1 66.622 Prec@5 94.544             Loss 1.07811
Epoch [105] Training Class Recall: [0.893,0.875,0.676,0.555,0.471,0.337,0.196,0.130,0.064,0.072]
Epoch [105] Testing Results: Prec@1 28.450 Prec@5 74.840             Loss 2.87466
Epoch [105] Testing Class Recall: [0.704,0.552,0.759,0.368,0.244,0.147,0.038,0.009,0.006,0.018]
Epoch [106] Training Results: Prec@1 63.424 Prec@5 93.926             Loss 1.16431
Epoch [106] Training Class Recall: [0.882,0.818,0.619,0.541,0.385,0.356,0.105,0.123,0.018,0.134]
Epoch [106] Testing Results: Prec@1 26.640 Prec@5 72.490             Loss 2.77888
Epoch [106] Testing Class Recall: [0.927,0.701,0.430,0.308,0.051,0.127,0.090,0.026,0.002,0.002]
Epoch [107] Training Results: Prec@1 67.804 Prec@5 95.727             Loss 1.00242
Epoch [107] Training Class Recall: [0.894,0.859,0.701,0.644,0.451,0.356,0.209,0.152,0.045,0.155]
Epoch [107] Testing Results: Prec@1 34.120 Prec@5 77.340             Loss 2.60632
Epoch [107] Testing Class Recall: [0.764,0.539,0.187,0.352,0.622,0.593,0.109,0.192,0.000,0.054]
Epoch [108] Training Results: Prec@1 67.992 Prec@5 95.351             Loss 1.01225
Epoch [108] Training Class Recall: [0.903,0.876,0.674,0.602,0.486,0.376,0.176,0.203,0.018,0.155]
Epoch [108] Testing Results: Prec@1 32.520 Prec@5 75.390             Loss 2.47388
Epoch [108] Testing Class Recall: [0.883,0.766,0.364,0.468,0.232,0.091,0.314,0.096,0.014,0.024]
Epoch [109] Training Results: Prec@1 69.471 Prec@5 95.942             Loss 0.93717
Epoch [109] Training Class Recall: [0.905,0.848,0.733,0.644,0.510,0.410,0.248,0.188,0.091,0.155]
Epoch [109] Testing Results: Prec@1 33.260 Prec@5 75.310             Loss 2.84105
Epoch [109] Testing Class Recall: [0.662,0.825,0.353,0.491,0.305,0.608,0.010,0.016,0.023,0.033]
Epoch [110] Training Results: Prec@1 67.966 Prec@5 94.974             Loss 1.00596
Epoch [110] Training Class Recall: [0.888,0.875,0.735,0.588,0.471,0.380,0.176,0.196,0.055,0.082]
Epoch [110] Testing Results: Prec@1 33.310 Prec@5 76.260             Loss 2.67147
Epoch [110] Testing Class Recall: [0.731,0.650,0.633,0.483,0.165,0.442,0.076,0.054,0.061,0.036]
Epoch [111] Training Results: Prec@1 68.906 Prec@5 95.808             Loss 0.98691
Epoch [111] Training Class Recall: [0.908,0.868,0.682,0.591,0.529,0.390,0.216,0.246,0.109,0.134]
Epoch [111] Testing Results: Prec@1 28.590 Prec@5 69.760             Loss 3.09357
Epoch [111] Testing Class Recall: [0.778,0.718,0.703,0.089,0.268,0.011,0.169,0.103,0.008,0.012]
Epoch [112] Training Results: Prec@1 67.106 Prec@5 95.673             Loss 1.01458
Epoch [112] Training Class Recall: [0.887,0.876,0.695,0.586,0.385,0.361,0.203,0.174,0.064,0.216]
Epoch [112] Testing Results: Prec@1 34.010 Prec@5 77.110             Loss 2.58969
Epoch [112] Testing Class Recall: [0.886,0.480,0.512,0.442,0.313,0.362,0.313,0.070,0.004,0.019]
Epoch [113] Training Results: Prec@1 67.858 Prec@5 95.969             Loss 1.01251
Epoch [113] Training Class Recall: [0.894,0.839,0.718,0.580,0.498,0.400,0.229,0.159,0.091,0.165]
Epoch [113] Testing Results: Prec@1 34.800 Prec@5 77.000             Loss 2.46901
Epoch [113] Testing Class Recall: [0.837,0.746,0.526,0.299,0.265,0.529,0.072,0.181,0.004,0.021]
Epoch [114] Training Results: Prec@1 70.331 Prec@5 96.372             Loss 0.93229
Epoch [114] Training Class Recall: [0.915,0.891,0.716,0.622,0.518,0.429,0.275,0.188,0.082,0.103]
Epoch [114] Testing Results: Prec@1 32.840 Prec@5 80.560             Loss 2.37197
Epoch [114] Testing Class Recall: [0.730,0.368,0.491,0.743,0.304,0.182,0.066,0.239,0.014,0.147]
Epoch [115] Training Results: Prec@1 69.524 Prec@5 96.694             Loss 0.94364
Epoch [115] Training Class Recall: [0.896,0.842,0.710,0.655,0.556,0.395,0.248,0.174,0.164,0.247]
Epoch [115] Testing Results: Prec@1 37.750 Prec@5 77.350             Loss 2.79139
Epoch [115] Testing Class Recall: [0.860,0.826,0.308,0.400,0.468,0.297,0.438,0.166,0.000,0.012]
Epoch [116] Training Results: Prec@1 66.299 Prec@5 94.813             Loss 1.06212
Epoch [116] Training Class Recall: [0.895,0.853,0.648,0.550,0.514,0.376,0.118,0.138,0.064,0.155]
Epoch [116] Testing Results: Prec@1 29.680 Prec@5 73.150             Loss 2.64283
Epoch [116] Testing Class Recall: [0.888,0.662,0.443,0.342,0.283,0.086,0.107,0.138,0.017,0.002]
Epoch [117] Training Results: Prec@1 70.599 Prec@5 96.560             Loss 0.93055
Epoch [117] Training Class Recall: [0.904,0.876,0.756,0.602,0.541,0.380,0.281,0.268,0.127,0.206]
Epoch [117] Testing Results: Prec@1 30.980 Prec@5 72.730             Loss 3.05287
Epoch [117] Testing Class Recall: [0.811,0.763,0.431,0.597,0.071,0.282,0.013,0.062,0.047,0.021]
Epoch [118] Training Results: Prec@1 71.970 Prec@5 96.856             Loss 0.88089
Epoch [118] Training Class Recall: [0.919,0.878,0.731,0.674,0.580,0.468,0.203,0.232,0.200,0.186]
Epoch [118] Testing Results: Prec@1 35.610 Prec@5 80.450             Loss 2.31757
Epoch [118] Testing Class Recall: [0.779,0.583,0.370,0.467,0.499,0.366,0.146,0.206,0.022,0.123]
Epoch [119] Training Results: Prec@1 68.127 Prec@5 96.184             Loss 0.98366
Epoch [119] Training Class Recall: [0.872,0.871,0.686,0.616,0.471,0.449,0.190,0.181,0.164,0.247]
Epoch [119] Testing Results: Prec@1 30.570 Prec@5 71.960             Loss 2.91215
Epoch [119] Testing Class Recall: [0.887,0.729,0.476,0.170,0.432,0.021,0.159,0.098,0.001,0.084]
Epoch [120] Training Results: Prec@1 70.089 Prec@5 96.264             Loss 0.91853
Epoch [120] Training Class Recall: [0.897,0.884,0.731,0.591,0.529,0.371,0.229,0.261,0.209,0.247]
Epoch [120] Testing Results: Prec@1 28.540 Prec@5 72.230             Loss 3.04732
Epoch [120] Testing Class Recall: [0.961,0.419,0.401,0.305,0.171,0.328,0.237,0.014,0.002,0.016]
Epoch [121] Training Results: Prec@1 69.659 Prec@5 96.560             Loss 0.94566
Epoch [121] Training Class Recall: [0.904,0.830,0.706,0.616,0.564,0.463,0.222,0.268,0.118,0.247]
Epoch [121] Testing Results: Prec@1 35.250 Prec@5 78.150             Loss 2.46904
Epoch [121] Testing Class Recall: [0.811,0.658,0.379,0.531,0.433,0.228,0.397,0.029,0.013,0.046]
Epoch [122] Training Results: Prec@1 73.394 Prec@5 97.420             Loss 0.81965
Epoch [122] Training Class Recall: [0.916,0.875,0.742,0.702,0.599,0.478,0.327,0.283,0.209,0.289]
Epoch [122] Testing Results: Prec@1 32.950 Prec@5 77.680             Loss 2.69893
Epoch [122] Testing Class Recall: [0.620,0.797,0.701,0.198,0.264,0.537,0.055,0.060,0.006,0.057]
Epoch [123] Training Results: Prec@1 71.594 Prec@5 96.829             Loss 0.88655
Epoch [123] Training Class Recall: [0.900,0.871,0.708,0.610,0.564,0.507,0.366,0.326,0.182,0.268]
Epoch [123] Testing Results: Prec@1 29.540 Prec@5 72.310             Loss 3.16125
Epoch [123] Testing Class Recall: [0.599,0.680,0.425,0.389,0.558,0.223,0.022,0.006,0.002,0.050]
Epoch [124] Training Results: Prec@1 65.950 Prec@5 95.243             Loss 1.07697
Epoch [124] Training Class Recall: [0.878,0.834,0.646,0.577,0.467,0.376,0.196,0.159,0.118,0.186]
Epoch [124] Testing Results: Prec@1 30.300 Prec@5 67.690             Loss 3.02501
Epoch [124] Testing Class Recall: [0.823,0.739,0.485,0.040,0.383,0.029,0.496,0.013,0.005,0.017]
Epoch [125] Training Results: Prec@1 69.148 Prec@5 96.130             Loss 0.95091
Epoch [125] Training Class Recall: [0.906,0.875,0.703,0.536,0.545,0.371,0.242,0.232,0.164,0.216]
Epoch [125] Testing Results: Prec@1 31.380 Prec@5 71.540             Loss 2.89863
Epoch [125] Testing Class Recall: [0.688,0.652,0.468,0.725,0.239,0.150,0.013,0.156,0.003,0.044]
Epoch [126] Training Results: Prec@1 70.653 Prec@5 96.694             Loss 0.90657
Epoch [126] Training Class Recall: [0.904,0.882,0.695,0.608,0.545,0.517,0.248,0.232,0.191,0.186]
Epoch [126] Testing Results: Prec@1 30.180 Prec@5 72.080             Loss 3.10097
Epoch [126] Testing Class Recall: [0.777,0.551,0.503,0.297,0.507,0.071,0.117,0.156,0.017,0.022]
Epoch [127] Training Results: Prec@1 73.770 Prec@5 97.635             Loss 0.79350
Epoch [127] Training Class Recall: [0.927,0.860,0.748,0.685,0.623,0.463,0.340,0.304,0.236,0.330]
Epoch [127] Testing Results: Prec@1 27.130 Prec@5 69.790             Loss 3.76093
Epoch [127] Testing Class Recall: [0.395,0.709,0.756,0.416,0.040,0.184,0.094,0.039,0.009,0.071]
Epoch [128] Training Results: Prec@1 64.499 Prec@5 94.733             Loss 1.09829
Epoch [128] Training Class Recall: [0.854,0.839,0.587,0.525,0.440,0.459,0.176,0.232,0.091,0.227]
Epoch [128] Testing Results: Prec@1 34.710 Prec@5 78.070             Loss 2.56002
Epoch [128] Testing Class Recall: [0.861,0.765,0.374,0.448,0.309,0.457,0.022,0.193,0.009,0.033]
Epoch [129] Training Results: Prec@1 72.884 Prec@5 97.581             Loss 0.82725
Epoch [129] Training Class Recall: [0.909,0.894,0.739,0.652,0.638,0.498,0.248,0.304,0.191,0.206]
Epoch [129] Testing Results: Prec@1 30.920 Prec@5 73.130             Loss 3.24565
Epoch [129] Testing Class Recall: [0.716,0.728,0.767,0.113,0.156,0.200,0.144,0.155,0.004,0.109]
Epoch [130] Training Results: Prec@1 73.045 Prec@5 97.635             Loss 0.81110
Epoch [130] Training Class Recall: [0.905,0.898,0.739,0.660,0.576,0.473,0.327,0.326,0.227,0.268]
Epoch [130] Testing Results: Prec@1 34.670 Prec@5 75.600             Loss 2.88477
Epoch [130] Testing Class Recall: [0.741,0.686,0.666,0.391,0.247,0.181,0.165,0.353,0.004,0.033]
Epoch [131] Training Results: Prec@1 70.734 Prec@5 96.775             Loss 0.90327
Epoch [131] Training Class Recall: [0.887,0.844,0.737,0.663,0.553,0.488,0.242,0.304,0.209,0.237]
Epoch [131] Testing Results: Prec@1 32.590 Prec@5 74.420             Loss 2.81822
Epoch [131] Testing Class Recall: [0.751,0.678,0.242,0.234,0.610,0.402,0.266,0.031,0.015,0.030]
Epoch [132] Training Results: Prec@1 69.336 Prec@5 96.748             Loss 0.95248
Epoch [132] Training Class Recall: [0.882,0.834,0.667,0.608,0.541,0.459,0.327,0.333,0.218,0.289]
Epoch [132] Testing Results: Prec@1 31.550 Prec@5 72.250             Loss 2.95839
Epoch [132] Testing Class Recall: [0.600,0.809,0.799,0.262,0.293,0.068,0.140,0.147,0.004,0.033]
Epoch [133] Training Results: Prec@1 71.809 Prec@5 97.581             Loss 0.84414
Epoch [133] Training Class Recall: [0.914,0.864,0.722,0.657,0.588,0.429,0.340,0.232,0.155,0.299]
Epoch [133] Testing Results: Prec@1 30.890 Prec@5 70.340             Loss 3.22329
Epoch [133] Testing Class Recall: [0.809,0.814,0.491,0.396,0.104,0.227,0.116,0.054,0.075,0.003]
Epoch [134] Training Results: Prec@1 70.546 Prec@5 96.883             Loss 0.89827
Epoch [134] Training Class Recall: [0.894,0.859,0.725,0.638,0.549,0.444,0.229,0.275,0.245,0.237]
Epoch [134] Testing Results: Prec@1 34.740 Prec@5 78.190             Loss 2.43959
Epoch [134] Testing Class Recall: [0.605,0.680,0.513,0.552,0.290,0.167,0.408,0.065,0.153,0.041]
Epoch [135] Training Results: Prec@1 71.755 Prec@5 96.856             Loss 0.88685
Epoch [135] Training Class Recall: [0.883,0.853,0.722,0.677,0.584,0.512,0.373,0.254,0.209,0.351]
Epoch [135] Testing Results: Prec@1 35.120 Prec@5 76.470             Loss 2.81394
Epoch [135] Testing Class Recall: [0.838,0.581,0.536,0.424,0.260,0.216,0.341,0.252,0.044,0.020]
Epoch [136] Training Results: Prec@1 75.840 Prec@5 98.280             Loss 0.74145
Epoch [136] Training Class Recall: [0.911,0.886,0.773,0.721,0.654,0.537,0.327,0.442,0.373,0.299]
Epoch [136] Testing Results: Prec@1 35.170 Prec@5 79.180             Loss 2.91027
Epoch [136] Testing Class Recall: [0.536,0.582,0.368,0.433,0.591,0.527,0.360,0.059,0.020,0.041]
Epoch [137] Training Results: Prec@1 69.927 Prec@5 97.232             Loss 0.91986
Epoch [137] Training Class Recall: [0.867,0.831,0.684,0.674,0.572,0.449,0.346,0.290,0.282,0.278]
Epoch [137] Testing Results: Prec@1 33.400 Prec@5 73.520             Loss 3.00196
Epoch [137] Testing Class Recall: [0.667,0.725,0.490,0.609,0.128,0.442,0.070,0.198,0.007,0.004]
Epoch [138] Training Results: Prec@1 71.943 Prec@5 97.151             Loss 0.86576
Epoch [138] Training Class Recall: [0.898,0.863,0.716,0.671,0.572,0.478,0.333,0.362,0.255,0.175]
Epoch [138] Testing Results: Prec@1 31.400 Prec@5 76.030             Loss 2.69836
Epoch [138] Testing Class Recall: [0.723,0.823,0.424,0.070,0.414,0.177,0.194,0.172,0.032,0.111]
Epoch [139] Training Results: Prec@1 74.953 Prec@5 98.280             Loss 0.77218
Epoch [139] Training Class Recall: [0.893,0.887,0.758,0.685,0.630,0.512,0.471,0.428,0.327,0.330]
Epoch [139] Testing Results: Prec@1 34.260 Prec@5 75.740             Loss 3.04861
Epoch [139] Testing Class Recall: [0.763,0.819,0.391,0.288,0.584,0.269,0.214,0.026,0.006,0.066]
Epoch [140] Training Results: Prec@1 76.995 Prec@5 98.307             Loss 0.70792
Epoch [140] Training Class Recall: [0.908,0.899,0.773,0.762,0.630,0.590,0.412,0.435,0.364,0.361]
Epoch [140] Testing Results: Prec@1 32.020 Prec@5 71.630             Loss 3.75394
Epoch [140] Testing Class Recall: [0.896,0.499,0.526,0.238,0.408,0.389,0.041,0.194,0.000,0.011]
Epoch [141] Training Results: Prec@1 73.099 Prec@5 97.662             Loss 0.81506
Epoch [141] Training Class Recall: [0.886,0.849,0.733,0.693,0.623,0.502,0.373,0.449,0.273,0.320]
Epoch [141] Testing Results: Prec@1 26.850 Prec@5 72.640             Loss 3.05681
Epoch [141] Testing Class Recall: [0.633,0.573,0.310,0.272,0.198,0.447,0.085,0.012,0.046,0.109]
Epoch [142] Training Results: Prec@1 73.609 Prec@5 97.581             Loss 0.80581
Epoch [142] Training Class Recall: [0.904,0.864,0.767,0.646,0.537,0.537,0.392,0.391,0.309,0.361]
Epoch [142] Testing Results: Prec@1 31.540 Prec@5 72.490             Loss 2.98195
Epoch [142] Testing Class Recall: [0.678,0.595,0.702,0.326,0.232,0.240,0.055,0.207,0.009,0.110]
Epoch [143] Training Results: Prec@1 75.034 Prec@5 97.931             Loss 0.76257
Epoch [143] Training Class Recall: [0.898,0.880,0.744,0.693,0.685,0.537,0.399,0.435,0.327,0.299]
Epoch [143] Testing Results: Prec@1 32.560 Prec@5 75.590             Loss 3.13464
Epoch [143] Testing Class Recall: [0.666,0.608,0.544,0.294,0.390,0.216,0.031,0.369,0.021,0.117]
Epoch [144] Training Results: Prec@1 75.329 Prec@5 97.958             Loss 0.77480
Epoch [144] Training Class Recall: [0.896,0.872,0.765,0.713,0.603,0.580,0.444,0.457,0.309,0.371]
Epoch [144] Testing Results: Prec@1 34.100 Prec@5 75.700             Loss 2.79218
Epoch [144] Testing Class Recall: [0.655,0.730,0.662,0.470,0.375,0.124,0.236,0.078,0.015,0.065]
Epoch [145] Training Results: Prec@1 77.049 Prec@5 98.388             Loss 0.69336
Epoch [145] Training Class Recall: [0.908,0.883,0.790,0.704,0.669,0.571,0.431,0.478,0.382,0.464]
Epoch [145] Testing Results: Prec@1 31.150 Prec@5 74.920             Loss 3.76723
Epoch [145] Testing Class Recall: [0.881,0.706,0.215,0.185,0.275,0.436,0.143,0.133,0.002,0.139]
Epoch [146] Training Results: Prec@1 74.523 Prec@5 97.904             Loss 0.77295
Epoch [146] Training Class Recall: [0.894,0.871,0.693,0.691,0.658,0.600,0.497,0.391,0.318,0.340]
Epoch [146] Testing Results: Prec@1 32.470 Prec@5 76.850             Loss 3.26316
Epoch [146] Testing Class Recall: [0.855,0.376,0.428,0.506,0.279,0.426,0.110,0.220,0.022,0.025]
Epoch [147] Training Results: Prec@1 75.114 Prec@5 98.468             Loss 0.74167
Epoch [147] Training Class Recall: [0.893,0.860,0.729,0.721,0.650,0.561,0.444,0.471,0.355,0.402]
Epoch [147] Testing Results: Prec@1 29.760 Prec@5 70.910             Loss 3.54530
Epoch [147] Testing Class Recall: [0.721,0.598,0.746,0.181,0.186,0.106,0.299,0.039,0.097,0.003]
Epoch [148] Training Results: Prec@1 79.925 Prec@5 98.871             Loss 0.58853
Epoch [148] Training Class Recall: [0.924,0.905,0.801,0.751,0.681,0.590,0.549,0.572,0.509,0.433]
Epoch [148] Testing Results: Prec@1 34.950 Prec@5 75.330             Loss 3.44001
Epoch [148] Testing Class Recall: [0.749,0.628,0.314,0.214,0.566,0.359,0.339,0.285,0.029,0.012]
Epoch [149] Training Results: Prec@1 80.301 Prec@5 99.086             Loss 0.58423
Epoch [149] Training Class Recall: [0.917,0.897,0.843,0.768,0.728,0.620,0.562,0.536,0.436,0.392]
Epoch [149] Testing Results: Prec@1 35.070 Prec@5 79.100             Loss 2.99252
Epoch [149] Testing Class Recall: [0.678,0.693,0.523,0.483,0.408,0.297,0.123,0.157,0.075,0.070]
Epoch [150] Training Results: Prec@1 74.281 Prec@5 98.334             Loss 0.76927
Epoch [150] Training Class Recall: [0.883,0.849,0.750,0.691,0.634,0.546,0.451,0.442,0.409,0.351]
Epoch [150] Testing Results: Prec@1 23.970 Prec@5 73.080             Loss 3.63707
Epoch [150] Testing Class Recall: [0.583,0.391,0.203,0.263,0.253,0.267,0.080,0.106,0.242,0.009]
Epoch [151] Training Results: Prec@1 74.174 Prec@5 98.038             Loss 0.78518
Epoch [151] Training Class Recall: [0.878,0.856,0.761,0.729,0.626,0.498,0.366,0.464,0.327,0.433]
Epoch [151] Testing Results: Prec@1 30.240 Prec@5 73.730             Loss 3.50160
Epoch [151] Testing Class Recall: [0.801,0.582,0.454,0.616,0.076,0.277,0.093,0.063,0.034,0.028]
Epoch [152] Training Results: Prec@1 77.936 Prec@5 98.683             Loss 0.65141
Epoch [152] Training Class Recall: [0.925,0.882,0.773,0.729,0.673,0.532,0.516,0.507,0.445,0.412]
Epoch [152] Testing Results: Prec@1 35.480 Prec@5 73.070             Loss 3.38287
Epoch [152] Testing Class Recall: [0.751,0.699,0.500,0.327,0.343,0.484,0.171,0.257,0.007,0.009]
Epoch [153] Training Results: Prec@1 79.844 Prec@5 99.167             Loss 0.60573
Epoch [153] Training Class Recall: [0.912,0.882,0.818,0.779,0.735,0.620,0.529,0.543,0.518,0.402]
Epoch [153] Testing Results: Prec@1 33.040 Prec@5 75.020             Loss 3.32197
Epoch [153] Testing Class Recall: [0.728,0.463,0.645,0.338,0.341,0.262,0.257,0.145,0.003,0.122]
Epoch [154] Training Results: Prec@1 78.904 Prec@5 98.468             Loss 0.65390
Epoch [154] Training Class Recall: [0.906,0.876,0.801,0.743,0.720,0.654,0.529,0.522,0.427,0.474]
Epoch [154] Testing Results: Prec@1 31.760 Prec@5 71.830             Loss 3.69645
Epoch [154] Testing Class Recall: [0.729,0.730,0.526,0.238,0.468,0.206,0.069,0.183,0.014,0.013]
Epoch [155] Training Results: Prec@1 78.339 Prec@5 99.086             Loss 0.63802
Epoch [155] Training Class Recall: [0.907,0.886,0.763,0.707,0.724,0.654,0.549,0.449,0.509,0.464]
Epoch [155] Testing Results: Prec@1 30.540 Prec@5 70.670             Loss 3.65688
Epoch [155] Testing Class Recall: [0.798,0.673,0.394,0.091,0.133,0.518,0.022,0.323,0.020,0.082]
Epoch [156] Training Results: Prec@1 77.829 Prec@5 98.818             Loss 0.66065
Epoch [156] Training Class Recall: [0.902,0.883,0.744,0.773,0.700,0.571,0.595,0.493,0.436,0.381]
Epoch [156] Testing Results: Prec@1 30.810 Prec@5 77.710             Loss 3.69130
Epoch [156] Testing Class Recall: [0.508,0.568,0.410,0.816,0.211,0.116,0.219,0.159,0.027,0.047]
Epoch [157] Training Results: Prec@1 80.704 Prec@5 99.167             Loss 0.57017
Epoch [157] Training Class Recall: [0.928,0.895,0.794,0.738,0.728,0.668,0.575,0.551,0.545,0.505]
Epoch [157] Testing Results: Prec@1 32.350 Prec@5 72.620             Loss 3.76331
Epoch [157] Testing Class Recall: [0.806,0.718,0.349,0.229,0.452,0.153,0.028,0.446,0.015,0.039]
Epoch [158] Training Results: Prec@1 82.639 Prec@5 99.221             Loss 0.50717
Epoch [158] Training Class Recall: [0.919,0.910,0.856,0.768,0.732,0.702,0.647,0.645,0.582,0.454]
Epoch [158] Testing Results: Prec@1 30.750 Prec@5 73.530             Loss 3.97654
Epoch [158] Testing Class Recall: [0.626,0.480,0.365,0.562,0.170,0.535,0.112,0.153,0.020,0.052]
Epoch [159] Training Results: Prec@1 77.345 Prec@5 98.791             Loss 0.67156
Epoch [159] Training Class Recall: [0.875,0.864,0.769,0.727,0.704,0.644,0.575,0.572,0.464,0.443]
Epoch [159] Testing Results: Prec@1 28.440 Prec@5 72.940             Loss 3.58538
Epoch [159] Testing Class Recall: [0.788,0.452,0.561,0.213,0.355,0.106,0.098,0.170,0.039,0.062]
Epoch [160] Training Results: Prec@1 83.660 Prec@5 99.436             Loss 0.46881
Epoch [160] Training Class Recall: [0.935,0.916,0.843,0.782,0.774,0.746,0.484,0.616,0.645,0.649]
Epoch [160] Testing Results: Prec@1 34.400 Prec@5 75.230             Loss 3.47341
Epoch [160] Testing Class Recall: [0.808,0.706,0.578,0.454,0.371,0.196,0.107,0.135,0.034,0.051]
Epoch [161] Training Results: Prec@1 85.703 Prec@5 99.436             Loss 0.43229
Epoch [161] Training Class Recall: [0.945,0.927,0.890,0.804,0.794,0.756,0.536,0.674,0.727,0.577]
Epoch [161] Testing Results: Prec@1 34.330 Prec@5 75.020             Loss 3.46953
Epoch [161] Testing Class Recall: [0.832,0.728,0.531,0.456,0.382,0.215,0.105,0.113,0.024,0.047]
Epoch [162] Training Results: Prec@1 86.724 Prec@5 99.436             Loss 0.40032
Epoch [162] Training Class Recall: [0.951,0.925,0.877,0.851,0.794,0.727,0.595,0.710,0.718,0.732]
Epoch [162] Testing Results: Prec@1 35.330 Prec@5 75.370             Loss 3.39349
Epoch [162] Testing Class Recall: [0.800,0.747,0.558,0.467,0.386,0.232,0.136,0.133,0.031,0.043]
Epoch [163] Training Results: Prec@1 87.853 Prec@5 99.624             Loss 0.38521
Epoch [163] Training Class Recall: [0.955,0.947,0.886,0.859,0.805,0.800,0.627,0.681,0.718,0.680]
Epoch [163] Testing Results: Prec@1 35.780 Prec@5 75.420             Loss 3.37710
Epoch [163] Testing Class Recall: [0.798,0.745,0.571,0.458,0.390,0.252,0.134,0.152,0.032,0.046]
Epoch [164] Training Results: Prec@1 87.880 Prec@5 99.812             Loss 0.36930
Epoch [164] Training Class Recall: [0.956,0.935,0.890,0.854,0.852,0.790,0.621,0.696,0.691,0.691]
Epoch [164] Testing Results: Prec@1 35.450 Prec@5 75.130             Loss 3.44159
Epoch [164] Testing Class Recall: [0.812,0.745,0.543,0.464,0.342,0.259,0.164,0.150,0.024,0.042]
Epoch [165] Training Results: Prec@1 89.385 Prec@5 99.651             Loss 0.33916
Epoch [165] Training Class Recall: [0.963,0.947,0.892,0.862,0.864,0.834,0.732,0.703,0.727,0.691]
Epoch [165] Testing Results: Prec@1 35.640 Prec@5 74.940             Loss 3.40484
Epoch [165] Testing Class Recall: [0.814,0.726,0.546,0.482,0.388,0.269,0.139,0.142,0.026,0.032]
Epoch [166] Training Results: Prec@1 89.008 Prec@5 99.597             Loss 0.34397
Epoch [166] Training Class Recall: [0.962,0.935,0.886,0.881,0.821,0.815,0.745,0.790,0.727,0.619]
Epoch [166] Testing Results: Prec@1 35.910 Prec@5 75.120             Loss 3.35166
Epoch [166] Testing Class Recall: [0.788,0.746,0.592,0.462,0.353,0.258,0.157,0.171,0.027,0.037]
Epoch [167] Training Results: Prec@1 89.653 Prec@5 99.570             Loss 0.33173
Epoch [167] Training Class Recall: [0.956,0.940,0.896,0.867,0.883,0.824,0.732,0.754,0.800,0.701]
Epoch [167] Testing Results: Prec@1 35.520 Prec@5 74.350             Loss 3.37669
Epoch [167] Testing Class Recall: [0.814,0.743,0.562,0.439,0.367,0.250,0.152,0.157,0.023,0.045]
Epoch [168] Training Results: Prec@1 90.298 Prec@5 99.597             Loss 0.31664
Epoch [168] Training Class Recall: [0.964,0.944,0.909,0.884,0.883,0.829,0.758,0.739,0.755,0.722]
Epoch [168] Testing Results: Prec@1 35.300 Prec@5 74.450             Loss 3.47745
Epoch [168] Testing Class Recall: [0.831,0.749,0.547,0.467,0.326,0.249,0.153,0.153,0.018,0.037]
Epoch [169] Training Results: Prec@1 89.976 Prec@5 99.866             Loss 0.33048
Epoch [169] Training Class Recall: [0.965,0.946,0.915,0.859,0.868,0.824,0.745,0.761,0.745,0.691]
Epoch [169] Testing Results: Prec@1 35.550 Prec@5 74.530             Loss 3.39156
Epoch [169] Testing Class Recall: [0.797,0.737,0.520,0.465,0.380,0.271,0.180,0.149,0.021,0.035]
Epoch [170] Training Results: Prec@1 90.218 Prec@5 99.785             Loss 0.31532
Epoch [170] Training Class Recall: [0.962,0.946,0.907,0.867,0.875,0.824,0.745,0.819,0.764,0.701]
Epoch [170] Testing Results: Prec@1 35.350 Prec@5 74.490             Loss 3.42083
Epoch [170] Testing Class Recall: [0.812,0.737,0.516,0.464,0.373,0.290,0.149,0.145,0.021,0.028]
Epoch [171] Training Results: Prec@1 90.486 Prec@5 99.785             Loss 0.30852
Epoch [171] Training Class Recall: [0.970,0.939,0.913,0.892,0.879,0.868,0.745,0.725,0.736,0.701]
Epoch [171] Testing Results: Prec@1 35.650 Prec@5 74.740             Loss 3.41157
Epoch [171] Testing Class Recall: [0.803,0.737,0.527,0.476,0.358,0.259,0.195,0.153,0.022,0.035]
Epoch [172] Training Results: Prec@1 90.997 Prec@5 99.839             Loss 0.29615
Epoch [172] Training Class Recall: [0.967,0.948,0.919,0.901,0.875,0.824,0.752,0.746,0.836,0.742]
Epoch [172] Testing Results: Prec@1 36.320 Prec@5 75.170             Loss 3.33934
Epoch [172] Testing Class Recall: [0.793,0.743,0.540,0.461,0.380,0.274,0.212,0.170,0.025,0.034]
Epoch [173] Training Results: Prec@1 90.648 Prec@5 99.893             Loss 0.28932
Epoch [173] Training Class Recall: [0.977,0.933,0.907,0.878,0.879,0.834,0.745,0.790,0.782,0.722]
Epoch [173] Testing Results: Prec@1 35.760 Prec@5 74.680             Loss 3.45237
Epoch [173] Testing Class Recall: [0.836,0.750,0.518,0.455,0.365,0.256,0.192,0.158,0.017,0.029]
Epoch [174] Training Results: Prec@1 91.373 Prec@5 99.839             Loss 0.28993
Epoch [174] Training Class Recall: [0.966,0.955,0.926,0.878,0.883,0.863,0.784,0.804,0.782,0.722]
Epoch [174] Testing Results: Prec@1 35.980 Prec@5 74.570             Loss 3.38668
Epoch [174] Testing Class Recall: [0.797,0.746,0.548,0.439,0.391,0.261,0.212,0.150,0.024,0.030]
Epoch [175] Training Results: Prec@1 91.830 Prec@5 99.758             Loss 0.28990
Epoch [175] Training Class Recall: [0.972,0.958,0.911,0.895,0.930,0.859,0.771,0.804,0.782,0.722]
Epoch [175] Testing Results: Prec@1 36.000 Prec@5 74.550             Loss 3.42984
Epoch [175] Testing Class Recall: [0.815,0.765,0.539,0.433,0.367,0.264,0.185,0.185,0.014,0.033]
Epoch [176] Training Results: Prec@1 91.535 Prec@5 99.785             Loss 0.27914
Epoch [176] Training Class Recall: [0.972,0.947,0.922,0.909,0.891,0.893,0.778,0.783,0.736,0.691]
Epoch [176] Testing Results: Prec@1 35.850 Prec@5 74.630             Loss 3.45870
Epoch [176] Testing Class Recall: [0.796,0.750,0.527,0.480,0.373,0.252,0.196,0.160,0.020,0.031]
Epoch [177] Training Results: Prec@1 91.535 Prec@5 99.812             Loss 0.28381
Epoch [177] Training Class Recall: [0.963,0.958,0.909,0.895,0.903,0.844,0.810,0.812,0.818,0.722]
Epoch [177] Testing Results: Prec@1 35.680 Prec@5 74.300             Loss 3.44604
Epoch [177] Testing Class Recall: [0.818,0.760,0.534,0.433,0.357,0.266,0.171,0.168,0.016,0.045]
Epoch [178] Training Results: Prec@1 91.803 Prec@5 99.839             Loss 0.27535
Epoch [178] Training Class Recall: [0.968,0.954,0.905,0.912,0.883,0.859,0.791,0.826,0.809,0.794]
Epoch [178] Testing Results: Prec@1 35.990 Prec@5 74.660             Loss 3.43011
Epoch [178] Testing Class Recall: [0.803,0.736,0.549,0.469,0.380,0.255,0.184,0.170,0.026,0.027]
Epoch [179] Training Results: Prec@1 91.723 Prec@5 99.839             Loss 0.26851
Epoch [179] Training Class Recall: [0.970,0.951,0.926,0.884,0.907,0.854,0.784,0.833,0.773,0.753]
Epoch [179] Testing Results: Prec@1 36.080 Prec@5 74.700             Loss 3.41441
Epoch [179] Testing Class Recall: [0.805,0.756,0.514,0.467,0.359,0.259,0.219,0.177,0.018,0.034]
Epoch [180] Training Results: Prec@1 92.610 Prec@5 99.812             Loss 0.26210
Epoch [180] Training Class Recall: [0.972,0.963,0.919,0.912,0.914,0.854,0.850,0.833,0.773,0.773]
Epoch [180] Testing Results: Prec@1 35.790 Prec@5 74.580             Loss 3.41937
Epoch [180] Testing Class Recall: [0.808,0.757,0.543,0.453,0.352,0.264,0.181,0.163,0.022,0.036]
Epoch [181] Training Results: Prec@1 92.395 Prec@5 99.893             Loss 0.26609
Epoch [181] Training Class Recall: [0.974,0.952,0.926,0.901,0.914,0.873,0.817,0.870,0.736,0.763]
Epoch [181] Testing Results: Prec@1 35.730 Prec@5 74.720             Loss 3.40594
Epoch [181] Testing Class Recall: [0.796,0.743,0.545,0.440,0.373,0.261,0.189,0.159,0.025,0.042]
Epoch [182] Training Results: Prec@1 92.932 Prec@5 99.866             Loss 0.25574
Epoch [182] Training Class Recall: [0.974,0.963,0.917,0.909,0.918,0.878,0.804,0.870,0.836,0.784]
Epoch [182] Testing Results: Prec@1 36.070 Prec@5 74.900             Loss 3.45964
Epoch [182] Testing Class Recall: [0.814,0.747,0.537,0.452,0.357,0.287,0.184,0.172,0.016,0.041]
Epoch [183] Training Results: Prec@1 92.475 Prec@5 99.946             Loss 0.26051
Epoch [183] Training Class Recall: [0.974,0.959,0.928,0.890,0.883,0.888,0.830,0.877,0.782,0.742]
Epoch [183] Testing Results: Prec@1 35.950 Prec@5 74.840             Loss 3.44585
Epoch [183] Testing Class Recall: [0.807,0.751,0.501,0.476,0.360,0.291,0.184,0.166,0.020,0.039]
Epoch [184] Training Results: Prec@1 92.583 Prec@5 99.839             Loss 0.25993
Epoch [184] Training Class Recall: [0.974,0.961,0.928,0.898,0.872,0.868,0.882,0.848,0.827,0.722]
Epoch [184] Testing Results: Prec@1 36.070 Prec@5 74.470             Loss 3.48384
Epoch [184] Testing Class Recall: [0.819,0.754,0.550,0.464,0.351,0.242,0.187,0.189,0.017,0.034]
Epoch [185] Training Results: Prec@1 92.717 Prec@5 99.893             Loss 0.25730
Epoch [185] Training Class Recall: [0.974,0.963,0.941,0.906,0.891,0.859,0.837,0.812,0.791,0.794]
Epoch [185] Testing Results: Prec@1 35.460 Prec@5 74.420             Loss 3.48649
Epoch [185] Testing Class Recall: [0.818,0.743,0.508,0.468,0.370,0.264,0.155,0.165,0.017,0.038]
Epoch [186] Training Results: Prec@1 92.153 Prec@5 99.812             Loss 0.26658
Epoch [186] Training Class Recall: [0.977,0.940,0.922,0.898,0.895,0.868,0.817,0.826,0.845,0.763]
Epoch [186] Testing Results: Prec@1 36.060 Prec@5 74.820             Loss 3.40625
Epoch [186] Testing Class Recall: [0.808,0.760,0.520,0.482,0.337,0.287,0.181,0.176,0.020,0.035]
Epoch [187] Training Results: Prec@1 92.529 Prec@5 99.704             Loss 0.26771
Epoch [187] Training Class Recall: [0.967,0.962,0.932,0.917,0.907,0.849,0.837,0.848,0.800,0.732]
Epoch [187] Testing Results: Prec@1 35.950 Prec@5 75.130             Loss 3.44324
Epoch [187] Testing Class Recall: [0.808,0.730,0.531,0.491,0.368,0.259,0.173,0.187,0.021,0.027]
Epoch [188] Training Results: Prec@1 92.502 Prec@5 99.893             Loss 0.26045
Epoch [188] Training Class Recall: [0.971,0.965,0.913,0.903,0.914,0.868,0.837,0.790,0.827,0.794]
Epoch [188] Testing Results: Prec@1 35.830 Prec@5 75.080             Loss 3.41280
Epoch [188] Testing Class Recall: [0.809,0.757,0.492,0.475,0.344,0.292,0.181,0.179,0.024,0.030]
Epoch [189] Training Results: Prec@1 92.610 Prec@5 99.946             Loss 0.26483
Epoch [189] Training Class Recall: [0.981,0.954,0.928,0.898,0.914,0.849,0.810,0.841,0.827,0.753]
Epoch [189] Testing Results: Prec@1 35.950 Prec@5 74.750             Loss 3.41035
Epoch [189] Testing Class Recall: [0.816,0.751,0.530,0.460,0.364,0.247,0.202,0.176,0.019,0.030]
Epoch [190] Training Results: Prec@1 91.669 Prec@5 99.893             Loss 0.27578
Epoch [190] Training Class Recall: [0.972,0.956,0.915,0.909,0.907,0.849,0.817,0.739,0.809,0.670]
Epoch [190] Testing Results: Prec@1 35.720 Prec@5 74.770             Loss 3.44092
Epoch [190] Testing Class Recall: [0.826,0.748,0.505,0.467,0.348,0.277,0.169,0.182,0.017,0.033]
Epoch [191] Training Results: Prec@1 91.696 Prec@5 99.866             Loss 0.27243
Epoch [191] Training Class Recall: [0.971,0.955,0.913,0.887,0.895,0.844,0.804,0.826,0.791,0.763]
Epoch [191] Testing Results: Prec@1 35.850 Prec@5 74.950             Loss 3.43093
Epoch [191] Testing Class Recall: [0.802,0.727,0.535,0.468,0.362,0.288,0.180,0.173,0.021,0.029]
Epoch [192] Training Results: Prec@1 92.018 Prec@5 99.785             Loss 0.27334
Epoch [192] Training Class Recall: [0.966,0.944,0.941,0.934,0.911,0.829,0.817,0.790,0.809,0.711]
Epoch [192] Testing Results: Prec@1 35.820 Prec@5 74.770             Loss 3.42598
Epoch [192] Testing Class Recall: [0.800,0.768,0.513,0.449,0.371,0.282,0.173,0.164,0.023,0.039]
Epoch [193] Training Results: Prec@1 92.341 Prec@5 99.839             Loss 0.26527
Epoch [193] Training Class Recall: [0.975,0.948,0.936,0.920,0.903,0.849,0.817,0.819,0.791,0.732]
Epoch [193] Testing Results: Prec@1 36.000 Prec@5 74.780             Loss 3.39853
Epoch [193] Testing Class Recall: [0.802,0.742,0.522,0.488,0.375,0.254,0.191,0.172,0.019,0.035]
Epoch [194] Training Results: Prec@1 92.368 Prec@5 99.731             Loss 0.26816
Epoch [194] Training Class Recall: [0.974,0.954,0.919,0.906,0.907,0.868,0.784,0.833,0.873,0.732]
Epoch [194] Testing Results: Prec@1 36.050 Prec@5 74.940             Loss 3.39658
Epoch [194] Testing Class Recall: [0.796,0.754,0.524,0.491,0.360,0.284,0.174,0.167,0.025,0.030]
Epoch [195] Training Results: Prec@1 91.776 Prec@5 99.839             Loss 0.27052
Epoch [195] Training Class Recall: [0.972,0.955,0.911,0.901,0.891,0.834,0.824,0.804,0.827,0.722]
Epoch [195] Testing Results: Prec@1 35.680 Prec@5 74.750             Loss 3.44263
Epoch [195] Testing Class Recall: [0.806,0.749,0.482,0.470,0.375,0.291,0.170,0.165,0.020,0.040]
Epoch [196] Training Results: Prec@1 92.287 Prec@5 99.866             Loss 0.26487
Epoch [196] Training Class Recall: [0.971,0.958,0.919,0.903,0.926,0.844,0.837,0.833,0.764,0.753]
Epoch [196] Testing Results: Prec@1 35.880 Prec@5 74.850             Loss 3.40713
Epoch [196] Testing Class Recall: [0.797,0.752,0.524,0.472,0.361,0.285,0.183,0.161,0.021,0.032]
Epoch [197] Training Results: Prec@1 92.045 Prec@5 99.812             Loss 0.27026
Epoch [197] Training Class Recall: [0.971,0.956,0.934,0.901,0.887,0.829,0.843,0.790,0.827,0.732]
Epoch [197] Testing Results: Prec@1 35.680 Prec@5 74.790             Loss 3.38426
Epoch [197] Testing Class Recall: [0.798,0.743,0.512,0.472,0.362,0.282,0.189,0.149,0.024,0.037]
Epoch [198] Training Results: Prec@1 92.502 Prec@5 99.893             Loss 0.25806
Epoch [198] Training Class Recall: [0.975,0.958,0.939,0.895,0.875,0.893,0.771,0.833,0.855,0.763]
Epoch [198] Testing Results: Prec@1 35.370 Prec@5 74.500             Loss 3.46216
Epoch [198] Testing Class Recall: [0.806,0.739,0.499,0.473,0.362,0.257,0.169,0.187,0.017,0.028]
Epoch [199] Training Results: Prec@1 91.669 Prec@5 99.893             Loss 0.27028
Epoch [199] Training Class Recall: [0.977,0.958,0.919,0.906,0.883,0.863,0.725,0.819,0.736,0.742]
Epoch [199] Testing Results: Prec@1 35.870 Prec@5 74.820             Loss 3.38693
Epoch [199] Testing Class Recall: [0.789,0.769,0.499,0.461,0.353,0.302,0.172,0.181,0.018,0.043]
