Log file: cifar10_lava1.0_randomoversampling_selection_exp0.01_seed42_20260430_054546.log
Run started: 2026-04-30 05:45:46.717028
Dataset: cifar10
Imbalance type: exp, factor: 0.01
Selection method: lava, ratio: 1.0
Strategy: RandomOversampling_Selection, epochs: 200
Seed: 42, rand_number: 0
Augmentation: weak
Noise ratio: 0.25
============================================================

=> Preparing logger and tensorboard writer !
----------------------------------------------------
Class ID   | Original   | Selected   | Keep %  
----------------------------------------------------
0          | 4032       | 4032       |   100.0%
1          | 4000       | 4000       |   100.0%
2          | 3955       | 3955       |   100.0%
3          | 4020       | 4020       |   100.0%
4          | 3939       | 3939       |   100.0%
5          | 3999       | 3999       |   100.0%
6          | 3965       | 3965       |   100.0%
7          | 4046       | 4046       |   100.0%
8          | 4042       | 4042       |   100.0%
9          | 4002       | 4002       |   100.0%
----------------------------------------------------
TOTAL      | 40000      | 40000      |   100.0%
----------------------------------------------------
Epoch [0] Training Results: Prec@1 25.442 Prec@5 73.610             Loss 2.09631
Epoch [0] Training Class Recall: [0.259,0.341,0.106,0.123,0.224,0.221,0.305,0.303,0.326,0.333]
Epoch [0] Testing Results: Prec@1 34.180 Prec@5 85.960             Loss 1.78749
Epoch [0] Testing Class Recall: [0.658,0.215,0.205,0.136,0.707,0.361,0.189,0.193,0.291,0.463]
Epoch [1] Training Results: Prec@1 35.307 Prec@5 79.292             Loss 1.92828
Epoch [1] Training Class Recall: [0.350,0.439,0.177,0.211,0.219,0.289,0.433,0.413,0.449,0.546]
Epoch [1] Testing Results: Prec@1 42.190 Prec@5 90.710             Loss 1.63290
Epoch [1] Testing Class Recall: [0.816,0.419,0.326,0.122,0.264,0.400,0.566,0.461,0.343,0.502]
Epoch [2] Training Results: Prec@1 42.497 Prec@5 81.827             Loss 1.78759
Epoch [2] Training Class Recall: [0.425,0.523,0.248,0.255,0.281,0.321,0.514,0.466,0.573,0.638]
Epoch [2] Testing Results: Prec@1 49.520 Prec@5 92.960             Loss 1.45246
Epoch [2] Testing Class Recall: [0.455,0.676,0.187,0.285,0.622,0.142,0.678,0.697,0.630,0.580]
Epoch [3] Training Results: Prec@1 48.417 Prec@5 83.243             Loss 1.68476
Epoch [3] Training Class Recall: [0.470,0.584,0.328,0.302,0.348,0.381,0.540,0.535,0.653,0.696]
Epoch [3] Testing Results: Prec@1 41.080 Prec@5 87.240             Loss 1.75726
Epoch [3] Testing Class Recall: [0.750,0.393,0.685,0.314,0.393,0.325,0.452,0.561,0.147,0.088]
Epoch [4] Training Results: Prec@1 51.610 Prec@5 84.235             Loss 1.61713
Epoch [4] Training Class Recall: [0.504,0.605,0.353,0.338,0.417,0.411,0.578,0.576,0.675,0.701]
Epoch [4] Testing Results: Prec@1 40.030 Prec@5 85.590             Loss 1.86796
Epoch [4] Testing Class Recall: [0.729,0.473,0.174,0.108,0.246,0.892,0.356,0.330,0.672,0.023]
Epoch [5] Training Results: Prec@1 55.487 Prec@5 85.042             Loss 1.54395
Epoch [5] Training Class Recall: [0.537,0.632,0.388,0.388,0.476,0.459,0.608,0.631,0.704,0.722]
Epoch [5] Testing Results: Prec@1 52.970 Prec@5 91.550             Loss 1.44165
Epoch [5] Testing Class Recall: [0.721,0.903,0.489,0.213,0.691,0.325,0.572,0.649,0.131,0.603]
Epoch [6] Training Results: Prec@1 58.145 Prec@5 85.487             Loss 1.48563
Epoch [6] Training Class Recall: [0.558,0.655,0.428,0.423,0.518,0.494,0.624,0.661,0.717,0.732]
Epoch [6] Testing Results: Prec@1 57.050 Prec@5 92.620             Loss 1.34016
Epoch [6] Testing Class Recall: [0.676,0.685,0.456,0.505,0.830,0.518,0.574,0.449,0.652,0.360]
Epoch [7] Training Results: Prec@1 60.335 Prec@5 85.725             Loss 1.44195
Epoch [7] Training Class Recall: [0.577,0.673,0.474,0.455,0.543,0.526,0.644,0.674,0.724,0.740]
Epoch [7] Testing Results: Prec@1 50.500 Prec@5 89.650             Loss 1.59296
Epoch [7] Testing Class Recall: [0.544,0.713,0.322,0.071,0.471,0.928,0.789,0.217,0.761,0.234]
Epoch [8] Training Results: Prec@1 61.675 Prec@5 85.732             Loss 1.41743
Epoch [8] Training Class Recall: [0.594,0.671,0.486,0.476,0.570,0.551,0.663,0.685,0.727,0.741]
Epoch [8] Testing Results: Prec@1 56.310 Prec@5 92.800             Loss 1.35692
Epoch [8] Testing Class Recall: [0.627,0.909,0.483,0.211,0.531,0.896,0.509,0.550,0.441,0.474]
Epoch [9] Training Results: Prec@1 62.677 Prec@5 86.150             Loss 1.39272
Epoch [9] Training Class Recall: [0.602,0.679,0.495,0.494,0.596,0.571,0.663,0.695,0.728,0.742]
Epoch [9] Testing Results: Prec@1 60.360 Prec@5 94.760             Loss 1.22133
Epoch [9] Testing Class Recall: [0.855,0.868,0.428,0.623,0.618,0.395,0.810,0.455,0.559,0.425]
Epoch [10] Training Results: Prec@1 63.900 Prec@5 86.230             Loss 1.36530
Epoch [10] Training Class Recall: [0.615,0.689,0.517,0.504,0.612,0.585,0.693,0.703,0.728,0.742]
Epoch [10] Testing Results: Prec@1 56.750 Prec@5 92.940             Loss 1.34747
Epoch [10] Testing Class Recall: [0.695,0.725,0.548,0.289,0.606,0.859,0.563,0.432,0.297,0.661]
Epoch [11] Training Results: Prec@1 64.625 Prec@5 86.465             Loss 1.35024
Epoch [11] Training Class Recall: [0.615,0.692,0.541,0.520,0.612,0.611,0.690,0.704,0.731,0.744]
Epoch [11] Testing Results: Prec@1 62.240 Prec@5 93.020             Loss 1.21405
Epoch [11] Testing Class Recall: [0.841,0.956,0.409,0.482,0.652,0.660,0.802,0.624,0.488,0.310]
Epoch [12] Training Results: Prec@1 65.335 Prec@5 86.560             Loss 1.33245
Epoch [12] Training Class Recall: [0.621,0.696,0.552,0.532,0.632,0.617,0.698,0.709,0.732,0.742]
Epoch [12] Testing Results: Prec@1 55.710 Prec@5 89.970             Loss 1.41507
Epoch [12] Testing Class Recall: [0.821,0.810,0.603,0.715,0.332,0.545,0.690,0.594,0.338,0.123]
Epoch [13] Training Results: Prec@1 65.970 Prec@5 86.580             Loss 1.31805
Epoch [13] Training Class Recall: [0.621,0.698,0.559,0.562,0.640,0.631,0.698,0.710,0.732,0.743]
Epoch [13] Testing Results: Prec@1 60.760 Prec@5 91.910             Loss 1.28491
Epoch [13] Testing Class Recall: [0.817,0.891,0.676,0.736,0.614,0.352,0.745,0.338,0.681,0.226]
Epoch [14] Training Results: Prec@1 66.485 Prec@5 86.702             Loss 1.30595
Epoch [14] Training Class Recall: [0.626,0.707,0.568,0.564,0.652,0.637,0.701,0.718,0.731,0.742]
Epoch [14] Testing Results: Prec@1 58.990 Prec@5 91.810             Loss 1.33513
Epoch [14] Testing Class Recall: [0.758,0.916,0.459,0.654,0.403,0.757,0.630,0.284,0.438,0.600]
Epoch [15] Training Results: Prec@1 66.970 Prec@5 86.735             Loss 1.29449
Epoch [15] Training Class Recall: [0.643,0.703,0.577,0.577,0.650,0.645,0.707,0.717,0.731,0.747]
Epoch [15] Testing Results: Prec@1 59.610 Prec@5 92.930             Loss 1.31643
Epoch [15] Testing Class Recall: [0.753,0.979,0.515,0.521,0.814,0.701,0.553,0.337,0.581,0.207]
Epoch [16] Training Results: Prec@1 67.322 Prec@5 86.790             Loss 1.28575
Epoch [16] Training Class Recall: [0.641,0.701,0.577,0.588,0.661,0.651,0.713,0.720,0.735,0.744]
Epoch [16] Testing Results: Prec@1 63.040 Prec@5 91.550             Loss 1.24340
Epoch [16] Testing Class Recall: [0.771,0.951,0.600,0.451,0.766,0.685,0.512,0.422,0.704,0.442]
Epoch [17] Training Results: Prec@1 67.512 Prec@5 86.817             Loss 1.28262
Epoch [17] Training Class Recall: [0.644,0.706,0.592,0.589,0.660,0.656,0.711,0.716,0.731,0.745]
Epoch [17] Testing Results: Prec@1 58.870 Prec@5 93.360             Loss 1.31723
Epoch [17] Testing Class Recall: [0.776,0.934,0.398,0.515,0.584,0.499,0.401,0.887,0.332,0.561]
Epoch [18] Training Results: Prec@1 68.002 Prec@5 87.115             Loss 1.27209
Epoch [18] Training Class Recall: [0.639,0.708,0.596,0.604,0.670,0.671,0.711,0.722,0.734,0.745]
Epoch [18] Testing Results: Prec@1 53.390 Prec@5 90.300             Loss 1.50343
Epoch [18] Testing Class Recall: [0.852,0.964,0.807,0.337,0.328,0.388,0.540,0.419,0.353,0.351]
Epoch [19] Training Results: Prec@1 67.787 Prec@5 86.945             Loss 1.27537
Epoch [19] Training Class Recall: [0.648,0.700,0.595,0.595,0.667,0.661,0.713,0.719,0.737,0.743]
Epoch [19] Testing Results: Prec@1 63.130 Prec@5 93.490             Loss 1.21247
Epoch [19] Testing Class Recall: [0.818,0.910,0.428,0.742,0.775,0.604,0.650,0.446,0.353,0.587]
Epoch [20] Training Results: Prec@1 68.350 Prec@5 87.007             Loss 1.26192
Epoch [20] Training Class Recall: [0.649,0.706,0.603,0.609,0.672,0.675,0.719,0.723,0.732,0.745]
Epoch [20] Testing Results: Prec@1 57.120 Prec@5 90.310             Loss 1.42397
Epoch [20] Testing Class Recall: [0.928,0.735,0.715,0.537,0.721,0.397,0.570,0.461,0.329,0.319]
Epoch [21] Training Results: Prec@1 68.697 Prec@5 87.262             Loss 1.25379
Epoch [21] Training Class Recall: [0.666,0.711,0.611,0.606,0.676,0.675,0.715,0.727,0.736,0.746]
Epoch [21] Testing Results: Prec@1 62.340 Prec@5 92.320             Loss 1.24304
Epoch [21] Testing Class Recall: [0.592,0.894,0.440,0.239,0.794,0.730,0.801,0.463,0.608,0.673]
Epoch [22] Training Results: Prec@1 68.770 Prec@5 87.232             Loss 1.25124
Epoch [22] Training Class Recall: [0.655,0.715,0.614,0.618,0.678,0.673,0.720,0.722,0.737,0.745]
Epoch [22] Testing Results: Prec@1 57.840 Prec@5 88.780             Loss 1.40702
Epoch [22] Testing Class Recall: [0.925,0.915,0.698,0.125,0.599,0.713,0.428,0.669,0.061,0.651]
Epoch [23] Training Results: Prec@1 68.865 Prec@5 87.280             Loss 1.24987
Epoch [23] Training Class Recall: [0.661,0.713,0.615,0.618,0.676,0.682,0.719,0.722,0.736,0.744]
Epoch [23] Testing Results: Prec@1 65.160 Prec@5 93.760             Loss 1.15609
Epoch [23] Testing Class Recall: [0.795,0.945,0.626,0.520,0.529,0.755,0.645,0.645,0.405,0.651]
Epoch [24] Training Results: Prec@1 69.065 Prec@5 87.232             Loss 1.24335
Epoch [24] Training Class Recall: [0.663,0.710,0.617,0.623,0.687,0.677,0.723,0.725,0.736,0.745]
Epoch [24] Testing Results: Prec@1 66.160 Prec@5 95.030             Loss 1.09045
Epoch [24] Testing Class Recall: [0.704,0.892,0.611,0.626,0.548,0.630,0.760,0.695,0.436,0.714]
Epoch [25] Training Results: Prec@1 69.155 Prec@5 87.353             Loss 1.23904
Epoch [25] Training Class Recall: [0.660,0.715,0.615,0.624,0.682,0.687,0.723,0.729,0.735,0.744]
Epoch [25] Testing Results: Prec@1 66.960 Prec@5 94.320             Loss 1.13784
Epoch [25] Testing Class Recall: [0.680,0.936,0.687,0.637,0.719,0.514,0.726,0.574,0.866,0.357]
Epoch [26] Training Results: Prec@1 69.327 Prec@5 87.222             Loss 1.23737
Epoch [26] Training Class Recall: [0.665,0.712,0.629,0.626,0.688,0.687,0.720,0.724,0.736,0.746]
Epoch [26] Testing Results: Prec@1 59.870 Prec@5 91.750             Loss 1.30391
Epoch [26] Testing Class Recall: [0.574,0.887,0.512,0.515,0.858,0.735,0.815,0.423,0.428,0.240]
Epoch [27] Training Results: Prec@1 69.335 Prec@5 87.427             Loss 1.23646
Epoch [27] Training Class Recall: [0.662,0.716,0.613,0.635,0.688,0.686,0.724,0.725,0.736,0.747]
Epoch [27] Testing Results: Prec@1 58.560 Prec@5 90.460             Loss 1.35522
Epoch [27] Testing Class Recall: [0.569,0.872,0.746,0.281,0.790,0.744,0.627,0.152,0.756,0.319]
Epoch [28] Training Results: Prec@1 69.507 Prec@5 87.460             Loss 1.23110
Epoch [28] Training Class Recall: [0.662,0.710,0.631,0.638,0.684,0.691,0.728,0.723,0.738,0.744]
Epoch [28] Testing Results: Prec@1 64.310 Prec@5 92.630             Loss 1.22857
Epoch [28] Testing Class Recall: [0.915,0.848,0.756,0.591,0.711,0.560,0.539,0.437,0.568,0.506]
Epoch [29] Training Results: Prec@1 69.807 Prec@5 87.545             Loss 1.22773
Epoch [29] Training Class Recall: [0.664,0.716,0.626,0.642,0.692,0.694,0.731,0.728,0.738,0.748]
Epoch [29] Testing Results: Prec@1 58.400 Prec@5 91.720             Loss 1.38402
Epoch [29] Testing Class Recall: [0.811,0.990,0.729,0.626,0.407,0.649,0.590,0.448,0.210,0.380]
Epoch [30] Training Results: Prec@1 69.743 Prec@5 87.520             Loss 1.22793
Epoch [30] Training Class Recall: [0.668,0.715,0.625,0.642,0.697,0.697,0.724,0.727,0.734,0.745]
Epoch [30] Testing Results: Prec@1 65.730 Prec@5 93.340             Loss 1.16158
Epoch [30] Testing Class Recall: [0.829,0.922,0.757,0.529,0.738,0.700,0.607,0.359,0.649,0.483]
Epoch [31] Training Results: Prec@1 70.075 Prec@5 87.677             Loss 1.22272
Epoch [31] Training Class Recall: [0.669,0.721,0.631,0.651,0.698,0.699,0.726,0.727,0.738,0.746]
Epoch [31] Testing Results: Prec@1 63.550 Prec@5 91.980             Loss 1.24019
Epoch [31] Testing Class Recall: [0.882,0.894,0.694,0.301,0.602,0.827,0.831,0.396,0.496,0.432]
Epoch [32] Training Results: Prec@1 69.830 Prec@5 87.497             Loss 1.22382
Epoch [32] Training Class Recall: [0.665,0.720,0.632,0.640,0.692,0.694,0.726,0.730,0.735,0.750]
Epoch [32] Testing Results: Prec@1 63.810 Prec@5 92.800             Loss 1.20814
Epoch [32] Testing Class Recall: [0.906,0.938,0.624,0.643,0.770,0.627,0.591,0.411,0.430,0.441]
Epoch [33] Training Results: Prec@1 69.885 Prec@5 87.618             Loss 1.22142
Epoch [33] Training Class Recall: [0.665,0.714,0.637,0.645,0.698,0.696,0.728,0.730,0.734,0.741]
Epoch [33] Testing Results: Prec@1 57.460 Prec@5 89.160             Loss 1.40943
Epoch [33] Testing Class Recall: [0.879,0.965,0.801,0.565,0.528,0.590,0.548,0.278,0.439,0.153]
Epoch [34] Training Results: Prec@1 70.088 Prec@5 87.707             Loss 1.21852
Epoch [34] Training Class Recall: [0.669,0.717,0.635,0.651,0.698,0.701,0.726,0.727,0.738,0.747]
Epoch [34] Testing Results: Prec@1 66.510 Prec@5 94.870             Loss 1.12065
Epoch [34] Testing Class Recall: [0.866,0.832,0.571,0.744,0.631,0.574,0.716,0.681,0.435,0.601]
Epoch [35] Training Results: Prec@1 69.853 Prec@5 87.705             Loss 1.22071
Epoch [35] Training Class Recall: [0.669,0.714,0.632,0.646,0.696,0.695,0.729,0.725,0.736,0.743]
Epoch [35] Testing Results: Prec@1 65.490 Prec@5 92.220             Loss 1.17944
Epoch [35] Testing Class Recall: [0.909,0.875,0.635,0.577,0.779,0.347,0.719,0.662,0.384,0.662]
Epoch [36] Training Results: Prec@1 70.315 Prec@5 87.722             Loss 1.21417
Epoch [36] Training Class Recall: [0.676,0.721,0.638,0.646,0.704,0.703,0.733,0.727,0.735,0.746]
Epoch [36] Testing Results: Prec@1 62.070 Prec@5 91.730             Loss 1.28056
Epoch [36] Testing Class Recall: [0.866,0.934,0.782,0.334,0.607,0.519,0.362,0.812,0.552,0.439]
Epoch [37] Training Results: Prec@1 70.080 Prec@5 87.732             Loss 1.21534
Epoch [37] Training Class Recall: [0.669,0.719,0.642,0.649,0.698,0.690,0.730,0.726,0.738,0.746]
Epoch [37] Testing Results: Prec@1 66.520 Prec@5 93.730             Loss 1.12203
Epoch [37] Testing Class Recall: [0.783,0.773,0.666,0.511,0.593,0.638,0.674,0.699,0.454,0.861]
Epoch [38] Training Results: Prec@1 70.283 Prec@5 87.817             Loss 1.21220
Epoch [38] Training Class Recall: [0.668,0.721,0.644,0.650,0.702,0.699,0.731,0.728,0.737,0.747]
Epoch [38] Testing Results: Prec@1 66.260 Prec@5 91.860             Loss 1.16301
Epoch [38] Testing Class Recall: [0.897,0.952,0.623,0.737,0.630,0.465,0.786,0.483,0.642,0.411]
Epoch [39] Training Results: Prec@1 70.382 Prec@5 87.747             Loss 1.21027
Epoch [39] Training Class Recall: [0.681,0.723,0.639,0.657,0.699,0.699,0.727,0.731,0.734,0.745]
Epoch [39] Testing Results: Prec@1 64.100 Prec@5 92.310             Loss 1.25020
Epoch [39] Testing Class Recall: [0.954,0.883,0.693,0.405,0.610,0.785,0.774,0.503,0.416,0.387]
Epoch [40] Training Results: Prec@1 70.467 Prec@5 87.717             Loss 1.20958
Epoch [40] Training Class Recall: [0.675,0.720,0.645,0.657,0.697,0.706,0.731,0.730,0.737,0.749]
Epoch [40] Testing Results: Prec@1 59.790 Prec@5 89.980             Loss 1.36375
Epoch [40] Testing Class Recall: [0.892,0.876,0.849,0.487,0.730,0.585,0.567,0.294,0.417,0.282]
Epoch [41] Training Results: Prec@1 70.555 Prec@5 87.855             Loss 1.20721
Epoch [41] Training Class Recall: [0.674,0.718,0.651,0.668,0.700,0.706,0.730,0.727,0.735,0.746]
Epoch [41] Testing Results: Prec@1 64.150 Prec@5 92.150             Loss 1.22788
Epoch [41] Testing Class Recall: [0.810,0.857,0.650,0.683,0.791,0.704,0.720,0.505,0.400,0.295]
Epoch [42] Training Results: Prec@1 70.487 Prec@5 87.970             Loss 1.20752
Epoch [42] Training Class Recall: [0.678,0.721,0.650,0.653,0.700,0.702,0.733,0.730,0.738,0.744]
Epoch [42] Testing Results: Prec@1 69.170 Prec@5 93.330             Loss 1.09952
Epoch [42] Testing Class Recall: [0.897,0.910,0.711,0.633,0.718,0.521,0.831,0.588,0.563,0.545]
Epoch [43] Training Results: Prec@1 70.600 Prec@5 87.908             Loss 1.20392
Epoch [43] Training Class Recall: [0.676,0.722,0.649,0.655,0.709,0.700,0.734,0.728,0.739,0.747]
Epoch [43] Testing Results: Prec@1 63.840 Prec@5 91.000             Loss 1.21880
Epoch [43] Testing Class Recall: [0.748,0.859,0.700,0.458,0.784,0.516,0.905,0.536,0.611,0.267]
Epoch [44] Training Results: Prec@1 70.372 Prec@5 87.853             Loss 1.20857
Epoch [44] Training Class Recall: [0.675,0.717,0.645,0.654,0.699,0.706,0.732,0.728,0.736,0.745]
Epoch [44] Testing Results: Prec@1 62.900 Prec@5 92.300             Loss 1.24232
Epoch [44] Testing Class Recall: [0.646,0.975,0.426,0.645,0.756,0.769,0.660,0.484,0.397,0.532]
Epoch [45] Training Results: Prec@1 70.485 Prec@5 87.777             Loss 1.20725
Epoch [45] Training Class Recall: [0.678,0.723,0.648,0.659,0.701,0.700,0.731,0.726,0.735,0.747]
Epoch [45] Testing Results: Prec@1 63.960 Prec@5 91.900             Loss 1.28010
Epoch [45] Testing Class Recall: [0.965,0.920,0.571,0.414,0.705,0.527,0.799,0.537,0.448,0.510]
Epoch [46] Training Results: Prec@1 70.495 Prec@5 87.920             Loss 1.20507
Epoch [46] Training Class Recall: [0.676,0.719,0.647,0.653,0.706,0.700,0.733,0.729,0.738,0.747]
Epoch [46] Testing Results: Prec@1 65.110 Prec@5 92.680             Loss 1.21362
Epoch [46] Testing Class Recall: [0.806,0.976,0.621,0.422,0.834,0.578,0.867,0.471,0.438,0.498]
Epoch [47] Training Results: Prec@1 71.152 Prec@5 87.975             Loss 1.19406
Epoch [47] Training Class Recall: [0.680,0.725,0.656,0.671,0.715,0.716,0.734,0.732,0.739,0.748]
Epoch [47] Testing Results: Prec@1 67.190 Prec@5 92.450             Loss 1.14190
Epoch [47] Testing Class Recall: [0.860,0.940,0.633,0.720,0.562,0.366,0.806,0.585,0.529,0.718]
Epoch [48] Training Results: Prec@1 70.725 Prec@5 87.762             Loss 1.20048
Epoch [48] Training Class Recall: [0.681,0.720,0.653,0.664,0.703,0.703,0.734,0.731,0.735,0.747]
Epoch [48] Testing Results: Prec@1 59.930 Prec@5 89.850             Loss 1.40479
Epoch [48] Testing Class Recall: [0.855,0.934,0.850,0.480,0.779,0.380,0.446,0.452,0.582,0.235]
Epoch [49] Training Results: Prec@1 70.792 Prec@5 87.932             Loss 1.19964
Epoch [49] Training Class Recall: [0.677,0.724,0.651,0.664,0.708,0.710,0.732,0.730,0.741,0.741]
Epoch [49] Testing Results: Prec@1 64.250 Prec@5 93.250             Loss 1.18752
Epoch [49] Testing Class Recall: [0.850,0.949,0.772,0.745,0.623,0.442,0.771,0.557,0.369,0.347]
Epoch [50] Training Results: Prec@1 70.945 Prec@5 87.970             Loss 1.19397
Epoch [50] Training Class Recall: [0.681,0.727,0.657,0.658,0.713,0.705,0.735,0.732,0.739,0.747]
Epoch [50] Testing Results: Prec@1 67.650 Prec@5 93.710             Loss 1.07957
Epoch [50] Testing Class Recall: [0.846,0.969,0.682,0.590,0.674,0.501,0.655,0.756,0.596,0.496]
Epoch [51] Training Results: Prec@1 70.787 Prec@5 87.780             Loss 1.19995
Epoch [51] Training Class Recall: [0.676,0.725,0.651,0.661,0.712,0.706,0.730,0.732,0.737,0.748]
Epoch [51] Testing Results: Prec@1 60.410 Prec@5 90.260             Loss 1.36342
Epoch [51] Testing Class Recall: [0.920,0.971,0.675,0.695,0.486,0.385,0.798,0.494,0.393,0.224]
Epoch [52] Training Results: Prec@1 70.960 Prec@5 88.088             Loss 1.19742
Epoch [52] Training Class Recall: [0.683,0.724,0.648,0.670,0.708,0.707,0.737,0.734,0.736,0.748]
Epoch [52] Testing Results: Prec@1 67.120 Prec@5 92.940             Loss 1.13243
Epoch [52] Testing Class Recall: [0.868,0.924,0.723,0.477,0.694,0.693,0.746,0.618,0.524,0.445]
Epoch [53] Training Results: Prec@1 70.905 Prec@5 87.982             Loss 1.19667
Epoch [53] Training Class Recall: [0.678,0.726,0.658,0.669,0.705,0.706,0.739,0.727,0.738,0.745]
Epoch [53] Testing Results: Prec@1 65.700 Prec@5 92.550             Loss 1.16991
Epoch [53] Testing Class Recall: [0.787,0.956,0.705,0.690,0.675,0.639,0.788,0.463,0.455,0.412]
Epoch [54] Training Results: Prec@1 71.018 Prec@5 88.122             Loss 1.19407
Epoch [54] Training Class Recall: [0.683,0.727,0.662,0.660,0.712,0.710,0.730,0.730,0.741,0.747]
Epoch [54] Testing Results: Prec@1 66.390 Prec@5 93.160             Loss 1.14746
Epoch [54] Testing Class Recall: [0.926,0.955,0.563,0.608,0.647,0.617,0.552,0.574,0.576,0.621]
Epoch [55] Training Results: Prec@1 70.917 Prec@5 88.092             Loss 1.19302
Epoch [55] Training Class Recall: [0.684,0.722,0.650,0.668,0.712,0.711,0.733,0.729,0.737,0.745]
Epoch [55] Testing Results: Prec@1 67.810 Prec@5 93.920             Loss 1.11940
Epoch [55] Testing Class Recall: [0.917,0.869,0.774,0.608,0.597,0.553,0.696,0.656,0.573,0.538]
Epoch [56] Training Results: Prec@1 71.082 Prec@5 88.062             Loss 1.18984
Epoch [56] Training Class Recall: [0.681,0.720,0.658,0.673,0.712,0.714,0.738,0.728,0.741,0.744]
Epoch [56] Testing Results: Prec@1 59.770 Prec@5 90.080             Loss 1.36264
Epoch [56] Testing Class Recall: [0.959,0.956,0.717,0.595,0.461,0.624,0.670,0.434,0.265,0.296]
Epoch [57] Training Results: Prec@1 71.080 Prec@5 88.033             Loss 1.19096
Epoch [57] Training Class Recall: [0.680,0.721,0.657,0.671,0.709,0.712,0.732,0.735,0.740,0.751]
Epoch [57] Testing Results: Prec@1 61.480 Prec@5 88.700             Loss 1.37289
Epoch [57] Testing Class Recall: [0.934,0.918,0.646,0.463,0.775,0.561,0.663,0.447,0.197,0.544]
Epoch [58] Training Results: Prec@1 70.827 Prec@5 88.077             Loss 1.19509
Epoch [58] Training Class Recall: [0.677,0.723,0.655,0.663,0.707,0.710,0.735,0.730,0.734,0.748]
Epoch [58] Testing Results: Prec@1 68.490 Prec@5 94.730             Loss 1.09050
Epoch [58] Testing Class Recall: [0.817,0.893,0.684,0.637,0.552,0.650,0.794,0.729,0.633,0.460]
Epoch [59] Training Results: Prec@1 71.085 Prec@5 88.262             Loss 1.19159
Epoch [59] Training Class Recall: [0.683,0.721,0.657,0.672,0.711,0.707,0.739,0.730,0.739,0.747]
Epoch [59] Testing Results: Prec@1 66.900 Prec@5 91.960             Loss 1.13269
Epoch [59] Testing Class Recall: [0.747,0.888,0.753,0.598,0.855,0.691,0.525,0.415,0.549,0.669]
Epoch [60] Training Results: Prec@1 71.127 Prec@5 88.020             Loss 1.19005
Epoch [60] Training Class Recall: [0.684,0.727,0.659,0.666,0.714,0.712,0.732,0.734,0.738,0.748]
Epoch [60] Testing Results: Prec@1 60.530 Prec@5 90.890             Loss 1.31853
Epoch [60] Testing Class Recall: [0.747,0.917,0.841,0.604,0.806,0.454,0.431,0.508,0.369,0.376]
Epoch [61] Training Results: Prec@1 71.082 Prec@5 88.325             Loss 1.18980
Epoch [61] Training Class Recall: [0.685,0.723,0.656,0.668,0.713,0.715,0.730,0.732,0.738,0.748]
Epoch [61] Testing Results: Prec@1 64.560 Prec@5 90.920             Loss 1.21314
Epoch [61] Testing Class Recall: [0.757,0.947,0.654,0.753,0.711,0.497,0.576,0.486,0.803,0.272]
Epoch [62] Training Results: Prec@1 70.993 Prec@5 88.137             Loss 1.19266
Epoch [62] Training Class Recall: [0.675,0.727,0.658,0.666,0.712,0.710,0.732,0.731,0.741,0.748]
Epoch [62] Testing Results: Prec@1 68.770 Prec@5 93.120             Loss 1.08507
Epoch [62] Testing Class Recall: [0.798,0.924,0.657,0.534,0.833,0.656,0.415,0.672,0.701,0.687]
Epoch [63] Training Results: Prec@1 71.440 Prec@5 88.320             Loss 1.18205
Epoch [63] Training Class Recall: [0.685,0.727,0.665,0.673,0.720,0.711,0.743,0.734,0.739,0.747]
Epoch [63] Testing Results: Prec@1 62.800 Prec@5 91.230             Loss 1.25905
Epoch [63] Testing Class Recall: [0.808,0.876,0.562,0.622,0.784,0.522,0.881,0.664,0.385,0.176]
Epoch [64] Training Results: Prec@1 71.027 Prec@5 88.310             Loss 1.19043
Epoch [64] Training Class Recall: [0.683,0.724,0.664,0.669,0.713,0.707,0.732,0.729,0.734,0.747]
Epoch [64] Testing Results: Prec@1 66.960 Prec@5 92.320             Loss 1.12866
Epoch [64] Testing Class Recall: [0.716,0.936,0.702,0.414,0.828,0.723,0.852,0.423,0.780,0.322]
Epoch [65] Training Results: Prec@1 71.307 Prec@5 88.042             Loss 1.18311
Epoch [65] Training Class Recall: [0.691,0.729,0.657,0.672,0.718,0.707,0.734,0.734,0.739,0.750]
Epoch [65] Testing Results: Prec@1 69.560 Prec@5 93.740             Loss 1.05783
Epoch [65] Testing Class Recall: [0.713,0.951,0.584,0.633,0.768,0.572,0.771,0.551,0.868,0.545]
Epoch [66] Training Results: Prec@1 71.330 Prec@5 88.155             Loss 1.18406
Epoch [66] Training Class Recall: [0.679,0.725,0.663,0.680,0.716,0.710,0.739,0.732,0.740,0.749]
Epoch [66] Testing Results: Prec@1 60.930 Prec@5 89.330             Loss 1.40177
Epoch [66] Testing Class Recall: [0.934,0.956,0.461,0.421,0.897,0.745,0.441,0.496,0.349,0.393]
Epoch [67] Training Results: Prec@1 71.188 Prec@5 88.240             Loss 1.18605
Epoch [67] Training Class Recall: [0.688,0.721,0.665,0.675,0.708,0.712,0.737,0.729,0.736,0.748]
Epoch [67] Testing Results: Prec@1 61.980 Prec@5 90.190             Loss 1.30024
Epoch [67] Testing Class Recall: [0.751,0.835,0.567,0.731,0.853,0.287,0.417,0.640,0.283,0.834]
Epoch [68] Training Results: Prec@1 71.287 Prec@5 88.495             Loss 1.18242
Epoch [68] Training Class Recall: [0.683,0.725,0.662,0.678,0.714,0.715,0.738,0.729,0.736,0.749]
Epoch [68] Testing Results: Prec@1 63.590 Prec@5 92.140             Loss 1.26343
Epoch [68] Testing Class Recall: [0.880,0.789,0.741,0.613,0.742,0.750,0.608,0.357,0.481,0.398]
Epoch [69] Training Results: Prec@1 71.410 Prec@5 88.377             Loss 1.18520
Epoch [69] Training Class Recall: [0.691,0.723,0.671,0.672,0.709,0.716,0.738,0.732,0.741,0.748]
Epoch [69] Testing Results: Prec@1 63.150 Prec@5 91.180             Loss 1.29055
Epoch [69] Testing Class Recall: [0.919,0.924,0.653,0.831,0.558,0.595,0.466,0.570,0.500,0.299]
Epoch [70] Training Results: Prec@1 71.217 Prec@5 88.287             Loss 1.18821
Epoch [70] Training Class Recall: [0.685,0.725,0.662,0.674,0.714,0.707,0.738,0.731,0.739,0.746]
Epoch [70] Testing Results: Prec@1 62.640 Prec@5 90.820             Loss 1.27421
Epoch [70] Testing Class Recall: [0.834,0.955,0.753,0.267,0.654,0.876,0.677,0.433,0.545,0.270]
Epoch [71] Training Results: Prec@1 71.173 Prec@5 88.320             Loss 1.18885
Epoch [71] Training Class Recall: [0.682,0.730,0.664,0.673,0.708,0.711,0.734,0.729,0.738,0.748]
Epoch [71] Testing Results: Prec@1 62.000 Prec@5 89.420             Loss 1.37355
Epoch [71] Testing Class Recall: [0.847,0.879,0.855,0.681,0.751,0.343,0.657,0.426,0.432,0.329]
Epoch [72] Training Results: Prec@1 71.527 Prec@5 88.257             Loss 1.17972
Epoch [72] Training Class Recall: [0.689,0.728,0.667,0.680,0.718,0.717,0.735,0.731,0.740,0.747]
Epoch [72] Testing Results: Prec@1 67.330 Prec@5 93.610             Loss 1.10216
Epoch [72] Testing Class Recall: [0.667,0.851,0.582,0.654,0.757,0.678,0.703,0.499,0.556,0.786]
Epoch [73] Training Results: Prec@1 71.295 Prec@5 88.385             Loss 1.18240
Epoch [73] Training Class Recall: [0.691,0.726,0.661,0.672,0.710,0.710,0.739,0.733,0.740,0.747]
Epoch [73] Testing Results: Prec@1 65.550 Prec@5 90.120             Loss 1.23116
Epoch [73] Testing Class Recall: [0.902,0.930,0.775,0.562,0.757,0.629,0.554,0.385,0.714,0.347]
Epoch [74] Training Results: Prec@1 71.463 Prec@5 88.535             Loss 1.18035
Epoch [74] Training Class Recall: [0.695,0.727,0.662,0.678,0.713,0.716,0.738,0.733,0.738,0.747]
Epoch [74] Testing Results: Prec@1 63.710 Prec@5 91.490             Loss 1.25081
Epoch [74] Testing Class Recall: [0.894,0.924,0.774,0.308,0.849,0.761,0.600,0.438,0.404,0.419]
Epoch [75] Training Results: Prec@1 71.490 Prec@5 88.247             Loss 1.17940
Epoch [75] Training Class Recall: [0.688,0.729,0.662,0.684,0.718,0.714,0.737,0.734,0.738,0.745]
Epoch [75] Testing Results: Prec@1 63.570 Prec@5 90.550             Loss 1.26422
Epoch [75] Testing Class Recall: [0.938,0.944,0.393,0.660,0.737,0.730,0.675,0.347,0.426,0.507]
Epoch [76] Training Results: Prec@1 71.322 Prec@5 88.455             Loss 1.18436
Epoch [76] Training Class Recall: [0.694,0.722,0.660,0.679,0.713,0.714,0.730,0.731,0.742,0.747]
Epoch [76] Testing Results: Prec@1 64.030 Prec@5 92.410             Loss 1.22100
Epoch [76] Testing Class Recall: [0.773,0.931,0.728,0.548,0.694,0.819,0.355,0.512,0.537,0.506]
Epoch [77] Training Results: Prec@1 71.315 Prec@5 88.478             Loss 1.18443
Epoch [77] Training Class Recall: [0.685,0.727,0.658,0.680,0.719,0.712,0.730,0.732,0.738,0.750]
Epoch [77] Testing Results: Prec@1 66.810 Prec@5 92.220             Loss 1.15489
Epoch [77] Testing Class Recall: [0.860,0.953,0.590,0.546,0.837,0.707,0.772,0.561,0.402,0.453]
Epoch [78] Training Results: Prec@1 71.180 Prec@5 88.397             Loss 1.18538
Epoch [78] Training Class Recall: [0.690,0.725,0.658,0.670,0.716,0.715,0.735,0.729,0.732,0.748]
Epoch [78] Testing Results: Prec@1 64.450 Prec@5 91.510             Loss 1.23391
Epoch [78] Testing Class Recall: [0.921,0.952,0.622,0.711,0.651,0.563,0.848,0.450,0.269,0.458]
Epoch [79] Training Results: Prec@1 71.325 Prec@5 88.342             Loss 1.18167
Epoch [79] Training Class Recall: [0.689,0.726,0.657,0.683,0.714,0.718,0.736,0.730,0.737,0.744]
Epoch [79] Testing Results: Prec@1 66.610 Prec@5 94.500             Loss 1.17157
Epoch [79] Testing Class Recall: [0.731,0.894,0.648,0.893,0.572,0.363,0.595,0.572,0.746,0.647]
Epoch [80] Training Results: Prec@1 71.368 Prec@5 88.408             Loss 1.17918
Epoch [80] Training Class Recall: [0.687,0.723,0.663,0.680,0.719,0.714,0.737,0.729,0.738,0.746]
Epoch [80] Testing Results: Prec@1 68.200 Prec@5 93.040             Loss 1.09442
Epoch [80] Testing Class Recall: [0.836,0.963,0.515,0.728,0.621,0.724,0.603,0.607,0.723,0.500]
Epoch [81] Training Results: Prec@1 71.470 Prec@5 88.545             Loss 1.17856
Epoch [81] Training Class Recall: [0.690,0.726,0.662,0.684,0.712,0.720,0.734,0.733,0.741,0.745]
Epoch [81] Testing Results: Prec@1 57.850 Prec@5 91.360             Loss 1.45786
Epoch [81] Testing Class Recall: [0.613,0.829,0.919,0.417,0.604,0.441,0.640,0.462,0.530,0.330]
Epoch [82] Training Results: Prec@1 71.362 Prec@5 88.567             Loss 1.17942
Epoch [82] Training Class Recall: [0.687,0.727,0.658,0.676,0.715,0.715,0.740,0.730,0.740,0.749]
Epoch [82] Testing Results: Prec@1 59.470 Prec@5 88.870             Loss 1.39430
Epoch [82] Testing Class Recall: [0.800,0.987,0.863,0.581,0.666,0.368,0.395,0.730,0.181,0.376]
Epoch [83] Training Results: Prec@1 71.737 Prec@5 88.475             Loss 1.17208
Epoch [83] Training Class Recall: [0.696,0.730,0.667,0.680,0.719,0.722,0.739,0.734,0.739,0.747]
Epoch [83] Testing Results: Prec@1 65.580 Prec@5 91.060             Loss 1.21487
Epoch [83] Testing Class Recall: [0.796,0.840,0.838,0.598,0.743,0.555,0.592,0.446,0.338,0.812]
Epoch [84] Training Results: Prec@1 71.290 Prec@5 88.585             Loss 1.17978
Epoch [84] Training Class Recall: [0.687,0.723,0.663,0.676,0.717,0.711,0.737,0.728,0.738,0.749]
Epoch [84] Testing Results: Prec@1 69.880 Prec@5 94.120             Loss 1.07210
Epoch [84] Testing Class Recall: [0.799,0.901,0.606,0.711,0.819,0.715,0.401,0.603,0.687,0.746]
Epoch [85] Training Results: Prec@1 71.347 Prec@5 88.340             Loss 1.17933
Epoch [85] Training Class Recall: [0.694,0.727,0.662,0.670,0.716,0.714,0.736,0.732,0.740,0.744]
Epoch [85] Testing Results: Prec@1 65.260 Prec@5 92.510             Loss 1.17847
Epoch [85] Testing Class Recall: [0.912,0.928,0.729,0.596,0.788,0.688,0.461,0.613,0.438,0.373]
Epoch [86] Training Results: Prec@1 71.635 Prec@5 88.557             Loss 1.16947
Epoch [86] Training Class Recall: [0.690,0.725,0.668,0.682,0.723,0.719,0.738,0.733,0.738,0.747]
Epoch [86] Testing Results: Prec@1 66.830 Prec@5 92.120             Loss 1.13804
Epoch [86] Testing Class Recall: [0.905,0.969,0.705,0.622,0.603,0.579,0.544,0.609,0.607,0.540]
Epoch [87] Training Results: Prec@1 71.577 Prec@5 88.382             Loss 1.17722
Epoch [87] Training Class Recall: [0.690,0.728,0.670,0.678,0.724,0.711,0.738,0.729,0.740,0.747]
Epoch [87] Testing Results: Prec@1 62.830 Prec@5 91.900             Loss 1.26717
Epoch [87] Testing Class Recall: [0.853,0.780,0.706,0.760,0.812,0.544,0.678,0.445,0.306,0.399]
Epoch [88] Training Results: Prec@1 71.725 Prec@5 88.438             Loss 1.17319
Epoch [88] Training Class Recall: [0.691,0.729,0.665,0.689,0.720,0.714,0.741,0.733,0.741,0.748]
Epoch [88] Testing Results: Prec@1 66.950 Prec@5 93.320             Loss 1.16142
Epoch [88] Testing Class Recall: [0.725,0.893,0.493,0.847,0.701,0.538,0.584,0.559,0.817,0.538]
Epoch [89] Training Results: Prec@1 71.368 Prec@5 88.600             Loss 1.18008
Epoch [89] Training Class Recall: [0.685,0.726,0.672,0.673,0.712,0.717,0.735,0.729,0.741,0.748]
Epoch [89] Testing Results: Prec@1 68.820 Prec@5 94.790             Loss 1.06424
Epoch [89] Testing Class Recall: [0.823,0.908,0.654,0.678,0.570,0.714,0.801,0.518,0.436,0.780]
Epoch [90] Training Results: Prec@1 71.682 Prec@5 88.420             Loss 1.17510
Epoch [90] Training Class Recall: [0.692,0.729,0.670,0.681,0.720,0.721,0.736,0.732,0.740,0.748]
Epoch [90] Testing Results: Prec@1 67.010 Prec@5 93.360             Loss 1.14653
Epoch [90] Testing Class Recall: [0.891,0.954,0.670,0.568,0.851,0.500,0.582,0.652,0.489,0.544]
Epoch [91] Training Results: Prec@1 71.575 Prec@5 88.757             Loss 1.17000
Epoch [91] Training Class Recall: [0.687,0.730,0.666,0.682,0.716,0.718,0.739,0.730,0.741,0.748]
Epoch [91] Testing Results: Prec@1 61.340 Prec@5 90.180             Loss 1.35893
Epoch [91] Testing Class Recall: [0.917,0.867,0.560,0.614,0.925,0.277,0.603,0.470,0.381,0.520]
Epoch [92] Training Results: Prec@1 71.520 Prec@5 88.605             Loss 1.17558
Epoch [92] Training Class Recall: [0.688,0.728,0.666,0.682,0.718,0.715,0.739,0.730,0.740,0.746]
Epoch [92] Testing Results: Prec@1 68.210 Prec@5 93.000             Loss 1.09637
Epoch [92] Testing Class Recall: [0.881,0.808,0.582,0.591,0.524,0.587,0.546,0.753,0.719,0.830]
Epoch [93] Training Results: Prec@1 71.560 Prec@5 88.560             Loss 1.17071
Epoch [93] Training Class Recall: [0.691,0.729,0.660,0.682,0.717,0.719,0.736,0.733,0.740,0.747]
Epoch [93] Testing Results: Prec@1 62.200 Prec@5 88.800             Loss 1.40016
Epoch [93] Testing Class Recall: [0.941,0.882,0.754,0.681,0.521,0.593,0.597,0.714,0.293,0.244]
Epoch [94] Training Results: Prec@1 71.438 Prec@5 88.542             Loss 1.17796
Epoch [94] Training Class Recall: [0.689,0.725,0.667,0.680,0.712,0.721,0.734,0.733,0.738,0.743]
Epoch [94] Testing Results: Prec@1 68.560 Prec@5 92.300             Loss 1.10100
Epoch [94] Testing Class Recall: [0.893,0.857,0.686,0.635,0.612,0.552,0.823,0.684,0.783,0.331]
Epoch [95] Training Results: Prec@1 71.447 Prec@5 88.537             Loss 1.17317
Epoch [95] Training Class Recall: [0.690,0.730,0.661,0.673,0.717,0.715,0.739,0.731,0.739,0.750]
Epoch [95] Testing Results: Prec@1 66.180 Prec@5 92.240             Loss 1.17263
Epoch [95] Testing Class Recall: [0.865,0.931,0.607,0.604,0.572,0.693,0.893,0.544,0.632,0.277]
Epoch [96] Training Results: Prec@1 71.588 Prec@5 88.392             Loss 1.17220
Epoch [96] Training Class Recall: [0.688,0.725,0.663,0.688,0.713,0.722,0.740,0.731,0.741,0.747]
Epoch [96] Testing Results: Prec@1 63.730 Prec@5 89.710             Loss 1.25648
Epoch [96] Testing Class Recall: [0.856,0.930,0.704,0.604,0.763,0.522,0.860,0.455,0.501,0.178]
Epoch [97] Training Results: Prec@1 71.557 Prec@5 88.332             Loss 1.17611
Epoch [97] Training Class Recall: [0.690,0.728,0.665,0.685,0.720,0.711,0.738,0.731,0.739,0.748]
Epoch [97] Testing Results: Prec@1 65.730 Prec@5 91.670             Loss 1.20617
Epoch [97] Testing Class Recall: [0.839,0.942,0.807,0.550,0.531,0.511,0.820,0.624,0.306,0.643]
Epoch [98] Training Results: Prec@1 71.390 Prec@5 88.732             Loss 1.17598
Epoch [98] Training Class Recall: [0.691,0.726,0.663,0.679,0.709,0.710,0.740,0.734,0.739,0.748]
Epoch [98] Testing Results: Prec@1 67.680 Prec@5 92.980             Loss 1.13008
Epoch [98] Testing Class Recall: [0.877,0.889,0.867,0.656,0.524,0.563,0.621,0.612,0.514,0.645]
Epoch [99] Training Results: Prec@1 71.757 Prec@5 88.572             Loss 1.16991
Epoch [99] Training Class Recall: [0.693,0.732,0.668,0.683,0.720,0.718,0.740,0.733,0.741,0.748]
Epoch [99] Testing Results: Prec@1 66.940 Prec@5 92.050             Loss 1.16627
Epoch [99] Testing Class Recall: [0.807,0.885,0.775,0.471,0.874,0.658,0.600,0.524,0.633,0.467]
Epoch [100] Training Results: Prec@1 71.885 Prec@5 88.730             Loss 1.16645
Epoch [100] Training Class Recall: [0.694,0.730,0.673,0.688,0.725,0.720,0.738,0.733,0.741,0.747]
Epoch [100] Testing Results: Prec@1 66.700 Prec@5 91.540             Loss 1.19445
Epoch [100] Testing Class Recall: [0.863,0.961,0.588,0.565,0.788,0.788,0.602,0.431,0.543,0.541]
Epoch [101] Training Results: Prec@1 71.632 Prec@5 88.582             Loss 1.17172
Epoch [101] Training Class Recall: [0.689,0.725,0.669,0.683,0.719,0.713,0.741,0.735,0.741,0.748]
Epoch [101] Testing Results: Prec@1 69.110 Prec@5 93.710             Loss 1.05917
Epoch [101] Testing Class Recall: [0.848,0.937,0.674,0.645,0.785,0.562,0.551,0.637,0.600,0.672]
Epoch [102] Training Results: Prec@1 71.740 Prec@5 88.902             Loss 1.16964
Epoch [102] Training Class Recall: [0.690,0.728,0.671,0.685,0.719,0.721,0.742,0.734,0.738,0.746]
Epoch [102] Testing Results: Prec@1 65.640 Prec@5 91.740             Loss 1.22589
Epoch [102] Testing Class Recall: [0.899,0.944,0.710,0.590,0.626,0.409,0.584,0.784,0.510,0.508]
Epoch [103] Training Results: Prec@1 71.390 Prec@5 88.785             Loss 1.17361
Epoch [103] Training Class Recall: [0.688,0.723,0.671,0.680,0.716,0.708,0.738,0.728,0.740,0.746]
Epoch [103] Testing Results: Prec@1 66.140 Prec@5 92.550             Loss 1.14309
Epoch [103] Testing Class Recall: [0.923,0.927,0.759,0.503,0.665,0.612,0.626,0.522,0.480,0.597]
Epoch [104] Training Results: Prec@1 71.507 Prec@5 88.850             Loss 1.17166
Epoch [104] Training Class Recall: [0.683,0.724,0.668,0.687,0.718,0.716,0.738,0.729,0.739,0.748]
Epoch [104] Testing Results: Prec@1 63.960 Prec@5 91.130             Loss 1.22109
Epoch [104] Testing Class Recall: [0.884,0.951,0.712,0.558,0.469,0.650,0.819,0.587,0.340,0.426]
Epoch [105] Training Results: Prec@1 71.500 Prec@5 88.630             Loss 1.17341
Epoch [105] Training Class Recall: [0.686,0.727,0.669,0.681,0.714,0.720,0.735,0.734,0.736,0.748]
Epoch [105] Testing Results: Prec@1 60.430 Prec@5 88.160             Loss 1.38869
Epoch [105] Testing Class Recall: [0.710,0.950,0.782,0.776,0.800,0.407,0.499,0.485,0.411,0.223]
Epoch [106] Training Results: Prec@1 71.692 Prec@5 88.965             Loss 1.16948
Epoch [106] Training Class Recall: [0.697,0.729,0.675,0.680,0.717,0.715,0.740,0.733,0.737,0.746]
Epoch [106] Testing Results: Prec@1 66.270 Prec@5 92.550             Loss 1.16365
Epoch [106] Testing Class Recall: [0.919,0.788,0.756,0.537,0.709,0.327,0.617,0.820,0.604,0.550]
Epoch [107] Training Results: Prec@1 71.565 Prec@5 88.720             Loss 1.17289
Epoch [107] Training Class Recall: [0.689,0.725,0.665,0.684,0.720,0.716,0.735,0.734,0.741,0.746]
Epoch [107] Testing Results: Prec@1 67.320 Prec@5 92.680             Loss 1.15230
Epoch [107] Testing Class Recall: [0.865,0.833,0.863,0.647,0.642,0.581,0.615,0.508,0.535,0.643]
Epoch [108] Training Results: Prec@1 71.850 Prec@5 88.660             Loss 1.16468
Epoch [108] Training Class Recall: [0.690,0.729,0.672,0.693,0.724,0.718,0.740,0.733,0.738,0.747]
Epoch [108] Testing Results: Prec@1 66.370 Prec@5 92.090             Loss 1.18415
Epoch [108] Testing Class Recall: [0.952,0.922,0.722,0.418,0.800,0.544,0.787,0.548,0.434,0.510]
Epoch [109] Training Results: Prec@1 71.800 Prec@5 88.857             Loss 1.16564
Epoch [109] Training Class Recall: [0.692,0.730,0.666,0.689,0.725,0.718,0.740,0.734,0.739,0.747]
Epoch [109] Testing Results: Prec@1 63.530 Prec@5 90.470             Loss 1.27092
Epoch [109] Testing Class Recall: [0.812,0.956,0.794,0.637,0.683,0.650,0.554,0.540,0.346,0.381]
Epoch [110] Training Results: Prec@1 71.562 Prec@5 88.868             Loss 1.16818
Epoch [110] Training Class Recall: [0.688,0.729,0.666,0.683,0.718,0.718,0.734,0.733,0.741,0.745]
Epoch [110] Testing Results: Prec@1 66.970 Prec@5 92.560             Loss 1.15164
Epoch [110] Testing Class Recall: [0.895,0.965,0.680,0.629,0.826,0.473,0.777,0.594,0.459,0.399]
Epoch [111] Training Results: Prec@1 71.747 Prec@5 88.710             Loss 1.16957
Epoch [111] Training Class Recall: [0.696,0.729,0.681,0.685,0.716,0.718,0.736,0.730,0.736,0.747]
Epoch [111] Testing Results: Prec@1 64.950 Prec@5 93.430             Loss 1.19925
Epoch [111] Testing Class Recall: [0.872,0.937,0.608,0.853,0.550,0.453,0.736,0.496,0.544,0.446]
Epoch [112] Training Results: Prec@1 71.785 Prec@5 88.882             Loss 1.16394
Epoch [112] Training Class Recall: [0.688,0.724,0.673,0.693,0.720,0.721,0.738,0.734,0.738,0.748]
Epoch [112] Testing Results: Prec@1 67.360 Prec@5 92.510             Loss 1.12141
Epoch [112] Testing Class Recall: [0.658,0.960,0.762,0.667,0.716,0.589,0.717,0.563,0.488,0.616]
Epoch [113] Training Results: Prec@1 71.385 Prec@5 88.830             Loss 1.17243
Epoch [113] Training Class Recall: [0.688,0.726,0.671,0.675,0.712,0.714,0.736,0.728,0.740,0.748]
Epoch [113] Testing Results: Prec@1 66.000 Prec@5 93.200             Loss 1.14505
Epoch [113] Testing Class Recall: [0.739,0.898,0.668,0.765,0.755,0.684,0.451,0.649,0.387,0.604]
Epoch [114] Training Results: Prec@1 71.855 Prec@5 88.923             Loss 1.16481
Epoch [114] Training Class Recall: [0.693,0.729,0.675,0.687,0.721,0.721,0.741,0.732,0.740,0.747]
Epoch [114] Testing Results: Prec@1 69.980 Prec@5 93.460             Loss 1.04999
Epoch [114] Testing Class Recall: [0.843,0.963,0.790,0.502,0.681,0.546,0.827,0.604,0.661,0.581]
Epoch [115] Training Results: Prec@1 71.765 Prec@5 88.892             Loss 1.16557
Epoch [115] Training Class Recall: [0.690,0.722,0.669,0.688,0.724,0.724,0.740,0.734,0.738,0.747]
Epoch [115] Testing Results: Prec@1 68.970 Prec@5 93.480             Loss 1.05885
Epoch [115] Testing Class Recall: [0.815,0.948,0.574,0.742,0.573,0.685,0.756,0.570,0.696,0.538]
Epoch [116] Training Results: Prec@1 71.770 Prec@5 88.902             Loss 1.16408
Epoch [116] Training Class Recall: [0.688,0.725,0.678,0.688,0.722,0.720,0.736,0.732,0.739,0.747]
Epoch [116] Testing Results: Prec@1 66.810 Prec@5 92.660             Loss 1.16223
Epoch [116] Testing Class Recall: [0.885,0.975,0.677,0.547,0.705,0.741,0.728,0.657,0.376,0.390]
Epoch [117] Training Results: Prec@1 71.685 Prec@5 88.832             Loss 1.16731
Epoch [117] Training Class Recall: [0.691,0.726,0.667,0.684,0.719,0.719,0.740,0.732,0.740,0.750]
Epoch [117] Testing Results: Prec@1 70.550 Prec@5 94.240             Loss 1.00795
Epoch [117] Testing Class Recall: [0.745,0.896,0.732,0.713,0.595,0.734,0.590,0.699,0.727,0.624]
Epoch [118] Training Results: Prec@1 71.795 Prec@5 88.935             Loss 1.16161
Epoch [118] Training Class Recall: [0.687,0.727,0.678,0.684,0.719,0.722,0.738,0.733,0.741,0.750]
Epoch [118] Testing Results: Prec@1 65.580 Prec@5 92.070             Loss 1.18668
Epoch [118] Testing Class Recall: [0.663,0.968,0.706,0.708,0.600,0.505,0.833,0.567,0.417,0.591]
Epoch [119] Training Results: Prec@1 71.737 Prec@5 89.033             Loss 1.16521
Epoch [119] Training Class Recall: [0.690,0.728,0.671,0.682,0.722,0.719,0.739,0.734,0.740,0.749]
Epoch [119] Testing Results: Prec@1 64.600 Prec@5 89.660             Loss 1.28505
Epoch [119] Testing Class Recall: [0.836,0.968,0.836,0.546,0.765,0.565,0.556,0.610,0.435,0.343]
Epoch [120] Training Results: Prec@1 71.755 Prec@5 88.915             Loss 1.16469
Epoch [120] Training Class Recall: [0.694,0.722,0.678,0.689,0.716,0.719,0.736,0.733,0.741,0.747]
Epoch [120] Testing Results: Prec@1 66.260 Prec@5 92.580             Loss 1.17833
Epoch [120] Testing Class Recall: [0.886,0.870,0.605,0.743,0.719,0.540,0.585,0.568,0.298,0.812]
Epoch [121] Training Results: Prec@1 71.675 Prec@5 89.213             Loss 1.16309
Epoch [121] Training Class Recall: [0.688,0.729,0.677,0.686,0.715,0.717,0.737,0.733,0.739,0.746]
Epoch [121] Testing Results: Prec@1 63.130 Prec@5 86.420             Loss 1.33299
Epoch [121] Testing Class Recall: [0.946,0.940,0.760,0.211,0.582,0.817,0.759,0.610,0.246,0.442]
Epoch [122] Training Results: Prec@1 71.790 Prec@5 88.947             Loss 1.16409
Epoch [122] Training Class Recall: [0.698,0.730,0.668,0.684,0.712,0.725,0.740,0.733,0.739,0.750]
Epoch [122] Testing Results: Prec@1 64.230 Prec@5 91.760             Loss 1.23591
Epoch [122] Testing Class Recall: [0.851,0.951,0.544,0.393,0.910,0.344,0.455,0.744,0.610,0.621]
Epoch [123] Training Results: Prec@1 71.805 Prec@5 89.095             Loss 1.16256
Epoch [123] Training Class Recall: [0.694,0.728,0.677,0.686,0.716,0.713,0.742,0.735,0.741,0.748]
Epoch [123] Testing Results: Prec@1 69.490 Prec@5 91.890             Loss 1.08087
Epoch [123] Testing Class Recall: [0.829,0.929,0.716,0.687,0.761,0.654,0.720,0.528,0.669,0.456]
Epoch [124] Training Results: Prec@1 71.777 Prec@5 89.103             Loss 1.16416
Epoch [124] Training Class Recall: [0.696,0.727,0.672,0.684,0.717,0.718,0.738,0.735,0.741,0.749]
Epoch [124] Testing Results: Prec@1 68.280 Prec@5 91.610             Loss 1.13778
Epoch [124] Testing Class Recall: [0.795,0.965,0.723,0.659,0.694,0.603,0.785,0.693,0.484,0.427]
Epoch [125] Training Results: Prec@1 71.815 Prec@5 89.060             Loss 1.16419
Epoch [125] Training Class Recall: [0.698,0.730,0.671,0.684,0.718,0.724,0.736,0.734,0.738,0.749]
Epoch [125] Testing Results: Prec@1 63.630 Prec@5 90.320             Loss 1.27049
Epoch [125] Testing Class Recall: [0.883,0.967,0.828,0.604,0.557,0.268,0.797,0.697,0.283,0.479]
Epoch [126] Training Results: Prec@1 71.845 Prec@5 88.982             Loss 1.16332
Epoch [126] Training Class Recall: [0.690,0.727,0.674,0.688,0.719,0.723,0.740,0.735,0.740,0.749]
Epoch [126] Testing Results: Prec@1 67.340 Prec@5 93.250             Loss 1.15436
Epoch [126] Testing Class Recall: [0.857,0.896,0.728,0.852,0.591,0.406,0.605,0.665,0.539,0.595]
Epoch [127] Training Results: Prec@1 71.627 Prec@5 89.082             Loss 1.16244
Epoch [127] Training Class Recall: [0.690,0.726,0.666,0.686,0.718,0.714,0.742,0.732,0.740,0.747]
Epoch [127] Testing Results: Prec@1 69.190 Prec@5 92.350             Loss 1.08928
Epoch [127] Testing Class Recall: [0.861,0.871,0.705,0.422,0.774,0.733,0.818,0.440,0.618,0.677]
Epoch [128] Training Results: Prec@1 71.677 Prec@5 88.887             Loss 1.16430
Epoch [128] Training Class Recall: [0.690,0.731,0.674,0.681,0.715,0.720,0.736,0.733,0.739,0.748]
Epoch [128] Testing Results: Prec@1 61.970 Prec@5 90.840             Loss 1.29044
Epoch [128] Testing Class Recall: [0.778,0.946,0.860,0.623,0.476,0.452,0.791,0.296,0.540,0.435]
Epoch [129] Training Results: Prec@1 71.697 Prec@5 88.987             Loss 1.16662
Epoch [129] Training Class Recall: [0.688,0.726,0.678,0.683,0.723,0.715,0.738,0.733,0.739,0.748]
Epoch [129] Testing Results: Prec@1 69.410 Prec@5 93.440             Loss 1.09093
Epoch [129] Testing Class Recall: [0.882,0.943,0.796,0.434,0.696,0.529,0.719,0.691,0.746,0.505]
Epoch [130] Training Results: Prec@1 71.970 Prec@5 89.040             Loss 1.16020
Epoch [130] Training Class Recall: [0.699,0.726,0.676,0.690,0.723,0.716,0.741,0.737,0.742,0.747]
Epoch [130] Testing Results: Prec@1 70.740 Prec@5 93.600             Loss 1.04643
Epoch [130] Testing Class Recall: [0.819,0.897,0.701,0.661,0.688,0.637,0.678,0.615,0.827,0.551]
Epoch [131] Training Results: Prec@1 71.870 Prec@5 89.162             Loss 1.16218
Epoch [131] Training Class Recall: [0.695,0.726,0.675,0.686,0.723,0.722,0.740,0.734,0.738,0.748]
Epoch [131] Testing Results: Prec@1 68.840 Prec@5 92.260             Loss 1.11623
Epoch [131] Testing Class Recall: [0.888,0.875,0.473,0.723,0.833,0.539,0.825,0.753,0.531,0.444]
Epoch [132] Training Results: Prec@1 71.887 Prec@5 88.930             Loss 1.15874
Epoch [132] Training Class Recall: [0.696,0.729,0.675,0.684,0.724,0.725,0.742,0.730,0.740,0.745]
Epoch [132] Testing Results: Prec@1 62.350 Prec@5 90.640             Loss 1.33515
Epoch [132] Testing Class Recall: [0.927,0.953,0.807,0.495,0.592,0.548,0.616,0.743,0.218,0.336]
Epoch [133] Training Results: Prec@1 71.725 Prec@5 89.067             Loss 1.16348
Epoch [133] Training Class Recall: [0.690,0.728,0.673,0.690,0.719,0.714,0.739,0.732,0.739,0.748]
Epoch [133] Testing Results: Prec@1 67.150 Prec@5 91.280             Loss 1.15886
Epoch [133] Testing Class Recall: [0.768,0.906,0.679,0.689,0.731,0.563,0.703,0.196,0.871,0.609]
Epoch [134] Training Results: Prec@1 71.812 Prec@5 88.900             Loss 1.16191
Epoch [134] Training Class Recall: [0.690,0.729,0.676,0.693,0.719,0.713,0.739,0.732,0.741,0.747]
Epoch [134] Testing Results: Prec@1 65.960 Prec@5 92.850             Loss 1.17848
Epoch [134] Testing Class Recall: [0.921,0.890,0.702,0.347,0.653,0.686,0.757,0.720,0.496,0.424]
Epoch [135] Training Results: Prec@1 71.768 Prec@5 89.160             Loss 1.16204
Epoch [135] Training Class Recall: [0.689,0.727,0.675,0.684,0.723,0.723,0.735,0.734,0.740,0.748]
Epoch [135] Testing Results: Prec@1 68.950 Prec@5 93.390             Loss 1.09541
Epoch [135] Testing Class Recall: [0.922,0.851,0.755,0.536,0.707,0.531,0.595,0.660,0.593,0.745]
Epoch [136] Training Results: Prec@1 71.900 Prec@5 89.012             Loss 1.16191
Epoch [136] Training Class Recall: [0.699,0.727,0.677,0.689,0.720,0.718,0.739,0.732,0.740,0.748]
Epoch [136] Testing Results: Prec@1 62.630 Prec@5 89.430             Loss 1.33530
Epoch [136] Testing Class Recall: [0.912,0.968,0.571,0.672,0.531,0.443,0.865,0.284,0.557,0.460]
Epoch [137] Training Results: Prec@1 71.632 Prec@5 88.978             Loss 1.16222
Epoch [137] Training Class Recall: [0.691,0.727,0.673,0.682,0.718,0.720,0.739,0.727,0.738,0.748]
Epoch [137] Testing Results: Prec@1 69.290 Prec@5 92.430             Loss 1.11811
Epoch [137] Testing Class Recall: [0.886,0.916,0.600,0.773,0.732,0.427,0.810,0.452,0.637,0.696]
Epoch [138] Training Results: Prec@1 71.787 Prec@5 89.125             Loss 1.15988
Epoch [138] Training Class Recall: [0.686,0.729,0.675,0.685,0.724,0.718,0.738,0.734,0.740,0.750]
Epoch [138] Testing Results: Prec@1 69.390 Prec@5 93.750             Loss 1.04744
Epoch [138] Testing Class Recall: [0.902,0.917,0.567,0.652,0.810,0.515,0.676,0.777,0.639,0.484]
Epoch [139] Training Results: Prec@1 71.970 Prec@5 88.972             Loss 1.16143
Epoch [139] Training Class Recall: [0.701,0.727,0.676,0.692,0.719,0.719,0.741,0.734,0.740,0.747]
Epoch [139] Testing Results: Prec@1 64.090 Prec@5 90.850             Loss 1.22561
Epoch [139] Testing Class Recall: [0.863,0.886,0.499,0.479,0.806,0.742,0.917,0.381,0.559,0.277]
Epoch [140] Training Results: Prec@1 71.780 Prec@5 89.057             Loss 1.16102
Epoch [140] Training Class Recall: [0.692,0.731,0.678,0.684,0.718,0.721,0.736,0.730,0.739,0.747]
Epoch [140] Testing Results: Prec@1 68.020 Prec@5 92.640             Loss 1.13389
Epoch [140] Testing Class Recall: [0.869,0.954,0.727,0.567,0.810,0.598,0.665,0.435,0.639,0.538]
Epoch [141] Training Results: Prec@1 71.882 Prec@5 88.987             Loss 1.16083
Epoch [141] Training Class Recall: [0.696,0.729,0.674,0.690,0.716,0.718,0.739,0.737,0.740,0.750]
Epoch [141] Testing Results: Prec@1 65.770 Prec@5 91.410             Loss 1.20078
Epoch [141] Testing Class Recall: [0.892,0.933,0.485,0.674,0.688,0.787,0.736,0.288,0.690,0.404]
Epoch [142] Training Results: Prec@1 71.995 Prec@5 89.110             Loss 1.15760
Epoch [142] Training Class Recall: [0.695,0.729,0.679,0.693,0.722,0.720,0.741,0.732,0.739,0.749]
Epoch [142] Testing Results: Prec@1 60.140 Prec@5 90.920             Loss 1.36742
Epoch [142] Testing Class Recall: [0.854,0.993,0.810,0.300,0.642,0.461,0.669,0.569,0.291,0.425]
Epoch [143] Training Results: Prec@1 72.185 Prec@5 89.235             Loss 1.15494
Epoch [143] Training Class Recall: [0.701,0.728,0.682,0.692,0.724,0.726,0.741,0.737,0.740,0.747]
Epoch [143] Testing Results: Prec@1 65.950 Prec@5 90.710             Loss 1.19544
Epoch [143] Testing Class Recall: [0.847,0.899,0.865,0.591,0.688,0.425,0.604,0.676,0.623,0.377]
Epoch [144] Training Results: Prec@1 71.927 Prec@5 89.050             Loss 1.15926
Epoch [144] Training Class Recall: [0.702,0.725,0.679,0.686,0.722,0.719,0.739,0.734,0.740,0.747]
Epoch [144] Testing Results: Prec@1 65.380 Prec@5 92.000             Loss 1.20626
Epoch [144] Testing Class Recall: [0.886,0.912,0.659,0.802,0.572,0.282,0.758,0.547,0.327,0.793]
Epoch [145] Training Results: Prec@1 72.045 Prec@5 89.210             Loss 1.15637
Epoch [145] Training Class Recall: [0.695,0.727,0.680,0.688,0.725,0.723,0.737,0.737,0.741,0.751]
Epoch [145] Testing Results: Prec@1 70.630 Prec@5 93.750             Loss 1.03684
Epoch [145] Testing Class Recall: [0.838,0.908,0.743,0.489,0.775,0.607,0.718,0.701,0.649,0.635]
Epoch [146] Training Results: Prec@1 71.995 Prec@5 89.173             Loss 1.15837
Epoch [146] Training Class Recall: [0.697,0.728,0.674,0.693,0.722,0.728,0.739,0.732,0.739,0.747]
Epoch [146] Testing Results: Prec@1 69.930 Prec@5 93.550             Loss 1.07627
Epoch [146] Testing Class Recall: [0.742,0.941,0.701,0.801,0.768,0.491,0.634,0.652,0.716,0.547]
Epoch [147] Training Results: Prec@1 71.728 Prec@5 88.982             Loss 1.16118
Epoch [147] Training Class Recall: [0.685,0.731,0.671,0.685,0.720,0.723,0.739,0.729,0.739,0.750]
Epoch [147] Testing Results: Prec@1 67.560 Prec@5 92.750             Loss 1.15811
Epoch [147] Testing Class Recall: [0.839,0.943,0.730,0.658,0.690,0.581,0.720,0.487,0.410,0.698]
Epoch [148] Training Results: Prec@1 72.230 Prec@5 89.283             Loss 1.15462
Epoch [148] Training Class Recall: [0.699,0.730,0.680,0.704,0.725,0.722,0.742,0.733,0.739,0.748]
Epoch [148] Testing Results: Prec@1 62.420 Prec@5 89.750             Loss 1.33393
Epoch [148] Testing Class Recall: [0.953,0.922,0.636,0.373,0.398,0.763,0.707,0.593,0.467,0.430]
Epoch [149] Training Results: Prec@1 71.860 Prec@5 89.300             Loss 1.15593
Epoch [149] Training Class Recall: [0.692,0.724,0.675,0.685,0.723,0.727,0.737,0.735,0.740,0.748]
Epoch [149] Testing Results: Prec@1 65.710 Prec@5 91.540             Loss 1.21712
Epoch [149] Testing Class Recall: [0.906,0.944,0.764,0.602,0.750,0.563,0.623,0.646,0.367,0.406]
Epoch [150] Training Results: Prec@1 71.965 Prec@5 89.215             Loss 1.15573
Epoch [150] Training Class Recall: [0.697,0.727,0.678,0.689,0.721,0.722,0.741,0.734,0.742,0.746]
Epoch [150] Testing Results: Prec@1 67.350 Prec@5 92.920             Loss 1.12443
Epoch [150] Testing Class Recall: [0.851,0.970,0.607,0.376,0.667,0.832,0.589,0.732,0.481,0.630]
Epoch [151] Training Results: Prec@1 71.812 Prec@5 89.315             Loss 1.15412
Epoch [151] Training Class Recall: [0.694,0.729,0.673,0.681,0.723,0.721,0.737,0.735,0.739,0.749]
Epoch [151] Testing Results: Prec@1 67.450 Prec@5 93.070             Loss 1.12352
Epoch [151] Testing Class Recall: [0.923,0.858,0.566,0.644,0.634,0.777,0.728,0.430,0.567,0.618]
Epoch [152] Training Results: Prec@1 72.175 Prec@5 89.245             Loss 1.15348
Epoch [152] Training Class Recall: [0.702,0.729,0.680,0.692,0.726,0.729,0.735,0.734,0.740,0.750]
Epoch [152] Testing Results: Prec@1 66.990 Prec@5 93.040             Loss 1.15574
Epoch [152] Testing Class Recall: [0.891,0.832,0.630,0.780,0.539,0.598,0.520,0.747,0.644,0.518]
Epoch [153] Training Results: Prec@1 71.667 Prec@5 89.088             Loss 1.16276
Epoch [153] Training Class Recall: [0.689,0.728,0.671,0.686,0.718,0.716,0.739,0.733,0.739,0.748]
Epoch [153] Testing Results: Prec@1 64.690 Prec@5 91.650             Loss 1.21220
Epoch [153] Testing Class Recall: [0.640,0.950,0.834,0.582,0.860,0.514,0.658,0.503,0.495,0.433]
Epoch [154] Training Results: Prec@1 71.895 Prec@5 89.175             Loss 1.15662
Epoch [154] Training Class Recall: [0.693,0.727,0.677,0.690,0.718,0.724,0.736,0.733,0.742,0.749]
Epoch [154] Testing Results: Prec@1 68.600 Prec@5 93.520             Loss 1.12286
Epoch [154] Testing Class Recall: [0.940,0.927,0.726,0.563,0.698,0.583,0.734,0.641,0.351,0.697]
Epoch [155] Training Results: Prec@1 72.107 Prec@5 89.105             Loss 1.15386
Epoch [155] Training Class Recall: [0.699,0.727,0.682,0.689,0.728,0.725,0.739,0.733,0.738,0.751]
Epoch [155] Testing Results: Prec@1 65.660 Prec@5 91.420             Loss 1.20744
Epoch [155] Testing Class Recall: [0.865,0.938,0.820,0.762,0.544,0.560,0.654,0.429,0.467,0.527]
Epoch [156] Training Results: Prec@1 71.792 Prec@5 89.228             Loss 1.15900
Epoch [156] Training Class Recall: [0.692,0.731,0.675,0.680,0.715,0.726,0.738,0.731,0.741,0.750]
Epoch [156] Testing Results: Prec@1 65.870 Prec@5 91.550             Loss 1.22358
Epoch [156] Testing Class Recall: [0.775,0.954,0.843,0.766,0.504,0.509,0.464,0.644,0.574,0.554]
Epoch [157] Training Results: Prec@1 71.795 Prec@5 89.207             Loss 1.15813
Epoch [157] Training Class Recall: [0.693,0.727,0.673,0.686,0.718,0.724,0.739,0.727,0.740,0.751]
Epoch [157] Testing Results: Prec@1 69.020 Prec@5 93.590             Loss 1.07937
Epoch [157] Testing Class Recall: [0.930,0.936,0.588,0.570,0.745,0.526,0.857,0.616,0.549,0.585]
Epoch [158] Training Results: Prec@1 71.853 Prec@5 89.375             Loss 1.15620
Epoch [158] Training Class Recall: [0.696,0.728,0.677,0.685,0.716,0.727,0.739,0.733,0.739,0.745]
Epoch [158] Testing Results: Prec@1 67.640 Prec@5 91.510             Loss 1.16171
Epoch [158] Testing Class Recall: [0.915,0.895,0.570,0.503,0.542,0.801,0.797,0.609,0.427,0.705]
Epoch [159] Training Results: Prec@1 71.938 Prec@5 89.430             Loss 1.15610
Epoch [159] Training Class Recall: [0.694,0.732,0.674,0.691,0.718,0.721,0.741,0.733,0.740,0.748]
Epoch [159] Testing Results: Prec@1 63.920 Prec@5 91.300             Loss 1.27683
Epoch [159] Testing Class Recall: [0.691,0.982,0.661,0.490,0.605,0.863,0.676,0.547,0.496,0.381]
Epoch [160] Training Results: Prec@1 73.417 Prec@5 90.342             Loss 1.10544
Epoch [160] Training Class Recall: [0.705,0.745,0.710,0.703,0.740,0.751,0.757,0.738,0.742,0.752]
Epoch [160] Testing Results: Prec@1 71.520 Prec@5 93.940             Loss 1.01066
Epoch [160] Testing Class Recall: [0.899,0.963,0.745,0.695,0.749,0.674,0.737,0.605,0.579,0.506]
Epoch [161] Training Results: Prec@1 74.048 Prec@5 90.842             Loss 1.08241
Epoch [161] Training Class Recall: [0.721,0.743,0.718,0.727,0.752,0.750,0.757,0.743,0.742,0.752]
Epoch [161] Testing Results: Prec@1 71.670 Prec@5 94.030             Loss 1.00998
Epoch [161] Testing Class Recall: [0.903,0.960,0.759,0.728,0.786,0.632,0.726,0.592,0.575,0.506]
Epoch [162] Training Results: Prec@1 74.250 Prec@5 90.975             Loss 1.07388
Epoch [162] Training Class Recall: [0.725,0.743,0.724,0.731,0.751,0.751,0.758,0.745,0.745,0.753]
Epoch [162] Testing Results: Prec@1 71.650 Prec@5 93.970             Loss 1.01508
Epoch [162] Testing Class Recall: [0.902,0.962,0.782,0.725,0.779,0.633,0.697,0.605,0.563,0.517]
Epoch [163] Training Results: Prec@1 74.255 Prec@5 91.065             Loss 1.06896
Epoch [163] Training Class Recall: [0.724,0.745,0.725,0.734,0.749,0.752,0.755,0.744,0.746,0.753]
Epoch [163] Testing Results: Prec@1 71.760 Prec@5 94.220             Loss 1.01304
Epoch [163] Testing Class Recall: [0.901,0.962,0.784,0.710,0.786,0.615,0.729,0.607,0.595,0.487]
Epoch [164] Training Results: Prec@1 74.445 Prec@5 91.197             Loss 1.06309
Epoch [164] Training Class Recall: [0.728,0.743,0.728,0.737,0.751,0.755,0.758,0.745,0.746,0.753]
Epoch [164] Testing Results: Prec@1 72.000 Prec@5 94.170             Loss 1.01204
Epoch [164] Testing Class Recall: [0.918,0.965,0.764,0.742,0.785,0.632,0.725,0.603,0.571,0.495]
Epoch [165] Training Results: Prec@1 74.467 Prec@5 91.237             Loss 1.06012
Epoch [165] Training Class Recall: [0.728,0.745,0.729,0.738,0.752,0.753,0.758,0.746,0.745,0.753]
Epoch [165] Testing Results: Prec@1 71.680 Prec@5 94.130             Loss 1.01629
Epoch [165] Testing Class Recall: [0.911,0.964,0.773,0.735,0.758,0.641,0.718,0.607,0.572,0.489]
Epoch [166] Training Results: Prec@1 74.577 Prec@5 91.380             Loss 1.05593
Epoch [166] Training Class Recall: [0.728,0.745,0.734,0.743,0.752,0.755,0.757,0.744,0.747,0.753]
Epoch [166] Testing Results: Prec@1 72.160 Prec@5 94.220             Loss 1.00429
Epoch [166] Testing Class Recall: [0.912,0.966,0.775,0.721,0.794,0.639,0.722,0.612,0.529,0.546]
Epoch [167] Training Results: Prec@1 74.560 Prec@5 91.505             Loss 1.05395
Epoch [167] Training Class Recall: [0.732,0.746,0.729,0.739,0.752,0.758,0.757,0.744,0.747,0.754]
Epoch [167] Testing Results: Prec@1 71.640 Prec@5 94.130             Loss 1.02332
Epoch [167] Testing Class Recall: [0.916,0.964,0.765,0.729,0.746,0.650,0.741,0.620,0.539,0.494]
Epoch [168] Training Results: Prec@1 74.637 Prec@5 91.590             Loss 1.05065
Epoch [168] Training Class Recall: [0.729,0.745,0.734,0.742,0.755,0.756,0.759,0.746,0.746,0.753]
Epoch [168] Testing Results: Prec@1 71.860 Prec@5 94.040             Loss 1.02210
Epoch [168] Testing Class Recall: [0.917,0.965,0.772,0.738,0.794,0.628,0.699,0.619,0.534,0.520]
Epoch [169] Training Results: Prec@1 74.662 Prec@5 91.525             Loss 1.05003
Epoch [169] Training Class Recall: [0.734,0.747,0.732,0.743,0.753,0.756,0.757,0.745,0.745,0.754]
Epoch [169] Testing Results: Prec@1 71.690 Prec@5 93.960             Loss 1.01977
Epoch [169] Testing Class Recall: [0.897,0.967,0.776,0.732,0.787,0.643,0.705,0.619,0.543,0.500]
Epoch [170] Training Results: Prec@1 74.692 Prec@5 91.757             Loss 1.04568
Epoch [170] Training Class Recall: [0.734,0.744,0.735,0.742,0.756,0.757,0.758,0.745,0.746,0.753]
Epoch [170] Testing Results: Prec@1 71.930 Prec@5 94.050             Loss 1.02064
Epoch [170] Testing Class Recall: [0.901,0.964,0.785,0.750,0.774,0.622,0.694,0.633,0.573,0.497]
Epoch [171] Training Results: Prec@1 74.697 Prec@5 91.642             Loss 1.04396
Epoch [171] Training Class Recall: [0.734,0.746,0.731,0.743,0.753,0.757,0.759,0.746,0.747,0.753]
Epoch [171] Testing Results: Prec@1 71.760 Prec@5 93.950             Loss 1.02335
Epoch [171] Testing Class Recall: [0.906,0.964,0.784,0.730,0.787,0.620,0.703,0.617,0.546,0.519]
Epoch [172] Training Results: Prec@1 74.713 Prec@5 91.662             Loss 1.04344
Epoch [172] Training Class Recall: [0.735,0.749,0.734,0.740,0.754,0.756,0.757,0.745,0.747,0.755]
Epoch [172] Testing Results: Prec@1 71.810 Prec@5 93.830             Loss 1.02540
Epoch [172] Testing Class Recall: [0.904,0.964,0.784,0.735,0.775,0.626,0.704,0.624,0.556,0.509]
Epoch [173] Training Results: Prec@1 74.802 Prec@5 91.747             Loss 1.04134
Epoch [173] Training Class Recall: [0.738,0.746,0.737,0.744,0.756,0.756,0.758,0.746,0.747,0.753]
Epoch [173] Testing Results: Prec@1 71.830 Prec@5 94.190             Loss 1.01442
Epoch [173] Testing Class Recall: [0.893,0.967,0.792,0.720,0.780,0.634,0.694,0.613,0.560,0.530]
Epoch [174] Training Results: Prec@1 74.815 Prec@5 91.917             Loss 1.04078
Epoch [174] Training Class Recall: [0.733,0.750,0.733,0.748,0.756,0.757,0.758,0.746,0.747,0.754]
Epoch [174] Testing Results: Prec@1 71.360 Prec@5 93.730             Loss 1.03784
Epoch [174] Testing Class Recall: [0.896,0.968,0.774,0.740,0.780,0.623,0.713,0.594,0.545,0.503]
Epoch [175] Training Results: Prec@1 74.868 Prec@5 91.825             Loss 1.03820
Epoch [175] Training Class Recall: [0.736,0.748,0.737,0.746,0.758,0.758,0.760,0.746,0.747,0.753]
Epoch [175] Testing Results: Prec@1 71.600 Prec@5 93.670             Loss 1.03015
Epoch [175] Testing Class Recall: [0.892,0.963,0.781,0.743,0.786,0.632,0.706,0.610,0.533,0.514]
Epoch [176] Training Results: Prec@1 74.775 Prec@5 92.048             Loss 1.03803
Epoch [176] Training Class Recall: [0.735,0.747,0.734,0.747,0.755,0.756,0.759,0.745,0.746,0.753]
Epoch [176] Testing Results: Prec@1 71.370 Prec@5 93.770             Loss 1.04270
Epoch [176] Testing Class Recall: [0.895,0.965,0.778,0.757,0.772,0.627,0.709,0.603,0.538,0.493]
Epoch [177] Training Results: Prec@1 74.853 Prec@5 92.002             Loss 1.03718
Epoch [177] Training Class Recall: [0.731,0.750,0.739,0.746,0.756,0.757,0.759,0.746,0.746,0.753]
Epoch [177] Testing Results: Prec@1 71.120 Prec@5 93.570             Loss 1.04696
Epoch [177] Testing Class Recall: [0.886,0.967,0.791,0.750,0.775,0.632,0.697,0.593,0.539,0.482]
Epoch [178] Training Results: Prec@1 74.822 Prec@5 91.995             Loss 1.03612
Epoch [178] Training Class Recall: [0.735,0.748,0.735,0.744,0.756,0.760,0.758,0.745,0.746,0.754]
Epoch [178] Testing Results: Prec@1 71.080 Prec@5 93.420             Loss 1.05399
Epoch [178] Testing Class Recall: [0.895,0.958,0.792,0.743,0.789,0.628,0.690,0.614,0.524,0.475]
Epoch [179] Training Results: Prec@1 74.927 Prec@5 92.190             Loss 1.02987
Epoch [179] Training Class Recall: [0.735,0.750,0.741,0.747,0.756,0.757,0.761,0.746,0.746,0.753]
Epoch [179] Testing Results: Prec@1 71.320 Prec@5 93.710             Loss 1.03477
Epoch [179] Testing Class Recall: [0.889,0.958,0.794,0.735,0.780,0.631,0.709,0.586,0.540,0.510]
Epoch [180] Training Results: Prec@1 74.908 Prec@5 92.385             Loss 1.03021
Epoch [180] Training Class Recall: [0.735,0.750,0.738,0.746,0.758,0.757,0.762,0.746,0.747,0.753]
Epoch [180] Testing Results: Prec@1 71.320 Prec@5 93.700             Loss 1.03767
Epoch [180] Testing Class Recall: [0.889,0.959,0.800,0.730,0.783,0.627,0.678,0.618,0.556,0.492]
Epoch [181] Training Results: Prec@1 74.805 Prec@5 92.125             Loss 1.03274
Epoch [181] Training Class Recall: [0.730,0.747,0.740,0.745,0.757,0.757,0.759,0.747,0.747,0.753]
Epoch [181] Testing Results: Prec@1 71.170 Prec@5 93.600             Loss 1.04614
Epoch [181] Testing Class Recall: [0.900,0.960,0.796,0.719,0.779,0.627,0.692,0.614,0.538,0.492]
Epoch [182] Training Results: Prec@1 74.838 Prec@5 92.165             Loss 1.03126
Epoch [182] Training Class Recall: [0.736,0.746,0.741,0.741,0.755,0.759,0.761,0.746,0.747,0.754]
Epoch [182] Testing Results: Prec@1 71.070 Prec@5 93.710             Loss 1.04209
Epoch [182] Testing Class Recall: [0.894,0.961,0.788,0.718,0.774,0.652,0.669,0.612,0.519,0.520]
Epoch [183] Training Results: Prec@1 74.810 Prec@5 92.022             Loss 1.03132
Epoch [183] Training Class Recall: [0.735,0.746,0.740,0.745,0.755,0.758,0.758,0.745,0.747,0.753]
Epoch [183] Testing Results: Prec@1 71.000 Prec@5 93.590             Loss 1.04546
Epoch [183] Testing Class Recall: [0.890,0.961,0.794,0.734,0.782,0.635,0.699,0.591,0.532,0.482]
Epoch [184] Training Results: Prec@1 74.845 Prec@5 92.162             Loss 1.03106
Epoch [184] Training Class Recall: [0.732,0.747,0.740,0.746,0.759,0.756,0.760,0.746,0.746,0.753]
Epoch [184] Testing Results: Prec@1 71.260 Prec@5 93.710             Loss 1.03730
Epoch [184] Testing Class Recall: [0.897,0.967,0.787,0.716,0.777,0.648,0.677,0.612,0.535,0.510]
Epoch [185] Training Results: Prec@1 74.917 Prec@5 92.190             Loss 1.03057
Epoch [185] Training Class Recall: [0.737,0.748,0.743,0.747,0.757,0.758,0.758,0.744,0.747,0.753]
Epoch [185] Testing Results: Prec@1 71.090 Prec@5 93.570             Loss 1.04265
Epoch [185] Testing Class Recall: [0.889,0.960,0.802,0.737,0.775,0.623,0.693,0.591,0.541,0.498]
Epoch [186] Training Results: Prec@1 74.868 Prec@5 92.230             Loss 1.03152
Epoch [186] Training Class Recall: [0.735,0.747,0.737,0.746,0.756,0.759,0.761,0.747,0.745,0.753]
Epoch [186] Testing Results: Prec@1 71.420 Prec@5 93.640             Loss 1.03805
Epoch [186] Testing Class Recall: [0.898,0.959,0.788,0.734,0.773,0.631,0.713,0.620,0.519,0.507]
Epoch [187] Training Results: Prec@1 74.868 Prec@5 92.022             Loss 1.02981
Epoch [187] Training Class Recall: [0.736,0.747,0.741,0.745,0.756,0.758,0.761,0.745,0.746,0.753]
Epoch [187] Testing Results: Prec@1 71.490 Prec@5 93.650             Loss 1.03580
Epoch [187] Testing Class Recall: [0.894,0.967,0.794,0.717,0.780,0.624,0.703,0.617,0.562,0.491]
Epoch [188] Training Results: Prec@1 74.885 Prec@5 92.055             Loss 1.03248
Epoch [188] Training Class Recall: [0.737,0.749,0.740,0.747,0.756,0.754,0.759,0.747,0.746,0.754]
Epoch [188] Testing Results: Prec@1 71.190 Prec@5 93.700             Loss 1.04490
Epoch [188] Testing Class Recall: [0.892,0.962,0.794,0.734,0.778,0.631,0.691,0.615,0.536,0.486]
Epoch [189] Training Results: Prec@1 74.830 Prec@5 92.140             Loss 1.03283
Epoch [189] Training Class Recall: [0.733,0.746,0.738,0.744,0.758,0.758,0.759,0.746,0.747,0.754]
Epoch [189] Testing Results: Prec@1 71.510 Prec@5 93.760             Loss 1.03194
Epoch [189] Testing Class Recall: [0.896,0.960,0.795,0.728,0.776,0.636,0.702,0.610,0.537,0.511]
Epoch [190] Training Results: Prec@1 74.845 Prec@5 92.180             Loss 1.03359
Epoch [190] Training Class Recall: [0.735,0.748,0.740,0.744,0.757,0.756,0.760,0.745,0.747,0.754]
Epoch [190] Testing Results: Prec@1 71.170 Prec@5 93.660             Loss 1.03817
Epoch [190] Testing Class Recall: [0.888,0.969,0.781,0.726,0.781,0.628,0.717,0.592,0.530,0.505]
Epoch [191] Training Results: Prec@1 74.835 Prec@5 92.237             Loss 1.03252
Epoch [191] Training Class Recall: [0.734,0.749,0.739,0.743,0.756,0.757,0.759,0.745,0.747,0.753]
Epoch [191] Testing Results: Prec@1 71.320 Prec@5 93.670             Loss 1.03696
Epoch [191] Testing Class Recall: [0.892,0.959,0.792,0.734,0.775,0.632,0.689,0.617,0.532,0.510]
Epoch [192] Training Results: Prec@1 74.927 Prec@5 91.970             Loss 1.03093
Epoch [192] Training Class Recall: [0.739,0.749,0.739,0.748,0.756,0.756,0.759,0.746,0.747,0.754]
Epoch [192] Testing Results: Prec@1 71.300 Prec@5 93.640             Loss 1.03796
Epoch [192] Testing Class Recall: [0.894,0.960,0.792,0.733,0.785,0.619,0.702,0.614,0.523,0.508]
Epoch [193] Training Results: Prec@1 74.868 Prec@5 92.180             Loss 1.03072
Epoch [193] Training Class Recall: [0.734,0.748,0.738,0.742,0.757,0.759,0.760,0.747,0.747,0.755]
Epoch [193] Testing Results: Prec@1 71.230 Prec@5 93.690             Loss 1.04287
Epoch [193] Testing Class Recall: [0.892,0.963,0.793,0.728,0.785,0.632,0.698,0.606,0.541,0.485]
Epoch [194] Training Results: Prec@1 74.850 Prec@5 92.132             Loss 1.03066
Epoch [194] Training Class Recall: [0.735,0.748,0.738,0.746,0.756,0.756,0.759,0.746,0.747,0.754]
Epoch [194] Testing Results: Prec@1 71.280 Prec@5 93.830             Loss 1.03312
Epoch [194] Testing Class Recall: [0.896,0.962,0.792,0.709,0.782,0.634,0.698,0.585,0.554,0.516]
Epoch [195] Training Results: Prec@1 74.945 Prec@5 92.167             Loss 1.03034
Epoch [195] Training Class Recall: [0.734,0.751,0.740,0.747,0.758,0.759,0.759,0.745,0.748,0.753]
Epoch [195] Testing Results: Prec@1 71.880 Prec@5 93.750             Loss 1.02094
Epoch [195] Testing Class Recall: [0.895,0.964,0.791,0.704,0.787,0.643,0.712,0.609,0.573,0.510]
Epoch [196] Training Results: Prec@1 74.975 Prec@5 92.030             Loss 1.03083
Epoch [196] Training Class Recall: [0.736,0.750,0.741,0.747,0.757,0.760,0.760,0.745,0.747,0.754]
Epoch [196] Testing Results: Prec@1 71.220 Prec@5 93.740             Loss 1.03719
Epoch [196] Testing Class Recall: [0.894,0.960,0.786,0.729,0.773,0.643,0.698,0.605,0.540,0.494]
Epoch [197] Training Results: Prec@1 74.910 Prec@5 91.980             Loss 1.03336
Epoch [197] Training Class Recall: [0.735,0.747,0.742,0.747,0.758,0.756,0.759,0.745,0.747,0.755]
Epoch [197] Testing Results: Prec@1 71.140 Prec@5 93.550             Loss 1.04578
Epoch [197] Testing Class Recall: [0.892,0.958,0.792,0.736,0.774,0.639,0.695,0.615,0.509,0.504]
Epoch [198] Training Results: Prec@1 74.872 Prec@5 92.125             Loss 1.03097
Epoch [198] Training Class Recall: [0.737,0.747,0.742,0.743,0.757,0.757,0.760,0.746,0.747,0.753]
Epoch [198] Testing Results: Prec@1 71.110 Prec@5 93.640             Loss 1.04427
Epoch [198] Testing Class Recall: [0.889,0.968,0.800,0.736,0.770,0.626,0.700,0.584,0.545,0.493]
Epoch [199] Training Results: Prec@1 74.885 Prec@5 92.135             Loss 1.02944
Epoch [199] Training Class Recall: [0.738,0.747,0.740,0.746,0.756,0.758,0.759,0.745,0.747,0.754]
Epoch [199] Testing Results: Prec@1 71.270 Prec@5 93.640             Loss 1.04013
Epoch [199] Testing Class Recall: [0.898,0.959,0.790,0.723,0.778,0.645,0.690,0.610,0.537,0.497]
