Log file: cifar10_lava0.7_mixup_exp0.01_seed42_20260403_130445.log
Run started: 2026-04-03 13:04:45.875497
Dataset: cifar10
Imbalance type: exp, factor: 0.01
Selection method: lava, ratio: 0.7
Strategy: Mixup, epochs: 200
Seed: 42, rand_number: 0
Augmentation: weak
mixup_alpha: 1.0
============================================================

=> Preparing logger and tensorboard writer !
----------------------------------------------------
Class ID   | Original   | Selected   | Keep %  
----------------------------------------------------
0          | 5000       | 3244       |    64.9%
1          | 2997       | 1031       |    34.4%
2          | 1796       | 1796       |   100.0%
3          | 1077       | 1077       |   100.0%
4          | 645        | 645        |   100.0%
5          | 387        | 387        |   100.0%
6          | 232        | 232        |   100.0%
7          | 139        | 139        |   100.0%
8          | 83         | 83         |   100.0%
9          | 50         | 50         |   100.0%
----------------------------------------------------
TOTAL      | 12406      | 8684       |    70.0%
----------------------------------------------------
Epoch [0] Training Results: Prec@1 40.799 Prec@5 88.070             Loss 1.81283
Epoch [0] Training Class Recall: [0.754,0.066,0.516,0.074,0.036,0.000,0.000,0.000,0.000,0.000]
Epoch [0] Testing Results: Prec@1 17.110 Prec@5 59.770             Loss 2.89071
Epoch [0] Testing Class Recall: [0.923,0.014,0.387,0.378,0.009,0.000,0.000,0.000,0.000,0.000]
Epoch [1] Training Results: Prec@1 46.027 Prec@5 91.893             Loss 1.65024
Epoch [1] Training Class Recall: [0.774,0.345,0.498,0.186,0.054,0.000,0.000,0.000,0.000,0.000]
Epoch [1] Testing Results: Prec@1 18.000 Prec@5 68.630             Loss 2.91626
Epoch [1] Testing Class Recall: [0.935,0.136,0.512,0.217,0.000,0.000,0.000,0.000,0.000,0.000]
Epoch [2] Training Results: Prec@1 51.244 Prec@5 92.941             Loss 1.55051
Epoch [2] Training Class Recall: [0.824,0.432,0.511,0.351,0.056,0.000,0.000,0.000,0.000,0.000]
Epoch [2] Testing Results: Prec@1 22.670 Prec@5 69.440             Loss 2.47972
Epoch [2] Testing Class Recall: [0.844,0.554,0.629,0.240,0.000,0.000,0.000,0.000,0.000,0.000]
Epoch [3] Training Results: Prec@1 53.420 Prec@5 93.540             Loss 1.52749
Epoch [3] Training Class Recall: [0.845,0.474,0.543,0.386,0.023,0.000,0.004,0.000,0.000,0.000]
Epoch [3] Testing Results: Prec@1 23.470 Prec@5 63.400             Loss 2.60033
Epoch [3] Testing Class Recall: [0.736,0.394,0.497,0.693,0.027,0.000,0.000,0.000,0.000,0.000]
Epoch [4] Training Results: Prec@1 53.766 Prec@5 93.862             Loss 1.48821
Epoch [4] Training Class Recall: [0.838,0.477,0.555,0.420,0.017,0.000,0.000,0.000,0.000,0.000]
Epoch [4] Testing Results: Prec@1 23.670 Prec@5 71.080             Loss 2.47781
Epoch [4] Testing Class Recall: [0.942,0.405,0.509,0.508,0.000,0.003,0.000,0.000,0.000,0.000]
Epoch [5] Training Results: Prec@1 57.381 Prec@5 94.519             Loss 1.47035
Epoch [5] Training Class Recall: [0.868,0.584,0.577,0.486,0.006,0.000,0.000,0.000,0.000,0.000]
Epoch [5] Testing Results: Prec@1 25.570 Prec@5 67.590             Loss 2.47010
Epoch [5] Testing Class Recall: [0.776,0.479,0.517,0.784,0.001,0.000,0.000,0.000,0.000,0.000]
Epoch [6] Training Results: Prec@1 57.865 Prec@5 94.657             Loss 1.47920
Epoch [6] Training Class Recall: [0.863,0.583,0.588,0.513,0.014,0.000,0.022,0.000,0.000,0.000]
Epoch [6] Testing Results: Prec@1 22.210 Prec@5 71.080             Loss 2.55142
Epoch [6] Testing Class Recall: [0.978,0.295,0.414,0.469,0.038,0.000,0.027,0.000,0.000,0.000]
Epoch [7] Training Results: Prec@1 58.406 Prec@5 95.025             Loss 1.44134
Epoch [7] Training Class Recall: [0.876,0.607,0.581,0.486,0.047,0.000,0.034,0.000,0.000,0.000]
Epoch [7] Testing Results: Prec@1 27.820 Prec@5 72.160             Loss 2.53200
Epoch [7] Testing Class Recall: [0.889,0.712,0.463,0.661,0.005,0.000,0.052,0.000,0.000,0.000]
Epoch [8] Training Results: Prec@1 59.661 Prec@5 95.129             Loss 1.44905
Epoch [8] Training Class Recall: [0.883,0.625,0.600,0.512,0.042,0.000,0.073,0.000,0.000,0.000]
Epoch [8] Testing Results: Prec@1 25.650 Prec@5 68.580             Loss 2.47724
Epoch [8] Testing Class Recall: [0.879,0.639,0.750,0.245,0.001,0.050,0.001,0.000,0.000,0.000]
Epoch [9] Training Results: Prec@1 60.191 Prec@5 95.233             Loss 1.44295
Epoch [9] Training Class Recall: [0.886,0.631,0.591,0.514,0.098,0.008,0.091,0.000,0.000,0.000]
Epoch [9] Testing Results: Prec@1 31.210 Prec@5 75.220             Loss 2.20793
Epoch [9] Testing Class Recall: [0.758,0.871,0.641,0.700,0.000,0.007,0.144,0.000,0.000,0.000]
Epoch [10] Training Results: Prec@1 61.389 Prec@5 95.555             Loss 1.39885
Epoch [10] Training Class Recall: [0.880,0.657,0.600,0.551,0.146,0.034,0.091,0.007,0.000,0.000]
Epoch [10] Testing Results: Prec@1 31.980 Prec@5 82.840             Loss 2.18590
Epoch [10] Testing Class Recall: [0.883,0.890,0.617,0.353,0.192,0.022,0.241,0.000,0.000,0.000]
Epoch [11] Training Results: Prec@1 62.414 Prec@5 95.820             Loss 1.38665
Epoch [11] Training Class Recall: [0.882,0.710,0.594,0.520,0.231,0.067,0.091,0.036,0.000,0.000]
Epoch [11] Testing Results: Prec@1 33.960 Prec@5 82.190             Loss 2.00217
Epoch [11] Testing Class Recall: [0.883,0.858,0.647,0.511,0.331,0.055,0.019,0.092,0.000,0.000]
Epoch [12] Training Results: Prec@1 63.657 Prec@5 96.453             Loss 1.35858
Epoch [12] Training Class Recall: [0.893,0.705,0.600,0.508,0.301,0.132,0.112,0.065,0.000,0.000]
Epoch [12] Testing Results: Prec@1 39.120 Prec@5 84.660             Loss 1.99352
Epoch [12] Testing Class Recall: [0.930,0.841,0.348,0.618,0.566,0.118,0.175,0.316,0.000,0.000]
Epoch [13] Training Results: Prec@1 65.281 Prec@5 96.661             Loss 1.37696
Epoch [13] Training Class Recall: [0.891,0.717,0.633,0.576,0.302,0.083,0.194,0.086,0.000,0.000]
Epoch [13] Testing Results: Prec@1 33.560 Prec@5 78.550             Loss 2.35231
Epoch [13] Testing Class Recall: [0.936,0.833,0.524,0.555,0.259,0.120,0.081,0.048,0.000,0.000]
Epoch [14] Training Results: Prec@1 66.179 Prec@5 96.327             Loss 1.35214
Epoch [14] Training Class Recall: [0.895,0.746,0.645,0.537,0.374,0.093,0.181,0.129,0.000,0.000]
Epoch [14] Testing Results: Prec@1 36.200 Prec@5 81.940             Loss 2.02057
Epoch [14] Testing Class Recall: [0.940,0.792,0.458,0.767,0.254,0.124,0.105,0.180,0.000,0.000]
Epoch [15] Training Results: Prec@1 67.596 Prec@5 96.776             Loss 1.29690
Epoch [15] Training Class Recall: [0.910,0.749,0.666,0.530,0.397,0.129,0.237,0.129,0.000,0.000]
Epoch [15] Testing Results: Prec@1 38.490 Prec@5 87.340             Loss 1.96150
Epoch [15] Testing Class Recall: [0.888,0.941,0.586,0.400,0.270,0.076,0.403,0.285,0.000,0.000]
Epoch [16] Training Results: Prec@1 67.826 Prec@5 96.925             Loss 1.26625
Epoch [16] Training Class Recall: [0.904,0.791,0.644,0.573,0.405,0.098,0.198,0.151,0.000,0.000]
Epoch [16] Testing Results: Prec@1 39.180 Prec@5 84.390             Loss 2.16848
Epoch [16] Testing Class Recall: [0.954,0.736,0.607,0.574,0.380,0.275,0.149,0.243,0.000,0.000]
Epoch [17] Training Results: Prec@1 69.496 Prec@5 97.144             Loss 1.30797
Epoch [17] Training Class Recall: [0.907,0.775,0.670,0.594,0.490,0.145,0.233,0.173,0.000,0.000]
Epoch [17] Testing Results: Prec@1 38.610 Prec@5 85.200             Loss 1.90722
Epoch [17] Testing Class Recall: [0.901,0.957,0.597,0.283,0.567,0.051,0.461,0.044,0.000,0.000]
Epoch [18] Training Results: Prec@1 69.438 Prec@5 97.190             Loss 1.30667
Epoch [18] Training Class Recall: [0.900,0.803,0.660,0.605,0.448,0.163,0.246,0.252,0.000,0.000]
Epoch [18] Testing Results: Prec@1 36.920 Prec@5 84.150             Loss 2.24220
Epoch [18] Testing Class Recall: [0.800,0.979,0.781,0.419,0.492,0.001,0.180,0.040,0.000,0.000]
Epoch [19] Training Results: Prec@1 69.795 Prec@5 97.351             Loss 1.30069
Epoch [19] Training Class Recall: [0.902,0.790,0.692,0.574,0.495,0.119,0.297,0.180,0.000,0.000]
Epoch [19] Testing Results: Prec@1 39.030 Prec@5 85.960             Loss 2.08749
Epoch [19] Testing Class Recall: [0.955,0.893,0.504,0.336,0.452,0.177,0.175,0.411,0.000,0.000]
Epoch [20] Training Results: Prec@1 71.269 Prec@5 97.605             Loss 1.22844
Epoch [20] Training Class Recall: [0.904,0.808,0.694,0.613,0.533,0.168,0.336,0.230,0.000,0.000]
Epoch [20] Testing Results: Prec@1 43.330 Prec@5 85.920             Loss 1.86391
Epoch [20] Testing Class Recall: [0.937,0.674,0.734,0.423,0.541,0.376,0.189,0.457,0.000,0.002]
Epoch [21] Training Results: Prec@1 72.156 Prec@5 97.708             Loss 1.20292
Epoch [21] Training Class Recall: [0.909,0.843,0.701,0.603,0.529,0.222,0.375,0.194,0.000,0.000]
Epoch [21] Testing Results: Prec@1 48.100 Prec@5 90.440             Loss 1.51587
Epoch [21] Testing Class Recall: [0.804,0.983,0.545,0.595,0.602,0.439,0.302,0.524,0.004,0.012]
Epoch [22] Training Results: Prec@1 73.791 Prec@5 97.847             Loss 1.20439
Epoch [22] Training Class Recall: [0.914,0.868,0.713,0.632,0.597,0.214,0.358,0.237,0.000,0.020]
Epoch [22] Testing Results: Prec@1 41.900 Prec@5 87.000             Loss 1.93313
Epoch [22] Testing Class Recall: [0.931,0.839,0.756,0.599,0.438,0.073,0.344,0.210,0.000,0.000]
Epoch [23] Training Results: Prec@1 73.284 Prec@5 97.881             Loss 1.21856
Epoch [23] Training Class Recall: [0.906,0.842,0.710,0.641,0.600,0.220,0.341,0.266,0.024,0.020]
Epoch [23] Testing Results: Prec@1 41.610 Prec@5 88.840             Loss 1.79326
Epoch [23] Testing Class Recall: [0.983,0.776,0.541,0.252,0.368,0.350,0.404,0.474,0.001,0.012]
Epoch [24] Training Results: Prec@1 73.998 Prec@5 98.031             Loss 1.18362
Epoch [24] Training Class Recall: [0.919,0.842,0.730,0.634,0.546,0.282,0.328,0.338,0.000,0.000]
Epoch [24] Testing Results: Prec@1 43.570 Prec@5 89.120             Loss 1.76900
Epoch [24] Testing Class Recall: [0.916,0.975,0.528,0.538,0.411,0.261,0.418,0.201,0.108,0.001]
Epoch [25] Training Results: Prec@1 74.689 Prec@5 97.962             Loss 1.22318
Epoch [25] Training Class Recall: [0.924,0.870,0.734,0.642,0.583,0.204,0.384,0.237,0.060,0.020]
Epoch [25] Testing Results: Prec@1 46.290 Prec@5 86.870             Loss 1.70050
Epoch [25] Testing Class Recall: [0.790,0.811,0.819,0.587,0.550,0.196,0.723,0.136,0.009,0.008]
Epoch [26] Training Results: Prec@1 76.313 Prec@5 98.365             Loss 1.18050
Epoch [26] Training Class Recall: [0.926,0.863,0.749,0.677,0.619,0.269,0.457,0.331,0.036,0.020]
Epoch [26] Testing Results: Prec@1 45.530 Prec@5 87.340             Loss 1.82381
Epoch [26] Testing Class Recall: [0.939,0.961,0.753,0.366,0.254,0.594,0.360,0.305,0.021,0.000]
Epoch [27] Training Results: Prec@1 76.532 Prec@5 98.134             Loss 1.16326
Epoch [27] Training Class Recall: [0.929,0.876,0.761,0.646,0.626,0.326,0.384,0.309,0.060,0.000]
Epoch [27] Testing Results: Prec@1 45.690 Prec@5 88.400             Loss 1.67969
Epoch [27] Testing Class Recall: [0.909,0.961,0.816,0.664,0.367,0.371,0.324,0.115,0.021,0.021]
Epoch [28] Training Results: Prec@1 77.061 Prec@5 98.353             Loss 1.16271
Epoch [28] Training Class Recall: [0.924,0.874,0.761,0.654,0.651,0.323,0.526,0.324,0.120,0.060]
Epoch [28] Testing Results: Prec@1 48.690 Prec@5 90.560             Loss 1.61085
Epoch [28] Testing Class Recall: [0.933,0.919,0.744,0.561,0.574,0.085,0.560,0.380,0.044,0.069]
Epoch [29] Training Results: Prec@1 77.464 Prec@5 98.595             Loss 1.17833
Epoch [29] Training Class Recall: [0.934,0.879,0.754,0.682,0.637,0.261,0.513,0.396,0.145,0.040]
Epoch [29] Testing Results: Prec@1 47.130 Prec@5 85.830             Loss 1.83629
Epoch [29] Testing Class Recall: [0.846,0.966,0.878,0.478,0.377,0.352,0.465,0.245,0.106,0.000]
Epoch [30] Training Results: Prec@1 77.729 Prec@5 98.618             Loss 1.08950
Epoch [30] Training Class Recall: [0.927,0.863,0.765,0.689,0.662,0.328,0.466,0.403,0.229,0.020]
Epoch [30] Testing Results: Prec@1 49.930 Prec@5 88.330             Loss 1.78532
Epoch [30] Testing Class Recall: [0.940,0.968,0.756,0.536,0.647,0.322,0.561,0.219,0.029,0.015]
Epoch [31] Training Results: Prec@1 78.823 Prec@5 98.549             Loss 1.10704
Epoch [31] Training Class Recall: [0.940,0.887,0.761,0.708,0.651,0.364,0.483,0.417,0.193,0.120]
Epoch [31] Testing Results: Prec@1 47.940 Prec@5 90.560             Loss 1.61280
Epoch [31] Testing Class Recall: [0.942,0.788,0.809,0.556,0.508,0.230,0.600,0.160,0.184,0.017]
Epoch [32] Training Results: Prec@1 79.249 Prec@5 98.733             Loss 1.10983
Epoch [32] Training Class Recall: [0.935,0.871,0.789,0.684,0.687,0.359,0.573,0.360,0.313,0.100]
Epoch [32] Testing Results: Prec@1 46.580 Prec@5 91.480             Loss 1.69065
Epoch [32] Testing Class Recall: [0.979,0.946,0.586,0.535,0.438,0.198,0.437,0.335,0.058,0.146]
Epoch [33] Training Results: Prec@1 79.065 Prec@5 98.722             Loss 1.13815
Epoch [33] Training Class Recall: [0.936,0.878,0.776,0.690,0.659,0.367,0.522,0.460,0.337,0.180]
Epoch [33] Testing Results: Prec@1 56.060 Prec@5 91.250             Loss 1.35178
Epoch [33] Testing Class Recall: [0.915,0.960,0.711,0.737,0.549,0.444,0.444,0.409,0.127,0.310]
Epoch [34] Training Results: Prec@1 80.240 Prec@5 98.733             Loss 1.06747
Epoch [34] Training Class Recall: [0.930,0.901,0.790,0.700,0.709,0.421,0.522,0.482,0.422,0.120]
Epoch [34] Testing Results: Prec@1 49.870 Prec@5 89.420             Loss 1.56660
Epoch [34] Testing Class Recall: [0.971,0.922,0.685,0.415,0.378,0.248,0.880,0.174,0.241,0.073]
Epoch [35] Training Results: Prec@1 80.343 Prec@5 98.756             Loss 1.08446
Epoch [35] Training Class Recall: [0.941,0.911,0.795,0.702,0.688,0.413,0.435,0.381,0.349,0.320]
Epoch [35] Testing Results: Prec@1 54.870 Prec@5 92.230             Loss 1.42179
Epoch [35] Testing Class Recall: [0.966,0.896,0.694,0.678,0.567,0.214,0.382,0.537,0.263,0.290]
Epoch [36] Training Results: Prec@1 80.620 Prec@5 98.883             Loss 1.11244
Epoch [36] Training Class Recall: [0.928,0.893,0.803,0.711,0.741,0.401,0.509,0.475,0.422,0.220]
Epoch [36] Testing Results: Prec@1 53.970 Prec@5 91.950             Loss 1.44827
Epoch [36] Testing Class Recall: [0.946,0.971,0.615,0.590,0.392,0.494,0.576,0.348,0.139,0.326]
Epoch [37] Training Results: Prec@1 81.414 Prec@5 98.918             Loss 1.08543
Epoch [37] Training Class Recall: [0.933,0.929,0.790,0.715,0.778,0.455,0.504,0.453,0.349,0.200]
Epoch [37] Testing Results: Prec@1 50.770 Prec@5 88.960             Loss 1.66875
Epoch [37] Testing Class Recall: [0.967,0.948,0.743,0.619,0.700,0.350,0.350,0.275,0.093,0.032]
Epoch [38] Training Results: Prec@1 81.529 Prec@5 99.033             Loss 1.11251
Epoch [38] Training Class Recall: [0.943,0.914,0.797,0.716,0.736,0.444,0.534,0.439,0.422,0.200]
Epoch [38] Testing Results: Prec@1 51.310 Prec@5 91.020             Loss 1.53604
Epoch [38] Testing Class Recall: [0.981,0.954,0.599,0.263,0.729,0.389,0.487,0.459,0.220,0.050]
Epoch [39] Training Results: Prec@1 82.600 Prec@5 99.217             Loss 1.08976
Epoch [39] Training Class Recall: [0.950,0.935,0.811,0.709,0.727,0.522,0.504,0.489,0.458,0.260]
Epoch [39] Testing Results: Prec@1 51.230 Prec@5 86.450             Loss 1.64439
Epoch [39] Testing Class Recall: [0.923,0.912,0.839,0.581,0.618,0.560,0.117,0.405,0.111,0.057]
Epoch [40] Training Results: Prec@1 82.796 Prec@5 99.044             Loss 1.08233
Epoch [40] Training Class Recall: [0.945,0.907,0.825,0.746,0.755,0.488,0.517,0.468,0.373,0.240]
Epoch [40] Testing Results: Prec@1 52.290 Prec@5 87.180             Loss 1.71086
Epoch [40] Testing Class Recall: [0.886,0.953,0.887,0.567,0.500,0.327,0.538,0.500,0.052,0.019]
Epoch [41] Training Results: Prec@1 82.877 Prec@5 98.941             Loss 1.06981
Epoch [41] Training Class Recall: [0.945,0.910,0.829,0.736,0.763,0.455,0.539,0.504,0.434,0.220]
Epoch [41] Testing Results: Prec@1 55.310 Prec@5 91.600             Loss 1.40632
Epoch [41] Testing Class Recall: [0.901,0.896,0.878,0.594,0.490,0.504,0.378,0.304,0.154,0.432]
Epoch [42] Training Results: Prec@1 82.589 Prec@5 99.056             Loss 1.09202
Epoch [42] Training Class Recall: [0.943,0.919,0.832,0.718,0.741,0.452,0.560,0.489,0.422,0.260]
Epoch [42] Testing Results: Prec@1 61.410 Prec@5 92.410             Loss 1.20815
Epoch [42] Testing Class Recall: [0.895,0.956,0.700,0.655,0.795,0.619,0.602,0.368,0.319,0.232]
Epoch [43] Training Results: Prec@1 82.923 Prec@5 99.113             Loss 1.08478
Epoch [43] Training Class Recall: [0.949,0.915,0.820,0.719,0.757,0.442,0.582,0.590,0.494,0.300]
Epoch [43] Testing Results: Prec@1 51.120 Prec@5 89.480             Loss 1.54928
Epoch [43] Testing Class Recall: [0.902,0.968,0.912,0.452,0.498,0.462,0.405,0.327,0.102,0.084]
Epoch [44] Training Results: Prec@1 83.567 Prec@5 99.182             Loss 1.12502
Epoch [44] Training Class Recall: [0.949,0.923,0.832,0.732,0.753,0.519,0.547,0.518,0.482,0.320]
Epoch [44] Testing Results: Prec@1 52.860 Prec@5 86.240             Loss 1.72431
Epoch [44] Testing Class Recall: [0.968,0.959,0.685,0.624,0.775,0.274,0.685,0.226,0.051,0.039]
Epoch [45] Training Results: Prec@1 84.765 Prec@5 99.182             Loss 1.05393
Epoch [45] Training Class Recall: [0.952,0.922,0.840,0.760,0.789,0.530,0.638,0.511,0.542,0.320]
Epoch [45] Testing Results: Prec@1 60.500 Prec@5 93.910             Loss 1.24550
Epoch [45] Testing Class Recall: [0.966,0.902,0.696,0.725,0.603,0.439,0.693,0.479,0.206,0.341]
Epoch [46] Training Results: Prec@1 83.602 Prec@5 99.332             Loss 1.05053
Epoch [46] Training Class Recall: [0.945,0.910,0.823,0.735,0.798,0.509,0.586,0.540,0.494,0.420]
Epoch [46] Testing Results: Prec@1 58.280 Prec@5 91.640             Loss 1.34971
Epoch [46] Testing Class Recall: [0.938,0.994,0.724,0.606,0.534,0.549,0.650,0.359,0.279,0.195]
Epoch [47] Training Results: Prec@1 84.212 Prec@5 99.148             Loss 1.09891
Epoch [47] Training Class Recall: [0.957,0.913,0.845,0.726,0.784,0.525,0.573,0.482,0.506,0.360]
Epoch [47] Testing Results: Prec@1 51.460 Prec@5 90.570             Loss 1.76543
Epoch [47] Testing Class Recall: [0.970,0.951,0.802,0.555,0.467,0.380,0.507,0.421,0.037,0.056]
Epoch [48] Training Results: Prec@1 84.546 Prec@5 99.205             Loss 1.05272
Epoch [48] Training Class Recall: [0.949,0.932,0.844,0.753,0.777,0.514,0.595,0.561,0.506,0.360]
Epoch [48] Testing Results: Prec@1 52.450 Prec@5 90.150             Loss 1.61985
Epoch [48] Testing Class Recall: [0.985,0.886,0.616,0.764,0.733,0.410,0.429,0.282,0.078,0.062]
Epoch [49] Training Results: Prec@1 84.638 Prec@5 99.367             Loss 1.00785
Epoch [49] Training Class Recall: [0.944,0.925,0.843,0.768,0.808,0.499,0.634,0.482,0.542,0.380]
Epoch [49] Testing Results: Prec@1 66.050 Prec@5 93.070             Loss 1.10151
Epoch [49] Testing Class Recall: [0.935,0.942,0.725,0.729,0.716,0.549,0.714,0.399,0.399,0.497]
Epoch [50] Training Results: Prec@1 84.569 Prec@5 99.401             Loss 1.01624
Epoch [50] Training Class Recall: [0.946,0.938,0.826,0.782,0.802,0.483,0.625,0.597,0.422,0.300]
Epoch [50] Testing Results: Prec@1 62.220 Prec@5 93.340             Loss 1.20483
Epoch [50] Testing Class Recall: [0.835,0.997,0.667,0.710,0.830,0.555,0.522,0.462,0.447,0.197]
Epoch [51] Training Results: Prec@1 85.410 Prec@5 99.482             Loss 1.02800
Epoch [51] Training Class Recall: [0.950,0.933,0.825,0.780,0.828,0.540,0.638,0.604,0.627,0.460]
Epoch [51] Testing Results: Prec@1 57.680 Prec@5 91.850             Loss 1.36264
Epoch [51] Testing Class Recall: [0.949,0.967,0.886,0.607,0.514,0.413,0.476,0.269,0.370,0.317]
Epoch [52] Training Results: Prec@1 85.341 Prec@5 99.447             Loss 1.04822
Epoch [52] Training Class Recall: [0.953,0.926,0.818,0.774,0.811,0.568,0.677,0.626,0.639,0.440]
Epoch [52] Testing Results: Prec@1 60.480 Prec@5 94.070             Loss 1.26721
Epoch [52] Testing Class Recall: [0.981,0.939,0.645,0.657,0.545,0.486,0.290,0.481,0.374,0.650]
Epoch [53] Training Results: Prec@1 86.066 Prec@5 99.401             Loss 1.00477
Epoch [53] Training Class Recall: [0.949,0.930,0.859,0.786,0.840,0.558,0.612,0.540,0.614,0.480]
Epoch [53] Testing Results: Prec@1 61.020 Prec@5 91.980             Loss 1.28810
Epoch [53] Testing Class Recall: [0.958,0.985,0.716,0.739,0.780,0.410,0.498,0.492,0.278,0.246]
Epoch [54] Training Results: Prec@1 85.928 Prec@5 99.539             Loss 1.04453
Epoch [54] Training Class Recall: [0.956,0.942,0.846,0.773,0.798,0.548,0.651,0.576,0.663,0.500]
Epoch [54] Testing Results: Prec@1 56.290 Prec@5 88.420             Loss 1.51011
Epoch [54] Testing Class Recall: [0.888,0.981,0.900,0.677,0.527,0.235,0.712,0.354,0.174,0.181]
Epoch [55] Training Results: Prec@1 86.608 Prec@5 99.493             Loss 0.97190
Epoch [55] Training Class Recall: [0.952,0.918,0.864,0.797,0.828,0.589,0.655,0.619,0.639,0.520]
Epoch [55] Testing Results: Prec@1 55.170 Prec@5 92.280             Loss 1.45775
Epoch [55] Testing Class Recall: [0.931,0.984,0.879,0.571,0.374,0.399,0.397,0.335,0.315,0.332]
Epoch [56] Training Results: Prec@1 87.011 Prec@5 99.413             Loss 0.96309
Epoch [56] Training Class Recall: [0.960,0.947,0.860,0.798,0.833,0.571,0.655,0.597,0.554,0.460]
Epoch [56] Testing Results: Prec@1 63.740 Prec@5 93.250             Loss 1.17126
Epoch [56] Testing Class Recall: [0.927,0.979,0.804,0.631,0.685,0.534,0.551,0.661,0.225,0.377]
Epoch [57] Training Results: Prec@1 87.080 Prec@5 99.505             Loss 0.96234
Epoch [57] Training Class Recall: [0.957,0.944,0.860,0.785,0.836,0.584,0.690,0.640,0.639,0.580]
Epoch [57] Testing Results: Prec@1 61.810 Prec@5 92.800             Loss 1.24403
Epoch [57] Testing Class Recall: [0.933,0.960,0.736,0.782,0.468,0.632,0.314,0.566,0.246,0.544]
Epoch [58] Training Results: Prec@1 86.930 Prec@5 99.632             Loss 1.06595
Epoch [58] Training Class Recall: [0.960,0.945,0.855,0.791,0.840,0.561,0.638,0.655,0.602,0.520]
Epoch [58] Testing Results: Prec@1 58.100 Prec@5 89.720             Loss 1.46345
Epoch [58] Testing Class Recall: [0.917,0.995,0.758,0.479,0.571,0.695,0.467,0.529,0.232,0.167]
Epoch [59] Training Results: Prec@1 86.953 Prec@5 99.516             Loss 0.98329
Epoch [59] Training Class Recall: [0.955,0.941,0.857,0.801,0.837,0.581,0.634,0.662,0.639,0.500]
Epoch [59] Testing Results: Prec@1 62.010 Prec@5 92.500             Loss 1.24667
Epoch [59] Testing Class Recall: [0.917,0.982,0.879,0.600,0.709,0.637,0.509,0.490,0.256,0.222]
Epoch [60] Training Results: Prec@1 87.080 Prec@5 99.390             Loss 1.08800
Epoch [60] Training Class Recall: [0.951,0.943,0.875,0.790,0.826,0.579,0.664,0.647,0.651,0.560]
Epoch [60] Testing Results: Prec@1 55.230 Prec@5 87.700             Loss 1.61513
Epoch [60] Testing Class Recall: [0.942,0.984,0.867,0.729,0.773,0.277,0.358,0.408,0.097,0.088]
Epoch [61] Training Results: Prec@1 87.471 Prec@5 99.562             Loss 0.98180
Epoch [61] Training Class Recall: [0.959,0.945,0.860,0.833,0.836,0.553,0.647,0.647,0.627,0.500]
Epoch [61] Testing Results: Prec@1 63.050 Prec@5 94.180             Loss 1.18774
Epoch [61] Testing Class Recall: [0.957,0.977,0.749,0.521,0.709,0.595,0.642,0.526,0.419,0.210]
Epoch [62] Training Results: Prec@1 87.943 Prec@5 99.632             Loss 0.96301
Epoch [62] Training Class Recall: [0.964,0.934,0.861,0.800,0.842,0.651,0.672,0.691,0.735,0.580]
Epoch [62] Testing Results: Prec@1 62.250 Prec@5 93.180             Loss 1.29474
Epoch [62] Testing Class Recall: [0.961,0.963,0.747,0.792,0.730,0.519,0.343,0.578,0.345,0.247]
Epoch [63] Training Results: Prec@1 87.586 Prec@5 99.539             Loss 1.07425
Epoch [63] Training Class Recall: [0.958,0.952,0.860,0.804,0.829,0.579,0.685,0.727,0.735,0.480]
Epoch [63] Testing Results: Prec@1 57.690 Prec@5 90.020             Loss 1.48371
Epoch [63] Testing Class Recall: [0.969,0.931,0.854,0.770,0.615,0.467,0.371,0.401,0.144,0.247]
Epoch [64] Training Results: Prec@1 87.771 Prec@5 99.539             Loss 1.02532
Epoch [64] Training Class Recall: [0.963,0.938,0.854,0.818,0.839,0.602,0.737,0.655,0.675,0.500]
Epoch [64] Testing Results: Prec@1 64.320 Prec@5 93.250             Loss 1.19698
Epoch [64] Testing Class Recall: [0.953,0.989,0.707,0.630,0.787,0.519,0.703,0.507,0.344,0.293]
Epoch [65] Training Results: Prec@1 88.035 Prec@5 99.678             Loss 1.00383
Epoch [65] Training Class Recall: [0.962,0.941,0.856,0.816,0.825,0.669,0.724,0.626,0.759,0.580]
Epoch [65] Testing Results: Prec@1 57.760 Prec@5 92.810             Loss 1.38791
Epoch [65] Testing Class Recall: [0.986,0.962,0.758,0.481,0.525,0.499,0.539,0.409,0.416,0.201]
Epoch [66] Training Results: Prec@1 87.828 Prec@5 99.562             Loss 0.90916
Epoch [66] Training Class Recall: [0.959,0.950,0.854,0.812,0.847,0.620,0.707,0.640,0.783,0.480]
Epoch [66] Testing Results: Prec@1 63.140 Prec@5 91.440             Loss 1.27611
Epoch [66] Testing Class Recall: [0.906,0.935,0.680,0.889,0.624,0.468,0.621,0.417,0.161,0.613]
Epoch [67] Training Results: Prec@1 88.208 Prec@5 99.666             Loss 1.04117
Epoch [67] Training Class Recall: [0.964,0.935,0.865,0.826,0.834,0.623,0.711,0.741,0.663,0.480]
Epoch [67] Testing Results: Prec@1 63.730 Prec@5 93.810             Loss 1.18721
Epoch [67] Testing Class Recall: [0.969,0.980,0.748,0.746,0.661,0.455,0.624,0.562,0.257,0.371]
Epoch [68] Training Results: Prec@1 88.911 Prec@5 99.608             Loss 1.01335
Epoch [68] Training Class Recall: [0.964,0.959,0.877,0.823,0.843,0.633,0.733,0.669,0.783,0.560]
Epoch [68] Testing Results: Prec@1 58.900 Prec@5 92.800             Loss 1.40148
Epoch [68] Testing Class Recall: [0.981,0.971,0.739,0.419,0.654,0.549,0.351,0.680,0.210,0.336]
Epoch [69] Training Results: Prec@1 88.220 Prec@5 99.701             Loss 0.94287
Epoch [69] Training Class Recall: [0.960,0.943,0.858,0.823,0.873,0.625,0.698,0.683,0.735,0.500]
Epoch [69] Testing Results: Prec@1 56.250 Prec@5 90.720             Loss 1.65000
Epoch [69] Testing Class Recall: [0.973,0.976,0.755,0.400,0.689,0.614,0.297,0.546,0.333,0.042]
Epoch [70] Training Results: Prec@1 88.369 Prec@5 99.758             Loss 0.98702
Epoch [70] Training Class Recall: [0.959,0.957,0.866,0.821,0.834,0.659,0.707,0.691,0.687,0.520]
Epoch [70] Testing Results: Prec@1 64.980 Prec@5 93.570             Loss 1.15606
Epoch [70] Testing Class Recall: [0.940,0.980,0.803,0.736,0.771,0.407,0.511,0.578,0.215,0.557]
Epoch [71] Training Results: Prec@1 88.715 Prec@5 99.608             Loss 1.00314
Epoch [71] Training Class Recall: [0.959,0.952,0.867,0.828,0.856,0.623,0.741,0.741,0.747,0.660]
Epoch [71] Testing Results: Prec@1 61.200 Prec@5 91.330             Loss 1.35799
Epoch [71] Testing Class Recall: [0.915,0.970,0.898,0.563,0.804,0.623,0.495,0.378,0.273,0.201]
Epoch [72] Training Results: Prec@1 88.807 Prec@5 99.632             Loss 0.96254
Epoch [72] Training Class Recall: [0.954,0.951,0.888,0.822,0.856,0.654,0.750,0.683,0.639,0.600]
Epoch [72] Testing Results: Prec@1 61.310 Prec@5 94.010             Loss 1.20263
Epoch [72] Testing Class Recall: [0.979,0.960,0.748,0.601,0.518,0.508,0.602,0.450,0.528,0.237]
Epoch [73] Training Results: Prec@1 89.060 Prec@5 99.689             Loss 1.00305
Epoch [73] Training Class Recall: [0.966,0.959,0.873,0.805,0.879,0.656,0.741,0.719,0.663,0.540]
Epoch [73] Testing Results: Prec@1 62.030 Prec@5 90.560             Loss 1.39208
Epoch [73] Testing Class Recall: [0.943,0.967,0.839,0.608,0.849,0.473,0.682,0.536,0.203,0.103]
Epoch [74] Training Results: Prec@1 88.922 Prec@5 99.655             Loss 0.94970
Epoch [74] Training Class Recall: [0.958,0.945,0.877,0.827,0.864,0.641,0.746,0.734,0.807,0.540]
Epoch [74] Testing Results: Prec@1 65.290 Prec@5 94.070             Loss 1.12176
Epoch [74] Testing Class Recall: [0.973,0.941,0.848,0.560,0.683,0.595,0.515,0.504,0.354,0.556]
Epoch [75] Training Results: Prec@1 89.463 Prec@5 99.655             Loss 1.01680
Epoch [75] Training Class Recall: [0.964,0.959,0.885,0.837,0.853,0.636,0.793,0.633,0.711,0.700]
Epoch [75] Testing Results: Prec@1 63.750 Prec@5 91.860             Loss 1.23976
Epoch [75] Testing Class Recall: [0.964,0.986,0.752,0.748,0.684,0.673,0.364,0.593,0.336,0.275]
Epoch [76] Training Results: Prec@1 89.141 Prec@5 99.666             Loss 1.01231
Epoch [76] Training Class Recall: [0.964,0.952,0.880,0.818,0.862,0.690,0.707,0.676,0.687,0.660]
Epoch [76] Testing Results: Prec@1 57.660 Prec@5 91.030             Loss 1.50919
Epoch [76] Testing Class Recall: [0.901,0.996,0.881,0.529,0.673,0.468,0.457,0.330,0.425,0.106]
Epoch [77] Training Results: Prec@1 89.751 Prec@5 99.770             Loss 0.92968
Epoch [77] Training Class Recall: [0.958,0.959,0.886,0.841,0.879,0.680,0.776,0.683,0.699,0.760]
Epoch [77] Testing Results: Prec@1 62.220 Prec@5 88.850             Loss 1.42571
Epoch [77] Testing Class Recall: [0.960,0.977,0.767,0.708,0.786,0.560,0.746,0.321,0.309,0.088]
Epoch [78] Training Results: Prec@1 89.878 Prec@5 99.747             Loss 0.99108
Epoch [78] Training Class Recall: [0.964,0.952,0.886,0.845,0.881,0.682,0.746,0.727,0.723,0.560]
Epoch [78] Testing Results: Prec@1 63.480 Prec@5 90.060             Loss 1.28770
Epoch [78] Testing Class Recall: [0.925,0.987,0.747,0.623,0.772,0.456,0.804,0.556,0.283,0.195]
Epoch [79] Training Results: Prec@1 89.544 Prec@5 99.724             Loss 0.95771
Epoch [79] Training Class Recall: [0.965,0.952,0.884,0.838,0.850,0.672,0.780,0.727,0.663,0.580]
Epoch [79] Testing Results: Prec@1 67.380 Prec@5 93.840             Loss 1.10195
Epoch [79] Testing Class Recall: [0.982,0.952,0.799,0.677,0.775,0.583,0.699,0.512,0.460,0.299]
Epoch [80] Training Results: Prec@1 90.327 Prec@5 99.724             Loss 0.90130
Epoch [80] Training Class Recall: [0.968,0.966,0.885,0.848,0.881,0.685,0.750,0.748,0.711,0.680]
Epoch [80] Testing Results: Prec@1 67.850 Prec@5 95.070             Loss 1.05788
Epoch [80] Testing Class Recall: [0.986,0.947,0.708,0.709,0.687,0.476,0.719,0.570,0.351,0.632]
Epoch [81] Training Results: Prec@1 89.878 Prec@5 99.804             Loss 0.91858
Epoch [81] Training Class Recall: [0.969,0.952,0.888,0.842,0.867,0.664,0.763,0.676,0.747,0.600]
Epoch [81] Testing Results: Prec@1 64.140 Prec@5 92.190             Loss 1.21156
Epoch [81] Testing Class Recall: [0.936,0.951,0.854,0.675,0.767,0.654,0.442,0.583,0.213,0.339]
Epoch [82] Training Results: Prec@1 90.223 Prec@5 99.781             Loss 0.99398
Epoch [82] Training Class Recall: [0.969,0.959,0.892,0.846,0.865,0.677,0.763,0.705,0.675,0.740]
Epoch [82] Testing Results: Prec@1 65.490 Prec@5 93.310             Loss 1.17029
Epoch [82] Testing Class Recall: [0.945,0.970,0.865,0.727,0.514,0.519,0.574,0.597,0.518,0.320]
Epoch [83] Training Results: Prec@1 90.258 Prec@5 99.827             Loss 0.98314
Epoch [83] Training Class Recall: [0.973,0.959,0.879,0.844,0.867,0.700,0.716,0.755,0.807,0.720]
Epoch [83] Testing Results: Prec@1 58.840 Prec@5 88.510             Loss 1.52408
Epoch [83] Testing Class Recall: [0.922,0.981,0.883,0.546,0.672,0.462,0.530,0.553,0.076,0.259]
Epoch [84] Training Results: Prec@1 90.707 Prec@5 99.735             Loss 0.96819
Epoch [84] Training Class Recall: [0.972,0.958,0.900,0.837,0.874,0.680,0.793,0.777,0.735,0.740]
Epoch [84] Testing Results: Prec@1 65.930 Prec@5 92.830             Loss 1.14882
Epoch [84] Testing Class Recall: [0.978,0.944,0.716,0.742,0.784,0.506,0.247,0.628,0.521,0.527]
Epoch [85] Training Results: Prec@1 90.108 Prec@5 99.873             Loss 0.94867
Epoch [85] Training Class Recall: [0.972,0.945,0.880,0.839,0.888,0.664,0.789,0.748,0.723,0.740]
Epoch [85] Testing Results: Prec@1 61.020 Prec@5 90.420             Loss 1.42147
Epoch [85] Testing Class Recall: [0.957,0.986,0.804,0.780,0.749,0.629,0.338,0.574,0.177,0.108]
Epoch [86] Training Results: Prec@1 90.120 Prec@5 99.793             Loss 0.96576
Epoch [86] Training Class Recall: [0.961,0.954,0.899,0.839,0.885,0.661,0.815,0.712,0.675,0.700]
Epoch [86] Testing Results: Prec@1 61.000 Prec@5 91.230             Loss 1.34486
Epoch [86] Testing Class Recall: [0.933,0.982,0.900,0.426,0.755,0.599,0.631,0.191,0.430,0.253]
Epoch [87] Training Results: Prec@1 90.465 Prec@5 99.804             Loss 0.93861
Epoch [87] Training Class Recall: [0.970,0.950,0.908,0.841,0.856,0.682,0.763,0.763,0.747,0.640]
Epoch [87] Testing Results: Prec@1 64.260 Prec@5 92.190             Loss 1.28559
Epoch [87] Testing Class Recall: [0.965,0.983,0.822,0.664,0.752,0.718,0.410,0.530,0.284,0.298]
Epoch [88] Training Results: Prec@1 90.673 Prec@5 99.747             Loss 0.95867
Epoch [88] Training Class Recall: [0.972,0.953,0.900,0.843,0.879,0.687,0.789,0.748,0.759,0.640]
Epoch [88] Testing Results: Prec@1 69.600 Prec@5 93.940             Loss 0.99799
Epoch [88] Testing Class Recall: [0.940,0.968,0.805,0.604,0.846,0.712,0.713,0.420,0.414,0.538]
Epoch [89] Training Results: Prec@1 91.064 Prec@5 99.758             Loss 0.98190
Epoch [89] Training Class Recall: [0.964,0.952,0.911,0.850,0.915,0.690,0.832,0.799,0.711,0.560]
Epoch [89] Testing Results: Prec@1 65.740 Prec@5 91.920             Loss 1.18597
Epoch [89] Testing Class Recall: [0.927,0.987,0.818,0.508,0.880,0.666,0.715,0.364,0.352,0.357]
Epoch [90] Training Results: Prec@1 91.225 Prec@5 99.804             Loss 0.96723
Epoch [90] Training Class Recall: [0.969,0.956,0.896,0.882,0.882,0.690,0.815,0.770,0.771,0.720]
Epoch [90] Testing Results: Prec@1 65.620 Prec@5 92.550             Loss 1.18313
Epoch [90] Testing Class Recall: [0.913,0.987,0.862,0.790,0.660,0.516,0.549,0.561,0.280,0.444]
Epoch [91] Training Results: Prec@1 91.617 Prec@5 99.839             Loss 0.97299
Epoch [91] Training Class Recall: [0.973,0.952,0.911,0.877,0.878,0.736,0.772,0.784,0.819,0.660]
Epoch [91] Testing Results: Prec@1 63.430 Prec@5 92.310             Loss 1.27096
Epoch [91] Testing Class Recall: [0.932,0.989,0.649,0.730,0.702,0.532,0.504,0.596,0.194,0.515]
Epoch [92] Training Results: Prec@1 90.972 Prec@5 99.816             Loss 0.89726
Epoch [92] Training Class Recall: [0.970,0.952,0.896,0.856,0.890,0.726,0.767,0.770,0.807,0.640]
Epoch [92] Testing Results: Prec@1 69.630 Prec@5 94.500             Loss 1.02640
Epoch [92] Testing Class Recall: [0.938,0.981,0.779,0.771,0.779,0.421,0.641,0.623,0.443,0.587]
Epoch [93] Training Results: Prec@1 91.352 Prec@5 99.827             Loss 1.00450
Epoch [93] Training Class Recall: [0.969,0.976,0.911,0.871,0.859,0.713,0.767,0.712,0.795,0.740]
Epoch [93] Testing Results: Prec@1 66.120 Prec@5 93.410             Loss 1.13145
Epoch [93] Testing Class Recall: [0.971,0.979,0.838,0.686,0.672,0.481,0.639,0.499,0.477,0.370]
Epoch [94] Training Results: Prec@1 90.880 Prec@5 99.758             Loss 0.96874
Epoch [94] Training Class Recall: [0.965,0.952,0.891,0.864,0.882,0.767,0.828,0.712,0.687,0.680]
Epoch [94] Testing Results: Prec@1 70.830 Prec@5 95.280             Loss 0.94616
Epoch [94] Testing Class Recall: [0.959,0.949,0.703,0.808,0.748,0.547,0.623,0.782,0.443,0.521]
Epoch [95] Training Results: Prec@1 91.168 Prec@5 99.827             Loss 0.89635
Epoch [95] Training Class Recall: [0.970,0.958,0.889,0.865,0.871,0.752,0.810,0.748,0.843,0.740]
Epoch [95] Testing Results: Prec@1 62.390 Prec@5 92.050             Loss 1.29578
Epoch [95] Testing Class Recall: [0.956,0.988,0.889,0.557,0.670,0.546,0.640,0.349,0.369,0.275]
Epoch [96] Training Results: Prec@1 91.686 Prec@5 99.827             Loss 1.00357
Epoch [96] Training Class Recall: [0.971,0.965,0.906,0.852,0.899,0.760,0.797,0.806,0.843,0.640]
Epoch [96] Testing Results: Prec@1 61.890 Prec@5 92.170             Loss 1.29036
Epoch [96] Testing Class Recall: [0.982,0.955,0.773,0.742,0.748,0.212,0.654,0.444,0.394,0.285]
Epoch [97] Training Results: Prec@1 91.076 Prec@5 99.827             Loss 0.95288
Epoch [97] Training Class Recall: [0.965,0.944,0.891,0.863,0.926,0.718,0.836,0.770,0.819,0.640]
Epoch [97] Testing Results: Prec@1 66.600 Prec@5 93.840             Loss 1.12040
Epoch [97] Testing Class Recall: [0.980,0.919,0.747,0.516,0.668,0.802,0.829,0.567,0.342,0.290]
Epoch [98] Training Results: Prec@1 91.191 Prec@5 99.839             Loss 0.95390
Epoch [98] Training Class Recall: [0.972,0.956,0.903,0.846,0.890,0.726,0.793,0.791,0.795,0.620]
Epoch [98] Testing Results: Prec@1 59.930 Prec@5 90.330             Loss 1.42939
Epoch [98] Testing Class Recall: [0.926,0.990,0.857,0.731,0.723,0.460,0.218,0.615,0.137,0.336]
Epoch [99] Training Results: Prec@1 91.905 Prec@5 99.804             Loss 0.96593
Epoch [99] Training Class Recall: [0.973,0.964,0.905,0.875,0.902,0.760,0.780,0.784,0.771,0.660]
Epoch [99] Testing Results: Prec@1 61.320 Prec@5 93.890             Loss 1.25394
Epoch [99] Testing Class Recall: [0.977,0.965,0.702,0.622,0.662,0.378,0.514,0.482,0.555,0.275]
Epoch [100] Training Results: Prec@1 92.158 Prec@5 99.862             Loss 1.01607
Epoch [100] Training Class Recall: [0.975,0.947,0.910,0.879,0.912,0.744,0.815,0.799,0.843,0.720]
Epoch [100] Testing Results: Prec@1 65.340 Prec@5 89.950             Loss 1.27157
Epoch [100] Testing Class Recall: [0.948,0.985,0.761,0.705,0.847,0.672,0.668,0.567,0.239,0.142]
Epoch [101] Training Results: Prec@1 91.133 Prec@5 99.839             Loss 1.01199
Epoch [101] Training Class Recall: [0.964,0.977,0.894,0.871,0.888,0.716,0.806,0.727,0.747,0.740]
Epoch [101] Testing Results: Prec@1 56.910 Prec@5 89.950             Loss 1.50548
Epoch [101] Testing Class Recall: [0.965,0.993,0.784,0.504,0.597,0.587,0.438,0.504,0.079,0.240]
Epoch [102] Training Results: Prec@1 91.617 Prec@5 99.839             Loss 0.88679
Epoch [102] Training Class Recall: [0.974,0.957,0.896,0.870,0.912,0.724,0.793,0.784,0.771,0.760]
Epoch [102] Testing Results: Prec@1 58.740 Prec@5 89.130             Loss 1.58366
Epoch [102] Testing Class Recall: [0.961,0.960,0.846,0.667,0.872,0.508,0.389,0.403,0.172,0.096]
Epoch [103] Training Results: Prec@1 91.386 Prec@5 99.804             Loss 0.92342
Epoch [103] Training Class Recall: [0.974,0.954,0.908,0.845,0.891,0.747,0.776,0.820,0.771,0.600]
Epoch [103] Testing Results: Prec@1 63.770 Prec@5 92.360             Loss 1.24382
Epoch [103] Testing Class Recall: [0.928,0.992,0.661,0.710,0.701,0.792,0.349,0.618,0.291,0.335]
Epoch [104] Training Results: Prec@1 91.709 Prec@5 99.804             Loss 0.98418
Epoch [104] Training Class Recall: [0.975,0.965,0.908,0.858,0.884,0.749,0.810,0.791,0.711,0.680]
Epoch [104] Testing Results: Prec@1 63.410 Prec@5 89.840             Loss 1.36613
Epoch [104] Testing Class Recall: [0.946,0.993,0.794,0.685,0.855,0.649,0.729,0.454,0.120,0.116]
Epoch [105] Training Results: Prec@1 92.446 Prec@5 99.850             Loss 0.87555
Epoch [105] Training Class Recall: [0.974,0.968,0.916,0.874,0.910,0.762,0.815,0.777,0.831,0.720]
Epoch [105] Testing Results: Prec@1 58.730 Prec@5 88.080             Loss 1.56992
Epoch [105] Testing Class Recall: [0.907,0.956,0.910,0.724,0.753,0.367,0.390,0.531,0.111,0.224]
Epoch [106] Training Results: Prec@1 91.386 Prec@5 99.781             Loss 0.97317
Epoch [106] Training Class Recall: [0.966,0.966,0.897,0.875,0.893,0.711,0.806,0.827,0.795,0.680]
Epoch [106] Testing Results: Prec@1 64.130 Prec@5 92.540             Loss 1.23018
Epoch [106] Testing Class Recall: [0.971,0.983,0.648,0.710,0.580,0.594,0.627,0.683,0.130,0.487]
Epoch [107] Training Results: Prec@1 91.594 Prec@5 99.850             Loss 0.95995
Epoch [107] Training Class Recall: [0.969,0.955,0.903,0.890,0.901,0.734,0.789,0.755,0.747,0.600]
Epoch [107] Testing Results: Prec@1 60.770 Prec@5 89.760             Loss 1.40832
Epoch [107] Testing Class Recall: [0.955,0.979,0.648,0.797,0.676,0.587,0.392,0.720,0.126,0.197]
Epoch [108] Training Results: Prec@1 91.709 Prec@5 99.873             Loss 0.95570
Epoch [108] Training Class Recall: [0.969,0.964,0.906,0.862,0.902,0.775,0.836,0.806,0.651,0.600]
Epoch [108] Testing Results: Prec@1 62.920 Prec@5 93.490             Loss 1.26237
Epoch [108] Testing Class Recall: [0.964,0.960,0.765,0.780,0.752,0.456,0.463,0.448,0.177,0.527]
Epoch [109] Training Results: Prec@1 91.836 Prec@5 99.885             Loss 0.91337
Epoch [109] Training Class Recall: [0.973,0.947,0.916,0.872,0.888,0.770,0.772,0.813,0.747,0.700]
Epoch [109] Testing Results: Prec@1 62.800 Prec@5 91.780             Loss 1.28626
Epoch [109] Testing Class Recall: [0.932,0.979,0.882,0.824,0.598,0.435,0.509,0.402,0.390,0.329]
Epoch [110] Training Results: Prec@1 92.515 Prec@5 99.885             Loss 0.95052
Epoch [110] Training Class Recall: [0.971,0.966,0.923,0.865,0.891,0.793,0.836,0.827,0.855,0.700]
Epoch [110] Testing Results: Prec@1 62.340 Prec@5 91.290             Loss 1.38012
Epoch [110] Testing Class Recall: [0.970,0.967,0.842,0.777,0.635,0.513,0.465,0.733,0.100,0.232]
Epoch [111] Training Results: Prec@1 92.400 Prec@5 99.873             Loss 0.88999
Epoch [111] Training Class Recall: [0.970,0.963,0.910,0.890,0.905,0.788,0.793,0.871,0.735,0.700]
Epoch [111] Testing Results: Prec@1 65.320 Prec@5 88.630             Loss 1.35502
Epoch [111] Testing Class Recall: [0.963,0.989,0.772,0.590,0.750,0.831,0.535,0.593,0.438,0.071]
Epoch [112] Training Results: Prec@1 92.550 Prec@5 99.885             Loss 0.89441
Epoch [112] Training Class Recall: [0.980,0.970,0.909,0.869,0.888,0.791,0.836,0.820,0.771,0.800]
Epoch [112] Testing Results: Prec@1 67.820 Prec@5 93.170             Loss 1.11787
Epoch [112] Testing Class Recall: [0.937,0.979,0.844,0.696,0.711,0.402,0.799,0.707,0.480,0.227]
Epoch [113] Training Results: Prec@1 92.906 Prec@5 99.908             Loss 0.90446
Epoch [113] Training Class Recall: [0.975,0.972,0.911,0.882,0.919,0.804,0.810,0.835,0.916,0.660]
Epoch [113] Testing Results: Prec@1 67.380 Prec@5 94.090             Loss 1.10228
Epoch [113] Testing Class Recall: [0.952,0.972,0.837,0.747,0.645,0.492,0.611,0.565,0.281,0.636]
Epoch [114] Training Results: Prec@1 92.653 Prec@5 99.896             Loss 0.92915
Epoch [114] Training Class Recall: [0.970,0.970,0.913,0.898,0.927,0.760,0.819,0.799,0.747,0.780]
Epoch [114] Testing Results: Prec@1 62.390 Prec@5 91.670             Loss 1.33306
Epoch [114] Testing Class Recall: [0.959,0.986,0.748,0.790,0.653,0.178,0.783,0.272,0.501,0.369]
Epoch [115] Training Results: Prec@1 92.204 Prec@5 99.827             Loss 0.88714
Epoch [115] Training Class Recall: [0.976,0.967,0.917,0.856,0.907,0.765,0.819,0.712,0.855,0.680]
Epoch [115] Testing Results: Prec@1 68.430 Prec@5 94.380             Loss 1.07200
Epoch [115] Testing Class Recall: [0.954,0.969,0.775,0.850,0.704,0.453,0.696,0.517,0.474,0.451]
Epoch [116] Training Results: Prec@1 91.928 Prec@5 99.873             Loss 0.95591
Epoch [116] Training Class Recall: [0.975,0.964,0.904,0.834,0.901,0.814,0.832,0.784,0.795,0.800]
Epoch [116] Testing Results: Prec@1 70.140 Prec@5 93.530             Loss 1.00588
Epoch [116] Testing Class Recall: [0.941,0.987,0.760,0.756,0.666,0.562,0.802,0.515,0.384,0.641]
Epoch [117] Training Results: Prec@1 92.757 Prec@5 99.942             Loss 0.91365
Epoch [117] Training Class Recall: [0.972,0.962,0.914,0.891,0.905,0.811,0.862,0.748,0.807,0.800]
Epoch [117] Testing Results: Prec@1 65.700 Prec@5 92.880             Loss 1.17321
Epoch [117] Testing Class Recall: [0.881,0.952,0.925,0.733,0.683,0.554,0.506,0.655,0.477,0.204]
Epoch [118] Training Results: Prec@1 92.653 Prec@5 99.908             Loss 0.90745
Epoch [118] Training Class Recall: [0.969,0.953,0.919,0.885,0.944,0.791,0.823,0.777,0.807,0.740]
Epoch [118] Testing Results: Prec@1 56.870 Prec@5 89.110             Loss 1.75468
Epoch [118] Testing Class Recall: [0.975,0.982,0.792,0.431,0.798,0.339,0.688,0.446,0.174,0.062]
Epoch [119] Training Results: Prec@1 92.584 Prec@5 99.942             Loss 0.90370
Epoch [119] Training Class Recall: [0.972,0.960,0.911,0.873,0.921,0.806,0.832,0.842,0.795,0.740]
Epoch [119] Testing Results: Prec@1 64.960 Prec@5 91.500             Loss 1.28661
Epoch [119] Testing Class Recall: [0.943,0.978,0.875,0.653,0.744,0.602,0.668,0.524,0.241,0.268]
Epoch [120] Training Results: Prec@1 92.550 Prec@5 99.885             Loss 0.86508
Epoch [120] Training Class Recall: [0.970,0.957,0.928,0.882,0.882,0.775,0.862,0.806,0.843,0.740]
Epoch [120] Testing Results: Prec@1 60.710 Prec@5 92.060             Loss 1.38402
Epoch [120] Testing Class Recall: [0.986,0.972,0.832,0.602,0.790,0.483,0.428,0.460,0.195,0.323]
Epoch [121] Training Results: Prec@1 93.079 Prec@5 99.896             Loss 0.88793
Epoch [121] Training Class Recall: [0.976,0.967,0.920,0.886,0.919,0.778,0.823,0.863,0.855,0.760]
Epoch [121] Testing Results: Prec@1 63.310 Prec@5 94.280             Loss 1.19697
Epoch [121] Testing Class Recall: [0.993,0.908,0.602,0.488,0.806,0.706,0.589,0.522,0.404,0.313]
Epoch [122] Training Results: Prec@1 92.768 Prec@5 99.862             Loss 0.93958
Epoch [122] Training Class Recall: [0.981,0.959,0.909,0.886,0.898,0.793,0.849,0.849,0.747,0.720]
Epoch [122] Testing Results: Prec@1 60.450 Prec@5 89.100             Loss 1.41512
Epoch [122] Testing Class Recall: [0.971,0.945,0.785,0.520,0.761,0.405,0.215,0.821,0.354,0.268]
Epoch [123] Training Results: Prec@1 92.860 Prec@5 99.816             Loss 0.91981
Epoch [123] Training Class Recall: [0.972,0.964,0.916,0.887,0.922,0.809,0.815,0.813,0.843,0.720]
Epoch [123] Testing Results: Prec@1 66.730 Prec@5 93.060             Loss 1.15352
Epoch [123] Testing Class Recall: [0.973,0.954,0.790,0.675,0.789,0.559,0.586,0.536,0.333,0.478]
Epoch [124] Training Results: Prec@1 93.402 Prec@5 99.908             Loss 0.90682
Epoch [124] Training Class Recall: [0.981,0.973,0.929,0.869,0.922,0.783,0.871,0.863,0.807,0.680]
Epoch [124] Testing Results: Prec@1 63.620 Prec@5 90.340             Loss 1.31203
Epoch [124] Testing Class Recall: [0.932,0.981,0.772,0.877,0.780,0.305,0.383,0.759,0.352,0.221]
Epoch [125] Training Results: Prec@1 93.436 Prec@5 99.942             Loss 0.90771
Epoch [125] Training Class Recall: [0.978,0.972,0.932,0.883,0.912,0.806,0.884,0.791,0.747,0.760]
Epoch [125] Testing Results: Prec@1 57.580 Prec@5 87.650             Loss 1.61837
Epoch [125] Testing Class Recall: [0.956,0.994,0.691,0.811,0.573,0.617,0.261,0.528,0.237,0.090]
Epoch [126] Training Results: Prec@1 93.298 Prec@5 99.931             Loss 0.90318
Epoch [126] Training Class Recall: [0.981,0.973,0.916,0.877,0.915,0.809,0.858,0.799,0.940,0.700]
Epoch [126] Testing Results: Prec@1 65.350 Prec@5 91.670             Loss 1.24951
Epoch [126] Testing Class Recall: [0.975,0.970,0.860,0.551,0.834,0.502,0.638,0.634,0.295,0.276]
Epoch [127] Training Results: Prec@1 93.436 Prec@5 99.931             Loss 0.95547
Epoch [127] Training Class Recall: [0.978,0.969,0.924,0.877,0.905,0.827,0.892,0.849,0.843,0.760]
Epoch [127] Testing Results: Prec@1 63.000 Prec@5 91.410             Loss 1.26869
Epoch [127] Testing Class Recall: [0.963,0.984,0.626,0.850,0.859,0.585,0.466,0.368,0.330,0.269]
Epoch [128] Training Results: Prec@1 93.217 Prec@5 99.908             Loss 0.91557
Epoch [128] Training Class Recall: [0.978,0.972,0.918,0.899,0.904,0.788,0.828,0.835,0.795,0.820]
Epoch [128] Testing Results: Prec@1 70.920 Prec@5 94.690             Loss 0.96697
Epoch [128] Testing Class Recall: [0.945,0.986,0.792,0.666,0.806,0.637,0.602,0.631,0.533,0.494]
Epoch [129] Training Results: Prec@1 93.114 Prec@5 99.931             Loss 0.88327
Epoch [129] Training Class Recall: [0.970,0.961,0.916,0.910,0.933,0.788,0.862,0.791,0.819,0.760]
Epoch [129] Testing Results: Prec@1 64.820 Prec@5 93.560             Loss 1.25208
Epoch [129] Testing Class Recall: [0.995,0.954,0.725,0.633,0.617,0.677,0.573,0.626,0.311,0.371]
Epoch [130] Training Results: Prec@1 92.976 Prec@5 99.896             Loss 0.89339
Epoch [130] Training Class Recall: [0.973,0.959,0.910,0.898,0.926,0.806,0.849,0.806,0.819,0.780]
Epoch [130] Testing Results: Prec@1 67.730 Prec@5 92.480             Loss 1.14132
Epoch [130] Testing Class Recall: [0.956,0.968,0.847,0.764,0.722,0.676,0.552,0.643,0.454,0.191]
Epoch [131] Training Results: Prec@1 93.586 Prec@5 99.862             Loss 0.94151
Epoch [131] Training Class Recall: [0.978,0.960,0.911,0.917,0.918,0.819,0.901,0.827,0.783,0.840]
Epoch [131] Testing Results: Prec@1 63.690 Prec@5 90.780             Loss 1.29354
Epoch [131] Testing Class Recall: [0.974,0.985,0.850,0.670,0.768,0.481,0.336,0.681,0.281,0.343]
Epoch [132] Training Results: Prec@1 93.402 Prec@5 99.942             Loss 0.88534
Epoch [132] Training Class Recall: [0.982,0.969,0.914,0.885,0.918,0.809,0.832,0.871,0.855,0.800]
Epoch [132] Testing Results: Prec@1 61.070 Prec@5 89.900             Loss 1.44103
Epoch [132] Testing Class Recall: [0.907,0.949,0.941,0.755,0.643,0.581,0.299,0.429,0.442,0.161]
Epoch [133] Training Results: Prec@1 93.436 Prec@5 99.954             Loss 0.91750
Epoch [133] Training Class Recall: [0.972,0.960,0.920,0.920,0.930,0.788,0.845,0.899,0.819,0.640]
Epoch [133] Testing Results: Prec@1 62.910 Prec@5 90.360             Loss 1.32710
Epoch [133] Testing Class Recall: [0.917,0.984,0.906,0.721,0.766,0.453,0.623,0.389,0.294,0.238]
Epoch [134] Training Results: Prec@1 93.989 Prec@5 99.919             Loss 0.89946
Epoch [134] Training Class Recall: [0.976,0.976,0.934,0.892,0.940,0.840,0.862,0.820,0.819,0.740]
Epoch [134] Testing Results: Prec@1 68.740 Prec@5 94.260             Loss 1.08119
Epoch [134] Testing Class Recall: [0.966,0.990,0.740,0.667,0.749,0.614,0.572,0.749,0.417,0.410]
Epoch [135] Training Results: Prec@1 93.793 Prec@5 99.896             Loss 0.91570
Epoch [135] Training Class Recall: [0.972,0.981,0.928,0.910,0.932,0.801,0.862,0.849,0.807,0.780]
Epoch [135] Testing Results: Prec@1 67.210 Prec@5 91.840             Loss 1.15258
Epoch [135] Testing Class Recall: [0.929,0.994,0.872,0.757,0.846,0.400,0.558,0.621,0.446,0.298]
Epoch [136] Training Results: Prec@1 93.954 Prec@5 99.919             Loss 0.87987
Epoch [136] Training Class Recall: [0.977,0.973,0.931,0.904,0.919,0.814,0.858,0.878,0.831,0.840]
Epoch [136] Testing Results: Prec@1 59.670 Prec@5 87.740             Loss 1.52465
Epoch [136] Testing Class Recall: [0.928,0.990,0.940,0.481,0.671,0.552,0.642,0.350,0.325,0.088]
Epoch [137] Training Results: Prec@1 93.770 Prec@5 99.862             Loss 0.88078
Epoch [137] Training Class Recall: [0.976,0.971,0.929,0.894,0.936,0.798,0.884,0.914,0.735,0.780]
Epoch [137] Testing Results: Prec@1 68.190 Prec@5 93.640             Loss 1.09240
Epoch [137] Testing Class Recall: [0.931,0.986,0.653,0.841,0.630,0.742,0.636,0.683,0.274,0.443]
Epoch [138] Training Results: Prec@1 93.586 Prec@5 99.896             Loss 0.92994
Epoch [138] Training Class Recall: [0.979,0.965,0.932,0.888,0.926,0.783,0.845,0.878,0.843,0.780]
Epoch [138] Testing Results: Prec@1 61.610 Prec@5 89.590             Loss 1.38850
Epoch [138] Testing Class Recall: [0.967,0.967,0.821,0.614,0.906,0.551,0.481,0.382,0.199,0.273]
Epoch [139] Training Results: Prec@1 93.494 Prec@5 99.873             Loss 0.91932
Epoch [139] Training Class Recall: [0.981,0.966,0.929,0.901,0.935,0.770,0.823,0.791,0.759,0.720]
Epoch [139] Testing Results: Prec@1 69.280 Prec@5 94.010             Loss 1.04887
Epoch [139] Testing Class Recall: [0.936,0.986,0.845,0.774,0.801,0.675,0.614,0.481,0.502,0.314]
Epoch [140] Training Results: Prec@1 93.171 Prec@5 99.965             Loss 0.96744
Epoch [140] Training Class Recall: [0.980,0.961,0.908,0.887,0.919,0.819,0.853,0.827,0.892,0.760]
Epoch [140] Testing Results: Prec@1 64.330 Prec@5 93.780             Loss 1.18656
Epoch [140] Testing Class Recall: [0.977,0.858,0.831,0.676,0.724,0.479,0.554,0.585,0.497,0.252]
Epoch [141] Training Results: Prec@1 93.736 Prec@5 99.896             Loss 0.86933
Epoch [141] Training Class Recall: [0.980,0.960,0.924,0.899,0.938,0.801,0.871,0.885,0.795,0.740]
Epoch [141] Testing Results: Prec@1 66.620 Prec@5 91.150             Loss 1.15051
Epoch [141] Testing Class Recall: [0.854,0.989,0.726,0.825,0.782,0.471,0.798,0.156,0.600,0.461]
Epoch [142] Training Results: Prec@1 93.229 Prec@5 99.885             Loss 0.92323
Epoch [142] Training Class Recall: [0.973,0.977,0.932,0.863,0.918,0.817,0.845,0.863,0.831,0.700]
Epoch [142] Testing Results: Prec@1 65.270 Prec@5 91.890             Loss 1.22351
Epoch [142] Testing Class Recall: [0.971,0.985,0.863,0.523,0.619,0.515,0.738,0.725,0.320,0.268]
Epoch [143] Training Results: Prec@1 93.528 Prec@5 99.954             Loss 0.88458
Epoch [143] Training Class Recall: [0.977,0.969,0.929,0.877,0.922,0.822,0.862,0.827,0.831,0.840]
Epoch [143] Testing Results: Prec@1 61.080 Prec@5 91.920             Loss 1.35313
Epoch [143] Testing Class Recall: [0.890,0.991,0.870,0.826,0.432,0.432,0.511,0.533,0.451,0.172]
Epoch [144] Training Results: Prec@1 94.035 Prec@5 99.931             Loss 0.95321
Epoch [144] Training Class Recall: [0.980,0.966,0.924,0.916,0.916,0.835,0.858,0.842,0.892,0.860]
Epoch [144] Testing Results: Prec@1 60.660 Prec@5 89.280             Loss 1.49371
Epoch [144] Testing Class Recall: [0.969,0.983,0.780,0.796,0.730,0.396,0.669,0.354,0.233,0.156]
Epoch [145] Training Results: Prec@1 93.632 Prec@5 99.908             Loss 0.91896
Epoch [145] Training Class Recall: [0.981,0.961,0.924,0.908,0.888,0.827,0.879,0.813,0.819,0.840]
Epoch [145] Testing Results: Prec@1 54.650 Prec@5 90.150             Loss 1.66653
Epoch [145] Testing Class Recall: [0.945,0.935,0.915,0.664,0.599,0.261,0.273,0.547,0.156,0.170]
Epoch [146] Training Results: Prec@1 93.908 Prec@5 99.954             Loss 0.92696
Epoch [146] Training Class Recall: [0.972,0.977,0.934,0.896,0.929,0.835,0.871,0.878,0.855,0.740]
Epoch [146] Testing Results: Prec@1 66.800 Prec@5 91.220             Loss 1.18097
Epoch [146] Testing Class Recall: [0.954,0.949,0.732,0.651,0.858,0.780,0.753,0.390,0.255,0.358]
Epoch [147] Training Results: Prec@1 93.759 Prec@5 99.919             Loss 0.92691
Epoch [147] Training Class Recall: [0.976,0.976,0.928,0.887,0.916,0.848,0.875,0.827,0.831,0.840]
Epoch [147] Testing Results: Prec@1 69.070 Prec@5 93.100             Loss 1.04513
Epoch [147] Testing Class Recall: [0.924,0.982,0.816,0.819,0.731,0.629,0.633,0.664,0.367,0.342]
Epoch [148] Training Results: Prec@1 93.782 Prec@5 99.873             Loss 0.88524
Epoch [148] Training Class Recall: [0.973,0.974,0.919,0.915,0.918,0.860,0.849,0.856,0.807,0.760]
Epoch [148] Testing Results: Prec@1 64.620 Prec@5 90.570             Loss 1.29453
Epoch [148] Testing Class Recall: [0.978,0.971,0.822,0.670,0.783,0.404,0.667,0.482,0.157,0.528]
Epoch [149] Training Results: Prec@1 93.678 Prec@5 99.977             Loss 0.87139
Epoch [149] Training Class Recall: [0.976,0.968,0.929,0.903,0.929,0.806,0.828,0.856,0.819,0.820]
Epoch [149] Testing Results: Prec@1 61.210 Prec@5 89.150             Loss 1.43167
Epoch [149] Testing Class Recall: [0.924,0.944,0.933,0.715,0.707,0.659,0.539,0.299,0.257,0.144]
Epoch [150] Training Results: Prec@1 94.288 Prec@5 99.942             Loss 0.86629
Epoch [150] Training Class Recall: [0.978,0.974,0.938,0.881,0.926,0.873,0.884,0.906,0.855,0.820]
Epoch [150] Testing Results: Prec@1 61.010 Prec@5 91.670             Loss 1.43260
Epoch [150] Testing Class Recall: [0.984,0.978,0.710,0.726,0.552,0.582,0.552,0.578,0.163,0.276]
Epoch [151] Training Results: Prec@1 93.862 Prec@5 99.919             Loss 0.88929
Epoch [151] Training Class Recall: [0.974,0.971,0.933,0.889,0.919,0.842,0.897,0.856,0.831,0.840]
Epoch [151] Testing Results: Prec@1 69.990 Prec@5 94.320             Loss 1.01585
Epoch [151] Testing Class Recall: [0.951,0.960,0.840,0.853,0.624,0.565,0.522,0.510,0.593,0.581]
Epoch [152] Training Results: Prec@1 94.231 Prec@5 99.942             Loss 0.85236
Epoch [152] Training Class Recall: [0.981,0.980,0.934,0.886,0.919,0.884,0.871,0.863,0.771,0.780]
Epoch [152] Testing Results: Prec@1 66.490 Prec@5 91.930             Loss 1.20519
Epoch [152] Testing Class Recall: [0.953,0.986,0.896,0.637,0.765,0.605,0.630,0.520,0.338,0.319]
Epoch [153] Training Results: Prec@1 94.012 Prec@5 99.908             Loss 0.91353
Epoch [153] Training Class Recall: [0.973,0.972,0.927,0.903,0.947,0.824,0.875,0.928,0.843,0.700]
Epoch [153] Testing Results: Prec@1 64.120 Prec@5 89.670             Loss 1.30375
Epoch [153] Testing Class Recall: [0.924,0.978,0.776,0.877,0.777,0.587,0.540,0.397,0.391,0.165]
Epoch [154] Training Results: Prec@1 93.885 Prec@5 99.919             Loss 0.92985
Epoch [154] Training Class Recall: [0.977,0.975,0.930,0.913,0.924,0.796,0.853,0.849,0.783,0.760]
Epoch [154] Testing Results: Prec@1 67.470 Prec@5 92.390             Loss 1.11097
Epoch [154] Testing Class Recall: [0.942,0.971,0.744,0.522,0.793,0.793,0.770,0.318,0.724,0.170]
Epoch [155] Training Results: Prec@1 93.885 Prec@5 99.896             Loss 0.97057
Epoch [155] Training Class Recall: [0.972,0.963,0.926,0.908,0.930,0.860,0.897,0.856,0.855,0.720]
Epoch [155] Testing Results: Prec@1 65.980 Prec@5 92.610             Loss 1.20215
Epoch [155] Testing Class Recall: [0.980,0.977,0.784,0.616,0.637,0.812,0.628,0.482,0.294,0.388]
Epoch [156] Training Results: Prec@1 94.208 Prec@5 99.954             Loss 0.88992
Epoch [156] Training Class Recall: [0.977,0.970,0.934,0.890,0.949,0.832,0.909,0.856,0.831,0.820]
Epoch [156] Testing Results: Prec@1 65.520 Prec@5 93.300             Loss 1.19444
Epoch [156] Testing Class Recall: [0.975,0.976,0.869,0.711,0.735,0.341,0.639,0.550,0.387,0.369]
Epoch [157] Training Results: Prec@1 94.473 Prec@5 99.977             Loss 0.89153
Epoch [157] Training Class Recall: [0.976,0.978,0.942,0.904,0.932,0.835,0.897,0.856,0.880,0.800]
Epoch [157] Testing Results: Prec@1 62.880 Prec@5 91.230             Loss 1.32603
Epoch [157] Testing Class Recall: [0.984,0.974,0.788,0.738,0.862,0.318,0.379,0.599,0.476,0.170]
Epoch [158] Training Results: Prec@1 93.977 Prec@5 99.908             Loss 0.88391
Epoch [158] Training Class Recall: [0.978,0.977,0.932,0.909,0.926,0.791,0.884,0.842,0.855,0.660]
Epoch [158] Testing Results: Prec@1 66.200 Prec@5 93.670             Loss 1.14986
Epoch [158] Testing Class Recall: [0.967,0.945,0.901,0.569,0.734,0.390,0.657,0.545,0.524,0.388]
Epoch [159] Training Results: Prec@1 93.931 Prec@5 99.965             Loss 0.88350
Epoch [159] Training Class Recall: [0.974,0.963,0.942,0.903,0.930,0.809,0.841,0.871,0.880,0.760]
Epoch [159] Testing Results: Prec@1 64.500 Prec@5 92.290             Loss 1.24827
Epoch [159] Testing Class Recall: [0.835,0.957,0.816,0.889,0.761,0.526,0.308,0.567,0.356,0.435]
Epoch [160] Training Results: Prec@1 95.877 Prec@5 99.977             Loss 0.80993
Epoch [160] Training Class Recall: [0.978,0.982,0.950,0.944,0.969,0.853,0.918,0.921,0.904,0.920]
Epoch [160] Testing Results: Prec@1 69.420 Prec@5 93.470             Loss 1.11009
Epoch [160] Testing Class Recall: [0.965,0.979,0.840,0.790,0.783,0.603,0.637,0.604,0.326,0.415]
Epoch [161] Training Results: Prec@1 96.350 Prec@5 99.965             Loss 0.82776
Epoch [161] Training Class Recall: [0.983,0.985,0.954,0.949,0.963,0.894,0.927,0.935,0.843,0.900]
Epoch [161] Testing Results: Prec@1 69.840 Prec@5 93.530             Loss 1.07095
Epoch [161] Testing Class Recall: [0.960,0.981,0.831,0.791,0.773,0.643,0.632,0.617,0.324,0.432]
Epoch [162] Training Results: Prec@1 96.684 Prec@5 100.000             Loss 0.84082
Epoch [162] Training Class Recall: [0.986,0.984,0.962,0.942,0.974,0.899,0.931,0.921,0.892,0.940]
Epoch [162] Testing Results: Prec@1 69.730 Prec@5 93.640             Loss 1.07946
Epoch [162] Testing Class Recall: [0.965,0.981,0.838,0.771,0.775,0.657,0.645,0.625,0.335,0.381]
Epoch [163] Training Results: Prec@1 96.799 Prec@5 99.977             Loss 0.73750
Epoch [163] Training Class Recall: [0.988,0.985,0.958,0.943,0.978,0.904,0.940,0.899,0.940,0.940]
Epoch [163] Testing Results: Prec@1 70.350 Prec@5 93.710             Loss 1.05733
Epoch [163] Testing Class Recall: [0.967,0.981,0.846,0.767,0.789,0.655,0.675,0.617,0.329,0.409]
Epoch [164] Training Results: Prec@1 96.868 Prec@5 99.977             Loss 0.75946
Epoch [164] Training Class Recall: [0.988,0.984,0.956,0.953,0.966,0.910,0.957,0.921,0.940,0.940]
Epoch [164] Testing Results: Prec@1 70.180 Prec@5 93.700             Loss 1.06288
Epoch [164] Testing Class Recall: [0.969,0.981,0.839,0.785,0.761,0.644,0.675,0.627,0.339,0.398]
Epoch [165] Training Results: Prec@1 97.294 Prec@5 100.000             Loss 0.87527
Epoch [165] Training Class Recall: [0.990,0.990,0.960,0.962,0.974,0.912,0.953,0.935,0.928,0.960]
Epoch [165] Testing Results: Prec@1 70.500 Prec@5 93.550             Loss 1.05470
Epoch [165] Testing Class Recall: [0.969,0.984,0.854,0.762,0.773,0.659,0.675,0.619,0.338,0.417]
Epoch [166] Training Results: Prec@1 97.098 Prec@5 99.988             Loss 0.85354
Epoch [166] Training Class Recall: [0.989,0.989,0.958,0.960,0.977,0.907,0.940,0.921,0.940,0.900]
Epoch [166] Testing Results: Prec@1 70.550 Prec@5 93.660             Loss 1.05237
Epoch [166] Testing Class Recall: [0.964,0.988,0.864,0.778,0.775,0.621,0.682,0.625,0.322,0.436]
Epoch [167] Training Results: Prec@1 97.282 Prec@5 99.977             Loss 0.76654
Epoch [167] Training Class Recall: [0.990,0.986,0.963,0.959,0.971,0.920,0.953,0.921,0.940,0.980]
Epoch [167] Testing Results: Prec@1 70.370 Prec@5 93.750             Loss 1.06248
Epoch [167] Testing Class Recall: [0.967,0.985,0.863,0.787,0.761,0.627,0.681,0.619,0.382,0.365]
Epoch [168] Training Results: Prec@1 97.409 Prec@5 100.000             Loss 0.78793
Epoch [168] Training Class Recall: [0.986,0.989,0.966,0.959,0.981,0.922,0.966,0.942,0.976,0.900]
Epoch [168] Testing Results: Prec@1 70.220 Prec@5 93.660             Loss 1.06962
Epoch [168] Testing Class Recall: [0.969,0.986,0.866,0.770,0.777,0.630,0.705,0.610,0.356,0.353]
Epoch [169] Training Results: Prec@1 97.605 Prec@5 99.977             Loss 0.87327
Epoch [169] Training Class Recall: [0.993,0.991,0.958,0.962,0.975,0.922,0.987,0.950,1.000,0.960]
Epoch [169] Testing Results: Prec@1 70.920 Prec@5 93.700             Loss 1.04525
Epoch [169] Testing Class Recall: [0.970,0.985,0.851,0.757,0.793,0.649,0.699,0.636,0.360,0.392]
Epoch [170] Training Results: Prec@1 97.927 Prec@5 100.000             Loss 0.75588
Epoch [170] Training Class Recall: [0.993,0.992,0.972,0.967,0.972,0.938,0.961,0.950,0.952,1.000]
Epoch [170] Testing Results: Prec@1 70.680 Prec@5 93.720             Loss 1.05952
Epoch [170] Testing Class Recall: [0.968,0.988,0.855,0.775,0.806,0.621,0.683,0.632,0.376,0.364]
Epoch [171] Training Results: Prec@1 97.789 Prec@5 100.000             Loss 0.78348
Epoch [171] Training Class Recall: [0.990,0.991,0.968,0.965,0.975,0.933,0.987,0.957,0.976,0.940]
Epoch [171] Testing Results: Prec@1 70.980 Prec@5 93.780             Loss 1.04624
Epoch [171] Testing Class Recall: [0.969,0.986,0.866,0.768,0.798,0.652,0.704,0.620,0.358,0.377]
Epoch [172] Training Results: Prec@1 97.685 Prec@5 99.988             Loss 0.84072
Epoch [172] Training Class Recall: [0.991,0.985,0.969,0.957,0.984,0.941,0.961,0.935,0.964,0.980]
Epoch [172] Testing Results: Prec@1 71.010 Prec@5 93.850             Loss 1.04432
Epoch [172] Testing Class Recall: [0.972,0.982,0.865,0.774,0.794,0.629,0.741,0.612,0.378,0.354]
Epoch [173] Training Results: Prec@1 97.812 Prec@5 99.988             Loss 0.74327
Epoch [173] Training Class Recall: [0.992,0.990,0.968,0.959,0.983,0.930,0.983,0.964,0.964,0.960]
Epoch [173] Testing Results: Prec@1 72.220 Prec@5 94.040             Loss 1.00774
Epoch [173] Testing Class Recall: [0.963,0.987,0.859,0.794,0.798,0.652,0.747,0.633,0.362,0.427]
Epoch [174] Training Results: Prec@1 97.950 Prec@5 100.000             Loss 0.75367
Epoch [174] Training Class Recall: [0.994,0.993,0.969,0.959,0.981,0.943,0.957,0.971,0.976,0.960]
Epoch [174] Testing Results: Prec@1 70.870 Prec@5 93.710             Loss 1.05809
Epoch [174] Testing Class Recall: [0.967,0.986,0.878,0.792,0.785,0.626,0.713,0.615,0.350,0.375]
Epoch [175] Training Results: Prec@1 97.927 Prec@5 100.000             Loss 0.78910
Epoch [175] Training Class Recall: [0.994,0.984,0.970,0.962,0.983,0.943,0.970,0.957,0.964,0.960]
Epoch [175] Testing Results: Prec@1 71.750 Prec@5 94.090             Loss 1.01715
Epoch [175] Testing Class Recall: [0.971,0.982,0.872,0.779,0.797,0.642,0.708,0.615,0.342,0.467]
Epoch [176] Training Results: Prec@1 97.950 Prec@5 99.977             Loss 0.79637
Epoch [176] Training Class Recall: [0.992,0.992,0.970,0.963,0.981,0.941,0.970,0.964,0.976,0.960]
Epoch [176] Testing Results: Prec@1 71.390 Prec@5 93.450             Loss 1.04421
Epoch [176] Testing Class Recall: [0.965,0.988,0.869,0.795,0.799,0.655,0.734,0.630,0.355,0.349]
Epoch [177] Training Results: Prec@1 98.111 Prec@5 100.000             Loss 0.77133
Epoch [177] Training Class Recall: [0.990,0.993,0.972,0.972,0.988,0.943,0.970,0.971,0.964,1.000]
Epoch [177] Testing Results: Prec@1 71.820 Prec@5 93.780             Loss 1.02101
Epoch [177] Testing Class Recall: [0.966,0.985,0.861,0.797,0.796,0.668,0.691,0.642,0.369,0.407]
Epoch [178] Training Results: Prec@1 98.042 Prec@5 100.000             Loss 0.78702
Epoch [178] Training Class Recall: [0.992,0.996,0.971,0.966,0.984,0.930,0.966,0.971,0.988,0.960]
Epoch [178] Testing Results: Prec@1 71.600 Prec@5 93.770             Loss 1.03262
Epoch [178] Testing Class Recall: [0.966,0.986,0.874,0.797,0.812,0.635,0.706,0.638,0.363,0.383]
Epoch [179] Training Results: Prec@1 98.042 Prec@5 99.988             Loss 0.82958
Epoch [179] Training Class Recall: [0.993,0.987,0.973,0.963,0.980,0.953,0.966,0.986,1.000,0.940]
Epoch [179] Testing Results: Prec@1 70.550 Prec@5 93.570             Loss 1.07303
Epoch [179] Testing Class Recall: [0.968,0.988,0.863,0.791,0.766,0.643,0.715,0.609,0.337,0.375]
Epoch [180] Training Results: Prec@1 97.962 Prec@5 99.965             Loss 0.82407
Epoch [180] Training Class Recall: [0.992,0.994,0.972,0.965,0.980,0.943,0.957,0.964,0.952,0.940]
Epoch [180] Testing Results: Prec@1 70.930 Prec@5 93.580             Loss 1.05855
Epoch [180] Testing Class Recall: [0.967,0.983,0.879,0.771,0.801,0.640,0.696,0.629,0.328,0.399]
Epoch [181] Training Results: Prec@1 98.238 Prec@5 100.000             Loss 0.86509
Epoch [181] Training Class Recall: [0.994,0.989,0.978,0.972,0.975,0.951,0.970,0.942,0.976,0.960]
Epoch [181] Testing Results: Prec@1 70.380 Prec@5 93.450             Loss 1.07341
Epoch [181] Testing Class Recall: [0.969,0.986,0.864,0.782,0.787,0.632,0.701,0.641,0.330,0.346]
Epoch [182] Training Results: Prec@1 98.077 Prec@5 100.000             Loss 0.77003
Epoch [182] Training Class Recall: [0.991,0.993,0.971,0.973,0.981,0.935,0.978,0.964,0.988,0.980]
Epoch [182] Testing Results: Prec@1 71.500 Prec@5 93.710             Loss 1.03255
Epoch [182] Testing Class Recall: [0.969,0.986,0.865,0.800,0.791,0.652,0.716,0.615,0.351,0.405]
Epoch [183] Training Results: Prec@1 98.111 Prec@5 100.000             Loss 0.82926
Epoch [183] Training Class Recall: [0.993,0.992,0.974,0.967,0.975,0.943,0.978,0.964,0.988,1.000]
Epoch [183] Testing Results: Prec@1 71.580 Prec@5 93.620             Loss 1.03430
Epoch [183] Testing Class Recall: [0.964,0.983,0.872,0.802,0.791,0.671,0.725,0.636,0.335,0.379]
Epoch [184] Training Results: Prec@1 98.181 Prec@5 99.988             Loss 0.81855
Epoch [184] Training Class Recall: [0.993,0.988,0.976,0.967,0.988,0.943,0.974,0.964,0.988,0.980]
Epoch [184] Testing Results: Prec@1 69.770 Prec@5 93.390             Loss 1.09510
Epoch [184] Testing Class Recall: [0.968,0.985,0.871,0.791,0.782,0.610,0.703,0.585,0.345,0.337]
Epoch [185] Training Results: Prec@1 98.158 Prec@5 100.000             Loss 0.84118
Epoch [185] Training Class Recall: [0.994,0.992,0.976,0.972,0.972,0.948,0.966,0.971,0.952,0.920]
Epoch [185] Testing Results: Prec@1 70.640 Prec@5 93.320             Loss 1.07643
Epoch [185] Testing Class Recall: [0.968,0.986,0.865,0.791,0.790,0.661,0.695,0.632,0.317,0.359]
Epoch [186] Training Results: Prec@1 98.054 Prec@5 100.000             Loss 0.82606
Epoch [186] Training Class Recall: [0.993,0.991,0.970,0.969,0.975,0.946,0.974,0.957,0.976,1.000]
Epoch [186] Testing Results: Prec@1 70.500 Prec@5 93.500             Loss 1.07033
Epoch [186] Testing Class Recall: [0.968,0.985,0.858,0.793,0.777,0.632,0.706,0.609,0.331,0.391]
Epoch [187] Training Results: Prec@1 98.031 Prec@5 100.000             Loss 0.77777
Epoch [187] Training Class Recall: [0.991,0.989,0.974,0.963,0.981,0.948,0.983,0.971,0.952,1.000]
Epoch [187] Testing Results: Prec@1 71.550 Prec@5 93.740             Loss 1.03936
Epoch [187] Testing Class Recall: [0.971,0.983,0.867,0.798,0.814,0.630,0.712,0.625,0.346,0.409]
Epoch [188] Training Results: Prec@1 98.134 Prec@5 99.988             Loss 0.78258
Epoch [188] Training Class Recall: [0.992,0.993,0.976,0.967,0.977,0.943,0.991,0.950,0.952,0.980]
Epoch [188] Testing Results: Prec@1 70.830 Prec@5 93.630             Loss 1.06475
Epoch [188] Testing Class Recall: [0.970,0.987,0.857,0.777,0.782,0.669,0.709,0.603,0.340,0.389]
Epoch [189] Training Results: Prec@1 98.008 Prec@5 100.000             Loss 0.82290
Epoch [189] Training Class Recall: [0.994,0.994,0.966,0.969,0.981,0.935,0.978,0.957,0.952,0.980]
Epoch [189] Testing Results: Prec@1 71.050 Prec@5 93.270             Loss 1.07099
Epoch [189] Testing Class Recall: [0.960,0.987,0.888,0.786,0.816,0.642,0.728,0.619,0.342,0.337]
Epoch [190] Training Results: Prec@1 98.019 Prec@5 99.988             Loss 0.77337
Epoch [190] Training Class Recall: [0.991,0.995,0.969,0.970,0.983,0.941,0.974,0.971,0.952,0.960]
Epoch [190] Testing Results: Prec@1 70.810 Prec@5 93.590             Loss 1.05540
Epoch [190] Testing Class Recall: [0.969,0.983,0.869,0.775,0.791,0.657,0.688,0.630,0.351,0.368]
Epoch [191] Training Results: Prec@1 97.973 Prec@5 100.000             Loss 0.79985
Epoch [191] Training Class Recall: [0.993,0.991,0.972,0.964,0.977,0.943,0.974,0.942,0.964,0.960]
Epoch [191] Testing Results: Prec@1 71.000 Prec@5 93.770             Loss 1.05749
Epoch [191] Testing Class Recall: [0.968,0.986,0.879,0.788,0.781,0.615,0.732,0.608,0.351,0.392]
Epoch [192] Training Results: Prec@1 98.042 Prec@5 100.000             Loss 0.84540
Epoch [192] Training Class Recall: [0.994,0.993,0.974,0.962,0.978,0.935,0.970,0.950,0.976,0.980]
Epoch [192] Testing Results: Prec@1 70.190 Prec@5 93.440             Loss 1.07829
Epoch [192] Testing Class Recall: [0.966,0.985,0.879,0.777,0.772,0.644,0.676,0.644,0.333,0.343]
Epoch [193] Training Results: Prec@1 98.273 Prec@5 100.000             Loss 0.81182
Epoch [193] Training Class Recall: [0.997,0.991,0.974,0.975,0.978,0.922,0.974,0.986,0.988,0.940]
Epoch [193] Testing Results: Prec@1 70.210 Prec@5 93.630             Loss 1.07049
Epoch [193] Testing Class Recall: [0.970,0.982,0.867,0.782,0.773,0.634,0.650,0.634,0.333,0.396]
Epoch [194] Training Results: Prec@1 98.077 Prec@5 99.988             Loss 0.81861
Epoch [194] Training Class Recall: [0.992,0.990,0.975,0.967,0.986,0.946,0.966,0.942,0.964,0.980]
Epoch [194] Testing Results: Prec@1 69.990 Prec@5 92.970             Loss 1.09770
Epoch [194] Testing Class Recall: [0.969,0.982,0.860,0.789,0.794,0.672,0.684,0.612,0.296,0.341]
Epoch [195] Training Results: Prec@1 97.950 Prec@5 99.988             Loss 0.85374
Epoch [195] Training Class Recall: [0.992,0.991,0.974,0.961,0.975,0.938,0.987,0.964,0.952,0.960]
Epoch [195] Testing Results: Prec@1 71.630 Prec@5 93.760             Loss 1.03641
Epoch [195] Testing Class Recall: [0.967,0.982,0.873,0.796,0.792,0.657,0.729,0.619,0.375,0.373]
Epoch [196] Training Results: Prec@1 97.916 Prec@5 100.000             Loss 0.79121
Epoch [196] Training Class Recall: [0.991,0.989,0.972,0.968,0.980,0.933,0.974,0.978,0.952,0.940]
Epoch [196] Testing Results: Prec@1 70.190 Prec@5 93.240             Loss 1.08508
Epoch [196] Testing Class Recall: [0.967,0.987,0.876,0.787,0.790,0.650,0.688,0.594,0.334,0.346]
Epoch [197] Training Results: Prec@1 97.985 Prec@5 99.988             Loss 0.86268
Epoch [197] Training Class Recall: [0.994,0.992,0.969,0.961,0.978,0.935,0.987,0.964,0.976,1.000]
Epoch [197] Testing Results: Prec@1 70.970 Prec@5 93.460             Loss 1.05953
Epoch [197] Testing Class Recall: [0.969,0.986,0.868,0.791,0.797,0.659,0.713,0.590,0.342,0.382]
Epoch [198] Training Results: Prec@1 98.111 Prec@5 100.000             Loss 0.82270
Epoch [198] Training Class Recall: [0.994,0.995,0.973,0.965,0.978,0.928,0.978,0.986,0.988,0.920]
Epoch [198] Testing Results: Prec@1 70.300 Prec@5 93.280             Loss 1.09060
Epoch [198] Testing Class Recall: [0.970,0.988,0.863,0.780,0.777,0.659,0.690,0.635,0.304,0.364]
Epoch [199] Training Results: Prec@1 97.950 Prec@5 100.000             Loss 0.79606
Epoch [199] Training Class Recall: [0.991,0.993,0.972,0.964,0.978,0.928,0.978,0.986,0.988,0.940]
Epoch [199] Testing Results: Prec@1 70.190 Prec@5 93.000             Loss 1.09851
Epoch [199] Testing Class Recall: [0.967,0.987,0.867,0.783,0.797,0.664,0.681,0.640,0.313,0.320]
