Log file: cifar10_lava0.7_mixup_drw_exp0.01_seed42_20260502_095404.log
Run started: 2026-05-02 09:54:04.103247
Dataset: cifar10
Imbalance type: exp, factor: 0.01
Selection method: lava, ratio: 0.7
Strategy: Mixup_DRW, epochs: 200
Seed: 42, rand_number: 0
Augmentation: weak
mixup_alpha: 1.0
============================================================

=> Preparing logger and tensorboard writer !
----------------------------------------------------
Class ID   | Original   | Selected   | Keep %  
----------------------------------------------------
0          | 5000       | 3379       |    67.6%
1          | 2997       | 904        |    30.2%
2          | 1796       | 1788       |    99.6%
3          | 1077       | 1077       |   100.0%
4          | 645        | 645        |   100.0%
5          | 387        | 387        |   100.0%
6          | 232        | 232        |   100.0%
7          | 139        | 139        |   100.0%
8          | 83         | 83         |   100.0%
9          | 50         | 50         |   100.0%
----------------------------------------------------
TOTAL      | 12406      | 8684       |    70.0%
----------------------------------------------------
Epoch [0] Training Results: Prec@1 43.137 Prec@5 87.909             Loss 1.77077
Epoch [0] Training Class Recall: [0.811,0.059,0.489,0.037,0.062,0.000,0.000,0.000,0.000,0.000]
Epoch [0] Testing Results: Prec@1 15.710 Prec@5 60.810             Loss 3.23562
Epoch [0] Testing Class Recall: [0.947,0.000,0.419,0.205,0.000,0.000,0.000,0.000,0.000,0.000]
Epoch [1] Training Results: Prec@1 49.988 Prec@5 92.216             Loss 1.58665
Epoch [1] Training Class Recall: [0.832,0.336,0.558,0.197,0.022,0.003,0.000,0.000,0.000,0.000]
Epoch [1] Testing Results: Prec@1 22.900 Prec@5 58.950             Loss 2.78743
Epoch [1] Testing Class Recall: [0.837,0.658,0.422,0.373,0.000,0.000,0.000,0.000,0.000,0.000]
Epoch [2] Training Results: Prec@1 51.589 Prec@5 93.056             Loss 1.54987
Epoch [2] Training Class Recall: [0.829,0.427,0.525,0.316,0.019,0.003,0.004,0.000,0.000,0.000]
Epoch [2] Testing Results: Prec@1 17.930 Prec@5 67.540             Loss 2.83064
Epoch [2] Testing Class Recall: [0.969,0.069,0.170,0.246,0.339,0.000,0.000,0.000,0.000,0.000]
Epoch [3] Training Results: Prec@1 54.226 Prec@5 94.000             Loss 1.50568
Epoch [3] Training Class Recall: [0.856,0.426,0.553,0.392,0.019,0.023,0.000,0.000,0.000,0.000]
Epoch [3] Testing Results: Prec@1 23.440 Prec@5 69.290             Loss 2.48320
Epoch [3] Testing Class Recall: [0.844,0.538,0.737,0.201,0.024,0.000,0.000,0.000,0.000,0.000]
Epoch [4] Training Results: Prec@1 55.504 Prec@5 94.369             Loss 1.45726
Epoch [4] Training Class Recall: [0.867,0.472,0.563,0.417,0.012,0.003,0.000,0.000,0.000,0.000]
Epoch [4] Testing Results: Prec@1 24.960 Prec@5 69.420             Loss 2.53075
Epoch [4] Testing Class Recall: [0.901,0.500,0.372,0.689,0.034,0.000,0.000,0.000,0.000,0.000]
Epoch [5] Training Results: Prec@1 56.610 Prec@5 94.450             Loss 1.45458
Epoch [5] Training Class Recall: [0.882,0.541,0.537,0.447,0.006,0.000,0.004,0.000,0.000,0.000]
Epoch [5] Testing Results: Prec@1 26.300 Prec@5 78.810             Loss 2.41016
Epoch [5] Testing Class Recall: [0.770,0.802,0.775,0.283,0.000,0.000,0.000,0.000,0.000,0.000]
Epoch [6] Training Results: Prec@1 58.556 Prec@5 94.853             Loss 1.45201
Epoch [6] Training Class Recall: [0.883,0.553,0.593,0.487,0.022,0.000,0.000,0.000,0.000,0.000]
Epoch [6] Testing Results: Prec@1 23.810 Prec@5 71.140             Loss 2.67255
Epoch [6] Testing Class Recall: [0.957,0.564,0.420,0.435,0.000,0.000,0.005,0.000,0.000,0.000]
Epoch [7] Training Results: Prec@1 60.122 Prec@5 95.405             Loss 1.40614
Epoch [7] Training Class Recall: [0.887,0.617,0.607,0.522,0.020,0.000,0.026,0.000,0.000,0.000]
Epoch [7] Testing Results: Prec@1 31.660 Prec@5 76.380             Loss 2.33797
Epoch [7] Testing Class Recall: [0.790,0.728,0.607,0.759,0.041,0.000,0.241,0.000,0.000,0.000]
Epoch [8] Training Results: Prec@1 59.270 Prec@5 95.198             Loss 1.43011
Epoch [8] Training Class Recall: [0.884,0.608,0.563,0.507,0.068,0.005,0.047,0.000,0.000,0.000]
Epoch [8] Testing Results: Prec@1 28.840 Prec@5 78.350             Loss 2.27705
Epoch [8] Testing Class Recall: [0.792,0.940,0.705,0.403,0.000,0.038,0.006,0.000,0.000,0.000]
Epoch [9] Training Results: Prec@1 61.239 Prec@5 95.474             Loss 1.42049
Epoch [9] Training Class Recall: [0.892,0.658,0.595,0.531,0.087,0.005,0.065,0.007,0.000,0.000]
Epoch [9] Testing Results: Prec@1 29.460 Prec@5 77.050             Loss 2.35840
Epoch [9] Testing Class Recall: [0.884,0.691,0.642,0.590,0.136,0.000,0.003,0.000,0.000,0.000]
Epoch [10] Training Results: Prec@1 61.907 Prec@5 95.993             Loss 1.36712
Epoch [10] Training Class Recall: [0.887,0.666,0.596,0.553,0.144,0.028,0.043,0.007,0.000,0.000]
Epoch [10] Testing Results: Prec@1 32.490 Prec@5 81.970             Loss 2.22754
Epoch [10] Testing Class Recall: [0.935,0.595,0.322,0.433,0.623,0.051,0.198,0.092,0.000,0.000]
Epoch [11] Training Results: Prec@1 63.738 Prec@5 96.234             Loss 1.35843
Epoch [11] Training Class Recall: [0.895,0.717,0.597,0.545,0.237,0.039,0.129,0.086,0.000,0.000]
Epoch [11] Testing Results: Prec@1 36.330 Prec@5 84.740             Loss 1.99421
Epoch [11] Testing Class Recall: [0.845,0.904,0.699,0.570,0.208,0.016,0.048,0.343,0.000,0.000]
Epoch [12] Training Results: Prec@1 63.842 Prec@5 96.753             Loss 1.34546
Epoch [12] Training Class Recall: [0.899,0.690,0.603,0.541,0.251,0.047,0.121,0.101,0.000,0.000]
Epoch [12] Testing Results: Prec@1 36.000 Prec@5 81.220             Loss 2.04704
Epoch [12] Testing Class Recall: [0.905,0.794,0.717,0.490,0.259,0.045,0.162,0.228,0.000,0.000]
Epoch [13] Training Results: Prec@1 66.352 Prec@5 96.707             Loss 1.34629
Epoch [13] Training Class Recall: [0.918,0.712,0.635,0.561,0.301,0.067,0.125,0.201,0.000,0.000]
Epoch [13] Testing Results: Prec@1 35.260 Prec@5 81.400             Loss 2.22456
Epoch [13] Testing Class Recall: [0.905,0.931,0.369,0.544,0.457,0.118,0.061,0.141,0.000,0.000]
Epoch [14] Training Results: Prec@1 67.526 Prec@5 96.776             Loss 1.32532
Epoch [14] Training Class Recall: [0.906,0.759,0.672,0.543,0.366,0.090,0.159,0.151,0.000,0.000]
Epoch [14] Testing Results: Prec@1 34.640 Prec@5 83.130             Loss 2.05659
Epoch [14] Testing Class Recall: [0.913,0.857,0.690,0.500,0.114,0.022,0.204,0.164,0.000,0.000]
Epoch [15] Training Results: Prec@1 68.390 Prec@5 96.983             Loss 1.27131
Epoch [15] Training Class Recall: [0.914,0.751,0.658,0.566,0.425,0.111,0.164,0.230,0.000,0.000]
Epoch [15] Testing Results: Prec@1 36.320 Prec@5 85.890             Loss 2.07583
Epoch [15] Testing Class Recall: [0.952,0.747,0.555,0.444,0.377,0.045,0.293,0.219,0.000,0.000]
Epoch [16] Training Results: Prec@1 69.219 Prec@5 97.501             Loss 1.22740
Epoch [16] Training Class Recall: [0.913,0.757,0.658,0.599,0.433,0.124,0.216,0.324,0.000,0.000]
Epoch [16] Testing Results: Prec@1 32.480 Prec@5 85.370             Loss 2.22375
Epoch [16] Testing Class Recall: [0.913,0.970,0.487,0.495,0.147,0.106,0.088,0.042,0.000,0.000]
Epoch [17] Training Results: Prec@1 69.645 Prec@5 97.467             Loss 1.27473
Epoch [17] Training Class Recall: [0.915,0.769,0.671,0.595,0.433,0.145,0.259,0.187,0.000,0.000]
Epoch [17] Testing Results: Prec@1 39.680 Prec@5 84.570             Loss 1.96605
Epoch [17] Testing Class Recall: [0.899,0.949,0.714,0.234,0.408,0.412,0.244,0.108,0.000,0.000]
Epoch [18] Training Results: Prec@1 70.970 Prec@5 97.605             Loss 1.26581
Epoch [18] Training Class Recall: [0.922,0.794,0.686,0.608,0.448,0.152,0.276,0.252,0.000,0.000]
Epoch [18] Testing Results: Prec@1 36.970 Prec@5 84.970             Loss 2.30584
Epoch [18] Testing Class Recall: [0.935,0.929,0.619,0.244,0.433,0.065,0.033,0.439,0.000,0.000]
Epoch [19] Training Results: Prec@1 71.350 Prec@5 97.582             Loss 1.27759
Epoch [19] Training Class Recall: [0.918,0.809,0.721,0.578,0.451,0.196,0.228,0.237,0.000,0.000]
Epoch [19] Testing Results: Prec@1 42.290 Prec@5 84.990             Loss 1.84708
Epoch [19] Testing Class Recall: [0.915,0.942,0.624,0.511,0.421,0.280,0.401,0.134,0.000,0.001]
Epoch [20] Training Results: Prec@1 72.467 Prec@5 97.824             Loss 1.20030
Epoch [20] Training Class Recall: [0.923,0.803,0.706,0.602,0.521,0.191,0.366,0.309,0.012,0.000]
Epoch [20] Testing Results: Prec@1 45.730 Prec@5 86.660             Loss 1.73070
Epoch [20] Testing Class Recall: [0.938,0.876,0.670,0.576,0.553,0.249,0.248,0.460,0.001,0.002]
Epoch [21] Training Results: Prec@1 73.238 Prec@5 97.835             Loss 1.17374
Epoch [21] Training Class Recall: [0.914,0.812,0.720,0.642,0.552,0.202,0.341,0.317,0.048,0.000]
Epoch [21] Testing Results: Prec@1 46.030 Prec@5 90.160             Loss 1.64023
Epoch [21] Testing Class Recall: [0.928,0.788,0.502,0.748,0.570,0.254,0.140,0.539,0.000,0.134]
Epoch [22] Training Results: Prec@1 74.021 Prec@5 98.204             Loss 1.18103
Epoch [22] Training Class Recall: [0.921,0.827,0.732,0.655,0.541,0.212,0.349,0.309,0.000,0.020]
Epoch [22] Testing Results: Prec@1 49.550 Prec@5 87.020             Loss 1.63383
Epoch [22] Testing Class Recall: [0.879,0.765,0.700,0.505,0.555,0.599,0.308,0.584,0.001,0.059]
Epoch [23] Training Results: Prec@1 74.758 Prec@5 98.192             Loss 1.19781
Epoch [23] Training Class Recall: [0.930,0.830,0.739,0.615,0.540,0.276,0.470,0.353,0.024,0.000]
Epoch [23] Testing Results: Prec@1 40.600 Prec@5 88.680             Loss 1.90721
Epoch [23] Testing Class Recall: [0.950,0.890,0.671,0.374,0.373,0.194,0.243,0.358,0.006,0.001]
Epoch [24] Training Results: Prec@1 75.196 Prec@5 98.181             Loss 1.16245
Epoch [24] Training Class Recall: [0.930,0.847,0.729,0.651,0.564,0.282,0.405,0.309,0.060,0.000]
Epoch [24] Testing Results: Prec@1 47.880 Prec@5 89.760             Loss 1.63103
Epoch [24] Testing Class Recall: [0.913,0.986,0.603,0.626,0.599,0.304,0.462,0.264,0.013,0.018]
Epoch [25] Training Results: Prec@1 76.382 Prec@5 98.238             Loss 1.19436
Epoch [25] Training Class Recall: [0.941,0.843,0.748,0.650,0.617,0.256,0.448,0.338,0.072,0.020]
Epoch [25] Testing Results: Prec@1 47.200 Prec@5 90.940             Loss 1.55776
Epoch [25] Testing Class Recall: [0.898,0.918,0.744,0.787,0.431,0.292,0.139,0.389,0.071,0.051]
Epoch [26] Training Results: Prec@1 76.992 Prec@5 98.422             Loss 1.15541
Epoch [26] Training Class Recall: [0.931,0.858,0.765,0.668,0.643,0.292,0.366,0.388,0.096,0.080]
Epoch [26] Testing Results: Prec@1 46.900 Prec@5 87.400             Loss 1.66286
Epoch [26] Testing Class Recall: [0.888,0.949,0.847,0.643,0.446,0.186,0.326,0.283,0.120,0.002]
Epoch [27] Training Results: Prec@1 77.395 Prec@5 98.445             Loss 1.13857
Epoch [27] Training Class Recall: [0.941,0.866,0.753,0.656,0.640,0.310,0.466,0.381,0.133,0.020]
Epoch [27] Testing Results: Prec@1 53.750 Prec@5 91.400             Loss 1.41146
Epoch [27] Testing Class Recall: [0.926,0.969,0.635,0.660,0.671,0.353,0.532,0.353,0.232,0.044]
Epoch [28] Training Results: Prec@1 77.395 Prec@5 98.526             Loss 1.14506
Epoch [28] Training Class Recall: [0.943,0.868,0.751,0.664,0.612,0.302,0.427,0.453,0.205,0.020]
Epoch [28] Testing Results: Prec@1 42.360 Prec@5 87.450             Loss 1.87182
Epoch [28] Testing Class Recall: [0.965,0.837,0.656,0.696,0.396,0.168,0.098,0.380,0.007,0.033]
Epoch [29] Training Results: Prec@1 78.466 Prec@5 98.468             Loss 1.14499
Epoch [29] Training Class Recall: [0.942,0.874,0.771,0.682,0.637,0.333,0.461,0.439,0.205,0.080]
Epoch [29] Testing Results: Prec@1 50.680 Prec@5 90.630             Loss 1.60336
Epoch [29] Testing Class Recall: [0.926,0.978,0.719,0.616,0.499,0.138,0.575,0.525,0.061,0.031]
Epoch [30] Training Results: Prec@1 79.526 Prec@5 98.710             Loss 1.05620
Epoch [30] Training Class Recall: [0.943,0.887,0.785,0.695,0.685,0.362,0.405,0.432,0.289,0.100]
Epoch [30] Testing Results: Prec@1 45.600 Prec@5 90.490             Loss 1.81191
Epoch [30] Testing Class Recall: [0.925,0.983,0.697,0.498,0.585,0.043,0.545,0.208,0.070,0.006]
Epoch [31] Training Results: Prec@1 79.675 Prec@5 98.745             Loss 1.09305
Epoch [31] Training Class Recall: [0.943,0.888,0.773,0.713,0.690,0.362,0.496,0.410,0.253,0.000]
Epoch [31] Testing Results: Prec@1 50.810 Prec@5 92.100             Loss 1.49342
Epoch [31] Testing Class Recall: [0.923,0.944,0.764,0.374,0.630,0.493,0.399,0.280,0.103,0.171]
Epoch [32] Training Results: Prec@1 79.790 Prec@5 98.791             Loss 1.08394
Epoch [32] Training Class Recall: [0.939,0.892,0.794,0.682,0.682,0.411,0.435,0.439,0.386,0.060]
Epoch [32] Testing Results: Prec@1 50.120 Prec@5 89.000             Loss 1.89163
Epoch [32] Testing Class Recall: [0.975,0.809,0.557,0.625,0.496,0.415,0.510,0.491,0.015,0.119]
Epoch [33] Training Results: Prec@1 80.067 Prec@5 98.733             Loss 1.11543
Epoch [33] Training Class Recall: [0.950,0.906,0.774,0.664,0.688,0.395,0.539,0.496,0.325,0.160]
Epoch [33] Testing Results: Prec@1 51.110 Prec@5 91.390             Loss 1.47002
Epoch [33] Testing Class Recall: [0.966,0.927,0.659,0.536,0.618,0.153,0.343,0.321,0.375,0.213]
Epoch [34] Training Results: Prec@1 80.804 Prec@5 98.987             Loss 1.04844
Epoch [34] Training Class Recall: [0.945,0.905,0.776,0.713,0.702,0.408,0.569,0.482,0.373,0.160]
Epoch [34] Testing Results: Prec@1 57.920 Prec@5 94.250             Loss 1.28284
Epoch [34] Testing Class Recall: [0.958,0.963,0.580,0.617,0.537,0.511,0.599,0.534,0.218,0.275]
Epoch [35] Training Results: Prec@1 80.700 Prec@5 98.837             Loss 1.06131
Epoch [35] Training Class Recall: [0.939,0.896,0.785,0.722,0.729,0.398,0.526,0.396,0.373,0.240]
Epoch [35] Testing Results: Prec@1 50.300 Prec@5 92.180             Loss 1.47591
Epoch [35] Testing Class Recall: [0.916,0.985,0.764,0.555,0.545,0.351,0.287,0.251,0.266,0.110]
Epoch [36] Training Results: Prec@1 81.713 Prec@5 99.067             Loss 1.08586
Epoch [36] Training Class Recall: [0.947,0.894,0.812,0.720,0.712,0.421,0.560,0.504,0.337,0.200]
Epoch [36] Testing Results: Prec@1 51.610 Prec@5 89.660             Loss 1.57180
Epoch [36] Testing Class Recall: [0.967,0.935,0.636,0.719,0.566,0.219,0.612,0.381,0.111,0.015]
Epoch [37] Training Results: Prec@1 81.737 Prec@5 99.056             Loss 1.06645
Epoch [37] Training Class Recall: [0.942,0.895,0.795,0.733,0.732,0.481,0.560,0.424,0.386,0.320]
Epoch [37] Testing Results: Prec@1 54.960 Prec@5 90.470             Loss 1.37634
Epoch [37] Testing Class Recall: [0.919,0.971,0.708,0.766,0.583,0.519,0.274,0.291,0.303,0.162]
Epoch [38] Training Results: Prec@1 82.243 Prec@5 98.998             Loss 1.09561
Epoch [38] Training Class Recall: [0.949,0.907,0.799,0.746,0.753,0.450,0.470,0.475,0.386,0.340]
Epoch [38] Testing Results: Prec@1 55.000 Prec@5 91.880             Loss 1.46795
Epoch [38] Testing Class Recall: [0.955,0.974,0.714,0.552,0.653,0.484,0.577,0.405,0.137,0.049]
Epoch [39] Training Results: Prec@1 82.462 Prec@5 99.102             Loss 1.07534
Epoch [39] Training Class Recall: [0.952,0.898,0.818,0.708,0.749,0.442,0.582,0.475,0.482,0.240]
Epoch [39] Testing Results: Prec@1 55.780 Prec@5 91.800             Loss 1.35175
Epoch [39] Testing Class Recall: [0.929,0.985,0.653,0.545,0.772,0.411,0.094,0.600,0.395,0.194]
Epoch [40] Training Results: Prec@1 83.211 Prec@5 99.113             Loss 1.06771
Epoch [40] Training Class Recall: [0.953,0.899,0.823,0.740,0.764,0.457,0.565,0.540,0.422,0.260]
Epoch [40] Testing Results: Prec@1 54.750 Prec@5 90.050             Loss 1.48780
Epoch [40] Testing Class Recall: [0.835,0.988,0.858,0.551,0.537,0.486,0.565,0.491,0.011,0.153]
Epoch [41] Training Results: Prec@1 83.395 Prec@5 99.286             Loss 1.03792
Epoch [41] Training Class Recall: [0.951,0.914,0.809,0.760,0.750,0.483,0.616,0.540,0.410,0.320]
Epoch [41] Testing Results: Prec@1 54.360 Prec@5 90.790             Loss 1.47270
Epoch [41] Testing Class Recall: [0.950,0.953,0.767,0.682,0.641,0.390,0.460,0.234,0.212,0.147]
Epoch [42] Training Results: Prec@1 83.786 Prec@5 99.263             Loss 1.06699
Epoch [42] Training Class Recall: [0.957,0.915,0.829,0.720,0.789,0.460,0.578,0.540,0.506,0.380]
Epoch [42] Testing Results: Prec@1 56.110 Prec@5 89.320             Loss 1.45030
Epoch [42] Testing Class Recall: [0.943,0.905,0.830,0.631,0.717,0.301,0.738,0.248,0.225,0.073]
Epoch [43] Training Results: Prec@1 83.832 Prec@5 99.217             Loss 1.06736
Epoch [43] Training Class Recall: [0.953,0.888,0.824,0.792,0.758,0.452,0.547,0.540,0.554,0.340]
Epoch [43] Testing Results: Prec@1 56.170 Prec@5 91.240             Loss 1.37349
Epoch [43] Testing Class Recall: [0.918,0.988,0.654,0.652,0.585,0.438,0.492,0.247,0.171,0.472]
Epoch [44] Training Results: Prec@1 84.731 Prec@5 99.240             Loss 1.11110
Epoch [44] Training Class Recall: [0.956,0.919,0.832,0.786,0.755,0.512,0.591,0.525,0.566,0.420]
Epoch [44] Testing Results: Prec@1 59.830 Prec@5 92.770             Loss 1.30548
Epoch [44] Testing Class Recall: [0.941,0.984,0.745,0.633,0.637,0.372,0.520,0.595,0.144,0.412]
Epoch [45] Training Results: Prec@1 83.971 Prec@5 99.309             Loss 1.04389
Epoch [45] Training Class Recall: [0.954,0.915,0.824,0.763,0.780,0.457,0.556,0.504,0.578,0.420]
Epoch [45] Testing Results: Prec@1 53.830 Prec@5 93.320             Loss 1.42157
Epoch [45] Testing Class Recall: [0.986,0.776,0.635,0.762,0.518,0.210,0.560,0.466,0.131,0.339]
Epoch [46] Training Results: Prec@1 83.844 Prec@5 99.298             Loss 1.04405
Epoch [46] Training Class Recall: [0.951,0.925,0.819,0.746,0.764,0.494,0.569,0.583,0.506,0.460]
Epoch [46] Testing Results: Prec@1 55.560 Prec@5 90.880             Loss 1.41321
Epoch [46] Testing Class Recall: [0.934,0.966,0.812,0.520,0.829,0.402,0.271,0.409,0.266,0.147]
Epoch [47] Training Results: Prec@1 84.961 Prec@5 99.275             Loss 1.06875
Epoch [47] Training Class Recall: [0.953,0.920,0.843,0.778,0.772,0.525,0.582,0.576,0.482,0.500]
Epoch [47] Testing Results: Prec@1 51.860 Prec@5 90.850             Loss 1.59778
Epoch [47] Testing Class Recall: [0.950,0.967,0.849,0.483,0.614,0.317,0.433,0.319,0.131,0.123]
Epoch [48] Training Results: Prec@1 85.018 Prec@5 99.286             Loss 1.03494
Epoch [48] Training Class Recall: [0.952,0.937,0.843,0.773,0.806,0.481,0.578,0.576,0.470,0.400]
Epoch [48] Testing Results: Prec@1 60.570 Prec@5 95.000             Loss 1.25723
Epoch [48] Testing Class Recall: [0.982,0.948,0.500,0.533,0.853,0.561,0.588,0.417,0.235,0.440]
Epoch [49] Training Results: Prec@1 84.857 Prec@5 99.470             Loss 0.99998
Epoch [49] Training Class Recall: [0.947,0.935,0.842,0.761,0.778,0.535,0.578,0.554,0.602,0.540]
Epoch [49] Testing Results: Prec@1 58.090 Prec@5 91.890             Loss 1.35574
Epoch [49] Testing Class Recall: [0.926,0.942,0.873,0.625,0.609,0.485,0.253,0.617,0.180,0.299]
Epoch [50] Training Results: Prec@1 85.203 Prec@5 99.378             Loss 0.99462
Epoch [50] Training Class Recall: [0.949,0.927,0.841,0.776,0.823,0.478,0.608,0.561,0.651,0.540]
Epoch [50] Testing Results: Prec@1 63.020 Prec@5 93.340             Loss 1.18979
Epoch [50] Testing Class Recall: [0.930,0.964,0.617,0.839,0.777,0.373,0.526,0.457,0.368,0.451]
Epoch [51] Training Results: Prec@1 85.249 Prec@5 99.482             Loss 1.02302
Epoch [51] Training Class Recall: [0.959,0.929,0.818,0.777,0.808,0.532,0.603,0.604,0.518,0.540]
Epoch [51] Testing Results: Prec@1 60.950 Prec@5 92.240             Loss 1.27298
Epoch [51] Testing Class Recall: [0.923,0.980,0.843,0.435,0.642,0.624,0.652,0.467,0.209,0.320]
Epoch [52] Training Results: Prec@1 85.410 Prec@5 99.447             Loss 1.02931
Epoch [52] Training Class Recall: [0.956,0.904,0.845,0.784,0.809,0.506,0.625,0.662,0.530,0.340]
Epoch [52] Testing Results: Prec@1 53.920 Prec@5 90.940             Loss 1.57762
Epoch [52] Testing Class Recall: [0.981,0.953,0.712,0.496,0.564,0.392,0.639,0.430,0.065,0.160]
Epoch [53] Training Results: Prec@1 86.331 Prec@5 99.470             Loss 0.97994
Epoch [53] Training Class Recall: [0.959,0.925,0.849,0.792,0.822,0.553,0.647,0.619,0.627,0.380]
Epoch [53] Testing Results: Prec@1 64.180 Prec@5 93.160             Loss 1.15856
Epoch [53] Testing Class Recall: [0.851,0.991,0.666,0.690,0.682,0.518,0.762,0.479,0.230,0.549]
Epoch [54] Training Results: Prec@1 86.608 Prec@5 99.505             Loss 1.02516
Epoch [54] Training Class Recall: [0.961,0.940,0.847,0.789,0.792,0.566,0.664,0.669,0.663,0.540]
Epoch [54] Testing Results: Prec@1 67.520 Prec@5 93.500             Loss 1.05311
Epoch [54] Testing Class Recall: [0.860,0.953,0.708,0.735,0.711,0.697,0.805,0.368,0.610,0.305]
Epoch [55] Training Results: Prec@1 86.872 Prec@5 99.528             Loss 0.95259
Epoch [55] Training Class Recall: [0.956,0.937,0.865,0.784,0.819,0.579,0.685,0.590,0.675,0.560]
Epoch [55] Testing Results: Prec@1 54.470 Prec@5 93.530             Loss 1.50339
Epoch [55] Testing Class Recall: [0.974,0.920,0.874,0.528,0.461,0.290,0.470,0.378,0.341,0.211]
Epoch [56] Training Results: Prec@1 86.504 Prec@5 99.436             Loss 0.96025
Epoch [56] Training Class Recall: [0.957,0.939,0.859,0.791,0.783,0.543,0.690,0.583,0.663,0.580]
Epoch [56] Testing Results: Prec@1 55.230 Prec@5 91.150             Loss 1.53125
Epoch [56] Testing Class Recall: [0.865,0.990,0.905,0.607,0.524,0.354,0.417,0.503,0.176,0.182]
Epoch [57] Training Results: Prec@1 87.241 Prec@5 99.516             Loss 0.94875
Epoch [57] Training Class Recall: [0.962,0.936,0.854,0.794,0.843,0.594,0.651,0.683,0.699,0.400]
Epoch [57] Testing Results: Prec@1 62.610 Prec@5 93.210             Loss 1.24270
Epoch [57] Testing Class Recall: [0.939,0.988,0.827,0.701,0.571,0.529,0.528,0.534,0.480,0.164]
Epoch [58] Training Results: Prec@1 87.529 Prec@5 99.539             Loss 1.05120
Epoch [58] Training Class Recall: [0.962,0.939,0.866,0.789,0.843,0.610,0.664,0.612,0.711,0.480]
Epoch [58] Testing Results: Prec@1 62.260 Prec@5 91.650             Loss 1.28217
Epoch [58] Testing Class Recall: [0.956,0.969,0.787,0.665,0.724,0.543,0.522,0.518,0.359,0.183]
Epoch [59] Training Results: Prec@1 87.229 Prec@5 99.516             Loss 0.96905
Epoch [59] Training Class Recall: [0.961,0.923,0.861,0.805,0.817,0.584,0.677,0.655,0.639,0.640]
Epoch [59] Testing Results: Prec@1 58.960 Prec@5 90.500             Loss 1.38260
Epoch [59] Testing Class Recall: [0.932,0.953,0.902,0.559,0.683,0.300,0.619,0.559,0.294,0.095]
Epoch [60] Training Results: Prec@1 87.414 Prec@5 99.666             Loss 1.06964
Epoch [60] Training Class Recall: [0.975,0.923,0.843,0.809,0.823,0.605,0.664,0.612,0.651,0.540]
Epoch [60] Testing Results: Prec@1 59.110 Prec@5 93.000             Loss 1.37583
Epoch [60] Testing Class Recall: [0.977,0.961,0.741,0.466,0.530,0.439,0.571,0.555,0.225,0.446]
Epoch [61] Training Results: Prec@1 87.506 Prec@5 99.620             Loss 0.96978
Epoch [61] Training Class Recall: [0.968,0.934,0.845,0.808,0.814,0.605,0.733,0.597,0.735,0.600]
Epoch [61] Testing Results: Prec@1 62.610 Prec@5 91.430             Loss 1.25645
Epoch [61] Testing Class Recall: [0.909,0.985,0.806,0.497,0.621,0.788,0.463,0.644,0.325,0.223]
Epoch [62] Training Results: Prec@1 87.794 Prec@5 99.643             Loss 0.95177
Epoch [62] Training Class Recall: [0.964,0.925,0.880,0.799,0.820,0.587,0.672,0.669,0.759,0.520]
Epoch [62] Testing Results: Prec@1 64.300 Prec@5 94.270             Loss 1.14975
Epoch [62] Testing Class Recall: [0.906,0.972,0.890,0.619,0.589,0.397,0.556,0.539,0.360,0.602]
Epoch [63] Training Results: Prec@1 88.450 Prec@5 99.689             Loss 1.05592
Epoch [63] Training Class Recall: [0.961,0.944,0.877,0.840,0.831,0.599,0.690,0.712,0.699,0.480]
Epoch [63] Testing Results: Prec@1 58.350 Prec@5 91.280             Loss 1.42723
Epoch [63] Testing Class Recall: [0.962,0.970,0.765,0.741,0.808,0.181,0.613,0.450,0.163,0.182]
Epoch [64] Training Results: Prec@1 87.736 Prec@5 99.632             Loss 1.01084
Epoch [64] Training Class Recall: [0.967,0.951,0.861,0.813,0.823,0.587,0.647,0.719,0.590,0.420]
Epoch [64] Testing Results: Prec@1 59.470 Prec@5 93.670             Loss 1.29234
Epoch [64] Testing Class Recall: [0.983,0.950,0.673,0.526,0.638,0.505,0.772,0.432,0.233,0.235]
Epoch [65] Training Results: Prec@1 87.425 Prec@5 99.666             Loss 0.99542
Epoch [65] Training Class Recall: [0.969,0.940,0.835,0.813,0.812,0.641,0.703,0.640,0.614,0.460]
Epoch [65] Testing Results: Prec@1 60.610 Prec@5 90.100             Loss 1.34219
Epoch [65] Testing Class Recall: [0.927,0.974,0.847,0.673,0.783,0.544,0.332,0.610,0.219,0.152]
Epoch [66] Training Results: Prec@1 89.037 Prec@5 99.689             Loss 0.88141
Epoch [66] Training Class Recall: [0.974,0.951,0.873,0.804,0.865,0.649,0.690,0.633,0.795,0.640]
Epoch [66] Testing Results: Prec@1 59.380 Prec@5 89.990             Loss 1.45931
Epoch [66] Testing Class Recall: [0.909,0.923,0.846,0.815,0.699,0.375,0.667,0.355,0.155,0.194]
Epoch [67] Training Results: Prec@1 88.035 Prec@5 99.678             Loss 1.02367
Epoch [67] Training Class Recall: [0.964,0.955,0.865,0.820,0.817,0.566,0.690,0.705,0.735,0.560]
Epoch [67] Testing Results: Prec@1 63.840 Prec@5 94.070             Loss 1.14292
Epoch [67] Testing Class Recall: [0.967,0.875,0.770,0.609,0.749,0.515,0.527,0.700,0.363,0.309]
Epoch [68] Training Results: Prec@1 88.519 Prec@5 99.597             Loss 1.00397
Epoch [68] Training Class Recall: [0.971,0.937,0.858,0.818,0.865,0.630,0.685,0.705,0.675,0.560]
Epoch [68] Testing Results: Prec@1 61.000 Prec@5 94.090             Loss 1.27818
Epoch [68] Testing Class Recall: [0.965,0.983,0.698,0.650,0.683,0.510,0.494,0.603,0.292,0.222]
Epoch [69] Training Results: Prec@1 88.335 Prec@5 99.724             Loss 0.91996
Epoch [69] Training Class Recall: [0.959,0.952,0.866,0.830,0.845,0.623,0.703,0.698,0.663,0.500]
Epoch [69] Testing Results: Prec@1 56.590 Prec@5 92.180             Loss 1.58099
Epoch [69] Testing Class Recall: [0.976,0.903,0.796,0.481,0.515,0.406,0.692,0.393,0.250,0.247]
Epoch [70] Training Results: Prec@1 88.473 Prec@5 99.770             Loss 0.95728
Epoch [70] Training Class Recall: [0.966,0.939,0.876,0.804,0.850,0.636,0.638,0.734,0.759,0.640]
Epoch [70] Testing Results: Prec@1 59.880 Prec@5 93.950             Loss 1.32783
Epoch [70] Testing Class Recall: [0.947,0.988,0.779,0.773,0.631,0.290,0.593,0.544,0.226,0.217]
Epoch [71] Training Results: Prec@1 88.911 Prec@5 99.758             Loss 1.00123
Epoch [71] Training Class Recall: [0.967,0.941,0.864,0.838,0.848,0.654,0.741,0.698,0.663,0.640]
Epoch [71] Testing Results: Prec@1 65.860 Prec@5 91.970             Loss 1.15342
Epoch [71] Testing Class Recall: [0.889,0.995,0.793,0.722,0.767,0.413,0.777,0.498,0.413,0.319]
Epoch [72] Training Results: Prec@1 89.106 Prec@5 99.724             Loss 0.94963
Epoch [72] Training Class Recall: [0.962,0.948,0.878,0.816,0.870,0.646,0.754,0.691,0.831,0.640]
Epoch [72] Testing Results: Prec@1 61.230 Prec@5 93.150             Loss 1.26026
Epoch [72] Testing Class Recall: [0.909,0.989,0.921,0.474,0.364,0.572,0.569,0.555,0.300,0.470]
Epoch [73] Training Results: Prec@1 89.141 Prec@5 99.747             Loss 0.98277
Epoch [73] Training Class Recall: [0.969,0.958,0.860,0.827,0.868,0.654,0.754,0.691,0.723,0.580]
Epoch [73] Testing Results: Prec@1 64.340 Prec@5 91.810             Loss 1.26147
Epoch [73] Testing Class Recall: [0.909,0.955,0.817,0.817,0.771,0.523,0.634,0.578,0.251,0.179]
Epoch [74] Training Results: Prec@1 88.554 Prec@5 99.793             Loss 0.95033
Epoch [74] Training Class Recall: [0.952,0.942,0.871,0.834,0.879,0.636,0.716,0.698,0.735,0.560]
Epoch [74] Testing Results: Prec@1 61.030 Prec@5 90.910             Loss 1.32550
Epoch [74] Testing Class Recall: [0.952,0.952,0.822,0.599,0.819,0.464,0.793,0.237,0.271,0.194]
Epoch [75] Training Results: Prec@1 89.602 Prec@5 99.701             Loss 0.99918
Epoch [75] Training Class Recall: [0.968,0.934,0.890,0.835,0.873,0.633,0.720,0.712,0.795,0.720]
Epoch [75] Testing Results: Prec@1 58.760 Prec@5 88.830             Loss 1.44419
Epoch [75] Testing Class Recall: [0.961,0.978,0.789,0.647,0.700,0.290,0.672,0.550,0.152,0.137]
Epoch [76] Training Results: Prec@1 89.060 Prec@5 99.804             Loss 0.99852
Epoch [76] Training Class Recall: [0.965,0.951,0.883,0.817,0.862,0.628,0.711,0.755,0.699,0.560]
Epoch [76] Testing Results: Prec@1 59.310 Prec@5 90.950             Loss 1.41288
Epoch [76] Testing Class Recall: [0.956,0.972,0.893,0.471,0.716,0.424,0.378,0.559,0.205,0.357]
Epoch [77] Training Results: Prec@1 90.074 Prec@5 99.839             Loss 0.91269
Epoch [77] Training Class Recall: [0.975,0.946,0.879,0.847,0.870,0.680,0.784,0.683,0.759,0.540]
Epoch [77] Testing Results: Prec@1 59.780 Prec@5 91.200             Loss 1.41511
Epoch [77] Testing Class Recall: [0.957,0.994,0.671,0.606,0.849,0.513,0.480,0.518,0.201,0.189]
Epoch [78] Training Results: Prec@1 90.477 Prec@5 99.585             Loss 0.98608
Epoch [78] Training Class Recall: [0.970,0.946,0.894,0.864,0.888,0.677,0.720,0.741,0.735,0.600]
Epoch [78] Testing Results: Prec@1 65.690 Prec@5 92.090             Loss 1.15177
Epoch [78] Testing Class Recall: [0.896,0.995,0.771,0.574,0.857,0.566,0.578,0.494,0.359,0.479]
Epoch [79] Training Results: Prec@1 89.556 Prec@5 99.678             Loss 0.94203
Epoch [79] Training Class Recall: [0.966,0.949,0.890,0.835,0.867,0.625,0.707,0.777,0.711,0.640]
Epoch [79] Testing Results: Prec@1 64.090 Prec@5 92.900             Loss 1.20840
Epoch [79] Testing Class Recall: [0.957,0.966,0.805,0.609,0.803,0.548,0.533,0.548,0.471,0.169]
Epoch [80] Training Results: Prec@1 90.454 Prec@5 99.781             Loss 0.88485
Epoch [80] Training Class Recall: [0.971,0.956,0.892,0.856,0.862,0.690,0.733,0.755,0.747,0.660]
Epoch [80] Testing Results: Prec@1 58.840 Prec@5 89.940             Loss 1.51275
Epoch [80] Testing Class Recall: [0.962,0.958,0.821,0.800,0.680,0.285,0.496,0.553,0.209,0.120]
Epoch [81] Training Results: Prec@1 90.131 Prec@5 99.758             Loss 0.90142
Epoch [81] Training Class Recall: [0.969,0.951,0.874,0.865,0.879,0.651,0.746,0.799,0.771,0.620]
Epoch [81] Testing Results: Prec@1 62.170 Prec@5 88.740             Loss 1.43980
Epoch [81] Testing Class Recall: [0.961,0.964,0.848,0.668,0.676,0.509,0.806,0.527,0.222,0.036]
Epoch [82] Training Results: Prec@1 90.039 Prec@5 99.770             Loss 0.97814
Epoch [82] Training Class Recall: [0.965,0.944,0.895,0.859,0.884,0.618,0.750,0.770,0.723,0.620]
Epoch [82] Testing Results: Prec@1 68.250 Prec@5 93.540             Loss 1.07173
Epoch [82] Testing Class Recall: [0.915,0.984,0.848,0.778,0.716,0.459,0.665,0.525,0.392,0.543]
Epoch [83] Training Results: Prec@1 90.454 Prec@5 99.758             Loss 0.96398
Epoch [83] Training Class Recall: [0.972,0.948,0.896,0.861,0.878,0.612,0.754,0.784,0.831,0.560]
Epoch [83] Testing Results: Prec@1 63.440 Prec@5 92.400             Loss 1.22606
Epoch [83] Testing Class Recall: [0.915,0.991,0.806,0.440,0.648,0.719,0.701,0.609,0.267,0.248]
Epoch [84] Training Results: Prec@1 90.592 Prec@5 99.793             Loss 0.95023
Epoch [84] Training Class Recall: [0.970,0.958,0.895,0.843,0.871,0.713,0.759,0.755,0.795,0.600]
Epoch [84] Testing Results: Prec@1 64.840 Prec@5 94.090             Loss 1.18757
Epoch [84] Testing Class Recall: [0.974,0.955,0.658,0.742,0.506,0.614,0.629,0.541,0.300,0.565]
Epoch [85] Training Results: Prec@1 90.661 Prec@5 99.770             Loss 0.92124
Epoch [85] Training Class Recall: [0.970,0.949,0.886,0.876,0.864,0.711,0.819,0.712,0.747,0.580]
Epoch [85] Testing Results: Prec@1 57.330 Prec@5 89.930             Loss 1.49097
Epoch [85] Testing Class Recall: [0.953,0.987,0.820,0.470,0.808,0.397,0.447,0.467,0.193,0.191]
Epoch [86] Training Results: Prec@1 90.120 Prec@5 99.827             Loss 0.94672
Epoch [86] Training Class Recall: [0.970,0.946,0.885,0.843,0.868,0.690,0.772,0.770,0.699,0.680]
Epoch [86] Testing Results: Prec@1 58.180 Prec@5 87.010             Loss 1.65654
Epoch [86] Testing Class Recall: [0.969,0.880,0.743,0.631,0.698,0.735,0.625,0.364,0.132,0.041]
Epoch [87] Training Results: Prec@1 90.557 Prec@5 99.758             Loss 0.92824
Epoch [87] Training Class Recall: [0.969,0.965,0.902,0.835,0.857,0.680,0.789,0.799,0.795,0.620]
Epoch [87] Testing Results: Prec@1 60.590 Prec@5 92.230             Loss 1.38449
Epoch [87] Testing Class Recall: [0.972,0.930,0.572,0.834,0.468,0.621,0.731,0.309,0.257,0.365]
Epoch [88] Training Results: Prec@1 90.673 Prec@5 99.804             Loss 0.93829
Epoch [88] Training Class Recall: [0.976,0.923,0.897,0.853,0.881,0.703,0.750,0.770,0.747,0.720]
Epoch [88] Testing Results: Prec@1 64.700 Prec@5 93.670             Loss 1.18556
Epoch [88] Testing Class Recall: [0.962,0.959,0.789,0.658,0.752,0.568,0.441,0.552,0.326,0.463]
Epoch [89] Training Results: Prec@1 91.306 Prec@5 99.781             Loss 0.95135
Epoch [89] Training Class Recall: [0.967,0.951,0.899,0.870,0.910,0.705,0.806,0.799,0.771,0.700]
Epoch [89] Testing Results: Prec@1 65.660 Prec@5 90.910             Loss 1.23404
Epoch [89] Testing Class Recall: [0.938,0.974,0.813,0.629,0.832,0.751,0.649,0.447,0.268,0.265]
Epoch [90] Training Results: Prec@1 91.352 Prec@5 99.827             Loss 0.95130
Epoch [90] Training Class Recall: [0.981,0.952,0.887,0.864,0.898,0.708,0.797,0.770,0.759,0.640]
Epoch [90] Testing Results: Prec@1 64.550 Prec@5 92.650             Loss 1.22876
Epoch [90] Testing Class Recall: [0.945,0.914,0.863,0.719,0.717,0.506,0.490,0.632,0.421,0.248]
Epoch [91] Training Results: Prec@1 91.398 Prec@5 99.873             Loss 0.96873
Epoch [91] Training Class Recall: [0.976,0.955,0.898,0.865,0.893,0.695,0.780,0.820,0.771,0.680]
Epoch [91] Testing Results: Prec@1 68.260 Prec@5 93.490             Loss 1.07947
Epoch [91] Testing Class Recall: [0.968,0.977,0.718,0.679,0.857,0.619,0.589,0.540,0.428,0.451]
Epoch [92] Training Results: Prec@1 91.479 Prec@5 99.839             Loss 0.88021
Epoch [92] Training Class Recall: [0.973,0.960,0.902,0.862,0.899,0.713,0.776,0.799,0.783,0.700]
Epoch [92] Testing Results: Prec@1 53.420 Prec@5 88.790             Loss 1.73955
Epoch [92] Testing Class Recall: [0.859,0.994,0.903,0.733,0.570,0.226,0.452,0.327,0.156,0.122]
Epoch [93] Training Results: Prec@1 90.834 Prec@5 99.850             Loss 0.99177
Epoch [93] Training Class Recall: [0.969,0.944,0.899,0.871,0.909,0.651,0.754,0.784,0.735,0.620]
Epoch [93] Testing Results: Prec@1 73.290 Prec@5 95.710             Loss 0.86389
Epoch [93] Testing Class Recall: [0.940,0.981,0.716,0.650,0.861,0.619,0.773,0.590,0.588,0.611]
Epoch [94] Training Results: Prec@1 90.742 Prec@5 99.804             Loss 0.96543
Epoch [94] Training Class Recall: [0.965,0.956,0.893,0.854,0.879,0.718,0.828,0.799,0.747,0.600]
Epoch [94] Testing Results: Prec@1 61.660 Prec@5 93.610             Loss 1.28167
Epoch [94] Testing Class Recall: [0.986,0.962,0.639,0.517,0.714,0.604,0.454,0.588,0.186,0.516]
Epoch [95] Training Results: Prec@1 91.179 Prec@5 99.873             Loss 0.88878
Epoch [95] Training Class Recall: [0.973,0.957,0.888,0.871,0.864,0.744,0.797,0.770,0.759,0.780]
Epoch [95] Testing Results: Prec@1 56.900 Prec@5 89.890             Loss 1.60315
Epoch [95] Testing Class Recall: [0.965,0.938,0.843,0.415,0.719,0.511,0.436,0.518,0.116,0.229]
Epoch [96] Training Results: Prec@1 91.306 Prec@5 99.839             Loss 0.98519
Epoch [96] Training Class Recall: [0.970,0.952,0.906,0.849,0.884,0.736,0.828,0.799,0.771,0.720]
Epoch [96] Testing Results: Prec@1 63.890 Prec@5 92.460             Loss 1.27085
Epoch [96] Testing Class Recall: [0.973,0.975,0.718,0.775,0.686,0.424,0.671,0.690,0.172,0.305]
Epoch [97] Training Results: Prec@1 91.306 Prec@5 99.873             Loss 0.93014
Epoch [97] Training Class Recall: [0.972,0.963,0.897,0.844,0.905,0.705,0.841,0.777,0.711,0.820]
Epoch [97] Testing Results: Prec@1 64.920 Prec@5 91.780             Loss 1.21773
Epoch [97] Testing Class Recall: [0.938,0.984,0.569,0.619,0.877,0.537,0.759,0.647,0.291,0.271]
Epoch [98] Training Results: Prec@1 91.663 Prec@5 99.816             Loss 0.93375
Epoch [98] Training Class Recall: [0.976,0.954,0.904,0.864,0.902,0.711,0.845,0.813,0.687,0.640]
Epoch [98] Testing Results: Prec@1 61.940 Prec@5 90.740             Loss 1.33348
Epoch [98] Testing Class Recall: [0.962,0.987,0.733,0.706,0.690,0.650,0.715,0.120,0.324,0.307]
Epoch [99] Training Results: Prec@1 91.882 Prec@5 99.873             Loss 0.94943
Epoch [99] Training Class Recall: [0.981,0.958,0.902,0.869,0.893,0.716,0.819,0.770,0.735,0.760]
Epoch [99] Testing Results: Prec@1 62.300 Prec@5 92.050             Loss 1.28884
Epoch [99] Testing Class Recall: [0.975,0.988,0.789,0.522,0.633,0.564,0.627,0.692,0.200,0.240]
Epoch [100] Training Results: Prec@1 91.766 Prec@5 99.758             Loss 1.00428
Epoch [100] Training Class Recall: [0.972,0.961,0.898,0.868,0.921,0.700,0.802,0.878,0.795,0.740]
Epoch [100] Testing Results: Prec@1 62.360 Prec@5 87.840             Loss 1.39443
Epoch [100] Testing Class Recall: [0.920,0.989,0.817,0.740,0.743,0.672,0.458,0.705,0.070,0.122]
Epoch [101] Training Results: Prec@1 91.974 Prec@5 99.827             Loss 0.99235
Epoch [101] Training Class Recall: [0.974,0.958,0.907,0.877,0.915,0.724,0.828,0.777,0.675,0.780]
Epoch [101] Testing Results: Prec@1 58.230 Prec@5 93.340             Loss 1.40174
Epoch [101] Testing Class Recall: [0.988,0.956,0.723,0.555,0.645,0.421,0.578,0.403,0.155,0.399]
Epoch [102] Training Results: Prec@1 91.755 Prec@5 99.850             Loss 0.88034
Epoch [102] Training Class Recall: [0.978,0.941,0.904,0.863,0.918,0.742,0.776,0.835,0.711,0.680]
Epoch [102] Testing Results: Prec@1 62.330 Prec@5 86.310             Loss 1.58987
Epoch [102] Testing Class Recall: [0.915,0.967,0.817,0.627,0.661,0.758,0.730,0.627,0.120,0.011]
Epoch [103] Training Results: Prec@1 90.926 Prec@5 99.793             Loss 0.91777
Epoch [103] Training Class Recall: [0.974,0.957,0.893,0.851,0.890,0.700,0.780,0.784,0.723,0.640]
Epoch [103] Testing Results: Prec@1 64.660 Prec@5 91.720             Loss 1.25637
Epoch [103] Testing Class Recall: [0.944,0.966,0.628,0.734,0.657,0.563,0.838,0.700,0.143,0.293]
Epoch [104] Training Results: Prec@1 91.697 Prec@5 99.781             Loss 0.97816
Epoch [104] Training Class Recall: [0.978,0.968,0.883,0.872,0.893,0.765,0.823,0.763,0.711,0.760]
Epoch [104] Testing Results: Prec@1 63.220 Prec@5 93.760             Loss 1.24802
Epoch [104] Testing Class Recall: [0.979,0.941,0.844,0.563,0.730,0.462,0.467,0.721,0.247,0.368]
Epoch [105] Training Results: Prec@1 91.743 Prec@5 99.816             Loss 0.87566
Epoch [105] Training Class Recall: [0.972,0.958,0.908,0.847,0.896,0.757,0.828,0.827,0.819,0.680]
Epoch [105] Testing Results: Prec@1 62.630 Prec@5 92.020             Loss 1.28968
Epoch [105] Testing Class Recall: [0.933,0.894,0.879,0.793,0.741,0.476,0.276,0.527,0.115,0.629]
Epoch [106] Training Results: Prec@1 91.732 Prec@5 99.827             Loss 0.94081
Epoch [106] Training Class Recall: [0.976,0.936,0.909,0.878,0.881,0.721,0.806,0.806,0.795,0.800]
Epoch [106] Testing Results: Prec@1 61.290 Prec@5 92.880             Loss 1.29634
Epoch [106] Testing Class Recall: [0.953,0.981,0.906,0.705,0.601,0.261,0.497,0.513,0.379,0.333]
Epoch [107] Training Results: Prec@1 92.411 Prec@5 99.885             Loss 0.94202
Epoch [107] Training Class Recall: [0.976,0.960,0.914,0.888,0.899,0.742,0.789,0.806,0.831,0.780]
Epoch [107] Testing Results: Prec@1 64.030 Prec@5 91.980             Loss 1.22072
Epoch [107] Testing Class Recall: [0.951,0.986,0.776,0.752,0.488,0.468,0.716,0.313,0.408,0.545]
Epoch [108] Training Results: Prec@1 91.974 Prec@5 99.839             Loss 0.94039
Epoch [108] Training Class Recall: [0.979,0.970,0.910,0.849,0.905,0.755,0.780,0.791,0.759,0.640]
Epoch [108] Testing Results: Prec@1 59.160 Prec@5 90.730             Loss 1.51700
Epoch [108] Testing Class Recall: [0.932,0.974,0.858,0.830,0.662,0.361,0.547,0.511,0.169,0.072]
Epoch [109] Training Results: Prec@1 91.605 Prec@5 99.770             Loss 0.90033
Epoch [109] Training Class Recall: [0.968,0.954,0.905,0.857,0.910,0.739,0.832,0.784,0.795,0.760]
Epoch [109] Testing Results: Prec@1 67.030 Prec@5 94.120             Loss 1.12109
Epoch [109] Testing Class Recall: [0.911,0.941,0.595,0.924,0.555,0.529,0.655,0.564,0.330,0.699]
Epoch [110] Training Results: Prec@1 92.296 Prec@5 99.908             Loss 0.94508
Epoch [110] Training Class Recall: [0.972,0.962,0.918,0.857,0.915,0.770,0.823,0.806,0.819,0.720]
Epoch [110] Testing Results: Prec@1 63.500 Prec@5 91.750             Loss 1.27061
Epoch [110] Testing Class Recall: [0.962,0.981,0.848,0.721,0.705,0.588,0.486,0.551,0.266,0.242]
Epoch [111] Training Results: Prec@1 91.974 Prec@5 99.896             Loss 0.88556
Epoch [111] Training Class Recall: [0.968,0.968,0.911,0.870,0.909,0.749,0.797,0.799,0.783,0.780]
Epoch [111] Testing Results: Prec@1 64.290 Prec@5 93.200             Loss 1.19233
Epoch [111] Testing Class Recall: [0.978,0.871,0.744,0.539,0.661,0.666,0.794,0.394,0.497,0.285]
Epoch [112] Training Results: Prec@1 92.538 Prec@5 99.896             Loss 0.87901
Epoch [112] Training Class Recall: [0.977,0.955,0.898,0.887,0.913,0.760,0.901,0.835,0.747,0.800]
Epoch [112] Testing Results: Prec@1 68.490 Prec@5 93.270             Loss 1.08450
Epoch [112] Testing Class Recall: [0.928,0.980,0.832,0.743,0.602,0.627,0.584,0.742,0.230,0.581]
Epoch [113] Training Results: Prec@1 92.227 Prec@5 99.862             Loss 0.89899
Epoch [113] Training Class Recall: [0.969,0.965,0.906,0.885,0.909,0.783,0.789,0.813,0.771,0.800]
Epoch [113] Testing Results: Prec@1 60.570 Prec@5 89.620             Loss 1.44880
Epoch [113] Testing Class Recall: [0.969,0.979,0.731,0.746,0.831,0.526,0.423,0.502,0.250,0.100]
Epoch [114] Training Results: Prec@1 92.457 Prec@5 99.896             Loss 0.91381
Epoch [114] Training Class Recall: [0.974,0.965,0.907,0.882,0.905,0.760,0.845,0.806,0.855,0.760]
Epoch [114] Testing Results: Prec@1 48.110 Prec@5 88.760             Loss 1.89567
Epoch [114] Testing Class Recall: [0.935,0.954,0.944,0.382,0.514,0.222,0.275,0.266,0.173,0.146]
Epoch [115] Training Results: Prec@1 92.619 Prec@5 99.885             Loss 0.87574
Epoch [115] Training Class Recall: [0.970,0.969,0.916,0.883,0.907,0.806,0.841,0.755,0.771,0.840]
Epoch [115] Testing Results: Prec@1 60.030 Prec@5 93.870             Loss 1.31871
Epoch [115] Testing Class Recall: [0.996,0.776,0.736,0.700,0.637,0.622,0.415,0.559,0.244,0.318]
Epoch [116] Training Results: Prec@1 92.826 Prec@5 99.873             Loss 0.93426
Epoch [116] Training Class Recall: [0.969,0.971,0.909,0.877,0.919,0.858,0.819,0.835,0.831,0.780]
Epoch [116] Testing Results: Prec@1 65.580 Prec@5 92.820             Loss 1.19872
Epoch [116] Testing Class Recall: [0.946,0.981,0.684,0.810,0.857,0.576,0.400,0.462,0.265,0.577]
Epoch [117] Training Results: Prec@1 92.596 Prec@5 99.885             Loss 0.90414
Epoch [117] Training Class Recall: [0.969,0.978,0.912,0.890,0.913,0.765,0.858,0.813,0.723,0.720]
Epoch [117] Testing Results: Prec@1 63.270 Prec@5 92.830             Loss 1.25200
Epoch [117] Testing Class Recall: [0.934,0.978,0.864,0.816,0.631,0.330,0.652,0.571,0.229,0.322]
Epoch [118] Training Results: Prec@1 92.273 Prec@5 99.816             Loss 0.89280
Epoch [118] Training Class Recall: [0.976,0.961,0.902,0.886,0.882,0.793,0.845,0.748,0.795,0.740]
Epoch [118] Testing Results: Prec@1 61.930 Prec@5 92.480             Loss 1.29953
Epoch [118] Testing Class Recall: [0.967,0.966,0.841,0.767,0.652,0.387,0.366,0.706,0.139,0.402]
Epoch [119] Training Results: Prec@1 93.148 Prec@5 99.850             Loss 0.89290
Epoch [119] Training Class Recall: [0.973,0.963,0.917,0.900,0.916,0.798,0.862,0.799,0.843,0.780]
Epoch [119] Testing Results: Prec@1 66.490 Prec@5 93.220             Loss 1.16882
Epoch [119] Testing Class Recall: [0.959,0.956,0.836,0.774,0.830,0.404,0.602,0.400,0.365,0.523]
Epoch [120] Training Results: Prec@1 93.252 Prec@5 99.908             Loss 0.84655
Epoch [120] Training Class Recall: [0.978,0.960,0.917,0.891,0.933,0.793,0.841,0.835,0.795,0.820]
Epoch [120] Testing Results: Prec@1 67.000 Prec@5 93.300             Loss 1.12072
Epoch [120] Testing Class Recall: [0.970,0.979,0.739,0.788,0.754,0.670,0.554,0.469,0.457,0.320]
Epoch [121] Training Results: Prec@1 93.263 Prec@5 99.954             Loss 0.86973
Epoch [121] Training Class Recall: [0.971,0.967,0.916,0.897,0.915,0.848,0.858,0.813,0.831,0.800]
Epoch [121] Testing Results: Prec@1 59.730 Prec@5 87.530             Loss 1.55022
Epoch [121] Testing Class Recall: [0.959,0.977,0.798,0.547,0.862,0.802,0.438,0.345,0.150,0.095]
Epoch [122] Training Results: Prec@1 92.745 Prec@5 99.942             Loss 0.93493
Epoch [122] Training Class Recall: [0.979,0.977,0.906,0.872,0.924,0.775,0.866,0.849,0.711,0.600]
Epoch [122] Testing Results: Prec@1 59.950 Prec@5 90.730             Loss 1.44167
Epoch [122] Testing Class Recall: [0.972,0.944,0.805,0.766,0.648,0.370,0.335,0.471,0.135,0.549]
Epoch [123] Training Results: Prec@1 93.033 Prec@5 99.839             Loss 0.89563
Epoch [123] Training Class Recall: [0.975,0.969,0.919,0.884,0.927,0.760,0.909,0.806,0.735,0.720]
Epoch [123] Testing Results: Prec@1 58.890 Prec@5 87.700             Loss 1.60590
Epoch [123] Testing Class Recall: [0.842,0.968,0.860,0.869,0.687,0.177,0.687,0.559,0.137,0.103]
Epoch [124] Training Results: Prec@1 92.342 Prec@5 99.931             Loss 0.90201
Epoch [124] Training Class Recall: [0.973,0.965,0.904,0.864,0.918,0.798,0.853,0.842,0.699,0.720]
Epoch [124] Testing Results: Prec@1 62.370 Prec@5 90.030             Loss 1.36787
Epoch [124] Testing Class Recall: [0.933,0.976,0.811,0.846,0.748,0.416,0.631,0.335,0.374,0.167]
Epoch [125] Training Results: Prec@1 93.068 Prec@5 99.931             Loss 0.89842
Epoch [125] Training Class Recall: [0.981,0.967,0.922,0.877,0.907,0.765,0.858,0.791,0.819,0.840]
Epoch [125] Testing Results: Prec@1 64.180 Prec@5 90.840             Loss 1.34017
Epoch [125] Testing Class Recall: [0.961,0.953,0.766,0.690,0.775,0.733,0.625,0.389,0.126,0.400]
Epoch [126] Training Results: Prec@1 93.356 Prec@5 99.896             Loss 0.89256
Epoch [126] Training Class Recall: [0.983,0.958,0.927,0.869,0.922,0.778,0.871,0.856,0.819,0.820]
Epoch [126] Testing Results: Prec@1 66.320 Prec@5 92.660             Loss 1.12735
Epoch [126] Testing Class Recall: [0.977,0.983,0.752,0.813,0.732,0.494,0.733,0.334,0.263,0.551]
Epoch [127] Training Results: Prec@1 92.745 Prec@5 99.816             Loss 0.95275
Epoch [127] Training Class Recall: [0.981,0.951,0.917,0.874,0.909,0.793,0.832,0.842,0.723,0.700]
Epoch [127] Testing Results: Prec@1 63.450 Prec@5 90.050             Loss 1.30142
Epoch [127] Testing Class Recall: [0.927,0.960,0.770,0.841,0.689,0.630,0.619,0.422,0.263,0.224]
Epoch [128] Training Results: Prec@1 93.540 Prec@5 99.965             Loss 0.89647
Epoch [128] Training Class Recall: [0.980,0.967,0.924,0.890,0.930,0.798,0.841,0.820,0.795,0.860]
Epoch [128] Testing Results: Prec@1 69.960 Prec@5 94.380             Loss 0.99501
Epoch [128] Testing Class Recall: [0.946,0.983,0.789,0.717,0.840,0.553,0.475,0.651,0.508,0.534]
Epoch [129] Training Results: Prec@1 93.736 Prec@5 99.908             Loss 0.86741
Epoch [129] Training Class Recall: [0.972,0.973,0.927,0.893,0.929,0.824,0.862,0.892,0.880,0.840]
Epoch [129] Testing Results: Prec@1 59.560 Prec@5 90.440             Loss 1.54415
Epoch [129] Testing Class Recall: [0.982,0.922,0.778,0.573,0.467,0.689,0.416,0.775,0.126,0.228]
Epoch [130] Training Results: Prec@1 84.938 Prec@5 99.712             Loss 0.24429
Epoch [130] Training Class Recall: [0.814,0.813,0.889,0.837,0.905,0.853,0.970,0.957,0.952,0.960]
Epoch [130] Testing Results: Prec@1 69.490 Prec@5 97.750             Loss 0.59998
Epoch [130] Testing Class Recall: [0.823,0.187,0.777,0.685,0.639,0.678,0.724,0.784,0.708,0.944]
Epoch [131] Training Results: Prec@1 85.825 Prec@5 99.758             Loss 0.24732
Epoch [131] Training Class Recall: [0.848,0.715,0.897,0.866,0.915,0.850,0.961,0.964,0.940,1.000]
Epoch [131] Testing Results: Prec@1 71.340 Prec@5 96.240             Loss 1.35306
Epoch [131] Testing Class Recall: [0.844,0.918,0.842,0.526,0.771,0.654,0.864,0.828,0.506,0.381]
Epoch [132] Training Results: Prec@1 89.199 Prec@5 99.885             Loss 0.21961
Epoch [132] Training Class Recall: [0.894,0.793,0.914,0.872,0.929,0.912,0.966,0.957,0.940,0.980]
Epoch [132] Testing Results: Prec@1 77.060 Prec@5 98.330             Loss 0.78242
Epoch [132] Testing Class Recall: [0.880,0.883,0.770,0.677,0.862,0.709,0.751,0.715,0.741,0.718]
Epoch [133] Training Results: Prec@1 90.696 Prec@5 99.839             Loss 0.22172
Epoch [133] Training Class Recall: [0.904,0.868,0.912,0.881,0.949,0.912,0.974,0.986,0.976,1.000]
Epoch [133] Testing Results: Prec@1 76.550 Prec@5 97.700             Loss 0.94814
Epoch [133] Testing Class Recall: [0.802,0.955,0.829,0.727,0.816,0.701,0.798,0.689,0.778,0.560]
Epoch [134] Training Results: Prec@1 90.396 Prec@5 99.850             Loss 0.22485
Epoch [134] Training Class Recall: [0.892,0.888,0.916,0.881,0.935,0.907,0.983,0.971,0.988,0.980]
Epoch [134] Testing Results: Prec@1 76.450 Prec@5 98.020             Loss 0.72110
Epoch [134] Testing Class Recall: [0.856,0.867,0.838,0.670,0.798,0.611,0.815,0.792,0.531,0.867]
Epoch [135] Training Results: Prec@1 90.742 Prec@5 99.885             Loss 0.22584
Epoch [135] Training Class Recall: [0.905,0.863,0.919,0.889,0.938,0.899,0.961,0.957,0.988,0.980]
Epoch [135] Testing Results: Prec@1 77.090 Prec@5 98.080             Loss 0.73215
Epoch [135] Testing Class Recall: [0.805,0.888,0.745,0.688,0.858,0.722,0.870,0.639,0.652,0.842]
Epoch [136] Training Results: Prec@1 90.569 Prec@5 99.896             Loss 0.21299
Epoch [136] Training Class Recall: [0.898,0.886,0.916,0.880,0.940,0.915,0.944,0.957,0.988,1.000]
Epoch [136] Testing Results: Prec@1 75.700 Prec@5 97.700             Loss 0.97223
Epoch [136] Testing Class Recall: [0.811,0.952,0.748,0.816,0.795,0.589,0.786,0.757,0.757,0.559]
Epoch [137] Training Results: Prec@1 90.281 Prec@5 99.862             Loss 0.22208
Epoch [137] Training Class Recall: [0.897,0.890,0.902,0.877,0.935,0.920,0.961,0.971,0.940,1.000]
Epoch [137] Testing Results: Prec@1 74.240 Prec@5 97.710             Loss 0.86241
Epoch [137] Testing Class Recall: [0.861,0.932,0.805,0.636,0.735,0.805,0.665,0.618,0.567,0.800]
Epoch [138] Training Results: Prec@1 90.661 Prec@5 99.850             Loss 0.22441
Epoch [138] Training Class Recall: [0.888,0.881,0.923,0.905,0.941,0.910,0.966,0.993,0.988,1.000]
Epoch [138] Testing Results: Prec@1 76.670 Prec@5 97.960             Loss 0.81870
Epoch [138] Testing Class Recall: [0.805,0.944,0.705,0.785,0.817,0.704,0.833,0.632,0.753,0.689]
Epoch [139] Training Results: Prec@1 89.843 Prec@5 99.804             Loss 0.22687
Epoch [139] Training Class Recall: [0.895,0.862,0.902,0.887,0.924,0.899,0.974,0.942,0.988,1.000]
Epoch [139] Testing Results: Prec@1 77.030 Prec@5 97.360             Loss 0.76434
Epoch [139] Testing Class Recall: [0.905,0.935,0.792,0.695,0.766,0.759,0.651,0.634,0.791,0.775]
Epoch [140] Training Results: Prec@1 90.235 Prec@5 99.770             Loss 0.24005
Epoch [140] Training Class Recall: [0.893,0.871,0.908,0.890,0.941,0.912,0.966,0.971,0.988,0.980]
Epoch [140] Testing Results: Prec@1 79.150 Prec@5 98.420             Loss 0.61344
Epoch [140] Testing Class Recall: [0.856,0.933,0.771,0.738,0.813,0.568,0.844,0.782,0.806,0.804]
Epoch [141] Training Results: Prec@1 91.202 Prec@5 99.816             Loss 0.21180
Epoch [141] Training Class Recall: [0.900,0.918,0.914,0.891,0.946,0.899,0.978,0.986,1.000,1.000]
Epoch [141] Testing Results: Prec@1 77.250 Prec@5 98.270             Loss 0.79418
Epoch [141] Testing Class Recall: [0.853,0.917,0.709,0.739,0.763,0.762,0.807,0.772,0.671,0.732]
Epoch [142] Training Results: Prec@1 90.258 Prec@5 99.816             Loss 0.22717
Epoch [142] Training Class Recall: [0.886,0.892,0.918,0.881,0.943,0.917,0.961,0.978,0.940,0.980]
Epoch [142] Testing Results: Prec@1 75.730 Prec@5 97.770             Loss 0.85581
Epoch [142] Testing Class Recall: [0.882,0.876,0.786,0.646,0.718,0.661,0.884,0.812,0.603,0.705]
Epoch [143] Training Results: Prec@1 90.949 Prec@5 99.816             Loss 0.21737
Epoch [143] Training Class Recall: [0.902,0.881,0.914,0.891,0.953,0.912,0.970,0.964,1.000,0.980]
Epoch [143] Testing Results: Prec@1 77.510 Prec@5 97.900             Loss 0.80346
Epoch [143] Testing Class Recall: [0.858,0.945,0.772,0.763,0.782,0.653,0.840,0.698,0.718,0.722]
Epoch [144] Training Results: Prec@1 90.753 Prec@5 99.850             Loss 0.23338
Epoch [144] Training Class Recall: [0.909,0.885,0.904,0.881,0.930,0.894,0.987,0.986,0.964,1.000]
Epoch [144] Testing Results: Prec@1 73.460 Prec@5 97.510             Loss 0.96684
Epoch [144] Testing Class Recall: [0.848,0.972,0.831,0.644,0.688,0.817,0.735,0.496,0.605,0.710]
Epoch [145] Training Results: Prec@1 90.051 Prec@5 99.804             Loss 0.22823
Epoch [145] Training Class Recall: [0.887,0.865,0.913,0.890,0.946,0.904,0.966,0.964,1.000,0.980]
Epoch [145] Testing Results: Prec@1 75.060 Prec@5 97.610             Loss 0.88088
Epoch [145] Testing Class Recall: [0.795,0.931,0.806,0.701,0.730,0.729,0.823,0.662,0.581,0.748]
Epoch [146] Training Results: Prec@1 90.603 Prec@5 99.839             Loss 0.22835
Epoch [146] Training Class Recall: [0.910,0.895,0.893,0.884,0.926,0.897,0.961,0.978,0.988,0.980]
Epoch [146] Testing Results: Prec@1 74.070 Prec@5 97.480             Loss 0.49588
Epoch [146] Testing Class Recall: [0.712,0.772,0.653,0.481,0.645,0.750,0.912,0.690,0.878,0.914]
Epoch [147] Training Results: Prec@1 88.473 Prec@5 99.712             Loss 0.22859
Epoch [147] Training Class Recall: [0.880,0.817,0.889,0.861,0.932,0.920,1.000,0.964,0.988,1.000]
Epoch [147] Testing Results: Prec@1 75.710 Prec@5 97.980             Loss 0.76980
Epoch [147] Testing Class Recall: [0.805,0.815,0.792,0.774,0.756,0.651,0.770,0.736,0.673,0.799]
Epoch [148] Training Results: Prec@1 89.037 Prec@5 99.724             Loss 0.22679
Epoch [148] Training Class Recall: [0.883,0.852,0.897,0.863,0.940,0.907,0.983,0.964,0.940,1.000]
Epoch [148] Testing Results: Prec@1 75.070 Prec@5 97.750             Loss 0.72939
Epoch [148] Testing Class Recall: [0.791,0.860,0.784,0.771,0.836,0.358,0.804,0.709,0.826,0.768]
Epoch [149] Training Results: Prec@1 90.362 Prec@5 99.885             Loss 0.21508
Epoch [149] Training Class Recall: [0.904,0.865,0.894,0.894,0.944,0.917,0.957,0.971,0.988,0.960]
Epoch [149] Testing Results: Prec@1 77.280 Prec@5 97.860             Loss 0.85262
Epoch [149] Testing Class Recall: [0.815,0.962,0.822,0.659,0.780,0.779,0.812,0.673,0.768,0.658]
Epoch [150] Training Results: Prec@1 89.901 Prec@5 99.850             Loss 0.21815
Epoch [150] Training Class Recall: [0.880,0.914,0.905,0.881,0.933,0.910,0.957,0.971,0.976,0.980]
Epoch [150] Testing Results: Prec@1 72.170 Prec@5 97.300             Loss 0.70780
Epoch [150] Testing Class Recall: [0.766,0.720,0.760,0.446,0.851,0.811,0.592,0.691,0.667,0.913]
Epoch [151] Training Results: Prec@1 87.494 Prec@5 99.839             Loss 0.22469
Epoch [151] Training Class Recall: [0.866,0.827,0.883,0.839,0.935,0.902,0.966,0.964,0.988,0.980]
Epoch [151] Testing Results: Prec@1 75.500 Prec@5 98.220             Loss 0.59506
Epoch [151] Testing Class Recall: [0.787,0.720,0.850,0.574,0.780,0.627,0.882,0.685,0.707,0.938]
Epoch [152] Training Results: Prec@1 89.360 Prec@5 99.770             Loss 0.21007
Epoch [152] Training Class Recall: [0.879,0.873,0.898,0.878,0.946,0.899,0.983,0.935,1.000,1.000]
Epoch [152] Testing Results: Prec@1 78.710 Prec@5 98.260             Loss 0.50161
Epoch [152] Testing Class Recall: [0.821,0.842,0.753,0.647,0.782,0.724,0.756,0.803,0.827,0.916]
Epoch [153] Training Results: Prec@1 88.554 Prec@5 99.873             Loss 0.22790
Epoch [153] Training Class Recall: [0.887,0.825,0.893,0.849,0.915,0.925,0.953,0.986,0.988,1.000]
Epoch [153] Testing Results: Prec@1 76.630 Prec@5 98.220             Loss 0.62992
Epoch [153] Testing Class Recall: [0.766,0.888,0.678,0.644,0.751,0.668,0.868,0.796,0.831,0.773]
Epoch [154] Training Results: Prec@1 87.828 Prec@5 99.793             Loss 0.23166
Epoch [154] Training Class Recall: [0.864,0.882,0.861,0.868,0.915,0.910,0.987,0.957,1.000,1.000]
Epoch [154] Testing Results: Prec@1 74.360 Prec@5 97.070             Loss 0.95300
Epoch [154] Testing Class Recall: [0.844,0.925,0.840,0.718,0.708,0.693,0.796,0.555,0.585,0.772]
Epoch [155] Training Results: Prec@1 88.657 Prec@5 99.816             Loss 0.24359
Epoch [155] Training Class Recall: [0.881,0.874,0.861,0.877,0.938,0.928,0.948,0.978,0.988,0.960]
Epoch [155] Testing Results: Prec@1 73.510 Prec@5 98.120             Loss 0.72507
Epoch [155] Testing Class Recall: [0.741,0.816,0.689,0.678,0.663,0.799,0.850,0.606,0.623,0.886]
Epoch [156] Training Results: Prec@1 88.842 Prec@5 99.873             Loss 0.22360
Epoch [156] Training Class Recall: [0.893,0.867,0.874,0.847,0.924,0.915,0.961,0.964,1.000,1.000]
Epoch [156] Testing Results: Prec@1 62.270 Prec@5 96.480             Loss 0.96294
Epoch [156] Testing Class Recall: [0.720,0.816,0.634,0.367,0.458,0.372,0.424,0.982,0.685,0.769]
Epoch [157] Training Results: Prec@1 87.989 Prec@5 99.758             Loss 0.22919
Epoch [157] Training Class Recall: [0.884,0.824,0.878,0.840,0.924,0.904,0.948,0.993,0.988,1.000]
Epoch [157] Testing Results: Prec@1 71.770 Prec@5 97.470             Loss 0.76929
Epoch [157] Testing Class Recall: [0.692,0.838,0.786,0.467,0.567,0.850,0.840,0.671,0.591,0.875]
Epoch [158] Training Results: Prec@1 87.149 Prec@5 99.666             Loss 0.22291
Epoch [158] Training Class Recall: [0.880,0.783,0.870,0.843,0.904,0.891,0.978,0.978,1.000,0.980]
Epoch [158] Testing Results: Prec@1 72.710 Prec@5 97.640             Loss 0.87169
Epoch [158] Testing Class Recall: [0.657,0.869,0.541,0.539,0.846,0.858,0.856,0.579,0.851,0.675]
Epoch [159] Training Results: Prec@1 85.940 Prec@5 99.735             Loss 0.23194
Epoch [159] Training Class Recall: [0.848,0.810,0.853,0.856,0.916,0.897,0.927,0.978,0.952,0.960]
Epoch [159] Testing Results: Prec@1 77.610 Prec@5 98.290             Loss 0.55703
Epoch [159] Testing Class Recall: [0.811,0.796,0.689,0.713,0.761,0.754,0.772,0.797,0.802,0.866]
Epoch [160] Training Results: Prec@1 87.909 Prec@5 99.770             Loss 0.20585
Epoch [160] Training Class Recall: [0.860,0.788,0.888,0.889,0.949,0.941,0.970,0.993,1.000,1.000]
Epoch [160] Testing Results: Prec@1 78.780 Prec@5 98.250             Loss 0.60126
Epoch [160] Testing Class Recall: [0.847,0.869,0.779,0.687,0.798,0.751,0.808,0.737,0.746,0.856]
Epoch [161] Training Results: Prec@1 88.450 Prec@5 99.827             Loss 0.20687
Epoch [161] Training Class Recall: [0.869,0.799,0.890,0.886,0.946,0.948,0.987,1.000,1.000,1.000]
Epoch [161] Testing Results: Prec@1 79.110 Prec@5 98.240             Loss 0.59440
Epoch [161] Testing Class Recall: [0.852,0.884,0.764,0.719,0.794,0.738,0.808,0.743,0.758,0.851]
Epoch [162] Training Results: Prec@1 88.980 Prec@5 99.839             Loss 0.21402
Epoch [162] Training Class Recall: [0.873,0.814,0.890,0.898,0.944,0.964,0.987,0.986,1.000,1.000]
Epoch [162] Testing Results: Prec@1 79.730 Prec@5 98.270             Loss 0.58481
Epoch [162] Testing Class Recall: [0.869,0.893,0.770,0.695,0.802,0.737,0.818,0.769,0.779,0.841]
Epoch [163] Training Results: Prec@1 89.440 Prec@5 99.816             Loss 0.18824
Epoch [163] Training Class Recall: [0.875,0.837,0.896,0.898,0.958,0.946,0.983,0.993,1.000,1.000]
Epoch [163] Testing Results: Prec@1 79.840 Prec@5 98.360             Loss 0.59612
Epoch [163] Testing Class Recall: [0.864,0.912,0.758,0.716,0.816,0.729,0.806,0.787,0.754,0.842]
Epoch [164] Training Results: Prec@1 89.625 Prec@5 99.850             Loss 0.18837
Epoch [164] Training Class Recall: [0.878,0.840,0.894,0.896,0.964,0.964,0.983,1.000,1.000,1.000]
Epoch [164] Testing Results: Prec@1 80.050 Prec@5 98.390             Loss 0.59367
Epoch [164] Testing Class Recall: [0.854,0.923,0.775,0.727,0.787,0.733,0.809,0.788,0.767,0.842]
Epoch [165] Training Results: Prec@1 90.028 Prec@5 99.908             Loss 0.21869
Epoch [165] Training Class Recall: [0.883,0.832,0.903,0.907,0.964,0.959,0.974,1.000,1.000,1.000]
Epoch [165] Testing Results: Prec@1 79.980 Prec@5 98.350             Loss 0.58375
Epoch [165] Testing Class Recall: [0.859,0.905,0.755,0.735,0.812,0.732,0.797,0.786,0.765,0.852]
Epoch [166] Training Results: Prec@1 90.246 Prec@5 99.885             Loss 0.20953
Epoch [166] Training Class Recall: [0.879,0.858,0.898,0.920,0.958,0.972,0.987,0.993,1.000,1.000]
Epoch [166] Testing Results: Prec@1 79.570 Prec@5 98.390             Loss 0.60293
Epoch [166] Testing Class Recall: [0.840,0.914,0.790,0.720,0.796,0.750,0.778,0.784,0.736,0.849]
Epoch [167] Training Results: Prec@1 91.018 Prec@5 99.839             Loss 0.19501
Epoch [167] Training Class Recall: [0.891,0.877,0.910,0.910,0.966,0.964,0.983,0.993,1.000,1.000]
Epoch [167] Testing Results: Prec@1 80.190 Prec@5 98.410             Loss 0.58390
Epoch [167] Testing Class Recall: [0.857,0.909,0.812,0.730,0.790,0.726,0.808,0.772,0.762,0.853]
Epoch [168] Training Results: Prec@1 90.822 Prec@5 99.919             Loss 0.19678
Epoch [168] Training Class Recall: [0.891,0.869,0.908,0.907,0.960,0.953,0.991,1.000,1.000,1.000]
Epoch [168] Testing Results: Prec@1 80.140 Prec@5 98.490             Loss 0.58380
Epoch [168] Testing Class Recall: [0.884,0.911,0.794,0.729,0.790,0.705,0.808,0.787,0.761,0.845]
Epoch [169] Training Results: Prec@1 91.306 Prec@5 99.885             Loss 0.21097
Epoch [169] Training Class Recall: [0.893,0.882,0.911,0.917,0.971,0.956,0.991,1.000,1.000,1.000]
Epoch [169] Testing Results: Prec@1 80.270 Prec@5 98.450             Loss 0.58824
Epoch [169] Testing Class Recall: [0.850,0.926,0.778,0.702,0.816,0.734,0.826,0.808,0.737,0.850]
Epoch [170] Training Results: Prec@1 91.260 Prec@5 99.827             Loss 0.18874
Epoch [170] Training Class Recall: [0.893,0.872,0.913,0.921,0.964,0.961,0.983,1.000,1.000,1.000]
Epoch [170] Testing Results: Prec@1 80.520 Prec@5 98.460             Loss 0.58737
Epoch [170] Testing Class Recall: [0.873,0.926,0.770,0.738,0.809,0.726,0.809,0.798,0.755,0.848]
Epoch [171] Training Results: Prec@1 91.294 Prec@5 99.827             Loss 0.19738
Epoch [171] Training Class Recall: [0.894,0.877,0.916,0.908,0.974,0.956,0.987,1.000,1.000,1.000]
Epoch [171] Testing Results: Prec@1 80.410 Prec@5 98.450             Loss 0.60365
Epoch [171] Testing Class Recall: [0.867,0.923,0.784,0.748,0.818,0.736,0.791,0.782,0.749,0.843]
Epoch [172] Training Results: Prec@1 91.755 Prec@5 99.896             Loss 0.20671
Epoch [172] Training Class Recall: [0.894,0.886,0.919,0.929,0.980,0.953,0.987,1.000,1.000,1.000]
Epoch [172] Testing Results: Prec@1 80.150 Prec@5 98.450             Loss 0.60530
Epoch [172] Testing Class Recall: [0.853,0.931,0.786,0.758,0.781,0.734,0.802,0.785,0.736,0.849]
Epoch [173] Training Results: Prec@1 91.720 Prec@5 99.839             Loss 0.18524
Epoch [173] Training Class Recall: [0.898,0.886,0.921,0.915,0.969,0.966,0.983,1.000,1.000,1.000]
Epoch [173] Testing Results: Prec@1 80.280 Prec@5 98.480             Loss 0.63096
Epoch [173] Testing Class Recall: [0.897,0.928,0.786,0.743,0.819,0.731,0.787,0.773,0.740,0.824]
Epoch [174] Training Results: Prec@1 92.008 Prec@5 99.873             Loss 0.18847
Epoch [174] Training Class Recall: [0.903,0.892,0.919,0.917,0.969,0.969,0.991,0.993,1.000,0.980]
Epoch [174] Testing Results: Prec@1 80.580 Prec@5 98.560             Loss 0.61898
Epoch [174] Testing Class Recall: [0.875,0.933,0.802,0.749,0.821,0.720,0.806,0.781,0.748,0.823]
Epoch [175] Training Results: Prec@1 92.204 Prec@5 99.919             Loss 0.19376
Epoch [175] Training Class Recall: [0.902,0.899,0.919,0.932,0.967,0.956,1.000,0.993,1.000,1.000]
Epoch [175] Testing Results: Prec@1 80.390 Prec@5 98.510             Loss 0.62250
Epoch [175] Testing Class Recall: [0.874,0.934,0.796,0.743,0.802,0.730,0.820,0.770,0.752,0.818]
Epoch [176] Training Results: Prec@1 92.722 Prec@5 99.885             Loss 0.20217
Epoch [176] Training Class Recall: [0.914,0.893,0.927,0.929,0.971,0.959,0.996,1.000,1.000,1.000]
Epoch [176] Testing Results: Prec@1 80.300 Prec@5 98.520             Loss 0.63051
Epoch [176] Testing Class Recall: [0.884,0.938,0.773,0.750,0.819,0.717,0.831,0.761,0.745,0.812]
Epoch [177] Training Results: Prec@1 91.997 Prec@5 99.896             Loss 0.18955
Epoch [177] Training Class Recall: [0.899,0.890,0.919,0.926,0.977,0.966,0.996,1.000,1.000,1.000]
Epoch [177] Testing Results: Prec@1 80.660 Prec@5 98.530             Loss 0.60959
Epoch [177] Testing Class Recall: [0.875,0.934,0.776,0.761,0.819,0.740,0.805,0.772,0.757,0.827]
Epoch [178] Training Results: Prec@1 92.849 Prec@5 99.896             Loss 0.20028
Epoch [178] Training Class Recall: [0.915,0.906,0.923,0.931,0.974,0.956,0.987,0.993,1.000,1.000]
Epoch [178] Testing Results: Prec@1 80.440 Prec@5 98.500             Loss 0.62905
Epoch [178] Testing Class Recall: [0.876,0.935,0.793,0.758,0.828,0.721,0.804,0.776,0.740,0.813]
Epoch [179] Training Results: Prec@1 92.699 Prec@5 99.896             Loss 0.20621
Epoch [179] Training Class Recall: [0.914,0.907,0.922,0.921,0.974,0.961,0.991,1.000,1.000,1.000]
Epoch [179] Testing Results: Prec@1 79.860 Prec@5 98.460             Loss 0.65946
Epoch [179] Testing Class Recall: [0.900,0.942,0.800,0.762,0.807,0.717,0.793,0.728,0.722,0.815]
Epoch [180] Training Results: Prec@1 92.860 Prec@5 99.885             Loss 0.20284
Epoch [180] Training Class Recall: [0.912,0.914,0.930,0.923,0.966,0.966,0.991,1.000,1.000,1.000]
Epoch [180] Testing Results: Prec@1 80.270 Prec@5 98.490             Loss 0.61111
Epoch [180] Testing Class Recall: [0.852,0.939,0.788,0.738,0.795,0.741,0.806,0.806,0.736,0.826]
Epoch [181] Training Results: Prec@1 92.550 Prec@5 99.885             Loss 0.21832
Epoch [181] Training Class Recall: [0.911,0.904,0.918,0.932,0.972,0.953,0.987,0.993,1.000,1.000]
Epoch [181] Testing Results: Prec@1 80.460 Prec@5 98.530             Loss 0.62731
Epoch [181] Testing Class Recall: [0.879,0.939,0.794,0.740,0.804,0.743,0.802,0.786,0.753,0.806]
Epoch [182] Training Results: Prec@1 93.102 Prec@5 99.954             Loss 0.19133
Epoch [182] Training Class Recall: [0.919,0.902,0.925,0.938,0.972,0.964,0.996,0.993,1.000,1.000]
Epoch [182] Testing Results: Prec@1 80.300 Prec@5 98.550             Loss 0.65560
Epoch [182] Testing Class Recall: [0.881,0.946,0.786,0.765,0.813,0.727,0.797,0.777,0.745,0.793]
Epoch [183] Training Results: Prec@1 92.550 Prec@5 99.908             Loss 0.20884
Epoch [183] Training Class Recall: [0.911,0.907,0.919,0.918,0.978,0.966,0.996,1.000,1.000,1.000]
Epoch [183] Testing Results: Prec@1 80.260 Prec@5 98.510             Loss 0.63060
Epoch [183] Testing Class Recall: [0.880,0.932,0.795,0.746,0.825,0.729,0.801,0.770,0.730,0.818]
Epoch [184] Training Results: Prec@1 92.745 Prec@5 99.885             Loss 0.19748
Epoch [184] Training Class Recall: [0.914,0.899,0.929,0.918,0.972,0.964,1.000,0.993,1.000,1.000]
Epoch [184] Testing Results: Prec@1 79.960 Prec@5 98.510             Loss 0.66614
Epoch [184] Testing Class Recall: [0.878,0.944,0.796,0.758,0.812,0.735,0.795,0.751,0.713,0.814]
Epoch [185] Training Results: Prec@1 92.354 Prec@5 99.896             Loss 0.20797
Epoch [185] Training Class Recall: [0.907,0.908,0.914,0.927,0.978,0.959,0.987,1.000,1.000,1.000]
Epoch [185] Testing Results: Prec@1 80.400 Prec@5 98.480             Loss 0.63443
Epoch [185] Testing Class Recall: [0.870,0.943,0.771,0.749,0.804,0.752,0.824,0.789,0.728,0.810]
Epoch [186] Training Results: Prec@1 92.860 Prec@5 99.931             Loss 0.20795
Epoch [186] Training Class Recall: [0.912,0.914,0.922,0.936,0.971,0.969,0.991,0.993,1.000,1.000]
Epoch [186] Testing Results: Prec@1 80.190 Prec@5 98.470             Loss 0.63026
Epoch [186] Testing Class Recall: [0.875,0.943,0.789,0.745,0.797,0.732,0.803,0.786,0.731,0.818]
Epoch [187] Training Results: Prec@1 92.803 Prec@5 99.873             Loss 0.19360
Epoch [187] Training Class Recall: [0.908,0.904,0.931,0.934,0.969,0.972,0.991,1.000,1.000,1.000]
Epoch [187] Testing Results: Prec@1 80.300 Prec@5 98.450             Loss 0.63944
Epoch [187] Testing Class Recall: [0.886,0.939,0.788,0.759,0.828,0.715,0.793,0.779,0.725,0.818]
Epoch [188] Training Results: Prec@1 92.826 Prec@5 99.919             Loss 0.19692
Epoch [188] Training Class Recall: [0.909,0.902,0.932,0.927,0.980,0.972,0.996,0.993,1.000,1.000]
Epoch [188] Testing Results: Prec@1 80.120 Prec@5 98.580             Loss 0.65809
Epoch [188] Testing Class Recall: [0.894,0.947,0.777,0.771,0.804,0.721,0.810,0.768,0.717,0.803]
Epoch [189] Training Results: Prec@1 92.262 Prec@5 99.908             Loss 0.20565
Epoch [189] Training Class Recall: [0.907,0.905,0.918,0.925,0.972,0.941,0.991,1.000,1.000,1.000]
Epoch [189] Testing Results: Prec@1 80.100 Prec@5 98.560             Loss 0.65296
Epoch [189] Testing Class Recall: [0.884,0.939,0.794,0.742,0.817,0.741,0.812,0.748,0.721,0.812]
Epoch [190] Training Results: Prec@1 92.826 Prec@5 99.908             Loss 0.18991
Epoch [190] Training Class Recall: [0.917,0.902,0.924,0.922,0.969,0.969,0.991,1.000,1.000,1.000]
Epoch [190] Testing Results: Prec@1 80.370 Prec@5 98.500             Loss 0.64369
Epoch [190] Testing Class Recall: [0.872,0.941,0.802,0.738,0.801,0.731,0.837,0.775,0.731,0.809]
Epoch [191] Training Results: Prec@1 92.964 Prec@5 99.942             Loss 0.19572
Epoch [191] Training Class Recall: [0.908,0.914,0.931,0.938,0.981,0.961,0.983,1.000,1.000,1.000]
Epoch [191] Testing Results: Prec@1 80.270 Prec@5 98.570             Loss 0.66940
Epoch [191] Testing Class Recall: [0.900,0.946,0.788,0.753,0.808,0.733,0.817,0.763,0.735,0.784]
Epoch [192] Training Results: Prec@1 92.388 Prec@5 99.919             Loss 0.21009
Epoch [192] Training Class Recall: [0.907,0.887,0.927,0.936,0.969,0.941,0.996,0.993,1.000,1.000]
Epoch [192] Testing Results: Prec@1 80.430 Prec@5 98.450             Loss 0.61135
Epoch [192] Testing Class Recall: [0.845,0.938,0.811,0.735,0.796,0.741,0.805,0.798,0.745,0.829]
Epoch [193] Training Results: Prec@1 92.711 Prec@5 99.931             Loss 0.20694
Epoch [193] Training Class Recall: [0.912,0.908,0.923,0.924,0.971,0.969,0.987,1.000,1.000,1.000]
Epoch [193] Testing Results: Prec@1 80.560 Prec@5 98.490             Loss 0.60797
Epoch [193] Testing Class Recall: [0.879,0.935,0.792,0.743,0.815,0.730,0.801,0.771,0.755,0.835]
Epoch [194] Training Results: Prec@1 92.457 Prec@5 99.919             Loss 0.19869
Epoch [194] Training Class Recall: [0.909,0.920,0.919,0.918,0.964,0.953,0.983,1.000,1.000,1.000]
Epoch [194] Testing Results: Prec@1 80.090 Prec@5 98.480             Loss 0.64821
Epoch [194] Testing Class Recall: [0.882,0.936,0.799,0.728,0.806,0.745,0.816,0.759,0.727,0.811]
Epoch [195] Training Results: Prec@1 92.642 Prec@5 99.896             Loss 0.21364
Epoch [195] Training Class Recall: [0.908,0.905,0.927,0.926,0.971,0.972,0.996,1.000,1.000,1.000]
Epoch [195] Testing Results: Prec@1 80.350 Prec@5 98.570             Loss 0.63446
Epoch [195] Testing Class Recall: [0.867,0.947,0.791,0.751,0.812,0.719,0.818,0.792,0.725,0.813]
Epoch [196] Training Results: Prec@1 92.699 Prec@5 99.850             Loss 0.19861
Epoch [196] Training Class Recall: [0.907,0.904,0.924,0.935,0.972,0.982,0.987,1.000,1.000,1.000]
Epoch [196] Testing Results: Prec@1 80.030 Prec@5 98.460             Loss 0.67676
Epoch [196] Testing Class Recall: [0.881,0.951,0.787,0.754,0.801,0.715,0.830,0.788,0.716,0.780]
Epoch [197] Training Results: Prec@1 92.665 Prec@5 99.908             Loss 0.21597
Epoch [197] Training Class Recall: [0.912,0.908,0.921,0.923,0.977,0.961,1.000,0.993,1.000,1.000]
Epoch [197] Testing Results: Prec@1 80.160 Prec@5 98.480             Loss 0.64647
Epoch [197] Testing Class Recall: [0.879,0.946,0.797,0.756,0.802,0.741,0.787,0.742,0.755,0.811]
Epoch [198] Training Results: Prec@1 92.170 Prec@5 99.873             Loss 0.20827
Epoch [198] Training Class Recall: [0.903,0.896,0.927,0.921,0.963,0.959,0.996,1.000,1.000,1.000]
Epoch [198] Testing Results: Prec@1 80.450 Prec@5 98.550             Loss 0.61428
Epoch [198] Testing Class Recall: [0.885,0.939,0.792,0.730,0.799,0.724,0.830,0.791,0.722,0.833]
Epoch [199] Training Results: Prec@1 92.768 Prec@5 99.942             Loss 0.19557
Epoch [199] Training Class Recall: [0.910,0.902,0.924,0.939,0.972,0.966,0.987,1.000,1.000,1.000]
Epoch [199] Testing Results: Prec@1 80.090 Prec@5 98.480             Loss 0.64696
Epoch [199] Testing Class Recall: [0.882,0.935,0.781,0.774,0.813,0.716,0.789,0.793,0.712,0.814]
