Log file: cifar10_random0.7_drw_exp0.01_seed42_20260409_080055.log
Run started: 2026-04-09 08:00:55.416238
Dataset: cifar10
Imbalance type: exp, factor: 0.01
Selection method: random, ratio: 0.7
Strategy: DRW, epochs: 200
Seed: 42, rand_number: 0
Augmentation: weak
mixup_alpha: 1.0
============================================================

=> Preparing logger and tensorboard writer !
----------------------------------------------------
Class ID   | Original   | Selected   | Keep %  
----------------------------------------------------
0          | 5000       | 3515       |    70.3%
1          | 2997       | 2095       |    69.9%
2          | 1796       | 1254       |    69.8%
3          | 1077       | 761        |    70.7%
4          | 645        | 448        |    69.5%
5          | 387        | 257        |    66.4%
6          | 232        | 158        |    68.1%
7          | 139        | 102        |    73.4%
8          | 83         | 61         |    73.5%
9          | 50         | 33         |    66.0%
----------------------------------------------------
TOTAL      | 12406      | 8684       |    70.0%
----------------------------------------------------
Epoch [0] Training Results: Prec@1 47.939 Prec@5 91.479             Loss 1.53046
Epoch [0] Training Class Recall: [0.713,0.544,0.341,0.058,0.103,0.000,0.000,0.000,0.000,0.000]
Epoch [0] Testing Results: Prec@1 17.800 Prec@5 66.590             Loss 2.99017
Epoch [0] Testing Class Recall: [0.892,0.087,0.581,0.220,0.000,0.000,0.000,0.000,0.000,0.000]
Epoch [1] Training Results: Prec@1 56.760 Prec@5 94.714             Loss 1.24178
Epoch [1] Training Class Recall: [0.755,0.708,0.486,0.223,0.020,0.012,0.000,0.000,0.000,0.000]
Epoch [1] Testing Results: Prec@1 21.440 Prec@5 72.440             Loss 3.06177
Epoch [1] Testing Class Recall: [0.694,0.373,0.768,0.309,0.000,0.000,0.000,0.000,0.000,0.000]
Epoch [2] Training Results: Prec@1 61.642 Prec@5 95.797             Loss 1.10860
Epoch [2] Training Class Recall: [0.802,0.767,0.494,0.401,0.007,0.000,0.000,0.000,0.000,0.000]
Epoch [2] Testing Results: Prec@1 25.240 Prec@5 75.950             Loss 2.69592
Epoch [2] Testing Class Recall: [0.879,0.817,0.648,0.177,0.000,0.003,0.000,0.000,0.000,0.000]
Epoch [3] Training Results: Prec@1 63.369 Prec@5 95.647             Loss 1.07509
Epoch [3] Training Class Recall: [0.816,0.812,0.494,0.405,0.016,0.000,0.000,0.000,0.000,0.000]
Epoch [3] Testing Results: Prec@1 25.850 Prec@5 75.390             Loss 2.98356
Epoch [3] Testing Class Recall: [0.921,0.698,0.522,0.444,0.000,0.000,0.000,0.000,0.000,0.000]
Epoch [4] Training Results: Prec@1 67.273 Prec@5 96.142             Loss 0.98424
Epoch [4] Training Class Recall: [0.858,0.849,0.536,0.464,0.045,0.008,0.000,0.000,0.016,0.000]
Epoch [4] Testing Results: Prec@1 28.650 Prec@5 79.690             Loss 2.59270
Epoch [4] Testing Class Recall: [0.767,0.973,0.261,0.287,0.577,0.000,0.000,0.000,0.000,0.000]
Epoch [5] Training Results: Prec@1 68.114 Prec@5 96.465             Loss 0.93420
Epoch [5] Training Class Recall: [0.865,0.859,0.540,0.491,0.051,0.012,0.000,0.000,0.000,0.000]
Epoch [5] Testing Results: Prec@1 24.860 Prec@5 81.160             Loss 3.07716
Epoch [5] Testing Class Recall: [0.589,0.991,0.686,0.103,0.000,0.115,0.002,0.000,0.000,0.000]
Epoch [6] Training Results: Prec@1 70.025 Prec@5 96.741             Loss 0.89483
Epoch [6] Training Class Recall: [0.878,0.878,0.577,0.523,0.069,0.012,0.000,0.000,0.000,0.000]
Epoch [6] Testing Results: Prec@1 31.240 Prec@5 78.400             Loss 2.38465
Epoch [6] Testing Class Recall: [0.875,0.841,0.653,0.526,0.207,0.002,0.020,0.000,0.000,0.000]
Epoch [7] Training Results: Prec@1 71.649 Prec@5 96.994             Loss 0.83375
Epoch [7] Training Class Recall: [0.889,0.902,0.589,0.528,0.141,0.008,0.000,0.000,0.000,0.000]
Epoch [7] Testing Results: Prec@1 31.310 Prec@5 75.980             Loss 2.51441
Epoch [7] Testing Class Recall: [0.759,0.678,0.557,0.609,0.528,0.000,0.000,0.000,0.000,0.000]
Epoch [8] Training Results: Prec@1 72.720 Prec@5 97.421             Loss 0.79843
Epoch [8] Training Class Recall: [0.896,0.904,0.587,0.576,0.214,0.004,0.006,0.000,0.000,0.000]
Epoch [8] Testing Results: Prec@1 32.860 Prec@5 83.740             Loss 2.13727
Epoch [8] Testing Class Recall: [0.900,0.713,0.485,0.296,0.683,0.181,0.028,0.000,0.000,0.000]
Epoch [9] Training Results: Prec@1 73.687 Prec@5 97.490             Loss 0.77052
Epoch [9] Training Class Recall: [0.897,0.914,0.598,0.580,0.283,0.035,0.025,0.000,0.000,0.000]
Epoch [9] Testing Results: Prec@1 35.790 Prec@5 85.360             Loss 2.16137
Epoch [9] Testing Class Recall: [0.839,0.957,0.708,0.419,0.362,0.001,0.293,0.000,0.000,0.000]
Epoch [10] Training Results: Prec@1 75.311 Prec@5 97.973             Loss 0.72723
Epoch [10] Training Class Recall: [0.913,0.933,0.618,0.561,0.306,0.054,0.146,0.000,0.000,0.000]
Epoch [10] Testing Results: Prec@1 36.170 Prec@5 88.640             Loss 2.27599
Epoch [10] Testing Class Recall: [0.928,0.893,0.640,0.392,0.519,0.171,0.069,0.005,0.000,0.000]
Epoch [11] Training Results: Prec@1 76.105 Prec@5 97.985             Loss 0.70059
Epoch [11] Training Class Recall: [0.914,0.934,0.604,0.608,0.429,0.031,0.120,0.020,0.000,0.000]
Epoch [11] Testing Results: Prec@1 37.400 Prec@5 87.170             Loss 2.32812
Epoch [11] Testing Class Recall: [0.924,0.883,0.497,0.705,0.199,0.299,0.233,0.000,0.000,0.000]
Epoch [12] Training Results: Prec@1 77.015 Prec@5 98.422             Loss 0.67497
Epoch [12] Training Class Recall: [0.913,0.934,0.654,0.597,0.435,0.082,0.171,0.010,0.082,0.000]
Epoch [12] Testing Results: Prec@1 33.360 Prec@5 82.550             Loss 2.59512
Epoch [12] Testing Class Recall: [0.800,0.811,0.885,0.270,0.084,0.000,0.417,0.001,0.068,0.000]
Epoch [13] Training Results: Prec@1 77.556 Prec@5 98.503             Loss 0.64714
Epoch [13] Training Class Recall: [0.920,0.940,0.648,0.614,0.429,0.093,0.184,0.029,0.066,0.000]
Epoch [13] Testing Results: Prec@1 34.020 Prec@5 88.080             Loss 2.60496
Epoch [13] Testing Class Recall: [0.881,0.961,0.824,0.176,0.182,0.097,0.278,0.002,0.001,0.000]
Epoch [14] Training Results: Prec@1 78.835 Prec@5 98.630             Loss 0.61129
Epoch [14] Training Class Recall: [0.924,0.949,0.655,0.624,0.498,0.140,0.247,0.088,0.082,0.000]
Epoch [14] Testing Results: Prec@1 36.630 Prec@5 87.690             Loss 2.56635
Epoch [14] Testing Class Recall: [0.944,0.982,0.495,0.256,0.461,0.013,0.333,0.007,0.172,0.000]
Epoch [15] Training Results: Prec@1 79.549 Prec@5 98.699             Loss 0.59156
Epoch [15] Training Class Recall: [0.935,0.950,0.680,0.610,0.489,0.125,0.241,0.127,0.213,0.000]
Epoch [15] Testing Results: Prec@1 40.650 Prec@5 91.670             Loss 2.04993
Epoch [15] Testing Class Recall: [0.943,0.846,0.670,0.396,0.704,0.029,0.204,0.217,0.053,0.003]
Epoch [16] Training Results: Prec@1 80.873 Prec@5 98.756             Loss 0.56571
Epoch [16] Training Class Recall: [0.932,0.951,0.715,0.661,0.554,0.167,0.253,0.078,0.246,0.061]
Epoch [16] Testing Results: Prec@1 33.280 Prec@5 89.270             Loss 2.45101
Epoch [16] Testing Class Recall: [0.955,0.924,0.749,0.395,0.098,0.036,0.061,0.001,0.109,0.000]
Epoch [17] Training Results: Prec@1 81.368 Prec@5 98.802             Loss 0.53962
Epoch [17] Training Class Recall: [0.934,0.946,0.719,0.645,0.578,0.261,0.348,0.127,0.230,0.000]
Epoch [17] Testing Results: Prec@1 43.510 Prec@5 92.700             Loss 2.03215
Epoch [17] Testing Class Recall: [0.972,0.949,0.521,0.622,0.490,0.124,0.454,0.056,0.162,0.001]
Epoch [18] Training Results: Prec@1 81.760 Prec@5 99.056             Loss 0.53259
Epoch [18] Training Class Recall: [0.940,0.958,0.715,0.641,0.569,0.202,0.367,0.167,0.344,0.030]
Epoch [18] Testing Results: Prec@1 44.300 Prec@5 92.920             Loss 1.96922
Epoch [18] Testing Class Recall: [0.934,0.893,0.637,0.758,0.335,0.250,0.274,0.194,0.155,0.000]
Epoch [19] Training Results: Prec@1 82.761 Prec@5 99.182             Loss 0.50456
Epoch [19] Training Class Recall: [0.940,0.956,0.742,0.668,0.616,0.233,0.392,0.225,0.279,0.061]
Epoch [19] Testing Results: Prec@1 47.440 Prec@5 91.290             Loss 1.85403
Epoch [19] Testing Class Recall: [0.906,0.950,0.634,0.690,0.331,0.408,0.128,0.388,0.303,0.006]
Epoch [20] Training Results: Prec@1 82.796 Prec@5 99.033             Loss 0.50075
Epoch [20] Training Class Recall: [0.935,0.960,0.743,0.674,0.627,0.257,0.392,0.176,0.328,0.000]
Epoch [20] Testing Results: Prec@1 47.760 Prec@5 93.200             Loss 2.06390
Epoch [20] Testing Class Recall: [0.935,0.946,0.524,0.794,0.553,0.305,0.414,0.252,0.012,0.041]
Epoch [21] Training Results: Prec@1 84.017 Prec@5 99.171             Loss 0.47034
Epoch [21] Training Class Recall: [0.947,0.969,0.762,0.682,0.636,0.257,0.367,0.245,0.410,0.091]
Epoch [21] Testing Results: Prec@1 48.330 Prec@5 90.580             Loss 2.04295
Epoch [21] Testing Class Recall: [0.752,0.922,0.743,0.532,0.779,0.470,0.496,0.091,0.044,0.004]
Epoch [22] Training Results: Prec@1 83.844 Prec@5 99.378             Loss 0.46337
Epoch [22] Training Class Recall: [0.946,0.960,0.753,0.696,0.627,0.288,0.418,0.255,0.377,0.061]
Epoch [22] Testing Results: Prec@1 48.590 Prec@5 93.900             Loss 1.82364
Epoch [22] Testing Class Recall: [0.854,0.980,0.746,0.350,0.686,0.488,0.253,0.179,0.320,0.003]
Epoch [23] Training Results: Prec@1 85.329 Prec@5 99.298             Loss 0.43302
Epoch [23] Training Class Recall: [0.952,0.960,0.784,0.733,0.652,0.315,0.487,0.265,0.525,0.061]
Epoch [23] Testing Results: Prec@1 47.860 Prec@5 91.780             Loss 2.03331
Epoch [23] Testing Class Recall: [0.937,0.940,0.543,0.664,0.802,0.231,0.401,0.232,0.019,0.017]
Epoch [24] Training Results: Prec@1 84.754 Prec@5 99.321             Loss 0.44549
Epoch [24] Training Class Recall: [0.944,0.968,0.771,0.715,0.652,0.346,0.405,0.294,0.459,0.061]
Epoch [24] Testing Results: Prec@1 47.250 Prec@5 93.170             Loss 2.10981
Epoch [24] Testing Class Recall: [0.949,0.970,0.762,0.463,0.492,0.259,0.574,0.213,0.017,0.026]
Epoch [25] Training Results: Prec@1 86.308 Prec@5 99.413             Loss 0.41157
Epoch [25] Training Class Recall: [0.953,0.963,0.803,0.715,0.712,0.385,0.544,0.392,0.393,0.212]
Epoch [25] Testing Results: Prec@1 51.500 Prec@5 95.120             Loss 1.82266
Epoch [25] Testing Class Recall: [0.893,0.983,0.462,0.838,0.554,0.198,0.524,0.326,0.217,0.155]
Epoch [26] Training Results: Prec@1 86.043 Prec@5 99.355             Loss 0.40051
Epoch [26] Training Class Recall: [0.952,0.968,0.785,0.729,0.701,0.342,0.538,0.314,0.525,0.212]
Epoch [26] Testing Results: Prec@1 54.070 Prec@5 94.120             Loss 1.88042
Epoch [26] Testing Class Recall: [0.937,0.905,0.635,0.533,0.767,0.524,0.399,0.491,0.196,0.020]
Epoch [27] Training Results: Prec@1 86.320 Prec@5 99.470             Loss 0.39041
Epoch [27] Training Class Recall: [0.954,0.960,0.804,0.717,0.730,0.362,0.506,0.412,0.525,0.152]
Epoch [27] Testing Results: Prec@1 50.420 Prec@5 93.900             Loss 1.92340
Epoch [27] Testing Class Recall: [0.906,0.966,0.234,0.861,0.618,0.265,0.554,0.271,0.123,0.244]
Epoch [28] Training Results: Prec@1 86.458 Prec@5 99.505             Loss 0.38841
Epoch [28] Training Class Recall: [0.956,0.964,0.772,0.740,0.732,0.416,0.557,0.412,0.492,0.091]
Epoch [28] Testing Results: Prec@1 53.980 Prec@5 94.290             Loss 1.61180
Epoch [28] Testing Class Recall: [0.923,0.916,0.665,0.675,0.789,0.149,0.449,0.301,0.426,0.105]
Epoch [29] Training Results: Prec@1 87.126 Prec@5 99.574             Loss 0.37578
Epoch [29] Training Class Recall: [0.950,0.968,0.808,0.754,0.750,0.424,0.557,0.422,0.443,0.242]
Epoch [29] Testing Results: Prec@1 56.800 Prec@5 94.800             Loss 1.59654
Epoch [29] Testing Class Recall: [0.879,0.974,0.729,0.683,0.521,0.545,0.563,0.412,0.229,0.145]
Epoch [30] Training Results: Prec@1 86.654 Prec@5 99.539             Loss 0.37685
Epoch [30] Training Class Recall: [0.950,0.962,0.804,0.723,0.748,0.428,0.532,0.373,0.574,0.333]
Epoch [30] Testing Results: Prec@1 53.830 Prec@5 94.580             Loss 1.71835
Epoch [30] Testing Class Recall: [0.893,0.996,0.586,0.746,0.301,0.316,0.610,0.208,0.534,0.193]
Epoch [31] Training Results: Prec@1 88.151 Prec@5 99.632             Loss 0.34910
Epoch [31] Training Class Recall: [0.955,0.975,0.829,0.758,0.786,0.424,0.595,0.441,0.508,0.303]
Epoch [31] Testing Results: Prec@1 43.320 Prec@5 92.790             Loss 2.54272
Epoch [31] Testing Class Recall: [0.991,0.826,0.526,0.710,0.169,0.384,0.234,0.256,0.225,0.011]
Epoch [32] Training Results: Prec@1 87.632 Prec@5 99.643             Loss 0.35284
Epoch [32] Training Class Recall: [0.958,0.969,0.812,0.758,0.766,0.389,0.513,0.490,0.525,0.394]
Epoch [32] Testing Results: Prec@1 52.730 Prec@5 95.450             Loss 1.87105
Epoch [32] Testing Class Recall: [0.882,0.993,0.735,0.296,0.577,0.677,0.285,0.480,0.264,0.084]
Epoch [33] Training Results: Prec@1 88.047 Prec@5 99.735             Loss 0.33742
Epoch [33] Training Class Recall: [0.957,0.972,0.822,0.744,0.779,0.444,0.608,0.461,0.459,0.424]
Epoch [33] Testing Results: Prec@1 54.170 Prec@5 95.600             Loss 1.90207
Epoch [33] Testing Class Recall: [0.950,0.950,0.802,0.556,0.585,0.455,0.419,0.500,0.168,0.032]
Epoch [34] Training Results: Prec@1 88.657 Prec@5 99.608             Loss 0.33475
Epoch [34] Training Class Recall: [0.958,0.971,0.828,0.781,0.795,0.455,0.620,0.510,0.574,0.182]
Epoch [34] Testing Results: Prec@1 56.650 Prec@5 95.220             Loss 1.62180
Epoch [34] Testing Class Recall: [0.921,0.968,0.681,0.504,0.741,0.430,0.736,0.246,0.268,0.170]
Epoch [35] Training Results: Prec@1 88.508 Prec@5 99.678             Loss 0.32908
Epoch [35] Training Class Recall: [0.962,0.973,0.833,0.757,0.759,0.486,0.595,0.441,0.508,0.333]
Epoch [35] Testing Results: Prec@1 49.820 Prec@5 93.290             Loss 2.33574
Epoch [35] Testing Class Recall: [0.867,0.969,0.364,0.905,0.702,0.366,0.497,0.087,0.218,0.007]
Epoch [36] Training Results: Prec@1 89.463 Prec@5 99.689             Loss 0.30616
Epoch [36] Training Class Recall: [0.966,0.971,0.841,0.787,0.792,0.521,0.570,0.490,0.656,0.455]
Epoch [36] Testing Results: Prec@1 48.820 Prec@5 90.050             Loss 2.59114
Epoch [36] Testing Class Recall: [0.702,0.899,0.714,0.735,0.238,0.676,0.541,0.078,0.297,0.002]
Epoch [37] Training Results: Prec@1 89.740 Prec@5 99.735             Loss 0.29931
Epoch [37] Training Class Recall: [0.965,0.978,0.845,0.784,0.799,0.479,0.684,0.598,0.557,0.333]
Epoch [37] Testing Results: Prec@1 55.090 Prec@5 94.990             Loss 1.86394
Epoch [37] Testing Class Recall: [0.928,0.966,0.855,0.401,0.589,0.443,0.718,0.339,0.223,0.047]
Epoch [38] Training Results: Prec@1 90.246 Prec@5 99.827             Loss 0.27915
Epoch [38] Training Class Recall: [0.969,0.979,0.854,0.781,0.812,0.518,0.703,0.510,0.672,0.424]
Epoch [38] Testing Results: Prec@1 57.160 Prec@5 96.720             Loss 1.62362
Epoch [38] Testing Class Recall: [0.935,0.973,0.763,0.752,0.445,0.254,0.607,0.476,0.248,0.263]
Epoch [39] Training Results: Prec@1 89.797 Prec@5 99.701             Loss 0.29771
Epoch [39] Training Class Recall: [0.962,0.977,0.856,0.791,0.790,0.498,0.627,0.559,0.656,0.545]
Epoch [39] Testing Results: Prec@1 57.380 Prec@5 96.420             Loss 1.64694
Epoch [39] Testing Class Recall: [0.930,0.977,0.765,0.639,0.549,0.566,0.388,0.380,0.327,0.217]
Epoch [40] Training Results: Prec@1 89.797 Prec@5 99.781             Loss 0.29114
Epoch [40] Training Class Recall: [0.963,0.977,0.849,0.781,0.812,0.490,0.677,0.569,0.557,0.545]
Epoch [40] Testing Results: Prec@1 51.390 Prec@5 94.920             Loss 2.09241
Epoch [40] Testing Class Recall: [0.964,0.981,0.634,0.430,0.678,0.339,0.382,0.278,0.359,0.094]
Epoch [41] Training Results: Prec@1 90.546 Prec@5 99.793             Loss 0.27475
Epoch [41] Training Class Recall: [0.966,0.973,0.870,0.796,0.830,0.560,0.703,0.559,0.525,0.424]
Epoch [41] Testing Results: Prec@1 57.590 Prec@5 96.140             Loss 1.71158
Epoch [41] Testing Class Recall: [0.924,0.940,0.715,0.684,0.794,0.322,0.445,0.488,0.146,0.301]
Epoch [42] Training Results: Prec@1 90.477 Prec@5 99.770             Loss 0.27059
Epoch [42] Training Class Recall: [0.964,0.977,0.848,0.806,0.833,0.556,0.709,0.618,0.623,0.485]
Epoch [42] Testing Results: Prec@1 58.880 Prec@5 95.570             Loss 1.58761
Epoch [42] Testing Class Recall: [0.950,0.908,0.796,0.627,0.660,0.444,0.333,0.405,0.484,0.281]
Epoch [43] Training Results: Prec@1 91.041 Prec@5 99.804             Loss 0.25607
Epoch [43] Training Class Recall: [0.971,0.980,0.864,0.795,0.826,0.595,0.671,0.559,0.754,0.606]
Epoch [43] Testing Results: Prec@1 56.010 Prec@5 94.700             Loss 1.91552
Epoch [43] Testing Class Recall: [0.948,0.967,0.777,0.516,0.540,0.487,0.610,0.392,0.196,0.168]
Epoch [44] Training Results: Prec@1 91.076 Prec@5 99.804             Loss 0.25756
Epoch [44] Training Class Recall: [0.967,0.979,0.876,0.812,0.815,0.572,0.715,0.578,0.672,0.606]
Epoch [44] Testing Results: Prec@1 56.750 Prec@5 94.440             Loss 1.86653
Epoch [44] Testing Class Recall: [0.951,0.958,0.735,0.592,0.411,0.456,0.389,0.740,0.149,0.294]
Epoch [45] Training Results: Prec@1 90.960 Prec@5 99.862             Loss 0.25201
Epoch [45] Training Class Recall: [0.967,0.980,0.870,0.802,0.830,0.568,0.684,0.647,0.574,0.515]
Epoch [45] Testing Results: Prec@1 54.060 Prec@5 94.420             Loss 2.05596
Epoch [45] Testing Class Recall: [0.945,0.914,0.794,0.430,0.513,0.508,0.511,0.478,0.263,0.050]
Epoch [46] Training Results: Prec@1 90.799 Prec@5 99.885             Loss 0.25920
Epoch [46] Training Class Recall: [0.963,0.979,0.858,0.829,0.812,0.553,0.709,0.637,0.639,0.606]
Epoch [46] Testing Results: Prec@1 54.590 Prec@5 93.350             Loss 2.10702
Epoch [46] Testing Class Recall: [0.950,0.913,0.742,0.316,0.613,0.743,0.189,0.579,0.212,0.202]
Epoch [47] Training Results: Prec@1 90.949 Prec@5 99.850             Loss 0.25769
Epoch [47] Training Class Recall: [0.971,0.974,0.872,0.787,0.848,0.553,0.690,0.608,0.672,0.606]
Epoch [47] Testing Results: Prec@1 58.510 Prec@5 95.360             Loss 1.68593
Epoch [47] Testing Class Recall: [0.956,0.941,0.734,0.580,0.814,0.494,0.278,0.534,0.230,0.290]
Epoch [48] Training Results: Prec@1 91.709 Prec@5 99.839             Loss 0.23709
Epoch [48] Training Class Recall: [0.971,0.980,0.872,0.812,0.850,0.619,0.703,0.696,0.705,0.636]
Epoch [48] Testing Results: Prec@1 50.180 Prec@5 88.970             Loss 2.64488
Epoch [48] Testing Class Recall: [0.807,0.839,0.639,0.408,0.384,0.559,0.929,0.266,0.143,0.044]
Epoch [49] Training Results: Prec@1 91.029 Prec@5 99.896             Loss 0.24607
Epoch [49] Training Class Recall: [0.967,0.968,0.868,0.824,0.842,0.599,0.703,0.647,0.623,0.576]
Epoch [49] Testing Results: Prec@1 60.340 Prec@5 95.110             Loss 1.70993
Epoch [49] Testing Class Recall: [0.956,0.909,0.689,0.704,0.808,0.279,0.415,0.676,0.290,0.308]
Epoch [50] Training Results: Prec@1 91.398 Prec@5 99.931             Loss 0.24196
Epoch [50] Training Class Recall: [0.968,0.980,0.872,0.800,0.855,0.611,0.677,0.627,0.738,0.667]
Epoch [50] Testing Results: Prec@1 60.410 Prec@5 96.100             Loss 1.61894
Epoch [50] Testing Class Recall: [0.935,0.972,0.522,0.793,0.576,0.435,0.711,0.391,0.226,0.480]
Epoch [51] Training Results: Prec@1 91.122 Prec@5 99.862             Loss 0.24548
Epoch [51] Training Class Recall: [0.968,0.979,0.863,0.788,0.833,0.607,0.722,0.706,0.689,0.576]
Epoch [51] Testing Results: Prec@1 62.560 Prec@5 96.610             Loss 1.49293
Epoch [51] Testing Class Recall: [0.929,0.962,0.736,0.606,0.783,0.500,0.617,0.425,0.315,0.383]
Epoch [52] Training Results: Prec@1 92.273 Prec@5 99.931             Loss 0.21797
Epoch [52] Training Class Recall: [0.974,0.984,0.880,0.842,0.857,0.615,0.703,0.657,0.689,0.636]
Epoch [52] Testing Results: Prec@1 60.780 Prec@5 95.270             Loss 1.73108
Epoch [52] Testing Class Recall: [0.908,0.977,0.652,0.509,0.524,0.633,0.430,0.754,0.333,0.358]
Epoch [53] Training Results: Prec@1 92.193 Prec@5 99.827             Loss 0.22549
Epoch [53] Training Class Recall: [0.977,0.980,0.874,0.832,0.848,0.623,0.715,0.686,0.754,0.606]
Epoch [53] Testing Results: Prec@1 61.020 Prec@5 95.170             Loss 1.72196
Epoch [53] Testing Class Recall: [0.863,0.987,0.708,0.785,0.695,0.447,0.715,0.351,0.270,0.281]
Epoch [54] Training Results: Prec@1 92.250 Prec@5 99.896             Loss 0.22177
Epoch [54] Training Class Recall: [0.969,0.982,0.880,0.844,0.846,0.623,0.772,0.676,0.787,0.697]
Epoch [54] Testing Results: Prec@1 62.550 Prec@5 96.220             Loss 1.42618
Epoch [54] Testing Class Recall: [0.873,0.971,0.765,0.624,0.778,0.405,0.451,0.577,0.378,0.433]
Epoch [55] Training Results: Prec@1 91.905 Prec@5 99.931             Loss 0.22394
Epoch [55] Training Class Recall: [0.972,0.987,0.870,0.821,0.848,0.626,0.696,0.706,0.689,0.515]
Epoch [55] Testing Results: Prec@1 57.100 Prec@5 94.940             Loss 1.82765
Epoch [55] Testing Class Recall: [0.970,0.990,0.682,0.591,0.679,0.474,0.450,0.340,0.300,0.234]
Epoch [56] Training Results: Prec@1 93.390 Prec@5 99.942             Loss 0.19185
Epoch [56] Training Class Recall: [0.977,0.981,0.895,0.849,0.902,0.681,0.804,0.775,0.738,0.667]
Epoch [56] Testing Results: Prec@1 48.460 Prec@5 93.940             Loss 2.78106
Epoch [56] Testing Class Recall: [0.981,0.899,0.645,0.298,0.284,0.379,0.387,0.666,0.221,0.086]
Epoch [57] Training Results: Prec@1 92.837 Prec@5 99.908             Loss 0.20424
Epoch [57] Training Class Recall: [0.975,0.979,0.882,0.850,0.884,0.673,0.759,0.745,0.738,0.667]
Epoch [57] Testing Results: Prec@1 55.880 Prec@5 95.730             Loss 2.12050
Epoch [57] Testing Class Recall: [0.964,0.854,0.848,0.441,0.534,0.252,0.510,0.514,0.297,0.374]
Epoch [58] Training Results: Prec@1 92.319 Prec@5 99.965             Loss 0.21110
Epoch [58] Training Class Recall: [0.973,0.980,0.886,0.809,0.846,0.685,0.766,0.725,0.770,0.606]
Epoch [58] Testing Results: Prec@1 57.000 Prec@5 93.540             Loss 2.07930
Epoch [58] Testing Class Recall: [0.894,0.955,0.692,0.649,0.866,0.152,0.680,0.176,0.523,0.113]
Epoch [59] Training Results: Prec@1 92.849 Prec@5 99.931             Loss 0.20533
Epoch [59] Training Class Recall: [0.972,0.984,0.887,0.848,0.868,0.712,0.722,0.676,0.770,0.758]
Epoch [59] Testing Results: Prec@1 55.910 Prec@5 94.570             Loss 2.10502
Epoch [59] Testing Class Recall: [0.988,0.977,0.596,0.659,0.330,0.666,0.321,0.424,0.234,0.396]
Epoch [60] Training Results: Prec@1 93.183 Prec@5 99.954             Loss 0.18702
Epoch [60] Training Class Recall: [0.977,0.981,0.893,0.855,0.877,0.658,0.797,0.775,0.705,0.636]
Epoch [60] Testing Results: Prec@1 59.150 Prec@5 94.760             Loss 1.86135
Epoch [60] Testing Class Recall: [0.914,0.954,0.893,0.650,0.539,0.382,0.453,0.231,0.422,0.477]
Epoch [61] Training Results: Prec@1 92.849 Prec@5 99.942             Loss 0.20480
Epoch [61] Training Class Recall: [0.973,0.979,0.893,0.844,0.850,0.689,0.804,0.716,0.770,0.697]
Epoch [61] Testing Results: Prec@1 64.010 Prec@5 96.280             Loss 1.49762
Epoch [61] Testing Class Recall: [0.949,0.958,0.791,0.353,0.544,0.543,0.613,0.703,0.389,0.558]
Epoch [62] Training Results: Prec@1 93.425 Prec@5 99.896             Loss 0.18981
Epoch [62] Training Class Recall: [0.976,0.986,0.900,0.850,0.891,0.669,0.759,0.755,0.787,0.788]
Epoch [62] Testing Results: Prec@1 54.480 Prec@5 94.550             Loss 2.19978
Epoch [62] Testing Class Recall: [0.898,0.933,0.917,0.584,0.470,0.455,0.400,0.330,0.355,0.106]
Epoch [63] Training Results: Prec@1 92.964 Prec@5 99.954             Loss 0.19085
Epoch [63] Training Class Recall: [0.971,0.978,0.892,0.848,0.882,0.716,0.747,0.745,0.836,0.697]
Epoch [63] Testing Results: Prec@1 60.400 Prec@5 95.730             Loss 1.64820
Epoch [63] Testing Class Recall: [0.959,0.952,0.673,0.573,0.830,0.408,0.385,0.515,0.179,0.566]
Epoch [64] Training Results: Prec@1 93.655 Prec@5 99.988             Loss 0.17752
Epoch [64] Training Class Recall: [0.979,0.989,0.882,0.857,0.906,0.708,0.785,0.804,0.820,0.606]
Epoch [64] Testing Results: Prec@1 52.360 Prec@5 93.950             Loss 2.41299
Epoch [64] Testing Class Recall: [0.969,0.958,0.861,0.364,0.563,0.467,0.332,0.322,0.152,0.248]
Epoch [65] Training Results: Prec@1 92.999 Prec@5 99.977             Loss 0.19892
Epoch [65] Training Class Recall: [0.976,0.978,0.896,0.837,0.884,0.681,0.785,0.725,0.770,0.697]
Epoch [65] Testing Results: Prec@1 60.100 Prec@5 95.710             Loss 1.87306
Epoch [65] Testing Class Recall: [0.953,0.973,0.649,0.551,0.594,0.664,0.529,0.595,0.169,0.333]
Epoch [66] Training Results: Prec@1 94.231 Prec@5 99.977             Loss 0.16626
Epoch [66] Training Class Recall: [0.979,0.987,0.905,0.852,0.911,0.728,0.848,0.814,0.852,0.818]
Epoch [66] Testing Results: Prec@1 54.340 Prec@5 95.650             Loss 2.32275
Epoch [66] Testing Class Recall: [0.947,0.957,0.585,0.876,0.672,0.295,0.432,0.279,0.204,0.187]
Epoch [67] Training Results: Prec@1 94.196 Prec@5 99.965             Loss 0.16242
Epoch [67] Training Class Recall: [0.977,0.986,0.908,0.883,0.902,0.716,0.835,0.716,0.803,0.818]
Epoch [67] Testing Results: Prec@1 58.660 Prec@5 94.040             Loss 2.12437
Epoch [67] Testing Class Recall: [0.901,0.971,0.841,0.644,0.621,0.435,0.627,0.389,0.367,0.070]
Epoch [68] Training Results: Prec@1 93.966 Prec@5 99.931             Loss 0.16746
Epoch [68] Training Class Recall: [0.974,0.985,0.904,0.884,0.895,0.743,0.823,0.716,0.803,0.727]
Epoch [68] Testing Results: Prec@1 60.970 Prec@5 95.980             Loss 1.91280
Epoch [68] Testing Class Recall: [0.876,0.930,0.692,0.753,0.858,0.374,0.519,0.427,0.305,0.363]
Epoch [69] Training Results: Prec@1 94.208 Prec@5 99.965             Loss 0.16812
Epoch [69] Training Class Recall: [0.980,0.987,0.906,0.875,0.884,0.708,0.816,0.784,0.820,0.879]
Epoch [69] Testing Results: Prec@1 55.250 Prec@5 92.760             Loss 2.33255
Epoch [69] Testing Class Recall: [0.866,0.958,0.774,0.781,0.611,0.521,0.574,0.237,0.123,0.080]
Epoch [70] Training Results: Prec@1 94.127 Prec@5 99.942             Loss 0.16588
Epoch [70] Training Class Recall: [0.980,0.983,0.900,0.874,0.908,0.712,0.829,0.833,0.803,0.667]
Epoch [70] Testing Results: Prec@1 59.430 Prec@5 91.690             Loss 1.98795
Epoch [70] Testing Class Recall: [0.803,0.831,0.772,0.627,0.692,0.668,0.579,0.595,0.145,0.231]
Epoch [71] Training Results: Prec@1 93.966 Prec@5 99.954             Loss 0.16922
Epoch [71] Training Class Recall: [0.974,0.984,0.914,0.867,0.888,0.759,0.804,0.735,0.820,0.788]
Epoch [71] Testing Results: Prec@1 55.640 Prec@5 94.260             Loss 2.36968
Epoch [71] Testing Class Recall: [0.961,0.807,0.612,0.620,0.597,0.493,0.700,0.377,0.261,0.136]
Epoch [72] Training Results: Prec@1 94.081 Prec@5 99.965             Loss 0.17285
Epoch [72] Training Class Recall: [0.974,0.983,0.915,0.863,0.906,0.755,0.835,0.765,0.738,0.848]
Epoch [72] Testing Results: Prec@1 58.840 Prec@5 95.870             Loss 2.17056
Epoch [72] Testing Class Recall: [0.938,0.982,0.671,0.530,0.799,0.458,0.606,0.507,0.233,0.160]
Epoch [73] Training Results: Prec@1 94.311 Prec@5 99.988             Loss 0.16023
Epoch [73] Training Class Recall: [0.978,0.986,0.907,0.861,0.920,0.774,0.848,0.794,0.689,0.788]
Epoch [73] Testing Results: Prec@1 56.930 Prec@5 94.440             Loss 1.98223
Epoch [73] Testing Class Recall: [0.967,0.921,0.780,0.567,0.646,0.255,0.816,0.224,0.253,0.264]
Epoch [74] Training Results: Prec@1 94.346 Prec@5 100.000             Loss 0.15662
Epoch [74] Training Class Recall: [0.982,0.985,0.902,0.876,0.897,0.755,0.829,0.755,0.869,0.758]
Epoch [74] Testing Results: Prec@1 55.420 Prec@5 92.340             Loss 2.35836
Epoch [74] Testing Class Recall: [0.940,0.898,0.782,0.543,0.326,0.370,0.821,0.295,0.476,0.091]
Epoch [75] Training Results: Prec@1 94.093 Prec@5 99.965             Loss 0.16629
Epoch [75] Training Class Recall: [0.972,0.979,0.911,0.863,0.940,0.735,0.873,0.784,0.803,0.879]
Epoch [75] Testing Results: Prec@1 61.100 Prec@5 95.170             Loss 1.82108
Epoch [75] Testing Class Recall: [0.933,0.977,0.523,0.692,0.658,0.613,0.347,0.708,0.309,0.350]
Epoch [76] Training Results: Prec@1 93.643 Prec@5 99.988             Loss 0.17784
Epoch [76] Training Class Recall: [0.975,0.981,0.902,0.862,0.862,0.774,0.791,0.814,0.754,0.727]
Epoch [76] Testing Results: Prec@1 62.660 Prec@5 93.680             Loss 1.68260
Epoch [76] Testing Class Recall: [0.937,0.852,0.603,0.456,0.661,0.422,0.315,0.590,0.622,0.808]
Epoch [77] Training Results: Prec@1 93.897 Prec@5 99.931             Loss 0.17158
Epoch [77] Training Class Recall: [0.973,0.982,0.904,0.871,0.904,0.739,0.810,0.814,0.836,0.697]
Epoch [77] Testing Results: Prec@1 58.790 Prec@5 96.120             Loss 2.19743
Epoch [77] Testing Class Recall: [0.949,0.975,0.758,0.712,0.746,0.202,0.702,0.380,0.280,0.175]
Epoch [78] Training Results: Prec@1 94.542 Prec@5 99.988             Loss 0.14861
Epoch [78] Training Class Recall: [0.978,0.986,0.919,0.870,0.902,0.767,0.816,0.843,0.803,0.788]
Epoch [78] Testing Results: Prec@1 63.110 Prec@5 96.010             Loss 1.82717
Epoch [78] Testing Class Recall: [0.880,0.968,0.637,0.675,0.632,0.723,0.634,0.586,0.338,0.238]
Epoch [79] Training Results: Prec@1 94.864 Prec@5 99.977             Loss 0.14999
Epoch [79] Training Class Recall: [0.981,0.988,0.915,0.882,0.902,0.778,0.861,0.824,0.869,0.758]
Epoch [79] Testing Results: Prec@1 58.250 Prec@5 95.760             Loss 2.19333
Epoch [79] Testing Class Recall: [0.977,0.936,0.626,0.570,0.778,0.372,0.625,0.464,0.248,0.229]
Epoch [80] Training Results: Prec@1 94.427 Prec@5 99.965             Loss 0.15291
Epoch [80] Training Class Recall: [0.978,0.983,0.906,0.882,0.886,0.774,0.892,0.794,0.787,0.879]
Epoch [80] Testing Results: Prec@1 58.150 Prec@5 93.900             Loss 2.12741
Epoch [80] Testing Class Recall: [0.844,0.954,0.703,0.401,0.764,0.315,0.856,0.306,0.468,0.204]
Epoch [81] Training Results: Prec@1 94.334 Prec@5 99.965             Loss 0.15313
Epoch [81] Training Class Recall: [0.979,0.982,0.908,0.869,0.908,0.774,0.835,0.794,0.820,0.758]
Epoch [81] Testing Results: Prec@1 64.080 Prec@5 96.310             Loss 1.55033
Epoch [81] Testing Class Recall: [0.849,0.849,0.889,0.536,0.708,0.491,0.603,0.431,0.429,0.623]
Epoch [82] Training Results: Prec@1 93.724 Prec@5 99.965             Loss 0.17000
Epoch [82] Training Class Recall: [0.974,0.981,0.896,0.874,0.882,0.770,0.816,0.824,0.721,0.697]
Epoch [82] Testing Results: Prec@1 60.210 Prec@5 94.860             Loss 1.91728
Epoch [82] Testing Class Recall: [0.968,0.969,0.677,0.363,0.733,0.545,0.669,0.402,0.483,0.212]
Epoch [83] Training Results: Prec@1 94.496 Prec@5 99.954             Loss 0.15526
Epoch [83] Training Class Recall: [0.980,0.988,0.927,0.861,0.888,0.720,0.835,0.804,0.852,0.727]
Epoch [83] Testing Results: Prec@1 64.050 Prec@5 93.640             Loss 1.71526
Epoch [83] Testing Class Recall: [0.882,0.959,0.731,0.653,0.739,0.633,0.723,0.439,0.513,0.133]
Epoch [84] Training Results: Prec@1 94.933 Prec@5 99.977             Loss 0.13848
Epoch [84] Training Class Recall: [0.978,0.987,0.920,0.890,0.917,0.786,0.848,0.843,0.836,0.758]
Epoch [84] Testing Results: Prec@1 58.420 Prec@5 94.940             Loss 2.06477
Epoch [84] Testing Class Recall: [0.957,0.984,0.516,0.594,0.721,0.483,0.438,0.414,0.352,0.383]
Epoch [85] Training Results: Prec@1 94.484 Prec@5 99.977             Loss 0.15337
Epoch [85] Training Class Recall: [0.976,0.982,0.908,0.880,0.908,0.782,0.854,0.863,0.836,0.727]
Epoch [85] Testing Results: Prec@1 58.250 Prec@5 95.420             Loss 2.10039
Epoch [85] Testing Class Recall: [0.935,0.928,0.870,0.678,0.485,0.276,0.295,0.477,0.222,0.659]
Epoch [86] Training Results: Prec@1 94.899 Prec@5 99.965             Loss 0.14578
Epoch [86] Training Class Recall: [0.978,0.986,0.924,0.888,0.904,0.790,0.829,0.794,0.852,0.909]
Epoch [86] Testing Results: Prec@1 59.270 Prec@5 93.850             Loss 2.11921
Epoch [86] Testing Class Recall: [0.883,0.956,0.826,0.712,0.684,0.434,0.711,0.429,0.237,0.055]
Epoch [87] Training Results: Prec@1 95.866 Prec@5 99.988             Loss 0.12386
Epoch [87] Training Class Recall: [0.985,0.985,0.938,0.898,0.926,0.802,0.911,0.882,0.902,0.970]
Epoch [87] Testing Results: Prec@1 55.510 Prec@5 93.720             Loss 2.62913
Epoch [87] Testing Class Recall: [0.932,0.954,0.718,0.637,0.842,0.509,0.428,0.207,0.286,0.038]
Epoch [88] Training Results: Prec@1 95.463 Prec@5 99.965             Loss 0.13327
Epoch [88] Training Class Recall: [0.981,0.989,0.931,0.892,0.931,0.817,0.905,0.804,0.787,0.788]
Epoch [88] Testing Results: Prec@1 57.540 Prec@5 95.150             Loss 2.41856
Epoch [88] Testing Class Recall: [0.953,0.987,0.756,0.556,0.668,0.673,0.449,0.228,0.345,0.139]
Epoch [89] Training Results: Prec@1 94.634 Prec@5 99.954             Loss 0.15477
Epoch [89] Training Class Recall: [0.980,0.988,0.906,0.876,0.917,0.778,0.823,0.804,0.869,0.727]
Epoch [89] Testing Results: Prec@1 58.580 Prec@5 95.050             Loss 2.12484
Epoch [89] Testing Class Recall: [0.969,0.951,0.609,0.576,0.511,0.436,0.889,0.382,0.323,0.212]
Epoch [90] Training Results: Prec@1 95.244 Prec@5 99.965             Loss 0.13557
Epoch [90] Training Class Recall: [0.980,0.982,0.924,0.905,0.929,0.786,0.842,0.863,0.902,0.788]
Epoch [90] Testing Results: Prec@1 58.340 Prec@5 94.720             Loss 2.60597
Epoch [90] Testing Class Recall: [0.897,0.996,0.622,0.521,0.724,0.707,0.726,0.378,0.166,0.097]
Epoch [91] Training Results: Prec@1 95.762 Prec@5 100.000             Loss 0.11516
Epoch [91] Training Class Recall: [0.983,0.990,0.932,0.904,0.929,0.805,0.899,0.833,0.869,0.758]
Epoch [91] Testing Results: Prec@1 61.640 Prec@5 95.910             Loss 1.96791
Epoch [91] Testing Class Recall: [0.908,0.974,0.716,0.787,0.732,0.361,0.571,0.474,0.317,0.324]
Epoch [92] Training Results: Prec@1 94.807 Prec@5 99.954             Loss 0.14814
Epoch [92] Training Class Recall: [0.980,0.983,0.923,0.880,0.893,0.790,0.880,0.853,0.836,0.697]
Epoch [92] Testing Results: Prec@1 53.530 Prec@5 93.660             Loss 3.01890
Epoch [92] Testing Class Recall: [0.869,0.987,0.621,0.731,0.407,0.682,0.172,0.644,0.123,0.117]
Epoch [93] Training Results: Prec@1 95.382 Prec@5 99.977             Loss 0.12591
Epoch [93] Training Class Recall: [0.982,0.989,0.920,0.896,0.926,0.802,0.873,0.843,0.836,0.848]
Epoch [93] Testing Results: Prec@1 54.900 Prec@5 93.120             Loss 2.54220
Epoch [93] Testing Class Recall: [0.893,0.955,0.879,0.675,0.498,0.359,0.438,0.374,0.364,0.055]
Epoch [94] Training Results: Prec@1 95.348 Prec@5 99.988             Loss 0.13029
Epoch [94] Training Class Recall: [0.980,0.988,0.923,0.907,0.915,0.809,0.854,0.853,0.885,0.758]
Epoch [94] Testing Results: Prec@1 58.210 Prec@5 95.000             Loss 2.42070
Epoch [94] Testing Class Recall: [0.944,0.982,0.714,0.761,0.650,0.542,0.575,0.298,0.248,0.107]
Epoch [95] Training Results: Prec@1 95.797 Prec@5 99.988             Loss 0.11891
Epoch [95] Training Class Recall: [0.982,0.988,0.928,0.916,0.917,0.825,0.892,0.902,0.852,0.848]
Epoch [95] Testing Results: Prec@1 60.270 Prec@5 92.880             Loss 2.33565
Epoch [95] Testing Class Recall: [0.896,0.963,0.818,0.579,0.722,0.627,0.701,0.546,0.101,0.074]
Epoch [96] Training Results: Prec@1 94.864 Prec@5 99.988             Loss 0.14894
Epoch [96] Training Class Recall: [0.980,0.982,0.925,0.883,0.935,0.770,0.861,0.755,0.820,0.758]
Epoch [96] Testing Results: Prec@1 55.540 Prec@5 93.860             Loss 2.58061
Epoch [96] Testing Class Recall: [0.915,0.984,0.632,0.733,0.453,0.704,0.223,0.677,0.103,0.130]
Epoch [97] Training Results: Prec@1 95.831 Prec@5 99.988             Loss 0.11905
Epoch [97] Training Class Recall: [0.985,0.989,0.932,0.903,0.911,0.856,0.842,0.892,0.885,0.758]
Epoch [97] Testing Results: Prec@1 59.200 Prec@5 93.870             Loss 2.32262
Epoch [97] Testing Class Recall: [0.938,0.933,0.755,0.500,0.581,0.700,0.498,0.756,0.033,0.226]
Epoch [98] Training Results: Prec@1 95.808 Prec@5 99.988             Loss 0.11737
Epoch [98] Training Class Recall: [0.984,0.987,0.942,0.900,0.929,0.782,0.905,0.794,0.934,0.848]
Epoch [98] Testing Results: Prec@1 59.740 Prec@5 94.420             Loss 2.26543
Epoch [98] Testing Class Recall: [0.966,0.974,0.621,0.686,0.528,0.576,0.725,0.254,0.210,0.434]
Epoch [99] Training Results: Prec@1 95.279 Prec@5 99.965             Loss 0.13820
Epoch [99] Training Class Recall: [0.979,0.979,0.927,0.916,0.913,0.837,0.880,0.824,0.787,0.848]
Epoch [99] Testing Results: Prec@1 56.870 Prec@5 94.660             Loss 2.43579
Epoch [99] Testing Class Recall: [0.961,0.982,0.853,0.481,0.605,0.461,0.426,0.521,0.249,0.148]
Epoch [100] Training Results: Prec@1 95.843 Prec@5 99.988             Loss 0.11650
Epoch [100] Training Class Recall: [0.985,0.989,0.928,0.913,0.920,0.817,0.880,0.922,0.836,0.727]
Epoch [100] Testing Results: Prec@1 55.980 Prec@5 92.060             Loss 2.70116
Epoch [100] Testing Class Recall: [0.903,0.934,0.864,0.590,0.777,0.463,0.462,0.413,0.124,0.068]
Epoch [101] Training Results: Prec@1 95.048 Prec@5 100.000             Loss 0.13929
Epoch [101] Training Class Recall: [0.979,0.986,0.913,0.894,0.926,0.798,0.886,0.804,0.852,0.848]
Epoch [101] Testing Results: Prec@1 56.140 Prec@5 94.490             Loss 2.44505
Epoch [101] Testing Class Recall: [0.954,0.944,0.718,0.764,0.440,0.216,0.622,0.393,0.446,0.117]
Epoch [102] Training Results: Prec@1 95.544 Prec@5 100.000             Loss 0.12961
Epoch [102] Training Class Recall: [0.978,0.986,0.927,0.903,0.915,0.872,0.924,0.824,0.918,0.788]
Epoch [102] Testing Results: Prec@1 55.470 Prec@5 94.500             Loss 2.47555
Epoch [102] Testing Class Recall: [0.851,0.941,0.904,0.686,0.470,0.291,0.429,0.363,0.320,0.292]
Epoch [103] Training Results: Prec@1 95.820 Prec@5 100.000             Loss 0.11509
Epoch [103] Training Class Recall: [0.982,0.986,0.931,0.912,0.922,0.833,0.880,0.912,0.902,0.818]
Epoch [103] Testing Results: Prec@1 59.860 Prec@5 95.220             Loss 2.21409
Epoch [103] Testing Class Recall: [0.954,0.943,0.711,0.696,0.772,0.532,0.653,0.311,0.312,0.102]
Epoch [104] Training Results: Prec@1 95.567 Prec@5 99.988             Loss 0.12424
Epoch [104] Training Class Recall: [0.982,0.986,0.923,0.913,0.920,0.840,0.842,0.873,0.820,0.879]
Epoch [104] Testing Results: Prec@1 56.740 Prec@5 91.560             Loss 2.86812
Epoch [104] Testing Class Recall: [0.840,0.945,0.766,0.764,0.696,0.489,0.642,0.113,0.272,0.147]
Epoch [105] Training Results: Prec@1 95.693 Prec@5 99.977             Loss 0.12751
Epoch [105] Training Class Recall: [0.979,0.988,0.936,0.912,0.931,0.833,0.886,0.882,0.738,0.818]
Epoch [105] Testing Results: Prec@1 54.950 Prec@5 95.060             Loss 2.58262
Epoch [105] Testing Class Recall: [0.965,0.980,0.702,0.717,0.651,0.339,0.610,0.301,0.152,0.078]
Epoch [106] Training Results: Prec@1 95.924 Prec@5 99.977             Loss 0.11295
Epoch [106] Training Class Recall: [0.982,0.991,0.934,0.903,0.929,0.848,0.880,0.873,0.852,0.939]
Epoch [106] Testing Results: Prec@1 58.660 Prec@5 94.800             Loss 2.36826
Epoch [106] Testing Class Recall: [0.948,0.956,0.775,0.626,0.794,0.445,0.609,0.371,0.176,0.166]
Epoch [107] Training Results: Prec@1 95.774 Prec@5 99.965             Loss 0.12128
Epoch [107] Training Class Recall: [0.981,0.990,0.932,0.899,0.929,0.844,0.911,0.873,0.803,0.848]
Epoch [107] Testing Results: Prec@1 51.690 Prec@5 93.420             Loss 3.08701
Epoch [107] Testing Class Recall: [0.990,0.923,0.652,0.497,0.524,0.246,0.248,0.604,0.039,0.446]
Epoch [108] Training Results: Prec@1 95.071 Prec@5 99.977             Loss 0.13427
Epoch [108] Training Class Recall: [0.980,0.987,0.915,0.899,0.917,0.805,0.854,0.824,0.754,0.879]
Epoch [108] Testing Results: Prec@1 57.580 Prec@5 94.840             Loss 2.39611
Epoch [108] Testing Class Recall: [0.972,0.928,0.771,0.626,0.742,0.562,0.529,0.335,0.187,0.106]
Epoch [109] Training Results: Prec@1 96.626 Prec@5 99.988             Loss 0.10355
Epoch [109] Training Class Recall: [0.987,0.988,0.949,0.925,0.933,0.903,0.854,0.931,0.885,0.727]
Epoch [109] Testing Results: Prec@1 58.620 Prec@5 95.940             Loss 2.26215
Epoch [109] Testing Class Recall: [0.940,0.990,0.571,0.782,0.762,0.375,0.583,0.400,0.276,0.183]
Epoch [110] Training Results: Prec@1 96.315 Prec@5 99.977             Loss 0.10874
Epoch [110] Training Class Recall: [0.984,0.991,0.943,0.924,0.929,0.844,0.892,0.873,0.902,0.758]
Epoch [110] Testing Results: Prec@1 57.920 Prec@5 95.160             Loss 2.61141
Epoch [110] Testing Class Recall: [0.950,0.921,0.670,0.856,0.774,0.392,0.250,0.451,0.147,0.381]
Epoch [111] Training Results: Prec@1 94.760 Prec@5 99.954             Loss 0.14941
Epoch [111] Training Class Recall: [0.979,0.983,0.923,0.888,0.908,0.755,0.835,0.804,0.836,0.848]
Epoch [111] Testing Results: Prec@1 57.150 Prec@5 94.270             Loss 2.06682
Epoch [111] Testing Class Recall: [0.954,0.908,0.693,0.602,0.686,0.717,0.348,0.337,0.293,0.177]
Epoch [112] Training Results: Prec@1 95.313 Prec@5 100.000             Loss 0.12536
Epoch [112] Training Class Recall: [0.978,0.984,0.927,0.901,0.926,0.805,0.867,0.892,0.852,0.879]
Epoch [112] Testing Results: Prec@1 54.640 Prec@5 92.770             Loss 2.73426
Epoch [112] Testing Class Recall: [0.968,0.766,0.682,0.694,0.681,0.363,0.754,0.407,0.143,0.006]
Epoch [113] Training Results: Prec@1 96.684 Prec@5 99.988             Loss 0.09910
Epoch [113] Training Class Recall: [0.986,0.990,0.946,0.928,0.938,0.887,0.924,0.882,0.820,0.879]
Epoch [113] Testing Results: Prec@1 57.890 Prec@5 95.580             Loss 2.58950
Epoch [113] Testing Class Recall: [0.955,0.980,0.707,0.724,0.500,0.403,0.706,0.305,0.387,0.122]
Epoch [114] Training Results: Prec@1 95.601 Prec@5 100.000             Loss 0.12621
Epoch [114] Training Class Recall: [0.979,0.985,0.936,0.909,0.922,0.844,0.867,0.892,0.803,0.727]
Epoch [114] Testing Results: Prec@1 57.660 Prec@5 94.720             Loss 2.44669
Epoch [114] Testing Class Recall: [0.981,0.957,0.706,0.574,0.602,0.573,0.660,0.226,0.301,0.186]
Epoch [115] Training Results: Prec@1 95.797 Prec@5 99.988             Loss 0.11820
Epoch [115] Training Class Recall: [0.985,0.985,0.927,0.912,0.929,0.840,0.886,0.804,0.918,0.848]
Epoch [115] Testing Results: Prec@1 56.990 Prec@5 95.380             Loss 2.29579
Epoch [115] Testing Class Recall: [0.970,0.947,0.578,0.624,0.510,0.336,0.618,0.517,0.358,0.241]
Epoch [116] Training Results: Prec@1 95.981 Prec@5 99.977             Loss 0.10831
Epoch [116] Training Class Recall: [0.988,0.987,0.927,0.908,0.929,0.844,0.899,0.863,0.885,0.788]
Epoch [116] Testing Results: Prec@1 68.930 Prec@5 97.370             Loss 1.36096
Epoch [116] Testing Class Recall: [0.869,0.957,0.769,0.772,0.640,0.514,0.610,0.755,0.520,0.487]
Epoch [117] Training Results: Prec@1 96.465 Prec@5 100.000             Loss 0.09531
Epoch [117] Training Class Recall: [0.985,0.991,0.943,0.924,0.929,0.837,0.924,0.892,0.885,0.909]
Epoch [117] Testing Results: Prec@1 51.750 Prec@5 94.720             Loss 2.94650
Epoch [117] Testing Class Recall: [0.814,0.965,0.965,0.331,0.369,0.287,0.538,0.555,0.283,0.068]
Epoch [118] Training Results: Prec@1 95.935 Prec@5 99.954             Loss 0.11667
Epoch [118] Training Class Recall: [0.982,0.988,0.926,0.913,0.935,0.844,0.892,0.931,0.869,0.818]
Epoch [118] Testing Results: Prec@1 59.240 Prec@5 95.530             Loss 2.17809
Epoch [118] Testing Class Recall: [0.946,0.915,0.796,0.741,0.692,0.443,0.508,0.354,0.296,0.233]
Epoch [119] Training Results: Prec@1 95.901 Prec@5 99.965             Loss 0.11698
Epoch [119] Training Class Recall: [0.983,0.990,0.937,0.901,0.933,0.821,0.880,0.824,0.885,0.939]
Epoch [119] Testing Results: Prec@1 59.330 Prec@5 95.490             Loss 2.29079
Epoch [119] Testing Class Recall: [0.959,0.929,0.790,0.778,0.526,0.231,0.611,0.684,0.224,0.201]
Epoch [120] Training Results: Prec@1 96.257 Prec@5 99.965             Loss 0.10390
Epoch [120] Training Class Recall: [0.987,0.992,0.933,0.920,0.908,0.860,0.892,0.931,0.869,0.758]
Epoch [120] Testing Results: Prec@1 61.490 Prec@5 95.900             Loss 1.91817
Epoch [120] Testing Class Recall: [0.874,0.977,0.795,0.735,0.597,0.576,0.426,0.381,0.392,0.396]
Epoch [121] Training Results: Prec@1 95.901 Prec@5 100.000             Loss 0.11724
Epoch [121] Training Class Recall: [0.984,0.984,0.942,0.903,0.926,0.872,0.835,0.922,0.820,0.758]
Epoch [121] Testing Results: Prec@1 56.360 Prec@5 93.920             Loss 2.68979
Epoch [121] Testing Class Recall: [0.939,0.928,0.760,0.730,0.820,0.087,0.565,0.368,0.348,0.091]
Epoch [122] Training Results: Prec@1 96.165 Prec@5 100.000             Loss 0.11150
Epoch [122] Training Class Recall: [0.987,0.988,0.942,0.921,0.913,0.829,0.873,0.824,0.918,0.909]
Epoch [122] Testing Results: Prec@1 58.480 Prec@5 95.750             Loss 2.29384
Epoch [122] Testing Class Recall: [0.952,0.981,0.616,0.770,0.541,0.538,0.517,0.638,0.163,0.132]
Epoch [123] Training Results: Prec@1 96.948 Prec@5 99.988             Loss 0.09043
Epoch [123] Training Class Recall: [0.986,0.992,0.956,0.928,0.935,0.883,0.911,0.951,0.902,0.818]
Epoch [123] Testing Results: Prec@1 65.570 Prec@5 96.360             Loss 1.66570
Epoch [123] Testing Class Recall: [0.946,0.912,0.824,0.412,0.723,0.746,0.702,0.435,0.375,0.482]
Epoch [124] Training Results: Prec@1 96.177 Prec@5 100.000             Loss 0.11161
Epoch [124] Training Class Recall: [0.982,0.987,0.942,0.917,0.933,0.856,0.899,0.902,0.885,0.818]
Epoch [124] Testing Results: Prec@1 63.510 Prec@5 96.720             Loss 1.68024
Epoch [124] Testing Class Recall: [0.896,0.965,0.753,0.647,0.709,0.450,0.470,0.563,0.563,0.335]
Epoch [125] Training Results: Prec@1 95.290 Prec@5 99.965             Loss 0.12752
Epoch [125] Training Class Recall: [0.978,0.987,0.938,0.888,0.913,0.817,0.854,0.853,0.885,0.697]
Epoch [125] Testing Results: Prec@1 62.150 Prec@5 95.480             Loss 2.09321
Epoch [125] Testing Class Recall: [0.778,0.949,0.654,0.772,0.741,0.593,0.286,0.457,0.363,0.622]
Epoch [126] Training Results: Prec@1 95.854 Prec@5 99.977             Loss 0.11202
Epoch [126] Training Class Recall: [0.982,0.988,0.930,0.911,0.913,0.860,0.899,0.882,0.885,0.879]
Epoch [126] Testing Results: Prec@1 54.070 Prec@5 94.410             Loss 2.83946
Epoch [126] Testing Class Recall: [0.920,0.955,0.772,0.804,0.785,0.161,0.298,0.395,0.122,0.195]
Epoch [127] Training Results: Prec@1 96.868 Prec@5 99.988             Loss 0.09308
Epoch [127] Training Class Recall: [0.987,0.991,0.947,0.934,0.946,0.879,0.886,0.902,0.934,0.909]
Epoch [127] Testing Results: Prec@1 60.410 Prec@5 95.830             Loss 2.28224
Epoch [127] Testing Class Recall: [0.898,0.978,0.889,0.711,0.478,0.114,0.697,0.490,0.363,0.423]
Epoch [128] Training Results: Prec@1 95.924 Prec@5 99.988             Loss 0.10939
Epoch [128] Training Class Recall: [0.975,0.984,0.942,0.928,0.938,0.864,0.880,0.912,0.869,0.818]
Epoch [128] Testing Results: Prec@1 64.580 Prec@5 96.090             Loss 1.75738
Epoch [128] Testing Class Recall: [0.905,0.926,0.821,0.622,0.707,0.565,0.487,0.420,0.265,0.740]
Epoch [129] Training Results: Prec@1 96.499 Prec@5 99.988             Loss 0.09977
Epoch [129] Training Class Recall: [0.986,0.990,0.950,0.922,0.953,0.825,0.880,0.853,0.902,0.758]
Epoch [129] Testing Results: Prec@1 59.070 Prec@5 96.360             Loss 2.18263
Epoch [129] Testing Class Recall: [0.964,0.916,0.845,0.685,0.728,0.337,0.444,0.454,0.214,0.320]
Epoch [130] Training Results: Prec@1 96.016 Prec@5 99.988             Loss 0.10833
Epoch [130] Training Class Recall: [0.983,0.990,0.935,0.908,0.929,0.860,0.892,0.843,0.885,0.848]
Epoch [130] Testing Results: Prec@1 58.030 Prec@5 92.520             Loss 2.63288
Epoch [130] Testing Class Recall: [0.907,0.937,0.709,0.617,0.451,0.509,0.861,0.356,0.405,0.051]
Epoch [131] Training Results: Prec@1 96.361 Prec@5 99.965             Loss 0.10756
Epoch [131] Training Class Recall: [0.985,0.991,0.943,0.913,0.926,0.879,0.886,0.873,0.902,0.788]
Epoch [131] Testing Results: Prec@1 63.000 Prec@5 95.730             Loss 1.90475
Epoch [131] Testing Class Recall: [0.944,0.904,0.693,0.797,0.677,0.314,0.599,0.569,0.580,0.223]
Epoch [132] Training Results: Prec@1 96.096 Prec@5 100.000             Loss 0.11420
Epoch [132] Training Class Recall: [0.982,0.989,0.947,0.903,0.944,0.868,0.854,0.863,0.770,0.848]
Epoch [132] Testing Results: Prec@1 64.360 Prec@5 95.020             Loss 1.85668
Epoch [132] Testing Class Recall: [0.916,0.965,0.805,0.680,0.679,0.559,0.710,0.468,0.383,0.271]
Epoch [133] Training Results: Prec@1 96.073 Prec@5 100.000             Loss 0.11080
Epoch [133] Training Class Recall: [0.982,0.984,0.944,0.924,0.933,0.837,0.937,0.843,0.852,0.758]
Epoch [133] Testing Results: Prec@1 61.640 Prec@5 94.430             Loss 2.16646
Epoch [133] Testing Class Recall: [0.934,0.965,0.653,0.524,0.833,0.534,0.800,0.418,0.344,0.159]
Epoch [134] Training Results: Prec@1 95.912 Prec@5 99.965             Loss 0.11293
Epoch [134] Training Class Recall: [0.984,0.986,0.940,0.911,0.917,0.848,0.854,0.863,0.885,0.848]
Epoch [134] Testing Results: Prec@1 65.460 Prec@5 96.470             Loss 1.85348
Epoch [134] Testing Class Recall: [0.905,0.986,0.778,0.744,0.615,0.616,0.621,0.457,0.502,0.322]
Epoch [135] Training Results: Prec@1 96.753 Prec@5 100.000             Loss 0.08806
Epoch [135] Training Class Recall: [0.984,0.989,0.947,0.926,0.944,0.899,0.924,0.912,0.934,0.909]
Epoch [135] Testing Results: Prec@1 55.880 Prec@5 94.780             Loss 2.97872
Epoch [135] Testing Class Recall: [0.895,0.994,0.778,0.667,0.774,0.497,0.286,0.364,0.305,0.028]
Epoch [136] Training Results: Prec@1 95.762 Prec@5 100.000             Loss 0.11699
Epoch [136] Training Class Recall: [0.983,0.993,0.935,0.896,0.924,0.809,0.880,0.853,0.820,0.909]
Epoch [136] Testing Results: Prec@1 56.580 Prec@5 90.550             Loss 2.72228
Epoch [136] Testing Class Recall: [0.748,0.942,0.817,0.753,0.787,0.422,0.589,0.214,0.311,0.075]
Epoch [137] Training Results: Prec@1 97.018 Prec@5 99.977             Loss 0.09136
Epoch [137] Training Class Recall: [0.986,0.993,0.957,0.933,0.944,0.895,0.911,0.892,0.869,0.818]
Epoch [137] Testing Results: Prec@1 52.640 Prec@5 94.180             Loss 2.98779
Epoch [137] Testing Class Recall: [0.953,0.960,0.860,0.686,0.566,0.305,0.312,0.260,0.233,0.129]
Epoch [138] Training Results: Prec@1 96.557 Prec@5 99.977             Loss 0.09550
Epoch [138] Training Class Recall: [0.983,0.987,0.942,0.938,0.955,0.872,0.873,0.931,0.852,0.879]
Epoch [138] Testing Results: Prec@1 61.040 Prec@5 95.850             Loss 2.15824
Epoch [138] Testing Class Recall: [0.965,0.965,0.589,0.762,0.686,0.265,0.653,0.412,0.449,0.358]
Epoch [139] Training Results: Prec@1 96.384 Prec@5 100.000             Loss 0.10349
Epoch [139] Training Class Recall: [0.985,0.990,0.949,0.917,0.940,0.875,0.873,0.863,0.820,0.727]
Epoch [139] Testing Results: Prec@1 59.440 Prec@5 96.530             Loss 2.21207
Epoch [139] Testing Class Recall: [0.928,0.952,0.702,0.851,0.693,0.230,0.581,0.432,0.275,0.300]
Epoch [140] Training Results: Prec@1 96.568 Prec@5 100.000             Loss 0.10068
Epoch [140] Training Class Recall: [0.983,0.990,0.948,0.922,0.938,0.879,0.918,0.863,0.934,0.848]
Epoch [140] Testing Results: Prec@1 62.580 Prec@5 95.380             Loss 2.13697
Epoch [140] Testing Class Recall: [0.962,0.970,0.669,0.699,0.608,0.458,0.476,0.773,0.150,0.493]
Epoch [141] Training Results: Prec@1 96.730 Prec@5 100.000             Loss 0.09435
Epoch [141] Training Class Recall: [0.983,0.991,0.952,0.930,0.942,0.891,0.873,0.892,0.918,0.879]
Epoch [141] Testing Results: Prec@1 61.620 Prec@5 95.720             Loss 2.19327
Epoch [141] Testing Class Recall: [0.972,0.978,0.707,0.664,0.840,0.510,0.611,0.431,0.269,0.180]
Epoch [142] Training Results: Prec@1 96.741 Prec@5 99.954             Loss 0.09679
Epoch [142] Training Class Recall: [0.986,0.993,0.946,0.924,0.944,0.860,0.892,0.922,0.934,0.879]
Epoch [142] Testing Results: Prec@1 58.920 Prec@5 95.630             Loss 2.54966
Epoch [142] Testing Class Recall: [0.958,0.948,0.812,0.536,0.690,0.552,0.591,0.454,0.269,0.082]
Epoch [143] Training Results: Prec@1 96.937 Prec@5 99.988             Loss 0.08726
Epoch [143] Training Class Recall: [0.986,0.992,0.951,0.943,0.942,0.833,0.924,0.882,0.934,0.970]
Epoch [143] Testing Results: Prec@1 57.950 Prec@5 95.070             Loss 2.31014
Epoch [143] Testing Class Recall: [0.918,0.987,0.793,0.567,0.689,0.550,0.165,0.487,0.317,0.322]
Epoch [144] Training Results: Prec@1 96.396 Prec@5 99.988             Loss 0.11077
Epoch [144] Training Class Recall: [0.985,0.989,0.942,0.926,0.935,0.872,0.848,0.902,0.934,0.788]
Epoch [144] Testing Results: Prec@1 59.940 Prec@5 95.700             Loss 2.40657
Epoch [144] Testing Class Recall: [0.983,0.975,0.708,0.661,0.543,0.558,0.497,0.591,0.169,0.309]
Epoch [145] Training Results: Prec@1 96.499 Prec@5 99.988             Loss 0.10401
Epoch [145] Training Class Recall: [0.984,0.990,0.933,0.926,0.946,0.899,0.899,0.931,0.852,0.818]
Epoch [145] Testing Results: Prec@1 61.660 Prec@5 95.770             Loss 1.97219
Epoch [145] Testing Class Recall: [0.953,0.946,0.791,0.511,0.724,0.621,0.273,0.611,0.219,0.517]
Epoch [146] Training Results: Prec@1 95.970 Prec@5 99.977             Loss 0.10772
Epoch [146] Training Class Recall: [0.982,0.991,0.935,0.907,0.917,0.879,0.861,0.882,0.869,0.788]
Epoch [146] Testing Results: Prec@1 57.560 Prec@5 94.600             Loss 2.54487
Epoch [146] Testing Class Recall: [0.923,0.954,0.736,0.770,0.462,0.637,0.385,0.344,0.321,0.224]
Epoch [147] Training Results: Prec@1 96.591 Prec@5 99.988             Loss 0.09655
Epoch [147] Training Class Recall: [0.986,0.984,0.943,0.929,0.949,0.868,0.911,0.902,0.934,0.848]
Epoch [147] Testing Results: Prec@1 60.030 Prec@5 95.340             Loss 2.11719
Epoch [147] Testing Class Recall: [0.899,0.978,0.830,0.455,0.553,0.798,0.608,0.457,0.150,0.275]
Epoch [148] Training Results: Prec@1 96.188 Prec@5 99.977             Loss 0.10792
Epoch [148] Training Class Recall: [0.987,0.989,0.934,0.913,0.926,0.864,0.873,0.873,0.902,0.818]
Epoch [148] Testing Results: Prec@1 64.480 Prec@5 96.210             Loss 1.82057
Epoch [148] Testing Class Recall: [0.935,0.981,0.763,0.634,0.642,0.533,0.584,0.763,0.257,0.356]
Epoch [149] Training Results: Prec@1 96.050 Prec@5 99.988             Loss 0.11485
Epoch [149] Training Class Recall: [0.981,0.983,0.945,0.924,0.935,0.864,0.886,0.882,0.836,0.727]
Epoch [149] Testing Results: Prec@1 56.220 Prec@5 94.800             Loss 2.57628
Epoch [149] Testing Class Recall: [0.975,0.918,0.414,0.654,0.789,0.524,0.545,0.428,0.311,0.064]
Epoch [150] Training Results: Prec@1 95.705 Prec@5 100.000             Loss 0.12157
Epoch [150] Training Class Recall: [0.985,0.986,0.938,0.891,0.902,0.825,0.937,0.843,0.836,0.848]
Epoch [150] Testing Results: Prec@1 61.080 Prec@5 95.980             Loss 1.87700
Epoch [150] Testing Class Recall: [0.885,0.994,0.638,0.561,0.871,0.559,0.486,0.409,0.470,0.235]
Epoch [151] Training Results: Prec@1 95.924 Prec@5 100.000             Loss 0.11724
Epoch [151] Training Class Recall: [0.982,0.988,0.935,0.925,0.915,0.798,0.899,0.882,0.902,0.879]
Epoch [151] Testing Results: Prec@1 52.890 Prec@5 94.420             Loss 3.11292
Epoch [151] Testing Class Recall: [0.936,0.988,0.636,0.429,0.380,0.764,0.214,0.672,0.143,0.127]
Epoch [152] Training Results: Prec@1 96.856 Prec@5 100.000             Loss 0.08424
Epoch [152] Training Class Recall: [0.985,0.991,0.941,0.932,0.955,0.903,0.918,0.922,0.885,0.879]
Epoch [152] Testing Results: Prec@1 59.940 Prec@5 94.500             Loss 2.28682
Epoch [152] Testing Class Recall: [0.900,0.944,0.861,0.447,0.635,0.168,0.846,0.209,0.520,0.464]
Epoch [153] Training Results: Prec@1 97.098 Prec@5 100.000             Loss 0.08601
Epoch [153] Training Class Recall: [0.986,0.990,0.954,0.942,0.958,0.891,0.924,0.902,0.885,0.848]
Epoch [153] Testing Results: Prec@1 60.970 Prec@5 95.970             Loss 2.24447
Epoch [153] Testing Class Recall: [0.841,0.931,0.882,0.654,0.643,0.256,0.509,0.230,0.485,0.666]
Epoch [154] Training Results: Prec@1 96.281 Prec@5 100.000             Loss 0.10688
Epoch [154] Training Class Recall: [0.982,0.987,0.939,0.921,0.953,0.864,0.892,0.882,0.869,0.879]
Epoch [154] Testing Results: Prec@1 59.770 Prec@5 93.450             Loss 2.44902
Epoch [154] Testing Class Recall: [0.940,0.970,0.714,0.658,0.567,0.565,0.755,0.552,0.191,0.065]
Epoch [155] Training Results: Prec@1 97.098 Prec@5 99.988             Loss 0.08728
Epoch [155] Training Class Recall: [0.989,0.992,0.951,0.943,0.962,0.868,0.899,0.824,0.902,0.879]
Epoch [155] Testing Results: Prec@1 64.100 Prec@5 97.060             Loss 1.92832
Epoch [155] Testing Class Recall: [0.981,0.939,0.684,0.682,0.667,0.480,0.554,0.604,0.282,0.537]
Epoch [156] Training Results: Prec@1 97.398 Prec@5 100.000             Loss 0.07684
Epoch [156] Training Class Recall: [0.990,0.991,0.961,0.940,0.949,0.914,0.924,0.922,0.902,0.848]
Epoch [156] Testing Results: Prec@1 66.030 Prec@5 96.680             Loss 1.64247
Epoch [156] Testing Class Recall: [0.921,0.856,0.825,0.609,0.608,0.438,0.437,0.601,0.537,0.771]
Epoch [157] Training Results: Prec@1 96.637 Prec@5 100.000             Loss 0.09550
Epoch [157] Training Class Recall: [0.984,0.992,0.953,0.926,0.933,0.895,0.892,0.892,0.754,0.879]
Epoch [157] Testing Results: Prec@1 56.610 Prec@5 95.120             Loss 2.64334
Epoch [157] Testing Class Recall: [0.936,0.971,0.840,0.620,0.740,0.462,0.289,0.525,0.210,0.068]
Epoch [158] Training Results: Prec@1 96.269 Prec@5 99.988             Loss 0.10731
Epoch [158] Training Class Recall: [0.984,0.988,0.939,0.932,0.938,0.844,0.905,0.853,0.803,0.818]
Epoch [158] Testing Results: Prec@1 55.790 Prec@5 94.960             Loss 2.64939
Epoch [158] Testing Class Recall: [0.839,0.970,0.685,0.896,0.560,0.441,0.506,0.163,0.294,0.225]
Epoch [159] Training Results: Prec@1 97.225 Prec@5 99.977             Loss 0.08492
Epoch [159] Training Class Recall: [0.985,0.991,0.959,0.937,0.958,0.926,0.918,0.922,0.820,0.909]
Epoch [159] Testing Results: Prec@1 56.410 Prec@5 95.030             Loss 2.58277
Epoch [159] Testing Class Recall: [0.967,0.965,0.847,0.603,0.560,0.456,0.323,0.584,0.136,0.200]
Epoch [160] Training Results: Prec@1 97.593 Prec@5 99.988             Loss 0.03044
Epoch [160] Training Class Recall: [0.986,0.994,0.982,0.943,0.953,0.926,0.848,0.961,0.869,0.848]
Epoch [160] Testing Results: Prec@1 59.960 Prec@5 96.300             Loss 3.88253
Epoch [160] Testing Class Recall: [0.957,0.968,0.842,0.686,0.635,0.475,0.463,0.452,0.281,0.237]
Epoch [161] Training Results: Prec@1 97.639 Prec@5 100.000             Loss 0.02180
Epoch [161] Training Class Recall: [0.984,0.995,0.980,0.937,0.946,0.934,0.905,0.951,0.934,0.970]
Epoch [161] Testing Results: Prec@1 61.830 Prec@5 96.660             Loss 3.63777
Epoch [161] Testing Class Recall: [0.965,0.968,0.819,0.683,0.667,0.507,0.502,0.485,0.317,0.270]
Epoch [162] Training Results: Prec@1 98.019 Prec@5 100.000             Loss 0.01772
Epoch [162] Training Class Recall: [0.989,0.992,0.977,0.946,0.960,0.953,0.930,0.971,0.984,0.909]
Epoch [162] Testing Results: Prec@1 62.570 Prec@5 96.650             Loss 3.54853
Epoch [162] Testing Class Recall: [0.966,0.968,0.816,0.698,0.656,0.497,0.550,0.469,0.336,0.301]
Epoch [163] Training Results: Prec@1 97.904 Prec@5 100.000             Loss 0.01792
Epoch [163] Training Class Recall: [0.984,0.992,0.978,0.949,0.964,0.957,0.937,0.980,0.967,0.909]
Epoch [163] Testing Results: Prec@1 63.670 Prec@5 96.710             Loss 3.30193
Epoch [163] Testing Class Recall: [0.957,0.965,0.808,0.705,0.672,0.524,0.551,0.501,0.350,0.334]
Epoch [164] Training Results: Prec@1 98.227 Prec@5 100.000             Loss 0.01368
Epoch [164] Training Class Recall: [0.987,0.994,0.976,0.954,0.982,0.973,0.956,0.971,0.951,0.970]
Epoch [164] Testing Results: Prec@1 63.790 Prec@5 96.790             Loss 3.30521
Epoch [164] Testing Class Recall: [0.958,0.968,0.818,0.695,0.670,0.516,0.575,0.489,0.368,0.322]
Epoch [165] Training Results: Prec@1 98.261 Prec@5 100.000             Loss 0.01454
Epoch [165] Training Class Recall: [0.989,0.992,0.979,0.955,0.969,0.953,0.962,0.990,0.984,0.909]
Epoch [165] Testing Results: Prec@1 64.880 Prec@5 96.920             Loss 3.17112
Epoch [165] Testing Class Recall: [0.961,0.969,0.808,0.703,0.681,0.523,0.612,0.490,0.382,0.359]
Epoch [166] Training Results: Prec@1 98.353 Prec@5 100.000             Loss 0.01158
Epoch [166] Training Class Recall: [0.988,0.996,0.981,0.950,0.978,0.946,0.981,0.980,0.967,1.000]
Epoch [166] Testing Results: Prec@1 65.180 Prec@5 97.040             Loss 3.05318
Epoch [166] Testing Class Recall: [0.961,0.967,0.792,0.717,0.687,0.531,0.571,0.514,0.383,0.395]
Epoch [167] Training Results: Prec@1 98.330 Prec@5 100.000             Loss 0.01032
Epoch [167] Training Class Recall: [0.987,0.992,0.982,0.950,0.978,0.969,0.975,0.980,1.000,1.000]
Epoch [167] Testing Results: Prec@1 65.850 Prec@5 97.100             Loss 2.99356
Epoch [167] Testing Class Recall: [0.956,0.973,0.797,0.706,0.686,0.556,0.602,0.524,0.400,0.385]
Epoch [168] Training Results: Prec@1 98.192 Prec@5 100.000             Loss 0.01092
Epoch [168] Training Class Recall: [0.988,0.995,0.978,0.940,0.971,0.961,0.975,0.990,0.984,1.000]
Epoch [168] Testing Results: Prec@1 65.580 Prec@5 97.060             Loss 2.99868
Epoch [168] Testing Class Recall: [0.959,0.967,0.798,0.718,0.686,0.513,0.610,0.517,0.405,0.385]
Epoch [169] Training Results: Prec@1 98.503 Prec@5 100.000             Loss 0.00957
Epoch [169] Training Class Recall: [0.988,0.994,0.977,0.962,0.987,0.965,0.987,1.000,1.000,1.000]
Epoch [169] Testing Results: Prec@1 65.760 Prec@5 97.050             Loss 2.99812
Epoch [169] Testing Class Recall: [0.957,0.967,0.804,0.708,0.697,0.519,0.604,0.524,0.404,0.392]
Epoch [170] Training Results: Prec@1 98.088 Prec@5 100.000             Loss 0.01150
Epoch [170] Training Class Recall: [0.986,0.990,0.974,0.957,0.978,0.961,0.943,0.971,1.000,1.000]
Epoch [170] Testing Results: Prec@1 66.000 Prec@5 97.150             Loss 2.95446
Epoch [170] Testing Class Recall: [0.957,0.971,0.804,0.691,0.696,0.536,0.621,0.526,0.413,0.385]
Epoch [171] Training Results: Prec@1 98.388 Prec@5 100.000             Loss 0.01036
Epoch [171] Training Class Recall: [0.988,0.990,0.974,0.967,0.982,0.981,0.975,0.971,0.984,1.000]
Epoch [171] Testing Results: Prec@1 66.530 Prec@5 97.160             Loss 2.88680
Epoch [171] Testing Class Recall: [0.959,0.971,0.790,0.704,0.711,0.539,0.627,0.529,0.431,0.392]
Epoch [172] Training Results: Prec@1 98.584 Prec@5 100.000             Loss 0.01015
Epoch [172] Training Class Recall: [0.987,0.994,0.983,0.965,0.984,0.973,0.994,1.000,0.967,0.970]
Epoch [172] Testing Results: Prec@1 66.230 Prec@5 97.110             Loss 2.91986
Epoch [172] Testing Class Recall: [0.959,0.969,0.789,0.723,0.694,0.536,0.620,0.508,0.414,0.411]
Epoch [173] Training Results: Prec@1 98.503 Prec@5 100.000             Loss 0.00888
Epoch [173] Training Class Recall: [0.989,0.992,0.980,0.959,0.980,0.977,0.987,0.990,1.000,1.000]
Epoch [173] Testing Results: Prec@1 66.880 Prec@5 97.190             Loss 2.86401
Epoch [173] Testing Class Recall: [0.961,0.971,0.773,0.704,0.725,0.553,0.639,0.523,0.427,0.412]
Epoch [174] Training Results: Prec@1 98.699 Prec@5 100.000             Loss 0.00834
Epoch [174] Training Class Recall: [0.991,0.992,0.986,0.962,0.982,0.969,0.981,1.000,1.000,1.000]
Epoch [174] Testing Results: Prec@1 67.390 Prec@5 97.240             Loss 2.85189
Epoch [174] Testing Class Recall: [0.958,0.969,0.789,0.698,0.733,0.564,0.646,0.545,0.434,0.403]
Epoch [175] Training Results: Prec@1 98.457 Prec@5 100.000             Loss 0.00845
Epoch [175] Training Class Recall: [0.987,0.994,0.970,0.971,0.973,0.992,0.968,1.000,1.000,1.000]
Epoch [175] Testing Results: Prec@1 67.160 Prec@5 97.110             Loss 2.81030
Epoch [175] Testing Class Recall: [0.958,0.972,0.786,0.729,0.700,0.526,0.669,0.516,0.429,0.431]
Epoch [176] Training Results: Prec@1 98.434 Prec@5 100.000             Loss 0.00856
Epoch [176] Training Class Recall: [0.989,0.993,0.971,0.961,0.991,0.969,0.987,0.980,1.000,1.000]
Epoch [176] Testing Results: Prec@1 67.540 Prec@5 97.200             Loss 2.79684
Epoch [176] Testing Class Recall: [0.960,0.966,0.785,0.711,0.720,0.544,0.679,0.538,0.428,0.423]
Epoch [177] Training Results: Prec@1 98.434 Prec@5 100.000             Loss 0.00910
Epoch [177] Training Class Recall: [0.985,0.993,0.980,0.963,0.984,0.981,0.994,0.990,0.984,1.000]
Epoch [177] Testing Results: Prec@1 67.770 Prec@5 97.260             Loss 2.77195
Epoch [177] Testing Class Recall: [0.958,0.972,0.778,0.727,0.734,0.538,0.663,0.541,0.431,0.435]
Epoch [178] Training Results: Prec@1 98.641 Prec@5 100.000             Loss 0.00862
Epoch [178] Training Class Recall: [0.991,0.995,0.977,0.965,0.982,0.977,0.981,0.980,1.000,1.000]
Epoch [178] Testing Results: Prec@1 67.570 Prec@5 97.210             Loss 2.79763
Epoch [178] Testing Class Recall: [0.959,0.971,0.788,0.704,0.722,0.547,0.669,0.544,0.436,0.417]
Epoch [179] Training Results: Prec@1 98.745 Prec@5 100.000             Loss 0.00730
Epoch [179] Training Class Recall: [0.990,0.992,0.979,0.971,0.987,0.992,0.994,1.000,1.000,1.000]
Epoch [179] Testing Results: Prec@1 68.030 Prec@5 97.320             Loss 2.72936
Epoch [179] Testing Class Recall: [0.957,0.975,0.788,0.712,0.745,0.551,0.646,0.545,0.455,0.429]
Epoch [180] Training Results: Prec@1 98.549 Prec@5 100.000             Loss 0.00790
Epoch [180] Training Class Recall: [0.987,0.995,0.975,0.968,0.984,0.981,0.987,0.990,1.000,1.000]
Epoch [180] Testing Results: Prec@1 68.090 Prec@5 97.300             Loss 2.76036
Epoch [180] Testing Class Recall: [0.957,0.972,0.785,0.717,0.729,0.565,0.666,0.559,0.448,0.411]
Epoch [181] Training Results: Prec@1 98.733 Prec@5 100.000             Loss 0.00764
Epoch [181] Training Class Recall: [0.990,0.993,0.977,0.970,0.991,0.977,1.000,1.000,1.000,1.000]
Epoch [181] Testing Results: Prec@1 67.930 Prec@5 97.300             Loss 2.69072
Epoch [181] Testing Class Recall: [0.959,0.964,0.776,0.721,0.735,0.547,0.647,0.560,0.438,0.446]
Epoch [182] Training Results: Prec@1 98.584 Prec@5 100.000             Loss 0.00776
Epoch [182] Training Class Recall: [0.990,0.992,0.973,0.971,0.987,0.973,0.994,0.990,1.000,1.000]
Epoch [182] Testing Results: Prec@1 67.940 Prec@5 97.240             Loss 2.73999
Epoch [182] Testing Class Recall: [0.959,0.975,0.792,0.704,0.715,0.566,0.666,0.551,0.439,0.427]
Epoch [183] Training Results: Prec@1 98.825 Prec@5 100.000             Loss 0.00753
Epoch [183] Training Class Recall: [0.991,0.995,0.982,0.974,0.982,0.973,0.981,1.000,1.000,1.000]
Epoch [183] Testing Results: Prec@1 67.650 Prec@5 97.160             Loss 2.74637
Epoch [183] Testing Class Recall: [0.958,0.968,0.792,0.717,0.721,0.554,0.656,0.531,0.435,0.433]
Epoch [184] Training Results: Prec@1 98.848 Prec@5 100.000             Loss 0.00709
Epoch [184] Training Class Recall: [0.991,0.994,0.982,0.968,0.989,0.981,0.994,1.000,1.000,1.000]
Epoch [184] Testing Results: Prec@1 67.460 Prec@5 97.210             Loss 2.79731
Epoch [184] Testing Class Recall: [0.959,0.972,0.785,0.728,0.715,0.542,0.643,0.542,0.441,0.419]
Epoch [185] Training Results: Prec@1 98.814 Prec@5 100.000             Loss 0.00678
Epoch [185] Training Class Recall: [0.991,0.996,0.985,0.961,0.984,0.984,0.994,1.000,1.000,1.000]
Epoch [185] Testing Results: Prec@1 67.450 Prec@5 97.180             Loss 2.77840
Epoch [185] Testing Class Recall: [0.960,0.971,0.789,0.725,0.712,0.526,0.665,0.532,0.435,0.430]
Epoch [186] Training Results: Prec@1 98.618 Prec@5 100.000             Loss 0.00805
Epoch [186] Training Class Recall: [0.990,0.994,0.978,0.958,0.989,0.988,0.987,0.990,1.000,1.000]
Epoch [186] Testing Results: Prec@1 68.000 Prec@5 97.280             Loss 2.72398
Epoch [186] Testing Class Recall: [0.958,0.970,0.783,0.727,0.728,0.543,0.667,0.541,0.455,0.428]
Epoch [187] Training Results: Prec@1 98.802 Prec@5 99.988             Loss 0.00705
Epoch [187] Training Class Recall: [0.990,0.996,0.980,0.966,0.989,0.977,1.000,1.000,1.000,1.000]
Epoch [187] Testing Results: Prec@1 67.700 Prec@5 97.180             Loss 2.79491
Epoch [187] Testing Class Recall: [0.959,0.972,0.789,0.714,0.720,0.551,0.675,0.538,0.443,0.409]
Epoch [188] Training Results: Prec@1 98.745 Prec@5 100.000             Loss 0.00786
Epoch [188] Training Class Recall: [0.989,0.997,0.982,0.966,0.980,0.981,0.987,1.000,1.000,1.000]
Epoch [188] Testing Results: Prec@1 67.850 Prec@5 97.270             Loss 2.68255
Epoch [188] Testing Class Recall: [0.961,0.971,0.778,0.730,0.721,0.534,0.644,0.539,0.467,0.440]
Epoch [189] Training Results: Prec@1 98.561 Prec@5 100.000             Loss 0.00826
Epoch [189] Training Class Recall: [0.987,0.995,0.971,0.978,0.984,0.984,0.968,0.980,1.000,1.000]
Epoch [189] Testing Results: Prec@1 67.330 Prec@5 97.170             Loss 2.85216
Epoch [189] Testing Class Recall: [0.958,0.970,0.788,0.733,0.716,0.533,0.662,0.540,0.441,0.392]
Epoch [190] Training Results: Prec@1 98.572 Prec@5 100.000             Loss 0.00906
Epoch [190] Training Class Recall: [0.990,0.996,0.975,0.967,0.980,0.957,0.975,1.000,1.000,1.000]
Epoch [190] Testing Results: Prec@1 68.060 Prec@5 97.300             Loss 2.72125
Epoch [190] Testing Class Recall: [0.959,0.969,0.777,0.714,0.727,0.566,0.669,0.552,0.439,0.434]
Epoch [191] Training Results: Prec@1 98.791 Prec@5 100.000             Loss 0.00733
Epoch [191] Training Class Recall: [0.992,0.991,0.984,0.971,0.987,0.973,0.987,0.990,1.000,1.000]
Epoch [191] Testing Results: Prec@1 67.780 Prec@5 97.280             Loss 2.78869
Epoch [191] Testing Class Recall: [0.959,0.972,0.786,0.721,0.716,0.542,0.668,0.554,0.442,0.418]
Epoch [192] Training Results: Prec@1 98.733 Prec@5 100.000             Loss 0.00730
Epoch [192] Training Class Recall: [0.989,0.994,0.982,0.967,0.984,0.984,1.000,0.990,1.000,1.000]
Epoch [192] Testing Results: Prec@1 67.780 Prec@5 97.260             Loss 2.73910
Epoch [192] Testing Class Recall: [0.956,0.974,0.784,0.736,0.709,0.550,0.655,0.546,0.442,0.426]
Epoch [193] Training Results: Prec@1 98.941 Prec@5 100.000             Loss 0.00826
Epoch [193] Training Class Recall: [0.993,0.994,0.982,0.978,0.987,0.984,0.994,0.980,1.000,0.970]
Epoch [193] Testing Results: Prec@1 67.540 Prec@5 97.210             Loss 2.80199
Epoch [193] Testing Class Recall: [0.960,0.970,0.785,0.721,0.710,0.545,0.652,0.554,0.446,0.411]
Epoch [194] Training Results: Prec@1 98.722 Prec@5 100.000             Loss 0.00789
Epoch [194] Training Class Recall: [0.992,0.995,0.978,0.963,0.984,0.981,0.975,1.000,1.000,1.000]
Epoch [194] Testing Results: Prec@1 67.770 Prec@5 97.220             Loss 2.77457
Epoch [194] Testing Class Recall: [0.958,0.969,0.782,0.726,0.723,0.561,0.652,0.539,0.436,0.431]
Epoch [195] Training Results: Prec@1 98.802 Prec@5 100.000             Loss 0.00721
Epoch [195] Training Class Recall: [0.990,0.995,0.981,0.967,0.991,0.984,0.994,0.990,1.000,1.000]
Epoch [195] Testing Results: Prec@1 67.870 Prec@5 97.200             Loss 2.79017
Epoch [195] Testing Class Recall: [0.957,0.972,0.782,0.727,0.715,0.560,0.666,0.539,0.448,0.421]
Epoch [196] Training Results: Prec@1 98.871 Prec@5 100.000             Loss 0.00723
Epoch [196] Training Class Recall: [0.991,0.995,0.983,0.967,0.987,0.984,0.987,1.000,1.000,1.000]
Epoch [196] Testing Results: Prec@1 67.740 Prec@5 97.300             Loss 2.74869
Epoch [196] Testing Class Recall: [0.960,0.971,0.788,0.713,0.714,0.549,0.651,0.554,0.439,0.435]
Epoch [197] Training Results: Prec@1 98.745 Prec@5 100.000             Loss 0.00857
Epoch [197] Training Class Recall: [0.991,0.992,0.978,0.971,0.989,0.977,0.987,1.000,1.000,0.970]
Epoch [197] Testing Results: Prec@1 68.010 Prec@5 97.370             Loss 2.66974
Epoch [197] Testing Class Recall: [0.957,0.970,0.783,0.734,0.712,0.541,0.646,0.555,0.461,0.442]
Epoch [198] Training Results: Prec@1 98.664 Prec@5 100.000             Loss 0.00838
Epoch [198] Training Class Recall: [0.989,0.993,0.979,0.966,0.996,0.977,0.987,1.000,0.984,1.000]
Epoch [198] Testing Results: Prec@1 67.520 Prec@5 97.250             Loss 2.81016
Epoch [198] Testing Class Recall: [0.961,0.969,0.779,0.723,0.736,0.537,0.655,0.550,0.443,0.399]
Epoch [199] Training Results: Prec@1 98.837 Prec@5 100.000             Loss 0.00736
Epoch [199] Training Class Recall: [0.988,0.997,0.985,0.972,0.982,0.996,0.981,1.000,0.984,1.000]
Epoch [199] Testing Results: Prec@1 67.970 Prec@5 97.200             Loss 2.77327
Epoch [199] Testing Class Recall: [0.959,0.974,0.780,0.713,0.735,0.553,0.688,0.527,0.448,0.420]
