Log file: cifar10_random0.7_reweight_cb_exp0.01_seed42_20260409_095721.log
Run started: 2026-04-09 09:57:21.503891
Dataset: cifar10
Imbalance type: exp, factor: 0.01
Selection method: random, ratio: 0.7
Strategy: Reweight_CB, epochs: 200
Seed: 42, rand_number: 0
Augmentation: weak
mixup_alpha: 1.0
============================================================

=> Preparing logger and tensorboard writer !
----------------------------------------------------
Class ID   | Original   | Selected   | Keep %  
----------------------------------------------------
0          | 5000       | 3515       |    70.3%
1          | 2997       | 2095       |    69.9%
2          | 1796       | 1254       |    69.8%
3          | 1077       | 761        |    70.7%
4          | 645        | 448        |    69.5%
5          | 387        | 257        |    66.4%
6          | 232        | 158        |    68.1%
7          | 139        | 102        |    73.4%
8          | 83         | 61         |    73.5%
9          | 50         | 33         |    66.0%
----------------------------------------------------
TOTAL      | 12406      | 8684       |    70.0%
----------------------------------------------------
Epoch [0] Training Results: Prec@1 14.014 Prec@5 72.455             Loss 0.39641
Epoch [0] Training Class Recall: [0.176,0.104,0.099,0.064,0.344,0.023,0.095,0.127,0.295,0.061]
Epoch [0] Testing Results: Prec@1 21.030 Prec@5 68.610             Loss 2.45874
Epoch [0] Testing Class Recall: [0.651,0.135,0.026,0.023,0.088,0.000,0.804,0.376,0.000,0.000]
Epoch [1] Training Results: Prec@1 26.912 Prec@5 81.253             Loss 0.36517
Epoch [1] Training Class Recall: [0.352,0.319,0.099,0.088,0.234,0.148,0.329,0.206,0.328,0.091]
Epoch [1] Testing Results: Prec@1 20.890 Prec@5 72.240             Loss 2.20909
Epoch [1] Testing Class Recall: [0.168,0.000,0.609,0.009,0.000,0.417,0.200,0.000,0.602,0.084]
Epoch [2] Training Results: Prec@1 30.228 Prec@5 82.243             Loss 0.35804
Epoch [2] Training Class Recall: [0.380,0.387,0.073,0.196,0.246,0.171,0.228,0.206,0.410,0.152]
Epoch [2] Testing Results: Prec@1 22.930 Prec@5 75.800             Loss 3.02249
Epoch [2] Testing Class Recall: [0.250,0.405,0.613,0.228,0.000,0.079,0.000,0.643,0.075,0.000]
Epoch [3] Training Results: Prec@1 29.940 Prec@5 83.694             Loss 0.34239
Epoch [3] Training Class Recall: [0.297,0.485,0.174,0.091,0.230,0.198,0.247,0.284,0.361,0.242]
Epoch [3] Testing Results: Prec@1 24.430 Prec@5 80.150             Loss 3.16562
Epoch [3] Testing Class Recall: [0.722,0.669,0.372,0.678,0.000,0.000,0.002,0.000,0.000,0.000]
Epoch [4] Training Results: Prec@1 28.443 Prec@5 83.395             Loss 0.34068
Epoch [4] Training Class Recall: [0.310,0.414,0.105,0.194,0.203,0.175,0.266,0.265,0.377,0.212]
Epoch [4] Testing Results: Prec@1 25.220 Prec@5 81.720             Loss 2.55186
Epoch [4] Testing Class Recall: [0.368,0.793,0.102,0.222,0.775,0.017,0.033,0.075,0.137,0.000]
Epoch [5] Training Results: Prec@1 32.577 Prec@5 87.402             Loss 0.31092
Epoch [5] Training Class Recall: [0.375,0.428,0.162,0.150,0.268,0.304,0.247,0.314,0.311,0.242]
Epoch [5] Testing Results: Prec@1 29.650 Prec@5 83.120             Loss 2.18076
Epoch [5] Testing Class Recall: [0.602,0.185,0.000,0.005,0.583,0.574,0.223,0.131,0.422,0.240]
Epoch [6] Training Results: Prec@1 36.020 Prec@5 88.162             Loss 0.30714
Epoch [6] Training Class Recall: [0.413,0.468,0.243,0.179,0.188,0.272,0.215,0.343,0.377,0.273]
Epoch [6] Testing Results: Prec@1 30.190 Prec@5 86.250             Loss 1.80104
Epoch [6] Testing Class Recall: [0.639,0.041,0.475,0.013,0.258,0.284,0.357,0.327,0.036,0.589]
Epoch [7] Training Results: Prec@1 34.880 Prec@5 88.496             Loss 0.29972
Epoch [7] Training Class Recall: [0.403,0.453,0.183,0.164,0.221,0.257,0.392,0.441,0.443,0.273]
Epoch [7] Testing Results: Prec@1 32.350 Prec@5 84.860             Loss 1.96403
Epoch [7] Testing Class Recall: [0.372,0.666,0.127,0.003,0.508,0.138,0.223,0.560,0.637,0.001]
Epoch [8] Training Results: Prec@1 38.392 Prec@5 89.970             Loss 0.29087
Epoch [8] Training Class Recall: [0.435,0.532,0.199,0.202,0.241,0.249,0.278,0.343,0.443,0.273]
Epoch [8] Testing Results: Prec@1 34.120 Prec@5 87.960             Loss 2.00395
Epoch [8] Testing Class Recall: [0.239,0.623,0.479,0.046,0.052,0.246,0.401,0.753,0.287,0.286]
Epoch [9] Training Results: Prec@1 37.644 Prec@5 90.316             Loss 0.28692
Epoch [9] Training Class Recall: [0.383,0.556,0.238,0.233,0.179,0.237,0.367,0.412,0.492,0.333]
Epoch [9] Testing Results: Prec@1 30.740 Prec@5 84.030             Loss 2.28902
Epoch [9] Testing Class Recall: [0.630,0.032,0.398,0.140,0.094,0.450,0.604,0.030,0.164,0.532]
Epoch [10] Training Results: Prec@1 42.561 Prec@5 89.912             Loss 0.29317
Epoch [10] Training Class Recall: [0.468,0.627,0.228,0.188,0.241,0.276,0.310,0.471,0.410,0.242]
Epoch [10] Testing Results: Prec@1 30.590 Prec@5 86.250             Loss 2.09037
Epoch [10] Testing Class Recall: [0.593,0.125,0.128,0.005,0.347,0.618,0.132,0.663,0.010,0.438]
Epoch [11] Training Results: Prec@1 40.776 Prec@5 91.490             Loss 0.27250
Epoch [11] Training Class Recall: [0.481,0.513,0.234,0.214,0.221,0.288,0.399,0.461,0.492,0.273]
Epoch [11] Testing Results: Prec@1 33.140 Prec@5 87.640             Loss 2.30833
Epoch [11] Testing Class Recall: [0.546,0.572,0.099,0.000,0.437,0.849,0.199,0.230,0.281,0.101]
Epoch [12] Training Results: Prec@1 40.546 Prec@5 91.594             Loss 0.27004
Epoch [12] Training Class Recall: [0.471,0.482,0.270,0.197,0.246,0.354,0.430,0.480,0.574,0.364]
Epoch [12] Testing Results: Prec@1 30.500 Prec@5 87.440             Loss 2.00590
Epoch [12] Testing Class Recall: [0.719,0.084,0.716,0.064,0.016,0.119,0.226,0.344,0.304,0.458]
Epoch [13] Training Results: Prec@1 38.830 Prec@5 91.306             Loss 0.27310
Epoch [13] Training Class Recall: [0.455,0.439,0.242,0.234,0.241,0.370,0.506,0.451,0.541,0.273]
Epoch [13] Testing Results: Prec@1 33.740 Prec@5 88.060             Loss 2.37911
Epoch [13] Testing Class Recall: [0.767,0.480,0.578,0.003,0.195,0.413,0.224,0.458,0.254,0.002]
Epoch [14] Training Results: Prec@1 46.177 Prec@5 92.457             Loss 0.26010
Epoch [14] Training Class Recall: [0.507,0.616,0.329,0.217,0.219,0.358,0.437,0.569,0.590,0.273]
Epoch [14] Testing Results: Prec@1 36.090 Prec@5 89.030             Loss 1.93707
Epoch [14] Testing Class Recall: [0.437,0.534,0.140,0.254,0.521,0.152,0.617,0.143,0.693,0.118]
Epoch [15] Training Results: Prec@1 42.883 Prec@5 91.985             Loss 0.25998
Epoch [15] Training Class Recall: [0.506,0.477,0.303,0.271,0.232,0.284,0.494,0.520,0.590,0.485]
Epoch [15] Testing Results: Prec@1 39.250 Prec@5 86.850             Loss 3.08774
Epoch [15] Testing Class Recall: [0.738,0.789,0.262,0.317,0.217,0.058,0.580,0.693,0.225,0.046]
Epoch [16] Training Results: Prec@1 44.553 Prec@5 92.803             Loss 0.25597
Epoch [16] Training Class Recall: [0.534,0.483,0.289,0.279,0.312,0.362,0.449,0.510,0.590,0.424]
Epoch [16] Testing Results: Prec@1 36.440 Prec@5 88.930             Loss 2.18185
Epoch [16] Testing Class Recall: [0.676,0.656,0.167,0.163,0.347,0.155,0.300,0.838,0.313,0.029]
Epoch [17] Training Results: Prec@1 45.106 Prec@5 93.379             Loss 0.25261
Epoch [17] Training Class Recall: [0.527,0.522,0.309,0.281,0.225,0.335,0.487,0.539,0.656,0.333]
Epoch [17] Testing Results: Prec@1 41.490 Prec@5 89.430             Loss 2.32675
Epoch [17] Testing Class Recall: [0.738,0.732,0.341,0.378,0.533,0.280,0.406,0.404,0.331,0.006]
Epoch [18] Training Results: Prec@1 48.883 Prec@5 93.989             Loss 0.23732
Epoch [18] Training Class Recall: [0.561,0.566,0.339,0.290,0.344,0.366,0.494,0.529,0.672,0.576]
Epoch [18] Testing Results: Prec@1 44.120 Prec@5 91.340             Loss 1.83022
Epoch [18] Testing Class Recall: [0.494,0.708,0.315,0.263,0.302,0.434,0.440,0.663,0.530,0.263]
Epoch [19] Training Results: Prec@1 46.776 Prec@5 93.805             Loss 0.24118
Epoch [19] Training Class Recall: [0.558,0.506,0.317,0.286,0.304,0.389,0.500,0.549,0.656,0.485]
Epoch [19] Testing Results: Prec@1 41.540 Prec@5 91.430             Loss 1.87333
Epoch [19] Testing Class Recall: [0.486,0.501,0.587,0.135,0.096,0.386,0.543,0.529,0.459,0.432]
Epoch [20] Training Results: Prec@1 48.871 Prec@5 93.862             Loss 0.23568
Epoch [20] Training Class Recall: [0.540,0.592,0.356,0.302,0.306,0.381,0.475,0.569,0.672,0.545]
Epoch [20] Testing Results: Prec@1 42.660 Prec@5 90.010             Loss 2.57092
Epoch [20] Testing Class Recall: [0.672,0.774,0.164,0.171,0.574,0.546,0.460,0.469,0.315,0.121]
Epoch [21] Training Results: Prec@1 50.322 Prec@5 94.645             Loss 0.22620
Epoch [21] Training Class Recall: [0.569,0.587,0.352,0.346,0.304,0.346,0.544,0.559,0.820,0.576]
Epoch [21] Testing Results: Prec@1 45.380 Prec@5 91.870             Loss 1.87090
Epoch [21] Testing Class Recall: [0.654,0.627,0.343,0.155,0.546,0.457,0.365,0.625,0.333,0.433]
Epoch [22] Training Results: Prec@1 51.071 Prec@5 94.323             Loss 0.22336
Epoch [22] Training Class Recall: [0.582,0.569,0.371,0.339,0.355,0.370,0.563,0.618,0.754,0.697]
Epoch [22] Testing Results: Prec@1 40.690 Prec@5 84.410             Loss 3.70030
Epoch [22] Testing Class Recall: [0.680,0.521,0.408,0.060,0.336,0.613,0.430,0.587,0.412,0.022]
Epoch [23] Training Results: Prec@1 49.240 Prec@5 94.634             Loss 0.23069
Epoch [23] Training Class Recall: [0.550,0.565,0.395,0.305,0.290,0.374,0.551,0.598,0.721,0.455]
Epoch [23] Testing Results: Prec@1 44.210 Prec@5 89.700             Loss 2.29749
Epoch [23] Testing Class Recall: [0.606,0.775,0.224,0.389,0.464,0.527,0.667,0.182,0.511,0.076]
Epoch [24] Training Results: Prec@1 51.716 Prec@5 94.680             Loss 0.21584
Epoch [24] Training Class Recall: [0.576,0.588,0.376,0.377,0.362,0.381,0.563,0.598,0.754,0.636]
Epoch [24] Testing Results: Prec@1 41.780 Prec@5 90.270             Loss 2.73524
Epoch [24] Testing Class Recall: [0.700,0.776,0.407,0.332,0.449,0.292,0.415,0.286,0.396,0.125]
Epoch [25] Training Results: Prec@1 53.351 Prec@5 94.830             Loss 0.21531
Epoch [25] Training Class Recall: [0.623,0.558,0.400,0.336,0.404,0.420,0.601,0.598,0.803,0.697]
Epoch [25] Testing Results: Prec@1 48.050 Prec@5 91.960             Loss 1.65531
Epoch [25] Testing Class Recall: [0.527,0.538,0.370,0.408,0.513,0.319,0.492,0.644,0.444,0.550]
Epoch [26] Training Results: Prec@1 53.812 Prec@5 95.164             Loss 0.20669
Epoch [26] Training Class Recall: [0.599,0.606,0.422,0.352,0.395,0.389,0.557,0.618,0.803,0.697]
Epoch [26] Testing Results: Prec@1 45.420 Prec@5 93.570             Loss 1.29759
Epoch [26] Testing Class Recall: [0.448,0.283,0.462,0.110,0.294,0.597,0.436,0.666,0.431,0.815]
Epoch [27] Training Results: Prec@1 56.023 Prec@5 95.670             Loss 0.20077
Epoch [27] Training Class Recall: [0.628,0.642,0.419,0.331,0.431,0.444,0.557,0.627,0.754,0.848]
Epoch [27] Testing Results: Prec@1 43.110 Prec@5 88.870             Loss 2.66326
Epoch [27] Testing Class Recall: [0.610,0.649,0.298,0.196,0.204,0.796,0.485,0.521,0.243,0.309]
Epoch [28] Training Results: Prec@1 54.399 Prec@5 95.739             Loss 0.20784
Epoch [28] Training Class Recall: [0.607,0.604,0.429,0.373,0.357,0.436,0.576,0.627,0.852,0.788]
Epoch [28] Testing Results: Prec@1 44.360 Prec@5 92.730             Loss 1.34973
Epoch [28] Testing Class Recall: [0.311,0.040,0.425,0.514,0.288,0.292,0.761,0.337,0.835,0.633]
Epoch [29] Training Results: Prec@1 53.339 Prec@5 95.797             Loss 0.21090
Epoch [29] Training Class Recall: [0.572,0.627,0.425,0.363,0.391,0.389,0.620,0.618,0.705,0.667]
Epoch [29] Testing Results: Prec@1 50.990 Prec@5 93.050             Loss 1.49253
Epoch [29] Testing Class Recall: [0.601,0.555,0.454,0.251,0.409,0.647,0.589,0.516,0.507,0.570]
Epoch [30] Training Results: Prec@1 57.393 Prec@5 95.751             Loss 0.19970
Epoch [30] Training Class Recall: [0.627,0.705,0.444,0.335,0.344,0.416,0.582,0.588,0.869,0.758]
Epoch [30] Testing Results: Prec@1 48.230 Prec@5 92.120             Loss 1.83121
Epoch [30] Testing Class Recall: [0.619,0.445,0.208,0.392,0.336,0.714,0.465,0.573,0.660,0.411]
Epoch [31] Training Results: Prec@1 59.857 Prec@5 96.384             Loss 0.18843
Epoch [31] Training Class Recall: [0.646,0.728,0.455,0.372,0.458,0.432,0.576,0.637,0.820,0.758]
Epoch [31] Testing Results: Prec@1 47.710 Prec@5 92.090             Loss 1.67558
Epoch [31] Testing Class Recall: [0.536,0.602,0.598,0.599,0.163,0.230,0.586,0.282,0.501,0.674]
Epoch [32] Training Results: Prec@1 59.143 Prec@5 96.476             Loss 0.18123
Epoch [32] Training Class Recall: [0.654,0.683,0.448,0.371,0.431,0.467,0.652,0.696,0.836,0.788]
Epoch [32] Testing Results: Prec@1 45.260 Prec@5 91.820             Loss 1.92914
Epoch [32] Testing Class Recall: [0.498,0.414,0.239,0.500,0.449,0.664,0.125,0.469,0.745,0.423]
Epoch [33] Training Results: Prec@1 59.938 Prec@5 96.522             Loss 0.18011
Epoch [33] Training Class Recall: [0.632,0.754,0.465,0.319,0.458,0.463,0.652,0.696,0.869,0.848]
Epoch [33] Testing Results: Prec@1 47.900 Prec@5 90.380             Loss 2.34304
Epoch [33] Testing Class Recall: [0.640,0.815,0.496,0.378,0.321,0.652,0.293,0.449,0.555,0.191]
Epoch [34] Training Results: Prec@1 61.377 Prec@5 96.983             Loss 0.17945
Epoch [34] Training Class Recall: [0.667,0.728,0.471,0.388,0.475,0.447,0.633,0.676,0.803,0.848]
Epoch [34] Testing Results: Prec@1 48.710 Prec@5 92.200             Loss 1.74531
Epoch [34] Testing Class Recall: [0.734,0.424,0.575,0.317,0.386,0.549,0.430,0.208,0.582,0.666]
Epoch [35] Training Results: Prec@1 60.928 Prec@5 96.741             Loss 0.17670
Epoch [35] Training Class Recall: [0.653,0.731,0.453,0.382,0.491,0.514,0.627,0.686,0.902,0.879]
Epoch [35] Testing Results: Prec@1 51.430 Prec@5 91.870             Loss 2.08494
Epoch [35] Testing Class Recall: [0.471,0.679,0.596,0.322,0.503,0.556,0.595,0.455,0.687,0.279]
Epoch [36] Training Results: Prec@1 61.515 Prec@5 97.052             Loss 0.17350
Epoch [36] Training Class Recall: [0.669,0.719,0.452,0.417,0.511,0.482,0.665,0.667,0.836,0.758]
Epoch [36] Testing Results: Prec@1 51.520 Prec@5 92.400             Loss 2.07061
Epoch [36] Testing Class Recall: [0.604,0.722,0.342,0.297,0.610,0.616,0.469,0.649,0.707,0.136]
Epoch [37] Training Results: Prec@1 62.840 Prec@5 97.271             Loss 0.16524
Epoch [37] Training Class Recall: [0.676,0.746,0.471,0.402,0.507,0.510,0.658,0.775,0.869,0.848]
Epoch [37] Testing Results: Prec@1 44.110 Prec@5 87.470             Loss 3.71204
Epoch [37] Testing Class Recall: [0.698,0.788,0.302,0.469,0.370,0.710,0.395,0.368,0.279,0.032]
Epoch [38] Training Results: Prec@1 65.189 Prec@5 97.374             Loss 0.15920
Epoch [38] Training Class Recall: [0.703,0.787,0.456,0.426,0.567,0.498,0.722,0.676,0.869,0.818]
Epoch [38] Testing Results: Prec@1 52.540 Prec@5 92.380             Loss 2.15917
Epoch [38] Testing Class Recall: [0.607,0.926,0.356,0.448,0.350,0.544,0.746,0.382,0.585,0.310]
Epoch [39] Training Results: Prec@1 64.175 Prec@5 97.524             Loss 0.15904
Epoch [39] Training Class Recall: [0.669,0.793,0.509,0.411,0.520,0.436,0.646,0.745,0.918,0.939]
Epoch [39] Testing Results: Prec@1 50.890 Prec@5 92.280             Loss 2.30142
Epoch [39] Testing Class Recall: [0.531,0.830,0.636,0.542,0.229,0.523,0.540,0.343,0.594,0.321]
Epoch [40] Training Results: Prec@1 64.843 Prec@5 97.916             Loss 0.15550
Epoch [40] Training Class Recall: [0.687,0.771,0.494,0.422,0.565,0.541,0.677,0.755,0.902,0.848]
Epoch [40] Testing Results: Prec@1 47.970 Prec@5 89.330             Loss 2.99870
Epoch [40] Testing Class Recall: [0.688,0.826,0.424,0.773,0.516,0.193,0.542,0.234,0.446,0.155]
Epoch [41] Training Results: Prec@1 61.631 Prec@5 96.971             Loss 0.17674
Epoch [41] Training Class Recall: [0.620,0.778,0.478,0.438,0.487,0.498,0.734,0.725,0.803,0.788]
Epoch [41] Testing Results: Prec@1 49.540 Prec@5 89.870             Loss 2.64501
Epoch [41] Testing Class Recall: [0.595,0.811,0.529,0.378,0.301,0.440,0.739,0.484,0.309,0.368]
Epoch [42] Training Results: Prec@1 65.419 Prec@5 97.536             Loss 0.15779
Epoch [42] Training Class Recall: [0.709,0.762,0.485,0.435,0.545,0.545,0.671,0.755,0.951,0.879]
Epoch [42] Testing Results: Prec@1 54.110 Prec@5 91.720             Loss 2.37170
Epoch [42] Testing Class Recall: [0.768,0.832,0.506,0.366,0.577,0.546,0.620,0.557,0.421,0.218]
Epoch [43] Training Results: Prec@1 68.183 Prec@5 98.134             Loss 0.14284
Epoch [43] Training Class Recall: [0.721,0.813,0.537,0.419,0.600,0.560,0.722,0.745,0.951,0.879]
Epoch [43] Testing Results: Prec@1 55.960 Prec@5 92.960             Loss 2.10390
Epoch [43] Testing Class Recall: [0.693,0.790,0.426,0.325,0.626,0.586,0.694,0.612,0.544,0.300]
Epoch [44] Training Results: Prec@1 70.417 Prec@5 98.065             Loss 0.13227
Epoch [44] Training Class Recall: [0.743,0.862,0.508,0.466,0.612,0.584,0.741,0.775,0.934,0.939]
Epoch [44] Testing Results: Prec@1 55.490 Prec@5 92.620             Loss 2.14171
Epoch [44] Testing Class Recall: [0.635,0.815,0.626,0.433,0.456,0.346,0.673,0.541,0.642,0.382]
Epoch [45] Training Results: Prec@1 66.893 Prec@5 98.353             Loss 0.14524
Epoch [45] Training Class Recall: [0.708,0.800,0.512,0.453,0.551,0.537,0.722,0.735,0.902,0.879]
Epoch [45] Testing Results: Prec@1 55.820 Prec@5 93.140             Loss 1.96281
Epoch [45] Testing Class Recall: [0.682,0.706,0.524,0.215,0.525,0.616,0.724,0.665,0.428,0.497]
Epoch [46] Training Results: Prec@1 68.286 Prec@5 97.893             Loss 0.14356
Epoch [46] Training Class Recall: [0.713,0.832,0.512,0.451,0.607,0.568,0.728,0.794,0.869,0.879]
Epoch [46] Testing Results: Prec@1 55.220 Prec@5 91.320             Loss 2.52534
Epoch [46] Testing Class Recall: [0.744,0.741,0.485,0.417,0.577,0.514,0.634,0.710,0.527,0.173]
Epoch [47] Training Results: Prec@1 69.807 Prec@5 98.353             Loss 0.13140
Epoch [47] Training Class Recall: [0.732,0.838,0.522,0.472,0.621,0.580,0.759,0.814,0.967,0.939]
Epoch [47] Testing Results: Prec@1 53.290 Prec@5 93.450             Loss 1.56880
Epoch [47] Testing Class Recall: [0.762,0.646,0.588,0.449,0.321,0.331,0.254,0.819,0.444,0.715]
Epoch [48] Training Results: Prec@1 72.444 Prec@5 98.526             Loss 0.12193
Epoch [48] Training Class Recall: [0.758,0.876,0.539,0.510,0.632,0.568,0.747,0.863,0.951,1.000]
Epoch [48] Testing Results: Prec@1 53.660 Prec@5 92.460             Loss 2.55792
Epoch [48] Testing Class Recall: [0.786,0.789,0.426,0.586,0.369,0.545,0.703,0.379,0.440,0.343]
Epoch [49] Training Results: Prec@1 70.958 Prec@5 98.595             Loss 0.12520
Epoch [49] Training Class Recall: [0.748,0.831,0.548,0.482,0.645,0.603,0.734,0.863,0.984,0.939]
Epoch [49] Testing Results: Prec@1 50.340 Prec@5 92.430             Loss 2.53841
Epoch [49] Testing Class Recall: [0.852,0.563,0.641,0.188,0.652,0.350,0.555,0.322,0.257,0.654]
Epoch [50] Training Results: Prec@1 69.196 Prec@5 98.342             Loss 0.14220
Epoch [50] Training Class Recall: [0.747,0.834,0.491,0.448,0.565,0.603,0.671,0.745,0.967,0.939]
Epoch [50] Testing Results: Prec@1 52.100 Prec@5 91.380             Loss 2.97681
Epoch [50] Testing Class Recall: [0.847,0.785,0.506,0.341,0.393,0.329,0.729,0.679,0.312,0.289]
Epoch [51] Training Results: Prec@1 70.037 Prec@5 98.181             Loss 0.13138
Epoch [51] Training Class Recall: [0.739,0.838,0.520,0.477,0.607,0.576,0.734,0.863,0.967,0.939]
Epoch [51] Testing Results: Prec@1 53.750 Prec@5 93.170             Loss 1.83413
Epoch [51] Testing Class Recall: [0.633,0.491,0.569,0.387,0.502,0.377,0.789,0.400,0.826,0.401]
Epoch [52] Training Results: Prec@1 65.673 Prec@5 98.088             Loss 0.15015
Epoch [52] Training Class Recall: [0.691,0.775,0.491,0.476,0.578,0.556,0.722,0.735,0.885,0.848]
Epoch [52] Testing Results: Prec@1 45.630 Prec@5 88.280             Loss 3.87667
Epoch [52] Testing Class Recall: [0.722,0.711,0.583,0.263,0.296,0.823,0.312,0.299,0.465,0.089]
Epoch [53] Training Results: Prec@1 70.152 Prec@5 98.480             Loss 0.13147
Epoch [53] Training Class Recall: [0.741,0.827,0.533,0.484,0.598,0.623,0.753,0.833,0.967,0.879]
Epoch [53] Testing Results: Prec@1 56.460 Prec@5 93.420             Loss 2.06829
Epoch [53] Testing Class Recall: [0.768,0.855,0.615,0.183,0.637,0.515,0.720,0.550,0.425,0.378]
Epoch [54] Training Results: Prec@1 72.398 Prec@5 98.630             Loss 0.11855
Epoch [54] Training Class Recall: [0.754,0.865,0.545,0.536,0.629,0.599,0.791,0.804,0.951,0.970]
Epoch [54] Testing Results: Prec@1 55.610 Prec@5 92.690             Loss 2.12044
Epoch [54] Testing Class Recall: [0.811,0.747,0.452,0.632,0.476,0.229,0.796,0.559,0.358,0.501]
Epoch [55] Training Results: Prec@1 73.768 Prec@5 98.641             Loss 0.11063
Epoch [55] Training Class Recall: [0.757,0.893,0.558,0.531,0.667,0.646,0.791,0.863,0.984,0.970]
Epoch [55] Testing Results: Prec@1 51.710 Prec@5 90.410             Loss 3.12112
Epoch [55] Testing Class Recall: [0.720,0.884,0.719,0.390,0.381,0.355,0.766,0.325,0.445,0.186]
Epoch [56] Training Results: Prec@1 69.254 Prec@5 98.273             Loss 0.14124
Epoch [56] Training Class Recall: [0.703,0.848,0.535,0.497,0.627,0.584,0.741,0.833,0.902,0.909]
Epoch [56] Testing Results: Prec@1 56.750 Prec@5 94.410             Loss 1.46511
Epoch [56] Testing Class Recall: [0.618,0.873,0.418,0.437,0.190,0.651,0.477,0.747,0.665,0.599]
Epoch [57] Training Results: Prec@1 72.213 Prec@5 98.791             Loss 0.11887
Epoch [57] Training Class Recall: [0.749,0.866,0.547,0.528,0.616,0.638,0.772,0.853,0.934,0.939]
Epoch [57] Testing Results: Prec@1 56.540 Prec@5 93.660             Loss 1.63095
Epoch [57] Testing Class Recall: [0.776,0.674,0.728,0.401,0.482,0.231,0.625,0.595,0.471,0.671]
Epoch [58] Training Results: Prec@1 74.205 Prec@5 99.182             Loss 0.10869
Epoch [58] Training Class Recall: [0.790,0.851,0.579,0.502,0.688,0.638,0.797,0.843,1.000,0.939]
Epoch [58] Testing Results: Prec@1 55.000 Prec@5 90.280             Loss 3.15218
Epoch [58] Testing Class Recall: [0.756,0.879,0.487,0.521,0.746,0.385,0.620,0.627,0.277,0.202]
Epoch [59] Training Results: Prec@1 69.104 Prec@5 98.630             Loss 0.13570
Epoch [59] Training Class Recall: [0.698,0.817,0.571,0.505,0.676,0.584,0.759,0.824,0.852,0.879]
Epoch [59] Testing Results: Prec@1 55.360 Prec@5 92.230             Loss 1.97924
Epoch [59] Testing Class Recall: [0.656,0.770,0.258,0.635,0.436,0.578,0.769,0.445,0.620,0.369]
Epoch [60] Training Results: Prec@1 74.275 Prec@5 98.848             Loss 0.11149
Epoch [60] Training Class Recall: [0.780,0.880,0.570,0.510,0.650,0.642,0.778,0.892,0.967,1.000]
Epoch [60] Testing Results: Prec@1 53.510 Prec@5 89.740             Loss 3.16782
Epoch [60] Testing Class Recall: [0.718,0.929,0.678,0.733,0.377,0.478,0.521,0.133,0.660,0.124]
Epoch [61] Training Results: Prec@1 77.579 Prec@5 99.171             Loss 0.09723
Epoch [61] Training Class Recall: [0.799,0.914,0.593,0.597,0.750,0.658,0.823,0.873,1.000,1.000]
Epoch [61] Testing Results: Prec@1 58.060 Prec@5 92.650             Loss 2.52243
Epoch [61] Testing Class Recall: [0.781,0.913,0.774,0.367,0.495,0.406,0.679,0.581,0.550,0.260]
Epoch [62] Training Results: Prec@1 74.965 Prec@5 99.136             Loss 0.10508
Epoch [62] Training Class Recall: [0.766,0.880,0.600,0.548,0.719,0.669,0.829,0.912,0.918,0.939]
Epoch [62] Testing Results: Prec@1 48.990 Prec@5 91.200             Loss 2.91120
Epoch [62] Testing Class Recall: [0.786,0.787,0.425,0.520,0.355,0.720,0.232,0.253,0.371,0.450]
Epoch [63] Training Results: Prec@1 76.255 Prec@5 99.159             Loss 0.10140
Epoch [63] Training Class Recall: [0.781,0.891,0.590,0.573,0.786,0.669,0.823,0.892,0.951,0.970]
Epoch [63] Testing Results: Prec@1 54.080 Prec@5 91.350             Loss 2.49157
Epoch [63] Testing Class Recall: [0.801,0.818,0.654,0.508,0.431,0.082,0.877,0.442,0.186,0.609]
Epoch [64] Training Results: Prec@1 76.129 Prec@5 99.113             Loss 0.10395
Epoch [64] Training Class Recall: [0.795,0.881,0.593,0.548,0.750,0.642,0.791,0.931,0.967,0.939]
Epoch [64] Testing Results: Prec@1 56.910 Prec@5 94.040             Loss 2.12903
Epoch [64] Testing Class Recall: [0.857,0.903,0.418,0.352,0.385,0.363,0.836,0.737,0.522,0.318]
Epoch [65] Training Results: Prec@1 77.303 Prec@5 99.067             Loss 0.09967
Epoch [65] Training Class Recall: [0.798,0.904,0.624,0.561,0.701,0.735,0.772,0.882,0.951,0.970]
Epoch [65] Testing Results: Prec@1 53.170 Prec@5 89.500             Loss 2.65604
Epoch [65] Testing Class Recall: [0.577,0.763,0.671,0.321,0.554,0.340,0.896,0.202,0.501,0.492]
Epoch [66] Training Results: Prec@1 78.213 Prec@5 99.321             Loss 0.08846
Epoch [66] Training Class Recall: [0.805,0.906,0.611,0.598,0.766,0.696,0.854,0.931,0.984,1.000]
Epoch [66] Testing Results: Prec@1 54.080 Prec@5 93.020             Loss 3.07488
Epoch [66] Testing Class Recall: [0.710,0.932,0.626,0.344,0.343,0.823,0.505,0.483,0.319,0.323]
Epoch [67] Training Results: Prec@1 79.376 Prec@5 99.344             Loss 0.08835
Epoch [67] Training Class Recall: [0.814,0.924,0.644,0.604,0.741,0.658,0.880,0.941,0.967,1.000]
Epoch [67] Testing Results: Prec@1 57.780 Prec@5 92.000             Loss 2.97069
Epoch [67] Testing Class Recall: [0.706,0.939,0.485,0.615,0.607,0.580,0.636,0.304,0.663,0.243]
Epoch [68] Training Results: Prec@1 79.376 Prec@5 99.459             Loss 0.08133
Epoch [68] Training Class Recall: [0.794,0.924,0.655,0.616,0.781,0.747,0.899,0.980,0.967,1.000]
Epoch [68] Testing Results: Prec@1 52.430 Prec@5 90.790             Loss 3.47353
Epoch [68] Testing Class Recall: [0.772,0.860,0.842,0.508,0.458,0.269,0.434,0.384,0.568,0.148]
Epoch [69] Training Results: Prec@1 80.159 Prec@5 99.551             Loss 0.08087
Epoch [69] Training Class Recall: [0.822,0.912,0.661,0.610,0.790,0.704,0.899,0.941,0.984,1.000]
Epoch [69] Testing Results: Prec@1 58.030 Prec@5 93.500             Loss 2.62552
Epoch [69] Testing Class Recall: [0.822,0.940,0.540,0.575,0.412,0.683,0.482,0.582,0.505,0.262]
Epoch [70] Training Results: Prec@1 80.378 Prec@5 99.528             Loss 0.08120
Epoch [70] Training Class Recall: [0.819,0.917,0.662,0.629,0.786,0.747,0.861,0.961,0.951,1.000]
Epoch [70] Testing Results: Prec@1 61.980 Prec@5 94.340             Loss 2.12351
Epoch [70] Testing Class Recall: [0.812,0.868,0.592,0.636,0.601,0.361,0.662,0.653,0.502,0.511]
Epoch [71] Training Results: Prec@1 78.397 Prec@5 99.240             Loss 0.09207
Epoch [71] Training Class Recall: [0.794,0.906,0.645,0.601,0.792,0.693,0.873,0.902,0.951,0.970]
Epoch [71] Testing Results: Prec@1 44.200 Prec@5 82.990             Loss 4.25189
Epoch [71] Testing Class Recall: [0.515,0.802,0.265,0.557,0.274,0.295,0.326,0.577,0.046,0.763]
Epoch [72] Training Results: Prec@1 62.897 Prec@5 97.559             Loss 0.17964
Epoch [72] Training Class Recall: [0.667,0.668,0.527,0.495,0.607,0.584,0.785,0.745,0.672,0.515]
Epoch [72] Testing Results: Prec@1 57.230 Prec@5 94.050             Loss 1.92729
Epoch [72] Testing Class Recall: [0.653,0.867,0.345,0.312,0.686,0.712,0.600,0.731,0.692,0.125]
Epoch [73] Training Results: Prec@1 74.505 Prec@5 99.079             Loss 0.10982
Epoch [73] Training Class Recall: [0.766,0.856,0.609,0.541,0.746,0.650,0.816,0.912,0.918,0.909]
Epoch [73] Testing Results: Prec@1 57.560 Prec@5 92.850             Loss 2.30463
Epoch [73] Testing Class Recall: [0.723,0.936,0.492,0.413,0.607,0.410,0.904,0.482,0.548,0.241]
Epoch [74] Training Results: Prec@1 77.395 Prec@5 99.459             Loss 0.09089
Epoch [74] Training Class Recall: [0.785,0.898,0.621,0.594,0.783,0.685,0.848,0.961,0.951,1.000]
Epoch [74] Testing Results: Prec@1 50.690 Prec@5 90.870             Loss 3.33529
Epoch [74] Testing Class Recall: [0.830,0.816,0.523,0.740,0.226,0.049,0.861,0.414,0.487,0.123]
Epoch [75] Training Results: Prec@1 78.789 Prec@5 99.528             Loss 0.08821
Epoch [75] Training Class Recall: [0.807,0.888,0.660,0.612,0.801,0.681,0.854,0.892,1.000,0.970]
Epoch [75] Testing Results: Prec@1 58.500 Prec@5 92.750             Loss 2.72696
Epoch [75] Testing Class Recall: [0.804,0.913,0.642,0.632,0.387,0.451,0.560,0.700,0.619,0.142]
Epoch [76] Training Results: Prec@1 75.806 Prec@5 99.171             Loss 0.10016
Epoch [76] Training Class Recall: [0.769,0.851,0.644,0.610,0.730,0.732,0.848,0.873,0.967,0.848]
Epoch [76] Testing Results: Prec@1 52.350 Prec@5 91.460             Loss 2.41456
Epoch [76] Testing Class Recall: [0.740,0.601,0.838,0.285,0.273,0.483,0.728,0.236,0.324,0.727]
Epoch [77] Training Results: Prec@1 75.795 Prec@5 99.205             Loss 0.10069
Epoch [77] Training Class Recall: [0.772,0.858,0.628,0.585,0.772,0.716,0.823,0.931,0.869,1.000]
Epoch [77] Testing Results: Prec@1 59.250 Prec@5 92.370             Loss 2.45005
Epoch [77] Testing Class Recall: [0.803,0.871,0.529,0.516,0.641,0.259,0.865,0.512,0.637,0.292]
Epoch [78] Training Results: Prec@1 77.280 Prec@5 99.286             Loss 0.09254
Epoch [78] Training Class Recall: [0.782,0.876,0.658,0.607,0.757,0.696,0.867,0.941,0.967,0.909]
Epoch [78] Testing Results: Prec@1 56.780 Prec@5 92.380             Loss 1.92022
Epoch [78] Testing Class Recall: [0.750,0.842,0.722,0.481,0.632,0.402,0.363,0.280,0.665,0.541]
Epoch [79] Training Results: Prec@1 81.057 Prec@5 99.493             Loss 0.07864
Epoch [79] Training Class Recall: [0.820,0.920,0.689,0.650,0.752,0.798,0.886,0.931,0.984,0.970]
Epoch [79] Testing Results: Prec@1 59.650 Prec@5 91.550             Loss 2.80985
Epoch [79] Testing Class Recall: [0.801,0.903,0.434,0.644,0.690,0.375,0.842,0.369,0.619,0.288]
Epoch [80] Training Results: Prec@1 81.702 Prec@5 99.585             Loss 0.07277
Epoch [80] Training Class Recall: [0.832,0.920,0.682,0.640,0.835,0.743,0.918,0.980,0.967,0.970]
Epoch [80] Testing Results: Prec@1 57.030 Prec@5 92.420             Loss 2.94694
Epoch [80] Testing Class Recall: [0.605,0.665,0.577,0.275,0.853,0.741,0.515,0.475,0.800,0.197]
Epoch [81] Training Results: Prec@1 80.861 Prec@5 99.505             Loss 0.07581
Epoch [81] Training Class Recall: [0.805,0.918,0.691,0.662,0.819,0.774,0.924,0.922,0.967,0.970]
Epoch [81] Testing Results: Prec@1 60.470 Prec@5 94.620             Loss 1.65306
Epoch [81] Testing Class Recall: [0.743,0.453,0.570,0.551,0.771,0.524,0.610,0.563,0.563,0.699]
Epoch [82] Training Results: Prec@1 79.733 Prec@5 99.505             Loss 0.08265
Epoch [82] Training Class Recall: [0.809,0.893,0.683,0.639,0.806,0.720,0.880,0.892,0.951,1.000]
Epoch [82] Testing Results: Prec@1 55.960 Prec@5 90.570             Loss 3.63504
Epoch [82] Testing Class Recall: [0.804,0.946,0.547,0.517,0.502,0.748,0.701,0.356,0.290,0.185]
Epoch [83] Training Results: Prec@1 77.361 Prec@5 99.182             Loss 0.10220
Epoch [83] Training Class Recall: [0.771,0.909,0.653,0.619,0.721,0.716,0.816,0.902,0.918,0.879]
Epoch [83] Testing Results: Prec@1 54.700 Prec@5 92.820             Loss 1.81895
Epoch [83] Testing Class Recall: [0.786,0.727,0.665,0.362,0.404,0.309,0.580,0.461,0.477,0.699]
Epoch [84] Training Results: Prec@1 69.047 Prec@5 98.330             Loss 0.13578
Epoch [84] Training Class Recall: [0.705,0.785,0.570,0.520,0.705,0.642,0.753,0.824,0.869,0.788]
Epoch [84] Testing Results: Prec@1 58.010 Prec@5 94.100             Loss 1.24790
Epoch [84] Testing Class Recall: [0.779,0.491,0.588,0.408,0.639,0.447,0.659,0.466,0.558,0.766]
Epoch [85] Training Results: Prec@1 79.364 Prec@5 99.228             Loss 0.08670
Epoch [85] Training Class Recall: [0.814,0.892,0.652,0.619,0.788,0.763,0.886,0.922,0.951,0.970]
Epoch [85] Testing Results: Prec@1 56.840 Prec@5 93.900             Loss 2.12887
Epoch [85] Testing Class Recall: [0.792,0.870,0.692,0.770,0.330,0.288,0.264,0.687,0.563,0.428]
Epoch [86] Training Results: Prec@1 82.681 Prec@5 99.597             Loss 0.06995
Epoch [86] Training Class Recall: [0.842,0.925,0.703,0.639,0.821,0.813,0.924,0.961,1.000,1.000]
Epoch [86] Testing Results: Prec@1 64.110 Prec@5 94.200             Loss 1.73513
Epoch [86] Testing Class Recall: [0.803,0.909,0.536,0.759,0.644,0.448,0.731,0.341,0.550,0.690]
Epoch [87] Training Results: Prec@1 83.614 Prec@5 99.655             Loss 0.06499
Epoch [87] Training Class Recall: [0.839,0.936,0.719,0.694,0.846,0.805,0.911,0.971,1.000,1.000]
Epoch [87] Testing Results: Prec@1 61.730 Prec@5 94.390             Loss 2.14187
Epoch [87] Testing Class Recall: [0.852,0.894,0.539,0.717,0.491,0.311,0.813,0.575,0.603,0.378]
Epoch [88] Training Results: Prec@1 80.297 Prec@5 99.447             Loss 0.07923
Epoch [88] Training Class Recall: [0.822,0.883,0.673,0.648,0.821,0.786,0.886,0.922,0.984,0.939]
Epoch [88] Testing Results: Prec@1 57.530 Prec@5 93.830             Loss 2.39461
Epoch [88] Testing Class Recall: [0.692,0.849,0.446,0.148,0.725,0.855,0.427,0.549,0.783,0.279]
Epoch [89] Training Results: Prec@1 78.777 Prec@5 99.390             Loss 0.09377
Epoch [89] Training Class Recall: [0.807,0.879,0.651,0.640,0.788,0.763,0.854,0.892,0.918,0.909]
Epoch [89] Testing Results: Prec@1 56.930 Prec@5 91.100             Loss 2.92537
Epoch [89] Testing Class Recall: [0.703,0.858,0.533,0.447,0.403,0.692,0.860,0.344,0.550,0.303]
Epoch [90] Training Results: Prec@1 79.836 Prec@5 99.608             Loss 0.08615
Epoch [90] Training Class Recall: [0.813,0.896,0.670,0.641,0.812,0.739,0.854,0.922,0.934,0.879]
Epoch [90] Testing Results: Prec@1 61.770 Prec@5 95.040             Loss 1.76147
Epoch [90] Testing Class Recall: [0.733,0.904,0.689,0.484,0.312,0.629,0.701,0.659,0.527,0.539]
Epoch [91] Training Results: Prec@1 78.259 Prec@5 99.355             Loss 0.08593
Epoch [91] Training Class Recall: [0.782,0.882,0.671,0.623,0.810,0.759,0.880,0.941,0.984,0.970]
Epoch [91] Testing Results: Prec@1 57.040 Prec@5 90.760             Loss 3.66066
Epoch [91] Testing Class Recall: [0.750,0.913,0.559,0.625,0.391,0.568,0.789,0.524,0.460,0.125]
Epoch [92] Training Results: Prec@1 80.562 Prec@5 99.551             Loss 0.08017
Epoch [92] Training Class Recall: [0.804,0.915,0.695,0.658,0.806,0.755,0.899,0.892,0.967,1.000]
Epoch [92] Testing Results: Prec@1 55.320 Prec@5 93.650             Loss 3.08108
Epoch [92] Testing Class Recall: [0.368,0.832,0.648,0.584,0.455,0.323,0.802,0.564,0.836,0.120]
Epoch [93] Training Results: Prec@1 78.650 Prec@5 99.401             Loss 0.09058
Epoch [93] Training Class Recall: [0.803,0.871,0.660,0.628,0.804,0.790,0.867,0.912,0.918,0.879]
Epoch [93] Testing Results: Prec@1 58.650 Prec@5 92.980             Loss 2.40272
Epoch [93] Testing Class Recall: [0.734,0.837,0.758,0.507,0.731,0.535,0.521,0.348,0.558,0.336]
Epoch [94] Training Results: Prec@1 79.456 Prec@5 99.447             Loss 0.08333
Epoch [94] Training Class Recall: [0.793,0.906,0.685,0.627,0.821,0.732,0.886,0.912,0.951,1.000]
Epoch [94] Testing Results: Prec@1 58.430 Prec@5 91.910             Loss 2.54931
Epoch [94] Testing Class Recall: [0.840,0.838,0.657,0.524,0.445,0.395,0.887,0.387,0.547,0.323]
Epoch [95] Training Results: Prec@1 84.040 Prec@5 99.770             Loss 0.05898
Epoch [95] Training Class Recall: [0.849,0.936,0.704,0.703,0.855,0.833,0.937,0.971,0.984,1.000]
Epoch [95] Testing Results: Prec@1 59.500 Prec@5 93.330             Loss 2.88568
Epoch [95] Testing Class Recall: [0.879,0.913,0.728,0.431,0.732,0.581,0.449,0.483,0.554,0.200]
Epoch [96] Training Results: Prec@1 84.638 Prec@5 99.747             Loss 0.06054
Epoch [96] Training Class Recall: [0.857,0.938,0.720,0.696,0.862,0.829,0.924,0.980,0.984,1.000]
Epoch [96] Testing Results: Prec@1 61.460 Prec@5 93.210             Loss 2.87143
Epoch [96] Testing Class Recall: [0.899,0.904,0.690,0.586,0.646,0.592,0.627,0.498,0.356,0.348]
Epoch [97] Training Results: Prec@1 86.838 Prec@5 99.827             Loss 0.05162
Epoch [97] Training Class Recall: [0.876,0.955,0.765,0.715,0.884,0.848,0.956,0.980,1.000,1.000]
Epoch [97] Testing Results: Prec@1 62.780 Prec@5 94.020             Loss 2.63719
Epoch [97] Testing Class Recall: [0.809,0.929,0.591,0.678,0.795,0.557,0.431,0.667,0.452,0.369]
Epoch [98] Training Results: Prec@1 86.205 Prec@5 99.724             Loss 0.05486
Epoch [98] Training Class Recall: [0.865,0.941,0.755,0.756,0.886,0.844,0.930,0.971,1.000,0.970]
Epoch [98] Testing Results: Prec@1 59.460 Prec@5 93.820             Loss 2.73271
Epoch [98] Testing Class Recall: [0.784,0.927,0.824,0.136,0.564,0.687,0.673,0.499,0.441,0.411]
Epoch [99] Training Results: Prec@1 84.397 Prec@5 99.770             Loss 0.06367
Epoch [99] Training Class Recall: [0.845,0.929,0.738,0.733,0.846,0.837,0.930,0.951,0.951,1.000]
Epoch [99] Testing Results: Prec@1 62.370 Prec@5 95.080             Loss 1.97584
Epoch [99] Testing Class Recall: [0.789,0.948,0.584,0.531,0.507,0.660,0.474,0.612,0.619,0.513]
Epoch [100] Training Results: Prec@1 82.059 Prec@5 99.724             Loss 0.07578
Epoch [100] Training Class Recall: [0.841,0.894,0.700,0.669,0.842,0.813,0.886,0.951,0.984,0.879]
Epoch [100] Testing Results: Prec@1 44.890 Prec@5 88.140             Loss 3.73859
Epoch [100] Testing Class Recall: [0.939,0.846,0.788,0.306,0.394,0.181,0.254,0.151,0.300,0.330]
Epoch [101] Training Results: Prec@1 81.829 Prec@5 99.459             Loss 0.07634
Epoch [101] Training Class Recall: [0.829,0.918,0.691,0.652,0.846,0.805,0.873,0.882,0.967,1.000]
Epoch [101] Testing Results: Prec@1 52.430 Prec@5 91.670             Loss 2.84132
Epoch [101] Testing Class Recall: [0.730,0.871,0.383,0.268,0.268,0.559,0.363,0.954,0.527,0.320]
Epoch [102] Training Results: Prec@1 77.096 Prec@5 99.401             Loss 0.10087
Epoch [102] Training Class Recall: [0.779,0.861,0.661,0.637,0.759,0.739,0.848,0.882,0.902,0.879]
Epoch [102] Testing Results: Prec@1 58.840 Prec@5 92.390             Loss 2.39569
Epoch [102] Testing Class Recall: [0.844,0.856,0.475,0.748,0.569,0.430,0.716,0.325,0.607,0.314]
Epoch [103] Training Results: Prec@1 82.946 Prec@5 99.678             Loss 0.06922
Epoch [103] Training Class Recall: [0.839,0.918,0.720,0.689,0.806,0.817,0.905,0.961,0.951,0.970]
Epoch [103] Testing Results: Prec@1 64.420 Prec@5 94.650             Loss 1.94951
Epoch [103] Testing Class Recall: [0.730,0.959,0.495,0.564,0.681,0.609,0.834,0.438,0.724,0.408]
Epoch [104] Training Results: Prec@1 84.869 Prec@5 99.747             Loss 0.05910
Epoch [104] Training Class Recall: [0.851,0.928,0.750,0.729,0.846,0.837,0.949,0.990,0.984,1.000]
Epoch [104] Testing Results: Prec@1 57.170 Prec@5 92.500             Loss 3.10485
Epoch [104] Testing Class Recall: [0.847,0.947,0.766,0.592,0.578,0.595,0.350,0.334,0.385,0.323]
Epoch [105] Training Results: Prec@1 85.894 Prec@5 99.793             Loss 0.05481
Epoch [105] Training Class Recall: [0.872,0.927,0.742,0.736,0.888,0.875,0.930,0.951,0.984,1.000]
Epoch [105] Testing Results: Prec@1 58.630 Prec@5 92.350             Loss 3.07501
Epoch [105] Testing Class Recall: [0.686,0.843,0.592,0.809,0.563,0.544,0.571,0.358,0.686,0.211]
Epoch [106] Training Results: Prec@1 86.861 Prec@5 99.850             Loss 0.05044
Epoch [106] Training Class Recall: [0.869,0.950,0.764,0.767,0.875,0.868,0.937,0.961,1.000,1.000]
Epoch [106] Testing Results: Prec@1 60.290 Prec@5 92.570             Loss 3.37532
Epoch [106] Testing Class Recall: [0.839,0.864,0.617,0.724,0.730,0.259,0.620,0.630,0.619,0.127]
Epoch [107] Training Results: Prec@1 86.515 Prec@5 99.850             Loss 0.05087
Epoch [107] Training Class Recall: [0.868,0.945,0.762,0.739,0.886,0.879,0.949,0.951,1.000,1.000]
Epoch [107] Testing Results: Prec@1 57.770 Prec@5 92.110             Loss 2.99984
Epoch [107] Testing Class Recall: [0.710,0.863,0.493,0.569,0.730,0.444,0.662,0.654,0.345,0.307]
Epoch [108] Training Results: Prec@1 81.967 Prec@5 99.666             Loss 0.07390
Epoch [108] Training Class Recall: [0.826,0.919,0.688,0.704,0.804,0.802,0.905,0.882,0.967,1.000]
Epoch [108] Testing Results: Prec@1 54.180 Prec@5 89.430             Loss 3.43359
Epoch [108] Testing Class Recall: [0.730,0.942,0.524,0.328,0.749,0.733,0.304,0.655,0.206,0.247]
Epoch [109] Training Results: Prec@1 84.754 Prec@5 99.758             Loss 0.05950
Epoch [109] Training Class Recall: [0.858,0.922,0.723,0.740,0.859,0.844,0.930,0.971,0.984,1.000]
Epoch [109] Testing Results: Prec@1 59.280 Prec@5 91.070             Loss 3.65346
Epoch [109] Testing Class Recall: [0.828,0.953,0.662,0.439,0.756,0.744,0.566,0.413,0.317,0.250]
Epoch [110] Training Results: Prec@1 81.852 Prec@5 99.655             Loss 0.07027
Epoch [110] Training Class Recall: [0.817,0.895,0.729,0.687,0.859,0.813,0.911,0.971,0.967,0.909]
Epoch [110] Testing Results: Prec@1 59.920 Prec@5 93.150             Loss 3.08089
Epoch [110] Testing Class Recall: [0.907,0.839,0.587,0.650,0.732,0.493,0.645,0.590,0.229,0.320]
Epoch [111] Training Results: Prec@1 77.372 Prec@5 99.436             Loss 0.09696
Epoch [111] Training Class Recall: [0.790,0.879,0.610,0.637,0.783,0.735,0.829,0.892,0.934,0.939]
Epoch [111] Testing Results: Prec@1 54.970 Prec@5 89.250             Loss 2.48116
Epoch [111] Testing Class Recall: [0.768,0.829,0.542,0.327,0.560,0.259,0.954,0.319,0.449,0.490]
Epoch [112] Training Results: Prec@1 79.123 Prec@5 99.390             Loss 0.09139
Epoch [112] Training Class Recall: [0.807,0.864,0.680,0.658,0.810,0.751,0.861,0.863,0.967,0.909]
Epoch [112] Testing Results: Prec@1 51.730 Prec@5 90.580             Loss 2.91045
Epoch [112] Testing Class Recall: [0.825,0.646,0.243,0.469,0.793,0.614,0.339,0.675,0.252,0.317]
Epoch [113] Training Results: Prec@1 81.829 Prec@5 99.620             Loss 0.07321
Epoch [113] Training Class Recall: [0.822,0.918,0.690,0.678,0.846,0.774,0.924,0.941,0.984,0.939]
Epoch [113] Testing Results: Prec@1 62.760 Prec@5 95.370             Loss 1.96238
Epoch [113] Testing Class Recall: [0.751,0.875,0.768,0.707,0.672,0.336,0.433,0.619,0.698,0.417]
Epoch [114] Training Results: Prec@1 83.809 Prec@5 99.701             Loss 0.06449
Epoch [114] Training Class Recall: [0.838,0.923,0.737,0.700,0.873,0.852,0.899,0.980,0.918,1.000]
Epoch [114] Testing Results: Prec@1 65.740 Prec@5 94.750             Loss 1.64240
Epoch [114] Testing Class Recall: [0.808,0.915,0.633,0.523,0.741,0.512,0.707,0.445,0.679,0.611]
Epoch [115] Training Results: Prec@1 86.124 Prec@5 99.747             Loss 0.05178
Epoch [115] Training Class Recall: [0.867,0.938,0.743,0.739,0.893,0.887,0.956,0.961,1.000,1.000]
Epoch [115] Testing Results: Prec@1 59.820 Prec@5 94.870             Loss 2.34984
Epoch [115] Testing Class Recall: [0.862,0.920,0.787,0.755,0.411,0.371,0.307,0.659,0.419,0.491]
Epoch [116] Training Results: Prec@1 87.126 Prec@5 99.816             Loss 0.04805
Epoch [116] Training Class Recall: [0.871,0.943,0.781,0.763,0.915,0.860,0.930,0.961,1.000,1.000]
Epoch [116] Testing Results: Prec@1 61.510 Prec@5 93.590             Loss 2.85607
Epoch [116] Testing Class Recall: [0.888,0.941,0.665,0.656,0.607,0.525,0.678,0.488,0.355,0.348]
Epoch [117] Training Results: Prec@1 86.838 Prec@5 99.850             Loss 0.04892
Epoch [117] Training Class Recall: [0.873,0.942,0.770,0.763,0.875,0.868,0.937,0.951,1.000,1.000]
Epoch [117] Testing Results: Prec@1 57.360 Prec@5 93.240             Loss 3.11649
Epoch [117] Testing Class Recall: [0.857,0.970,0.810,0.452,0.606,0.413,0.380,0.620,0.405,0.223]
Epoch [118] Training Results: Prec@1 86.965 Prec@5 99.827             Loss 0.04822
Epoch [118] Training Class Recall: [0.875,0.942,0.766,0.749,0.904,0.879,0.949,0.971,0.984,0.970]
Epoch [118] Testing Results: Prec@1 55.730 Prec@5 91.060             Loss 3.97528
Epoch [118] Testing Class Recall: [0.779,0.925,0.577,0.712,0.655,0.627,0.372,0.413,0.273,0.240]
Epoch [119] Training Results: Prec@1 87.517 Prec@5 99.839             Loss 0.04922
Epoch [119] Training Class Recall: [0.883,0.948,0.763,0.790,0.862,0.875,0.956,0.941,1.000,1.000]
Epoch [119] Testing Results: Prec@1 58.800 Prec@5 92.070             Loss 2.97513
Epoch [119] Testing Class Recall: [0.922,0.914,0.693,0.764,0.625,0.237,0.544,0.405,0.179,0.597]
Epoch [120] Training Results: Prec@1 81.138 Prec@5 99.551             Loss 0.09328
Epoch [120] Training Class Recall: [0.819,0.912,0.718,0.662,0.792,0.782,0.810,0.833,0.934,0.848]
Epoch [120] Testing Results: Prec@1 57.680 Prec@5 95.180             Loss 1.17113
Epoch [120] Testing Class Recall: [0.533,0.323,0.603,0.656,0.485,0.352,0.672,0.648,0.778,0.718]
Epoch [121] Training Results: Prec@1 77.464 Prec@5 99.159             Loss 0.09831
Epoch [121] Training Class Recall: [0.777,0.875,0.675,0.619,0.790,0.716,0.842,0.902,0.902,0.848]
Epoch [121] Testing Results: Prec@1 57.460 Prec@5 93.970             Loss 1.72154
Epoch [121] Testing Class Recall: [0.646,0.920,0.579,0.644,0.513,0.240,0.428,0.545,0.701,0.530]
Epoch [122] Training Results: Prec@1 75.610 Prec@5 99.113             Loss 0.11827
Epoch [122] Training Class Recall: [0.779,0.828,0.655,0.604,0.746,0.716,0.867,0.814,0.787,0.818]
Epoch [122] Testing Results: Prec@1 57.640 Prec@5 94.150             Loss 2.52422
Epoch [122] Testing Class Recall: [0.782,0.950,0.610,0.646,0.498,0.356,0.796,0.512,0.443,0.171]
Epoch [123] Training Results: Prec@1 81.195 Prec@5 99.378             Loss 0.07739
Epoch [123] Training Class Recall: [0.816,0.914,0.694,0.657,0.806,0.821,0.886,0.922,0.984,1.000]
Epoch [123] Testing Results: Prec@1 60.400 Prec@5 94.960             Loss 2.36437
Epoch [123] Testing Class Recall: [0.865,0.957,0.698,0.438,0.819,0.402,0.655,0.506,0.343,0.357]
Epoch [124] Training Results: Prec@1 85.260 Prec@5 99.758             Loss 0.06036
Epoch [124] Training Class Recall: [0.863,0.931,0.746,0.732,0.844,0.840,0.911,0.941,0.967,1.000]
Epoch [124] Testing Results: Prec@1 60.510 Prec@5 94.220             Loss 2.59891
Epoch [124] Testing Class Recall: [0.905,0.950,0.558,0.716,0.785,0.537,0.379,0.438,0.400,0.383]
Epoch [125] Training Results: Prec@1 87.517 Prec@5 99.839             Loss 0.04689
Epoch [125] Training Class Recall: [0.875,0.945,0.778,0.790,0.900,0.883,0.930,0.971,0.984,1.000]
Epoch [125] Testing Results: Prec@1 59.230 Prec@5 92.960             Loss 2.57304
Epoch [125] Testing Class Recall: [0.830,0.842,0.778,0.700,0.403,0.369,0.577,0.594,0.390,0.440]
Epoch [126] Training Results: Prec@1 86.032 Prec@5 99.781             Loss 0.05470
Epoch [126] Training Class Recall: [0.866,0.935,0.751,0.756,0.866,0.891,0.899,0.980,0.967,1.000]
Epoch [126] Testing Results: Prec@1 61.180 Prec@5 94.080             Loss 2.40322
Epoch [126] Testing Class Recall: [0.892,0.872,0.621,0.592,0.699,0.571,0.508,0.564,0.249,0.550]
Epoch [127] Training Results: Prec@1 87.794 Prec@5 99.896             Loss 0.04645
Epoch [127] Training Class Recall: [0.882,0.940,0.781,0.771,0.915,0.911,0.962,0.971,1.000,1.000]
Epoch [127] Testing Results: Prec@1 64.040 Prec@5 93.500             Loss 2.04561
Epoch [127] Testing Class Recall: [0.814,0.910,0.770,0.442,0.688,0.506,0.750,0.320,0.727,0.477]
Epoch [128] Training Results: Prec@1 88.772 Prec@5 99.919             Loss 0.04034
Epoch [128] Training Class Recall: [0.886,0.956,0.802,0.788,0.911,0.907,0.949,1.000,1.000,1.000]
Epoch [128] Testing Results: Prec@1 57.030 Prec@5 92.930             Loss 3.33146
Epoch [128] Testing Class Recall: [0.910,0.948,0.750,0.721,0.448,0.384,0.440,0.363,0.421,0.318]
Epoch [129] Training Results: Prec@1 88.093 Prec@5 99.919             Loss 0.04230
Epoch [129] Training Class Recall: [0.875,0.950,0.796,0.784,0.922,0.879,0.981,1.000,0.984,1.000]
Epoch [129] Testing Results: Prec@1 58.670 Prec@5 92.490             Loss 3.57735
Epoch [129] Testing Class Recall: [0.801,0.976,0.721,0.339,0.761,0.768,0.394,0.505,0.340,0.262]
Epoch [130] Training Results: Prec@1 86.181 Prec@5 99.850             Loss 0.05338
Epoch [130] Training Class Recall: [0.857,0.925,0.782,0.770,0.900,0.879,0.943,0.951,1.000,0.909]
Epoch [130] Testing Results: Prec@1 53.120 Prec@5 90.630             Loss 3.34769
Epoch [130] Testing Class Recall: [0.853,0.629,0.505,0.810,0.595,0.444,0.305,0.487,0.305,0.379]
Epoch [131] Training Results: Prec@1 82.140 Prec@5 99.551             Loss 0.07562
Epoch [131] Training Class Recall: [0.831,0.883,0.742,0.720,0.801,0.790,0.873,0.951,0.951,0.939]
Epoch [131] Testing Results: Prec@1 62.700 Prec@5 94.340             Loss 2.41939
Epoch [131] Testing Class Recall: [0.848,0.974,0.666,0.561,0.557,0.487,0.859,0.478,0.422,0.418]
Epoch [132] Training Results: Prec@1 86.815 Prec@5 99.758             Loss 0.04878
Epoch [132] Training Class Recall: [0.864,0.936,0.764,0.792,0.908,0.883,0.987,0.951,0.984,1.000]
Epoch [132] Testing Results: Prec@1 64.310 Prec@5 95.090             Loss 2.15173
Epoch [132] Testing Class Recall: [0.807,0.933,0.660,0.643,0.611,0.537,0.625,0.728,0.423,0.464]
Epoch [133] Training Results: Prec@1 83.072 Prec@5 99.701             Loss 0.07020
Epoch [133] Training Class Recall: [0.820,0.920,0.729,0.748,0.868,0.833,0.873,0.912,0.918,0.939]
Epoch [133] Testing Results: Prec@1 53.610 Prec@5 93.500             Loss 2.42404
Epoch [133] Testing Class Recall: [0.757,0.683,0.449,0.081,0.860,0.359,0.444,0.711,0.278,0.739]
Epoch [134] Training Results: Prec@1 83.211 Prec@5 99.666             Loss 0.06570
Epoch [134] Training Class Recall: [0.842,0.894,0.737,0.723,0.824,0.852,0.899,0.971,0.967,0.939]
Epoch [134] Testing Results: Prec@1 59.940 Prec@5 93.940             Loss 2.69909
Epoch [134] Testing Class Recall: [0.899,0.946,0.779,0.627,0.608,0.330,0.433,0.658,0.385,0.329]
Epoch [135] Training Results: Prec@1 88.266 Prec@5 99.804             Loss 0.04404
Epoch [135] Training Class Recall: [0.885,0.947,0.789,0.795,0.900,0.879,0.987,0.961,0.984,1.000]
Epoch [135] Testing Results: Prec@1 63.460 Prec@5 93.650             Loss 2.53414
Epoch [135] Testing Class Recall: [0.900,0.955,0.655,0.639,0.542,0.612,0.675,0.452,0.486,0.430]
Epoch [136] Training Results: Prec@1 86.642 Prec@5 99.896             Loss 0.05217
Epoch [136] Training Class Recall: [0.864,0.944,0.774,0.770,0.895,0.844,0.924,0.971,0.984,0.970]
Epoch [136] Testing Results: Prec@1 62.200 Prec@5 94.540             Loss 2.65261
Epoch [136] Testing Class Recall: [0.872,0.977,0.810,0.552,0.654,0.417,0.465,0.596,0.498,0.379]
Epoch [137] Training Results: Prec@1 87.322 Prec@5 99.793             Loss 0.05159
Epoch [137] Training Class Recall: [0.890,0.931,0.778,0.765,0.857,0.872,0.937,0.941,1.000,1.000]
Epoch [137] Testing Results: Prec@1 65.660 Prec@5 95.870             Loss 1.74357
Epoch [137] Testing Class Recall: [0.753,0.934,0.727,0.407,0.699,0.549,0.717,0.579,0.600,0.601]
Epoch [138] Training Results: Prec@1 88.012 Prec@5 99.781             Loss 0.04562
Epoch [138] Training Class Recall: [0.874,0.955,0.789,0.791,0.911,0.903,0.943,0.961,1.000,1.000]
Epoch [138] Testing Results: Prec@1 67.390 Prec@5 95.350             Loss 2.11398
Epoch [138] Testing Class Recall: [0.806,0.942,0.622,0.588,0.835,0.614,0.676,0.561,0.696,0.399]
Epoch [139] Training Results: Prec@1 88.876 Prec@5 99.862             Loss 0.04131
Epoch [139] Training Class Recall: [0.885,0.945,0.808,0.829,0.922,0.899,0.968,0.922,0.984,1.000]
Epoch [139] Testing Results: Prec@1 62.600 Prec@5 93.800             Loss 2.97556
Epoch [139] Testing Class Recall: [0.859,0.926,0.456,0.784,0.666,0.554,0.633,0.526,0.696,0.160]
Epoch [140] Training Results: Prec@1 87.114 Prec@5 99.804             Loss 0.05275
Epoch [140] Training Class Recall: [0.871,0.937,0.789,0.787,0.879,0.848,0.943,0.961,0.984,0.970]
Epoch [140] Testing Results: Prec@1 57.130 Prec@5 92.970             Loss 2.69764
Epoch [140] Testing Class Recall: [0.705,0.886,0.384,0.635,0.501,0.725,0.354,0.467,0.475,0.581]
Epoch [141] Training Results: Prec@1 83.211 Prec@5 99.770             Loss 0.07045
Epoch [141] Training Class Recall: [0.835,0.910,0.738,0.708,0.868,0.825,0.873,0.902,0.934,0.970]
Epoch [141] Testing Results: Prec@1 47.900 Prec@5 90.340             Loss 2.33036
Epoch [141] Testing Class Recall: [0.788,0.581,0.204,0.244,0.398,0.345,0.272,0.935,0.572,0.451]
Epoch [142] Training Results: Prec@1 73.261 Prec@5 99.021             Loss 0.11821
Epoch [142] Training Class Recall: [0.725,0.831,0.640,0.615,0.734,0.724,0.823,0.824,0.754,0.909]
Epoch [142] Testing Results: Prec@1 53.800 Prec@5 93.580             Loss 2.18297
Epoch [142] Testing Class Recall: [0.917,0.803,0.155,0.205,0.358,0.825,0.592,0.702,0.394,0.429]
Epoch [143] Training Results: Prec@1 82.888 Prec@5 99.678             Loss 0.06849
Epoch [143] Training Class Recall: [0.835,0.904,0.726,0.719,0.812,0.840,0.937,0.912,0.984,0.939]
Epoch [143] Testing Results: Prec@1 58.080 Prec@5 93.690             Loss 2.89548
Epoch [143] Testing Class Recall: [0.928,0.901,0.662,0.702,0.574,0.466,0.414,0.454,0.437,0.270]
Epoch [144] Training Results: Prec@1 87.414 Prec@5 99.793             Loss 0.04750
Epoch [144] Training Class Recall: [0.870,0.946,0.789,0.777,0.886,0.895,0.943,0.980,1.000,1.000]
Epoch [144] Testing Results: Prec@1 60.250 Prec@5 94.580             Loss 2.55436
Epoch [144] Testing Class Recall: [0.788,0.938,0.614,0.809,0.531,0.565,0.440,0.447,0.423,0.470]
Epoch [145] Training Results: Prec@1 88.945 Prec@5 99.862             Loss 0.04343
Epoch [145] Training Class Recall: [0.898,0.938,0.804,0.798,0.906,0.930,0.949,0.980,1.000,0.970]
Epoch [145] Testing Results: Prec@1 64.800 Prec@5 93.890             Loss 2.35834
Epoch [145] Testing Class Recall: [0.755,0.874,0.690,0.460,0.705,0.722,0.719,0.649,0.540,0.366]
Epoch [146] Training Results: Prec@1 85.283 Prec@5 99.678             Loss 0.05430
Epoch [146] Training Class Recall: [0.850,0.890,0.791,0.782,0.888,0.895,0.943,0.971,0.967,0.939]
Epoch [146] Testing Results: Prec@1 60.310 Prec@5 94.380             Loss 1.82070
Epoch [146] Testing Class Recall: [0.734,0.781,0.710,0.324,0.539,0.715,0.467,0.471,0.782,0.508]
Epoch [147] Training Results: Prec@1 84.166 Prec@5 99.816             Loss 0.06371
Epoch [147] Training Class Recall: [0.841,0.921,0.757,0.710,0.884,0.813,0.911,0.941,0.951,1.000]
Epoch [147] Testing Results: Prec@1 64.070 Prec@5 95.070             Loss 1.72371
Epoch [147] Testing Class Recall: [0.877,0.949,0.585,0.727,0.567,0.386,0.494,0.647,0.589,0.586]
Epoch [148] Training Results: Prec@1 88.496 Prec@5 99.908             Loss 0.04351
Epoch [148] Training Class Recall: [0.882,0.943,0.811,0.788,0.926,0.891,0.981,0.971,0.984,1.000]
Epoch [148] Testing Results: Prec@1 63.970 Prec@5 95.240             Loss 2.17840
Epoch [148] Testing Class Recall: [0.935,0.910,0.656,0.590,0.678,0.330,0.715,0.747,0.418,0.418]
Epoch [149] Training Results: Prec@1 86.400 Prec@5 99.770             Loss 0.05047
Epoch [149] Training Class Recall: [0.863,0.922,0.793,0.765,0.862,0.911,0.956,0.941,1.000,1.000]
Epoch [149] Testing Results: Prec@1 57.900 Prec@5 90.990             Loss 3.62183
Epoch [149] Testing Class Recall: [0.777,0.972,0.498,0.439,0.643,0.845,0.599,0.340,0.437,0.240]
Epoch [150] Training Results: Prec@1 79.641 Prec@5 99.378             Loss 0.09255
Epoch [150] Training Class Recall: [0.804,0.868,0.702,0.670,0.804,0.813,0.861,0.882,0.902,0.909]
Epoch [150] Testing Results: Prec@1 52.600 Prec@5 92.300             Loss 3.36273
Epoch [150] Testing Class Recall: [0.703,0.954,0.413,0.297,0.370,0.676,0.653,0.785,0.221,0.188]
Epoch [151] Training Results: Prec@1 83.061 Prec@5 99.447             Loss 0.07019
Epoch [151] Training Class Recall: [0.836,0.904,0.713,0.735,0.830,0.868,0.911,0.951,0.951,1.000]
Epoch [151] Testing Results: Prec@1 62.900 Prec@5 93.700             Loss 2.68018
Epoch [151] Testing Class Recall: [0.851,0.978,0.796,0.410,0.698,0.608,0.675,0.407,0.623,0.244]
Epoch [152] Training Results: Prec@1 88.082 Prec@5 99.873             Loss 0.04511
Epoch [152] Training Class Recall: [0.875,0.944,0.797,0.813,0.926,0.872,0.924,0.980,0.984,1.000]
Epoch [152] Testing Results: Prec@1 63.080 Prec@5 92.910             Loss 2.41611
Epoch [152] Testing Class Recall: [0.859,0.937,0.570,0.435,0.772,0.410,0.898,0.432,0.663,0.332]
Epoch [153] Training Results: Prec@1 89.060 Prec@5 99.908             Loss 0.04223
Epoch [153] Training Class Recall: [0.893,0.953,0.796,0.812,0.906,0.914,0.962,0.951,1.000,0.970]
Epoch [153] Testing Results: Prec@1 63.880 Prec@5 95.470             Loss 1.42472
Epoch [153] Testing Class Recall: [0.842,0.575,0.787,0.646,0.624,0.478,0.562,0.504,0.509,0.861]
Epoch [154] Training Results: Prec@1 85.295 Prec@5 99.735             Loss 0.06259
Epoch [154] Training Class Recall: [0.859,0.892,0.788,0.763,0.895,0.848,0.943,0.961,0.869,0.939]
Epoch [154] Testing Results: Prec@1 55.170 Prec@5 90.430             Loss 3.24643
Epoch [154] Testing Class Recall: [0.723,0.892,0.554,0.523,0.525,0.693,0.351,0.728,0.315,0.213]
Epoch [155] Training Results: Prec@1 75.334 Prec@5 99.102             Loss 0.11131
Epoch [155] Training Class Recall: [0.741,0.836,0.666,0.670,0.770,0.763,0.835,0.833,0.902,0.848]
Epoch [155] Testing Results: Prec@1 58.600 Prec@5 94.410             Loss 2.35035
Epoch [155] Testing Class Recall: [0.813,0.980,0.583,0.457,0.800,0.562,0.523,0.555,0.392,0.195]
Epoch [156] Training Results: Prec@1 83.648 Prec@5 99.620             Loss 0.06800
Epoch [156] Training Class Recall: [0.834,0.916,0.747,0.732,0.842,0.813,0.924,0.971,0.918,0.939]
Epoch [156] Testing Results: Prec@1 62.740 Prec@5 94.460             Loss 1.59490
Epoch [156] Testing Class Recall: [0.749,0.831,0.657,0.557,0.280,0.692,0.725,0.491,0.733,0.559]
Epoch [157] Training Results: Prec@1 85.180 Prec@5 99.678             Loss 0.05870
Epoch [157] Training Class Recall: [0.861,0.916,0.750,0.737,0.875,0.872,0.924,0.931,0.984,1.000]
Epoch [157] Testing Results: Prec@1 64.720 Prec@5 95.690             Loss 2.00649
Epoch [157] Testing Class Recall: [0.786,0.945,0.576,0.689,0.709,0.358,0.535,0.797,0.612,0.465]
Epoch [158] Training Results: Prec@1 88.312 Prec@5 99.816             Loss 0.04337
Epoch [158] Training Class Recall: [0.881,0.947,0.791,0.809,0.895,0.903,0.968,0.980,0.984,1.000]
Epoch [158] Testing Results: Prec@1 65.160 Prec@5 94.830             Loss 2.31451
Epoch [158] Testing Class Recall: [0.835,0.939,0.760,0.682,0.709,0.530,0.580,0.539,0.562,0.380]
Epoch [159] Training Results: Prec@1 89.843 Prec@5 99.896             Loss 0.03676
Epoch [159] Training Class Recall: [0.894,0.963,0.814,0.821,0.926,0.918,0.968,0.971,1.000,1.000]
Epoch [159] Testing Results: Prec@1 60.450 Prec@5 94.160             Loss 2.44142
Epoch [159] Testing Class Recall: [0.903,0.886,0.832,0.676,0.544,0.218,0.488,0.648,0.476,0.374]
Epoch [160] Training Results: Prec@1 90.972 Prec@5 99.965             Loss 0.03348
Epoch [160] Training Class Recall: [0.905,0.956,0.853,0.862,0.920,0.899,0.975,0.980,0.984,1.000]
Epoch [160] Testing Results: Prec@1 64.530 Prec@5 94.260             Loss 2.55277
Epoch [160] Testing Class Recall: [0.887,0.940,0.754,0.682,0.742,0.497,0.612,0.527,0.452,0.360]
Epoch [161] Training Results: Prec@1 90.983 Prec@5 99.919             Loss 0.03331
Epoch [161] Training Class Recall: [0.905,0.959,0.820,0.878,0.938,0.953,0.981,1.000,0.984,1.000]
Epoch [161] Testing Results: Prec@1 65.640 Prec@5 94.470             Loss 2.42754
Epoch [161] Testing Class Recall: [0.897,0.936,0.730,0.693,0.774,0.512,0.636,0.524,0.476,0.386]
Epoch [162] Training Results: Prec@1 91.363 Prec@5 99.919             Loss 0.03104
Epoch [162] Training Class Recall: [0.906,0.960,0.844,0.873,0.967,0.911,0.981,0.980,0.984,1.000]
Epoch [162] Testing Results: Prec@1 65.750 Prec@5 94.440             Loss 2.49296
Epoch [162] Testing Class Recall: [0.896,0.942,0.745,0.695,0.749,0.531,0.630,0.542,0.482,0.363]
Epoch [163] Training Results: Prec@1 92.020 Prec@5 99.919             Loss 0.02760
Epoch [163] Training Class Recall: [0.917,0.958,0.845,0.883,0.975,0.953,0.962,1.000,0.984,1.000]
Epoch [163] Testing Results: Prec@1 65.920 Prec@5 94.460             Loss 2.45496
Epoch [163] Testing Class Recall: [0.892,0.942,0.750,0.701,0.759,0.542,0.623,0.535,0.470,0.378]
Epoch [164] Training Results: Prec@1 92.170 Prec@5 99.942             Loss 0.02707
Epoch [164] Training Class Recall: [0.912,0.966,0.851,0.898,0.958,0.961,0.968,1.000,0.984,1.000]
Epoch [164] Testing Results: Prec@1 66.230 Prec@5 94.590             Loss 2.45562
Epoch [164] Testing Class Recall: [0.897,0.952,0.757,0.694,0.759,0.535,0.635,0.545,0.496,0.353]
Epoch [165] Training Results: Prec@1 92.216 Prec@5 99.931             Loss 0.02638
Epoch [165] Training Class Recall: [0.916,0.963,0.844,0.895,0.967,0.969,0.968,1.000,1.000,1.000]
Epoch [165] Testing Results: Prec@1 66.560 Prec@5 94.540             Loss 2.43345
Epoch [165] Testing Class Recall: [0.898,0.949,0.743,0.697,0.778,0.537,0.658,0.524,0.493,0.379]
Epoch [166] Training Results: Prec@1 92.250 Prec@5 99.908             Loss 0.02592
Epoch [166] Training Class Recall: [0.916,0.962,0.849,0.894,0.960,0.965,0.981,1.000,1.000,1.000]
Epoch [166] Testing Results: Prec@1 66.570 Prec@5 94.700             Loss 2.40227
Epoch [166] Testing Class Recall: [0.896,0.950,0.743,0.701,0.770,0.543,0.632,0.541,0.488,0.393]
Epoch [167] Training Results: Prec@1 92.273 Prec@5 99.942             Loss 0.02591
Epoch [167] Training Class Recall: [0.912,0.965,0.865,0.884,0.962,0.965,0.975,0.990,1.000,1.000]
Epoch [167] Testing Results: Prec@1 67.400 Prec@5 94.860             Loss 2.31608
Epoch [167] Testing Class Recall: [0.893,0.956,0.740,0.690,0.777,0.556,0.654,0.561,0.509,0.404]
Epoch [168] Training Results: Prec@1 92.515 Prec@5 99.919             Loss 0.02469
Epoch [168] Training Class Recall: [0.917,0.962,0.864,0.888,0.967,0.977,0.994,0.990,1.000,1.000]
Epoch [168] Testing Results: Prec@1 66.540 Prec@5 94.650             Loss 2.41251
Epoch [168] Testing Class Recall: [0.900,0.950,0.761,0.711,0.758,0.526,0.638,0.535,0.488,0.387]
Epoch [169] Training Results: Prec@1 92.239 Prec@5 99.942             Loss 0.02452
Epoch [169] Training Class Recall: [0.913,0.966,0.852,0.894,0.955,0.969,0.994,0.990,1.000,1.000]
Epoch [169] Testing Results: Prec@1 66.870 Prec@5 94.710             Loss 2.36952
Epoch [169] Testing Class Recall: [0.899,0.949,0.768,0.706,0.768,0.515,0.642,0.549,0.491,0.400]
Epoch [170] Training Results: Prec@1 93.010 Prec@5 99.931             Loss 0.02402
Epoch [170] Training Class Recall: [0.918,0.968,0.877,0.913,0.958,0.953,0.994,1.000,1.000,1.000]
Epoch [170] Testing Results: Prec@1 67.140 Prec@5 94.840             Loss 2.34682
Epoch [170] Testing Class Recall: [0.897,0.958,0.773,0.681,0.764,0.543,0.637,0.561,0.502,0.398]
Epoch [171] Training Results: Prec@1 92.411 Prec@5 99.942             Loss 0.02377
Epoch [171] Training Class Recall: [0.919,0.960,0.860,0.888,0.967,0.965,0.968,1.000,1.000,1.000]
Epoch [171] Testing Results: Prec@1 66.830 Prec@5 94.740             Loss 2.39132
Epoch [171] Testing Class Recall: [0.902,0.955,0.763,0.685,0.769,0.549,0.637,0.535,0.505,0.383]
Epoch [172] Training Results: Prec@1 92.550 Prec@5 99.977             Loss 0.02371
Epoch [172] Training Class Recall: [0.918,0.962,0.863,0.894,0.967,0.957,1.000,1.000,1.000,1.000]
Epoch [172] Testing Results: Prec@1 66.930 Prec@5 94.750             Loss 2.34314
Epoch [172] Testing Class Recall: [0.902,0.955,0.767,0.693,0.767,0.549,0.631,0.520,0.503,0.406]
Epoch [173] Training Results: Prec@1 93.183 Prec@5 99.919             Loss 0.02176
Epoch [173] Training Class Recall: [0.922,0.965,0.870,0.911,0.975,0.988,0.994,1.000,1.000,1.000]
Epoch [173] Testing Results: Prec@1 66.730 Prec@5 94.750             Loss 2.45253
Epoch [173] Testing Class Recall: [0.911,0.960,0.753,0.681,0.784,0.562,0.642,0.521,0.499,0.360]
Epoch [174] Training Results: Prec@1 93.263 Prec@5 99.931             Loss 0.02195
Epoch [174] Training Class Recall: [0.922,0.968,0.880,0.903,0.973,0.973,0.994,1.000,1.000,1.000]
Epoch [174] Testing Results: Prec@1 67.110 Prec@5 94.820             Loss 2.37284
Epoch [174] Testing Class Recall: [0.900,0.952,0.770,0.685,0.782,0.548,0.626,0.550,0.499,0.399]
Epoch [175] Training Results: Prec@1 93.275 Prec@5 99.919             Loss 0.02246
Epoch [175] Training Class Recall: [0.925,0.967,0.880,0.895,0.971,0.984,0.981,1.000,1.000,1.000]
Epoch [175] Testing Results: Prec@1 66.880 Prec@5 94.670             Loss 2.38449
Epoch [175] Testing Class Recall: [0.903,0.957,0.767,0.702,0.754,0.542,0.646,0.517,0.500,0.400]
Epoch [176] Training Results: Prec@1 93.367 Prec@5 99.977             Loss 0.02234
Epoch [176] Training Class Recall: [0.925,0.970,0.872,0.899,0.984,0.973,0.994,1.000,1.000,1.000]
Epoch [176] Testing Results: Prec@1 66.890 Prec@5 94.720             Loss 2.42490
Epoch [176] Testing Class Recall: [0.903,0.950,0.771,0.687,0.773,0.541,0.651,0.544,0.494,0.375]
Epoch [177] Training Results: Prec@1 93.413 Prec@5 99.965             Loss 0.02173
Epoch [177] Training Class Recall: [0.924,0.966,0.878,0.922,0.969,0.977,1.000,1.000,1.000,1.000]
Epoch [177] Testing Results: Prec@1 67.030 Prec@5 94.830             Loss 2.38309
Epoch [177] Testing Class Recall: [0.901,0.956,0.762,0.700,0.784,0.536,0.656,0.516,0.488,0.404]
Epoch [178] Training Results: Prec@1 93.160 Prec@5 99.965             Loss 0.02280
Epoch [178] Training Class Recall: [0.925,0.970,0.868,0.892,0.980,0.961,0.981,0.990,1.000,1.000]
Epoch [178] Testing Results: Prec@1 67.390 Prec@5 94.860             Loss 2.32245
Epoch [178] Testing Class Recall: [0.905,0.958,0.772,0.680,0.772,0.550,0.646,0.540,0.507,0.409]
Epoch [179] Training Results: Prec@1 93.298 Prec@5 99.977             Loss 0.02241
Epoch [179] Training Class Recall: [0.925,0.969,0.870,0.919,0.962,0.961,1.000,1.000,1.000,1.000]
Epoch [179] Testing Results: Prec@1 67.610 Prec@5 94.970             Loss 2.29640
Epoch [179] Testing Class Recall: [0.898,0.955,0.776,0.679,0.784,0.560,0.626,0.544,0.520,0.419]
Epoch [180] Training Results: Prec@1 93.724 Prec@5 99.954             Loss 0.02142
Epoch [180] Training Class Recall: [0.929,0.972,0.881,0.908,0.973,0.977,0.994,1.000,1.000,1.000]
Epoch [180] Testing Results: Prec@1 67.180 Prec@5 94.940             Loss 2.41780
Epoch [180] Testing Class Recall: [0.895,0.958,0.780,0.689,0.764,0.551,0.648,0.551,0.515,0.367]
Epoch [181] Training Results: Prec@1 93.217 Prec@5 99.965             Loss 0.02216
Epoch [181] Training Class Recall: [0.920,0.964,0.883,0.915,0.980,0.961,0.987,1.000,1.000,1.000]
Epoch [181] Testing Results: Prec@1 67.250 Prec@5 94.890             Loss 2.33457
Epoch [181] Testing Class Recall: [0.907,0.948,0.767,0.694,0.787,0.542,0.634,0.546,0.488,0.412]
Epoch [182] Training Results: Prec@1 93.240 Prec@5 99.954             Loss 0.02119
Epoch [182] Training Class Recall: [0.925,0.958,0.865,0.926,0.980,0.988,0.994,1.000,1.000,1.000]
Epoch [182] Testing Results: Prec@1 67.370 Prec@5 94.860             Loss 2.34905
Epoch [182] Testing Class Recall: [0.904,0.960,0.772,0.685,0.770,0.553,0.648,0.545,0.499,0.401]
Epoch [183] Training Results: Prec@1 93.482 Prec@5 99.942             Loss 0.02231
Epoch [183] Training Class Recall: [0.928,0.967,0.872,0.919,0.978,0.961,0.994,1.000,1.000,1.000]
Epoch [183] Testing Results: Prec@1 66.740 Prec@5 94.740             Loss 2.42963
Epoch [183] Testing Class Recall: [0.899,0.953,0.777,0.692,0.769,0.550,0.630,0.536,0.483,0.385]
Epoch [184] Training Results: Prec@1 93.390 Prec@5 99.908             Loss 0.02233
Epoch [184] Training Class Recall: [0.924,0.968,0.878,0.908,0.980,0.977,0.987,1.000,1.000,1.000]
Epoch [184] Testing Results: Prec@1 67.130 Prec@5 94.900             Loss 2.36904
Epoch [184] Testing Class Recall: [0.907,0.958,0.771,0.694,0.759,0.572,0.626,0.533,0.490,0.403]
Epoch [185] Training Results: Prec@1 93.240 Prec@5 99.965             Loss 0.02155
Epoch [185] Training Class Recall: [0.922,0.967,0.876,0.913,0.964,0.981,0.994,1.000,1.000,1.000]
Epoch [185] Testing Results: Prec@1 66.580 Prec@5 94.840             Loss 2.39724
Epoch [185] Testing Class Recall: [0.905,0.958,0.775,0.696,0.755,0.529,0.638,0.528,0.480,0.394]
Epoch [186] Training Results: Prec@1 93.586 Prec@5 99.954             Loss 0.02100
Epoch [186] Training Class Recall: [0.929,0.967,0.884,0.901,0.984,0.961,0.994,1.000,1.000,1.000]
Epoch [186] Testing Results: Prec@1 67.590 Prec@5 94.920             Loss 2.33304
Epoch [186] Testing Class Recall: [0.899,0.952,0.774,0.692,0.771,0.552,0.652,0.540,0.524,0.403]
Epoch [187] Training Results: Prec@1 93.310 Prec@5 99.954             Loss 0.02185
Epoch [187] Training Class Recall: [0.930,0.965,0.864,0.905,0.971,0.981,1.000,1.000,1.000,1.000]
Epoch [187] Testing Results: Prec@1 66.690 Prec@5 94.710             Loss 2.45436
Epoch [187] Testing Class Recall: [0.900,0.958,0.778,0.685,0.764,0.544,0.653,0.518,0.495,0.374]
Epoch [188] Training Results: Prec@1 93.321 Prec@5 99.908             Loss 0.02159
Epoch [188] Training Class Recall: [0.925,0.967,0.879,0.901,0.973,0.973,0.994,1.000,1.000,1.000]
Epoch [188] Testing Results: Prec@1 67.540 Prec@5 95.010             Loss 2.28091
Epoch [188] Testing Class Recall: [0.907,0.957,0.759,0.692,0.766,0.544,0.635,0.556,0.528,0.410]
Epoch [189] Training Results: Prec@1 93.217 Prec@5 99.965             Loss 0.02209
Epoch [189] Training Class Recall: [0.923,0.967,0.874,0.904,0.982,0.973,0.975,1.000,1.000,1.000]
Epoch [189] Testing Results: Prec@1 66.980 Prec@5 94.810             Loss 2.39740
Epoch [189] Testing Class Recall: [0.903,0.955,0.772,0.698,0.756,0.545,0.635,0.537,0.501,0.396]
Epoch [190] Training Results: Prec@1 93.229 Prec@5 99.965             Loss 0.02227
Epoch [190] Training Class Recall: [0.921,0.966,0.880,0.912,0.975,0.981,0.987,0.990,1.000,1.000]
Epoch [190] Testing Results: Prec@1 67.730 Prec@5 94.900             Loss 2.36257
Epoch [190] Testing Class Recall: [0.906,0.953,0.758,0.693,0.775,0.575,0.666,0.548,0.512,0.387]
Epoch [191] Training Results: Prec@1 93.252 Prec@5 99.954             Loss 0.02200
Epoch [191] Training Class Recall: [0.924,0.963,0.876,0.908,0.973,0.992,0.981,1.000,1.000,1.000]
Epoch [191] Testing Results: Prec@1 66.930 Prec@5 94.740             Loss 2.44889
Epoch [191] Testing Class Recall: [0.902,0.961,0.768,0.696,0.759,0.545,0.651,0.545,0.500,0.366]
Epoch [192] Training Results: Prec@1 93.609 Prec@5 99.931             Loss 0.02065
Epoch [192] Training Class Recall: [0.924,0.969,0.881,0.928,0.978,0.973,0.994,1.000,1.000,1.000]
Epoch [192] Testing Results: Prec@1 67.170 Prec@5 94.770             Loss 2.41996
Epoch [192] Testing Class Recall: [0.895,0.962,0.773,0.703,0.749,0.552,0.650,0.538,0.520,0.375]
Epoch [193] Training Results: Prec@1 93.436 Prec@5 99.919             Loss 0.02132
Epoch [193] Training Class Recall: [0.921,0.967,0.888,0.919,0.971,0.984,0.987,1.000,1.000,1.000]
Epoch [193] Testing Results: Prec@1 66.920 Prec@5 94.790             Loss 2.38875
Epoch [193] Testing Class Recall: [0.908,0.955,0.772,0.687,0.756,0.545,0.639,0.550,0.487,0.393]
Epoch [194] Training Results: Prec@1 93.448 Prec@5 99.942             Loss 0.02147
Epoch [194] Training Class Recall: [0.924,0.965,0.879,0.920,0.978,0.981,0.987,1.000,1.000,1.000]
Epoch [194] Testing Results: Prec@1 67.260 Prec@5 94.790             Loss 2.38932
Epoch [194] Testing Class Recall: [0.901,0.953,0.769,0.693,0.767,0.581,0.643,0.523,0.497,0.399]
Epoch [195] Training Results: Prec@1 93.137 Prec@5 99.942             Loss 0.02227
Epoch [195] Training Class Recall: [0.922,0.967,0.872,0.904,0.973,0.981,1.000,0.990,1.000,1.000]
Epoch [195] Testing Results: Prec@1 67.140 Prec@5 94.730             Loss 2.43088
Epoch [195] Testing Class Recall: [0.900,0.957,0.774,0.694,0.757,0.577,0.633,0.530,0.517,0.375]
Epoch [196] Training Results: Prec@1 93.344 Prec@5 99.942             Loss 0.02134
Epoch [196] Training Class Recall: [0.922,0.967,0.881,0.922,0.958,0.981,0.987,1.000,1.000,1.000]
Epoch [196] Testing Results: Prec@1 67.290 Prec@5 94.900             Loss 2.37487
Epoch [196] Testing Class Recall: [0.901,0.954,0.774,0.697,0.759,0.555,0.645,0.549,0.495,0.400]
Epoch [197] Training Results: Prec@1 93.540 Prec@5 99.942             Loss 0.02122
Epoch [197] Training Class Recall: [0.924,0.971,0.884,0.898,0.991,0.981,0.994,1.000,1.000,1.000]
Epoch [197] Testing Results: Prec@1 67.290 Prec@5 95.000             Loss 2.33846
Epoch [197] Testing Class Recall: [0.900,0.954,0.774,0.702,0.753,0.552,0.628,0.552,0.507,0.407]
Epoch [198] Training Results: Prec@1 93.252 Prec@5 99.977             Loss 0.02314
Epoch [198] Training Class Recall: [0.924,0.965,0.876,0.908,0.978,0.973,0.987,0.990,0.984,1.000]
Epoch [198] Testing Results: Prec@1 67.090 Prec@5 94.820             Loss 2.44171
Epoch [198] Testing Class Recall: [0.907,0.955,0.762,0.691,0.788,0.557,0.636,0.537,0.506,0.370]
Epoch [199] Training Results: Prec@1 93.344 Prec@5 99.931             Loss 0.02126
Epoch [199] Training Class Recall: [0.927,0.967,0.872,0.901,0.980,0.977,1.000,1.000,1.000,1.000]
Epoch [199] Testing Results: Prec@1 67.420 Prec@5 94.830             Loss 2.38150
Epoch [199] Testing Class Recall: [0.902,0.960,0.761,0.691,0.780,0.560,0.664,0.516,0.518,0.390]
