Log file: cifar10_lava0.3_deepsmote_selection_exp0.01_seed42_20260424_044345.log
Run started: 2026-04-24 04:43:45.911196
Dataset: cifar10
Imbalance type: exp, factor: 0.01
Selection method: lava, ratio: 0.3
Strategy: DeepSMOTE_Selection, epochs: 200
Seed: 42, rand_number: 0
Augmentation: weak
Noise ratio: 0.25
============================================================

=> Preparing logger and tensorboard writer !
----------------------------------------------------
Class ID   | Original   | Selected   | Keep %  
----------------------------------------------------
0          | 4032       | 303        |     7.5%
1          | 4000       | 2045       |    51.1%
2          | 3955       | 902        |    22.8%
3          | 4020       | 158        |     3.9%
4          | 3939       | 620        |    15.7%
5          | 3999       | 814        |    20.4%
6          | 3965       | 1498       |    37.8%
7          | 4046       | 2019       |    49.9%
8          | 4042       | 1587       |    39.3%
9          | 4002       | 2054       |    51.3%
----------------------------------------------------
TOTAL      | 40000      | 12000      |    30.0%
----------------------------------------------------
Epoch [0] Training Results: Prec@1 45.792 Prec@5 89.508             Loss 1.56873
Epoch [0] Training Class Recall: [0.033,0.647,0.064,0.000,0.102,0.133,0.471,0.522,0.711,0.509]
Epoch [0] Testing Results: Prec@1 31.490 Prec@5 80.700             Loss 2.07945
Epoch [0] Testing Class Recall: [0.158,0.599,0.265,0.000,0.000,0.333,0.154,0.718,0.642,0.280]
Epoch [1] Training Results: Prec@1 60.325 Prec@5 94.592             Loss 1.20374
Epoch [1] Training Class Recall: [0.158,0.755,0.194,0.000,0.176,0.348,0.632,0.701,0.793,0.711]
Epoch [1] Testing Results: Prec@1 28.480 Prec@5 82.880             Loss 3.00171
Epoch [1] Testing Class Recall: [0.050,0.970,0.496,0.000,0.011,0.487,0.421,0.258,0.110,0.045]
Epoch [2] Training Results: Prec@1 67.092 Prec@5 96.542             Loss 1.00561
Epoch [2] Training Class Recall: [0.215,0.789,0.265,0.000,0.282,0.477,0.679,0.772,0.849,0.802]
Epoch [2] Testing Results: Prec@1 32.060 Prec@5 78.930             Loss 2.52550
Epoch [2] Testing Class Recall: [0.026,0.450,0.422,0.000,0.048,0.089,0.591,0.373,0.430,0.777]
Epoch [3] Training Results: Prec@1 74.450 Prec@5 97.158             Loss 0.82598
Epoch [3] Training Class Recall: [0.300,0.854,0.412,0.000,0.387,0.575,0.783,0.823,0.885,0.866]
Epoch [3] Testing Results: Prec@1 38.660 Prec@5 87.510             Loss 2.47485
Epoch [3] Testing Class Recall: [0.154,0.452,0.057,0.000,0.114,0.541,0.717,0.356,0.715,0.760]
Epoch [4] Training Results: Prec@1 78.292 Prec@5 97.725             Loss 0.72777
Epoch [4] Training Class Recall: [0.373,0.857,0.496,0.000,0.447,0.660,0.844,0.850,0.910,0.898]
Epoch [4] Testing Results: Prec@1 42.770 Prec@5 87.800             Loss 2.18776
Epoch [4] Testing Class Recall: [0.226,0.909,0.515,0.001,0.257,0.214,0.604,0.609,0.682,0.260]
Epoch [5] Training Results: Prec@1 81.567 Prec@5 98.108             Loss 0.61804
Epoch [5] Training Class Recall: [0.472,0.880,0.519,0.000,0.521,0.704,0.867,0.900,0.922,0.926]
Epoch [5] Testing Results: Prec@1 42.240 Prec@5 91.220             Loss 2.21678
Epoch [5] Testing Class Recall: [0.174,0.964,0.554,0.000,0.255,0.699,0.626,0.490,0.371,0.091]
Epoch [6] Training Results: Prec@1 85.000 Prec@5 98.658             Loss 0.51676
Epoch [6] Training Class Recall: [0.591,0.912,0.610,0.013,0.585,0.741,0.889,0.910,0.951,0.953]
Epoch [6] Testing Results: Prec@1 39.770 Prec@5 84.780             Loss 2.96335
Epoch [6] Testing Class Recall: [0.299,0.919,0.396,0.000,0.082,0.757,0.434,0.759,0.295,0.036]
Epoch [7] Training Results: Prec@1 87.108 Prec@5 98.683             Loss 0.46033
Epoch [7] Training Class Recall: [0.614,0.925,0.659,0.006,0.645,0.779,0.903,0.942,0.960,0.959]
Epoch [7] Testing Results: Prec@1 46.510 Prec@5 89.690             Loss 2.17077
Epoch [7] Testing Class Recall: [0.330,0.926,0.438,0.012,0.167,0.647,0.719,0.796,0.406,0.210]
Epoch [8] Training Results: Prec@1 88.408 Prec@5 98.833             Loss 0.41038
Epoch [8] Training Class Recall: [0.627,0.930,0.687,0.063,0.671,0.799,0.919,0.953,0.964,0.969]
Epoch [8] Testing Results: Prec@1 44.000 Prec@5 88.860             Loss 2.46435
Epoch [8] Testing Class Recall: [0.446,0.959,0.488,0.002,0.472,0.539,0.844,0.171,0.335,0.144]
Epoch [9] Training Results: Prec@1 89.500 Prec@5 98.908             Loss 0.37933
Epoch [9] Training Class Recall: [0.673,0.936,0.696,0.095,0.705,0.840,0.925,0.953,0.974,0.975]
Epoch [9] Testing Results: Prec@1 46.080 Prec@5 88.120             Loss 2.30106
Epoch [9] Testing Class Recall: [0.741,0.916,0.563,0.001,0.168,0.222,0.661,0.766,0.157,0.413]
Epoch [10] Training Results: Prec@1 89.608 Prec@5 98.917             Loss 0.37109
Epoch [10] Training Class Recall: [0.700,0.946,0.729,0.089,0.698,0.812,0.921,0.954,0.976,0.967]
Epoch [10] Testing Results: Prec@1 48.680 Prec@5 90.780             Loss 1.89261
Epoch [10] Testing Class Recall: [0.548,0.910,0.672,0.014,0.346,0.391,0.656,0.658,0.255,0.418]
Epoch [11] Training Results: Prec@1 89.900 Prec@5 99.092             Loss 0.35046
Epoch [11] Training Class Recall: [0.710,0.947,0.742,0.089,0.711,0.832,0.915,0.951,0.974,0.973]
Epoch [11] Testing Results: Prec@1 47.040 Prec@5 91.590             Loss 2.10127
Epoch [11] Testing Class Recall: [0.462,0.660,0.521,0.017,0.226,0.386,0.682,0.901,0.267,0.582]
Epoch [12] Training Results: Prec@1 91.217 Prec@5 99.192             Loss 0.32039
Epoch [12] Training Class Recall: [0.739,0.952,0.766,0.120,0.758,0.853,0.938,0.964,0.972,0.977]
Epoch [12] Testing Results: Prec@1 53.490 Prec@5 92.240             Loss 1.97291
Epoch [12] Testing Class Recall: [0.455,0.938,0.327,0.075,0.399,0.630,0.721,0.762,0.679,0.363]
Epoch [13] Training Results: Prec@1 91.375 Prec@5 99.183             Loss 0.30473
Epoch [13] Training Class Recall: [0.696,0.952,0.773,0.190,0.794,0.883,0.929,0.956,0.974,0.975]
Epoch [13] Testing Results: Prec@1 48.730 Prec@5 91.000             Loss 2.28363
Epoch [13] Testing Class Recall: [0.467,0.956,0.303,0.011,0.298,0.368,0.775,0.853,0.633,0.209]
Epoch [14] Training Results: Prec@1 91.500 Prec@5 99.108             Loss 0.30895
Epoch [14] Training Class Recall: [0.752,0.947,0.768,0.177,0.765,0.867,0.938,0.961,0.982,0.979]
Epoch [14] Testing Results: Prec@1 49.590 Prec@5 92.230             Loss 2.30158
Epoch [14] Testing Class Recall: [0.533,0.959,0.611,0.110,0.245,0.652,0.540,0.752,0.417,0.140]
Epoch [15] Training Results: Prec@1 92.008 Prec@5 99.217             Loss 0.28586
Epoch [15] Training Class Recall: [0.756,0.958,0.796,0.203,0.787,0.869,0.941,0.959,0.979,0.979]
Epoch [15] Testing Results: Prec@1 50.420 Prec@5 91.570             Loss 2.00616
Epoch [15] Testing Class Recall: [0.410,0.809,0.707,0.069,0.299,0.308,0.327,0.756,0.585,0.772]
Epoch [16] Training Results: Prec@1 92.450 Prec@5 99.308             Loss 0.27287
Epoch [16] Training Class Recall: [0.739,0.957,0.795,0.272,0.816,0.883,0.941,0.969,0.976,0.979]
Epoch [16] Testing Results: Prec@1 55.000 Prec@5 92.740             Loss 1.88865
Epoch [16] Testing Class Recall: [0.385,0.895,0.507,0.012,0.627,0.602,0.607,0.673,0.725,0.467]
Epoch [17] Training Results: Prec@1 93.142 Prec@5 99.333             Loss 0.25133
Epoch [17] Training Class Recall: [0.762,0.961,0.814,0.285,0.831,0.893,0.945,0.975,0.982,0.982]
Epoch [17] Testing Results: Prec@1 54.580 Prec@5 92.460             Loss 1.82815
Epoch [17] Testing Class Recall: [0.361,0.860,0.647,0.272,0.408,0.587,0.751,0.647,0.605,0.320]
Epoch [18] Training Results: Prec@1 93.825 Prec@5 99.350             Loss 0.23510
Epoch [18] Training Class Recall: [0.802,0.966,0.833,0.342,0.842,0.910,0.951,0.976,0.983,0.982]
Epoch [18] Testing Results: Prec@1 55.460 Prec@5 93.200             Loss 1.96351
Epoch [18] Testing Class Recall: [0.570,0.886,0.712,0.069,0.225,0.613,0.752,0.741,0.594,0.384]
Epoch [19] Training Results: Prec@1 93.658 Prec@5 99.308             Loss 0.24612
Epoch [19] Training Class Recall: [0.795,0.966,0.835,0.386,0.839,0.902,0.948,0.976,0.977,0.981]
Epoch [19] Testing Results: Prec@1 51.970 Prec@5 93.920             Loss 2.03991
Epoch [19] Testing Class Recall: [0.460,0.916,0.777,0.327,0.401,0.351,0.501,0.586,0.708,0.170]
Epoch [20] Training Results: Prec@1 93.975 Prec@5 99.317             Loss 0.22842
Epoch [20] Training Class Recall: [0.799,0.967,0.846,0.348,0.855,0.902,0.949,0.979,0.985,0.981]
Epoch [20] Testing Results: Prec@1 46.840 Prec@5 90.330             Loss 2.41421
Epoch [20] Testing Class Recall: [0.596,0.931,0.822,0.057,0.292,0.270,0.482,0.457,0.475,0.302]
Epoch [21] Training Results: Prec@1 93.892 Prec@5 99.350             Loss 0.23261
Epoch [21] Training Class Recall: [0.805,0.962,0.850,0.380,0.845,0.903,0.951,0.976,0.978,0.985]
Epoch [21] Testing Results: Prec@1 51.560 Prec@5 93.380             Loss 2.26967
Epoch [21] Testing Class Recall: [0.762,0.985,0.491,0.302,0.322,0.620,0.762,0.534,0.207,0.171]
Epoch [22] Training Results: Prec@1 94.825 Prec@5 99.417             Loss 0.19923
Epoch [22] Training Class Recall: [0.792,0.973,0.871,0.449,0.869,0.916,0.959,0.982,0.982,0.988]
Epoch [22] Testing Results: Prec@1 58.020 Prec@5 94.170             Loss 1.76668
Epoch [22] Testing Class Recall: [0.604,0.915,0.710,0.251,0.357,0.457,0.733,0.648,0.563,0.564]
Epoch [23] Training Results: Prec@1 94.425 Prec@5 99.392             Loss 0.20996
Epoch [23] Training Class Recall: [0.818,0.971,0.867,0.430,0.855,0.902,0.949,0.975,0.986,0.987]
Epoch [23] Testing Results: Prec@1 53.090 Prec@5 90.880             Loss 2.24842
Epoch [23] Testing Class Recall: [0.475,0.949,0.603,0.031,0.356,0.323,0.780,0.800,0.544,0.448]
Epoch [24] Training Results: Prec@1 94.300 Prec@5 99.425             Loss 0.21308
Epoch [24] Training Class Recall: [0.845,0.964,0.861,0.443,0.847,0.909,0.954,0.971,0.986,0.984]
Epoch [24] Testing Results: Prec@1 54.110 Prec@5 92.960             Loss 1.91176
Epoch [24] Testing Class Recall: [0.757,0.943,0.476,0.086,0.434,0.771,0.661,0.459,0.317,0.507]
Epoch [25] Training Results: Prec@1 94.858 Prec@5 99.392             Loss 0.19038
Epoch [25] Training Class Recall: [0.835,0.970,0.863,0.475,0.884,0.925,0.957,0.977,0.986,0.985]
Epoch [25] Testing Results: Prec@1 50.360 Prec@5 89.820             Loss 2.66800
Epoch [25] Testing Class Recall: [0.499,0.948,0.603,0.118,0.486,0.448,0.878,0.591,0.410,0.055]
Epoch [26] Training Results: Prec@1 94.433 Prec@5 99.417             Loss 0.20547
Epoch [26] Training Class Recall: [0.835,0.969,0.864,0.449,0.868,0.913,0.953,0.975,0.980,0.981]
Epoch [26] Testing Results: Prec@1 53.850 Prec@5 92.220             Loss 2.28974
Epoch [26] Testing Class Recall: [0.366,0.970,0.723,0.258,0.373,0.460,0.658,0.641,0.391,0.545]
Epoch [27] Training Results: Prec@1 94.717 Prec@5 99.417             Loss 0.19933
Epoch [27] Training Class Recall: [0.838,0.964,0.867,0.500,0.873,0.910,0.958,0.979,0.980,0.988]
Epoch [27] Testing Results: Prec@1 55.610 Prec@5 92.680             Loss 1.77644
Epoch [27] Testing Class Recall: [0.429,0.846,0.685,0.164,0.346,0.512,0.710,0.671,0.382,0.816]
Epoch [28] Training Results: Prec@1 95.167 Prec@5 99.458             Loss 0.18573
Epoch [28] Training Class Recall: [0.845,0.967,0.887,0.475,0.887,0.925,0.958,0.985,0.984,0.985]
Epoch [28] Testing Results: Prec@1 54.710 Prec@5 93.170             Loss 2.11436
Epoch [28] Testing Class Recall: [0.573,0.940,0.693,0.205,0.355,0.647,0.475,0.768,0.515,0.300]
Epoch [29] Training Results: Prec@1 94.925 Prec@5 99.500             Loss 0.19516
Epoch [29] Training Class Recall: [0.835,0.969,0.873,0.506,0.876,0.924,0.952,0.981,0.984,0.986]
Epoch [29] Testing Results: Prec@1 53.660 Prec@5 93.130             Loss 2.07798
Epoch [29] Testing Class Recall: [0.643,0.977,0.680,0.194,0.229,0.669,0.704,0.478,0.546,0.246]
Epoch [30] Training Results: Prec@1 94.775 Prec@5 99.442             Loss 0.19185
Epoch [30] Training Class Recall: [0.842,0.967,0.855,0.551,0.887,0.892,0.960,0.980,0.984,0.987]
Epoch [30] Testing Results: Prec@1 57.070 Prec@5 92.470             Loss 1.94907
Epoch [30] Testing Class Recall: [0.603,0.939,0.575,0.323,0.373,0.581,0.856,0.428,0.658,0.371]
Epoch [31] Training Results: Prec@1 95.392 Prec@5 99.467             Loss 0.17861
Epoch [31] Training Class Recall: [0.855,0.975,0.870,0.570,0.887,0.915,0.961,0.984,0.987,0.990]
Epoch [31] Testing Results: Prec@1 55.060 Prec@5 92.240             Loss 1.93288
Epoch [31] Testing Class Recall: [0.778,0.928,0.387,0.295,0.315,0.689,0.692,0.646,0.264,0.512]
Epoch [32] Training Results: Prec@1 95.417 Prec@5 99.475             Loss 0.17770
Epoch [32] Training Class Recall: [0.842,0.969,0.896,0.544,0.902,0.915,0.965,0.982,0.984,0.987]
Epoch [32] Testing Results: Prec@1 57.080 Prec@5 93.730             Loss 1.89664
Epoch [32] Testing Class Recall: [0.740,0.928,0.558,0.312,0.533,0.464,0.744,0.760,0.296,0.373]
Epoch [33] Training Results: Prec@1 95.417 Prec@5 99.533             Loss 0.17673
Epoch [33] Training Class Recall: [0.855,0.972,0.881,0.500,0.911,0.926,0.957,0.984,0.984,0.988]
Epoch [33] Testing Results: Prec@1 56.620 Prec@5 92.010             Loss 2.07770
Epoch [33] Testing Class Recall: [0.691,0.936,0.713,0.097,0.392,0.529,0.707,0.555,0.486,0.556]
Epoch [34] Training Results: Prec@1 95.892 Prec@5 99.467             Loss 0.15669
Epoch [34] Training Class Recall: [0.865,0.973,0.892,0.589,0.910,0.935,0.966,0.987,0.985,0.988]
Epoch [34] Testing Results: Prec@1 56.240 Prec@5 93.740             Loss 2.03686
Epoch [34] Testing Class Recall: [0.563,0.940,0.795,0.299,0.497,0.486,0.739,0.562,0.436,0.307]
Epoch [35] Training Results: Prec@1 95.192 Prec@5 99.475             Loss 0.17451
Epoch [35] Training Class Recall: [0.822,0.970,0.886,0.557,0.885,0.913,0.959,0.983,0.984,0.988]
Epoch [35] Testing Results: Prec@1 57.690 Prec@5 94.040             Loss 2.11313
Epoch [35] Testing Class Recall: [0.538,0.973,0.648,0.200,0.440,0.628,0.640,0.734,0.643,0.325]
Epoch [36] Training Results: Prec@1 95.300 Prec@5 99.492             Loss 0.17517
Epoch [36] Training Class Recall: [0.855,0.971,0.878,0.576,0.892,0.925,0.953,0.979,0.987,0.989]
Epoch [36] Testing Results: Prec@1 52.820 Prec@5 92.420             Loss 1.98433
Epoch [36] Testing Class Recall: [0.660,0.966,0.484,0.145,0.347,0.716,0.529,0.733,0.290,0.412]
Epoch [37] Training Results: Prec@1 95.808 Prec@5 99.492             Loss 0.16160
Epoch [37] Training Class Recall: [0.865,0.973,0.907,0.582,0.903,0.921,0.962,0.983,0.985,0.992]
Epoch [37] Testing Results: Prec@1 54.930 Prec@5 93.210             Loss 1.97998
Epoch [37] Testing Class Recall: [0.783,0.894,0.724,0.093,0.261,0.635,0.474,0.759,0.396,0.474]
Epoch [38] Training Results: Prec@1 96.117 Prec@5 99.458             Loss 0.15843
Epoch [38] Training Class Recall: [0.871,0.976,0.899,0.639,0.916,0.937,0.960,0.986,0.987,0.992]
Epoch [38] Testing Results: Prec@1 54.190 Prec@5 93.050             Loss 2.29693
Epoch [38] Testing Class Recall: [0.589,0.975,0.540,0.215,0.474,0.462,0.783,0.821,0.385,0.175]
Epoch [39] Training Results: Prec@1 95.483 Prec@5 99.575             Loss 0.17205
Epoch [39] Training Class Recall: [0.868,0.976,0.894,0.595,0.876,0.916,0.957,0.981,0.985,0.989]
Epoch [39] Testing Results: Prec@1 56.190 Prec@5 91.560             Loss 2.06531
Epoch [39] Testing Class Recall: [0.664,0.942,0.677,0.315,0.506,0.176,0.678,0.785,0.579,0.297]
Epoch [40] Training Results: Prec@1 95.875 Prec@5 99.592             Loss 0.16003
Epoch [40] Training Class Recall: [0.891,0.970,0.899,0.646,0.902,0.928,0.967,0.982,0.987,0.987]
Epoch [40] Testing Results: Prec@1 55.480 Prec@5 93.740             Loss 1.98716
Epoch [40] Testing Class Recall: [0.321,0.895,0.719,0.197,0.443,0.451,0.515,0.852,0.636,0.519]
Epoch [41] Training Results: Prec@1 95.833 Prec@5 99.483             Loss 0.16008
Epoch [41] Training Class Recall: [0.855,0.973,0.910,0.595,0.913,0.925,0.960,0.982,0.987,0.989]
Epoch [41] Testing Results: Prec@1 54.980 Prec@5 92.600             Loss 1.94537
Epoch [41] Testing Class Recall: [0.605,0.957,0.555,0.371,0.477,0.428,0.648,0.536,0.354,0.567]
Epoch [42] Training Results: Prec@1 95.717 Prec@5 99.592             Loss 0.16692
Epoch [42] Training Class Recall: [0.884,0.970,0.904,0.608,0.911,0.921,0.957,0.979,0.988,0.989]
Epoch [42] Testing Results: Prec@1 57.240 Prec@5 94.570             Loss 2.11897
Epoch [42] Testing Class Recall: [0.568,0.974,0.574,0.149,0.610,0.670,0.637,0.724,0.437,0.381]
Epoch [43] Training Results: Prec@1 95.942 Prec@5 99.492             Loss 0.15483
Epoch [43] Training Class Recall: [0.894,0.973,0.907,0.601,0.903,0.930,0.967,0.982,0.981,0.990]
Epoch [43] Testing Results: Prec@1 52.840 Prec@5 91.910             Loss 2.77463
Epoch [43] Testing Class Recall: [0.415,0.978,0.625,0.344,0.504,0.458,0.757,0.552,0.590,0.061]
Epoch [44] Training Results: Prec@1 95.767 Prec@5 99.625             Loss 0.16190
Epoch [44] Training Class Recall: [0.878,0.975,0.898,0.620,0.905,0.926,0.955,0.984,0.987,0.987]
Epoch [44] Testing Results: Prec@1 52.200 Prec@5 91.930             Loss 2.49699
Epoch [44] Testing Class Recall: [0.542,0.931,0.540,0.298,0.372,0.693,0.273,0.851,0.481,0.239]
Epoch [45] Training Results: Prec@1 95.617 Prec@5 99.567             Loss 0.16747
Epoch [45] Training Class Recall: [0.845,0.968,0.914,0.646,0.892,0.929,0.962,0.976,0.985,0.988]
Epoch [45] Testing Results: Prec@1 56.320 Prec@5 92.400             Loss 2.04381
Epoch [45] Testing Class Recall: [0.778,0.942,0.672,0.276,0.426,0.618,0.631,0.480,0.224,0.585]
Epoch [46] Training Results: Prec@1 96.042 Prec@5 99.617             Loss 0.15548
Epoch [46] Training Class Recall: [0.878,0.973,0.899,0.646,0.923,0.934,0.964,0.986,0.979,0.991]
Epoch [46] Testing Results: Prec@1 54.420 Prec@5 92.240             Loss 2.33425
Epoch [46] Testing Class Recall: [0.834,0.926,0.576,0.215,0.489,0.646,0.728,0.706,0.173,0.149]
Epoch [47] Training Results: Prec@1 96.333 Prec@5 99.633             Loss 0.14499
Epoch [47] Training Class Recall: [0.898,0.975,0.909,0.658,0.919,0.932,0.967,0.985,0.988,0.992]
Epoch [47] Testing Results: Prec@1 56.700 Prec@5 92.950             Loss 2.17909
Epoch [47] Testing Class Recall: [0.566,0.953,0.687,0.174,0.439,0.457,0.882,0.544,0.573,0.395]
Epoch [48] Training Results: Prec@1 96.042 Prec@5 99.575             Loss 0.15330
Epoch [48] Training Class Recall: [0.868,0.973,0.897,0.633,0.915,0.941,0.963,0.985,0.986,0.990]
Epoch [48] Testing Results: Prec@1 60.440 Prec@5 94.470             Loss 1.89363
Epoch [48] Testing Class Recall: [0.461,0.933,0.566,0.181,0.468,0.638,0.846,0.761,0.680,0.510]
Epoch [49] Training Results: Prec@1 96.442 Prec@5 99.633             Loss 0.14086
Epoch [49] Training Class Recall: [0.891,0.980,0.920,0.620,0.911,0.941,0.966,0.983,0.990,0.992]
Epoch [49] Testing Results: Prec@1 58.700 Prec@5 93.540             Loss 2.01148
Epoch [49] Testing Class Recall: [0.642,0.885,0.601,0.519,0.472,0.691,0.489,0.734,0.613,0.224]
Epoch [50] Training Results: Prec@1 96.400 Prec@5 99.583             Loss 0.14151
Epoch [50] Training Class Recall: [0.917,0.973,0.922,0.633,0.919,0.942,0.965,0.984,0.986,0.990]
Epoch [50] Testing Results: Prec@1 52.000 Prec@5 91.050             Loss 2.72059
Epoch [50] Testing Class Recall: [0.638,0.938,0.795,0.089,0.249,0.270,0.697,0.581,0.270,0.673]
Epoch [51] Training Results: Prec@1 96.183 Prec@5 99.583             Loss 0.15055
Epoch [51] Training Class Recall: [0.884,0.972,0.916,0.563,0.926,0.939,0.967,0.984,0.986,0.989]
Epoch [51] Testing Results: Prec@1 61.080 Prec@5 94.940             Loss 1.77229
Epoch [51] Testing Class Recall: [0.677,0.923,0.709,0.424,0.502,0.524,0.610,0.702,0.619,0.418]
Epoch [52] Training Results: Prec@1 96.108 Prec@5 99.617             Loss 0.14998
Epoch [52] Training Class Recall: [0.904,0.974,0.910,0.627,0.918,0.930,0.964,0.984,0.986,0.986]
Epoch [52] Testing Results: Prec@1 50.220 Prec@5 90.550             Loss 2.92075
Epoch [52] Testing Class Recall: [0.586,0.981,0.608,0.171,0.284,0.758,0.776,0.470,0.191,0.197]
Epoch [53] Training Results: Prec@1 96.433 Prec@5 99.500             Loss 0.14015
Epoch [53] Training Class Recall: [0.881,0.977,0.921,0.684,0.927,0.929,0.967,0.985,0.984,0.992]
Epoch [53] Testing Results: Prec@1 56.280 Prec@5 93.320             Loss 2.17951
Epoch [53] Testing Class Recall: [0.576,0.958,0.570,0.242,0.339,0.732,0.403,0.743,0.526,0.539]
Epoch [54] Training Results: Prec@1 96.275 Prec@5 99.542             Loss 0.14144
Epoch [54] Training Class Recall: [0.871,0.975,0.912,0.684,0.924,0.943,0.962,0.986,0.985,0.988]
Epoch [54] Testing Results: Prec@1 60.080 Prec@5 92.450             Loss 1.92279
Epoch [54] Testing Class Recall: [0.594,0.952,0.603,0.150,0.455,0.752,0.758,0.641,0.657,0.446]
Epoch [55] Training Results: Prec@1 96.067 Prec@5 99.683             Loss 0.15016
Epoch [55] Training Class Recall: [0.891,0.973,0.915,0.601,0.921,0.926,0.957,0.986,0.985,0.991]
Epoch [55] Testing Results: Prec@1 53.340 Prec@5 90.880             Loss 2.58174
Epoch [55] Testing Class Recall: [0.575,0.975,0.668,0.163,0.424,0.578,0.888,0.353,0.453,0.257]
Epoch [56] Training Results: Prec@1 96.475 Prec@5 99.575             Loss 0.14222
Epoch [56] Training Class Recall: [0.898,0.977,0.908,0.690,0.927,0.941,0.965,0.986,0.986,0.992]
Epoch [56] Testing Results: Prec@1 59.310 Prec@5 94.510             Loss 1.86391
Epoch [56] Testing Class Recall: [0.624,0.936,0.738,0.337,0.463,0.632,0.463,0.627,0.564,0.547]
Epoch [57] Training Results: Prec@1 96.517 Prec@5 99.633             Loss 0.14068
Epoch [57] Training Class Recall: [0.878,0.975,0.919,0.703,0.931,0.942,0.967,0.986,0.984,0.992]
Epoch [57] Testing Results: Prec@1 57.750 Prec@5 91.930             Loss 2.27935
Epoch [57] Testing Class Recall: [0.436,0.934,0.747,0.152,0.721,0.448,0.667,0.614,0.646,0.410]
Epoch [58] Training Results: Prec@1 95.942 Prec@5 99.633             Loss 0.15919
Epoch [58] Training Class Recall: [0.881,0.977,0.908,0.563,0.911,0.921,0.963,0.983,0.986,0.990]
Epoch [58] Testing Results: Prec@1 57.660 Prec@5 93.290             Loss 2.20076
Epoch [58] Testing Class Recall: [0.560,0.981,0.524,0.193,0.632,0.463,0.745,0.765,0.690,0.213]
Epoch [59] Training Results: Prec@1 95.958 Prec@5 99.625             Loss 0.15503
Epoch [59] Training Class Recall: [0.884,0.974,0.918,0.627,0.908,0.929,0.958,0.980,0.985,0.989]
Epoch [59] Testing Results: Prec@1 55.560 Prec@5 93.400             Loss 2.07852
Epoch [59] Testing Class Recall: [0.643,0.826,0.675,0.239,0.625,0.464,0.447,0.859,0.530,0.248]
Epoch [60] Training Results: Prec@1 96.625 Prec@5 99.583             Loss 0.13644
Epoch [60] Training Class Recall: [0.875,0.977,0.930,0.696,0.921,0.941,0.969,0.985,0.987,0.993]
Epoch [60] Testing Results: Prec@1 54.000 Prec@5 92.180             Loss 2.55205
Epoch [60] Testing Class Recall: [0.738,0.977,0.674,0.155,0.412,0.562,0.754,0.572,0.318,0.238]
Epoch [61] Training Results: Prec@1 96.667 Prec@5 99.650             Loss 0.13398
Epoch [61] Training Class Recall: [0.894,0.978,0.928,0.696,0.929,0.943,0.969,0.986,0.983,0.991]
Epoch [61] Testing Results: Prec@1 59.980 Prec@5 93.920             Loss 2.01690
Epoch [61] Testing Class Recall: [0.667,0.966,0.695,0.207,0.562,0.446,0.846,0.704,0.492,0.413]
Epoch [62] Training Results: Prec@1 96.717 Prec@5 99.600             Loss 0.13414
Epoch [62] Training Class Recall: [0.921,0.980,0.925,0.652,0.921,0.941,0.967,0.985,0.990,0.994]
Epoch [62] Testing Results: Prec@1 62.760 Prec@5 94.250             Loss 1.70613
Epoch [62] Testing Class Recall: [0.615,0.919,0.451,0.399,0.458,0.551,0.832,0.819,0.633,0.599]
Epoch [63] Training Results: Prec@1 96.533 Prec@5 99.533             Loss 0.13665
Epoch [63] Training Class Recall: [0.914,0.977,0.922,0.614,0.935,0.931,0.965,0.988,0.987,0.991]
Epoch [63] Testing Results: Prec@1 55.970 Prec@5 91.930             Loss 2.25059
Epoch [63] Testing Class Recall: [0.671,0.913,0.669,0.253,0.239,0.601,0.914,0.462,0.504,0.371]
Epoch [64] Training Results: Prec@1 96.892 Prec@5 99.625             Loss 0.12813
Epoch [64] Training Class Recall: [0.908,0.979,0.930,0.690,0.940,0.935,0.968,0.990,0.989,0.993]
Epoch [64] Testing Results: Prec@1 58.760 Prec@5 90.570             Loss 2.09067
Epoch [64] Testing Class Recall: [0.740,0.914,0.431,0.054,0.490,0.586,0.827,0.788,0.430,0.616]
Epoch [65] Training Results: Prec@1 96.683 Prec@5 99.583             Loss 0.13300
Epoch [65] Training Class Recall: [0.914,0.978,0.920,0.639,0.935,0.947,0.970,0.984,0.989,0.991]
Epoch [65] Testing Results: Prec@1 62.190 Prec@5 93.770             Loss 1.79625
Epoch [65] Testing Class Recall: [0.596,0.895,0.677,0.080,0.334,0.725,0.847,0.753,0.737,0.575]
Epoch [66] Training Results: Prec@1 96.333 Prec@5 99.600             Loss 0.14209
Epoch [66] Training Class Recall: [0.888,0.977,0.924,0.677,0.908,0.942,0.964,0.982,0.984,0.991]
Epoch [66] Testing Results: Prec@1 60.680 Prec@5 94.600             Loss 1.98500
Epoch [66] Testing Class Recall: [0.663,0.916,0.770,0.352,0.577,0.439,0.515,0.656,0.704,0.476]
Epoch [67] Training Results: Prec@1 96.492 Prec@5 99.667             Loss 0.13480
Epoch [67] Training Class Recall: [0.898,0.980,0.912,0.633,0.921,0.931,0.965,0.988,0.987,0.995]
Epoch [67] Testing Results: Prec@1 54.340 Prec@5 92.380             Loss 2.63414
Epoch [67] Testing Class Recall: [0.344,0.929,0.831,0.185,0.398,0.444,0.798,0.557,0.646,0.302]
Epoch [68] Training Results: Prec@1 96.458 Prec@5 99.650             Loss 0.14011
Epoch [68] Training Class Recall: [0.888,0.976,0.924,0.671,0.934,0.932,0.966,0.983,0.987,0.991]
Epoch [68] Testing Results: Prec@1 59.120 Prec@5 93.420             Loss 1.86796
Epoch [68] Testing Class Recall: [0.525,0.874,0.734,0.234,0.477,0.678,0.763,0.644,0.294,0.689]
Epoch [69] Training Results: Prec@1 96.592 Prec@5 99.633             Loss 0.13076
Epoch [69] Training Class Recall: [0.901,0.977,0.921,0.703,0.929,0.940,0.967,0.987,0.985,0.990]
Epoch [69] Testing Results: Prec@1 56.990 Prec@5 91.750             Loss 2.19436
Epoch [69] Testing Class Recall: [0.638,0.950,0.659,0.143,0.260,0.615,0.672,0.629,0.665,0.468]
Epoch [70] Training Results: Prec@1 96.517 Prec@5 99.617             Loss 0.13519
Epoch [70] Training Class Recall: [0.908,0.973,0.917,0.690,0.923,0.932,0.966,0.988,0.991,0.991]
Epoch [70] Testing Results: Prec@1 55.940 Prec@5 93.010             Loss 2.21044
Epoch [70] Testing Class Recall: [0.463,0.961,0.670,0.137,0.482,0.627,0.766,0.679,0.425,0.384]
Epoch [71] Training Results: Prec@1 96.325 Prec@5 99.600             Loss 0.13929
Epoch [71] Training Class Recall: [0.861,0.972,0.911,0.665,0.934,0.936,0.969,0.986,0.987,0.991]
Epoch [71] Testing Results: Prec@1 51.600 Prec@5 90.380             Loss 2.76902
Epoch [71] Testing Class Recall: [0.649,0.968,0.627,0.120,0.244,0.720,0.596,0.831,0.286,0.119]
Epoch [72] Training Results: Prec@1 96.717 Prec@5 99.625             Loss 0.13326
Epoch [72] Training Class Recall: [0.904,0.978,0.927,0.696,0.932,0.943,0.966,0.986,0.987,0.992]
Epoch [72] Testing Results: Prec@1 62.330 Prec@5 94.250             Loss 1.90492
Epoch [72] Testing Class Recall: [0.429,0.914,0.710,0.292,0.480,0.674,0.765,0.686,0.613,0.670]
Epoch [73] Training Results: Prec@1 96.983 Prec@5 99.650             Loss 0.12186
Epoch [73] Training Class Recall: [0.908,0.980,0.922,0.728,0.944,0.946,0.970,0.989,0.988,0.993]
Epoch [73] Testing Results: Prec@1 58.640 Prec@5 92.450             Loss 2.02902
Epoch [73] Testing Class Recall: [0.612,0.958,0.780,0.171,0.495,0.477,0.709,0.765,0.520,0.377]
Epoch [74] Training Results: Prec@1 96.217 Prec@5 99.642             Loss 0.14636
Epoch [74] Training Class Recall: [0.898,0.977,0.918,0.671,0.924,0.935,0.953,0.984,0.985,0.989]
Epoch [74] Testing Results: Prec@1 54.990 Prec@5 91.550             Loss 2.33142
Epoch [74] Testing Class Recall: [0.465,0.937,0.676,0.262,0.421,0.469,0.869,0.482,0.391,0.527]
Epoch [75] Training Results: Prec@1 96.792 Prec@5 99.625             Loss 0.13140
Epoch [75] Training Class Recall: [0.924,0.978,0.919,0.684,0.929,0.946,0.968,0.990,0.987,0.992]
Epoch [75] Testing Results: Prec@1 57.150 Prec@5 93.080             Loss 2.29911
Epoch [75] Testing Class Recall: [0.498,0.959,0.632,0.098,0.481,0.555,0.934,0.506,0.661,0.391]
Epoch [76] Training Results: Prec@1 96.483 Prec@5 99.583             Loss 0.13845
Epoch [76] Training Class Recall: [0.875,0.980,0.921,0.684,0.906,0.945,0.971,0.981,0.986,0.992]
Epoch [76] Testing Results: Prec@1 60.920 Prec@5 92.780             Loss 1.97411
Epoch [76] Testing Class Recall: [0.666,0.953,0.525,0.226,0.612,0.657,0.697,0.763,0.705,0.288]
Epoch [77] Training Results: Prec@1 96.392 Prec@5 99.617             Loss 0.13531
Epoch [77] Training Class Recall: [0.875,0.976,0.909,0.684,0.934,0.941,0.961,0.986,0.989,0.991]
Epoch [77] Testing Results: Prec@1 56.600 Prec@5 93.540             Loss 2.26042
Epoch [77] Testing Class Recall: [0.601,0.950,0.759,0.184,0.359,0.512,0.480,0.814,0.556,0.445]
Epoch [78] Training Results: Prec@1 96.692 Prec@5 99.658             Loss 0.13025
Epoch [78] Training Class Recall: [0.914,0.978,0.915,0.677,0.932,0.940,0.968,0.990,0.988,0.991]
Epoch [78] Testing Results: Prec@1 59.820 Prec@5 94.240             Loss 1.88320
Epoch [78] Testing Class Recall: [0.653,0.952,0.730,0.307,0.466,0.536,0.688,0.616,0.629,0.405]
Epoch [79] Training Results: Prec@1 96.700 Prec@5 99.592             Loss 0.13186
Epoch [79] Training Class Recall: [0.917,0.974,0.931,0.709,0.940,0.943,0.967,0.986,0.984,0.989]
Epoch [79] Testing Results: Prec@1 59.140 Prec@5 94.230             Loss 2.16167
Epoch [79] Testing Class Recall: [0.439,0.958,0.528,0.319,0.585,0.699,0.642,0.755,0.539,0.450]
Epoch [80] Training Results: Prec@1 96.933 Prec@5 99.692             Loss 0.12383
Epoch [80] Training Class Recall: [0.911,0.980,0.928,0.658,0.937,0.948,0.967,0.990,0.990,0.994]
Epoch [80] Testing Results: Prec@1 50.940 Prec@5 91.390             Loss 3.15658
Epoch [80] Testing Class Recall: [0.723,0.967,0.808,0.158,0.446,0.378,0.410,0.529,0.554,0.121]
Epoch [81] Training Results: Prec@1 96.325 Prec@5 99.575             Loss 0.13898
Epoch [81] Training Class Recall: [0.904,0.978,0.906,0.633,0.919,0.932,0.967,0.986,0.987,0.989]
Epoch [81] Testing Results: Prec@1 58.100 Prec@5 92.380             Loss 2.14500
Epoch [81] Testing Class Recall: [0.474,0.948,0.566,0.212,0.488,0.661,0.817,0.816,0.418,0.410]
Epoch [82] Training Results: Prec@1 96.600 Prec@5 99.617             Loss 0.13132
Epoch [82] Training Class Recall: [0.898,0.975,0.922,0.665,0.929,0.941,0.967,0.987,0.987,0.993]
Epoch [82] Testing Results: Prec@1 60.170 Prec@5 93.740             Loss 2.10178
Epoch [82] Testing Class Recall: [0.594,0.967,0.601,0.199,0.525,0.588,0.863,0.707,0.570,0.403]
Epoch [83] Training Results: Prec@1 96.825 Prec@5 99.683             Loss 0.12205
Epoch [83] Training Class Recall: [0.924,0.976,0.927,0.690,0.923,0.947,0.969,0.990,0.987,0.992]
Epoch [83] Testing Results: Prec@1 59.700 Prec@5 93.520             Loss 1.95593
Epoch [83] Testing Class Recall: [0.491,0.971,0.623,0.429,0.645,0.510,0.751,0.614,0.641,0.295]
Epoch [84] Training Results: Prec@1 96.583 Prec@5 99.642             Loss 0.13272
Epoch [84] Training Class Recall: [0.888,0.978,0.932,0.690,0.931,0.942,0.966,0.982,0.984,0.992]
Epoch [84] Testing Results: Prec@1 56.990 Prec@5 92.940             Loss 2.38303
Epoch [84] Testing Class Recall: [0.745,0.894,0.728,0.485,0.645,0.469,0.470,0.618,0.439,0.206]
Epoch [85] Training Results: Prec@1 96.200 Prec@5 99.725             Loss 0.14399
Epoch [85] Training Class Recall: [0.855,0.974,0.915,0.658,0.929,0.926,0.962,0.989,0.985,0.990]
Epoch [85] Testing Results: Prec@1 59.860 Prec@5 93.490             Loss 1.90873
Epoch [85] Testing Class Recall: [0.752,0.948,0.645,0.283,0.417,0.412,0.869,0.595,0.567,0.498]
Epoch [86] Training Results: Prec@1 96.667 Prec@5 99.642             Loss 0.12756
Epoch [86] Training Class Recall: [0.924,0.978,0.926,0.684,0.923,0.936,0.965,0.986,0.989,0.991]
Epoch [86] Testing Results: Prec@1 57.820 Prec@5 93.470             Loss 2.11146
Epoch [86] Testing Class Recall: [0.606,0.983,0.557,0.221,0.584,0.560,0.636,0.660,0.476,0.499]
Epoch [87] Training Results: Prec@1 96.517 Prec@5 99.592             Loss 0.13274
Epoch [87] Training Class Recall: [0.901,0.980,0.929,0.677,0.910,0.943,0.965,0.982,0.983,0.992]
Epoch [87] Testing Results: Prec@1 58.350 Prec@5 93.710             Loss 2.30919
Epoch [87] Testing Class Recall: [0.440,0.942,0.748,0.267,0.343,0.610,0.811,0.687,0.619,0.368]
Epoch [88] Training Results: Prec@1 96.325 Prec@5 99.650             Loss 0.13992
Epoch [88] Training Class Recall: [0.875,0.975,0.912,0.665,0.935,0.939,0.963,0.988,0.984,0.988]
Epoch [88] Testing Results: Prec@1 58.780 Prec@5 93.760             Loss 2.18940
Epoch [88] Testing Class Recall: [0.574,0.884,0.676,0.336,0.375,0.506,0.787,0.846,0.444,0.450]
Epoch [89] Training Results: Prec@1 96.933 Prec@5 99.692             Loss 0.12330
Epoch [89] Training Class Recall: [0.911,0.981,0.932,0.677,0.937,0.945,0.971,0.987,0.987,0.993]
Epoch [89] Testing Results: Prec@1 60.100 Prec@5 92.710             Loss 1.92208
Epoch [89] Testing Class Recall: [0.674,0.966,0.583,0.236,0.406,0.398,0.810,0.830,0.557,0.550]
Epoch [90] Training Results: Prec@1 97.000 Prec@5 99.633             Loss 0.11937
Epoch [90] Training Class Recall: [0.898,0.976,0.935,0.715,0.940,0.948,0.971,0.991,0.990,0.991]
Epoch [90] Testing Results: Prec@1 62.010 Prec@5 93.580             Loss 1.93973
Epoch [90] Testing Class Recall: [0.707,0.909,0.676,0.354,0.502,0.790,0.822,0.575,0.545,0.321]
Epoch [91] Training Results: Prec@1 96.950 Prec@5 99.583             Loss 0.12140
Epoch [91] Training Class Recall: [0.911,0.979,0.935,0.715,0.924,0.947,0.970,0.985,0.988,0.996]
Epoch [91] Testing Results: Prec@1 51.090 Prec@5 88.660             Loss 2.81365
Epoch [91] Testing Class Recall: [0.741,0.989,0.547,0.112,0.391,0.391,0.531,0.797,0.304,0.306]
Epoch [92] Training Results: Prec@1 96.775 Prec@5 99.650             Loss 0.13001
Epoch [92] Training Class Recall: [0.921,0.979,0.930,0.690,0.921,0.947,0.968,0.988,0.987,0.989]
Epoch [92] Testing Results: Prec@1 60.270 Prec@5 93.900             Loss 1.79148
Epoch [92] Testing Class Recall: [0.796,0.947,0.692,0.306,0.545,0.459,0.660,0.641,0.369,0.612]
Epoch [93] Training Results: Prec@1 96.925 Prec@5 99.708             Loss 0.12472
Epoch [93] Training Class Recall: [0.911,0.978,0.930,0.703,0.944,0.940,0.969,0.989,0.990,0.990]
Epoch [93] Testing Results: Prec@1 51.300 Prec@5 91.240             Loss 2.96720
Epoch [93] Testing Class Recall: [0.899,0.971,0.504,0.276,0.560,0.512,0.404,0.513,0.219,0.272]
Epoch [94] Training Results: Prec@1 96.642 Prec@5 99.675             Loss 0.13076
Epoch [94] Training Class Recall: [0.891,0.979,0.921,0.709,0.926,0.942,0.967,0.982,0.987,0.995]
Epoch [94] Testing Results: Prec@1 58.550 Prec@5 93.090             Loss 2.19078
Epoch [94] Testing Class Recall: [0.568,0.956,0.695,0.096,0.669,0.456,0.509,0.758,0.723,0.425]
Epoch [95] Training Results: Prec@1 96.842 Prec@5 99.658             Loss 0.12496
Epoch [95] Training Class Recall: [0.917,0.979,0.931,0.677,0.934,0.948,0.969,0.987,0.986,0.990]
Epoch [95] Testing Results: Prec@1 58.680 Prec@5 93.880             Loss 2.23322
Epoch [95] Testing Class Recall: [0.618,0.916,0.638,0.201,0.420,0.551,0.897,0.704,0.396,0.527]
Epoch [96] Training Results: Prec@1 96.875 Prec@5 99.708             Loss 0.12521
Epoch [96] Training Class Recall: [0.908,0.979,0.927,0.728,0.932,0.945,0.966,0.987,0.987,0.995]
Epoch [96] Testing Results: Prec@1 54.070 Prec@5 92.200             Loss 2.59409
Epoch [96] Testing Class Recall: [0.764,0.964,0.729,0.116,0.326,0.664,0.556,0.746,0.363,0.179]
Epoch [97] Training Results: Prec@1 96.500 Prec@5 99.725             Loss 0.12885
Epoch [97] Training Class Recall: [0.898,0.978,0.921,0.677,0.902,0.946,0.965,0.984,0.989,0.993]
Epoch [97] Testing Results: Prec@1 59.710 Prec@5 93.080             Loss 1.92067
Epoch [97] Testing Class Recall: [0.447,0.954,0.587,0.340,0.816,0.637,0.690,0.535,0.756,0.209]
Epoch [98] Training Results: Prec@1 96.600 Prec@5 99.658             Loss 0.13458
Epoch [98] Training Class Recall: [0.891,0.975,0.924,0.715,0.940,0.941,0.962,0.985,0.989,0.991]
Epoch [98] Testing Results: Prec@1 60.680 Prec@5 93.880             Loss 1.85514
Epoch [98] Testing Class Recall: [0.574,0.977,0.691,0.389,0.639,0.458,0.741,0.536,0.627,0.436]
Epoch [99] Training Results: Prec@1 97.008 Prec@5 99.650             Loss 0.12247
Epoch [99] Training Class Recall: [0.914,0.979,0.931,0.703,0.934,0.946,0.968,0.990,0.989,0.994]
Epoch [99] Testing Results: Prec@1 54.310 Prec@5 92.160             Loss 2.46233
Epoch [99] Testing Class Recall: [0.585,0.969,0.677,0.165,0.293,0.794,0.601,0.743,0.350,0.254]
Epoch [100] Training Results: Prec@1 96.692 Prec@5 99.650             Loss 0.13072
Epoch [100] Training Class Recall: [0.904,0.978,0.930,0.684,0.929,0.939,0.965,0.988,0.989,0.990]
Epoch [100] Testing Results: Prec@1 58.500 Prec@5 93.830             Loss 2.12101
Epoch [100] Testing Class Recall: [0.722,0.977,0.479,0.187,0.260,0.580,0.915,0.749,0.585,0.396]
Epoch [101] Training Results: Prec@1 97.075 Prec@5 99.683             Loss 0.12032
Epoch [101] Training Class Recall: [0.898,0.981,0.932,0.690,0.937,0.951,0.973,0.989,0.991,0.993]
Epoch [101] Testing Results: Prec@1 53.300 Prec@5 92.560             Loss 2.41734
Epoch [101] Testing Class Recall: [0.471,0.977,0.800,0.208,0.315,0.567,0.431,0.662,0.533,0.366]
Epoch [102] Training Results: Prec@1 96.967 Prec@5 99.633             Loss 0.11937
Epoch [102] Training Class Recall: [0.894,0.977,0.933,0.690,0.944,0.956,0.971,0.987,0.990,0.991]
Epoch [102] Testing Results: Prec@1 58.350 Prec@5 94.340             Loss 2.15176
Epoch [102] Testing Class Recall: [0.508,0.946,0.782,0.372,0.638,0.378,0.842,0.516,0.426,0.427]
Epoch [103] Training Results: Prec@1 96.825 Prec@5 99.642             Loss 0.12421
Epoch [103] Training Class Recall: [0.888,0.977,0.931,0.703,0.940,0.948,0.972,0.988,0.984,0.991]
Epoch [103] Testing Results: Prec@1 55.550 Prec@5 93.260             Loss 2.52530
Epoch [103] Testing Class Recall: [0.714,0.978,0.614,0.395,0.417,0.618,0.506,0.621,0.282,0.410]
Epoch [104] Training Results: Prec@1 96.333 Prec@5 99.667             Loss 0.13398
Epoch [104] Training Class Recall: [0.878,0.974,0.925,0.671,0.942,0.937,0.964,0.982,0.984,0.987]
Epoch [104] Testing Results: Prec@1 60.450 Prec@5 92.610             Loss 1.78271
Epoch [104] Testing Class Recall: [0.790,0.956,0.472,0.189,0.561,0.601,0.809,0.713,0.368,0.586]
Epoch [105] Training Results: Prec@1 96.708 Prec@5 99.625             Loss 0.12815
Epoch [105] Training Class Recall: [0.917,0.978,0.926,0.677,0.934,0.934,0.967,0.986,0.988,0.992]
Epoch [105] Testing Results: Prec@1 59.410 Prec@5 91.830             Loss 1.84933
Epoch [105] Testing Class Recall: [0.597,0.958,0.702,0.223,0.198,0.661,0.829,0.714,0.526,0.533]
Epoch [106] Training Results: Prec@1 97.342 Prec@5 99.667             Loss 0.11233
Epoch [106] Training Class Recall: [0.917,0.982,0.942,0.753,0.940,0.952,0.974,0.988,0.989,0.995]
Epoch [106] Testing Results: Prec@1 59.900 Prec@5 93.680             Loss 1.97125
Epoch [106] Testing Class Recall: [0.701,0.973,0.767,0.246,0.516,0.362,0.764,0.704,0.569,0.388]
Epoch [107] Training Results: Prec@1 97.367 Prec@5 99.692             Loss 0.10597
Epoch [107] Training Class Recall: [0.921,0.982,0.938,0.722,0.950,0.955,0.970,0.992,0.991,0.995]
Epoch [107] Testing Results: Prec@1 60.540 Prec@5 92.190             Loss 2.13871
Epoch [107] Testing Class Recall: [0.494,0.883,0.677,0.309,0.452,0.341,0.744,0.688,0.637,0.829]
Epoch [108] Training Results: Prec@1 97.075 Prec@5 99.608             Loss 0.11836
Epoch [108] Training Class Recall: [0.917,0.981,0.935,0.696,0.947,0.946,0.972,0.987,0.989,0.992]
Epoch [108] Testing Results: Prec@1 56.430 Prec@5 93.680             Loss 1.97954
Epoch [108] Testing Class Recall: [0.569,0.977,0.796,0.229,0.295,0.518,0.749,0.760,0.396,0.354]
Epoch [109] Training Results: Prec@1 96.983 Prec@5 99.667             Loss 0.11957
Epoch [109] Training Class Recall: [0.911,0.980,0.929,0.690,0.945,0.945,0.969,0.989,0.988,0.994]
Epoch [109] Testing Results: Prec@1 52.340 Prec@5 91.150             Loss 3.11896
Epoch [109] Testing Class Recall: [0.611,0.955,0.794,0.184,0.300,0.750,0.788,0.440,0.282,0.130]
Epoch [110] Training Results: Prec@1 97.050 Prec@5 99.692             Loss 0.11628
Epoch [110] Training Class Recall: [0.894,0.978,0.939,0.684,0.937,0.948,0.971,0.992,0.987,0.995]
Epoch [110] Testing Results: Prec@1 59.290 Prec@5 92.900             Loss 2.17850
Epoch [110] Testing Class Recall: [0.842,0.949,0.541,0.284,0.643,0.412,0.782,0.711,0.520,0.245]
Epoch [111] Training Results: Prec@1 96.483 Prec@5 99.608             Loss 0.13734
Epoch [111] Training Class Recall: [0.894,0.978,0.917,0.684,0.921,0.939,0.964,0.987,0.987,0.991]
Epoch [111] Testing Results: Prec@1 56.700 Prec@5 92.250             Loss 2.34767
Epoch [111] Testing Class Recall: [0.737,0.952,0.747,0.276,0.497,0.400,0.851,0.475,0.273,0.462]
Epoch [112] Training Results: Prec@1 96.592 Prec@5 99.642             Loss 0.13695
Epoch [112] Training Class Recall: [0.911,0.971,0.926,0.709,0.932,0.939,0.967,0.987,0.987,0.990]
Epoch [112] Testing Results: Prec@1 58.420 Prec@5 93.580             Loss 2.27176
Epoch [112] Testing Class Recall: [0.596,0.958,0.752,0.349,0.304,0.652,0.751,0.700,0.422,0.358]
Epoch [113] Training Results: Prec@1 96.692 Prec@5 99.708             Loss 0.12630
Epoch [113] Training Class Recall: [0.911,0.977,0.924,0.684,0.935,0.943,0.969,0.983,0.989,0.992]
Epoch [113] Testing Results: Prec@1 57.500 Prec@5 93.360             Loss 2.25870
Epoch [113] Testing Class Recall: [0.699,0.976,0.657,0.354,0.655,0.593,0.588,0.586,0.448,0.194]
Epoch [114] Training Results: Prec@1 96.633 Prec@5 99.667             Loss 0.12730
Epoch [114] Training Class Recall: [0.891,0.978,0.929,0.684,0.929,0.935,0.968,0.985,0.987,0.993]
Epoch [114] Testing Results: Prec@1 64.290 Prec@5 94.170             Loss 1.69684
Epoch [114] Testing Class Recall: [0.515,0.913,0.643,0.197,0.602,0.799,0.833,0.672,0.658,0.597]
Epoch [115] Training Results: Prec@1 97.292 Prec@5 99.667             Loss 0.10974
Epoch [115] Training Class Recall: [0.914,0.979,0.949,0.703,0.958,0.946,0.969,0.990,0.989,0.995]
Epoch [115] Testing Results: Prec@1 60.980 Prec@5 93.990             Loss 2.07824
Epoch [115] Testing Class Recall: [0.561,0.974,0.769,0.288,0.624,0.431,0.770,0.608,0.559,0.514]
Epoch [116] Training Results: Prec@1 97.108 Prec@5 99.650             Loss 0.11775
Epoch [116] Training Class Recall: [0.931,0.979,0.931,0.734,0.932,0.955,0.968,0.991,0.988,0.993]
Epoch [116] Testing Results: Prec@1 60.840 Prec@5 93.900             Loss 2.02548
Epoch [116] Testing Class Recall: [0.625,0.913,0.825,0.373,0.513,0.567,0.640,0.620,0.535,0.473]
Epoch [117] Training Results: Prec@1 96.792 Prec@5 99.683             Loss 0.12574
Epoch [117] Training Class Recall: [0.914,0.976,0.928,0.690,0.932,0.950,0.969,0.986,0.988,0.991]
Epoch [117] Testing Results: Prec@1 54.500 Prec@5 93.090             Loss 2.57576
Epoch [117] Testing Class Recall: [0.644,0.977,0.817,0.097,0.599,0.635,0.486,0.679,0.268,0.248]
Epoch [118] Training Results: Prec@1 96.892 Prec@5 99.608             Loss 0.12135
Epoch [118] Training Class Recall: [0.911,0.976,0.930,0.709,0.942,0.947,0.971,0.986,0.987,0.992]
Epoch [118] Testing Results: Prec@1 54.480 Prec@5 92.770             Loss 2.75881
Epoch [118] Testing Class Recall: [0.455,0.987,0.786,0.229,0.351,0.581,0.769,0.733,0.416,0.141]
Epoch [119] Training Results: Prec@1 97.225 Prec@5 99.700             Loss 0.11186
Epoch [119] Training Class Recall: [0.904,0.978,0.943,0.734,0.948,0.951,0.973,0.989,0.988,0.993]
Epoch [119] Testing Results: Prec@1 60.450 Prec@5 95.100             Loss 1.85734
Epoch [119] Testing Class Recall: [0.590,0.958,0.800,0.261,0.605,0.559,0.513,0.685,0.530,0.544]
Epoch [120] Training Results: Prec@1 96.817 Prec@5 99.658             Loss 0.12470
Epoch [120] Training Class Recall: [0.908,0.980,0.932,0.677,0.935,0.936,0.970,0.987,0.987,0.992]
Epoch [120] Testing Results: Prec@1 61.250 Prec@5 93.450             Loss 1.91901
Epoch [120] Testing Class Recall: [0.545,0.958,0.593,0.231,0.283,0.629,0.829,0.746,0.749,0.562]
Epoch [121] Training Results: Prec@1 97.067 Prec@5 99.708             Loss 0.11152
Epoch [121] Training Class Recall: [0.917,0.978,0.935,0.709,0.948,0.943,0.971,0.989,0.987,0.994]
Epoch [121] Testing Results: Prec@1 60.300 Prec@5 93.390             Loss 1.86954
Epoch [121] Testing Class Recall: [0.724,0.933,0.633,0.310,0.671,0.426,0.548,0.748,0.696,0.341]
Epoch [122] Training Results: Prec@1 96.658 Prec@5 99.633             Loss 0.12897
Epoch [122] Training Class Recall: [0.898,0.980,0.919,0.690,0.932,0.945,0.963,0.987,0.986,0.993]
Epoch [122] Testing Results: Prec@1 57.760 Prec@5 94.500             Loss 2.12056
Epoch [122] Testing Class Recall: [0.563,0.961,0.882,0.349,0.400,0.433,0.506,0.673,0.666,0.343]
Epoch [123] Training Results: Prec@1 96.983 Prec@5 99.642             Loss 0.11945
Epoch [123] Training Class Recall: [0.911,0.979,0.940,0.684,0.934,0.937,0.971,0.989,0.989,0.994]
Epoch [123] Testing Results: Prec@1 58.940 Prec@5 92.920             Loss 2.19410
Epoch [123] Testing Class Recall: [0.759,0.970,0.565,0.154,0.562,0.581,0.874,0.658,0.576,0.195]
Epoch [124] Training Results: Prec@1 96.833 Prec@5 99.650             Loss 0.12452
Epoch [124] Training Class Recall: [0.917,0.978,0.926,0.715,0.932,0.942,0.963,0.989,0.987,0.995]
Epoch [124] Testing Results: Prec@1 59.210 Prec@5 92.990             Loss 2.32423
Epoch [124] Testing Class Recall: [0.637,0.929,0.601,0.091,0.625,0.662,0.889,0.536,0.496,0.455]
Epoch [125] Training Results: Prec@1 96.750 Prec@5 99.667             Loss 0.12218
Epoch [125] Training Class Recall: [0.901,0.978,0.922,0.696,0.932,0.945,0.968,0.984,0.991,0.993]
Epoch [125] Testing Results: Prec@1 58.690 Prec@5 93.200             Loss 1.97491
Epoch [125] Testing Class Recall: [0.780,0.962,0.696,0.170,0.475,0.659,0.733,0.764,0.271,0.359]
Epoch [126] Training Results: Prec@1 97.167 Prec@5 99.625             Loss 0.11586
Epoch [126] Training Class Recall: [0.917,0.978,0.939,0.728,0.948,0.948,0.971,0.989,0.987,0.994]
Epoch [126] Testing Results: Prec@1 54.950 Prec@5 91.990             Loss 2.48234
Epoch [126] Testing Class Recall: [0.383,0.980,0.773,0.420,0.646,0.445,0.670,0.629,0.264,0.285]
Epoch [127] Training Results: Prec@1 96.867 Prec@5 99.658             Loss 0.12420
Epoch [127] Training Class Recall: [0.911,0.975,0.931,0.759,0.934,0.950,0.971,0.985,0.985,0.991]
Epoch [127] Testing Results: Prec@1 62.460 Prec@5 93.000             Loss 1.79569
Epoch [127] Testing Class Recall: [0.535,0.957,0.553,0.206,0.543,0.494,0.904,0.712,0.714,0.628]
Epoch [128] Training Results: Prec@1 96.967 Prec@5 99.667             Loss 0.11767
Epoch [128] Training Class Recall: [0.908,0.978,0.927,0.684,0.942,0.948,0.971,0.988,0.988,0.995]
Epoch [128] Testing Results: Prec@1 61.670 Prec@5 94.120             Loss 1.81000
Epoch [128] Testing Class Recall: [0.611,0.921,0.663,0.266,0.494,0.508,0.745,0.879,0.527,0.553]
Epoch [129] Training Results: Prec@1 96.933 Prec@5 99.633             Loss 0.12195
Epoch [129] Training Class Recall: [0.924,0.980,0.935,0.703,0.931,0.943,0.967,0.987,0.990,0.991]
Epoch [129] Testing Results: Prec@1 61.410 Prec@5 93.240             Loss 1.85796
Epoch [129] Testing Class Recall: [0.664,0.969,0.627,0.243,0.414,0.591,0.791,0.738,0.462,0.642]
Epoch [130] Training Results: Prec@1 97.108 Prec@5 99.683             Loss 0.11466
Epoch [130] Training Class Recall: [0.917,0.979,0.936,0.677,0.948,0.947,0.973,0.988,0.989,0.994]
Epoch [130] Testing Results: Prec@1 61.550 Prec@5 94.740             Loss 1.90361
Epoch [130] Testing Class Recall: [0.742,0.953,0.685,0.277,0.721,0.585,0.703,0.614,0.433,0.442]
Epoch [131] Training Results: Prec@1 97.083 Prec@5 99.600             Loss 0.11750
Epoch [131] Training Class Recall: [0.911,0.979,0.942,0.684,0.947,0.947,0.971,0.987,0.986,0.995]
Epoch [131] Testing Results: Prec@1 55.440 Prec@5 93.110             Loss 2.25839
Epoch [131] Testing Class Recall: [0.489,0.815,0.631,0.196,0.623,0.318,0.429,0.692,0.841,0.510]
Epoch [132] Training Results: Prec@1 95.875 Prec@5 99.625             Loss 0.15487
Epoch [132] Training Class Recall: [0.888,0.970,0.922,0.589,0.923,0.915,0.962,0.982,0.984,0.986]
Epoch [132] Testing Results: Prec@1 57.590 Prec@5 93.010             Loss 2.19589
Epoch [132] Testing Class Recall: [0.607,0.950,0.560,0.167,0.392,0.464,0.952,0.500,0.589,0.578]
Epoch [133] Training Results: Prec@1 96.867 Prec@5 99.592             Loss 0.12528
Epoch [133] Training Class Recall: [0.927,0.979,0.927,0.646,0.942,0.941,0.968,0.988,0.987,0.994]
Epoch [133] Testing Results: Prec@1 58.100 Prec@5 94.070             Loss 2.08622
Epoch [133] Testing Class Recall: [0.506,0.959,0.838,0.212,0.475,0.561,0.614,0.663,0.489,0.493]
Epoch [134] Training Results: Prec@1 97.242 Prec@5 99.683             Loss 0.10818
Epoch [134] Training Class Recall: [0.924,0.982,0.947,0.741,0.932,0.947,0.973,0.988,0.988,0.994]
Epoch [134] Testing Results: Prec@1 60.920 Prec@5 94.140             Loss 1.92854
Epoch [134] Testing Class Recall: [0.631,0.968,0.652,0.361,0.560,0.673,0.830,0.607,0.441,0.369]
Epoch [135] Training Results: Prec@1 97.283 Prec@5 99.717             Loss 0.11171
Epoch [135] Training Class Recall: [0.917,0.982,0.943,0.703,0.948,0.951,0.972,0.989,0.988,0.995]
Epoch [135] Testing Results: Prec@1 60.630 Prec@5 94.830             Loss 1.93686
Epoch [135] Testing Class Recall: [0.634,0.958,0.648,0.627,0.541,0.499,0.449,0.657,0.661,0.389]
Epoch [136] Training Results: Prec@1 97.067 Prec@5 99.708             Loss 0.11674
Epoch [136] Training Class Recall: [0.924,0.978,0.946,0.709,0.945,0.950,0.969,0.986,0.987,0.991]
Epoch [136] Testing Results: Prec@1 64.430 Prec@5 94.130             Loss 1.57993
Epoch [136] Testing Class Recall: [0.649,0.927,0.694,0.217,0.582,0.521,0.796,0.678,0.668,0.711]
Epoch [137] Training Results: Prec@1 97.358 Prec@5 99.667             Loss 0.10615
Epoch [137] Training Class Recall: [0.927,0.981,0.949,0.722,0.950,0.950,0.972,0.989,0.989,0.994]
Epoch [137] Testing Results: Prec@1 61.610 Prec@5 93.550             Loss 1.76928
Epoch [137] Testing Class Recall: [0.726,0.980,0.695,0.225,0.558,0.516,0.738,0.724,0.479,0.520]
Epoch [138] Training Results: Prec@1 96.817 Prec@5 99.692             Loss 0.12590
Epoch [138] Training Class Recall: [0.911,0.979,0.936,0.709,0.927,0.947,0.968,0.988,0.985,0.989]
Epoch [138] Testing Results: Prec@1 49.890 Prec@5 91.200             Loss 2.42373
Epoch [138] Testing Class Recall: [0.477,0.986,0.617,0.241,0.391,0.431,0.294,0.598,0.465,0.489]
Epoch [139] Training Results: Prec@1 97.033 Prec@5 99.750             Loss 0.11841
Epoch [139] Training Class Recall: [0.921,0.981,0.937,0.696,0.932,0.941,0.970,0.988,0.989,0.995]
Epoch [139] Testing Results: Prec@1 53.360 Prec@5 92.040             Loss 2.69979
Epoch [139] Testing Class Recall: [0.603,0.995,0.571,0.137,0.518,0.593,0.838,0.623,0.329,0.129]
Epoch [140] Training Results: Prec@1 97.050 Prec@5 99.708             Loss 0.11669
Epoch [140] Training Class Recall: [0.904,0.980,0.929,0.747,0.940,0.953,0.969,0.989,0.987,0.992]
Epoch [140] Testing Results: Prec@1 60.980 Prec@5 94.340             Loss 1.90337
Epoch [140] Testing Class Recall: [0.708,0.962,0.648,0.265,0.483,0.748,0.582,0.719,0.474,0.509]
Epoch [141] Training Results: Prec@1 96.842 Prec@5 99.625             Loss 0.12331
Epoch [141] Training Class Recall: [0.917,0.980,0.932,0.684,0.939,0.934,0.964,0.988,0.989,0.993]
Epoch [141] Testing Results: Prec@1 54.750 Prec@5 91.360             Loss 2.02009
Epoch [141] Testing Class Recall: [0.697,0.936,0.492,0.131,0.666,0.329,0.859,0.721,0.291,0.353]
Epoch [142] Training Results: Prec@1 96.550 Prec@5 99.675             Loss 0.13318
Epoch [142] Training Class Recall: [0.898,0.978,0.918,0.715,0.924,0.945,0.965,0.986,0.986,0.989]
Epoch [142] Testing Results: Prec@1 59.960 Prec@5 92.690             Loss 2.06570
Epoch [142] Testing Class Recall: [0.669,0.954,0.674,0.085,0.523,0.492,0.910,0.534,0.698,0.457]
Epoch [143] Training Results: Prec@1 96.925 Prec@5 99.683             Loss 0.12097
Epoch [143] Training Class Recall: [0.901,0.978,0.929,0.703,0.945,0.943,0.971,0.989,0.988,0.992]
Epoch [143] Testing Results: Prec@1 57.860 Prec@5 94.090             Loss 2.37529
Epoch [143] Testing Class Recall: [0.829,0.947,0.770,0.272,0.310,0.546,0.756,0.702,0.342,0.312]
Epoch [144] Training Results: Prec@1 97.383 Prec@5 99.717             Loss 0.10641
Epoch [144] Training Class Recall: [0.924,0.980,0.950,0.715,0.945,0.951,0.975,0.989,0.991,0.995]
Epoch [144] Testing Results: Prec@1 61.370 Prec@5 94.010             Loss 1.79803
Epoch [144] Testing Class Recall: [0.560,0.947,0.762,0.456,0.504,0.355,0.602,0.800,0.600,0.551]
Epoch [145] Training Results: Prec@1 96.908 Prec@5 99.700             Loss 0.12421
Epoch [145] Training Class Recall: [0.914,0.978,0.938,0.696,0.934,0.946,0.967,0.986,0.987,0.994]
Epoch [145] Testing Results: Prec@1 57.650 Prec@5 94.230             Loss 2.07182
Epoch [145] Testing Class Recall: [0.569,0.980,0.792,0.325,0.407,0.530,0.642,0.680,0.389,0.451]
Epoch [146] Training Results: Prec@1 96.942 Prec@5 99.717             Loss 0.11848
Epoch [146] Training Class Recall: [0.921,0.977,0.936,0.703,0.935,0.942,0.972,0.987,0.989,0.992]
Epoch [146] Testing Results: Prec@1 55.140 Prec@5 91.830             Loss 2.72515
Epoch [146] Testing Class Recall: [0.603,0.991,0.735,0.379,0.652,0.485,0.657,0.594,0.310,0.108]
Epoch [147] Training Results: Prec@1 96.967 Prec@5 99.717             Loss 0.12045
Epoch [147] Training Class Recall: [0.917,0.979,0.939,0.696,0.935,0.946,0.967,0.987,0.989,0.992]
Epoch [147] Testing Results: Prec@1 56.680 Prec@5 92.500             Loss 2.40581
Epoch [147] Testing Class Recall: [0.751,0.976,0.720,0.150,0.507,0.383,0.710,0.643,0.554,0.274]
Epoch [148] Training Results: Prec@1 96.992 Prec@5 99.692             Loss 0.11900
Epoch [148] Training Class Recall: [0.914,0.977,0.939,0.715,0.931,0.942,0.973,0.987,0.989,0.993]
Epoch [148] Testing Results: Prec@1 61.250 Prec@5 92.950             Loss 2.06288
Epoch [148] Testing Class Recall: [0.700,0.969,0.437,0.116,0.437,0.780,0.832,0.788,0.549,0.517]
Epoch [149] Training Results: Prec@1 97.250 Prec@5 99.667             Loss 0.11104
Epoch [149] Training Class Recall: [0.921,0.980,0.939,0.715,0.934,0.951,0.972,0.992,0.991,0.994]
Epoch [149] Testing Results: Prec@1 59.860 Prec@5 93.920             Loss 1.95179
Epoch [149] Testing Class Recall: [0.721,0.961,0.742,0.417,0.750,0.495,0.531,0.511,0.490,0.368]
Epoch [150] Training Results: Prec@1 97.117 Prec@5 99.658             Loss 0.11862
Epoch [150] Training Class Recall: [0.908,0.980,0.942,0.715,0.950,0.940,0.968,0.987,0.990,0.996]
Epoch [150] Testing Results: Prec@1 60.320 Prec@5 92.180             Loss 2.13240
Epoch [150] Testing Class Recall: [0.734,0.971,0.676,0.083,0.640,0.595,0.580,0.746,0.481,0.526]
Epoch [151] Training Results: Prec@1 97.192 Prec@5 99.750             Loss 0.11315
Epoch [151] Training Class Recall: [0.921,0.978,0.947,0.728,0.948,0.952,0.971,0.985,0.988,0.994]
Epoch [151] Testing Results: Prec@1 57.680 Prec@5 93.150             Loss 2.20409
Epoch [151] Testing Class Recall: [0.597,0.986,0.732,0.337,0.411,0.346,0.839,0.760,0.532,0.228]
Epoch [152] Training Results: Prec@1 97.492 Prec@5 99.717             Loss 0.10234
Epoch [152] Training Class Recall: [0.941,0.984,0.940,0.741,0.947,0.948,0.973,0.992,0.991,0.996]
Epoch [152] Testing Results: Prec@1 56.680 Prec@5 93.840             Loss 2.35619
Epoch [152] Testing Class Recall: [0.577,0.954,0.823,0.257,0.469,0.495,0.751,0.647,0.433,0.262]
Epoch [153] Training Results: Prec@1 96.958 Prec@5 99.750             Loss 0.11962
Epoch [153] Training Class Recall: [0.904,0.978,0.943,0.671,0.955,0.948,0.967,0.990,0.984,0.989]
Epoch [153] Testing Results: Prec@1 56.000 Prec@5 91.370             Loss 2.31672
Epoch [153] Testing Class Recall: [0.674,0.970,0.388,0.068,0.658,0.467,0.780,0.809,0.369,0.417]
Epoch [154] Training Results: Prec@1 96.883 Prec@5 99.667             Loss 0.12336
Epoch [154] Training Class Recall: [0.904,0.976,0.932,0.690,0.940,0.950,0.969,0.987,0.989,0.992]
Epoch [154] Testing Results: Prec@1 59.570 Prec@5 93.160             Loss 1.97942
Epoch [154] Testing Class Recall: [0.590,0.940,0.733,0.297,0.283,0.570,0.783,0.797,0.649,0.315]
Epoch [155] Training Results: Prec@1 97.167 Prec@5 99.708             Loss 0.11571
Epoch [155] Training Class Recall: [0.901,0.977,0.945,0.715,0.950,0.952,0.970,0.993,0.986,0.993]
Epoch [155] Testing Results: Prec@1 55.090 Prec@5 91.660             Loss 2.32703
Epoch [155] Testing Class Recall: [0.712,0.991,0.484,0.406,0.388,0.425,0.793,0.385,0.470,0.455]
Epoch [156] Training Results: Prec@1 96.742 Prec@5 99.658             Loss 0.12677
Epoch [156] Training Class Recall: [0.911,0.978,0.917,0.715,0.924,0.946,0.967,0.987,0.987,0.994]
Epoch [156] Testing Results: Prec@1 51.810 Prec@5 91.600             Loss 2.52762
Epoch [156] Testing Class Recall: [0.514,0.991,0.458,0.353,0.303,0.581,0.626,0.587,0.404,0.364]
Epoch [157] Training Results: Prec@1 96.725 Prec@5 99.650             Loss 0.12996
Epoch [157] Training Class Recall: [0.894,0.976,0.921,0.690,0.934,0.951,0.967,0.989,0.986,0.992]
Epoch [157] Testing Results: Prec@1 62.980 Prec@5 94.530             Loss 1.61576
Epoch [157] Testing Class Recall: [0.677,0.975,0.746,0.375,0.572,0.550,0.710,0.678,0.599,0.416]
Epoch [158] Training Results: Prec@1 97.217 Prec@5 99.633             Loss 0.11007
Epoch [158] Training Class Recall: [0.908,0.979,0.939,0.734,0.945,0.950,0.973,0.989,0.991,0.993]
Epoch [158] Testing Results: Prec@1 59.800 Prec@5 94.230             Loss 1.88530
Epoch [158] Testing Class Recall: [0.672,0.968,0.695,0.284,0.736,0.436,0.581,0.795,0.488,0.325]
Epoch [159] Training Results: Prec@1 97.400 Prec@5 99.725             Loss 0.10293
Epoch [159] Training Class Recall: [0.921,0.980,0.941,0.747,0.948,0.957,0.975,0.989,0.991,0.994]
Epoch [159] Testing Results: Prec@1 58.030 Prec@5 92.740             Loss 2.15885
Epoch [159] Testing Class Recall: [0.775,0.971,0.709,0.481,0.345,0.328,0.479,0.792,0.540,0.383]
Epoch [160] Training Results: Prec@1 97.692 Prec@5 99.783             Loss 0.09556
Epoch [160] Training Class Recall: [0.937,0.983,0.960,0.766,0.961,0.950,0.970,0.992,0.991,0.995]
Epoch [160] Testing Results: Prec@1 62.190 Prec@5 93.930             Loss 1.90975
Epoch [160] Testing Class Recall: [0.735,0.982,0.712,0.354,0.522,0.551,0.713,0.717,0.544,0.389]
Epoch [161] Training Results: Prec@1 97.833 Prec@5 99.800             Loss 0.08767
Epoch [161] Training Class Recall: [0.947,0.986,0.955,0.759,0.968,0.953,0.973,0.993,0.991,0.995]
Epoch [161] Testing Results: Prec@1 62.530 Prec@5 94.030             Loss 1.89926
Epoch [161] Testing Class Recall: [0.728,0.981,0.727,0.332,0.533,0.572,0.715,0.744,0.527,0.394]
Epoch [162] Training Results: Prec@1 97.992 Prec@5 99.758             Loss 0.08565
Epoch [162] Training Class Recall: [0.950,0.985,0.961,0.753,0.968,0.957,0.977,0.995,0.991,0.997]
Epoch [162] Testing Results: Prec@1 63.010 Prec@5 94.120             Loss 1.86565
Epoch [162] Testing Class Recall: [0.728,0.983,0.731,0.319,0.543,0.573,0.748,0.730,0.536,0.410]
Epoch [163] Training Results: Prec@1 98.017 Prec@5 99.783             Loss 0.08053
Epoch [163] Training Class Recall: [0.957,0.986,0.967,0.747,0.961,0.959,0.978,0.994,0.991,0.995]
Epoch [163] Testing Results: Prec@1 63.930 Prec@5 94.390             Loss 1.79631
Epoch [163] Testing Class Recall: [0.730,0.979,0.719,0.328,0.560,0.589,0.764,0.742,0.562,0.420]
Epoch [164] Training Results: Prec@1 97.983 Prec@5 99.833             Loss 0.07929
Epoch [164] Training Class Recall: [0.941,0.986,0.966,0.766,0.963,0.957,0.977,0.995,0.991,0.996]
Epoch [164] Testing Results: Prec@1 63.650 Prec@5 94.310             Loss 1.82797
Epoch [164] Testing Class Recall: [0.731,0.982,0.731,0.314,0.559,0.591,0.753,0.747,0.549,0.408]
Epoch [165] Training Results: Prec@1 98.025 Prec@5 99.717             Loss 0.08046
Epoch [165] Training Class Recall: [0.941,0.985,0.968,0.778,0.963,0.958,0.978,0.994,0.991,0.997]
Epoch [165] Testing Results: Prec@1 63.590 Prec@5 94.200             Loss 1.83162
Epoch [165] Testing Class Recall: [0.739,0.985,0.714,0.313,0.562,0.579,0.772,0.738,0.540,0.417]
Epoch [166] Training Results: Prec@1 97.933 Prec@5 99.800             Loss 0.07924
Epoch [166] Training Class Recall: [0.944,0.985,0.961,0.772,0.968,0.956,0.975,0.994,0.991,0.995]
Epoch [166] Testing Results: Prec@1 64.000 Prec@5 94.420             Loss 1.80328
Epoch [166] Testing Class Recall: [0.730,0.985,0.730,0.317,0.563,0.613,0.766,0.733,0.543,0.420]
Epoch [167] Training Results: Prec@1 98.108 Prec@5 99.758             Loss 0.07779
Epoch [167] Training Class Recall: [0.950,0.985,0.966,0.772,0.968,0.959,0.980,0.995,0.991,0.997]
Epoch [167] Testing Results: Prec@1 63.440 Prec@5 94.250             Loss 1.86118
Epoch [167] Testing Class Recall: [0.724,0.988,0.725,0.323,0.565,0.606,0.756,0.739,0.509,0.409]
Epoch [168] Training Results: Prec@1 97.992 Prec@5 99.842             Loss 0.07712
Epoch [168] Training Class Recall: [0.944,0.983,0.963,0.753,0.966,0.961,0.977,0.995,0.991,0.997]
Epoch [168] Testing Results: Prec@1 63.550 Prec@5 94.270             Loss 1.85645
Epoch [168] Testing Class Recall: [0.740,0.985,0.738,0.308,0.586,0.606,0.769,0.715,0.513,0.395]
Epoch [169] Training Results: Prec@1 98.092 Prec@5 99.800             Loss 0.07637
Epoch [169] Training Class Recall: [0.937,0.985,0.970,0.772,0.966,0.962,0.980,0.994,0.991,0.996]
Epoch [169] Testing Results: Prec@1 63.850 Prec@5 94.290             Loss 1.82268
Epoch [169] Testing Class Recall: [0.728,0.988,0.738,0.327,0.579,0.592,0.758,0.730,0.537,0.408]
Epoch [170] Training Results: Prec@1 98.158 Prec@5 99.775             Loss 0.07493
Epoch [170] Training Class Recall: [0.944,0.985,0.972,0.785,0.971,0.964,0.977,0.993,0.991,0.998]
Epoch [170] Testing Results: Prec@1 63.960 Prec@5 94.350             Loss 1.81227
Epoch [170] Testing Class Recall: [0.728,0.987,0.734,0.337,0.582,0.590,0.758,0.734,0.514,0.432]
Epoch [171] Training Results: Prec@1 98.133 Prec@5 99.792             Loss 0.07411
Epoch [171] Training Class Recall: [0.947,0.985,0.968,0.759,0.966,0.963,0.980,0.996,0.992,0.996]
Epoch [171] Testing Results: Prec@1 63.860 Prec@5 94.430             Loss 1.83099
Epoch [171] Testing Class Recall: [0.719,0.986,0.738,0.330,0.552,0.602,0.780,0.732,0.529,0.418]
Epoch [172] Training Results: Prec@1 98.158 Prec@5 99.808             Loss 0.07433
Epoch [172] Training Class Recall: [0.950,0.986,0.972,0.759,0.971,0.958,0.979,0.995,0.991,0.997]
Epoch [172] Testing Results: Prec@1 64.270 Prec@5 94.590             Loss 1.79138
Epoch [172] Testing Class Recall: [0.714,0.986,0.731,0.323,0.587,0.619,0.793,0.722,0.538,0.414]
Epoch [173] Training Results: Prec@1 98.208 Prec@5 99.825             Loss 0.07364
Epoch [173] Training Class Recall: [0.954,0.986,0.970,0.766,0.969,0.963,0.980,0.995,0.991,0.998]
Epoch [173] Testing Results: Prec@1 64.260 Prec@5 94.470             Loss 1.79575
Epoch [173] Testing Class Recall: [0.717,0.987,0.742,0.338,0.590,0.595,0.781,0.726,0.537,0.413]
Epoch [174] Training Results: Prec@1 98.183 Prec@5 99.792             Loss 0.07418
Epoch [174] Training Class Recall: [0.947,0.986,0.972,0.772,0.971,0.962,0.978,0.996,0.991,0.996]
Epoch [174] Testing Results: Prec@1 63.910 Prec@5 94.430             Loss 1.81834
Epoch [174] Testing Class Recall: [0.712,0.986,0.742,0.323,0.596,0.606,0.770,0.723,0.520,0.413]
Epoch [175] Training Results: Prec@1 98.208 Prec@5 99.800             Loss 0.07365
Epoch [175] Training Class Recall: [0.944,0.986,0.973,0.772,0.969,0.962,0.979,0.995,0.991,0.998]
Epoch [175] Testing Results: Prec@1 64.230 Prec@5 94.550             Loss 1.78259
Epoch [175] Testing Class Recall: [0.735,0.986,0.728,0.332,0.605,0.609,0.770,0.715,0.527,0.416]
Epoch [176] Training Results: Prec@1 98.250 Prec@5 99.792             Loss 0.06998
Epoch [176] Training Class Recall: [0.947,0.986,0.976,0.772,0.968,0.966,0.981,0.995,0.991,0.997]
Epoch [176] Testing Results: Prec@1 64.310 Prec@5 94.550             Loss 1.78210
Epoch [176] Testing Class Recall: [0.732,0.985,0.722,0.316,0.579,0.617,0.802,0.725,0.524,0.429]
Epoch [177] Training Results: Prec@1 98.192 Prec@5 99.792             Loss 0.07270
Epoch [177] Training Class Recall: [0.950,0.986,0.971,0.772,0.969,0.964,0.979,0.995,0.991,0.996]
Epoch [177] Testing Results: Prec@1 63.840 Prec@5 94.470             Loss 1.82948
Epoch [177] Testing Class Recall: [0.718,0.988,0.732,0.335,0.585,0.601,0.781,0.728,0.524,0.392]
Epoch [178] Training Results: Prec@1 98.242 Prec@5 99.825             Loss 0.07142
Epoch [178] Training Class Recall: [0.954,0.986,0.972,0.766,0.969,0.962,0.981,0.996,0.991,0.997]
Epoch [178] Testing Results: Prec@1 64.430 Prec@5 94.550             Loss 1.77321
Epoch [178] Testing Class Recall: [0.714,0.984,0.738,0.325,0.588,0.604,0.801,0.722,0.527,0.440]
Epoch [179] Training Results: Prec@1 98.183 Prec@5 99.825             Loss 0.07187
Epoch [179] Training Class Recall: [0.944,0.986,0.972,0.766,0.968,0.964,0.979,0.996,0.991,0.997]
Epoch [179] Testing Results: Prec@1 64.530 Prec@5 94.580             Loss 1.75619
Epoch [179] Testing Class Recall: [0.721,0.983,0.745,0.335,0.600,0.592,0.774,0.738,0.525,0.440]
Epoch [180] Training Results: Prec@1 98.225 Prec@5 99.817             Loss 0.07342
Epoch [180] Training Class Recall: [0.950,0.985,0.973,0.772,0.971,0.966,0.978,0.995,0.991,0.998]
Epoch [180] Testing Results: Prec@1 64.230 Prec@5 94.580             Loss 1.78851
Epoch [180] Testing Class Recall: [0.735,0.984,0.719,0.319,0.592,0.610,0.801,0.723,0.526,0.414]
Epoch [181] Training Results: Prec@1 98.200 Prec@5 99.800             Loss 0.07192
Epoch [181] Training Class Recall: [0.950,0.986,0.970,0.772,0.969,0.966,0.979,0.996,0.991,0.997]
Epoch [181] Testing Results: Prec@1 63.690 Prec@5 94.440             Loss 1.82110
Epoch [181] Testing Class Recall: [0.718,0.986,0.741,0.342,0.582,0.594,0.770,0.732,0.506,0.398]
Epoch [182] Training Results: Prec@1 98.233 Prec@5 99.808             Loss 0.07161
Epoch [182] Training Class Recall: [0.954,0.986,0.971,0.778,0.968,0.966,0.981,0.995,0.991,0.997]
Epoch [182] Testing Results: Prec@1 64.360 Prec@5 94.570             Loss 1.78546
Epoch [182] Testing Class Recall: [0.724,0.984,0.745,0.324,0.589,0.613,0.775,0.730,0.528,0.424]
Epoch [183] Training Results: Prec@1 98.233 Prec@5 99.833             Loss 0.07184
Epoch [183] Training Class Recall: [0.954,0.986,0.975,0.778,0.969,0.963,0.979,0.995,0.991,0.997]
Epoch [183] Testing Results: Prec@1 65.000 Prec@5 94.760             Loss 1.72952
Epoch [183] Testing Class Recall: [0.732,0.983,0.736,0.347,0.605,0.599,0.780,0.724,0.557,0.437]
Epoch [184] Training Results: Prec@1 98.217 Prec@5 99.808             Loss 0.07276
Epoch [184] Training Class Recall: [0.950,0.984,0.972,0.778,0.971,0.964,0.979,0.996,0.991,0.998]
Epoch [184] Testing Results: Prec@1 64.350 Prec@5 94.620             Loss 1.75941
Epoch [184] Testing Class Recall: [0.709,0.986,0.734,0.318,0.606,0.619,0.775,0.721,0.527,0.440]
Epoch [185] Training Results: Prec@1 98.242 Prec@5 99.800             Loss 0.07207
Epoch [185] Training Class Recall: [0.950,0.986,0.971,0.778,0.973,0.964,0.981,0.995,0.991,0.997]
Epoch [185] Testing Results: Prec@1 63.770 Prec@5 94.530             Loss 1.82799
Epoch [185] Testing Class Recall: [0.714,0.987,0.735,0.349,0.577,0.615,0.770,0.709,0.517,0.404]
Epoch [186] Training Results: Prec@1 98.192 Prec@5 99.808             Loss 0.07248
Epoch [186] Training Class Recall: [0.950,0.985,0.972,0.766,0.969,0.963,0.980,0.995,0.991,0.997]
Epoch [186] Testing Results: Prec@1 63.590 Prec@5 94.450             Loss 1.82881
Epoch [186] Testing Class Recall: [0.719,0.989,0.741,0.327,0.603,0.588,0.758,0.715,0.548,0.371]
Epoch [187] Training Results: Prec@1 98.183 Prec@5 99.808             Loss 0.07146
Epoch [187] Training Class Recall: [0.954,0.986,0.972,0.772,0.971,0.964,0.979,0.995,0.991,0.995]
Epoch [187] Testing Results: Prec@1 63.720 Prec@5 94.420             Loss 1.82070
Epoch [187] Testing Class Recall: [0.721,0.988,0.741,0.350,0.586,0.573,0.769,0.714,0.542,0.388]
Epoch [188] Training Results: Prec@1 98.225 Prec@5 99.817             Loss 0.07286
Epoch [188] Training Class Recall: [0.944,0.986,0.970,0.778,0.973,0.964,0.981,0.995,0.991,0.997]
Epoch [188] Testing Results: Prec@1 64.170 Prec@5 94.670             Loss 1.77317
Epoch [188] Testing Class Recall: [0.723,0.986,0.720,0.331,0.578,0.613,0.769,0.725,0.541,0.431]
Epoch [189] Training Results: Prec@1 98.242 Prec@5 99.833             Loss 0.07297
Epoch [189] Training Class Recall: [0.950,0.985,0.973,0.778,0.969,0.966,0.979,0.996,0.991,0.998]
Epoch [189] Testing Results: Prec@1 63.080 Prec@5 94.390             Loss 1.86940
Epoch [189] Testing Class Recall: [0.713,0.990,0.732,0.319,0.575,0.613,0.770,0.710,0.522,0.364]
Epoch [190] Training Results: Prec@1 98.158 Prec@5 99.867             Loss 0.07138
Epoch [190] Training Class Recall: [0.954,0.985,0.972,0.772,0.968,0.963,0.977,0.995,0.991,0.997]
Epoch [190] Testing Results: Prec@1 64.350 Prec@5 94.520             Loss 1.79201
Epoch [190] Testing Class Recall: [0.734,0.984,0.732,0.340,0.599,0.599,0.780,0.730,0.524,0.413]
Epoch [191] Training Results: Prec@1 98.233 Prec@5 99.808             Loss 0.07161
Epoch [191] Training Class Recall: [0.954,0.985,0.973,0.778,0.969,0.966,0.979,0.996,0.991,0.996]
Epoch [191] Testing Results: Prec@1 64.230 Prec@5 94.640             Loss 1.77888
Epoch [191] Testing Class Recall: [0.724,0.984,0.738,0.328,0.590,0.605,0.772,0.727,0.536,0.419]
Epoch [192] Training Results: Prec@1 98.208 Prec@5 99.758             Loss 0.07212
Epoch [192] Training Class Recall: [0.950,0.986,0.973,0.759,0.971,0.963,0.979,0.994,0.991,0.998]
Epoch [192] Testing Results: Prec@1 64.160 Prec@5 94.500             Loss 1.77831
Epoch [192] Testing Class Recall: [0.725,0.986,0.730,0.333,0.603,0.583,0.782,0.714,0.526,0.434]
Epoch [193] Training Results: Prec@1 98.275 Prec@5 99.825             Loss 0.07111
Epoch [193] Training Class Recall: [0.957,0.986,0.973,0.785,0.968,0.963,0.981,0.995,0.991,0.998]
Epoch [193] Testing Results: Prec@1 64.040 Prec@5 94.450             Loss 1.81389
Epoch [193] Testing Class Recall: [0.724,0.984,0.743,0.320,0.580,0.618,0.783,0.723,0.524,0.405]
Epoch [194] Training Results: Prec@1 98.175 Prec@5 99.783             Loss 0.07309
Epoch [194] Training Class Recall: [0.950,0.984,0.976,0.772,0.966,0.962,0.979,0.995,0.991,0.997]
Epoch [194] Testing Results: Prec@1 64.520 Prec@5 94.510             Loss 1.75648
Epoch [194] Testing Class Recall: [0.730,0.984,0.733,0.318,0.590,0.613,0.775,0.746,0.531,0.432]
Epoch [195] Training Results: Prec@1 98.175 Prec@5 99.775             Loss 0.07159
Epoch [195] Training Class Recall: [0.947,0.985,0.973,0.778,0.968,0.964,0.979,0.994,0.991,0.997]
Epoch [195] Testing Results: Prec@1 64.590 Prec@5 94.600             Loss 1.75545
Epoch [195] Testing Class Recall: [0.714,0.985,0.719,0.337,0.595,0.621,0.789,0.741,0.525,0.433]
Epoch [196] Training Results: Prec@1 98.258 Prec@5 99.775             Loss 0.07147
Epoch [196] Training Class Recall: [0.947,0.986,0.973,0.785,0.973,0.964,0.979,0.996,0.991,0.998]
Epoch [196] Testing Results: Prec@1 63.680 Prec@5 94.490             Loss 1.83795
Epoch [196] Testing Class Recall: [0.731,0.985,0.730,0.323,0.598,0.606,0.783,0.715,0.511,0.386]
Epoch [197] Training Results: Prec@1 98.233 Prec@5 99.833             Loss 0.07181
Epoch [197] Training Class Recall: [0.950,0.986,0.975,0.766,0.971,0.964,0.979,0.995,0.991,0.998]
Epoch [197] Testing Results: Prec@1 64.050 Prec@5 94.390             Loss 1.80772
Epoch [197] Testing Class Recall: [0.708,0.986,0.736,0.315,0.596,0.599,0.795,0.732,0.535,0.403]
Epoch [198] Training Results: Prec@1 98.217 Prec@5 99.800             Loss 0.07340
Epoch [198] Training Class Recall: [0.954,0.987,0.975,0.759,0.971,0.962,0.979,0.995,0.991,0.997]
Epoch [198] Testing Results: Prec@1 64.080 Prec@5 94.550             Loss 1.77484
Epoch [198] Testing Class Recall: [0.707,0.986,0.735,0.325,0.572,0.605,0.773,0.743,0.528,0.434]
Epoch [199] Training Results: Prec@1 98.233 Prec@5 99.783             Loss 0.07180
Epoch [199] Training Class Recall: [0.954,0.986,0.972,0.772,0.973,0.963,0.979,0.995,0.991,0.997]
Epoch [199] Testing Results: Prec@1 63.760 Prec@5 94.350             Loss 1.83424
Epoch [199] Testing Class Recall: [0.719,0.988,0.719,0.311,0.594,0.604,0.805,0.729,0.516,0.391]
