Log file: cifar10_random0.1_erm_exp1.0_seed42_20260428_154734.log
Run started: 2026-04-28 15:47:34.252546
Dataset: cifar10
Imbalance type: exp, factor: 1.0
Selection method: random, ratio: 0.1
Strategy: ERM, epochs: 200
Seed: 42, rand_number: 0
Augmentation: weak
============================================================

=> Preparing logger and tensorboard writer !
----------------------------------------------------
Class ID   | Original   | Selected   | Keep %  
----------------------------------------------------
0          | 4000       | 403        |    10.1%
1          | 4000       | 373        |     9.3%
2          | 4000       | 409        |    10.2%
3          | 4000       | 395        |     9.9%
4          | 4000       | 417        |    10.4%
5          | 4000       | 409        |    10.2%
6          | 4000       | 415        |    10.4%
7          | 4000       | 404        |    10.1%
8          | 4000       | 393        |     9.8%
9          | 4000       | 382        |     9.6%
----------------------------------------------------
TOTAL      | 40000      | 4000       |    10.0%
----------------------------------------------------
Epoch [0] Training Results: Prec@1 16.650 Prec@5 63.375             Loss 2.31798
Epoch [0] Training Class Recall: [0.226,0.086,0.064,0.210,0.223,0.120,0.207,0.089,0.262,0.175]
Epoch [0] Testing Results: Prec@1 21.870 Prec@5 69.760             Loss 2.22903
Epoch [0] Testing Class Recall: [0.682,0.005,0.065,0.000,0.567,0.031,0.215,0.018,0.000,0.604]
Epoch [1] Training Results: Prec@1 26.025 Prec@5 79.925             Loss 2.00336
Epoch [1] Training Class Recall: [0.340,0.327,0.120,0.167,0.144,0.225,0.345,0.270,0.374,0.304]
Epoch [1] Testing Results: Prec@1 29.250 Prec@5 84.150             Loss 1.93094
Epoch [1] Testing Class Recall: [0.431,0.737,0.037,0.476,0.653,0.000,0.000,0.388,0.000,0.203]
Epoch [2] Training Results: Prec@1 26.675 Prec@5 82.350             Loss 1.99494
Epoch [2] Training Class Recall: [0.300,0.397,0.120,0.190,0.252,0.267,0.296,0.233,0.351,0.275]
Epoch [2] Testing Results: Prec@1 23.770 Prec@5 80.740             Loss 2.81151
Epoch [2] Testing Class Recall: [0.091,0.230,0.147,0.042,0.041,0.445,0.447,0.027,0.907,0.000]
Epoch [3] Training Results: Prec@1 30.525 Prec@5 85.775             Loss 1.88154
Epoch [3] Training Class Recall: [0.298,0.410,0.183,0.165,0.187,0.396,0.390,0.334,0.389,0.309]
Epoch [3] Testing Results: Prec@1 30.990 Prec@5 82.800             Loss 2.15144
Epoch [3] Testing Class Recall: [0.074,0.480,0.026,0.048,0.045,0.086,0.581,0.818,0.533,0.408]
Epoch [4] Training Results: Prec@1 32.300 Prec@5 86.825             Loss 1.78028
Epoch [4] Training Class Recall: [0.305,0.491,0.130,0.094,0.144,0.323,0.458,0.453,0.427,0.427]
Epoch [4] Testing Results: Prec@1 28.190 Prec@5 86.300             Loss 1.98829
Epoch [4] Testing Class Recall: [0.508,0.221,0.000,0.000,0.388,0.173,0.039,0.788,0.451,0.251]
Epoch [5] Training Results: Prec@1 36.675 Prec@5 89.000             Loss 1.69854
Epoch [5] Training Class Recall: [0.387,0.485,0.174,0.177,0.283,0.367,0.458,0.530,0.392,0.427]
Epoch [5] Testing Results: Prec@1 33.320 Prec@5 86.580             Loss 1.82535
Epoch [5] Testing Class Recall: [0.100,0.538,0.535,0.304,0.022,0.573,0.373,0.149,0.719,0.019]
Epoch [6] Training Results: Prec@1 37.625 Prec@5 89.950             Loss 1.63018
Epoch [6] Training Class Recall: [0.395,0.528,0.161,0.144,0.252,0.428,0.516,0.446,0.435,0.474]
Epoch [6] Testing Results: Prec@1 38.510 Prec@5 88.130             Loss 1.66366
Epoch [6] Testing Class Recall: [0.500,0.389,0.229,0.377,0.586,0.148,0.457,0.483,0.405,0.277]
Epoch [7] Training Results: Prec@1 43.375 Prec@5 91.700             Loss 1.50802
Epoch [7] Training Class Recall: [0.400,0.609,0.200,0.256,0.295,0.377,0.573,0.552,0.555,0.545]
Epoch [7] Testing Results: Prec@1 42.980 Prec@5 91.090             Loss 1.57394
Epoch [7] Testing Class Recall: [0.453,0.768,0.196,0.162,0.351,0.577,0.699,0.333,0.707,0.052]
Epoch [8] Training Results: Prec@1 45.900 Prec@5 92.900             Loss 1.44813
Epoch [8] Training Class Recall: [0.464,0.633,0.267,0.238,0.271,0.396,0.624,0.597,0.578,0.545]
Epoch [8] Testing Results: Prec@1 42.990 Prec@5 92.110             Loss 1.59347
Epoch [8] Testing Class Recall: [0.292,0.879,0.215,0.607,0.196,0.062,0.774,0.513,0.478,0.283]
Epoch [9] Training Results: Prec@1 48.450 Prec@5 93.225             Loss 1.40596
Epoch [9] Training Class Recall: [0.504,0.582,0.301,0.329,0.341,0.421,0.663,0.579,0.575,0.565]
Epoch [9] Testing Results: Prec@1 44.420 Prec@5 92.320             Loss 1.54327
Epoch [9] Testing Class Recall: [0.583,0.408,0.036,0.357,0.334,0.674,0.533,0.571,0.385,0.561]
Epoch [10] Training Results: Prec@1 50.000 Prec@5 94.200             Loss 1.36096
Epoch [10] Training Class Recall: [0.583,0.673,0.262,0.266,0.331,0.443,0.663,0.611,0.621,0.568]
Epoch [10] Testing Results: Prec@1 41.040 Prec@5 90.970             Loss 1.65783
Epoch [10] Testing Class Recall: [0.180,0.421,0.423,0.551,0.132,0.237,0.701,0.215,0.881,0.363]
Epoch [11] Training Results: Prec@1 50.625 Prec@5 94.225             Loss 1.33289
Epoch [11] Training Class Recall: [0.521,0.635,0.347,0.253,0.393,0.438,0.636,0.658,0.588,0.607]
Epoch [11] Testing Results: Prec@1 42.620 Prec@5 88.830             Loss 1.98615
Epoch [11] Testing Class Recall: [0.745,0.476,0.417,0.016,0.083,0.195,0.867,0.218,0.583,0.662]
Epoch [12] Training Results: Prec@1 50.850 Prec@5 94.175             Loss 1.32654
Epoch [12] Training Class Recall: [0.598,0.614,0.313,0.261,0.362,0.457,0.653,0.597,0.634,0.613]
Epoch [12] Testing Results: Prec@1 45.700 Prec@5 91.750             Loss 1.50076
Epoch [12] Testing Class Recall: [0.566,0.319,0.476,0.571,0.513,0.084,0.669,0.112,0.637,0.623]
Epoch [13] Training Results: Prec@1 54.350 Prec@5 94.900             Loss 1.23452
Epoch [13] Training Class Recall: [0.591,0.700,0.364,0.316,0.424,0.418,0.667,0.649,0.700,0.626]
Epoch [13] Testing Results: Prec@1 47.510 Prec@5 91.360             Loss 1.52149
Epoch [13] Testing Class Recall: [0.524,0.447,0.602,0.144,0.297,0.454,0.824,0.593,0.446,0.420]
Epoch [14] Training Results: Prec@1 56.550 Prec@5 95.200             Loss 1.20370
Epoch [14] Training Class Recall: [0.613,0.681,0.455,0.319,0.417,0.474,0.708,0.649,0.677,0.678]
Epoch [14] Testing Results: Prec@1 51.100 Prec@5 94.240             Loss 1.47542
Epoch [14] Testing Class Recall: [0.211,0.791,0.372,0.034,0.414,0.699,0.710,0.558,0.911,0.410]
Epoch [15] Training Results: Prec@1 57.075 Prec@5 96.350             Loss 1.15705
Epoch [15] Training Class Recall: [0.596,0.686,0.443,0.334,0.432,0.499,0.708,0.668,0.705,0.652]
Epoch [15] Testing Results: Prec@1 51.270 Prec@5 93.780             Loss 1.63744
Epoch [15] Testing Class Recall: [0.676,0.647,0.314,0.292,0.293,0.233,0.936,0.468,0.610,0.658]
Epoch [16] Training Results: Prec@1 57.300 Prec@5 95.700             Loss 1.15759
Epoch [16] Training Class Recall: [0.593,0.716,0.403,0.332,0.408,0.555,0.694,0.668,0.720,0.660]
Epoch [16] Testing Results: Prec@1 53.200 Prec@5 93.750             Loss 1.33045
Epoch [16] Testing Class Recall: [0.513,0.733,0.370,0.404,0.582,0.228,0.587,0.531,0.870,0.502]
Epoch [17] Training Results: Prec@1 59.550 Prec@5 95.700             Loss 1.12334
Epoch [17] Training Class Recall: [0.605,0.753,0.467,0.370,0.460,0.450,0.728,0.624,0.761,0.762]
Epoch [17] Testing Results: Prec@1 52.910 Prec@5 94.480             Loss 1.32014
Epoch [17] Testing Class Recall: [0.600,0.825,0.563,0.327,0.638,0.304,0.633,0.595,0.504,0.302]
Epoch [18] Training Results: Prec@1 60.625 Prec@5 96.350             Loss 1.07407
Epoch [18] Training Class Recall: [0.633,0.775,0.474,0.370,0.525,0.457,0.735,0.668,0.735,0.709]
Epoch [18] Testing Results: Prec@1 48.970 Prec@5 94.490             Loss 1.61753
Epoch [18] Testing Class Recall: [0.202,0.654,0.226,0.055,0.613,0.602,0.676,0.640,0.956,0.273]
Epoch [19] Training Results: Prec@1 62.250 Prec@5 96.625             Loss 1.03814
Epoch [19] Training Class Recall: [0.675,0.737,0.455,0.311,0.556,0.560,0.754,0.681,0.761,0.749]
Epoch [19] Testing Results: Prec@1 53.530 Prec@5 95.000             Loss 1.29677
Epoch [19] Testing Class Recall: [0.717,0.821,0.679,0.238,0.400,0.537,0.195,0.662,0.616,0.488]
Epoch [20] Training Results: Prec@1 62.875 Prec@5 96.700             Loss 1.01141
Epoch [20] Training Class Recall: [0.680,0.807,0.474,0.337,0.549,0.589,0.687,0.678,0.779,0.728]
Epoch [20] Testing Results: Prec@1 56.760 Prec@5 95.530             Loss 1.29472
Epoch [20] Testing Class Recall: [0.525,0.447,0.284,0.414,0.468,0.511,0.758,0.593,0.856,0.820]
Epoch [21] Training Results: Prec@1 64.625 Prec@5 97.475             Loss 0.96975
Epoch [21] Training Class Recall: [0.658,0.810,0.513,0.403,0.583,0.518,0.747,0.696,0.799,0.757]
Epoch [21] Testing Results: Prec@1 54.530 Prec@5 94.390             Loss 1.38162
Epoch [21] Testing Class Recall: [0.821,0.354,0.365,0.263,0.709,0.563,0.616,0.474,0.707,0.581]
Epoch [22] Training Results: Prec@1 65.950 Prec@5 97.650             Loss 0.93825
Epoch [22] Training Class Recall: [0.682,0.799,0.511,0.423,0.592,0.572,0.764,0.693,0.779,0.798]
Epoch [22] Testing Results: Prec@1 59.210 Prec@5 96.250             Loss 1.21109
Epoch [22] Testing Class Recall: [0.593,0.731,0.574,0.301,0.383,0.595,0.727,0.544,0.613,0.860]
Epoch [23] Training Results: Prec@1 66.825 Prec@5 97.625             Loss 0.91689
Epoch [23] Training Class Recall: [0.712,0.839,0.535,0.392,0.571,0.597,0.754,0.693,0.796,0.814]
Epoch [23] Testing Results: Prec@1 47.890 Prec@5 92.610             Loss 1.83389
Epoch [23] Testing Class Recall: [0.507,0.782,0.627,0.349,0.490,0.079,0.715,0.219,0.911,0.110]
Epoch [24] Training Results: Prec@1 66.450 Prec@5 97.825             Loss 0.91240
Epoch [24] Training Class Recall: [0.710,0.818,0.543,0.410,0.590,0.582,0.742,0.696,0.779,0.796]
Epoch [24] Testing Results: Prec@1 55.730 Prec@5 95.810             Loss 1.47687
Epoch [24] Testing Class Recall: [0.687,0.914,0.422,0.060,0.261,0.812,0.772,0.505,0.649,0.491]
Epoch [25] Training Results: Prec@1 68.075 Prec@5 98.250             Loss 0.86637
Epoch [25] Training Class Recall: [0.712,0.828,0.579,0.441,0.628,0.562,0.764,0.723,0.794,0.793]
Epoch [25] Testing Results: Prec@1 58.960 Prec@5 95.340             Loss 1.24277
Epoch [25] Testing Class Recall: [0.681,0.815,0.410,0.471,0.593,0.638,0.607,0.399,0.592,0.690]
Epoch [26] Training Results: Prec@1 67.575 Prec@5 97.575             Loss 0.90072
Epoch [26] Training Class Recall: [0.715,0.839,0.597,0.433,0.573,0.589,0.747,0.688,0.804,0.793]
Epoch [26] Testing Results: Prec@1 57.500 Prec@5 94.560             Loss 1.32164
Epoch [26] Testing Class Recall: [0.695,0.863,0.699,0.239,0.409,0.639,0.754,0.284,0.686,0.482]
Epoch [27] Training Results: Prec@1 70.600 Prec@5 98.250             Loss 0.83309
Epoch [27] Training Class Recall: [0.744,0.893,0.543,0.481,0.638,0.611,0.783,0.708,0.852,0.830]
Epoch [27] Testing Results: Prec@1 61.070 Prec@5 96.450             Loss 1.24905
Epoch [27] Testing Class Recall: [0.564,0.928,0.632,0.488,0.427,0.392,0.726,0.701,0.749,0.500]
Epoch [28] Training Results: Prec@1 70.875 Prec@5 98.550             Loss 0.78249
Epoch [28] Training Class Recall: [0.762,0.858,0.570,0.499,0.597,0.623,0.769,0.752,0.835,0.846]
Epoch [28] Testing Results: Prec@1 63.430 Prec@5 96.500             Loss 1.14129
Epoch [28] Testing Class Recall: [0.596,0.925,0.389,0.535,0.599,0.402,0.762,0.670,0.757,0.708]
Epoch [29] Training Results: Prec@1 73.575 Prec@5 98.575             Loss 0.75549
Epoch [29] Training Class Recall: [0.774,0.885,0.601,0.544,0.667,0.606,0.807,0.765,0.860,0.869]
Epoch [29] Testing Results: Prec@1 54.120 Prec@5 94.180             Loss 1.59879
Epoch [29] Testing Class Recall: [0.626,0.477,0.510,0.423,0.579,0.618,0.462,0.276,0.903,0.538]
Epoch [30] Training Results: Prec@1 73.550 Prec@5 98.725             Loss 0.73078
Epoch [30] Training Class Recall: [0.767,0.874,0.597,0.532,0.679,0.655,0.798,0.738,0.870,0.866]
Epoch [30] Testing Results: Prec@1 59.930 Prec@5 96.220             Loss 1.34775
Epoch [30] Testing Class Recall: [0.570,0.911,0.495,0.419,0.592,0.505,0.748,0.736,0.774,0.243]
Epoch [31] Training Results: Prec@1 74.025 Prec@5 99.050             Loss 0.71285
Epoch [31] Training Class Recall: [0.764,0.906,0.641,0.511,0.700,0.636,0.827,0.762,0.840,0.832]
Epoch [31] Testing Results: Prec@1 62.860 Prec@5 95.870             Loss 1.21746
Epoch [31] Testing Class Recall: [0.442,0.774,0.473,0.522,0.584,0.570,0.740,0.607,0.663,0.911]
Epoch [32] Training Results: Prec@1 76.375 Prec@5 98.675             Loss 0.67618
Epoch [32] Training Class Recall: [0.801,0.906,0.655,0.592,0.734,0.653,0.819,0.760,0.865,0.869]
Epoch [32] Testing Results: Prec@1 59.800 Prec@5 95.970             Loss 1.42852
Epoch [32] Testing Class Recall: [0.680,0.806,0.504,0.456,0.271,0.439,0.759,0.803,0.848,0.414]
Epoch [33] Training Results: Prec@1 75.825 Prec@5 99.325             Loss 0.65364
Epoch [33] Training Class Recall: [0.799,0.898,0.636,0.559,0.724,0.658,0.807,0.787,0.842,0.890]
Epoch [33] Testing Results: Prec@1 52.630 Prec@5 94.700             Loss 1.88973
Epoch [33] Testing Class Recall: [0.280,0.444,0.651,0.263,0.190,0.816,0.499,0.454,0.817,0.849]
Epoch [34] Training Results: Prec@1 75.425 Prec@5 98.925             Loss 0.69178
Epoch [34] Training Class Recall: [0.797,0.887,0.643,0.620,0.691,0.616,0.822,0.787,0.860,0.838]
Epoch [34] Testing Results: Prec@1 65.000 Prec@5 97.110             Loss 1.10177
Epoch [34] Testing Class Recall: [0.565,0.910,0.566,0.259,0.683,0.742,0.716,0.580,0.845,0.634]
Epoch [35] Training Results: Prec@1 75.975 Prec@5 99.075             Loss 0.65842
Epoch [35] Training Class Recall: [0.777,0.898,0.685,0.542,0.731,0.680,0.817,0.757,0.878,0.848]
Epoch [35] Testing Results: Prec@1 58.620 Prec@5 95.570             Loss 1.45585
Epoch [35] Testing Class Recall: [0.647,0.941,0.629,0.211,0.747,0.606,0.706,0.473,0.388,0.514]
Epoch [36] Training Results: Prec@1 78.900 Prec@5 99.275             Loss 0.59744
Epoch [36] Training Class Recall: [0.831,0.909,0.704,0.605,0.803,0.682,0.824,0.817,0.858,0.869]
Epoch [36] Testing Results: Prec@1 62.690 Prec@5 96.140             Loss 1.35231
Epoch [36] Testing Class Recall: [0.554,0.693,0.509,0.405,0.293,0.590,0.705,0.741,0.901,0.878]
Epoch [37] Training Results: Prec@1 78.425 Prec@5 99.225             Loss 0.60405
Epoch [37] Training Class Recall: [0.799,0.909,0.677,0.625,0.751,0.699,0.814,0.809,0.898,0.877]
Epoch [37] Testing Results: Prec@1 58.500 Prec@5 94.820             Loss 1.50024
Epoch [37] Testing Class Recall: [0.495,0.442,0.434,0.555,0.455,0.572,0.907,0.477,0.750,0.763]
Epoch [38] Training Results: Prec@1 79.350 Prec@5 99.350             Loss 0.57837
Epoch [38] Training Class Recall: [0.839,0.898,0.694,0.608,0.791,0.663,0.841,0.809,0.926,0.880]
Epoch [38] Testing Results: Prec@1 62.100 Prec@5 96.170             Loss 1.41612
Epoch [38] Testing Class Recall: [0.702,0.753,0.445,0.105,0.455,0.697,0.868,0.776,0.562,0.847]
Epoch [39] Training Results: Prec@1 79.975 Prec@5 99.450             Loss 0.55088
Epoch [39] Training Class Recall: [0.859,0.936,0.707,0.605,0.782,0.711,0.836,0.809,0.875,0.893]
Epoch [39] Testing Results: Prec@1 59.350 Prec@5 94.460             Loss 1.61241
Epoch [39] Testing Class Recall: [0.702,0.394,0.620,0.236,0.451,0.501,0.764,0.615,0.796,0.856]
Epoch [40] Training Results: Prec@1 77.600 Prec@5 99.375             Loss 0.60926
Epoch [40] Training Class Recall: [0.811,0.882,0.702,0.597,0.731,0.648,0.841,0.802,0.885,0.874]
Epoch [40] Testing Results: Prec@1 62.140 Prec@5 96.100             Loss 1.22700
Epoch [40] Testing Class Recall: [0.483,0.601,0.505,0.633,0.729,0.573,0.668,0.349,0.746,0.927]
Epoch [41] Training Results: Prec@1 81.975 Prec@5 99.625             Loss 0.51193
Epoch [41] Training Class Recall: [0.859,0.938,0.743,0.653,0.791,0.765,0.827,0.844,0.898,0.893]
Epoch [41] Testing Results: Prec@1 61.560 Prec@5 96.430             Loss 1.33902
Epoch [41] Testing Class Recall: [0.830,0.696,0.536,0.274,0.335,0.812,0.781,0.646,0.487,0.759]
Epoch [42] Training Results: Prec@1 81.125 Prec@5 99.400             Loss 0.53974
Epoch [42] Training Class Recall: [0.831,0.909,0.716,0.678,0.823,0.707,0.865,0.819,0.908,0.866]
Epoch [42] Testing Results: Prec@1 58.050 Prec@5 95.220             Loss 1.55203
Epoch [42] Testing Class Recall: [0.565,0.389,0.235,0.662,0.555,0.399,0.503,0.736,0.834,0.927]
Epoch [43] Training Results: Prec@1 81.325 Prec@5 99.600             Loss 0.51573
Epoch [43] Training Class Recall: [0.851,0.917,0.721,0.684,0.775,0.736,0.839,0.847,0.893,0.885]
Epoch [43] Testing Results: Prec@1 51.740 Prec@5 94.270             Loss 2.42098
Epoch [43] Testing Class Recall: [0.441,0.651,0.143,0.022,0.493,0.960,0.738,0.522,0.408,0.796]
Epoch [44] Training Results: Prec@1 83.050 Prec@5 99.375             Loss 0.47703
Epoch [44] Training Class Recall: [0.859,0.922,0.741,0.696,0.827,0.758,0.867,0.844,0.908,0.893]
Epoch [44] Testing Results: Prec@1 57.400 Prec@5 94.580             Loss 1.73055
Epoch [44] Testing Class Recall: [0.610,0.781,0.822,0.333,0.604,0.549,0.594,0.473,0.588,0.386]
Epoch [45] Training Results: Prec@1 82.325 Prec@5 99.675             Loss 0.49784
Epoch [45] Training Class Recall: [0.861,0.914,0.733,0.656,0.820,0.741,0.882,0.856,0.891,0.887]
Epoch [45] Testing Results: Prec@1 61.240 Prec@5 94.660             Loss 1.60742
Epoch [45] Testing Class Recall: [0.880,0.940,0.502,0.186,0.346,0.650,0.775,0.584,0.691,0.570]
Epoch [46] Training Results: Prec@1 83.400 Prec@5 99.575             Loss 0.48281
Epoch [46] Training Class Recall: [0.883,0.917,0.746,0.686,0.811,0.778,0.884,0.844,0.908,0.893]
Epoch [46] Testing Results: Prec@1 60.470 Prec@5 96.150             Loss 1.58988
Epoch [46] Testing Class Recall: [0.821,0.888,0.466,0.418,0.166,0.764,0.537,0.781,0.570,0.636]
Epoch [47] Training Results: Prec@1 83.575 Prec@5 99.525             Loss 0.47950
Epoch [47] Training Class Recall: [0.878,0.922,0.760,0.762,0.811,0.733,0.860,0.851,0.901,0.890]
Epoch [47] Testing Results: Prec@1 66.620 Prec@5 97.300             Loss 1.10228
Epoch [47] Testing Class Recall: [0.748,0.826,0.636,0.593,0.637,0.485,0.787,0.591,0.615,0.744]
Epoch [48] Training Results: Prec@1 84.975 Prec@5 99.750             Loss 0.40924
Epoch [48] Training Class Recall: [0.891,0.938,0.773,0.696,0.837,0.795,0.872,0.864,0.926,0.916]
Epoch [48] Testing Results: Prec@1 62.370 Prec@5 95.110             Loss 1.50470
Epoch [48] Testing Class Recall: [0.814,0.536,0.465,0.460,0.626,0.468,0.352,0.832,0.793,0.891]
Epoch [49] Training Results: Prec@1 84.325 Prec@5 99.725             Loss 0.42568
Epoch [49] Training Class Recall: [0.854,0.925,0.775,0.714,0.837,0.792,0.889,0.861,0.870,0.924]
Epoch [49] Testing Results: Prec@1 66.410 Prec@5 96.560             Loss 1.33592
Epoch [49] Testing Class Recall: [0.595,0.917,0.380,0.555,0.573,0.700,0.700,0.669,0.748,0.804]
Epoch [50] Training Results: Prec@1 86.400 Prec@5 99.775             Loss 0.38343
Epoch [50] Training Class Recall: [0.903,0.946,0.802,0.767,0.842,0.802,0.880,0.874,0.924,0.911]
Epoch [50] Testing Results: Prec@1 63.830 Prec@5 96.330             Loss 1.54319
Epoch [50] Testing Class Recall: [0.476,0.683,0.241,0.662,0.729,0.507,0.681,0.723,0.769,0.912]
Epoch [51] Training Results: Prec@1 85.600 Prec@5 99.750             Loss 0.40131
Epoch [51] Training Class Recall: [0.898,0.938,0.800,0.739,0.830,0.790,0.882,0.864,0.913,0.916]
Epoch [51] Testing Results: Prec@1 63.190 Prec@5 96.440             Loss 1.43732
Epoch [51] Testing Class Recall: [0.613,0.650,0.492,0.304,0.649,0.344,0.597,0.891,0.919,0.860]
Epoch [52] Training Results: Prec@1 85.650 Prec@5 99.775             Loss 0.41364
Epoch [52] Training Class Recall: [0.886,0.957,0.812,0.734,0.832,0.743,0.889,0.869,0.929,0.927]
Epoch [52] Testing Results: Prec@1 65.610 Prec@5 96.960             Loss 1.27245
Epoch [52] Testing Class Recall: [0.690,0.822,0.665,0.562,0.717,0.224,0.695,0.606,0.823,0.757]
Epoch [53] Training Results: Prec@1 86.150 Prec@5 99.650             Loss 0.37626
Epoch [53] Training Class Recall: [0.898,0.920,0.797,0.762,0.856,0.792,0.913,0.864,0.924,0.895]
Epoch [53] Testing Results: Prec@1 64.200 Prec@5 96.580             Loss 1.54818
Epoch [53] Testing Class Recall: [0.405,0.892,0.511,0.705,0.613,0.656,0.575,0.628,0.767,0.668]
Epoch [54] Training Results: Prec@1 86.225 Prec@5 99.650             Loss 0.39704
Epoch [54] Training Class Recall: [0.898,0.930,0.790,0.752,0.849,0.802,0.884,0.866,0.934,0.927]
Epoch [54] Testing Results: Prec@1 62.580 Prec@5 96.600             Loss 1.72236
Epoch [54] Testing Class Recall: [0.766,0.941,0.436,0.280,0.493,0.601,0.870,0.884,0.639,0.348]
Epoch [55] Training Results: Prec@1 86.350 Prec@5 99.800             Loss 0.37774
Epoch [55] Training Class Recall: [0.893,0.946,0.817,0.759,0.856,0.765,0.887,0.866,0.934,0.921]
Epoch [55] Testing Results: Prec@1 67.400 Prec@5 96.840             Loss 1.21017
Epoch [55] Testing Class Recall: [0.743,0.783,0.570,0.568,0.677,0.502,0.499,0.767,0.843,0.788]
Epoch [56] Training Results: Prec@1 88.750 Prec@5 99.950             Loss 0.31863
Epoch [56] Training Class Recall: [0.918,0.952,0.839,0.815,0.849,0.836,0.904,0.894,0.939,0.940]
Epoch [56] Testing Results: Prec@1 67.540 Prec@5 97.190             Loss 1.32985
Epoch [56] Testing Class Recall: [0.526,0.861,0.483,0.646,0.589,0.574,0.610,0.836,0.849,0.780]
Epoch [57] Training Results: Prec@1 87.550 Prec@5 99.800             Loss 0.34264
Epoch [57] Training Class Recall: [0.898,0.946,0.861,0.770,0.871,0.770,0.887,0.906,0.936,0.919]
Epoch [57] Testing Results: Prec@1 66.050 Prec@5 95.730             Loss 1.32496
Epoch [57] Testing Class Recall: [0.799,0.785,0.419,0.306,0.685,0.671,0.622,0.689,0.889,0.740]
Epoch [58] Training Results: Prec@1 89.650 Prec@5 99.850             Loss 0.28979
Epoch [58] Training Class Recall: [0.898,0.973,0.861,0.818,0.871,0.856,0.908,0.894,0.944,0.953]
Epoch [58] Testing Results: Prec@1 66.960 Prec@5 96.900             Loss 1.37074
Epoch [58] Testing Class Recall: [0.561,0.850,0.487,0.487,0.741,0.583,0.879,0.707,0.622,0.779]
Epoch [59] Training Results: Prec@1 88.875 Prec@5 99.800             Loss 0.32229
Epoch [59] Training Class Recall: [0.933,0.946,0.831,0.777,0.902,0.802,0.920,0.916,0.926,0.940]
Epoch [59] Testing Results: Prec@1 66.160 Prec@5 96.670             Loss 1.45889
Epoch [59] Testing Class Recall: [0.774,0.742,0.214,0.476,0.824,0.737,0.665,0.603,0.690,0.891]
Epoch [60] Training Results: Prec@1 88.725 Prec@5 99.800             Loss 0.31942
Epoch [60] Training Class Recall: [0.908,0.957,0.826,0.782,0.863,0.836,0.923,0.913,0.934,0.937]
Epoch [60] Testing Results: Prec@1 59.770 Prec@5 94.270             Loss 2.07246
Epoch [60] Testing Class Recall: [0.722,0.670,0.473,0.187,0.502,0.704,0.377,0.807,0.585,0.950]
Epoch [61] Training Results: Prec@1 89.350 Prec@5 99.900             Loss 0.30812
Epoch [61] Training Class Recall: [0.928,0.949,0.856,0.828,0.873,0.839,0.904,0.889,0.936,0.942]
Epoch [61] Testing Results: Prec@1 65.640 Prec@5 96.690             Loss 1.43382
Epoch [61] Testing Class Recall: [0.774,0.797,0.661,0.406,0.749,0.765,0.539,0.534,0.635,0.704]
Epoch [62] Training Results: Prec@1 89.100 Prec@5 99.950             Loss 0.30756
Epoch [62] Training Class Recall: [0.911,0.952,0.863,0.808,0.890,0.829,0.908,0.884,0.947,0.927]
Epoch [62] Testing Results: Prec@1 63.360 Prec@5 96.590             Loss 1.61958
Epoch [62] Testing Class Recall: [0.642,0.840,0.807,0.314,0.242,0.354,0.735,0.821,0.739,0.842]
Epoch [63] Training Results: Prec@1 87.775 Prec@5 99.950             Loss 0.34282
Epoch [63] Training Class Recall: [0.903,0.941,0.814,0.797,0.854,0.795,0.894,0.903,0.954,0.932]
Epoch [63] Testing Results: Prec@1 64.210 Prec@5 96.530             Loss 1.55740
Epoch [63] Testing Class Recall: [0.457,0.890,0.420,0.425,0.629,0.613,0.912,0.470,0.830,0.775]
Epoch [64] Training Results: Prec@1 88.575 Prec@5 99.925             Loss 0.31239
Epoch [64] Training Class Recall: [0.891,0.960,0.846,0.800,0.875,0.844,0.882,0.896,0.947,0.927]
Epoch [64] Testing Results: Prec@1 62.450 Prec@5 95.670             Loss 2.10563
Epoch [64] Testing Class Recall: [0.647,0.594,0.201,0.027,0.664,0.828,0.888,0.765,0.760,0.871]
Epoch [65] Training Results: Prec@1 90.825 Prec@5 99.975             Loss 0.25553
Epoch [65] Training Class Recall: [0.931,0.944,0.856,0.848,0.899,0.863,0.923,0.926,0.947,0.953]
Epoch [65] Testing Results: Prec@1 67.920 Prec@5 97.030             Loss 1.22546
Epoch [65] Testing Class Recall: [0.738,0.782,0.595,0.415,0.776,0.602,0.785,0.534,0.807,0.758]
Epoch [66] Training Results: Prec@1 90.650 Prec@5 99.850             Loss 0.26769
Epoch [66] Training Class Recall: [0.906,0.957,0.861,0.830,0.906,0.873,0.933,0.908,0.959,0.937]
Epoch [66] Testing Results: Prec@1 66.100 Prec@5 96.810             Loss 1.44421
Epoch [66] Testing Class Recall: [0.745,0.765,0.670,0.277,0.663,0.707,0.848,0.505,0.751,0.679]
Epoch [67] Training Results: Prec@1 91.250 Prec@5 99.975             Loss 0.25138
Epoch [67] Training Class Recall: [0.938,0.954,0.885,0.868,0.902,0.858,0.913,0.928,0.952,0.932]
Epoch [67] Testing Results: Prec@1 67.550 Prec@5 97.150             Loss 1.41107
Epoch [67] Testing Class Recall: [0.721,0.880,0.487,0.479,0.525,0.761,0.788,0.548,0.843,0.723]
Epoch [68] Training Results: Prec@1 90.800 Prec@5 99.800             Loss 0.26064
Epoch [68] Training Class Recall: [0.955,0.962,0.873,0.833,0.892,0.848,0.925,0.903,0.949,0.945]
Epoch [68] Testing Results: Prec@1 67.610 Prec@5 97.000             Loss 1.44738
Epoch [68] Testing Class Recall: [0.674,0.869,0.670,0.451,0.601,0.707,0.630,0.599,0.679,0.881]
Epoch [69] Training Results: Prec@1 90.200 Prec@5 99.925             Loss 0.26726
Epoch [69] Training Class Recall: [0.903,0.968,0.873,0.797,0.911,0.841,0.945,0.911,0.954,0.921]
Epoch [69] Testing Results: Prec@1 64.420 Prec@5 96.910             Loss 1.54002
Epoch [69] Testing Class Recall: [0.643,0.784,0.399,0.734,0.607,0.401,0.559,0.882,0.661,0.772]
Epoch [70] Training Results: Prec@1 91.075 Prec@5 99.900             Loss 0.25855
Epoch [70] Training Class Recall: [0.933,0.957,0.883,0.856,0.902,0.858,0.937,0.889,0.959,0.940]
Epoch [70] Testing Results: Prec@1 65.850 Prec@5 96.690             Loss 1.45645
Epoch [70] Testing Class Recall: [0.586,0.580,0.554,0.448,0.803,0.581,0.857,0.592,0.708,0.876]
Epoch [71] Training Results: Prec@1 90.850 Prec@5 99.925             Loss 0.26323
Epoch [71] Training Class Recall: [0.913,0.954,0.883,0.851,0.880,0.846,0.952,0.931,0.954,0.927]
Epoch [71] Testing Results: Prec@1 62.660 Prec@5 95.800             Loss 1.72267
Epoch [71] Testing Class Recall: [0.743,0.655,0.333,0.495,0.838,0.312,0.416,0.683,0.895,0.896]
Epoch [72] Training Results: Prec@1 90.875 Prec@5 99.925             Loss 0.26227
Epoch [72] Training Class Recall: [0.943,0.960,0.892,0.828,0.878,0.839,0.916,0.928,0.957,0.955]
Epoch [72] Testing Results: Prec@1 61.870 Prec@5 96.520             Loss 1.91318
Epoch [72] Testing Class Recall: [0.537,0.825,0.814,0.222,0.223,0.539,0.817,0.849,0.722,0.639]
Epoch [73] Training Results: Prec@1 91.350 Prec@5 99.950             Loss 0.23952
Epoch [73] Training Class Recall: [0.911,0.960,0.888,0.851,0.906,0.895,0.930,0.916,0.941,0.942]
Epoch [73] Testing Results: Prec@1 65.710 Prec@5 96.480             Loss 1.59625
Epoch [73] Testing Class Recall: [0.825,0.952,0.521,0.454,0.711,0.456,0.721,0.584,0.828,0.519]
Epoch [74] Training Results: Prec@1 92.950 Prec@5 99.975             Loss 0.20534
Epoch [74] Training Class Recall: [0.940,0.952,0.912,0.891,0.930,0.897,0.959,0.953,0.952,0.908]
Epoch [74] Testing Results: Prec@1 65.290 Prec@5 96.830             Loss 1.54692
Epoch [74] Testing Class Recall: [0.543,0.666,0.741,0.495,0.696,0.480,0.667,0.490,0.926,0.825]
Epoch [75] Training Results: Prec@1 91.175 Prec@5 99.950             Loss 0.24873
Epoch [75] Training Class Recall: [0.931,0.938,0.888,0.851,0.902,0.888,0.933,0.913,0.954,0.924]
Epoch [75] Testing Results: Prec@1 64.110 Prec@5 97.090             Loss 1.70860
Epoch [75] Testing Class Recall: [0.664,0.783,0.508,0.432,0.357,0.853,0.727,0.554,0.711,0.822]
Epoch [76] Training Results: Prec@1 92.200 Prec@5 99.950             Loss 0.23253
Epoch [76] Training Class Recall: [0.948,0.944,0.914,0.866,0.918,0.878,0.925,0.923,0.957,0.950]
Epoch [76] Testing Results: Prec@1 66.750 Prec@5 96.900             Loss 1.56658
Epoch [76] Testing Class Recall: [0.590,0.675,0.628,0.251,0.698,0.794,0.831,0.612,0.731,0.865]
Epoch [77] Training Results: Prec@1 90.475 Prec@5 99.875             Loss 0.27077
Epoch [77] Training Class Recall: [0.935,0.920,0.856,0.858,0.914,0.853,0.928,0.908,0.952,0.927]
Epoch [77] Testing Results: Prec@1 67.570 Prec@5 97.120             Loss 1.38745
Epoch [77] Testing Class Recall: [0.712,0.889,0.694,0.389,0.719,0.442,0.750,0.815,0.719,0.628]
Epoch [78] Training Results: Prec@1 93.800 Prec@5 99.925             Loss 0.18331
Epoch [78] Training Class Recall: [0.945,0.957,0.919,0.914,0.938,0.907,0.959,0.938,0.964,0.940]
Epoch [78] Testing Results: Prec@1 67.100 Prec@5 96.380             Loss 1.43696
Epoch [78] Testing Class Recall: [0.848,0.711,0.515,0.471,0.719,0.707,0.470,0.720,0.753,0.796]
Epoch [79] Training Results: Prec@1 92.375 Prec@5 99.975             Loss 0.22098
Epoch [79] Training Class Recall: [0.935,0.976,0.895,0.876,0.928,0.880,0.899,0.948,0.941,0.966]
Epoch [79] Testing Results: Prec@1 68.640 Prec@5 97.390             Loss 1.43455
Epoch [79] Testing Class Recall: [0.629,0.853,0.484,0.589,0.681,0.496,0.873,0.677,0.916,0.666]
Epoch [80] Training Results: Prec@1 92.375 Prec@5 99.950             Loss 0.20606
Epoch [80] Training Class Recall: [0.935,0.960,0.863,0.861,0.926,0.897,0.952,0.943,0.952,0.953]
Epoch [80] Testing Results: Prec@1 65.430 Prec@5 96.290             Loss 1.45523
Epoch [80] Testing Class Recall: [0.538,0.852,0.659,0.243,0.750,0.445,0.594,0.807,0.788,0.867]
Epoch [81] Training Results: Prec@1 91.825 Prec@5 99.875             Loss 0.23116
Epoch [81] Training Class Recall: [0.926,0.944,0.888,0.873,0.914,0.892,0.952,0.906,0.949,0.942]
Epoch [81] Testing Results: Prec@1 58.390 Prec@5 96.390             Loss 2.08579
Epoch [81] Testing Class Recall: [0.943,0.630,0.676,0.362,0.528,0.432,0.584,0.697,0.543,0.444]
Epoch [82] Training Results: Prec@1 91.850 Prec@5 99.875             Loss 0.23622
Epoch [82] Training Class Recall: [0.933,0.957,0.885,0.858,0.902,0.878,0.959,0.913,0.949,0.955]
Epoch [82] Testing Results: Prec@1 65.410 Prec@5 96.940             Loss 1.58093
Epoch [82] Testing Class Recall: [0.701,0.614,0.523,0.604,0.641,0.606,0.748,0.633,0.897,0.574]
Epoch [83] Training Results: Prec@1 92.775 Prec@5 99.850             Loss 0.21669
Epoch [83] Training Class Recall: [0.933,0.962,0.917,0.881,0.894,0.905,0.949,0.943,0.949,0.948]
Epoch [83] Testing Results: Prec@1 67.120 Prec@5 95.850             Loss 1.64064
Epoch [83] Testing Class Recall: [0.740,0.905,0.538,0.373,0.723,0.350,0.651,0.879,0.899,0.654]
Epoch [84] Training Results: Prec@1 92.800 Prec@5 99.975             Loss 0.20377
Epoch [84] Training Class Recall: [0.926,0.973,0.902,0.873,0.935,0.912,0.933,0.916,0.962,0.953]
Epoch [84] Testing Results: Prec@1 66.820 Prec@5 96.530             Loss 1.63294
Epoch [84] Testing Class Recall: [0.723,0.685,0.488,0.558,0.573,0.655,0.705,0.575,0.927,0.793]
Epoch [85] Training Results: Prec@1 92.375 Prec@5 100.000             Loss 0.20672
Epoch [85] Training Class Recall: [0.935,0.971,0.902,0.846,0.918,0.883,0.923,0.943,0.975,0.948]
Epoch [85] Testing Results: Prec@1 68.390 Prec@5 97.160             Loss 1.38715
Epoch [85] Testing Class Recall: [0.791,0.822,0.446,0.360,0.480,0.832,0.823,0.684,0.794,0.807]
Epoch [86] Training Results: Prec@1 94.500 Prec@5 99.975             Loss 0.16520
Epoch [86] Training Class Recall: [0.965,0.984,0.919,0.896,0.947,0.907,0.947,0.960,0.964,0.963]
Epoch [86] Testing Results: Prec@1 66.550 Prec@5 96.950             Loss 1.64664
Epoch [86] Testing Class Recall: [0.590,0.722,0.486,0.388,0.684,0.811,0.869,0.394,0.851,0.860]
Epoch [87] Training Results: Prec@1 95.350 Prec@5 99.975             Loss 0.13620
Epoch [87] Training Class Recall: [0.963,0.984,0.944,0.904,0.962,0.917,0.959,0.955,0.975,0.976]
Epoch [87] Testing Results: Prec@1 63.330 Prec@5 95.720             Loss 2.13279
Epoch [87] Testing Class Recall: [0.478,0.678,0.449,0.446,0.602,0.460,0.569,0.885,0.846,0.920]
Epoch [88] Training Results: Prec@1 94.725 Prec@5 100.000             Loss 0.15346
Epoch [88] Training Class Recall: [0.970,0.981,0.914,0.916,0.926,0.936,0.945,0.965,0.959,0.963]
Epoch [88] Testing Results: Prec@1 67.420 Prec@5 96.850             Loss 1.74988
Epoch [88] Testing Class Recall: [0.573,0.764,0.588,0.483,0.673,0.769,0.584,0.520,0.920,0.868]
Epoch [89] Training Results: Prec@1 91.125 Prec@5 99.975             Loss 0.24904
Epoch [89] Training Class Recall: [0.921,0.949,0.863,0.876,0.914,0.873,0.949,0.913,0.941,0.916]
Epoch [89] Testing Results: Prec@1 62.340 Prec@5 96.070             Loss 1.78271
Epoch [89] Testing Class Recall: [0.875,0.768,0.661,0.281,0.319,0.607,0.887,0.520,0.567,0.749]
Epoch [90] Training Results: Prec@1 94.225 Prec@5 99.975             Loss 0.17178
Epoch [90] Training Class Recall: [0.935,0.981,0.932,0.906,0.940,0.932,0.961,0.931,0.952,0.955]
Epoch [90] Testing Results: Prec@1 69.010 Prec@5 97.450             Loss 1.50127
Epoch [90] Testing Class Recall: [0.684,0.799,0.508,0.524,0.747,0.682,0.589,0.850,0.638,0.880]
Epoch [91] Training Results: Prec@1 94.675 Prec@5 100.000             Loss 0.14178
Epoch [91] Training Class Recall: [0.938,0.971,0.929,0.914,0.950,0.934,0.954,0.955,0.967,0.958]
Epoch [91] Testing Results: Prec@1 70.940 Prec@5 97.630             Loss 1.29101
Epoch [91] Testing Class Recall: [0.782,0.863,0.576,0.393,0.609,0.794,0.738,0.765,0.873,0.701]
Epoch [92] Training Results: Prec@1 94.725 Prec@5 99.950             Loss 0.15700
Epoch [92] Training Class Recall: [0.963,0.979,0.946,0.889,0.950,0.910,0.973,0.955,0.954,0.955]
Epoch [92] Testing Results: Prec@1 67.870 Prec@5 96.220             Loss 1.60417
Epoch [92] Testing Class Recall: [0.678,0.825,0.386,0.509,0.573,0.635,0.857,0.607,0.907,0.810]
Epoch [93] Training Results: Prec@1 94.000 Prec@5 99.975             Loss 0.16978
Epoch [93] Training Class Recall: [0.945,0.976,0.917,0.889,0.945,0.902,0.966,0.926,0.967,0.971]
Epoch [93] Testing Results: Prec@1 61.100 Prec@5 96.970             Loss 2.09834
Epoch [93] Testing Class Recall: [0.607,0.706,0.909,0.377,0.363,0.513,0.391,0.728,0.760,0.756]
Epoch [94] Training Results: Prec@1 94.575 Prec@5 100.000             Loss 0.15347
Epoch [94] Training Class Recall: [0.963,0.971,0.914,0.906,0.935,0.939,0.949,0.955,0.959,0.969]
Epoch [94] Testing Results: Prec@1 67.550 Prec@5 96.480             Loss 1.54250
Epoch [94] Testing Class Recall: [0.867,0.820,0.391,0.706,0.715,0.264,0.731,0.634,0.847,0.780]
Epoch [95] Training Results: Prec@1 94.675 Prec@5 100.000             Loss 0.15267
Epoch [95] Training Class Recall: [0.950,0.984,0.934,0.894,0.962,0.890,0.961,0.950,0.975,0.971]
Epoch [95] Testing Results: Prec@1 68.950 Prec@5 97.140             Loss 1.55711
Epoch [95] Testing Class Recall: [0.625,0.873,0.743,0.526,0.749,0.563,0.445,0.771,0.827,0.773]
Epoch [96] Training Results: Prec@1 95.225 Prec@5 99.975             Loss 0.14452
Epoch [96] Training Class Recall: [0.963,0.989,0.932,0.932,0.954,0.929,0.952,0.941,0.969,0.966]
Epoch [96] Testing Results: Prec@1 70.750 Prec@5 97.510             Loss 1.35253
Epoch [96] Testing Class Recall: [0.738,0.799,0.603,0.513,0.597,0.759,0.718,0.723,0.821,0.804]
Epoch [97] Training Results: Prec@1 95.250 Prec@5 99.975             Loss 0.14482
Epoch [97] Training Class Recall: [0.973,0.973,0.949,0.916,0.926,0.939,0.949,0.968,0.975,0.961]
Epoch [97] Testing Results: Prec@1 67.310 Prec@5 96.510             Loss 1.88610
Epoch [97] Testing Class Recall: [0.748,0.724,0.496,0.225,0.407,0.858,0.741,0.783,0.871,0.878]
Epoch [98] Training Results: Prec@1 96.325 Prec@5 99.950             Loss 0.10070
Epoch [98] Training Class Recall: [0.973,0.973,0.951,0.932,0.954,0.944,0.971,0.980,0.977,0.979]
Epoch [98] Testing Results: Prec@1 69.310 Prec@5 96.480             Loss 1.52507
Epoch [98] Testing Class Recall: [0.774,0.864,0.545,0.475,0.778,0.405,0.802,0.613,0.844,0.831]
Epoch [99] Training Results: Prec@1 94.750 Prec@5 99.975             Loss 0.14871
Epoch [99] Training Class Recall: [0.968,0.973,0.932,0.886,0.947,0.917,0.964,0.946,0.967,0.979]
Epoch [99] Testing Results: Prec@1 67.130 Prec@5 96.920             Loss 1.63632
Epoch [99] Testing Class Recall: [0.763,0.869,0.636,0.271,0.464,0.821,0.807,0.527,0.799,0.756]
Epoch [100] Training Results: Prec@1 95.150 Prec@5 100.000             Loss 0.14036
Epoch [100] Training Class Recall: [0.965,0.973,0.941,0.932,0.947,0.936,0.964,0.953,0.959,0.945]
Epoch [100] Testing Results: Prec@1 71.450 Prec@5 97.440             Loss 1.34676
Epoch [100] Testing Class Recall: [0.767,0.863,0.607,0.496,0.752,0.622,0.810,0.818,0.694,0.716]
Epoch [101] Training Results: Prec@1 95.875 Prec@5 100.000             Loss 0.12409
Epoch [101] Training Class Recall: [0.963,0.981,0.946,0.919,0.959,0.934,0.966,0.960,0.990,0.971]
Epoch [101] Testing Results: Prec@1 68.230 Prec@5 97.290             Loss 1.69406
Epoch [101] Testing Class Recall: [0.612,0.503,0.609,0.665,0.653,0.537,0.794,0.681,0.909,0.860]
Epoch [102] Training Results: Prec@1 95.300 Prec@5 99.950             Loss 0.13771
Epoch [102] Training Class Recall: [0.960,0.968,0.934,0.927,0.945,0.949,0.961,0.950,0.967,0.971]
Epoch [102] Testing Results: Prec@1 66.160 Prec@5 96.170             Loss 1.70004
Epoch [102] Testing Class Recall: [0.772,0.798,0.534,0.654,0.471,0.207,0.865,0.639,0.906,0.770]
Epoch [103] Training Results: Prec@1 95.475 Prec@5 99.975             Loss 0.12622
Epoch [103] Training Class Recall: [0.938,0.984,0.956,0.904,0.954,0.936,0.964,0.973,0.969,0.971]
Epoch [103] Testing Results: Prec@1 68.220 Prec@5 97.110             Loss 1.65735
Epoch [103] Testing Class Recall: [0.742,0.802,0.450,0.518,0.696,0.744,0.617,0.508,0.892,0.853]
Epoch [104] Training Results: Prec@1 96.300 Prec@5 100.000             Loss 0.10998
Epoch [104] Training Class Recall: [0.965,0.971,0.966,0.932,0.952,0.949,0.961,0.983,0.985,0.969]
Epoch [104] Testing Results: Prec@1 64.980 Prec@5 96.130             Loss 1.74749
Epoch [104] Testing Class Recall: [0.918,0.819,0.494,0.432,0.593,0.352,0.882,0.601,0.717,0.690]
Epoch [105] Training Results: Prec@1 94.425 Prec@5 99.975             Loss 0.15454
Epoch [105] Training Class Recall: [0.945,0.981,0.912,0.922,0.914,0.924,0.971,0.938,0.975,0.966]
Epoch [105] Testing Results: Prec@1 69.230 Prec@5 97.320             Loss 1.50685
Epoch [105] Testing Class Recall: [0.789,0.819,0.612,0.445,0.809,0.551,0.838,0.587,0.692,0.781]
Epoch [106] Training Results: Prec@1 95.425 Prec@5 99.975             Loss 0.12674
Epoch [106] Training Class Recall: [0.965,0.984,0.932,0.922,0.940,0.936,0.976,0.948,0.972,0.971]
Epoch [106] Testing Results: Prec@1 68.240 Prec@5 97.050             Loss 1.58278
Epoch [106] Testing Class Recall: [0.721,0.747,0.492,0.595,0.655,0.708,0.693,0.502,0.817,0.894]
Epoch [107] Training Results: Prec@1 96.125 Prec@5 100.000             Loss 0.12496
Epoch [107] Training Class Recall: [0.975,0.984,0.939,0.934,0.966,0.939,0.947,0.970,0.980,0.982]
Epoch [107] Testing Results: Prec@1 66.020 Prec@5 97.220             Loss 1.98384
Epoch [107] Testing Class Recall: [0.558,0.808,0.443,0.697,0.663,0.673,0.413,0.584,0.887,0.876]
Epoch [108] Training Results: Prec@1 94.575 Prec@5 100.000             Loss 0.14465
Epoch [108] Training Class Recall: [0.958,0.981,0.917,0.911,0.954,0.919,0.942,0.943,0.969,0.966]
Epoch [108] Testing Results: Prec@1 65.390 Prec@5 96.410             Loss 1.98263
Epoch [108] Testing Class Recall: [0.744,0.502,0.542,0.208,0.542,0.726,0.835,0.899,0.659,0.882]
Epoch [109] Training Results: Prec@1 94.700 Prec@5 100.000             Loss 0.14322
Epoch [109] Training Class Recall: [0.950,0.968,0.941,0.911,0.942,0.946,0.966,0.953,0.947,0.945]
Epoch [109] Testing Results: Prec@1 67.500 Prec@5 96.790             Loss 1.69978
Epoch [109] Testing Class Recall: [0.766,0.845,0.777,0.258,0.653,0.546,0.775,0.642,0.830,0.658]
Epoch [110] Training Results: Prec@1 93.675 Prec@5 99.975             Loss 0.17712
Epoch [110] Training Class Recall: [0.970,0.976,0.910,0.876,0.933,0.910,0.916,0.943,0.972,0.969]
Epoch [110] Testing Results: Prec@1 64.500 Prec@5 96.600             Loss 1.99813
Epoch [110] Testing Class Recall: [0.518,0.831,0.391,0.754,0.557,0.639,0.467,0.606,0.934,0.753]
Epoch [111] Training Results: Prec@1 95.075 Prec@5 100.000             Loss 0.13660
Epoch [111] Training Class Recall: [0.945,0.968,0.941,0.911,0.950,0.919,0.971,0.965,0.975,0.963]
Epoch [111] Testing Results: Prec@1 67.140 Prec@5 96.810             Loss 1.72908
Epoch [111] Testing Class Recall: [0.674,0.620,0.389,0.599,0.702,0.588,0.664,0.828,0.797,0.853]
Epoch [112] Training Results: Prec@1 94.500 Prec@5 100.000             Loss 0.15501
Epoch [112] Training Class Recall: [0.950,0.973,0.932,0.911,0.930,0.919,0.957,0.958,0.972,0.950]
Epoch [112] Testing Results: Prec@1 67.550 Prec@5 97.380             Loss 1.54912
Epoch [112] Testing Class Recall: [0.578,0.816,0.661,0.465,0.774,0.498,0.857,0.534,0.864,0.708]
Epoch [113] Training Results: Prec@1 94.100 Prec@5 100.000             Loss 0.16593
Epoch [113] Training Class Recall: [0.953,0.925,0.927,0.924,0.942,0.902,0.942,0.968,0.964,0.963]
Epoch [113] Testing Results: Prec@1 66.350 Prec@5 96.770             Loss 1.77480
Epoch [113] Testing Class Recall: [0.781,0.962,0.738,0.565,0.531,0.530,0.529,0.786,0.662,0.551]
Epoch [114] Training Results: Prec@1 94.600 Prec@5 100.000             Loss 0.15021
Epoch [114] Training Class Recall: [0.963,0.968,0.917,0.916,0.928,0.924,0.947,0.970,0.967,0.963]
Epoch [114] Testing Results: Prec@1 68.680 Prec@5 97.180             Loss 1.55493
Epoch [114] Testing Class Recall: [0.656,0.759,0.705,0.697,0.666,0.367,0.658,0.710,0.906,0.744]
Epoch [115] Training Results: Prec@1 95.250 Prec@5 99.975             Loss 0.14146
Epoch [115] Training Class Recall: [0.965,0.965,0.907,0.904,0.962,0.951,0.954,0.980,0.964,0.974]
Epoch [115] Testing Results: Prec@1 63.400 Prec@5 96.350             Loss 2.05592
Epoch [115] Testing Class Recall: [0.501,0.431,0.566,0.393,0.484,0.759,0.837,0.706,0.728,0.935]
Epoch [116] Training Results: Prec@1 94.275 Prec@5 100.000             Loss 0.16712
Epoch [116] Training Class Recall: [0.948,0.954,0.919,0.911,0.957,0.917,0.952,0.946,0.969,0.955]
Epoch [116] Testing Results: Prec@1 66.500 Prec@5 96.440             Loss 1.67262
Epoch [116] Testing Class Recall: [0.810,0.738,0.394,0.295,0.624,0.828,0.445,0.798,0.874,0.844]
Epoch [117] Training Results: Prec@1 94.525 Prec@5 100.000             Loss 0.15126
Epoch [117] Training Class Recall: [0.950,0.971,0.932,0.896,0.942,0.934,0.952,0.950,0.972,0.955]
Epoch [117] Testing Results: Prec@1 68.670 Prec@5 97.150             Loss 1.48803
Epoch [117] Testing Class Recall: [0.468,0.825,0.521,0.526,0.763,0.667,0.808,0.610,0.948,0.731]
Epoch [118] Training Results: Prec@1 95.800 Prec@5 99.975             Loss 0.11712
Epoch [118] Training Class Recall: [0.963,0.976,0.932,0.929,0.964,0.944,0.969,0.960,0.975,0.971]
Epoch [118] Testing Results: Prec@1 68.810 Prec@5 97.550             Loss 1.42908
Epoch [118] Testing Class Recall: [0.798,0.844,0.597,0.723,0.638,0.498,0.823,0.533,0.756,0.671]
Epoch [119] Training Results: Prec@1 95.675 Prec@5 100.000             Loss 0.12132
Epoch [119] Training Class Recall: [0.978,0.976,0.954,0.916,0.950,0.907,0.966,0.963,0.982,0.979]
Epoch [119] Testing Results: Prec@1 69.980 Prec@5 97.190             Loss 1.48151
Epoch [119] Testing Class Recall: [0.816,0.857,0.402,0.513,0.610,0.573,0.767,0.852,0.727,0.881]
Epoch [120] Training Results: Prec@1 96.175 Prec@5 99.975             Loss 0.10589
Epoch [120] Training Class Recall: [0.985,0.973,0.958,0.942,0.954,0.934,0.957,0.970,0.977,0.969]
Epoch [120] Testing Results: Prec@1 70.270 Prec@5 97.130             Loss 1.39734
Epoch [120] Testing Class Recall: [0.658,0.909,0.603,0.384,0.684,0.642,0.885,0.718,0.817,0.727]
Epoch [121] Training Results: Prec@1 96.525 Prec@5 99.975             Loss 0.10213
Epoch [121] Training Class Recall: [0.978,0.989,0.968,0.937,0.950,0.941,0.973,0.963,0.982,0.974]
Epoch [121] Testing Results: Prec@1 67.700 Prec@5 96.630             Loss 1.79056
Epoch [121] Testing Class Recall: [0.799,0.851,0.325,0.389,0.636,0.849,0.672,0.741,0.602,0.906]
Epoch [122] Training Results: Prec@1 96.750 Prec@5 100.000             Loss 0.09797
Epoch [122] Training Class Recall: [0.975,0.995,0.961,0.934,0.964,0.954,0.966,0.970,0.977,0.982]
Epoch [122] Testing Results: Prec@1 70.300 Prec@5 97.230             Loss 1.43416
Epoch [122] Testing Class Recall: [0.696,0.832,0.584,0.512,0.749,0.621,0.617,0.659,0.853,0.907]
Epoch [123] Training Results: Prec@1 96.600 Prec@5 100.000             Loss 0.10004
Epoch [123] Training Class Recall: [0.980,0.981,0.958,0.922,0.974,0.946,0.966,0.978,0.982,0.974]
Epoch [123] Testing Results: Prec@1 65.980 Prec@5 96.300             Loss 1.90515
Epoch [123] Testing Class Recall: [0.586,0.846,0.657,0.397,0.500,0.272,0.938,0.665,0.903,0.834]
Epoch [124] Training Results: Prec@1 97.000 Prec@5 100.000             Loss 0.09088
Epoch [124] Training Class Recall: [0.983,0.987,0.966,0.944,0.969,0.951,0.971,0.978,0.987,0.966]
Epoch [124] Testing Results: Prec@1 68.250 Prec@5 97.160             Loss 1.68221
Epoch [124] Testing Class Recall: [0.667,0.654,0.556,0.499,0.597,0.759,0.608,0.735,0.848,0.902]
Epoch [125] Training Results: Prec@1 95.550 Prec@5 100.000             Loss 0.13189
Epoch [125] Training Class Recall: [0.975,0.981,0.954,0.909,0.950,0.934,0.959,0.946,0.975,0.976]
Epoch [125] Testing Results: Prec@1 70.060 Prec@5 96.590             Loss 1.62208
Epoch [125] Testing Class Recall: [0.740,0.793,0.418,0.424,0.799,0.757,0.750,0.792,0.680,0.853]
Epoch [126] Training Results: Prec@1 95.925 Prec@5 99.975             Loss 0.11729
Epoch [126] Training Class Recall: [0.968,0.976,0.946,0.939,0.954,0.929,0.973,0.980,0.967,0.961]
Epoch [126] Testing Results: Prec@1 72.170 Prec@5 97.120             Loss 1.46929
Epoch [126] Testing Class Recall: [0.782,0.792,0.492,0.466,0.693,0.653,0.779,0.822,0.854,0.884]
Epoch [127] Training Results: Prec@1 96.600 Prec@5 99.975             Loss 0.10420
Epoch [127] Training Class Recall: [0.965,0.981,0.963,0.937,0.966,0.944,0.983,0.955,0.975,0.992]
Epoch [127] Testing Results: Prec@1 70.520 Prec@5 97.150             Loss 1.54143
Epoch [127] Testing Class Recall: [0.850,0.751,0.496,0.392,0.755,0.732,0.749,0.675,0.869,0.783]
Epoch [128] Training Results: Prec@1 95.550 Prec@5 99.975             Loss 0.13956
Epoch [128] Training Class Recall: [0.926,0.968,0.936,0.947,0.964,0.966,0.976,0.958,0.975,0.940]
Epoch [128] Testing Results: Prec@1 69.320 Prec@5 96.330             Loss 1.51332
Epoch [128] Testing Class Recall: [0.641,0.916,0.359,0.496,0.646,0.682,0.840,0.687,0.883,0.782]
Epoch [129] Training Results: Prec@1 96.425 Prec@5 99.950             Loss 0.10982
Epoch [129] Training Class Recall: [0.963,0.971,0.968,0.942,0.959,0.954,0.969,0.968,0.980,0.971]
Epoch [129] Testing Results: Prec@1 64.240 Prec@5 95.000             Loss 2.05927
Epoch [129] Testing Class Recall: [0.736,0.846,0.415,0.631,0.415,0.460,0.460,0.739,0.814,0.908]
Epoch [130] Training Results: Prec@1 96.350 Prec@5 99.975             Loss 0.09946
Epoch [130] Training Class Recall: [0.975,0.987,0.949,0.929,0.966,0.951,0.969,0.970,0.967,0.974]
Epoch [130] Testing Results: Prec@1 71.110 Prec@5 96.920             Loss 1.41134
Epoch [130] Testing Class Recall: [0.722,0.903,0.512,0.356,0.720,0.697,0.846,0.722,0.881,0.752]
Epoch [131] Training Results: Prec@1 95.900 Prec@5 100.000             Loss 0.12165
Epoch [131] Training Class Recall: [0.975,0.965,0.949,0.954,0.947,0.944,0.957,0.970,0.987,0.942]
Epoch [131] Testing Results: Prec@1 70.880 Prec@5 97.540             Loss 1.47802
Epoch [131] Testing Class Recall: [0.664,0.807,0.688,0.616,0.702,0.581,0.652,0.751,0.799,0.828]
Epoch [132] Training Results: Prec@1 96.400 Prec@5 99.950             Loss 0.11420
Epoch [132] Training Class Recall: [0.953,0.968,0.968,0.944,0.971,0.944,0.966,0.980,0.980,0.966]
Epoch [132] Testing Results: Prec@1 68.260 Prec@5 96.700             Loss 1.57745
Epoch [132] Testing Class Recall: [0.788,0.844,0.632,0.628,0.503,0.531,0.787,0.612,0.604,0.897]
Epoch [133] Training Results: Prec@1 96.900 Prec@5 100.000             Loss 0.09245
Epoch [133] Training Class Recall: [0.960,0.989,0.963,0.954,0.976,0.956,0.981,0.960,0.964,0.987]
Epoch [133] Testing Results: Prec@1 70.470 Prec@5 96.890             Loss 1.53719
Epoch [133] Testing Class Recall: [0.563,0.895,0.533,0.535,0.788,0.573,0.716,0.715,0.899,0.830]
Epoch [134] Training Results: Prec@1 96.825 Prec@5 100.000             Loss 0.08892
Epoch [134] Training Class Recall: [0.970,0.979,0.963,0.962,0.971,0.944,0.964,0.970,0.977,0.984]
Epoch [134] Testing Results: Prec@1 67.820 Prec@5 96.550             Loss 1.73320
Epoch [134] Testing Class Recall: [0.566,0.673,0.561,0.596,0.629,0.728,0.740,0.713,0.801,0.775]
Epoch [135] Training Results: Prec@1 95.775 Prec@5 100.000             Loss 0.11537
Epoch [135] Training Class Recall: [0.963,0.987,0.954,0.919,0.959,0.900,0.969,0.965,0.985,0.982]
Epoch [135] Testing Results: Prec@1 68.860 Prec@5 96.860             Loss 1.48681
Epoch [135] Testing Class Recall: [0.775,0.817,0.683,0.301,0.780,0.744,0.589,0.695,0.748,0.754]
Epoch [136] Training Results: Prec@1 95.350 Prec@5 100.000             Loss 0.13139
Epoch [136] Training Class Recall: [0.958,0.971,0.958,0.937,0.942,0.932,0.966,0.960,0.954,0.958]
Epoch [136] Testing Results: Prec@1 69.500 Prec@5 96.650             Loss 1.59122
Epoch [136] Testing Class Recall: [0.629,0.875,0.575,0.675,0.463,0.527,0.829,0.659,0.847,0.871]
Epoch [137] Training Results: Prec@1 95.300 Prec@5 100.000             Loss 0.12727
Epoch [137] Training Class Recall: [0.943,0.976,0.924,0.942,0.952,0.936,0.966,0.970,0.957,0.966]
Epoch [137] Testing Results: Prec@1 67.940 Prec@5 96.240             Loss 1.56569
Epoch [137] Testing Class Recall: [0.673,0.798,0.553,0.430,0.708,0.598,0.765,0.528,0.936,0.805]
Epoch [138] Training Results: Prec@1 96.125 Prec@5 100.000             Loss 0.12098
Epoch [138] Training Class Recall: [0.978,0.984,0.963,0.949,0.954,0.939,0.971,0.958,0.952,0.966]
Epoch [138] Testing Results: Prec@1 69.020 Prec@5 96.790             Loss 1.71981
Epoch [138] Testing Class Recall: [0.712,0.950,0.465,0.334,0.836,0.522,0.800,0.830,0.726,0.727]
Epoch [139] Training Results: Prec@1 96.800 Prec@5 100.000             Loss 0.09351
Epoch [139] Training Class Recall: [0.978,0.979,0.949,0.954,0.954,0.971,0.966,0.963,0.982,0.987]
Epoch [139] Testing Results: Prec@1 71.710 Prec@5 97.220             Loss 1.47858
Epoch [139] Testing Class Recall: [0.751,0.887,0.502,0.588,0.534,0.595,0.812,0.806,0.855,0.841]
Epoch [140] Training Results: Prec@1 96.450 Prec@5 100.000             Loss 0.10475
Epoch [140] Training Class Recall: [0.975,0.987,0.944,0.932,0.964,0.941,0.971,0.970,0.982,0.982]
Epoch [140] Testing Results: Prec@1 68.000 Prec@5 96.690             Loss 1.66755
Epoch [140] Testing Class Recall: [0.621,0.789,0.653,0.282,0.775,0.715,0.751,0.831,0.762,0.621]
Epoch [141] Training Results: Prec@1 97.675 Prec@5 100.000             Loss 0.07374
Epoch [141] Training Class Recall: [0.973,0.995,0.978,0.934,0.978,0.961,0.986,0.990,0.982,0.992]
Epoch [141] Testing Results: Prec@1 70.310 Prec@5 96.980             Loss 1.59700
Epoch [141] Testing Class Recall: [0.755,0.819,0.502,0.647,0.579,0.568,0.621,0.780,0.915,0.845]
Epoch [142] Training Results: Prec@1 97.600 Prec@5 100.000             Loss 0.06964
Epoch [142] Training Class Recall: [0.978,0.987,0.980,0.959,0.971,0.973,0.981,0.968,0.982,0.982]
Epoch [142] Testing Results: Prec@1 69.970 Prec@5 96.160             Loss 1.56600
Epoch [142] Testing Class Recall: [0.661,0.839,0.552,0.431,0.706,0.520,0.820,0.683,0.890,0.895]
Epoch [143] Training Results: Prec@1 96.425 Prec@5 99.975             Loss 0.10265
Epoch [143] Training Class Recall: [0.978,0.973,0.941,0.954,0.974,0.949,0.959,0.963,0.985,0.969]
Epoch [143] Testing Results: Prec@1 68.980 Prec@5 97.060             Loss 1.77863
Epoch [143] Testing Class Recall: [0.773,0.871,0.451,0.410,0.671,0.731,0.614,0.872,0.808,0.697]
Epoch [144] Training Results: Prec@1 96.400 Prec@5 100.000             Loss 0.09969
Epoch [144] Training Class Recall: [0.980,0.973,0.961,0.944,0.962,0.954,0.971,0.968,0.969,0.958]
Epoch [144] Testing Results: Prec@1 69.880 Prec@5 97.220             Loss 1.45720
Epoch [144] Testing Class Recall: [0.829,0.765,0.648,0.439,0.649,0.579,0.873,0.646,0.802,0.758]
Epoch [145] Training Results: Prec@1 97.000 Prec@5 100.000             Loss 0.08667
Epoch [145] Training Class Recall: [0.970,0.984,0.968,0.949,0.978,0.941,0.986,0.970,0.980,0.974]
Epoch [145] Testing Results: Prec@1 69.530 Prec@5 97.850             Loss 1.54951
Epoch [145] Testing Class Recall: [0.675,0.900,0.716,0.293,0.582,0.799,0.735,0.759,0.797,0.697]
Epoch [146] Training Results: Prec@1 95.825 Prec@5 100.000             Loss 0.12694
Epoch [146] Training Class Recall: [0.968,0.981,0.941,0.909,0.966,0.932,0.971,0.963,0.975,0.979]
Epoch [146] Testing Results: Prec@1 68.650 Prec@5 96.250             Loss 1.78783
Epoch [146] Testing Class Recall: [0.789,0.862,0.681,0.608,0.400,0.457,0.807,0.665,0.819,0.777]
Epoch [147] Training Results: Prec@1 95.875 Prec@5 100.000             Loss 0.12514
Epoch [147] Training Class Recall: [0.975,0.976,0.949,0.911,0.947,0.939,0.966,0.963,0.985,0.979]
Epoch [147] Testing Results: Prec@1 68.020 Prec@5 97.180             Loss 1.55472
Epoch [147] Testing Class Recall: [0.618,0.752,0.546,0.680,0.703,0.533,0.774,0.511,0.798,0.887]
Epoch [148] Training Results: Prec@1 95.525 Prec@5 99.950             Loss 0.13509
Epoch [148] Training Class Recall: [0.960,0.984,0.929,0.911,0.942,0.949,0.976,0.953,0.987,0.963]
Epoch [148] Testing Results: Prec@1 68.900 Prec@5 97.500             Loss 1.57871
Epoch [148] Testing Class Recall: [0.799,0.862,0.520,0.586,0.791,0.674,0.718,0.585,0.635,0.720]
Epoch [149] Training Results: Prec@1 96.050 Prec@5 100.000             Loss 0.11586
Epoch [149] Training Class Recall: [0.965,0.984,0.958,0.934,0.966,0.946,0.935,0.968,0.982,0.969]
Epoch [149] Testing Results: Prec@1 69.470 Prec@5 96.000             Loss 1.53130
Epoch [149] Testing Class Recall: [0.743,0.943,0.651,0.298,0.796,0.620,0.695,0.642,0.785,0.774]
Epoch [150] Training Results: Prec@1 96.825 Prec@5 100.000             Loss 0.09572
Epoch [150] Training Class Recall: [0.968,0.987,0.966,0.942,0.964,0.966,0.961,0.980,0.969,0.982]
Epoch [150] Testing Results: Prec@1 70.300 Prec@5 97.130             Loss 1.47623
Epoch [150] Testing Class Recall: [0.806,0.840,0.669,0.418,0.654,0.512,0.879,0.803,0.623,0.826]
Epoch [151] Training Results: Prec@1 95.525 Prec@5 99.975             Loss 0.13434
Epoch [151] Training Class Recall: [0.948,0.954,0.936,0.939,0.942,0.932,0.978,0.975,0.977,0.971]
Epoch [151] Testing Results: Prec@1 68.420 Prec@5 97.180             Loss 1.55097
Epoch [151] Testing Class Recall: [0.657,0.569,0.672,0.503,0.728,0.601,0.753,0.631,0.817,0.911]
Epoch [152] Training Results: Prec@1 95.975 Prec@5 99.950             Loss 0.11389
Epoch [152] Training Class Recall: [0.975,0.973,0.944,0.937,0.945,0.951,0.969,0.963,0.980,0.963]
Epoch [152] Testing Results: Prec@1 69.320 Prec@5 97.160             Loss 1.64356
Epoch [152] Testing Class Recall: [0.791,0.798,0.556,0.483,0.394,0.773,0.761,0.806,0.683,0.887]
Epoch [153] Training Results: Prec@1 95.050 Prec@5 99.975             Loss 0.14775
Epoch [153] Training Class Recall: [0.970,0.965,0.934,0.924,0.966,0.951,0.961,0.946,0.941,0.945]
Epoch [153] Testing Results: Prec@1 67.380 Prec@5 97.360             Loss 1.57318
Epoch [153] Testing Class Recall: [0.621,0.738,0.559,0.754,0.600,0.449,0.810,0.594,0.826,0.787]
Epoch [154] Training Results: Prec@1 95.375 Prec@5 100.000             Loss 0.14200
Epoch [154] Training Class Recall: [0.948,0.979,0.941,0.929,0.942,0.949,0.957,0.960,0.969,0.966]
Epoch [154] Testing Results: Prec@1 67.590 Prec@5 95.980             Loss 1.63800
Epoch [154] Testing Class Recall: [0.857,0.754,0.575,0.533,0.668,0.530,0.390,0.797,0.796,0.859]
Epoch [155] Training Results: Prec@1 97.100 Prec@5 99.975             Loss 0.09334
Epoch [155] Training Class Recall: [0.970,0.981,0.956,0.957,0.966,0.963,0.981,0.975,0.977,0.984]
Epoch [155] Testing Results: Prec@1 71.300 Prec@5 97.260             Loss 1.39747
Epoch [155] Testing Class Recall: [0.659,0.869,0.678,0.482,0.694,0.565,0.689,0.803,0.924,0.767]
Epoch [156] Training Results: Prec@1 94.525 Prec@5 99.975             Loss 0.15359
Epoch [156] Training Class Recall: [0.948,0.954,0.927,0.896,0.957,0.941,0.961,0.968,0.962,0.937]
Epoch [156] Testing Results: Prec@1 67.570 Prec@5 97.020             Loss 1.74525
Epoch [156] Testing Class Recall: [0.612,0.690,0.543,0.609,0.421,0.692,0.783,0.752,0.859,0.796]
Epoch [157] Training Results: Prec@1 94.875 Prec@5 100.000             Loss 0.15638
Epoch [157] Training Class Recall: [0.963,0.981,0.934,0.919,0.952,0.914,0.964,0.963,0.952,0.948]
Epoch [157] Testing Results: Prec@1 65.520 Prec@5 96.470             Loss 1.66113
Epoch [157] Testing Class Recall: [0.784,0.616,0.699,0.314,0.791,0.545,0.565,0.836,0.701,0.701]
Epoch [158] Training Results: Prec@1 95.250 Prec@5 99.975             Loss 0.14361
Epoch [158] Training Class Recall: [0.960,0.979,0.951,0.909,0.940,0.944,0.952,0.953,0.967,0.974]
Epoch [158] Testing Results: Prec@1 69.020 Prec@5 96.730             Loss 1.50957
Epoch [158] Testing Class Recall: [0.629,0.820,0.553,0.509,0.651,0.616,0.708,0.635,0.938,0.843]
Epoch [159] Training Results: Prec@1 96.650 Prec@5 99.975             Loss 0.10173
Epoch [159] Training Class Recall: [0.958,0.992,0.961,0.947,0.945,0.956,0.986,0.955,0.985,0.984]
Epoch [159] Testing Results: Prec@1 70.380 Prec@5 97.390             Loss 1.46406
Epoch [159] Testing Class Recall: [0.833,0.844,0.675,0.538,0.726,0.626,0.703,0.663,0.719,0.711]
Epoch [160] Training Results: Prec@1 98.075 Prec@5 100.000             Loss 0.06515
Epoch [160] Training Class Recall: [0.990,0.981,0.971,0.975,0.986,0.966,0.983,0.995,0.982,0.979]
Epoch [160] Testing Results: Prec@1 73.020 Prec@5 97.640             Loss 1.25897
Epoch [160] Testing Class Recall: [0.765,0.845,0.610,0.599,0.773,0.630,0.739,0.709,0.824,0.808]
Epoch [161] Training Results: Prec@1 98.250 Prec@5 100.000             Loss 0.05381
Epoch [161] Training Class Recall: [0.988,0.981,0.976,0.982,0.995,0.983,0.971,0.983,0.987,0.979]
Epoch [161] Testing Results: Prec@1 73.470 Prec@5 97.610             Loss 1.23301
Epoch [161] Testing Class Recall: [0.754,0.866,0.601,0.607,0.767,0.624,0.761,0.724,0.823,0.820]
Epoch [162] Training Results: Prec@1 98.400 Prec@5 100.000             Loss 0.05123
Epoch [162] Training Class Recall: [0.990,0.979,0.980,0.992,0.988,0.983,0.976,0.983,0.987,0.982]
Epoch [162] Testing Results: Prec@1 73.360 Prec@5 97.720             Loss 1.23994
Epoch [162] Testing Class Recall: [0.766,0.840,0.597,0.597,0.766,0.645,0.760,0.730,0.802,0.833]
Epoch [163] Training Results: Prec@1 98.625 Prec@5 100.000             Loss 0.04603
Epoch [163] Training Class Recall: [0.995,0.989,0.978,0.982,0.993,0.983,0.983,0.980,0.985,0.995]
Epoch [163] Testing Results: Prec@1 73.760 Prec@5 97.660             Loss 1.20899
Epoch [163] Testing Class Recall: [0.752,0.858,0.616,0.585,0.738,0.653,0.781,0.746,0.816,0.831]
Epoch [164] Training Results: Prec@1 98.875 Prec@5 100.000             Loss 0.04183
Epoch [164] Training Class Recall: [0.990,0.992,0.983,0.985,0.988,0.978,0.993,0.988,0.997,0.995]
Epoch [164] Testing Results: Prec@1 74.000 Prec@5 97.740             Loss 1.20897
Epoch [164] Testing Class Recall: [0.762,0.852,0.617,0.600,0.753,0.635,0.779,0.730,0.835,0.837]
Epoch [165] Training Results: Prec@1 99.025 Prec@5 100.000             Loss 0.03893
Epoch [165] Training Class Recall: [0.995,0.992,0.985,0.982,0.993,0.988,0.993,0.993,0.992,0.990]
Epoch [165] Testing Results: Prec@1 73.930 Prec@5 97.760             Loss 1.20401
Epoch [165] Testing Class Recall: [0.749,0.859,0.605,0.572,0.752,0.664,0.797,0.737,0.825,0.833]
Epoch [166] Training Results: Prec@1 98.875 Prec@5 100.000             Loss 0.04006
Epoch [166] Training Class Recall: [0.995,0.997,0.983,0.985,0.993,0.988,0.981,0.993,0.987,0.987]
Epoch [166] Testing Results: Prec@1 74.100 Prec@5 97.620             Loss 1.21064
Epoch [166] Testing Class Recall: [0.756,0.857,0.613,0.570,0.756,0.649,0.782,0.745,0.832,0.850]
Epoch [167] Training Results: Prec@1 99.025 Prec@5 100.000             Loss 0.03584
Epoch [167] Training Class Recall: [0.995,0.992,0.990,0.992,0.988,0.980,0.988,0.990,0.995,0.992]
Epoch [167] Testing Results: Prec@1 74.210 Prec@5 97.740             Loss 1.19156
Epoch [167] Testing Class Recall: [0.748,0.862,0.646,0.545,0.730,0.661,0.807,0.743,0.832,0.847]
Epoch [168] Training Results: Prec@1 99.300 Prec@5 100.000             Loss 0.03309
Epoch [168] Training Class Recall: [0.988,0.995,0.990,0.997,0.995,0.985,0.995,0.995,0.995,0.995]
Epoch [168] Testing Results: Prec@1 74.210 Prec@5 97.670             Loss 1.18790
Epoch [168] Testing Class Recall: [0.762,0.876,0.623,0.581,0.746,0.653,0.778,0.724,0.839,0.839]
Epoch [169] Training Results: Prec@1 99.075 Prec@5 100.000             Loss 0.03626
Epoch [169] Training Class Recall: [0.993,0.995,0.980,0.995,0.990,0.990,0.995,0.988,0.992,0.990]
Epoch [169] Testing Results: Prec@1 74.390 Prec@5 97.750             Loss 1.17709
Epoch [169] Testing Class Recall: [0.766,0.868,0.616,0.576,0.737,0.653,0.796,0.743,0.838,0.846]
Epoch [170] Training Results: Prec@1 99.050 Prec@5 100.000             Loss 0.03370
Epoch [170] Training Class Recall: [0.993,0.995,0.983,0.992,0.988,0.980,0.990,0.990,0.995,1.000]
Epoch [170] Testing Results: Prec@1 74.390 Prec@5 97.720             Loss 1.17823
Epoch [170] Testing Class Recall: [0.768,0.874,0.620,0.547,0.744,0.671,0.788,0.754,0.827,0.846]
Epoch [171] Training Results: Prec@1 99.300 Prec@5 100.000             Loss 0.02989
Epoch [171] Training Class Recall: [1.000,0.995,0.988,1.000,0.988,0.983,1.000,0.988,0.997,0.992]
Epoch [171] Testing Results: Prec@1 74.450 Prec@5 97.680             Loss 1.18061
Epoch [171] Testing Class Recall: [0.758,0.869,0.626,0.575,0.731,0.653,0.794,0.748,0.839,0.852]
Epoch [172] Training Results: Prec@1 99.225 Prec@5 100.000             Loss 0.03054
Epoch [172] Training Class Recall: [0.990,0.987,0.993,0.987,0.995,0.983,0.998,0.990,1.000,1.000]
Epoch [172] Testing Results: Prec@1 74.480 Prec@5 97.750             Loss 1.18052
Epoch [172] Testing Class Recall: [0.756,0.871,0.598,0.567,0.738,0.678,0.791,0.758,0.843,0.848]
Epoch [173] Training Results: Prec@1 99.075 Prec@5 100.000             Loss 0.03322
Epoch [173] Training Class Recall: [0.993,0.997,0.985,0.992,0.993,0.980,0.993,0.990,0.992,0.992]
Epoch [173] Testing Results: Prec@1 74.720 Prec@5 97.750             Loss 1.16704
Epoch [173] Testing Class Recall: [0.767,0.876,0.636,0.556,0.753,0.667,0.785,0.753,0.845,0.834]
Epoch [174] Training Results: Prec@1 99.250 Prec@5 100.000             Loss 0.02972
Epoch [174] Training Class Recall: [0.998,0.997,0.993,0.982,0.998,0.988,0.993,0.993,0.992,0.992]
Epoch [174] Testing Results: Prec@1 74.950 Prec@5 97.780             Loss 1.17625
Epoch [174] Testing Class Recall: [0.780,0.874,0.640,0.562,0.752,0.660,0.796,0.740,0.851,0.840]
Epoch [175] Training Results: Prec@1 99.375 Prec@5 100.000             Loss 0.02700
Epoch [175] Training Class Recall: [0.995,0.992,0.995,0.987,0.995,0.988,0.993,0.998,1.000,0.995]
Epoch [175] Testing Results: Prec@1 74.760 Prec@5 97.760             Loss 1.16743
Epoch [175] Testing Class Recall: [0.773,0.867,0.623,0.578,0.739,0.669,0.790,0.743,0.847,0.847]
Epoch [176] Training Results: Prec@1 99.550 Prec@5 100.000             Loss 0.02564
Epoch [176] Training Class Recall: [1.000,0.997,0.990,0.995,0.998,0.988,0.998,0.995,0.995,1.000]
Epoch [176] Testing Results: Prec@1 74.760 Prec@5 97.790             Loss 1.16767
Epoch [176] Testing Class Recall: [0.759,0.877,0.642,0.559,0.738,0.661,0.801,0.739,0.855,0.845]
Epoch [177] Training Results: Prec@1 99.350 Prec@5 100.000             Loss 0.02625
Epoch [177] Training Class Recall: [0.998,0.989,0.988,0.992,0.993,0.990,0.998,0.995,0.995,0.997]
Epoch [177] Testing Results: Prec@1 74.750 Prec@5 97.760             Loss 1.16026
Epoch [177] Testing Class Recall: [0.762,0.868,0.640,0.566,0.740,0.649,0.789,0.756,0.850,0.855]
Epoch [178] Training Results: Prec@1 99.225 Prec@5 100.000             Loss 0.03005
Epoch [178] Training Class Recall: [0.993,0.989,0.988,0.990,0.995,0.988,0.995,0.993,1.000,0.992]
Epoch [178] Testing Results: Prec@1 74.860 Prec@5 97.770             Loss 1.16219
Epoch [178] Testing Class Recall: [0.774,0.862,0.639,0.579,0.742,0.656,0.797,0.736,0.849,0.852]
Epoch [179] Training Results: Prec@1 99.350 Prec@5 100.000             Loss 0.02526
Epoch [179] Training Class Recall: [0.998,0.997,0.985,0.985,1.000,0.990,0.995,0.993,0.997,0.995]
Epoch [179] Testing Results: Prec@1 74.860 Prec@5 97.820             Loss 1.16067
Epoch [179] Testing Class Recall: [0.772,0.883,0.638,0.585,0.730,0.656,0.805,0.746,0.833,0.838]
Epoch [180] Training Results: Prec@1 99.425 Prec@5 100.000             Loss 0.02534
Epoch [180] Training Class Recall: [0.998,0.992,0.993,0.990,0.988,0.995,0.995,0.995,1.000,0.997]
Epoch [180] Testing Results: Prec@1 74.650 Prec@5 97.790             Loss 1.16995
Epoch [180] Testing Class Recall: [0.748,0.872,0.647,0.567,0.724,0.660,0.810,0.745,0.839,0.853]
Epoch [181] Training Results: Prec@1 99.550 Prec@5 100.000             Loss 0.02238
Epoch [181] Training Class Recall: [0.990,1.000,0.990,1.000,0.993,0.995,0.998,0.993,1.000,0.997]
Epoch [181] Testing Results: Prec@1 74.680 Prec@5 97.760             Loss 1.16991
Epoch [181] Testing Class Recall: [0.766,0.864,0.622,0.560,0.737,0.673,0.801,0.756,0.839,0.850]
Epoch [182] Training Results: Prec@1 99.425 Prec@5 100.000             Loss 0.02412
Epoch [182] Training Class Recall: [0.998,0.992,0.993,0.995,0.995,0.990,0.993,0.993,1.000,0.995]
Epoch [182] Testing Results: Prec@1 74.820 Prec@5 97.770             Loss 1.16597
Epoch [182] Testing Class Recall: [0.770,0.867,0.645,0.579,0.714,0.649,0.798,0.756,0.849,0.855]
Epoch [183] Training Results: Prec@1 99.625 Prec@5 100.000             Loss 0.02327
Epoch [183] Training Class Recall: [1.000,1.000,0.985,0.997,0.998,0.990,1.000,0.998,0.997,0.997]
Epoch [183] Testing Results: Prec@1 74.930 Prec@5 97.780             Loss 1.16213
Epoch [183] Testing Class Recall: [0.778,0.876,0.642,0.563,0.745,0.672,0.783,0.751,0.830,0.853]
Epoch [184] Training Results: Prec@1 99.525 Prec@5 100.000             Loss 0.02397
Epoch [184] Training Class Recall: [0.998,0.997,0.998,0.987,0.995,0.993,0.998,0.995,0.995,0.997]
Epoch [184] Testing Results: Prec@1 74.990 Prec@5 97.710             Loss 1.16149
Epoch [184] Testing Class Recall: [0.776,0.872,0.639,0.562,0.731,0.669,0.794,0.763,0.842,0.851]
Epoch [185] Training Results: Prec@1 99.575 Prec@5 100.000             Loss 0.02518
Epoch [185] Training Class Recall: [1.000,1.000,0.993,0.997,0.995,0.995,0.995,0.995,0.995,0.992]
Epoch [185] Testing Results: Prec@1 74.890 Prec@5 97.770             Loss 1.16954
Epoch [185] Testing Class Recall: [0.771,0.878,0.626,0.542,0.753,0.666,0.801,0.764,0.839,0.849]
Epoch [186] Training Results: Prec@1 99.375 Prec@5 100.000             Loss 0.02589
Epoch [186] Training Class Recall: [0.995,1.000,0.988,0.990,0.995,0.995,0.993,0.990,0.997,0.995]
Epoch [186] Testing Results: Prec@1 74.800 Prec@5 97.820             Loss 1.16052
Epoch [186] Testing Class Recall: [0.778,0.865,0.643,0.575,0.739,0.651,0.806,0.753,0.833,0.837]
Epoch [187] Training Results: Prec@1 99.425 Prec@5 100.000             Loss 0.02418
Epoch [187] Training Class Recall: [0.995,0.997,0.980,0.995,0.995,0.995,0.998,0.995,0.997,0.995]
Epoch [187] Testing Results: Prec@1 74.730 Prec@5 97.800             Loss 1.15774
Epoch [187] Testing Class Recall: [0.766,0.864,0.646,0.573,0.720,0.656,0.809,0.752,0.832,0.855]
Epoch [188] Training Results: Prec@1 99.475 Prec@5 100.000             Loss 0.02329
Epoch [188] Training Class Recall: [0.995,0.995,0.985,0.995,0.990,0.998,0.998,0.998,0.997,0.997]
Epoch [188] Testing Results: Prec@1 74.790 Prec@5 97.810             Loss 1.16697
Epoch [188] Testing Class Recall: [0.760,0.872,0.653,0.560,0.716,0.674,0.806,0.745,0.839,0.854]
Epoch [189] Training Results: Prec@1 99.275 Prec@5 100.000             Loss 0.02676
Epoch [189] Training Class Recall: [0.993,0.992,0.985,0.990,0.990,0.995,0.998,0.995,0.992,0.997]
Epoch [189] Testing Results: Prec@1 74.860 Prec@5 97.740             Loss 1.17188
Epoch [189] Testing Class Recall: [0.771,0.885,0.638,0.576,0.722,0.655,0.801,0.747,0.840,0.851]
Epoch [190] Training Results: Prec@1 99.425 Prec@5 100.000             Loss 0.02611
Epoch [190] Training Class Recall: [0.995,0.992,0.988,0.992,0.998,0.993,0.993,0.998,0.997,0.997]
Epoch [190] Testing Results: Prec@1 74.750 Prec@5 97.750             Loss 1.16384
Epoch [190] Testing Class Recall: [0.759,0.877,0.641,0.588,0.723,0.657,0.803,0.734,0.842,0.851]
Epoch [191] Training Results: Prec@1 99.500 Prec@5 100.000             Loss 0.02187
Epoch [191] Training Class Recall: [1.000,0.997,0.990,1.000,0.990,0.995,0.988,0.993,0.997,1.000]
Epoch [191] Testing Results: Prec@1 74.830 Prec@5 97.780             Loss 1.16352
Epoch [191] Testing Class Recall: [0.782,0.866,0.638,0.548,0.735,0.677,0.804,0.743,0.839,0.851]
Epoch [192] Training Results: Prec@1 99.550 Prec@5 100.000             Loss 0.02367
Epoch [192] Training Class Recall: [0.995,1.000,0.993,0.990,0.998,0.993,1.000,0.995,0.997,0.995]
Epoch [192] Testing Results: Prec@1 74.600 Prec@5 97.830             Loss 1.17250
Epoch [192] Testing Class Recall: [0.754,0.862,0.638,0.581,0.721,0.672,0.795,0.748,0.834,0.855]
Epoch [193] Training Results: Prec@1 99.600 Prec@5 100.000             Loss 0.02524
Epoch [193] Training Class Recall: [1.000,1.000,0.985,0.995,0.998,0.995,0.998,0.998,1.000,0.992]
Epoch [193] Testing Results: Prec@1 74.720 Prec@5 97.770             Loss 1.16284
Epoch [193] Testing Class Recall: [0.769,0.870,0.647,0.562,0.733,0.643,0.806,0.750,0.841,0.851]
Epoch [194] Training Results: Prec@1 99.125 Prec@5 100.000             Loss 0.02933
Epoch [194] Training Class Recall: [0.995,0.995,0.983,0.987,0.990,0.993,0.990,0.988,1.000,0.992]
Epoch [194] Testing Results: Prec@1 74.780 Prec@5 97.800             Loss 1.16388
Epoch [194] Testing Class Recall: [0.773,0.866,0.651,0.548,0.728,0.670,0.799,0.757,0.831,0.855]
Epoch [195] Training Results: Prec@1 99.350 Prec@5 100.000             Loss 0.02655
Epoch [195] Training Class Recall: [0.995,1.000,0.988,0.990,0.983,0.993,0.995,0.998,1.000,0.995]
Epoch [195] Testing Results: Prec@1 74.770 Prec@5 97.750             Loss 1.16044
Epoch [195] Testing Class Recall: [0.762,0.877,0.631,0.571,0.724,0.672,0.791,0.752,0.835,0.862]
Epoch [196] Training Results: Prec@1 99.450 Prec@5 100.000             Loss 0.02538
Epoch [196] Training Class Recall: [0.993,0.992,0.993,0.990,0.995,0.998,0.993,1.000,0.997,0.995]
Epoch [196] Testing Results: Prec@1 74.500 Prec@5 97.780             Loss 1.17598
Epoch [196] Testing Class Recall: [0.744,0.869,0.614,0.572,0.726,0.660,0.816,0.748,0.844,0.857]
Epoch [197] Training Results: Prec@1 99.500 Prec@5 100.000             Loss 0.02603
Epoch [197] Training Class Recall: [0.995,1.000,0.993,0.995,0.998,0.988,0.993,0.998,0.995,0.997]
Epoch [197] Testing Results: Prec@1 74.710 Prec@5 97.750             Loss 1.16345
Epoch [197] Testing Class Recall: [0.778,0.874,0.652,0.555,0.722,0.645,0.813,0.744,0.842,0.846]
Epoch [198] Training Results: Prec@1 99.275 Prec@5 100.000             Loss 0.02777
Epoch [198] Training Class Recall: [0.990,0.995,0.988,0.992,0.993,0.995,0.990,0.990,1.000,0.995]
Epoch [198] Testing Results: Prec@1 74.940 Prec@5 97.790             Loss 1.15581
Epoch [198] Testing Class Recall: [0.760,0.879,0.648,0.557,0.724,0.679,0.804,0.747,0.845,0.851]
Epoch [199] Training Results: Prec@1 99.425 Prec@5 100.000             Loss 0.02311
Epoch [199] Training Class Recall: [0.995,0.997,0.993,0.997,0.998,0.993,0.988,0.993,0.997,0.992]
Epoch [199] Testing Results: Prec@1 74.910 Prec@5 97.750             Loss 1.16501
Epoch [199] Testing Class Recall: [0.769,0.867,0.643,0.566,0.735,0.649,0.799,0.764,0.844,0.855]
