Log file: cifar10_noisy_lava0.7_erm_exp0.01_seed42_20260421_072126.log
Run started: 2026-04-21 07:21:26.460023
Dataset: cifar10_noisy
Imbalance type: exp, factor: 0.01
Selection method: lava, ratio: 0.7
Strategy: ERM, epochs: 200
Seed: 42, rand_number: 0
Augmentation: weak
Noise ratio: 0.25
============================================================

=> Preparing logger and tensorboard writer !
----------------------------------------------------
Class ID   | Original   | Selected   | Keep %  
----------------------------------------------------
0          | 3977       | 1895       |    47.6%
1          | 2507       | 2184       |    87.1%
2          | 1609       | 1463       |    90.9%
3          | 1118       | 974        |    87.1%
4          | 825        | 658        |    79.8%
5          | 636        | 465        |    73.1%
6          | 509        | 344        |    67.6%
7          | 479        | 312        |    65.1%
8          | 391        | 208        |    53.2%
9          | 355        | 181        |    51.0%
----------------------------------------------------
TOTAL      | 12406      | 8684       |    70.0%
----------------------------------------------------
Epoch [0] Training Results: Prec@1 39.233 Prec@5 81.403             Loss 1.85273
Epoch [0] Training Class Recall: [0.576,0.704,0.404,0.161,0.046,0.002,0.000,0.000,0.000,0.000]
Epoch [0] Testing Results: Prec@1 24.380 Prec@5 72.190             Loss 2.17028
Epoch [0] Testing Class Recall: [0.767,0.696,0.484,0.470,0.005,0.016,0.000,0.000,0.000,0.000]
Epoch [1] Training Results: Prec@1 45.659 Prec@5 84.926             Loss 1.70191
Epoch [1] Training Class Recall: [0.653,0.794,0.499,0.251,0.027,0.004,0.000,0.000,0.000,0.000]
Epoch [1] Testing Results: Prec@1 22.060 Prec@5 65.080             Loss 2.78970
Epoch [1] Testing Class Recall: [0.224,0.961,0.721,0.298,0.001,0.001,0.000,0.000,0.000,0.000]
Epoch [2] Training Results: Prec@1 49.228 Prec@5 85.709             Loss 1.58145
Epoch [2] Training Class Recall: [0.729,0.827,0.520,0.313,0.030,0.000,0.000,0.000,0.000,0.006]
Epoch [2] Testing Results: Prec@1 23.580 Prec@5 72.040             Loss 2.49379
Epoch [2] Testing Class Recall: [0.480,0.966,0.831,0.080,0.001,0.000,0.000,0.000,0.000,0.000]
Epoch [3] Training Results: Prec@1 52.395 Prec@5 86.585             Loss 1.53086
Epoch [3] Training Class Recall: [0.744,0.864,0.583,0.389,0.030,0.002,0.000,0.003,0.000,0.000]
Epoch [3] Testing Results: Prec@1 26.120 Prec@5 81.160             Loss 2.56251
Epoch [3] Testing Class Recall: [0.470,0.979,0.675,0.488,0.000,0.000,0.000,0.000,0.000,0.000]
Epoch [4] Training Results: Prec@1 53.109 Prec@5 87.114             Loss 1.47160
Epoch [4] Training Class Recall: [0.770,0.880,0.554,0.410,0.032,0.000,0.000,0.000,0.000,0.000]
Epoch [4] Testing Results: Prec@1 28.320 Prec@5 76.690             Loss 2.08449
Epoch [4] Testing Class Recall: [0.588,0.831,0.683,0.611,0.119,0.000,0.000,0.000,0.000,0.000]
Epoch [5] Training Results: Prec@1 55.930 Prec@5 88.450             Loss 1.40843
Epoch [5] Training Class Recall: [0.780,0.900,0.629,0.482,0.036,0.000,0.000,0.003,0.000,0.000]
Epoch [5] Testing Results: Prec@1 30.170 Prec@5 80.470             Loss 2.01268
Epoch [5] Testing Class Recall: [0.840,0.860,0.646,0.664,0.007,0.000,0.000,0.000,0.000,0.000]
Epoch [6] Training Results: Prec@1 57.255 Prec@5 88.726             Loss 1.36826
Epoch [6] Training Class Recall: [0.804,0.911,0.617,0.500,0.103,0.000,0.003,0.000,0.000,0.000]
Epoch [6] Testing Results: Prec@1 27.760 Prec@5 85.550             Loss 1.98598
Epoch [6] Testing Class Recall: [0.781,0.943,0.820,0.164,0.067,0.000,0.000,0.001,0.000,0.000]
Epoch [7] Training Results: Prec@1 58.095 Prec@5 88.726             Loss 1.34801
Epoch [7] Training Class Recall: [0.796,0.920,0.643,0.495,0.153,0.000,0.006,0.003,0.000,0.000]
Epoch [7] Testing Results: Prec@1 31.410 Prec@5 79.890             Loss 2.00699
Epoch [7] Testing Class Recall: [0.819,0.881,0.753,0.426,0.247,0.000,0.002,0.013,0.000,0.000]
Epoch [8] Training Results: Prec@1 59.120 Prec@5 89.532             Loss 1.31526
Epoch [8] Training Class Recall: [0.817,0.929,0.612,0.512,0.229,0.002,0.023,0.000,0.000,0.000]
Epoch [8] Testing Results: Prec@1 34.630 Prec@5 82.840             Loss 1.89182
Epoch [8] Testing Class Recall: [0.714,0.879,0.717,0.568,0.362,0.187,0.026,0.010,0.000,0.000]
Epoch [9] Training Results: Prec@1 60.214 Prec@5 89.901             Loss 1.28842
Epoch [9] Training Class Recall: [0.819,0.931,0.627,0.535,0.271,0.019,0.044,0.010,0.000,0.000]
Epoch [9] Testing Results: Prec@1 28.660 Prec@5 83.420             Loss 2.11387
Epoch [9] Testing Class Recall: [0.872,0.719,0.863,0.259,0.138,0.001,0.014,0.000,0.000,0.000]
Epoch [10] Training Results: Prec@1 60.145 Prec@5 89.717             Loss 1.27872
Epoch [10] Training Class Recall: [0.823,0.929,0.614,0.500,0.309,0.034,0.070,0.022,0.000,0.000]
Epoch [10] Testing Results: Prec@1 32.330 Prec@5 87.010             Loss 2.00578
Epoch [10] Testing Class Recall: [0.867,0.958,0.756,0.332,0.186,0.007,0.010,0.117,0.000,0.000]
Epoch [11] Training Results: Prec@1 62.137 Prec@5 89.993             Loss 1.25008
Epoch [11] Training Class Recall: [0.833,0.944,0.640,0.551,0.356,0.011,0.113,0.013,0.000,0.000]
Epoch [11] Testing Results: Prec@1 37.720 Prec@5 89.610             Loss 1.68544
Epoch [11] Testing Class Recall: [0.738,0.934,0.559,0.809,0.509,0.015,0.119,0.089,0.000,0.000]
Epoch [12] Training Results: Prec@1 62.172 Prec@5 90.408             Loss 1.24089
Epoch [12] Training Class Recall: [0.821,0.939,0.644,0.574,0.342,0.026,0.113,0.048,0.000,0.000]
Epoch [12] Testing Results: Prec@1 34.460 Prec@5 83.790             Loss 1.98669
Epoch [12] Testing Class Recall: [0.856,0.701,0.766,0.275,0.487,0.311,0.048,0.002,0.000,0.000]
Epoch [13] Training Results: Prec@1 63.070 Prec@5 90.603             Loss 1.22310
Epoch [13] Training Class Recall: [0.837,0.935,0.670,0.563,0.359,0.058,0.148,0.019,0.000,0.000]
Epoch [13] Testing Results: Prec@1 37.830 Prec@5 88.790             Loss 1.86415
Epoch [13] Testing Class Recall: [0.683,0.983,0.507,0.246,0.552,0.183,0.041,0.588,0.000,0.000]
Epoch [14] Training Results: Prec@1 63.254 Prec@5 90.788             Loss 1.21050
Epoch [14] Training Class Recall: [0.831,0.936,0.672,0.556,0.372,0.084,0.151,0.045,0.000,0.000]
Epoch [14] Testing Results: Prec@1 39.600 Prec@5 87.570             Loss 1.71795
Epoch [14] Testing Class Recall: [0.762,0.905,0.752,0.511,0.664,0.051,0.063,0.248,0.000,0.004]
Epoch [15] Training Results: Prec@1 64.152 Prec@5 90.891             Loss 1.18753
Epoch [15] Training Class Recall: [0.832,0.941,0.675,0.590,0.397,0.086,0.154,0.067,0.005,0.000]
Epoch [15] Testing Results: Prec@1 42.590 Prec@5 90.350             Loss 1.59775
Epoch [15] Testing Class Recall: [0.804,0.916,0.539,0.582,0.772,0.022,0.430,0.143,0.024,0.027]
Epoch [16] Training Results: Prec@1 64.429 Prec@5 90.822             Loss 1.18578
Epoch [16] Training Class Recall: [0.849,0.942,0.679,0.559,0.413,0.088,0.163,0.061,0.005,0.017]
Epoch [16] Testing Results: Prec@1 41.630 Prec@5 88.840             Loss 1.66949
Epoch [16] Testing Class Recall: [0.814,0.959,0.510,0.553,0.701,0.028,0.575,0.016,0.007,0.000]
Epoch [17] Training Results: Prec@1 64.878 Prec@5 91.191             Loss 1.17239
Epoch [17] Training Class Recall: [0.837,0.946,0.691,0.565,0.422,0.123,0.186,0.061,0.014,0.006]
Epoch [17] Testing Results: Prec@1 41.550 Prec@5 85.270             Loss 1.78327
Epoch [17] Testing Class Recall: [0.819,0.963,0.569,0.435,0.348,0.086,0.817,0.030,0.088,0.000]
Epoch [18] Training Results: Prec@1 65.223 Prec@5 91.421             Loss 1.16164
Epoch [18] Training Class Recall: [0.846,0.946,0.668,0.592,0.432,0.133,0.172,0.093,0.029,0.006]
Epoch [18] Testing Results: Prec@1 42.270 Prec@5 92.020             Loss 1.59717
Epoch [18] Testing Class Recall: [0.956,0.934,0.582,0.417,0.496,0.046,0.460,0.259,0.000,0.077]
Epoch [19] Training Results: Prec@1 65.730 Prec@5 91.962             Loss 1.13765
Epoch [19] Training Class Recall: [0.843,0.949,0.689,0.577,0.430,0.155,0.227,0.099,0.005,0.022]
Epoch [19] Testing Results: Prec@1 42.230 Prec@5 91.910             Loss 1.56936
Epoch [19] Testing Class Recall: [0.914,0.956,0.604,0.552,0.343,0.344,0.139,0.247,0.092,0.032]
Epoch [20] Training Results: Prec@1 66.283 Prec@5 91.801             Loss 1.13012
Epoch [20] Training Class Recall: [0.853,0.947,0.692,0.588,0.470,0.174,0.186,0.083,0.029,0.006]
Epoch [20] Testing Results: Prec@1 44.360 Prec@5 93.290             Loss 1.54362
Epoch [20] Testing Class Recall: [0.867,0.968,0.696,0.718,0.599,0.040,0.070,0.367,0.013,0.098]
Epoch [21] Training Results: Prec@1 66.755 Prec@5 91.421             Loss 1.12796
Epoch [21] Training Class Recall: [0.851,0.950,0.710,0.606,0.467,0.146,0.180,0.115,0.024,0.028]
Epoch [21] Testing Results: Prec@1 46.660 Prec@5 90.680             Loss 1.56152
Epoch [21] Testing Class Recall: [0.858,0.984,0.670,0.496,0.545,0.390,0.560,0.136,0.027,0.000]
Epoch [22] Training Results: Prec@1 66.985 Prec@5 91.801             Loss 1.12133
Epoch [22] Training Class Recall: [0.851,0.950,0.701,0.585,0.492,0.194,0.224,0.115,0.014,0.028]
Epoch [22] Testing Results: Prec@1 48.520 Prec@5 94.570             Loss 1.46801
Epoch [22] Testing Class Recall: [0.771,0.993,0.672,0.617,0.522,0.320,0.299,0.454,0.167,0.037]
Epoch [23] Training Results: Prec@1 67.768 Prec@5 92.561             Loss 1.09917
Epoch [23] Training Class Recall: [0.863,0.948,0.704,0.619,0.494,0.196,0.221,0.119,0.062,0.017]
Epoch [23] Testing Results: Prec@1 43.960 Prec@5 89.320             Loss 1.66650
Epoch [23] Testing Class Recall: [0.911,0.835,0.744,0.484,0.626,0.089,0.486,0.054,0.017,0.150]
Epoch [24] Training Results: Prec@1 67.953 Prec@5 92.377             Loss 1.09033
Epoch [24] Training Class Recall: [0.851,0.951,0.721,0.628,0.485,0.215,0.244,0.080,0.053,0.028]
Epoch [24] Testing Results: Prec@1 46.930 Prec@5 91.800             Loss 1.49145
Epoch [24] Testing Class Recall: [0.846,0.924,0.838,0.478,0.567,0.147,0.503,0.193,0.067,0.130]
Epoch [25] Training Results: Prec@1 68.160 Prec@5 92.285             Loss 1.08782
Epoch [25] Training Class Recall: [0.864,0.952,0.716,0.616,0.485,0.222,0.215,0.115,0.067,0.039]
Epoch [25] Testing Results: Prec@1 46.540 Prec@5 92.020             Loss 1.49200
Epoch [25] Testing Class Recall: [0.743,0.946,0.828,0.520,0.682,0.266,0.079,0.249,0.259,0.082]
Epoch [26] Training Results: Prec@1 67.630 Prec@5 92.100             Loss 1.08696
Epoch [26] Training Class Recall: [0.862,0.955,0.693,0.608,0.532,0.172,0.186,0.112,0.082,0.017]
Epoch [26] Testing Results: Prec@1 48.520 Prec@5 88.770             Loss 1.59237
Epoch [26] Testing Class Recall: [0.782,0.959,0.783,0.420,0.457,0.360,0.313,0.598,0.173,0.007]
Epoch [27] Training Results: Prec@1 68.655 Prec@5 92.699             Loss 1.06472
Epoch [27] Training Class Recall: [0.868,0.950,0.729,0.613,0.502,0.215,0.233,0.138,0.077,0.055]
Epoch [27] Testing Results: Prec@1 43.880 Prec@5 89.300             Loss 1.72949
Epoch [27] Testing Class Recall: [0.654,0.986,0.787,0.481,0.402,0.547,0.250,0.235,0.045,0.001]
Epoch [28] Training Results: Prec@1 69.357 Prec@5 92.457             Loss 1.05548
Epoch [28] Training Class Recall: [0.864,0.952,0.738,0.636,0.523,0.206,0.262,0.167,0.087,0.033]
Epoch [28] Testing Results: Prec@1 46.630 Prec@5 89.840             Loss 1.58397
Epoch [28] Testing Class Recall: [0.751,0.957,0.773,0.512,0.542,0.230,0.757,0.099,0.011,0.031]
Epoch [29] Training Results: Prec@1 69.876 Prec@5 92.757             Loss 1.05069
Epoch [29] Training Class Recall: [0.871,0.954,0.740,0.643,0.536,0.237,0.273,0.112,0.101,0.066]
Epoch [29] Testing Results: Prec@1 55.970 Prec@5 94.230             Loss 1.27231
Epoch [29] Testing Class Recall: [0.739,0.951,0.491,0.581,0.796,0.294,0.222,0.585,0.441,0.497]
Epoch [30] Training Results: Prec@1 69.853 Prec@5 92.849             Loss 1.03983
Epoch [30] Training Class Recall: [0.875,0.951,0.748,0.641,0.517,0.249,0.244,0.135,0.120,0.022]
Epoch [30] Testing Results: Prec@1 55.320 Prec@5 94.650             Loss 1.27199
Epoch [30] Testing Class Recall: [0.863,0.972,0.688,0.666,0.598,0.271,0.668,0.452,0.181,0.173]
Epoch [31] Training Results: Prec@1 70.233 Prec@5 93.114             Loss 1.02509
Epoch [31] Training Class Recall: [0.877,0.955,0.749,0.640,0.521,0.265,0.256,0.167,0.111,0.022]
Epoch [31] Testing Results: Prec@1 44.920 Prec@5 91.300             Loss 1.59518
Epoch [31] Testing Class Recall: [0.604,0.922,0.849,0.605,0.706,0.162,0.318,0.156,0.105,0.065]
Epoch [32] Training Results: Prec@1 69.956 Prec@5 92.596             Loss 1.04132
Epoch [32] Training Class Recall: [0.868,0.952,0.751,0.634,0.541,0.226,0.267,0.167,0.096,0.044]
Epoch [32] Testing Results: Prec@1 55.210 Prec@5 94.880             Loss 1.27414
Epoch [32] Testing Class Recall: [0.721,0.942,0.566,0.547,0.830,0.387,0.401,0.231,0.346,0.550]
Epoch [33] Training Results: Prec@1 70.244 Prec@5 93.068             Loss 1.02496
Epoch [33] Training Class Recall: [0.873,0.953,0.749,0.632,0.540,0.260,0.279,0.151,0.115,0.055]
Epoch [33] Testing Results: Prec@1 58.370 Prec@5 94.870             Loss 1.17878
Epoch [33] Testing Class Recall: [0.785,0.955,0.735,0.478,0.618,0.266,0.631,0.605,0.426,0.338]
Epoch [34] Training Results: Prec@1 70.624 Prec@5 92.930             Loss 1.01815
Epoch [34] Training Class Recall: [0.865,0.952,0.762,0.632,0.562,0.282,0.273,0.173,0.120,0.050]
Epoch [34] Testing Results: Prec@1 46.810 Prec@5 93.450             Loss 1.53962
Epoch [34] Testing Class Recall: [0.929,0.905,0.765,0.599,0.359,0.072,0.443,0.427,0.036,0.146]
Epoch [35] Training Results: Prec@1 71.407 Prec@5 93.275             Loss 0.99392
Epoch [35] Training Class Recall: [0.881,0.958,0.760,0.670,0.558,0.280,0.262,0.179,0.087,0.072]
Epoch [35] Testing Results: Prec@1 51.500 Prec@5 93.110             Loss 1.39110
Epoch [35] Testing Class Recall: [0.713,0.924,0.485,0.672,0.821,0.372,0.306,0.467,0.233,0.157]
Epoch [36] Training Results: Prec@1 71.142 Prec@5 93.379             Loss 1.00098
Epoch [36] Training Class Recall: [0.871,0.961,0.755,0.643,0.565,0.305,0.279,0.170,0.130,0.044]
Epoch [36] Testing Results: Prec@1 43.470 Prec@5 83.660             Loss 1.76310
Epoch [36] Testing Class Recall: [0.763,0.711,0.467,0.509,0.675,0.797,0.083,0.122,0.204,0.016]
Epoch [37] Training Results: Prec@1 70.624 Prec@5 93.632             Loss 0.99815
Epoch [37] Training Class Recall: [0.875,0.951,0.763,0.633,0.555,0.265,0.244,0.176,0.130,0.055]
Epoch [37] Testing Results: Prec@1 42.150 Prec@5 86.340             Loss 1.79681
Epoch [37] Testing Class Recall: [0.621,0.841,0.876,0.526,0.408,0.097,0.672,0.032,0.137,0.005]
Epoch [38] Training Results: Prec@1 71.499 Prec@5 93.505             Loss 0.98281
Epoch [38] Training Class Recall: [0.888,0.965,0.758,0.637,0.568,0.280,0.279,0.176,0.144,0.033]
Epoch [38] Testing Results: Prec@1 51.510 Prec@5 91.680             Loss 1.40481
Epoch [38] Testing Class Recall: [0.835,0.925,0.817,0.593,0.569,0.571,0.235,0.217,0.145,0.244]
Epoch [39] Training Results: Prec@1 72.202 Prec@5 93.862             Loss 0.96208
Epoch [39] Training Class Recall: [0.885,0.958,0.776,0.653,0.581,0.273,0.328,0.189,0.168,0.077]
Epoch [39] Testing Results: Prec@1 49.180 Prec@5 90.000             Loss 1.52208
Epoch [39] Testing Class Recall: [0.829,0.843,0.621,0.382,0.372,0.831,0.320,0.380,0.121,0.219]
Epoch [40] Training Results: Prec@1 71.914 Prec@5 93.240             Loss 0.96805
Epoch [40] Training Class Recall: [0.877,0.951,0.772,0.682,0.556,0.325,0.305,0.173,0.135,0.050]
Epoch [40] Testing Results: Prec@1 51.540 Prec@5 91.820             Loss 1.48351
Epoch [40] Testing Class Recall: [0.758,0.847,0.603,0.837,0.615,0.352,0.469,0.337,0.080,0.256]
Epoch [41] Training Results: Prec@1 72.041 Prec@5 93.839             Loss 0.95983
Epoch [41] Training Class Recall: [0.890,0.956,0.768,0.676,0.562,0.290,0.279,0.202,0.120,0.066]
Epoch [41] Testing Results: Prec@1 47.560 Prec@5 86.600             Loss 1.68970
Epoch [41] Testing Class Recall: [0.824,0.985,0.638,0.392,0.669,0.693,0.095,0.413,0.032,0.015]
Epoch [42] Training Results: Prec@1 72.190 Prec@5 94.023             Loss 0.95774
Epoch [42] Training Class Recall: [0.879,0.956,0.767,0.663,0.574,0.329,0.320,0.215,0.144,0.061]
Epoch [42] Testing Results: Prec@1 46.250 Prec@5 88.690             Loss 1.74023
Epoch [42] Testing Class Recall: [0.755,0.967,0.671,0.762,0.725,0.232,0.272,0.163,0.058,0.020]
Epoch [43] Training Results: Prec@1 72.812 Prec@5 94.231             Loss 0.94648
Epoch [43] Training Class Recall: [0.882,0.960,0.782,0.678,0.602,0.305,0.317,0.196,0.144,0.077]
Epoch [43] Testing Results: Prec@1 48.420 Prec@5 89.040             Loss 1.59045
Epoch [43] Testing Class Recall: [0.875,0.955,0.800,0.228,0.531,0.149,0.242,0.512,0.156,0.394]
Epoch [44] Training Results: Prec@1 72.363 Prec@5 94.334             Loss 0.93898
Epoch [44] Training Class Recall: [0.885,0.956,0.782,0.663,0.574,0.323,0.288,0.173,0.173,0.061]
Epoch [44] Testing Results: Prec@1 51.850 Prec@5 91.500             Loss 1.45084
Epoch [44] Testing Class Recall: [0.726,0.830,0.658,0.237,0.800,0.284,0.851,0.259,0.287,0.253]
Epoch [45] Training Results: Prec@1 72.870 Prec@5 94.254             Loss 0.93391
Epoch [45] Training Class Recall: [0.885,0.957,0.791,0.662,0.588,0.368,0.285,0.154,0.173,0.099]
Epoch [45] Testing Results: Prec@1 48.370 Prec@5 90.710             Loss 1.57013
Epoch [45] Testing Class Recall: [0.730,0.910,0.922,0.382,0.364,0.519,0.323,0.391,0.138,0.158]
Epoch [46] Training Results: Prec@1 73.480 Prec@5 94.415             Loss 0.92096
Epoch [46] Training Class Recall: [0.890,0.956,0.789,0.661,0.597,0.346,0.334,0.260,0.202,0.094]
Epoch [46] Testing Results: Prec@1 52.320 Prec@5 92.600             Loss 1.41517
Epoch [46] Testing Class Recall: [0.828,0.948,0.791,0.544,0.267,0.430,0.462,0.548,0.209,0.205]
Epoch [47] Training Results: Prec@1 73.330 Prec@5 94.242             Loss 0.91744
Epoch [47] Training Class Recall: [0.890,0.959,0.789,0.665,0.574,0.353,0.355,0.234,0.144,0.094]
Epoch [47] Testing Results: Prec@1 54.200 Prec@5 91.870             Loss 1.36539
Epoch [47] Testing Class Recall: [0.804,0.791,0.646,0.573,0.824,0.493,0.435,0.264,0.403,0.187]
Epoch [48] Training Results: Prec@1 73.802 Prec@5 94.519             Loss 0.90604
Epoch [48] Training Class Recall: [0.891,0.958,0.783,0.688,0.612,0.363,0.352,0.205,0.183,0.099]
Epoch [48] Testing Results: Prec@1 48.950 Prec@5 89.100             Loss 1.59207
Epoch [48] Testing Class Recall: [0.831,0.923,0.833,0.544,0.601,0.351,0.421,0.267,0.084,0.040]
Epoch [49] Training Results: Prec@1 74.182 Prec@5 94.507             Loss 0.90321
Epoch [49] Training Class Recall: [0.892,0.963,0.801,0.677,0.593,0.357,0.384,0.234,0.207,0.072]
Epoch [49] Testing Results: Prec@1 58.460 Prec@5 93.750             Loss 1.24439
Epoch [49] Testing Class Recall: [0.803,0.975,0.640,0.639,0.593,0.423,0.443,0.475,0.492,0.363]
Epoch [50] Training Results: Prec@1 74.240 Prec@5 94.899             Loss 0.88679
Epoch [50] Training Class Recall: [0.882,0.961,0.804,0.676,0.631,0.366,0.358,0.266,0.173,0.088]
Epoch [50] Testing Results: Prec@1 52.010 Prec@5 92.810             Loss 1.47021
Epoch [50] Testing Class Recall: [0.805,0.864,0.848,0.318,0.473,0.433,0.467,0.317,0.131,0.545]
Epoch [51] Training Results: Prec@1 74.585 Prec@5 94.979             Loss 0.87757
Epoch [51] Training Class Recall: [0.890,0.961,0.801,0.689,0.629,0.391,0.372,0.228,0.159,0.116]
Epoch [51] Testing Results: Prec@1 55.540 Prec@5 91.470             Loss 1.36361
Epoch [51] Testing Class Recall: [0.885,0.912,0.596,0.467,0.532,0.403,0.400,0.378,0.335,0.646]
Epoch [52] Training Results: Prec@1 74.413 Prec@5 95.002             Loss 0.87641
Epoch [52] Training Class Recall: [0.892,0.962,0.796,0.690,0.597,0.409,0.340,0.231,0.212,0.099]
Epoch [52] Testing Results: Prec@1 55.190 Prec@5 92.700             Loss 1.34540
Epoch [52] Testing Class Recall: [0.757,0.920,0.524,0.536,0.840,0.301,0.414,0.373,0.518,0.336]
Epoch [53] Training Results: Prec@1 73.975 Prec@5 95.256             Loss 0.88076
Epoch [53] Training Class Recall: [0.885,0.958,0.793,0.678,0.622,0.376,0.340,0.240,0.197,0.088]
Epoch [53] Testing Results: Prec@1 52.420 Prec@5 90.750             Loss 1.54939
Epoch [53] Testing Class Recall: [0.817,0.898,0.691,0.443,0.777,0.273,0.346,0.540,0.117,0.340]
Epoch [54] Training Results: Prec@1 74.724 Prec@5 95.313             Loss 0.86828
Epoch [54] Training Class Recall: [0.899,0.966,0.796,0.702,0.626,0.353,0.358,0.215,0.216,0.099]
Epoch [54] Testing Results: Prec@1 49.460 Prec@5 90.750             Loss 1.55469
Epoch [54] Testing Class Recall: [0.855,0.905,0.790,0.239,0.325,0.615,0.275,0.117,0.341,0.484]
Epoch [55] Training Results: Prec@1 74.643 Prec@5 95.048             Loss 0.87246
Epoch [55] Training Class Recall: [0.891,0.959,0.794,0.686,0.620,0.381,0.390,0.247,0.240,0.127]
Epoch [55] Testing Results: Prec@1 53.050 Prec@5 88.080             Loss 1.62053
Epoch [55] Testing Class Recall: [0.866,0.966,0.697,0.425,0.561,0.139,0.749,0.421,0.264,0.217]
Epoch [56] Training Results: Prec@1 75.311 Prec@5 95.486             Loss 0.84809
Epoch [56] Training Class Recall: [0.904,0.960,0.815,0.692,0.635,0.355,0.369,0.240,0.274,0.122]
Epoch [56] Testing Results: Prec@1 60.240 Prec@5 92.960             Loss 1.24811
Epoch [56] Testing Class Recall: [0.743,0.959,0.609,0.693,0.706,0.363,0.398,0.474,0.529,0.550]
Epoch [57] Training Results: Prec@1 75.495 Prec@5 95.901             Loss 0.84518
Epoch [57] Training Class Recall: [0.901,0.962,0.813,0.711,0.634,0.383,0.378,0.244,0.221,0.099]
Epoch [57] Testing Results: Prec@1 51.470 Prec@5 88.950             Loss 1.62282
Epoch [57] Testing Class Recall: [0.812,0.891,0.771,0.606,0.467,0.355,0.410,0.216,0.588,0.031]
Epoch [58] Training Results: Prec@1 75.345 Prec@5 95.302             Loss 0.85278
Epoch [58] Training Class Recall: [0.891,0.958,0.822,0.698,0.643,0.376,0.419,0.253,0.188,0.110]
Epoch [58] Testing Results: Prec@1 48.970 Prec@5 88.590             Loss 1.65367
Epoch [58] Testing Class Recall: [0.948,0.924,0.590,0.231,0.689,0.038,0.790,0.222,0.178,0.287]
Epoch [59] Training Results: Prec@1 76.048 Prec@5 95.728             Loss 0.83464
Epoch [59] Training Class Recall: [0.892,0.963,0.811,0.719,0.658,0.432,0.395,0.247,0.264,0.116]
Epoch [59] Testing Results: Prec@1 52.500 Prec@5 92.230             Loss 1.53021
Epoch [59] Testing Class Recall: [0.870,0.980,0.734,0.508,0.564,0.278,0.646,0.319,0.170,0.181]
Epoch [60] Training Results: Prec@1 75.645 Prec@5 95.451             Loss 0.83491
Epoch [60] Training Class Recall: [0.898,0.959,0.803,0.699,0.660,0.439,0.395,0.234,0.226,0.127]
Epoch [60] Testing Results: Prec@1 42.460 Prec@5 82.450             Loss 2.00990
Epoch [60] Testing Class Recall: [0.828,0.872,0.921,0.231,0.326,0.337,0.308,0.373,0.007,0.043]
Epoch [61] Training Results: Prec@1 76.301 Prec@5 95.843             Loss 0.80925
Epoch [61] Training Class Recall: [0.899,0.956,0.831,0.698,0.667,0.460,0.375,0.250,0.284,0.116]
Epoch [61] Testing Results: Prec@1 47.540 Prec@5 89.420             Loss 1.68600
Epoch [61] Testing Class Recall: [0.755,0.944,0.867,0.447,0.422,0.251,0.426,0.121,0.412,0.109]
Epoch [62] Training Results: Prec@1 76.140 Prec@5 96.373             Loss 0.81725
Epoch [62] Training Class Recall: [0.899,0.962,0.817,0.709,0.652,0.419,0.439,0.234,0.255,0.122]
Epoch [62] Testing Results: Prec@1 50.920 Prec@5 87.770             Loss 1.68523
Epoch [62] Testing Class Recall: [0.751,0.879,0.858,0.614,0.415,0.389,0.587,0.074,0.291,0.234]
Epoch [63] Training Results: Prec@1 76.025 Prec@5 95.739             Loss 0.82532
Epoch [63] Training Class Recall: [0.892,0.961,0.820,0.710,0.644,0.434,0.413,0.247,0.245,0.144]
Epoch [63] Testing Results: Prec@1 50.590 Prec@5 89.670             Loss 1.52455
Epoch [63] Testing Class Recall: [0.763,0.896,0.862,0.495,0.619,0.340,0.468,0.261,0.214,0.141]
Epoch [64] Training Results: Prec@1 76.877 Prec@5 95.924             Loss 0.78768
Epoch [64] Training Class Recall: [0.908,0.963,0.818,0.708,0.669,0.437,0.413,0.317,0.293,0.110]
Epoch [64] Testing Results: Prec@1 54.280 Prec@5 89.660             Loss 1.53895
Epoch [64] Testing Class Recall: [0.830,0.977,0.676,0.537,0.419,0.417,0.454,0.645,0.310,0.163]
Epoch [65] Training Results: Prec@1 76.935 Prec@5 96.188             Loss 0.78845
Epoch [65] Training Class Recall: [0.891,0.957,0.839,0.716,0.661,0.469,0.416,0.295,0.293,0.155]
Epoch [65] Testing Results: Prec@1 48.180 Prec@5 89.400             Loss 1.82739
Epoch [65] Testing Class Recall: [0.914,0.896,0.611,0.373,0.862,0.184,0.377,0.211,0.050,0.340]
Epoch [66] Training Results: Prec@1 76.439 Prec@5 95.808             Loss 0.79822
Epoch [66] Training Class Recall: [0.899,0.957,0.828,0.711,0.649,0.432,0.416,0.285,0.240,0.171]
Epoch [66] Testing Results: Prec@1 56.020 Prec@5 92.300             Loss 1.41418
Epoch [66] Testing Class Recall: [0.726,0.960,0.560,0.715,0.482,0.339,0.767,0.516,0.344,0.193]
Epoch [67] Training Results: Prec@1 76.762 Prec@5 96.361             Loss 0.77896
Epoch [67] Training Class Recall: [0.895,0.957,0.814,0.706,0.670,0.465,0.477,0.301,0.264,0.166]
Epoch [67] Testing Results: Prec@1 53.110 Prec@5 88.450             Loss 1.54397
Epoch [67] Testing Class Recall: [0.914,0.782,0.630,0.575,0.530,0.484,0.350,0.665,0.362,0.019]
Epoch [68] Training Results: Prec@1 76.958 Prec@5 96.465             Loss 0.77538
Epoch [68] Training Class Recall: [0.888,0.958,0.824,0.727,0.664,0.467,0.483,0.298,0.274,0.138]
Epoch [68] Testing Results: Prec@1 58.660 Prec@5 92.540             Loss 1.27615
Epoch [68] Testing Class Recall: [0.856,0.848,0.757,0.351,0.616,0.428,0.575,0.549,0.396,0.490]
Epoch [69] Training Results: Prec@1 77.418 Prec@5 96.522             Loss 0.76425
Epoch [69] Training Class Recall: [0.904,0.962,0.815,0.732,0.679,0.460,0.453,0.295,0.317,0.149]
Epoch [69] Testing Results: Prec@1 48.970 Prec@5 89.490             Loss 1.78704
Epoch [69] Testing Class Recall: [0.853,0.832,0.847,0.505,0.610,0.339,0.378,0.126,0.335,0.072]
Epoch [70] Training Results: Prec@1 77.752 Prec@5 96.511             Loss 0.75073
Epoch [70] Training Class Recall: [0.908,0.960,0.833,0.721,0.688,0.482,0.471,0.276,0.269,0.188]
Epoch [70] Testing Results: Prec@1 55.390 Prec@5 92.250             Loss 1.51604
Epoch [70] Testing Class Recall: [0.834,0.930,0.643,0.644,0.459,0.125,0.464,0.602,0.495,0.343]
Epoch [71] Training Results: Prec@1 76.992 Prec@5 96.522             Loss 0.76849
Epoch [71] Training Class Recall: [0.892,0.959,0.827,0.727,0.676,0.449,0.445,0.295,0.274,0.155]
Epoch [71] Testing Results: Prec@1 56.680 Prec@5 92.270             Loss 1.34860
Epoch [71] Testing Class Recall: [0.650,0.900,0.607,0.467,0.706,0.619,0.466,0.575,0.428,0.250]
Epoch [72] Training Results: Prec@1 77.303 Prec@5 96.707             Loss 0.75721
Epoch [72] Training Class Recall: [0.889,0.960,0.832,0.729,0.682,0.454,0.483,0.301,0.274,0.155]
Epoch [72] Testing Results: Prec@1 49.430 Prec@5 86.200             Loss 1.91354
Epoch [72] Testing Class Recall: [0.911,0.927,0.628,0.699,0.589,0.258,0.368,0.399,0.143,0.021]
Epoch [73] Training Results: Prec@1 78.363 Prec@5 96.937             Loss 0.72709
Epoch [73] Training Class Recall: [0.908,0.964,0.825,0.739,0.702,0.488,0.494,0.330,0.303,0.155]
Epoch [73] Testing Results: Prec@1 54.760 Prec@5 90.150             Loss 1.60932
Epoch [73] Testing Class Recall: [0.807,0.853,0.635,0.756,0.368,0.440,0.315,0.391,0.353,0.558]
Epoch [74] Training Results: Prec@1 77.821 Prec@5 96.684             Loss 0.75196
Epoch [74] Training Class Recall: [0.902,0.962,0.822,0.735,0.693,0.480,0.500,0.288,0.288,0.155]
Epoch [74] Testing Results: Prec@1 47.920 Prec@5 85.810             Loss 1.86177
Epoch [74] Testing Class Recall: [0.861,0.918,0.640,0.400,0.751,0.436,0.350,0.227,0.075,0.134]
Epoch [75] Training Results: Prec@1 78.201 Prec@5 96.902             Loss 0.73682
Epoch [75] Training Class Recall: [0.903,0.965,0.841,0.718,0.676,0.495,0.485,0.343,0.327,0.144]
Epoch [75] Testing Results: Prec@1 53.320 Prec@5 86.870             Loss 1.64659
Epoch [75] Testing Class Recall: [0.798,0.728,0.627,0.677,0.689,0.594,0.192,0.315,0.450,0.262]
Epoch [76] Training Results: Prec@1 78.984 Prec@5 96.971             Loss 0.70965
Epoch [76] Training Class Recall: [0.909,0.966,0.846,0.749,0.685,0.482,0.544,0.317,0.317,0.188]
Epoch [76] Testing Results: Prec@1 51.170 Prec@5 85.970             Loss 2.00903
Epoch [76] Testing Class Recall: [0.783,0.893,0.343,0.213,0.806,0.484,0.146,0.637,0.259,0.553]
Epoch [77] Training Results: Prec@1 78.616 Prec@5 96.925             Loss 0.71755
Epoch [77] Training Class Recall: [0.911,0.963,0.833,0.747,0.682,0.480,0.515,0.327,0.322,0.171]
Epoch [77] Testing Results: Prec@1 52.910 Prec@5 89.470             Loss 1.71060
Epoch [77] Testing Class Recall: [0.925,0.926,0.488,0.564,0.364,0.607,0.396,0.509,0.186,0.326]
Epoch [78] Training Results: Prec@1 78.846 Prec@5 97.190             Loss 0.69508
Epoch [78] Training Class Recall: [0.900,0.956,0.845,0.753,0.696,0.503,0.544,0.333,0.298,0.221]
Epoch [78] Testing Results: Prec@1 50.520 Prec@5 87.420             Loss 1.81773
Epoch [78] Testing Class Recall: [0.822,0.830,0.542,0.424,0.786,0.555,0.381,0.339,0.178,0.195]
Epoch [79] Training Results: Prec@1 78.754 Prec@5 97.179             Loss 0.71168
Epoch [79] Training Class Recall: [0.908,0.957,0.830,0.755,0.702,0.527,0.523,0.311,0.303,0.171]
Epoch [79] Testing Results: Prec@1 51.470 Prec@5 87.060             Loss 1.90853
Epoch [79] Testing Class Recall: [0.798,0.864,0.688,0.677,0.753,0.198,0.324,0.575,0.134,0.136]
Epoch [80] Training Results: Prec@1 79.364 Prec@5 97.340             Loss 0.68379
Epoch [80] Training Class Recall: [0.918,0.961,0.847,0.725,0.719,0.501,0.517,0.378,0.341,0.204]
Epoch [80] Testing Results: Prec@1 50.270 Prec@5 88.690             Loss 1.92025
Epoch [80] Testing Class Recall: [0.676,0.977,0.783,0.340,0.684,0.119,0.609,0.209,0.354,0.276]
Epoch [81] Training Results: Prec@1 79.353 Prec@5 97.340             Loss 0.67938
Epoch [81] Training Class Recall: [0.907,0.961,0.849,0.738,0.711,0.535,0.544,0.359,0.274,0.227]
Epoch [81] Testing Results: Prec@1 50.680 Prec@5 88.170             Loss 1.76758
Epoch [81] Testing Class Recall: [0.510,0.735,0.702,0.641,0.640,0.429,0.553,0.266,0.342,0.250]
Epoch [82] Training Results: Prec@1 79.192 Prec@5 97.432             Loss 0.67424
Epoch [82] Training Class Recall: [0.910,0.958,0.845,0.748,0.676,0.538,0.526,0.356,0.341,0.204]
Epoch [82] Testing Results: Prec@1 50.130 Prec@5 87.710             Loss 1.83032
Epoch [82] Testing Class Recall: [0.791,0.825,0.828,0.323,0.544,0.319,0.697,0.243,0.231,0.212]
Epoch [83] Training Results: Prec@1 79.180 Prec@5 97.801             Loss 0.67734
Epoch [83] Training Class Recall: [0.907,0.962,0.836,0.736,0.690,0.540,0.526,0.375,0.365,0.204]
Epoch [83] Testing Results: Prec@1 47.130 Prec@5 83.720             Loss 2.00722
Epoch [83] Testing Class Recall: [0.807,0.780,0.828,0.437,0.552,0.323,0.170,0.491,0.037,0.288]
Epoch [84] Training Results: Prec@1 79.813 Prec@5 97.513             Loss 0.65557
Epoch [84] Training Class Recall: [0.914,0.957,0.841,0.758,0.713,0.514,0.576,0.397,0.351,0.204]
Epoch [84] Testing Results: Prec@1 45.530 Prec@5 85.300             Loss 2.15468
Epoch [84] Testing Class Recall: [0.699,0.958,0.195,0.239,0.393,0.803,0.193,0.405,0.593,0.075]
Epoch [85] Training Results: Prec@1 79.618 Prec@5 97.374             Loss 0.66768
Epoch [85] Training Class Recall: [0.907,0.960,0.839,0.757,0.701,0.557,0.558,0.375,0.351,0.177]
Epoch [85] Testing Results: Prec@1 42.210 Prec@5 80.540             Loss 2.13637
Epoch [85] Testing Class Recall: [0.775,0.766,0.532,0.353,0.233,0.818,0.277,0.360,0.081,0.026]
Epoch [86] Training Results: Prec@1 79.169 Prec@5 97.524             Loss 0.67634
Epoch [86] Training Class Recall: [0.908,0.954,0.855,0.730,0.711,0.514,0.515,0.337,0.385,0.215]
Epoch [86] Testing Results: Prec@1 54.050 Prec@5 89.050             Loss 1.80889
Epoch [86] Testing Class Recall: [0.377,0.920,0.698,0.263,0.366,0.535,0.576,0.781,0.444,0.445]
Epoch [87] Training Results: Prec@1 79.192 Prec@5 97.501             Loss 0.66538
Epoch [87] Training Class Recall: [0.903,0.962,0.841,0.756,0.675,0.510,0.535,0.388,0.341,0.227]
Epoch [87] Testing Results: Prec@1 52.890 Prec@5 89.350             Loss 1.72369
Epoch [87] Testing Class Recall: [0.872,0.827,0.679,0.494,0.695,0.280,0.655,0.223,0.273,0.291]
Epoch [88] Training Results: Prec@1 81.103 Prec@5 97.950             Loss 0.62477
Epoch [88] Training Class Recall: [0.920,0.966,0.846,0.780,0.739,0.533,0.605,0.407,0.370,0.254]
Epoch [88] Testing Results: Prec@1 50.970 Prec@5 85.760             Loss 1.86050
Epoch [88] Testing Class Recall: [0.775,0.927,0.575,0.395,0.438,0.041,0.821,0.207,0.612,0.306]
Epoch [89] Training Results: Prec@1 79.940 Prec@5 97.651             Loss 0.65436
Epoch [89] Training Class Recall: [0.910,0.964,0.844,0.749,0.708,0.568,0.561,0.385,0.332,0.193]
Epoch [89] Testing Results: Prec@1 56.120 Prec@5 90.460             Loss 1.72870
Epoch [89] Testing Class Recall: [0.842,0.928,0.557,0.721,0.320,0.250,0.455,0.619,0.483,0.437]
Epoch [90] Training Results: Prec@1 79.848 Prec@5 97.881             Loss 0.64400
Epoch [90] Training Class Recall: [0.904,0.959,0.841,0.760,0.708,0.551,0.558,0.381,0.404,0.221]
Epoch [90] Testing Results: Prec@1 49.720 Prec@5 86.600             Loss 1.90473
Epoch [90] Testing Class Recall: [0.621,0.898,0.674,0.333,0.330,0.695,0.823,0.257,0.169,0.172]
Epoch [91] Training Results: Prec@1 80.769 Prec@5 97.858             Loss 0.62412
Epoch [91] Training Class Recall: [0.915,0.960,0.856,0.764,0.729,0.574,0.567,0.378,0.399,0.249]
Epoch [91] Testing Results: Prec@1 55.970 Prec@5 90.670             Loss 1.54254
Epoch [91] Testing Class Recall: [0.667,0.789,0.767,0.439,0.728,0.489,0.156,0.311,0.577,0.674]
Epoch [92] Training Results: Prec@1 81.207 Prec@5 98.042             Loss 0.60725
Epoch [92] Training Class Recall: [0.907,0.963,0.850,0.758,0.740,0.602,0.590,0.439,0.433,0.282]
Epoch [92] Testing Results: Prec@1 52.370 Prec@5 89.440             Loss 1.82261
Epoch [92] Testing Class Recall: [0.676,0.866,0.685,0.471,0.810,0.193,0.487,0.212,0.304,0.533]
Epoch [93] Training Results: Prec@1 80.516 Prec@5 98.181             Loss 0.60894
Epoch [93] Training Class Recall: [0.899,0.957,0.858,0.772,0.733,0.535,0.640,0.410,0.341,0.238]
Epoch [93] Testing Results: Prec@1 52.340 Prec@5 86.960             Loss 1.91001
Epoch [93] Testing Class Recall: [0.827,0.950,0.692,0.427,0.658,0.494,0.521,0.294,0.224,0.147]
Epoch [94] Training Results: Prec@1 81.483 Prec@5 98.088             Loss 0.61207
Epoch [94] Training Class Recall: [0.915,0.956,0.861,0.761,0.772,0.583,0.608,0.433,0.418,0.238]
Epoch [94] Testing Results: Prec@1 46.190 Prec@5 85.560             Loss 2.24789
Epoch [94] Testing Class Recall: [0.603,0.964,0.701,0.800,0.492,0.268,0.380,0.156,0.155,0.100]
Epoch [95] Training Results: Prec@1 81.057 Prec@5 98.077             Loss 0.61134
Epoch [95] Training Class Recall: [0.907,0.963,0.839,0.770,0.737,0.589,0.619,0.413,0.409,0.298]
Epoch [95] Testing Results: Prec@1 51.130 Prec@5 85.260             Loss 2.01972
Epoch [95] Testing Class Recall: [0.824,0.822,0.647,0.443,0.530,0.525,0.223,0.602,0.414,0.083]
Epoch [96] Training Results: Prec@1 81.852 Prec@5 98.284             Loss 0.58130
Epoch [96] Training Class Recall: [0.912,0.965,0.853,0.775,0.746,0.598,0.628,0.462,0.442,0.260]
Epoch [96] Testing Results: Prec@1 49.570 Prec@5 88.080             Loss 2.09373
Epoch [96] Testing Class Recall: [0.702,0.802,0.619,0.798,0.676,0.212,0.323,0.253,0.415,0.157]
Epoch [97] Training Results: Prec@1 82.543 Prec@5 98.307             Loss 0.55789
Epoch [97] Training Class Recall: [0.919,0.968,0.861,0.791,0.749,0.628,0.613,0.417,0.505,0.287]
Epoch [97] Testing Results: Prec@1 54.160 Prec@5 90.270             Loss 1.78587
Epoch [97] Testing Class Recall: [0.813,0.928,0.540,0.553,0.588,0.255,0.613,0.339,0.571,0.216]
Epoch [98] Training Results: Prec@1 80.620 Prec@5 98.088             Loss 0.60841
Epoch [98] Training Class Recall: [0.917,0.961,0.835,0.754,0.722,0.596,0.558,0.426,0.399,0.271]
Epoch [98] Testing Results: Prec@1 50.670 Prec@5 86.290             Loss 1.95154
Epoch [98] Testing Class Recall: [0.650,0.934,0.607,0.423,0.421,0.567,0.409,0.681,0.129,0.246]
Epoch [99] Training Results: Prec@1 82.128 Prec@5 98.365             Loss 0.56449
Epoch [99] Training Class Recall: [0.913,0.960,0.867,0.783,0.749,0.602,0.625,0.452,0.457,0.276]
Epoch [99] Testing Results: Prec@1 48.170 Prec@5 84.440             Loss 2.28560
Epoch [99] Testing Class Recall: [0.838,0.976,0.634,0.553,0.655,0.319,0.335,0.160,0.242,0.105]
Epoch [100] Training Results: Prec@1 82.589 Prec@5 98.457             Loss 0.56984
Epoch [100] Training Class Recall: [0.920,0.966,0.859,0.781,0.743,0.600,0.674,0.462,0.481,0.309]
Epoch [100] Testing Results: Prec@1 47.130 Prec@5 88.030             Loss 2.89008
Epoch [100] Testing Class Recall: [0.718,0.985,0.633,0.616,0.398,0.386,0.340,0.374,0.175,0.088]
Epoch [101] Training Results: Prec@1 82.462 Prec@5 98.538             Loss 0.55627
Epoch [101] Training Class Recall: [0.914,0.963,0.871,0.778,0.764,0.611,0.625,0.471,0.423,0.309]
Epoch [101] Testing Results: Prec@1 44.400 Prec@5 81.930             Loss 2.71377
Epoch [101] Testing Class Recall: [0.667,0.664,0.751,0.697,0.651,0.277,0.103,0.364,0.169,0.097]
Epoch [102] Training Results: Prec@1 82.807 Prec@5 98.296             Loss 0.55645
Epoch [102] Training Class Recall: [0.917,0.964,0.872,0.791,0.772,0.617,0.610,0.471,0.452,0.309]
Epoch [102] Testing Results: Prec@1 54.720 Prec@5 90.600             Loss 1.71161
Epoch [102] Testing Class Recall: [0.807,0.822,0.589,0.425,0.697,0.221,0.670,0.469,0.400,0.372]
Epoch [103] Training Results: Prec@1 82.082 Prec@5 98.330             Loss 0.56537
Epoch [103] Training Class Recall: [0.920,0.966,0.844,0.768,0.752,0.583,0.622,0.474,0.452,0.381]
Epoch [103] Testing Results: Prec@1 45.580 Prec@5 86.230             Loss 2.34630
Epoch [103] Testing Class Recall: [0.858,0.929,0.835,0.445,0.463,0.183,0.359,0.100,0.099,0.287]
Epoch [104] Training Results: Prec@1 83.118 Prec@5 98.802             Loss 0.54805
Epoch [104] Training Class Recall: [0.918,0.961,0.869,0.786,0.763,0.652,0.657,0.455,0.514,0.348]
Epoch [104] Testing Results: Prec@1 52.270 Prec@5 87.860             Loss 1.97701
Epoch [104] Testing Class Recall: [0.659,0.961,0.707,0.651,0.271,0.502,0.531,0.461,0.230,0.254]
Epoch [105] Training Results: Prec@1 82.669 Prec@5 98.457             Loss 0.54663
Epoch [105] Training Class Recall: [0.924,0.964,0.865,0.782,0.758,0.632,0.628,0.455,0.447,0.282]
Epoch [105] Testing Results: Prec@1 51.870 Prec@5 88.070             Loss 1.91296
Epoch [105] Testing Class Recall: [0.832,0.913,0.520,0.277,0.561,0.304,0.443,0.403,0.506,0.428]
Epoch [106] Training Results: Prec@1 83.395 Prec@5 98.802             Loss 0.52490
Epoch [106] Training Class Recall: [0.919,0.972,0.865,0.798,0.760,0.626,0.648,0.500,0.519,0.326]
Epoch [106] Testing Results: Prec@1 52.340 Prec@5 86.790             Loss 2.02728
Epoch [106] Testing Class Recall: [0.673,0.840,0.579,0.646,0.717,0.496,0.139,0.280,0.394,0.470]
Epoch [107] Training Results: Prec@1 83.003 Prec@5 98.825             Loss 0.53135
Epoch [107] Training Class Recall: [0.916,0.958,0.867,0.796,0.755,0.634,0.622,0.500,0.548,0.337]
Epoch [107] Testing Results: Prec@1 48.780 Prec@5 86.710             Loss 2.47687
Epoch [107] Testing Class Recall: [0.641,0.896,0.755,0.524,0.651,0.195,0.171,0.531,0.380,0.134]
Epoch [108] Training Results: Prec@1 83.947 Prec@5 98.630             Loss 0.51420
Epoch [108] Training Class Recall: [0.925,0.967,0.887,0.807,0.761,0.622,0.669,0.510,0.495,0.343]
Epoch [108] Testing Results: Prec@1 51.170 Prec@5 86.770             Loss 1.90014
Epoch [108] Testing Class Recall: [0.734,0.919,0.558,0.566,0.645,0.501,0.135,0.360,0.276,0.423]
Epoch [109] Training Results: Prec@1 82.773 Prec@5 98.768             Loss 0.54713
Epoch [109] Training Class Recall: [0.910,0.959,0.851,0.793,0.786,0.624,0.619,0.519,0.490,0.376]
Epoch [109] Testing Results: Prec@1 55.170 Prec@5 91.310             Loss 1.69426
Epoch [109] Testing Class Recall: [0.712,0.736,0.472,0.708,0.459,0.260,0.652,0.362,0.434,0.722]
Epoch [110] Training Results: Prec@1 82.807 Prec@5 98.791             Loss 0.53306
Epoch [110] Training Class Recall: [0.912,0.961,0.855,0.802,0.766,0.624,0.642,0.468,0.486,0.387]
Epoch [110] Testing Results: Prec@1 50.100 Prec@5 84.870             Loss 2.00057
Epoch [110] Testing Class Recall: [0.670,0.974,0.612,0.602,0.469,0.350,0.602,0.245,0.331,0.155]
Epoch [111] Training Results: Prec@1 83.498 Prec@5 98.906             Loss 0.50702
Epoch [111] Training Class Recall: [0.915,0.964,0.876,0.781,0.771,0.654,0.657,0.522,0.481,0.376]
Epoch [111] Testing Results: Prec@1 45.850 Prec@5 79.920             Loss 3.06292
Epoch [111] Testing Class Recall: [0.925,0.877,0.679,0.597,0.503,0.402,0.088,0.401,0.063,0.050]
Epoch [112] Training Results: Prec@1 84.558 Prec@5 98.722             Loss 0.49111
Epoch [112] Training Class Recall: [0.928,0.966,0.870,0.821,0.771,0.688,0.689,0.529,0.519,0.354]
Epoch [112] Testing Results: Prec@1 54.430 Prec@5 88.960             Loss 2.00690
Epoch [112] Testing Class Recall: [0.846,0.939,0.716,0.432,0.472,0.317,0.483,0.618,0.225,0.395]
Epoch [113] Training Results: Prec@1 83.211 Prec@5 98.825             Loss 0.51677
Epoch [113] Training Class Recall: [0.921,0.960,0.855,0.786,0.763,0.632,0.654,0.535,0.500,0.414]
Epoch [113] Testing Results: Prec@1 45.090 Prec@5 84.650             Loss 2.52528
Epoch [113] Testing Class Recall: [0.580,0.876,0.825,0.578,0.648,0.180,0.319,0.118,0.156,0.229]
Epoch [114] Training Results: Prec@1 85.617 Prec@5 99.182             Loss 0.44927
Epoch [114] Training Class Recall: [0.931,0.967,0.880,0.833,0.809,0.690,0.701,0.561,0.587,0.392]
Epoch [114] Testing Results: Prec@1 50.130 Prec@5 88.000             Loss 2.46313
Epoch [114] Testing Class Recall: [0.711,0.857,0.576,0.579,0.616,0.379,0.247,0.525,0.323,0.200]
Epoch [115] Training Results: Prec@1 83.694 Prec@5 98.918             Loss 0.51144
Epoch [115] Training Class Recall: [0.925,0.963,0.857,0.808,0.760,0.686,0.631,0.506,0.486,0.420]
Epoch [115] Testing Results: Prec@1 51.120 Prec@5 88.190             Loss 2.19298
Epoch [115] Testing Class Recall: [0.752,0.878,0.552,0.756,0.454,0.342,0.508,0.338,0.317,0.215]
Epoch [116] Training Results: Prec@1 84.397 Prec@5 98.952             Loss 0.48138
Epoch [116] Training Class Recall: [0.928,0.964,0.871,0.807,0.769,0.669,0.666,0.529,0.567,0.409]
Epoch [116] Testing Results: Prec@1 47.330 Prec@5 85.890             Loss 2.59840
Epoch [116] Testing Class Recall: [0.763,0.985,0.652,0.634,0.659,0.144,0.243,0.341,0.201,0.111]
Epoch [117] Training Results: Prec@1 85.295 Prec@5 99.033             Loss 0.46662
Epoch [117] Training Class Recall: [0.929,0.967,0.878,0.834,0.807,0.658,0.657,0.561,0.562,0.464]
Epoch [117] Testing Results: Prec@1 52.920 Prec@5 89.930             Loss 2.01478
Epoch [117] Testing Class Recall: [0.831,0.935,0.716,0.506,0.627,0.423,0.330,0.163,0.473,0.288]
Epoch [118] Training Results: Prec@1 84.120 Prec@5 99.067             Loss 0.48837
Epoch [118] Training Class Recall: [0.910,0.965,0.859,0.811,0.778,0.671,0.701,0.538,0.543,0.436]
Epoch [118] Testing Results: Prec@1 52.120 Prec@5 88.570             Loss 2.12362
Epoch [118] Testing Class Recall: [0.884,0.900,0.341,0.647,0.454,0.403,0.654,0.464,0.266,0.199]
Epoch [119] Training Results: Prec@1 84.535 Prec@5 99.113             Loss 0.47207
Epoch [119] Training Class Recall: [0.925,0.967,0.869,0.807,0.772,0.675,0.683,0.548,0.562,0.409]
Epoch [119] Testing Results: Prec@1 49.680 Prec@5 87.510             Loss 2.39843
Epoch [119] Testing Class Recall: [0.676,0.929,0.643,0.644,0.486,0.207,0.293,0.060,0.515,0.515]
Epoch [120] Training Results: Prec@1 84.938 Prec@5 99.148             Loss 0.46902
Epoch [120] Training Class Recall: [0.921,0.970,0.882,0.817,0.807,0.675,0.680,0.532,0.481,0.442]
Epoch [120] Testing Results: Prec@1 51.250 Prec@5 86.650             Loss 2.43131
Epoch [120] Testing Class Recall: [0.667,0.912,0.427,0.602,0.787,0.475,0.396,0.390,0.351,0.118]
Epoch [121] Training Results: Prec@1 84.731 Prec@5 99.033             Loss 0.46416
Epoch [121] Training Class Recall: [0.924,0.962,0.870,0.817,0.781,0.680,0.695,0.564,0.543,0.436]
Epoch [121] Testing Results: Prec@1 47.320 Prec@5 85.810             Loss 2.50502
Epoch [121] Testing Class Recall: [0.688,0.954,0.479,0.440,0.218,0.752,0.308,0.529,0.268,0.096]
Epoch [122] Training Results: Prec@1 84.466 Prec@5 98.941             Loss 0.47573
Epoch [122] Training Class Recall: [0.927,0.965,0.874,0.798,0.784,0.658,0.663,0.513,0.596,0.448]
Epoch [122] Testing Results: Prec@1 47.350 Prec@5 87.050             Loss 2.66616
Epoch [122] Testing Class Recall: [0.855,0.956,0.412,0.793,0.498,0.188,0.197,0.230,0.340,0.266]
Epoch [123] Training Results: Prec@1 84.604 Prec@5 99.240             Loss 0.46618
Epoch [123] Training Class Recall: [0.919,0.966,0.865,0.810,0.784,0.643,0.672,0.554,0.635,0.508]
Epoch [123] Testing Results: Prec@1 46.200 Prec@5 87.620             Loss 3.00462
Epoch [123] Testing Class Recall: [0.931,0.663,0.394,0.417,0.411,0.536,0.551,0.179,0.140,0.398]
Epoch [124] Training Results: Prec@1 85.848 Prec@5 99.332             Loss 0.43103
Epoch [124] Training Class Recall: [0.926,0.965,0.884,0.833,0.828,0.701,0.689,0.538,0.606,0.475]
Epoch [124] Testing Results: Prec@1 49.240 Prec@5 84.770             Loss 2.66165
Epoch [124] Testing Class Recall: [0.747,0.951,0.501,0.561,0.724,0.373,0.454,0.224,0.362,0.027]
Epoch [125] Training Results: Prec@1 85.306 Prec@5 99.171             Loss 0.44846
Epoch [125] Training Class Recall: [0.926,0.966,0.872,0.828,0.801,0.667,0.692,0.545,0.644,0.459]
Epoch [125] Testing Results: Prec@1 50.270 Prec@5 87.100             Loss 2.18299
Epoch [125] Testing Class Recall: [0.626,0.933,0.608,0.626,0.575,0.556,0.404,0.220,0.328,0.151]
Epoch [126] Training Results: Prec@1 85.571 Prec@5 99.275             Loss 0.43738
Epoch [126] Training Class Recall: [0.926,0.972,0.885,0.813,0.821,0.690,0.680,0.554,0.543,0.481]
Epoch [126] Testing Results: Prec@1 53.540 Prec@5 87.830             Loss 2.15641
Epoch [126] Testing Class Recall: [0.748,0.901,0.495,0.474,0.510,0.409,0.752,0.512,0.507,0.046]
Epoch [127] Training Results: Prec@1 85.502 Prec@5 99.240             Loss 0.44486
Epoch [127] Training Class Recall: [0.926,0.966,0.878,0.826,0.778,0.720,0.721,0.532,0.615,0.453]
Epoch [127] Testing Results: Prec@1 51.410 Prec@5 85.390             Loss 2.59518
Epoch [127] Testing Class Recall: [0.795,0.868,0.413,0.713,0.680,0.482,0.469,0.384,0.323,0.014]
Epoch [128] Training Results: Prec@1 86.320 Prec@5 99.263             Loss 0.41977
Epoch [128] Training Class Recall: [0.934,0.967,0.882,0.822,0.816,0.682,0.762,0.580,0.639,0.514]
Epoch [128] Testing Results: Prec@1 53.550 Prec@5 88.750             Loss 2.11958
Epoch [128] Testing Class Recall: [0.716,0.892,0.573,0.644,0.639,0.347,0.273,0.527,0.330,0.414]
Epoch [129] Training Results: Prec@1 85.318 Prec@5 99.298             Loss 0.45276
Epoch [129] Training Class Recall: [0.921,0.962,0.886,0.825,0.769,0.714,0.701,0.577,0.562,0.475]
Epoch [129] Testing Results: Prec@1 45.390 Prec@5 83.110             Loss 2.64661
Epoch [129] Testing Class Recall: [0.855,0.783,0.450,0.733,0.789,0.077,0.380,0.228,0.105,0.139]
Epoch [130] Training Results: Prec@1 85.951 Prec@5 99.286             Loss 0.43891
Epoch [130] Training Class Recall: [0.928,0.969,0.887,0.822,0.805,0.712,0.698,0.567,0.601,0.481]
Epoch [130] Testing Results: Prec@1 50.730 Prec@5 88.370             Loss 2.11036
Epoch [130] Testing Class Recall: [0.860,0.902,0.474,0.502,0.448,0.259,0.311,0.689,0.294,0.334]
Epoch [131] Training Results: Prec@1 87.391 Prec@5 99.390             Loss 0.38613
Epoch [131] Training Class Recall: [0.931,0.973,0.895,0.836,0.825,0.744,0.765,0.603,0.673,0.525]
Epoch [131] Testing Results: Prec@1 44.750 Prec@5 82.830             Loss 3.23006
Epoch [131] Testing Class Recall: [0.783,0.908,0.679,0.773,0.259,0.178,0.201,0.498,0.070,0.126]
Epoch [132] Training Results: Prec@1 86.435 Prec@5 99.344             Loss 0.42195
Epoch [132] Training Class Recall: [0.930,0.962,0.895,0.830,0.819,0.710,0.765,0.590,0.587,0.492]
Epoch [132] Testing Results: Prec@1 49.220 Prec@5 86.820             Loss 2.28687
Epoch [132] Testing Class Recall: [0.559,0.813,0.441,0.656,0.550,0.311,0.449,0.694,0.321,0.128]
Epoch [133] Training Results: Prec@1 85.951 Prec@5 99.378             Loss 0.42641
Epoch [133] Training Class Recall: [0.922,0.967,0.877,0.843,0.792,0.723,0.741,0.599,0.562,0.470]
Epoch [133] Testing Results: Prec@1 48.490 Prec@5 86.930             Loss 2.61624
Epoch [133] Testing Class Recall: [0.852,0.863,0.768,0.419,0.542,0.310,0.357,0.307,0.264,0.167]
Epoch [134] Training Results: Prec@1 87.068 Prec@5 99.470             Loss 0.39938
Epoch [134] Training Class Recall: [0.926,0.967,0.885,0.815,0.837,0.746,0.779,0.657,0.620,0.586]
Epoch [134] Testing Results: Prec@1 47.170 Prec@5 84.340             Loss 2.81917
Epoch [134] Testing Class Recall: [0.744,0.964,0.692,0.488,0.719,0.141,0.347,0.080,0.415,0.127]
Epoch [135] Training Results: Prec@1 86.274 Prec@5 99.355             Loss 0.41785
Epoch [135] Training Class Recall: [0.923,0.969,0.888,0.824,0.780,0.716,0.753,0.612,0.663,0.497]
Epoch [135] Testing Results: Prec@1 46.550 Prec@5 85.140             Loss 2.98106
Epoch [135] Testing Class Recall: [0.642,0.854,0.844,0.315,0.629,0.373,0.452,0.133,0.347,0.066]
Epoch [136] Training Results: Prec@1 86.619 Prec@5 99.424             Loss 0.41365
Epoch [136] Training Class Recall: [0.931,0.966,0.887,0.833,0.824,0.690,0.741,0.622,0.644,0.514]
Epoch [136] Testing Results: Prec@1 52.520 Prec@5 87.840             Loss 2.26259
Epoch [136] Testing Class Recall: [0.718,0.876,0.479,0.645,0.386,0.530,0.184,0.547,0.337,0.550]
Epoch [137] Training Results: Prec@1 86.389 Prec@5 99.240             Loss 0.41244
Epoch [137] Training Class Recall: [0.918,0.967,0.881,0.843,0.812,0.718,0.730,0.619,0.673,0.492]
Epoch [137] Testing Results: Prec@1 49.650 Prec@5 84.000             Loss 2.69515
Epoch [137] Testing Class Recall: [0.830,0.967,0.614,0.729,0.466,0.378,0.404,0.426,0.100,0.051]
Epoch [138] Training Results: Prec@1 86.769 Prec@5 99.355             Loss 0.40179
Epoch [138] Training Class Recall: [0.924,0.967,0.886,0.825,0.813,0.723,0.776,0.615,0.659,0.575]
Epoch [138] Testing Results: Prec@1 39.510 Prec@5 80.620             Loss 3.69316
Epoch [138] Testing Class Recall: [0.603,0.696,0.666,0.271,0.231,0.819,0.122,0.340,0.133,0.070]
Epoch [139] Training Results: Prec@1 86.815 Prec@5 99.505             Loss 0.40476
Epoch [139] Training Class Recall: [0.934,0.969,0.881,0.838,0.816,0.733,0.744,0.615,0.625,0.514]
Epoch [139] Testing Results: Prec@1 47.020 Prec@5 84.880             Loss 2.76320
Epoch [139] Testing Class Recall: [0.768,0.979,0.524,0.366,0.487,0.162,0.603,0.453,0.253,0.107]
Epoch [140] Training Results: Prec@1 86.435 Prec@5 99.447             Loss 0.40907
Epoch [140] Training Class Recall: [0.927,0.967,0.889,0.824,0.828,0.708,0.735,0.580,0.644,0.514]
Epoch [140] Testing Results: Prec@1 52.290 Prec@5 88.940             Loss 2.20872
Epoch [140] Testing Class Recall: [0.645,0.852,0.384,0.367,0.690,0.503,0.527,0.506,0.580,0.175]
Epoch [141] Training Results: Prec@1 87.414 Prec@5 99.620             Loss 0.38023
Epoch [141] Training Class Recall: [0.938,0.966,0.883,0.841,0.833,0.735,0.776,0.612,0.673,0.580]
Epoch [141] Testing Results: Prec@1 43.010 Prec@5 85.330             Loss 2.97306
Epoch [141] Testing Class Recall: [0.539,0.631,0.880,0.360,0.623,0.220,0.294,0.363,0.111,0.280]
Epoch [142] Training Results: Prec@1 86.803 Prec@5 99.367             Loss 0.40030
Epoch [142] Training Class Recall: [0.921,0.971,0.889,0.836,0.828,0.751,0.718,0.571,0.688,0.525]
Epoch [142] Testing Results: Prec@1 41.670 Prec@5 82.260             Loss 3.54703
Epoch [142] Testing Class Recall: [0.564,0.842,0.855,0.438,0.508,0.288,0.124,0.289,0.199,0.060]
Epoch [143] Training Results: Prec@1 88.231 Prec@5 99.551             Loss 0.36951
Epoch [143] Training Class Recall: [0.940,0.969,0.893,0.855,0.828,0.798,0.753,0.663,0.654,0.591]
Epoch [143] Testing Results: Prec@1 52.950 Prec@5 88.590             Loss 2.23887
Epoch [143] Testing Class Recall: [0.844,0.843,0.425,0.605,0.502,0.302,0.537,0.546,0.301,0.390]
Epoch [144] Training Results: Prec@1 87.034 Prec@5 99.493             Loss 0.38990
Epoch [144] Training Class Recall: [0.927,0.964,0.889,0.835,0.839,0.746,0.770,0.577,0.649,0.575]
Epoch [144] Testing Results: Prec@1 47.790 Prec@5 86.450             Loss 2.41876
Epoch [144] Testing Class Recall: [0.867,0.867,0.519,0.474,0.369,0.238,0.496,0.369,0.373,0.207]
Epoch [145] Training Results: Prec@1 87.298 Prec@5 99.551             Loss 0.37559
Epoch [145] Training Class Recall: [0.931,0.970,0.880,0.845,0.821,0.742,0.750,0.651,0.649,0.580]
Epoch [145] Testing Results: Prec@1 50.030 Prec@5 87.740             Loss 2.47148
Epoch [145] Testing Class Recall: [0.765,0.855,0.798,0.479,0.500,0.374,0.264,0.159,0.492,0.317]
Epoch [146] Training Results: Prec@1 86.492 Prec@5 99.447             Loss 0.41081
Epoch [146] Training Class Recall: [0.934,0.967,0.873,0.832,0.801,0.714,0.721,0.644,0.678,0.525]
Epoch [146] Testing Results: Prec@1 48.210 Prec@5 87.730             Loss 2.60385
Epoch [146] Testing Class Recall: [0.627,0.938,0.798,0.434,0.577,0.255,0.369,0.209,0.406,0.208]
Epoch [147] Training Results: Prec@1 87.252 Prec@5 99.482             Loss 0.38355
Epoch [147] Training Class Recall: [0.928,0.964,0.882,0.833,0.839,0.731,0.788,0.625,0.692,0.613]
Epoch [147] Testing Results: Prec@1 49.770 Prec@5 86.590             Loss 2.59870
Epoch [147] Testing Class Recall: [0.641,0.895,0.827,0.322,0.695,0.231,0.335,0.426,0.524,0.081]
Epoch [148] Training Results: Prec@1 87.713 Prec@5 99.632             Loss 0.36903
Epoch [148] Training Class Recall: [0.932,0.964,0.886,0.860,0.831,0.759,0.750,0.663,0.707,0.547]
Epoch [148] Testing Results: Prec@1 54.080 Prec@5 88.440             Loss 2.22353
Epoch [148] Testing Class Recall: [0.776,0.961,0.647,0.331,0.593,0.654,0.565,0.379,0.178,0.324]
Epoch [149] Training Results: Prec@1 87.368 Prec@5 99.390             Loss 0.38133
Epoch [149] Training Class Recall: [0.922,0.972,0.885,0.848,0.810,0.751,0.727,0.689,0.649,0.635]
Epoch [149] Testing Results: Prec@1 43.570 Prec@5 80.100             Loss 3.41879
Epoch [149] Testing Class Recall: [0.804,0.968,0.599,0.387,0.564,0.452,0.169,0.255,0.127,0.032]
Epoch [150] Training Results: Prec@1 88.047 Prec@5 99.493             Loss 0.35742
Epoch [150] Training Class Recall: [0.935,0.975,0.893,0.850,0.831,0.763,0.727,0.641,0.740,0.575]
Epoch [150] Testing Results: Prec@1 44.890 Prec@5 80.750             Loss 2.93210
Epoch [150] Testing Class Recall: [0.661,0.935,0.672,0.514,0.629,0.371,0.260,0.187,0.236,0.024]
Epoch [151] Training Results: Prec@1 87.471 Prec@5 99.505             Loss 0.38556
Epoch [151] Training Class Recall: [0.920,0.968,0.897,0.843,0.827,0.748,0.750,0.670,0.702,0.552]
Epoch [151] Testing Results: Prec@1 44.800 Prec@5 82.750             Loss 3.09621
Epoch [151] Testing Class Recall: [0.828,0.899,0.477,0.543,0.343,0.660,0.130,0.213,0.194,0.193]
Epoch [152] Training Results: Prec@1 87.782 Prec@5 99.608             Loss 0.36233
Epoch [152] Training Class Recall: [0.934,0.970,0.891,0.844,0.836,0.763,0.750,0.625,0.678,0.619]
Epoch [152] Testing Results: Prec@1 47.050 Prec@5 83.620             Loss 3.27422
Epoch [152] Testing Class Recall: [0.781,0.940,0.649,0.720,0.503,0.469,0.258,0.151,0.096,0.138]
Epoch [153] Training Results: Prec@1 87.840 Prec@5 99.781             Loss 0.36028
Epoch [153] Training Class Recall: [0.934,0.969,0.879,0.846,0.845,0.742,0.773,0.625,0.750,0.624]
Epoch [153] Testing Results: Prec@1 54.870 Prec@5 90.210             Loss 2.14428
Epoch [153] Testing Class Recall: [0.719,0.899,0.617,0.525,0.500,0.433,0.402,0.714,0.333,0.345]
Epoch [154] Training Results: Prec@1 88.035 Prec@5 99.632             Loss 0.36206
Epoch [154] Training Class Recall: [0.929,0.972,0.887,0.861,0.819,0.757,0.767,0.676,0.740,0.586]
Epoch [154] Testing Results: Prec@1 52.410 Prec@5 87.280             Loss 2.52254
Epoch [154] Testing Class Recall: [0.796,0.877,0.584,0.592,0.662,0.399,0.482,0.412,0.377,0.060]
Epoch [155] Training Results: Prec@1 88.519 Prec@5 99.655             Loss 0.34963
Epoch [155] Training Class Recall: [0.944,0.972,0.901,0.853,0.836,0.768,0.756,0.657,0.678,0.630]
Epoch [155] Testing Results: Prec@1 46.570 Prec@5 84.500             Loss 2.67689
Epoch [155] Testing Class Recall: [0.753,0.831,0.679,0.577,0.529,0.483,0.418,0.082,0.224,0.081]
Epoch [156] Training Results: Prec@1 87.322 Prec@5 99.551             Loss 0.37800
Epoch [156] Training Class Recall: [0.924,0.966,0.881,0.847,0.833,0.761,0.750,0.644,0.683,0.580]
Epoch [156] Testing Results: Prec@1 45.160 Prec@5 83.760             Loss 2.99429
Epoch [156] Testing Class Recall: [0.702,0.880,0.844,0.541,0.567,0.243,0.274,0.166,0.160,0.139]
Epoch [157] Training Results: Prec@1 88.819 Prec@5 99.608             Loss 0.34842
Epoch [157] Training Class Recall: [0.936,0.975,0.895,0.853,0.839,0.763,0.826,0.692,0.731,0.608]
Epoch [157] Testing Results: Prec@1 48.840 Prec@5 85.870             Loss 2.88216
Epoch [157] Testing Class Recall: [0.886,0.840,0.529,0.327,0.587,0.645,0.325,0.261,0.068,0.416]
Epoch [158] Training Results: Prec@1 88.346 Prec@5 99.632             Loss 0.34739
Epoch [158] Training Class Recall: [0.937,0.971,0.897,0.859,0.824,0.772,0.744,0.660,0.702,0.652]
Epoch [158] Testing Results: Prec@1 53.040 Prec@5 90.250             Loss 2.40655
Epoch [158] Testing Class Recall: [0.752,0.937,0.385,0.356,0.795,0.309,0.600,0.434,0.335,0.401]
Epoch [159] Training Results: Prec@1 89.970 Prec@5 99.793             Loss 0.30592
Epoch [159] Training Class Recall: [0.937,0.976,0.905,0.888,0.842,0.832,0.808,0.715,0.755,0.657]
Epoch [159] Testing Results: Prec@1 53.870 Prec@5 89.280             Loss 2.38896
Epoch [159] Testing Class Recall: [0.864,0.904,0.491,0.441,0.718,0.450,0.475,0.476,0.359,0.209]
Epoch [160] Training Results: Prec@1 90.857 Prec@5 99.827             Loss 0.27745
Epoch [160] Training Class Recall: [0.953,0.978,0.906,0.878,0.884,0.781,0.878,0.760,0.736,0.724]
Epoch [160] Testing Results: Prec@1 54.950 Prec@5 89.330             Loss 2.28298
Epoch [160] Testing Class Recall: [0.807,0.945,0.652,0.595,0.616,0.435,0.538,0.407,0.289,0.211]
Epoch [161] Training Results: Prec@1 92.503 Prec@5 99.862             Loss 0.22518
Epoch [161] Training Class Recall: [0.963,0.981,0.925,0.899,0.889,0.837,0.898,0.804,0.760,0.796]
Epoch [161] Testing Results: Prec@1 55.320 Prec@5 89.600             Loss 2.24334
Epoch [161] Testing Class Recall: [0.820,0.949,0.658,0.594,0.620,0.427,0.531,0.415,0.304,0.214]
Epoch [162] Training Results: Prec@1 93.183 Prec@5 99.896             Loss 0.19630
Epoch [162] Training Class Recall: [0.963,0.985,0.942,0.914,0.929,0.826,0.884,0.811,0.750,0.773]
Epoch [162] Testing Results: Prec@1 55.170 Prec@5 89.380             Loss 2.23632
Epoch [162] Testing Class Recall: [0.818,0.952,0.676,0.596,0.611,0.437,0.516,0.400,0.299,0.212]
Epoch [163] Training Results: Prec@1 94.254 Prec@5 99.896             Loss 0.17774
Epoch [163] Training Class Recall: [0.968,0.988,0.961,0.923,0.916,0.873,0.881,0.846,0.774,0.829]
Epoch [163] Testing Results: Prec@1 55.370 Prec@5 89.400             Loss 2.25247
Epoch [163] Testing Class Recall: [0.832,0.949,0.659,0.589,0.624,0.447,0.514,0.408,0.303,0.212]
Epoch [164] Training Results: Prec@1 94.749 Prec@5 99.954             Loss 0.16290
Epoch [164] Training Class Recall: [0.976,0.989,0.952,0.929,0.942,0.884,0.910,0.824,0.832,0.812]
Epoch [164] Testing Results: Prec@1 55.600 Prec@5 89.520             Loss 2.23225
Epoch [164] Testing Class Recall: [0.812,0.950,0.686,0.598,0.615,0.441,0.523,0.405,0.307,0.223]
Epoch [165] Training Results: Prec@1 95.486 Prec@5 99.965             Loss 0.15160
Epoch [165] Training Class Recall: [0.983,0.988,0.960,0.941,0.929,0.903,0.930,0.862,0.885,0.818]
Epoch [165] Testing Results: Prec@1 55.790 Prec@5 89.620             Loss 2.22208
Epoch [165] Testing Class Recall: [0.820,0.955,0.683,0.611,0.607,0.444,0.518,0.393,0.319,0.229]
Epoch [166] Training Results: Prec@1 95.601 Prec@5 99.942             Loss 0.14346
Epoch [166] Training Class Recall: [0.973,0.986,0.969,0.943,0.951,0.905,0.939,0.859,0.875,0.829]
Epoch [166] Testing Results: Prec@1 55.730 Prec@5 89.530             Loss 2.24208
Epoch [166] Testing Class Recall: [0.812,0.955,0.689,0.630,0.600,0.425,0.510,0.397,0.321,0.234]
Epoch [167] Training Results: Prec@1 95.590 Prec@5 99.942             Loss 0.14419
Epoch [167] Training Class Recall: [0.983,0.989,0.965,0.938,0.938,0.897,0.922,0.856,0.841,0.884]
Epoch [167] Testing Results: Prec@1 56.180 Prec@5 89.700             Loss 2.18991
Epoch [167] Testing Class Recall: [0.824,0.952,0.669,0.596,0.624,0.458,0.525,0.411,0.327,0.232]
Epoch [168] Training Results: Prec@1 96.292 Prec@5 99.988             Loss 0.12611
Epoch [168] Training Class Recall: [0.984,0.992,0.968,0.952,0.938,0.905,0.930,0.894,0.913,0.890]
Epoch [168] Testing Results: Prec@1 56.090 Prec@5 89.480             Loss 2.22717
Epoch [168] Testing Class Recall: [0.818,0.954,0.687,0.626,0.629,0.439,0.500,0.391,0.327,0.238]
Epoch [169] Training Results: Prec@1 95.958 Prec@5 99.954             Loss 0.13175
Epoch [169] Training Class Recall: [0.981,0.990,0.961,0.946,0.956,0.916,0.919,0.862,0.913,0.856]
Epoch [169] Testing Results: Prec@1 56.140 Prec@5 89.640             Loss 2.21860
Epoch [169] Testing Class Recall: [0.820,0.951,0.694,0.606,0.625,0.441,0.516,0.392,0.327,0.242]
Epoch [170] Training Results: Prec@1 96.039 Prec@5 99.954             Loss 0.12728
Epoch [170] Training Class Recall: [0.979,0.990,0.965,0.946,0.953,0.912,0.933,0.869,0.904,0.878]
Epoch [170] Testing Results: Prec@1 56.340 Prec@5 89.480             Loss 2.25635
Epoch [170] Testing Class Recall: [0.828,0.951,0.696,0.626,0.631,0.421,0.514,0.404,0.328,0.235]
Epoch [171] Training Results: Prec@1 96.465 Prec@5 99.965             Loss 0.11705
Epoch [171] Training Class Recall: [0.980,0.992,0.969,0.943,0.953,0.933,0.953,0.913,0.894,0.878]
Epoch [171] Testing Results: Prec@1 56.140 Prec@5 89.230             Loss 2.26804
Epoch [171] Testing Class Recall: [0.827,0.950,0.691,0.622,0.622,0.441,0.503,0.409,0.319,0.230]
Epoch [172] Training Results: Prec@1 96.580 Prec@5 99.988             Loss 0.11498
Epoch [172] Training Class Recall: [0.985,0.990,0.968,0.958,0.957,0.927,0.936,0.885,0.928,0.862]
Epoch [172] Testing Results: Prec@1 56.400 Prec@5 89.450             Loss 2.24469
Epoch [172] Testing Class Recall: [0.829,0.948,0.692,0.621,0.619,0.447,0.509,0.413,0.324,0.238]
Epoch [173] Training Results: Prec@1 96.499 Prec@5 99.965             Loss 0.11668
Epoch [173] Training Class Recall: [0.979,0.991,0.975,0.952,0.957,0.940,0.930,0.885,0.913,0.851]
Epoch [173] Testing Results: Prec@1 56.110 Prec@5 89.280             Loss 2.25631
Epoch [173] Testing Class Recall: [0.830,0.955,0.680,0.632,0.612,0.444,0.506,0.407,0.322,0.223]
Epoch [174] Training Results: Prec@1 96.488 Prec@5 99.977             Loss 0.11710
Epoch [174] Training Class Recall: [0.987,0.990,0.969,0.957,0.950,0.920,0.924,0.904,0.899,0.862]
Epoch [174] Testing Results: Prec@1 56.380 Prec@5 89.510             Loss 2.22581
Epoch [174] Testing Class Recall: [0.830,0.951,0.680,0.604,0.618,0.452,0.515,0.415,0.336,0.237]
Epoch [175] Training Results: Prec@1 97.110 Prec@5 99.954             Loss 0.10734
Epoch [175] Training Class Recall: [0.985,0.990,0.975,0.966,0.957,0.957,0.945,0.888,0.952,0.895]
Epoch [175] Testing Results: Prec@1 56.220 Prec@5 89.340             Loss 2.26165
Epoch [175] Testing Class Recall: [0.820,0.950,0.699,0.618,0.640,0.430,0.517,0.391,0.322,0.235]
Epoch [176] Training Results: Prec@1 96.914 Prec@5 99.965             Loss 0.10604
Epoch [176] Training Class Recall: [0.991,0.994,0.971,0.959,0.954,0.938,0.930,0.920,0.894,0.862]
Epoch [176] Testing Results: Prec@1 56.340 Prec@5 89.340             Loss 2.24230
Epoch [176] Testing Class Recall: [0.826,0.950,0.687,0.613,0.629,0.443,0.506,0.406,0.333,0.241]
Epoch [177] Training Results: Prec@1 96.730 Prec@5 99.954             Loss 0.10874
Epoch [177] Training Class Recall: [0.984,0.993,0.975,0.956,0.957,0.931,0.930,0.885,0.894,0.906]
Epoch [177] Testing Results: Prec@1 56.500 Prec@5 89.500             Loss 2.24000
Epoch [177] Testing Class Recall: [0.824,0.949,0.686,0.625,0.633,0.437,0.512,0.399,0.327,0.258]
Epoch [178] Training Results: Prec@1 97.029 Prec@5 99.965             Loss 0.10471
Epoch [178] Training Class Recall: [0.989,0.992,0.979,0.961,0.947,0.935,0.953,0.904,0.918,0.867]
Epoch [178] Testing Results: Prec@1 56.670 Prec@5 89.510             Loss 2.24315
Epoch [178] Testing Class Recall: [0.818,0.949,0.682,0.628,0.625,0.441,0.514,0.428,0.327,0.255]
Epoch [179] Training Results: Prec@1 97.317 Prec@5 100.000             Loss 0.09900
Epoch [179] Training Class Recall: [0.985,0.992,0.984,0.969,0.965,0.940,0.951,0.901,0.933,0.890]
Epoch [179] Testing Results: Prec@1 56.160 Prec@5 89.420             Loss 2.26947
Epoch [179] Testing Class Recall: [0.826,0.951,0.685,0.607,0.644,0.442,0.488,0.410,0.319,0.244]
Epoch [180] Training Results: Prec@1 97.121 Prec@5 99.965             Loss 0.10085
Epoch [180] Training Class Recall: [0.985,0.992,0.978,0.955,0.965,0.946,0.956,0.897,0.928,0.895]
Epoch [180] Testing Results: Prec@1 56.470 Prec@5 89.460             Loss 2.24261
Epoch [180] Testing Class Recall: [0.828,0.949,0.672,0.610,0.643,0.447,0.517,0.395,0.342,0.244]
Epoch [181] Training Results: Prec@1 97.271 Prec@5 99.988             Loss 0.09826
Epoch [181] Training Class Recall: [0.987,0.993,0.975,0.965,0.959,0.944,0.939,0.942,0.923,0.895]
Epoch [181] Testing Results: Prec@1 56.400 Prec@5 89.450             Loss 2.26001
Epoch [181] Testing Class Recall: [0.820,0.950,0.707,0.605,0.621,0.450,0.511,0.410,0.324,0.242]
Epoch [182] Training Results: Prec@1 97.259 Prec@5 99.988             Loss 0.10088
Epoch [182] Training Class Recall: [0.991,0.990,0.980,0.965,0.959,0.944,0.951,0.875,0.947,0.906]
Epoch [182] Testing Results: Prec@1 56.140 Prec@5 89.350             Loss 2.27039
Epoch [182] Testing Class Recall: [0.827,0.949,0.681,0.613,0.635,0.449,0.509,0.393,0.322,0.236]
Epoch [183] Training Results: Prec@1 97.144 Prec@5 99.988             Loss 0.10204
Epoch [183] Training Class Recall: [0.988,0.992,0.975,0.962,0.953,0.938,0.953,0.917,0.938,0.890]
Epoch [183] Testing Results: Prec@1 56.570 Prec@5 89.530             Loss 2.24993
Epoch [183] Testing Class Recall: [0.820,0.948,0.694,0.619,0.639,0.434,0.511,0.399,0.328,0.265]
Epoch [184] Training Results: Prec@1 97.328 Prec@5 99.988             Loss 0.09944
Epoch [184] Training Class Recall: [0.989,0.994,0.979,0.965,0.967,0.935,0.942,0.897,0.952,0.890]
Epoch [184] Testing Results: Prec@1 56.380 Prec@5 89.440             Loss 2.28112
Epoch [184] Testing Class Recall: [0.825,0.949,0.705,0.643,0.624,0.428,0.497,0.399,0.329,0.239]
Epoch [185] Training Results: Prec@1 97.167 Prec@5 99.954             Loss 0.09950
Epoch [185] Training Class Recall: [0.983,0.991,0.975,0.961,0.976,0.944,0.959,0.894,0.928,0.917]
Epoch [185] Testing Results: Prec@1 56.430 Prec@5 89.530             Loss 2.26413
Epoch [185] Testing Class Recall: [0.832,0.948,0.685,0.617,0.635,0.438,0.507,0.399,0.324,0.258]
Epoch [186] Training Results: Prec@1 97.110 Prec@5 99.977             Loss 0.09852
Epoch [186] Training Class Recall: [0.984,0.991,0.973,0.959,0.968,0.955,0.959,0.913,0.904,0.895]
Epoch [186] Testing Results: Prec@1 56.340 Prec@5 89.330             Loss 2.26592
Epoch [186] Testing Class Recall: [0.818,0.949,0.691,0.617,0.645,0.447,0.504,0.404,0.323,0.236]
Epoch [187] Training Results: Prec@1 97.294 Prec@5 99.988             Loss 0.09476
Epoch [187] Training Class Recall: [0.988,0.989,0.973,0.961,0.962,0.957,0.953,0.923,0.928,0.928]
Epoch [187] Testing Results: Prec@1 56.370 Prec@5 89.430             Loss 2.25255
Epoch [187] Testing Class Recall: [0.819,0.951,0.691,0.612,0.636,0.447,0.506,0.406,0.327,0.242]
Epoch [188] Training Results: Prec@1 97.374 Prec@5 99.988             Loss 0.09423
Epoch [188] Training Class Recall: [0.987,0.991,0.977,0.964,0.970,0.957,0.948,0.917,0.918,0.923]
Epoch [188] Testing Results: Prec@1 56.480 Prec@5 89.430             Loss 2.23802
Epoch [188] Testing Class Recall: [0.828,0.949,0.692,0.616,0.632,0.425,0.509,0.409,0.333,0.255]
Epoch [189] Training Results: Prec@1 97.363 Prec@5 99.942             Loss 0.09961
Epoch [189] Training Class Recall: [0.990,0.993,0.982,0.961,0.964,0.933,0.948,0.926,0.938,0.890]
Epoch [189] Testing Results: Prec@1 56.460 Prec@5 89.370             Loss 2.26817
Epoch [189] Testing Class Recall: [0.831,0.948,0.680,0.622,0.632,0.457,0.513,0.399,0.315,0.249]
Epoch [190] Training Results: Prec@1 97.421 Prec@5 100.000             Loss 0.09720
Epoch [190] Training Class Recall: [0.991,0.992,0.979,0.959,0.962,0.940,0.965,0.926,0.957,0.884]
Epoch [190] Testing Results: Prec@1 56.430 Prec@5 89.390             Loss 2.28361
Epoch [190] Testing Class Recall: [0.832,0.950,0.709,0.614,0.639,0.433,0.505,0.395,0.321,0.245]
Epoch [191] Training Results: Prec@1 96.983 Prec@5 99.977             Loss 0.10151
Epoch [191] Training Class Recall: [0.983,0.992,0.971,0.953,0.967,0.944,0.959,0.917,0.928,0.878]
Epoch [191] Testing Results: Prec@1 56.530 Prec@5 89.550             Loss 2.24507
Epoch [191] Testing Class Recall: [0.821,0.950,0.691,0.607,0.643,0.455,0.506,0.396,0.328,0.256]
Epoch [192] Training Results: Prec@1 97.144 Prec@5 99.977             Loss 0.10313
Epoch [192] Training Class Recall: [0.986,0.993,0.973,0.953,0.965,0.957,0.942,0.917,0.938,0.906]
Epoch [192] Testing Results: Prec@1 56.110 Prec@5 89.400             Loss 2.24673
Epoch [192] Testing Class Recall: [0.825,0.950,0.684,0.599,0.636,0.456,0.490,0.400,0.328,0.243]
Epoch [193] Training Results: Prec@1 96.845 Prec@5 99.965             Loss 0.10298
Epoch [193] Training Class Recall: [0.984,0.990,0.974,0.965,0.950,0.944,0.927,0.917,0.928,0.867]
Epoch [193] Testing Results: Prec@1 56.550 Prec@5 89.440             Loss 2.24013
Epoch [193] Testing Class Recall: [0.829,0.951,0.674,0.607,0.624,0.463,0.514,0.422,0.326,0.245]
Epoch [194] Training Results: Prec@1 96.983 Prec@5 99.977             Loss 0.10014
Epoch [194] Training Class Recall: [0.986,0.991,0.969,0.960,0.968,0.942,0.953,0.872,0.957,0.906]
Epoch [194] Testing Results: Prec@1 56.510 Prec@5 89.520             Loss 2.23323
Epoch [194] Testing Class Recall: [0.823,0.953,0.685,0.620,0.616,0.452,0.515,0.413,0.321,0.253]
Epoch [195] Training Results: Prec@1 97.363 Prec@5 100.000             Loss 0.09833
Epoch [195] Training Class Recall: [0.988,0.993,0.984,0.963,0.960,0.944,0.959,0.910,0.938,0.867]
Epoch [195] Testing Results: Prec@1 56.220 Prec@5 89.320             Loss 2.29096
Epoch [195] Testing Class Recall: [0.831,0.953,0.678,0.640,0.633,0.439,0.501,0.391,0.322,0.234]
Epoch [196] Training Results: Prec@1 97.041 Prec@5 99.942             Loss 0.10350
Epoch [196] Training Class Recall: [0.989,0.991,0.978,0.955,0.974,0.944,0.933,0.894,0.904,0.884]
Epoch [196] Testing Results: Prec@1 56.620 Prec@5 89.430             Loss 2.25906
Epoch [196] Testing Class Recall: [0.816,0.948,0.694,0.621,0.648,0.447,0.509,0.407,0.319,0.253]
Epoch [197] Training Results: Prec@1 97.340 Prec@5 99.965             Loss 0.10001
Epoch [197] Training Class Recall: [0.991,0.992,0.976,0.964,0.962,0.946,0.942,0.917,0.957,0.884]
Epoch [197] Testing Results: Prec@1 56.640 Prec@5 89.480             Loss 2.24962
Epoch [197] Testing Class Recall: [0.822,0.948,0.691,0.612,0.644,0.448,0.506,0.405,0.324,0.264]
Epoch [198] Training Results: Prec@1 97.317 Prec@5 99.977             Loss 0.09853
Epoch [198] Training Class Recall: [0.990,0.992,0.973,0.964,0.951,0.972,0.948,0.917,0.942,0.884]
Epoch [198] Testing Results: Prec@1 56.460 Prec@5 89.400             Loss 2.26407
Epoch [198] Testing Class Recall: [0.827,0.949,0.679,0.636,0.633,0.448,0.505,0.401,0.320,0.248]
Epoch [199] Training Results: Prec@1 97.110 Prec@5 99.954             Loss 0.10012
Epoch [199] Training Class Recall: [0.987,0.991,0.975,0.958,0.965,0.931,0.953,0.917,0.928,0.906]
Epoch [199] Testing Results: Prec@1 56.500 Prec@5 89.410             Loss 2.24101
Epoch [199] Testing Class Recall: [0.811,0.950,0.693,0.603,0.635,0.456,0.522,0.402,0.327,0.251]
