Log file: cifar10_lava0.9_randomoversampling_selection_exp0.01_seed42_20260430_142231.log
Run started: 2026-04-30 14:22:31.301428
Dataset: cifar10
Imbalance type: exp, factor: 0.01
Selection method: lava, ratio: 0.9
Strategy: RandomOversampling_Selection, epochs: 200
Seed: 42, rand_number: 0
Augmentation: weak
Noise ratio: 0.25
============================================================

=> Preparing logger and tensorboard writer !
----------------------------------------------------
Class ID   | Original   | Selected   | Keep %  
----------------------------------------------------
0          | 4000       | 3938       |    98.5%
1          | 4000       | 3851       |    96.3%
2          | 4000       | 3842       |    96.0%
3          | 4000       | 3777       |    94.4%
4          | 4000       | 3619       |    90.5%
5          | 4000       | 3542       |    88.5%
6          | 4000       | 3447       |    86.2%
7          | 4000       | 3378       |    84.5%
8          | 4000       | 3279       |    82.0%
9          | 4000       | 3327       |    83.2%
----------------------------------------------------
TOTAL      | 40000      | 36000      |    90.0%
----------------------------------------------------
Epoch [0] Training Results: Prec@1 20.972 Prec@5 67.269             Loss 2.18524
Epoch [0] Training Class Recall: [0.418,0.559,0.217,0.258,0.198,0.070,0.111,0.055,0.070,0.054]
Epoch [0] Testing Results: Prec@1 28.210 Prec@5 79.760             Loss 1.98173
Epoch [0] Testing Class Recall: [0.534,0.231,0.152,0.094,0.169,0.310,0.367,0.558,0.337,0.069]
Epoch [1] Training Results: Prec@1 26.606 Prec@5 73.214             Loss 2.07115
Epoch [1] Training Class Recall: [0.512,0.719,0.262,0.302,0.225,0.130,0.165,0.100,0.056,0.086]
Epoch [1] Testing Results: Prec@1 30.870 Prec@5 80.140             Loss 1.95107
Epoch [1] Testing Class Recall: [0.771,0.864,0.224,0.046,0.287,0.824,0.064,0.003,0.004,0.000]
Epoch [2] Training Results: Prec@1 30.711 Prec@5 76.664             Loss 1.97994
Epoch [2] Training Class Recall: [0.578,0.773,0.326,0.338,0.288,0.191,0.241,0.103,0.038,0.075]
Epoch [2] Testing Results: Prec@1 36.860 Prec@5 84.100             Loss 1.79862
Epoch [2] Testing Class Recall: [0.290,0.242,0.305,0.323,0.467,0.359,0.355,0.049,0.612,0.684]
Epoch [3] Training Results: Prec@1 34.658 Prec@5 79.306             Loss 1.90288
Epoch [3] Training Class Recall: [0.609,0.794,0.400,0.357,0.345,0.234,0.281,0.143,0.066,0.117]
Epoch [3] Testing Results: Prec@1 41.880 Prec@5 85.790             Loss 1.68022
Epoch [3] Testing Class Recall: [0.575,0.850,0.407,0.481,0.109,0.177,0.583,0.682,0.056,0.268]
Epoch [4] Training Results: Prec@1 37.533 Prec@5 80.925             Loss 1.83435
Epoch [4] Training Class Recall: [0.598,0.802,0.434,0.394,0.391,0.258,0.300,0.172,0.120,0.174]
Epoch [4] Testing Results: Prec@1 41.130 Prec@5 80.660             Loss 1.78839
Epoch [4] Testing Class Recall: [0.688,0.760,0.340,0.208,0.491,0.425,0.734,0.106,0.152,0.209]
Epoch [5] Training Results: Prec@1 40.856 Prec@5 83.700             Loss 1.74136
Epoch [5] Training Class Recall: [0.575,0.804,0.457,0.421,0.407,0.313,0.329,0.212,0.199,0.277]
Epoch [5] Testing Results: Prec@1 44.420 Prec@5 85.120             Loss 1.69014
Epoch [5] Testing Class Recall: [0.434,0.830,0.631,0.321,0.501,0.459,0.557,0.091,0.491,0.127]
Epoch [6] Training Results: Prec@1 44.347 Prec@5 85.822             Loss 1.65132
Epoch [6] Training Class Recall: [0.566,0.808,0.482,0.446,0.454,0.348,0.369,0.252,0.276,0.356]
Epoch [6] Testing Results: Prec@1 42.740 Prec@5 82.360             Loss 1.88088
Epoch [6] Testing Class Recall: [0.232,0.868,0.490,0.404,0.532,0.165,0.567,0.130,0.820,0.066]
Epoch [7] Training Results: Prec@1 47.031 Prec@5 87.775             Loss 1.56346
Epoch [7] Training Class Recall: [0.551,0.807,0.477,0.472,0.472,0.372,0.402,0.288,0.354,0.449]
Epoch [7] Testing Results: Prec@1 48.110 Prec@5 86.050             Loss 1.62669
Epoch [7] Testing Class Recall: [0.741,0.729,0.362,0.409,0.285,0.258,0.812,0.544,0.403,0.268]
Epoch [8] Training Results: Prec@1 50.542 Prec@5 89.517             Loss 1.47113
Epoch [8] Training Class Recall: [0.557,0.810,0.483,0.478,0.498,0.418,0.438,0.349,0.436,0.546]
Epoch [8] Testing Results: Prec@1 42.730 Prec@5 83.830             Loss 1.90912
Epoch [8] Testing Class Recall: [0.453,0.685,0.400,0.550,0.705,0.384,0.179,0.236,0.183,0.498]
Epoch [9] Training Results: Prec@1 54.103 Prec@5 91.325             Loss 1.37719
Epoch [9] Training Class Recall: [0.551,0.814,0.517,0.483,0.515,0.444,0.485,0.424,0.531,0.626]
Epoch [9] Testing Results: Prec@1 40.370 Prec@5 82.210             Loss 2.09403
Epoch [9] Testing Class Recall: [0.286,0.779,0.481,0.130,0.359,0.259,0.644,0.476,0.029,0.594]
Epoch [10] Training Results: Prec@1 56.644 Prec@5 92.703             Loss 1.28943
Epoch [10] Training Class Recall: [0.546,0.808,0.517,0.511,0.532,0.483,0.534,0.470,0.586,0.669]
Epoch [10] Testing Results: Prec@1 40.900 Prec@5 81.500             Loss 2.19240
Epoch [10] Testing Class Recall: [0.439,0.751,0.324,0.336,0.358,0.265,0.447,0.241,0.200,0.729]
Epoch [11] Training Results: Prec@1 60.086 Prec@5 93.811             Loss 1.19142
Epoch [11] Training Class Recall: [0.551,0.828,0.531,0.519,0.559,0.520,0.599,0.524,0.659,0.724]
Epoch [11] Testing Results: Prec@1 44.380 Prec@5 85.000             Loss 2.05410
Epoch [11] Testing Class Recall: [0.403,0.721,0.215,0.286,0.794,0.454,0.453,0.492,0.418,0.202]
Epoch [12] Training Results: Prec@1 62.575 Prec@5 94.725             Loss 1.11827
Epoch [12] Training Class Recall: [0.555,0.822,0.546,0.535,0.565,0.555,0.634,0.600,0.714,0.749]
Epoch [12] Testing Results: Prec@1 43.730 Prec@5 83.450             Loss 2.04281
Epoch [12] Testing Class Recall: [0.441,0.690,0.388,0.349,0.646,0.412,0.709,0.283,0.173,0.282]
Epoch [13] Training Results: Prec@1 65.064 Prec@5 95.481             Loss 1.04201
Epoch [13] Training Class Recall: [0.557,0.823,0.568,0.549,0.600,0.595,0.676,0.634,0.738,0.793]
Epoch [13] Testing Results: Prec@1 35.690 Prec@5 74.550             Loss 2.93807
Epoch [13] Testing Class Recall: [0.409,0.900,0.190,0.120,0.366,0.605,0.076,0.162,0.683,0.058]
Epoch [14] Training Results: Prec@1 66.972 Prec@5 96.075             Loss 0.98865
Epoch [14] Training Class Recall: [0.568,0.827,0.570,0.582,0.626,0.609,0.698,0.667,0.778,0.802]
Epoch [14] Testing Results: Prec@1 41.360 Prec@5 81.170             Loss 2.33197
Epoch [14] Testing Class Recall: [0.600,0.751,0.392,0.492,0.307,0.236,0.482,0.222,0.326,0.328]
Epoch [15] Training Results: Prec@1 69.203 Prec@5 96.722             Loss 0.91798
Epoch [15] Training Class Recall: [0.563,0.829,0.611,0.593,0.636,0.653,0.740,0.712,0.797,0.822]
Epoch [15] Testing Results: Prec@1 39.520 Prec@5 79.230             Loss 2.97078
Epoch [15] Testing Class Recall: [0.377,0.849,0.201,0.226,0.163,0.656,0.604,0.605,0.247,0.024]
Epoch [16] Training Results: Prec@1 70.858 Prec@5 97.044             Loss 0.87515
Epoch [16] Training Class Recall: [0.580,0.841,0.623,0.611,0.666,0.668,0.756,0.731,0.816,0.830]
Epoch [16] Testing Results: Prec@1 35.180 Prec@5 74.740             Loss 3.18168
Epoch [16] Testing Class Recall: [0.355,0.920,0.288,0.150,0.123,0.445,0.552,0.509,0.154,0.022]
Epoch [17] Training Results: Prec@1 72.456 Prec@5 97.447             Loss 0.82141
Epoch [17] Training Class Recall: [0.586,0.835,0.625,0.635,0.690,0.689,0.784,0.761,0.829,0.852]
Epoch [17] Testing Results: Prec@1 40.230 Prec@5 77.420             Loss 3.17841
Epoch [17] Testing Class Recall: [0.585,0.718,0.519,0.770,0.242,0.334,0.188,0.460,0.100,0.107]
Epoch [18] Training Results: Prec@1 74.347 Prec@5 97.867             Loss 0.77310
Epoch [18] Training Class Recall: [0.592,0.845,0.648,0.650,0.709,0.724,0.803,0.788,0.845,0.873]
Epoch [18] Testing Results: Prec@1 41.140 Prec@5 79.340             Loss 2.72475
Epoch [18] Testing Class Recall: [0.451,0.874,0.487,0.553,0.321,0.198,0.461,0.288,0.380,0.101]
Epoch [19] Training Results: Prec@1 75.058 Prec@5 98.083             Loss 0.74452
Epoch [19] Training Class Recall: [0.606,0.847,0.650,0.661,0.715,0.743,0.811,0.800,0.850,0.865]
Epoch [19] Testing Results: Prec@1 40.980 Prec@5 81.930             Loss 2.72700
Epoch [19] Testing Class Recall: [0.367,0.637,0.281,0.569,0.383,0.482,0.625,0.133,0.413,0.208]
Epoch [20] Training Results: Prec@1 75.881 Prec@5 98.164             Loss 0.72087
Epoch [20] Training Class Recall: [0.611,0.851,0.664,0.676,0.722,0.757,0.809,0.803,0.863,0.872]
Epoch [20] Testing Results: Prec@1 37.480 Prec@5 76.650             Loss 2.91111
Epoch [20] Testing Class Recall: [0.555,0.579,0.661,0.463,0.103,0.329,0.487,0.287,0.178,0.106]
Epoch [21] Training Results: Prec@1 77.025 Prec@5 98.417             Loss 0.68820
Epoch [21] Training Class Recall: [0.624,0.849,0.671,0.679,0.746,0.771,0.838,0.816,0.873,0.879]
Epoch [21] Testing Results: Prec@1 39.250 Prec@5 79.280             Loss 2.89674
Epoch [21] Testing Class Recall: [0.421,0.578,0.550,0.285,0.573,0.350,0.248,0.493,0.095,0.332]
Epoch [22] Training Results: Prec@1 77.944 Prec@5 98.519             Loss 0.66401
Epoch [22] Training Class Recall: [0.625,0.855,0.684,0.692,0.757,0.786,0.834,0.827,0.886,0.893]
Epoch [22] Testing Results: Prec@1 41.410 Prec@5 75.030             Loss 3.10326
Epoch [22] Testing Class Recall: [0.676,0.833,0.653,0.432,0.209,0.346,0.565,0.173,0.143,0.111]
Epoch [23] Training Results: Prec@1 79.075 Prec@5 98.672             Loss 0.63324
Epoch [23] Training Class Recall: [0.634,0.858,0.700,0.720,0.775,0.784,0.856,0.847,0.883,0.891]
Epoch [23] Testing Results: Prec@1 42.880 Prec@5 77.390             Loss 3.18888
Epoch [23] Testing Class Recall: [0.686,0.826,0.517,0.443,0.460,0.377,0.385,0.398,0.027,0.169]
Epoch [24] Training Results: Prec@1 79.578 Prec@5 98.600             Loss 0.61196
Epoch [24] Training Class Recall: [0.638,0.859,0.711,0.718,0.781,0.818,0.845,0.851,0.881,0.898]
Epoch [24] Testing Results: Prec@1 40.950 Prec@5 79.050             Loss 2.90719
Epoch [24] Testing Class Recall: [0.429,0.912,0.322,0.368,0.728,0.175,0.517,0.273,0.167,0.204]
Epoch [25] Training Results: Prec@1 80.350 Prec@5 98.833             Loss 0.59436
Epoch [25] Training Class Recall: [0.648,0.858,0.715,0.732,0.784,0.818,0.860,0.863,0.887,0.912]
Epoch [25] Testing Results: Prec@1 43.400 Prec@5 82.180             Loss 2.85088
Epoch [25] Testing Class Recall: [0.516,0.695,0.288,0.622,0.402,0.464,0.455,0.368,0.269,0.261]
Epoch [26] Training Results: Prec@1 80.825 Prec@5 98.886             Loss 0.57618
Epoch [26] Training Class Recall: [0.666,0.858,0.709,0.745,0.796,0.830,0.869,0.859,0.891,0.900]
Epoch [26] Testing Results: Prec@1 45.720 Prec@5 85.340             Loss 2.64178
Epoch [26] Testing Class Recall: [0.448,0.805,0.339,0.684,0.514,0.396,0.423,0.297,0.510,0.156]
Epoch [27] Training Results: Prec@1 81.394 Prec@5 98.997             Loss 0.56045
Epoch [27] Training Class Recall: [0.665,0.865,0.723,0.754,0.804,0.833,0.865,0.857,0.896,0.919]
Epoch [27] Testing Results: Prec@1 42.100 Prec@5 79.430             Loss 3.50593
Epoch [27] Testing Class Recall: [0.402,0.761,0.403,0.214,0.466,0.774,0.564,0.388,0.183,0.055]
Epoch [28] Training Results: Prec@1 81.381 Prec@5 98.978             Loss 0.56222
Epoch [28] Training Class Recall: [0.675,0.867,0.727,0.742,0.803,0.832,0.872,0.857,0.898,0.903]
Epoch [28] Testing Results: Prec@1 41.720 Prec@5 78.180             Loss 3.13707
Epoch [28] Testing Class Recall: [0.493,0.901,0.663,0.487,0.360,0.302,0.428,0.186,0.224,0.128]
Epoch [29] Training Results: Prec@1 81.906 Prec@5 99.053             Loss 0.53847
Epoch [29] Training Class Recall: [0.680,0.869,0.742,0.750,0.813,0.837,0.870,0.865,0.896,0.907]
Epoch [29] Testing Results: Prec@1 47.780 Prec@5 83.730             Loss 2.68246
Epoch [29] Testing Class Recall: [0.665,0.878,0.517,0.332,0.461,0.286,0.767,0.406,0.224,0.242]
Epoch [30] Training Results: Prec@1 82.992 Prec@5 99.108             Loss 0.51162
Epoch [30] Training Class Recall: [0.686,0.868,0.749,0.773,0.824,0.845,0.883,0.875,0.909,0.926]
Epoch [30] Testing Results: Prec@1 44.140 Prec@5 82.180             Loss 3.30135
Epoch [30] Testing Class Recall: [0.371,0.853,0.492,0.538,0.632,0.432,0.385,0.136,0.257,0.318]
Epoch [31] Training Results: Prec@1 82.289 Prec@5 99.036             Loss 0.53378
Epoch [31] Training Class Recall: [0.678,0.865,0.751,0.761,0.820,0.839,0.870,0.870,0.908,0.906]
Epoch [31] Testing Results: Prec@1 45.170 Prec@5 82.090             Loss 2.76650
Epoch [31] Testing Class Recall: [0.556,0.718,0.396,0.599,0.540,0.313,0.506,0.110,0.347,0.432]
Epoch [32] Training Results: Prec@1 83.775 Prec@5 99.256             Loss 0.48776
Epoch [32] Training Class Recall: [0.703,0.873,0.764,0.777,0.828,0.860,0.894,0.874,0.916,0.926]
Epoch [32] Testing Results: Prec@1 43.140 Prec@5 79.900             Loss 3.09331
Epoch [32] Testing Class Recall: [0.526,0.842,0.340,0.308,0.641,0.101,0.646,0.429,0.306,0.175]
Epoch [33] Training Results: Prec@1 83.364 Prec@5 99.197             Loss 0.50580
Epoch [33] Training Class Recall: [0.686,0.871,0.749,0.781,0.833,0.857,0.888,0.888,0.905,0.915]
Epoch [33] Testing Results: Prec@1 44.280 Prec@5 79.710             Loss 3.05309
Epoch [33] Testing Class Recall: [0.664,0.804,0.519,0.704,0.462,0.228,0.322,0.312,0.271,0.142]
Epoch [34] Training Results: Prec@1 83.972 Prec@5 99.311             Loss 0.48406
Epoch [34] Training Class Recall: [0.711,0.867,0.761,0.786,0.840,0.854,0.895,0.882,0.915,0.923]
Epoch [34] Testing Results: Prec@1 40.790 Prec@5 78.320             Loss 2.91737
Epoch [34] Testing Class Recall: [0.503,0.932,0.409,0.405,0.210,0.407,0.293,0.504,0.199,0.217]
Epoch [35] Training Results: Prec@1 83.936 Prec@5 99.278             Loss 0.48158
Epoch [35] Training Class Recall: [0.698,0.870,0.763,0.791,0.844,0.867,0.886,0.879,0.917,0.916]
Epoch [35] Testing Results: Prec@1 40.840 Prec@5 79.430             Loss 3.41376
Epoch [35] Testing Class Recall: [0.427,0.795,0.277,0.605,0.329,0.568,0.205,0.450,0.325,0.103]
Epoch [36] Training Results: Prec@1 84.081 Prec@5 99.314             Loss 0.47975
Epoch [36] Training Class Recall: [0.699,0.878,0.768,0.801,0.836,0.865,0.880,0.891,0.910,0.913]
Epoch [36] Testing Results: Prec@1 41.750 Prec@5 81.580             Loss 3.05352
Epoch [36] Testing Class Recall: [0.405,0.762,0.399,0.237,0.720,0.199,0.563,0.309,0.265,0.316]
Epoch [37] Training Results: Prec@1 84.956 Prec@5 99.283             Loss 0.46046
Epoch [37] Training Class Recall: [0.719,0.880,0.782,0.799,0.855,0.862,0.902,0.888,0.913,0.931]
Epoch [37] Testing Results: Prec@1 43.070 Prec@5 76.690             Loss 3.54359
Epoch [37] Testing Class Recall: [0.661,0.930,0.591,0.483,0.328,0.182,0.501,0.308,0.224,0.099]
Epoch [38] Training Results: Prec@1 84.661 Prec@5 99.350             Loss 0.45762
Epoch [38] Training Class Recall: [0.706,0.876,0.778,0.799,0.850,0.858,0.905,0.895,0.916,0.920]
Epoch [38] Testing Results: Prec@1 43.280 Prec@5 82.260             Loss 3.13997
Epoch [38] Testing Class Recall: [0.338,0.784,0.383,0.397,0.610,0.559,0.459,0.263,0.426,0.109]
Epoch [39] Training Results: Prec@1 85.128 Prec@5 99.383             Loss 0.45176
Epoch [39] Training Class Recall: [0.725,0.881,0.780,0.804,0.856,0.874,0.895,0.891,0.914,0.926]
Epoch [39] Testing Results: Prec@1 42.550 Prec@5 79.370             Loss 2.96451
Epoch [39] Testing Class Recall: [0.591,0.798,0.437,0.443,0.597,0.356,0.396,0.300,0.076,0.261]
Epoch [40] Training Results: Prec@1 85.203 Prec@5 99.364             Loss 0.44727
Epoch [40] Training Class Recall: [0.724,0.878,0.778,0.809,0.852,0.873,0.897,0.898,0.916,0.928]
Epoch [40] Testing Results: Prec@1 40.470 Prec@5 74.090             Loss 3.77810
Epoch [40] Testing Class Recall: [0.700,0.917,0.460,0.600,0.378,0.302,0.273,0.200,0.103,0.114]
Epoch [41] Training Results: Prec@1 85.258 Prec@5 99.425             Loss 0.44563
Epoch [41] Training Class Recall: [0.723,0.879,0.775,0.806,0.856,0.879,0.900,0.902,0.921,0.921]
Epoch [41] Testing Results: Prec@1 42.690 Prec@5 80.160             Loss 3.35017
Epoch [41] Testing Class Recall: [0.516,0.738,0.375,0.233,0.727,0.415,0.376,0.525,0.176,0.188]
Epoch [42] Training Results: Prec@1 85.803 Prec@5 99.483             Loss 0.43013
Epoch [42] Training Class Recall: [0.718,0.887,0.784,0.825,0.860,0.881,0.900,0.899,0.923,0.938]
Epoch [42] Testing Results: Prec@1 41.440 Prec@5 75.560             Loss 3.44603
Epoch [42] Testing Class Recall: [0.564,0.772,0.394,0.185,0.559,0.234,0.693,0.469,0.259,0.015]
Epoch [43] Training Results: Prec@1 85.431 Prec@5 99.447             Loss 0.43900
Epoch [43] Training Class Recall: [0.728,0.882,0.785,0.816,0.860,0.874,0.896,0.899,0.914,0.922]
Epoch [43] Testing Results: Prec@1 39.590 Prec@5 81.670             Loss 3.44912
Epoch [43] Testing Class Recall: [0.413,0.553,0.412,0.662,0.641,0.103,0.275,0.298,0.207,0.395]
Epoch [44] Training Results: Prec@1 86.114 Prec@5 99.450             Loss 0.41998
Epoch [44] Training Class Recall: [0.725,0.886,0.792,0.826,0.863,0.880,0.910,0.904,0.923,0.934]
Epoch [44] Testing Results: Prec@1 46.600 Prec@5 81.890             Loss 3.08048
Epoch [44] Testing Class Recall: [0.627,0.943,0.619,0.225,0.350,0.509,0.389,0.510,0.313,0.175]
Epoch [45] Training Results: Prec@1 86.056 Prec@5 99.411             Loss 0.42889
Epoch [45] Training Class Recall: [0.734,0.883,0.795,0.816,0.866,0.877,0.909,0.906,0.924,0.928]
Epoch [45] Testing Results: Prec@1 42.920 Prec@5 81.570             Loss 3.24790
Epoch [45] Testing Class Recall: [0.493,0.690,0.611,0.559,0.255,0.181,0.505,0.548,0.322,0.128]
Epoch [46] Training Results: Prec@1 85.808 Prec@5 99.458             Loss 0.42717
Epoch [46] Training Class Recall: [0.724,0.876,0.797,0.827,0.867,0.881,0.901,0.899,0.916,0.925]
Epoch [46] Testing Results: Prec@1 45.090 Prec@5 81.320             Loss 2.88727
Epoch [46] Testing Class Recall: [0.661,0.908,0.441,0.495,0.250,0.384,0.407,0.512,0.264,0.187]
Epoch [47] Training Results: Prec@1 86.503 Prec@5 99.453             Loss 0.40877
Epoch [47] Training Class Recall: [0.734,0.886,0.799,0.829,0.871,0.887,0.909,0.901,0.931,0.936]
Epoch [47] Testing Results: Prec@1 43.520 Prec@5 78.650             Loss 3.23817
Epoch [47] Testing Class Recall: [0.514,0.774,0.692,0.423,0.624,0.227,0.395,0.114,0.261,0.328]
Epoch [48] Training Results: Prec@1 86.558 Prec@5 99.511             Loss 0.40775
Epoch [48] Training Class Recall: [0.739,0.883,0.800,0.829,0.875,0.888,0.909,0.906,0.922,0.934]
Epoch [48] Testing Results: Prec@1 44.030 Prec@5 78.620             Loss 3.24604
Epoch [48] Testing Class Recall: [0.614,0.860,0.404,0.339,0.483,0.141,0.581,0.373,0.148,0.460]
Epoch [49] Training Results: Prec@1 86.103 Prec@5 99.489             Loss 0.42277
Epoch [49] Training Class Recall: [0.741,0.885,0.792,0.831,0.863,0.883,0.899,0.902,0.918,0.926]
Epoch [49] Testing Results: Prec@1 42.600 Prec@5 80.920             Loss 3.38508
Epoch [49] Testing Class Recall: [0.430,0.750,0.555,0.621,0.354,0.419,0.271,0.283,0.243,0.334]
Epoch [50] Training Results: Prec@1 86.672 Prec@5 99.544             Loss 0.40735
Epoch [50] Training Class Recall: [0.746,0.890,0.799,0.832,0.868,0.888,0.909,0.907,0.929,0.932]
Epoch [50] Testing Results: Prec@1 42.560 Prec@5 77.600             Loss 3.46958
Epoch [50] Testing Class Recall: [0.621,0.801,0.692,0.356,0.452,0.281,0.605,0.240,0.129,0.079]
Epoch [51] Training Results: Prec@1 86.522 Prec@5 99.519             Loss 0.40454
Epoch [51] Training Class Recall: [0.749,0.891,0.795,0.826,0.872,0.887,0.910,0.899,0.918,0.934]
Epoch [51] Testing Results: Prec@1 40.700 Prec@5 75.150             Loss 4.04859
Epoch [51] Testing Class Recall: [0.620,0.886,0.505,0.756,0.289,0.054,0.269,0.296,0.250,0.145]
Epoch [52] Training Results: Prec@1 86.778 Prec@5 99.569             Loss 0.40428
Epoch [52] Training Class Recall: [0.750,0.882,0.803,0.834,0.876,0.899,0.907,0.900,0.924,0.933]
Epoch [52] Testing Results: Prec@1 41.330 Prec@5 77.480             Loss 3.36161
Epoch [52] Testing Class Recall: [0.481,0.733,0.597,0.392,0.756,0.339,0.454,0.111,0.067,0.203]
Epoch [53] Training Results: Prec@1 86.892 Prec@5 99.606             Loss 0.39932
Epoch [53] Training Class Recall: [0.754,0.888,0.805,0.834,0.874,0.890,0.909,0.910,0.924,0.929]
Epoch [53] Testing Results: Prec@1 42.540 Prec@5 82.080             Loss 3.10863
Epoch [53] Testing Class Recall: [0.416,0.726,0.642,0.187,0.480,0.344,0.395,0.309,0.467,0.288]
Epoch [54] Training Results: Prec@1 87.075 Prec@5 99.536             Loss 0.38920
Epoch [54] Training Class Recall: [0.747,0.890,0.812,0.825,0.878,0.899,0.911,0.911,0.934,0.932]
Epoch [54] Testing Results: Prec@1 44.710 Prec@5 85.430             Loss 2.67688
Epoch [54] Testing Class Recall: [0.373,0.462,0.512,0.352,0.394,0.423,0.546,0.508,0.205,0.696]
Epoch [55] Training Results: Prec@1 86.531 Prec@5 99.556             Loss 0.40395
Epoch [55] Training Class Recall: [0.752,0.885,0.795,0.833,0.881,0.880,0.905,0.902,0.915,0.936]
Epoch [55] Testing Results: Prec@1 45.360 Prec@5 82.330             Loss 2.68003
Epoch [55] Testing Class Recall: [0.651,0.789,0.454,0.335,0.684,0.362,0.397,0.365,0.197,0.302]
Epoch [56] Training Results: Prec@1 87.061 Prec@5 99.572             Loss 0.39216
Epoch [56] Training Class Recall: [0.751,0.892,0.815,0.837,0.876,0.889,0.908,0.911,0.922,0.932]
Epoch [56] Testing Results: Prec@1 43.310 Prec@5 78.040             Loss 3.41628
Epoch [56] Testing Class Recall: [0.809,0.836,0.339,0.331,0.287,0.516,0.555,0.386,0.226,0.046]
Epoch [57] Training Results: Prec@1 86.983 Prec@5 99.514             Loss 0.39325
Epoch [57] Training Class Recall: [0.747,0.891,0.811,0.836,0.878,0.889,0.915,0.897,0.927,0.937]
Epoch [57] Testing Results: Prec@1 43.020 Prec@5 80.310             Loss 3.18393
Epoch [57] Testing Class Recall: [0.518,0.765,0.673,0.473,0.299,0.389,0.540,0.269,0.120,0.256]
Epoch [58] Training Results: Prec@1 87.331 Prec@5 99.592             Loss 0.38106
Epoch [58] Training Class Recall: [0.752,0.893,0.815,0.845,0.883,0.895,0.912,0.911,0.926,0.929]
Epoch [58] Testing Results: Prec@1 41.930 Prec@5 77.590             Loss 3.29256
Epoch [58] Testing Class Recall: [0.536,0.881,0.357,0.448,0.771,0.157,0.492,0.227,0.225,0.099]
Epoch [59] Training Results: Prec@1 86.897 Prec@5 99.575             Loss 0.39433
Epoch [59] Training Class Recall: [0.751,0.894,0.806,0.849,0.873,0.895,0.906,0.903,0.915,0.926]
Epoch [59] Testing Results: Prec@1 43.050 Prec@5 78.900             Loss 3.58725
Epoch [59] Testing Class Recall: [0.735,0.658,0.572,0.478,0.536,0.425,0.373,0.264,0.222,0.042]
Epoch [60] Training Results: Prec@1 87.147 Prec@5 99.553             Loss 0.38892
Epoch [60] Training Class Recall: [0.757,0.890,0.807,0.842,0.884,0.899,0.909,0.902,0.920,0.932]
Epoch [60] Testing Results: Prec@1 43.260 Prec@5 82.560             Loss 2.92469
Epoch [60] Testing Class Recall: [0.680,0.754,0.425,0.329,0.390,0.276,0.179,0.498,0.404,0.391]
Epoch [61] Training Results: Prec@1 87.850 Prec@5 99.586             Loss 0.37281
Epoch [61] Training Class Recall: [0.763,0.894,0.814,0.844,0.889,0.900,0.920,0.915,0.933,0.943]
Epoch [61] Testing Results: Prec@1 42.100 Prec@5 78.210             Loss 3.57578
Epoch [61] Testing Class Recall: [0.598,0.836,0.450,0.388,0.585,0.246,0.368,0.311,0.319,0.109]
Epoch [62] Training Results: Prec@1 87.592 Prec@5 99.589             Loss 0.37811
Epoch [62] Training Class Recall: [0.765,0.893,0.817,0.842,0.886,0.891,0.923,0.906,0.930,0.935]
Epoch [62] Testing Results: Prec@1 41.220 Prec@5 78.390             Loss 3.70144
Epoch [62] Testing Class Recall: [0.594,0.810,0.351,0.321,0.793,0.241,0.529,0.123,0.145,0.215]
Epoch [63] Training Results: Prec@1 87.433 Prec@5 99.650             Loss 0.37804
Epoch [63] Training Class Recall: [0.750,0.895,0.813,0.845,0.883,0.897,0.913,0.910,0.928,0.940]
Epoch [63] Testing Results: Prec@1 40.310 Prec@5 78.170             Loss 3.49003
Epoch [63] Testing Class Recall: [0.460,0.844,0.709,0.384,0.277,0.533,0.381,0.103,0.175,0.165]
Epoch [64] Training Results: Prec@1 88.106 Prec@5 99.589             Loss 0.36341
Epoch [64] Training Class Recall: [0.773,0.900,0.820,0.851,0.886,0.905,0.919,0.906,0.936,0.943]
Epoch [64] Testing Results: Prec@1 47.280 Prec@5 83.390             Loss 2.94696
Epoch [64] Testing Class Recall: [0.529,0.803,0.560,0.382,0.467,0.533,0.505,0.423,0.381,0.145]
Epoch [65] Training Results: Prec@1 86.969 Prec@5 99.514             Loss 0.38709
Epoch [65] Training Class Recall: [0.745,0.887,0.818,0.836,0.877,0.891,0.910,0.902,0.929,0.931]
Epoch [65] Testing Results: Prec@1 41.340 Prec@5 78.250             Loss 3.69246
Epoch [65] Testing Class Recall: [0.604,0.704,0.471,0.722,0.546,0.185,0.159,0.190,0.448,0.105]
Epoch [66] Training Results: Prec@1 88.131 Prec@5 99.656             Loss 0.36094
Epoch [66] Training Class Recall: [0.768,0.900,0.823,0.847,0.889,0.904,0.921,0.920,0.932,0.937]
Epoch [66] Testing Results: Prec@1 43.510 Prec@5 81.430             Loss 3.29434
Epoch [66] Testing Class Recall: [0.771,0.773,0.312,0.313,0.438,0.433,0.494,0.307,0.124,0.386]
Epoch [67] Training Results: Prec@1 87.908 Prec@5 99.589             Loss 0.36450
Epoch [67] Training Class Recall: [0.767,0.892,0.823,0.859,0.886,0.897,0.905,0.912,0.937,0.940]
Epoch [67] Testing Results: Prec@1 43.770 Prec@5 82.480             Loss 3.19667
Epoch [67] Testing Class Recall: [0.347,0.804,0.424,0.639,0.670,0.225,0.251,0.253,0.509,0.255]
Epoch [68] Training Results: Prec@1 87.336 Prec@5 99.600             Loss 0.37904
Epoch [68] Training Class Recall: [0.757,0.896,0.815,0.837,0.885,0.888,0.916,0.909,0.926,0.933]
Epoch [68] Testing Results: Prec@1 45.570 Prec@5 80.020             Loss 3.33168
Epoch [68] Testing Class Recall: [0.559,0.887,0.605,0.440,0.755,0.245,0.335,0.233,0.180,0.318]
Epoch [69] Training Results: Prec@1 87.622 Prec@5 99.622             Loss 0.37351
Epoch [69] Training Class Recall: [0.758,0.896,0.819,0.849,0.889,0.892,0.914,0.911,0.927,0.934]
Epoch [69] Testing Results: Prec@1 40.210 Prec@5 78.420             Loss 3.36790
Epoch [69] Testing Class Recall: [0.632,0.645,0.608,0.324,0.336,0.436,0.338,0.415,0.057,0.230]
Epoch [70] Training Results: Prec@1 88.089 Prec@5 99.611             Loss 0.36171
Epoch [70] Training Class Recall: [0.772,0.892,0.829,0.854,0.882,0.909,0.918,0.910,0.930,0.940]
Epoch [70] Testing Results: Prec@1 39.640 Prec@5 73.500             Loss 4.16343
Epoch [70] Testing Class Recall: [0.804,0.897,0.456,0.420,0.460,0.390,0.161,0.239,0.121,0.016]
Epoch [71] Training Results: Prec@1 87.969 Prec@5 99.625             Loss 0.36646
Epoch [71] Training Class Recall: [0.771,0.898,0.825,0.851,0.884,0.901,0.911,0.918,0.930,0.935]
Epoch [71] Testing Results: Prec@1 43.310 Prec@5 81.060             Loss 3.05239
Epoch [71] Testing Class Recall: [0.677,0.822,0.238,0.169,0.604,0.552,0.482,0.377,0.138,0.272]
Epoch [72] Training Results: Prec@1 88.389 Prec@5 99.597             Loss 0.35547
Epoch [72] Training Class Recall: [0.774,0.900,0.833,0.848,0.893,0.900,0.921,0.920,0.938,0.940]
Epoch [72] Testing Results: Prec@1 45.580 Prec@5 82.380             Loss 2.96781
Epoch [72] Testing Class Recall: [0.689,0.861,0.386,0.600,0.335,0.387,0.492,0.396,0.266,0.146]
Epoch [73] Training Results: Prec@1 87.861 Prec@5 99.628             Loss 0.36438
Epoch [73] Training Class Recall: [0.774,0.894,0.824,0.852,0.883,0.899,0.915,0.908,0.931,0.932]
Epoch [73] Testing Results: Prec@1 41.630 Prec@5 77.770             Loss 3.56087
Epoch [73] Testing Class Recall: [0.457,0.951,0.424,0.419,0.583,0.582,0.233,0.358,0.054,0.102]
Epoch [74] Training Results: Prec@1 88.311 Prec@5 99.644             Loss 0.35180
Epoch [74] Training Class Recall: [0.777,0.902,0.837,0.849,0.887,0.896,0.923,0.916,0.933,0.939]
Epoch [74] Testing Results: Prec@1 42.650 Prec@5 81.060             Loss 3.22127
Epoch [74] Testing Class Recall: [0.283,0.812,0.433,0.407,0.568,0.306,0.674,0.483,0.092,0.207]
Epoch [75] Training Results: Prec@1 88.078 Prec@5 99.583             Loss 0.36241
Epoch [75] Training Class Recall: [0.772,0.900,0.826,0.853,0.893,0.898,0.910,0.915,0.929,0.940]
Epoch [75] Testing Results: Prec@1 42.560 Prec@5 79.650             Loss 3.41316
Epoch [75] Testing Class Recall: [0.722,0.733,0.330,0.605,0.628,0.164,0.491,0.295,0.235,0.053]
Epoch [76] Training Results: Prec@1 88.050 Prec@5 99.622             Loss 0.36389
Epoch [76] Training Class Recall: [0.772,0.896,0.832,0.860,0.882,0.894,0.916,0.907,0.938,0.932]
Epoch [76] Testing Results: Prec@1 47.500 Prec@5 81.120             Loss 3.00090
Epoch [76] Testing Class Recall: [0.665,0.878,0.437,0.287,0.633,0.538,0.575,0.475,0.238,0.024]
Epoch [77] Training Results: Prec@1 88.503 Prec@5 99.647             Loss 0.35262
Epoch [77] Training Class Recall: [0.783,0.895,0.834,0.858,0.896,0.903,0.921,0.914,0.934,0.936]
Epoch [77] Testing Results: Prec@1 42.160 Prec@5 77.990             Loss 3.56786
Epoch [77] Testing Class Recall: [0.469,0.810,0.427,0.701,0.626,0.230,0.078,0.140,0.451,0.284]
Epoch [78] Training Results: Prec@1 88.606 Prec@5 99.625             Loss 0.34336
Epoch [78] Training Class Recall: [0.782,0.901,0.839,0.857,0.898,0.901,0.920,0.915,0.929,0.944]
Epoch [78] Testing Results: Prec@1 41.070 Prec@5 78.600             Loss 3.75883
Epoch [78] Testing Class Recall: [0.446,0.786,0.564,0.564,0.452,0.200,0.382,0.343,0.037,0.333]
Epoch [79] Training Results: Prec@1 88.217 Prec@5 99.664             Loss 0.35983
Epoch [79] Training Class Recall: [0.771,0.896,0.825,0.859,0.893,0.895,0.919,0.913,0.936,0.942]
Epoch [79] Testing Results: Prec@1 38.460 Prec@5 76.710             Loss 3.62077
Epoch [79] Testing Class Recall: [0.459,0.941,0.485,0.334,0.412,0.581,0.197,0.168,0.102,0.167]
Epoch [80] Training Results: Prec@1 88.406 Prec@5 99.622             Loss 0.34969
Epoch [80] Training Class Recall: [0.775,0.900,0.833,0.860,0.895,0.896,0.920,0.918,0.933,0.936]
Epoch [80] Testing Results: Prec@1 46.310 Prec@5 83.880             Loss 2.74461
Epoch [80] Testing Class Recall: [0.524,0.887,0.461,0.453,0.496,0.346,0.330,0.422,0.241,0.471]
Epoch [81] Training Results: Prec@1 87.833 Prec@5 99.606             Loss 0.36923
Epoch [81] Training Class Recall: [0.772,0.899,0.826,0.854,0.887,0.890,0.910,0.915,0.929,0.927]
Epoch [81] Testing Results: Prec@1 41.660 Prec@5 76.790             Loss 3.62740
Epoch [81] Testing Class Recall: [0.580,0.948,0.463,0.461,0.329,0.453,0.557,0.154,0.115,0.106]
Epoch [82] Training Results: Prec@1 88.406 Prec@5 99.644             Loss 0.35306
Epoch [82] Training Class Recall: [0.784,0.900,0.831,0.851,0.897,0.900,0.917,0.913,0.939,0.934]
Epoch [82] Testing Results: Prec@1 40.710 Prec@5 79.800             Loss 3.60580
Epoch [82] Testing Class Recall: [0.472,0.720,0.428,0.379,0.463,0.136,0.448,0.515,0.424,0.086]
Epoch [83] Training Results: Prec@1 88.564 Prec@5 99.675             Loss 0.34500
Epoch [83] Training Class Recall: [0.779,0.900,0.827,0.870,0.890,0.903,0.924,0.916,0.929,0.944]
Epoch [83] Testing Results: Prec@1 42.990 Prec@5 78.620             Loss 3.48369
Epoch [83] Testing Class Recall: [0.640,0.867,0.625,0.464,0.404,0.218,0.241,0.541,0.223,0.076]
Epoch [84] Training Results: Prec@1 88.067 Prec@5 99.617             Loss 0.35777
Epoch [84] Training Class Recall: [0.775,0.897,0.831,0.856,0.889,0.898,0.917,0.906,0.933,0.931]
Epoch [84] Testing Results: Prec@1 44.980 Prec@5 82.550             Loss 3.07005
Epoch [84] Testing Class Recall: [0.460,0.821,0.609,0.376,0.471,0.556,0.410,0.268,0.354,0.173]
Epoch [85] Training Results: Prec@1 88.486 Prec@5 99.625             Loss 0.34985
Epoch [85] Training Class Recall: [0.776,0.907,0.837,0.861,0.890,0.898,0.918,0.911,0.940,0.935]
Epoch [85] Testing Results: Prec@1 39.260 Prec@5 76.120             Loss 3.26969
Epoch [85] Testing Class Recall: [0.706,0.770,0.644,0.193,0.499,0.297,0.360,0.194,0.138,0.125]
Epoch [86] Training Results: Prec@1 88.611 Prec@5 99.653             Loss 0.34317
Epoch [86] Training Class Recall: [0.787,0.906,0.834,0.860,0.894,0.899,0.920,0.912,0.934,0.940]
Epoch [86] Testing Results: Prec@1 43.430 Prec@5 79.460             Loss 3.41214
Epoch [86] Testing Class Recall: [0.682,0.828,0.684,0.450,0.350,0.248,0.519,0.294,0.118,0.170]
Epoch [87] Training Results: Prec@1 88.750 Prec@5 99.628             Loss 0.34235
Epoch [87] Training Class Recall: [0.779,0.897,0.842,0.863,0.901,0.904,0.926,0.916,0.938,0.933]
Epoch [87] Testing Results: Prec@1 46.190 Prec@5 82.820             Loss 3.06569
Epoch [87] Testing Class Recall: [0.679,0.798,0.484,0.625,0.449,0.340,0.203,0.502,0.291,0.248]
Epoch [88] Training Results: Prec@1 88.686 Prec@5 99.628             Loss 0.33847
Epoch [88] Training Class Recall: [0.781,0.896,0.845,0.860,0.889,0.907,0.924,0.917,0.934,0.941]
Epoch [88] Testing Results: Prec@1 45.130 Prec@5 82.140             Loss 3.09754
Epoch [88] Testing Class Recall: [0.376,0.837,0.503,0.402,0.370,0.366,0.484,0.592,0.561,0.022]
Epoch [89] Training Results: Prec@1 88.872 Prec@5 99.708             Loss 0.33445
Epoch [89] Training Class Recall: [0.789,0.906,0.832,0.866,0.893,0.909,0.924,0.923,0.937,0.934]
Epoch [89] Testing Results: Prec@1 40.230 Prec@5 76.670             Loss 4.10550
Epoch [89] Testing Class Recall: [0.531,0.811,0.633,0.486,0.464,0.282,0.250,0.209,0.325,0.032]
Epoch [90] Training Results: Prec@1 88.503 Prec@5 99.697             Loss 0.34000
Epoch [90] Training Class Recall: [0.781,0.903,0.832,0.863,0.889,0.901,0.920,0.917,0.936,0.934]
Epoch [90] Testing Results: Prec@1 40.570 Prec@5 77.430             Loss 3.33936
Epoch [90] Testing Class Recall: [0.502,0.938,0.645,0.354,0.388,0.217,0.445,0.355,0.146,0.067]
Epoch [91] Training Results: Prec@1 88.767 Prec@5 99.678             Loss 0.33554
Epoch [91] Training Class Recall: [0.783,0.899,0.838,0.863,0.905,0.903,0.913,0.914,0.941,0.944]
Epoch [91] Testing Results: Prec@1 38.780 Prec@5 82.990             Loss 3.82189
Epoch [91] Testing Class Recall: [0.448,0.625,0.273,0.723,0.345,0.110,0.228,0.571,0.425,0.130]
Epoch [92] Training Results: Prec@1 88.756 Prec@5 99.692             Loss 0.34052
Epoch [92] Training Class Recall: [0.781,0.905,0.835,0.866,0.890,0.906,0.920,0.919,0.937,0.943]
Epoch [92] Testing Results: Prec@1 43.520 Prec@5 81.280             Loss 3.36161
Epoch [92] Testing Class Recall: [0.400,0.834,0.537,0.708,0.527,0.213,0.353,0.320,0.182,0.278]
Epoch [93] Training Results: Prec@1 88.808 Prec@5 99.686             Loss 0.33746
Epoch [93] Training Class Recall: [0.779,0.900,0.839,0.864,0.897,0.906,0.917,0.925,0.935,0.945]
Epoch [93] Testing Results: Prec@1 39.800 Prec@5 75.240             Loss 3.95837
Epoch [93] Testing Class Recall: [0.504,0.849,0.408,0.644,0.454,0.446,0.123,0.288,0.136,0.128]
Epoch [94] Training Results: Prec@1 88.600 Prec@5 99.639             Loss 0.34325
Epoch [94] Training Class Recall: [0.771,0.908,0.837,0.872,0.889,0.908,0.922,0.914,0.931,0.931]
Epoch [94] Testing Results: Prec@1 44.660 Prec@5 82.360             Loss 3.29969
Epoch [94] Testing Class Recall: [0.633,0.820,0.305,0.595,0.391,0.422,0.250,0.625,0.140,0.285]
Epoch [95] Training Results: Prec@1 89.011 Prec@5 99.739             Loss 0.33059
Epoch [95] Training Class Recall: [0.789,0.902,0.839,0.865,0.904,0.903,0.923,0.924,0.934,0.942]
Epoch [95] Testing Results: Prec@1 48.330 Prec@5 83.810             Loss 2.91618
Epoch [95] Testing Class Recall: [0.568,0.878,0.711,0.455,0.446,0.336,0.477,0.519,0.285,0.158]
Epoch [96] Training Results: Prec@1 88.814 Prec@5 99.669             Loss 0.34033
Epoch [96] Training Class Recall: [0.786,0.909,0.842,0.862,0.893,0.907,0.921,0.909,0.934,0.942]
Epoch [96] Testing Results: Prec@1 43.950 Prec@5 78.570             Loss 3.37712
Epoch [96] Testing Class Recall: [0.568,0.794,0.499,0.359,0.526,0.301,0.695,0.475,0.151,0.027]
Epoch [97] Training Results: Prec@1 88.844 Prec@5 99.639             Loss 0.33464
Epoch [97] Training Class Recall: [0.795,0.908,0.840,0.863,0.898,0.897,0.917,0.918,0.932,0.940]
Epoch [97] Testing Results: Prec@1 41.580 Prec@5 81.120             Loss 3.56935
Epoch [97] Testing Class Recall: [0.441,0.786,0.561,0.587,0.552,0.471,0.144,0.289,0.153,0.174]
Epoch [98] Training Results: Prec@1 88.664 Prec@5 99.706             Loss 0.33956
Epoch [98] Training Class Recall: [0.780,0.903,0.832,0.870,0.893,0.897,0.919,0.922,0.934,0.941]
Epoch [98] Testing Results: Prec@1 42.750 Prec@5 79.040             Loss 3.30062
Epoch [98] Testing Class Recall: [0.530,0.799,0.488,0.627,0.512,0.374,0.168,0.323,0.172,0.282]
Epoch [99] Training Results: Prec@1 89.044 Prec@5 99.692             Loss 0.33521
Epoch [99] Training Class Recall: [0.785,0.904,0.847,0.862,0.896,0.909,0.934,0.921,0.937,0.935]
Epoch [99] Testing Results: Prec@1 43.700 Prec@5 83.090             Loss 3.36806
Epoch [99] Testing Class Recall: [0.699,0.578,0.189,0.531,0.675,0.382,0.405,0.329,0.437,0.145]
Epoch [100] Training Results: Prec@1 89.428 Prec@5 99.667             Loss 0.32222
Epoch [100] Training Class Recall: [0.795,0.908,0.850,0.880,0.904,0.907,0.921,0.922,0.939,0.939]
Epoch [100] Testing Results: Prec@1 44.740 Prec@5 81.250             Loss 3.20703
Epoch [100] Testing Class Recall: [0.470,0.916,0.561,0.304,0.346,0.510,0.537,0.558,0.091,0.181]
Epoch [101] Training Results: Prec@1 88.842 Prec@5 99.650             Loss 0.33834
Epoch [101] Training Class Recall: [0.780,0.911,0.842,0.871,0.890,0.905,0.926,0.917,0.927,0.939]
Epoch [101] Testing Results: Prec@1 43.640 Prec@5 82.940             Loss 3.05542
Epoch [101] Testing Class Recall: [0.556,0.677,0.542,0.316,0.529,0.262,0.377,0.286,0.454,0.365]
Epoch [102] Training Results: Prec@1 89.011 Prec@5 99.664             Loss 0.32974
Epoch [102] Training Class Recall: [0.787,0.909,0.839,0.867,0.894,0.911,0.924,0.918,0.937,0.939]
Epoch [102] Testing Results: Prec@1 41.460 Prec@5 79.540             Loss 3.10686
Epoch [102] Testing Class Recall: [0.457,0.791,0.602,0.395,0.584,0.160,0.305,0.405,0.194,0.253]
Epoch [103] Training Results: Prec@1 89.331 Prec@5 99.700             Loss 0.32287
Epoch [103] Training Class Recall: [0.790,0.904,0.848,0.873,0.906,0.910,0.930,0.917,0.938,0.940]
Epoch [103] Testing Results: Prec@1 42.710 Prec@5 81.460             Loss 3.50424
Epoch [103] Testing Class Recall: [0.565,0.847,0.315,0.427,0.356,0.053,0.352,0.796,0.178,0.382]
Epoch [104] Training Results: Prec@1 88.856 Prec@5 99.611             Loss 0.33275
Epoch [104] Training Class Recall: [0.788,0.905,0.838,0.861,0.896,0.899,0.922,0.919,0.941,0.942]
Epoch [104] Testing Results: Prec@1 38.810 Prec@5 76.780             Loss 3.85016
Epoch [104] Testing Class Recall: [0.484,0.751,0.385,0.330,0.713,0.580,0.048,0.096,0.185,0.309]
Epoch [105] Training Results: Prec@1 88.422 Prec@5 99.711             Loss 0.34413
Epoch [105] Training Class Recall: [0.784,0.898,0.830,0.858,0.889,0.904,0.916,0.918,0.931,0.939]
Epoch [105] Testing Results: Prec@1 45.170 Prec@5 83.560             Loss 2.99859
Epoch [105] Testing Class Recall: [0.490,0.927,0.441,0.286,0.518,0.453,0.479,0.192,0.397,0.334]
Epoch [106] Training Results: Prec@1 88.406 Prec@5 99.722             Loss 0.34551
Epoch [106] Training Class Recall: [0.782,0.907,0.835,0.856,0.892,0.899,0.918,0.915,0.927,0.932]
Epoch [106] Testing Results: Prec@1 40.810 Prec@5 79.810             Loss 3.49002
Epoch [106] Testing Class Recall: [0.549,0.838,0.364,0.698,0.131,0.382,0.367,0.186,0.113,0.453]
Epoch [107] Training Results: Prec@1 89.781 Prec@5 99.742             Loss 0.30911
Epoch [107] Training Class Recall: [0.800,0.916,0.846,0.873,0.909,0.912,0.930,0.926,0.941,0.951]
Epoch [107] Testing Results: Prec@1 45.140 Prec@5 82.850             Loss 3.00863
Epoch [107] Testing Class Recall: [0.547,0.823,0.394,0.479,0.512,0.370,0.449,0.425,0.268,0.247]
Epoch [108] Training Results: Prec@1 89.261 Prec@5 99.733             Loss 0.32755
Epoch [108] Training Class Recall: [0.804,0.907,0.842,0.869,0.902,0.903,0.918,0.922,0.934,0.948]
Epoch [108] Testing Results: Prec@1 42.590 Prec@5 79.560             Loss 3.16581
Epoch [108] Testing Class Recall: [0.608,0.850,0.458,0.673,0.349,0.206,0.361,0.308,0.101,0.345]
Epoch [109] Training Results: Prec@1 89.367 Prec@5 99.694             Loss 0.32348
Epoch [109] Training Class Recall: [0.799,0.907,0.852,0.870,0.898,0.908,0.925,0.918,0.939,0.944]
Epoch [109] Testing Results: Prec@1 44.970 Prec@5 81.740             Loss 2.93802
Epoch [109] Testing Class Recall: [0.469,0.934,0.450,0.310,0.584,0.594,0.565,0.311,0.110,0.170]
Epoch [110] Training Results: Prec@1 89.183 Prec@5 99.686             Loss 0.32653
Epoch [110] Training Class Recall: [0.791,0.904,0.844,0.872,0.897,0.917,0.924,0.921,0.936,0.937]
Epoch [110] Testing Results: Prec@1 43.930 Prec@5 82.320             Loss 3.17056
Epoch [110] Testing Class Recall: [0.542,0.908,0.511,0.485,0.357,0.360,0.178,0.596,0.259,0.197]
Epoch [111] Training Results: Prec@1 89.394 Prec@5 99.728             Loss 0.32189
Epoch [111] Training Class Recall: [0.791,0.905,0.849,0.879,0.898,0.916,0.929,0.919,0.934,0.944]
Epoch [111] Testing Results: Prec@1 43.640 Prec@5 81.570             Loss 3.08748
Epoch [111] Testing Class Recall: [0.452,0.874,0.626,0.262,0.213,0.421,0.573,0.492,0.264,0.187]
Epoch [112] Training Results: Prec@1 89.486 Prec@5 99.764             Loss 0.31358
Epoch [112] Training Class Recall: [0.797,0.908,0.849,0.869,0.902,0.911,0.928,0.927,0.942,0.940]
Epoch [112] Testing Results: Prec@1 42.560 Prec@5 80.360             Loss 3.36350
Epoch [112] Testing Class Recall: [0.520,0.890,0.529,0.346,0.460,0.364,0.274,0.496,0.320,0.057]
Epoch [113] Training Results: Prec@1 89.311 Prec@5 99.700             Loss 0.31900
Epoch [113] Training Class Recall: [0.796,0.909,0.849,0.875,0.894,0.918,0.918,0.921,0.936,0.937]
Epoch [113] Testing Results: Prec@1 46.820 Prec@5 85.050             Loss 2.70409
Epoch [113] Testing Class Recall: [0.664,0.771,0.452,0.400,0.549,0.484,0.542,0.302,0.319,0.199]
Epoch [114] Training Results: Prec@1 89.419 Prec@5 99.711             Loss 0.32337
Epoch [114] Training Class Recall: [0.795,0.906,0.845,0.874,0.898,0.906,0.925,0.929,0.941,0.948]
Epoch [114] Testing Results: Prec@1 42.060 Prec@5 81.820             Loss 3.19512
Epoch [114] Testing Class Recall: [0.529,0.614,0.498,0.424,0.383,0.587,0.472,0.316,0.211,0.172]
Epoch [115] Training Results: Prec@1 88.756 Prec@5 99.719             Loss 0.33503
Epoch [115] Training Class Recall: [0.790,0.897,0.843,0.866,0.889,0.903,0.918,0.919,0.937,0.938]
Epoch [115] Testing Results: Prec@1 44.440 Prec@5 82.390             Loss 2.91223
Epoch [115] Testing Class Recall: [0.519,0.880,0.389,0.461,0.484,0.585,0.338,0.302,0.157,0.329]
Epoch [116] Training Results: Prec@1 88.950 Prec@5 99.672             Loss 0.33261
Epoch [116] Training Class Recall: [0.790,0.908,0.838,0.862,0.900,0.900,0.925,0.921,0.934,0.941]
Epoch [116] Testing Results: Prec@1 47.370 Prec@5 82.030             Loss 3.06823
Epoch [116] Testing Class Recall: [0.675,0.871,0.440,0.369,0.570,0.494,0.570,0.492,0.155,0.101]
Epoch [117] Training Results: Prec@1 89.250 Prec@5 99.692             Loss 0.32702
Epoch [117] Training Class Recall: [0.798,0.900,0.846,0.867,0.898,0.908,0.921,0.926,0.943,0.941]
Epoch [117] Testing Results: Prec@1 44.410 Prec@5 79.020             Loss 3.54212
Epoch [117] Testing Class Recall: [0.695,0.855,0.529,0.540,0.367,0.171,0.766,0.276,0.198,0.044]
Epoch [118] Training Results: Prec@1 89.386 Prec@5 99.736             Loss 0.32131
Epoch [118] Training Class Recall: [0.801,0.908,0.846,0.872,0.899,0.903,0.925,0.925,0.937,0.944]
Epoch [118] Testing Results: Prec@1 47.410 Prec@5 83.400             Loss 2.78268
Epoch [118] Testing Class Recall: [0.627,0.782,0.602,0.278,0.535,0.432,0.654,0.395,0.311,0.125]
Epoch [119] Training Results: Prec@1 89.928 Prec@5 99.697             Loss 0.30530
Epoch [119] Training Class Recall: [0.811,0.912,0.845,0.876,0.912,0.913,0.931,0.927,0.943,0.946]
Epoch [119] Testing Results: Prec@1 45.600 Prec@5 81.000             Loss 3.40837
Epoch [119] Testing Class Recall: [0.747,0.890,0.453,0.453,0.355,0.392,0.557,0.486,0.112,0.115]
Epoch [120] Training Results: Prec@1 89.239 Prec@5 99.681             Loss 0.32725
Epoch [120] Training Class Recall: [0.798,0.907,0.852,0.866,0.901,0.915,0.927,0.910,0.937,0.933]
Epoch [120] Testing Results: Prec@1 41.800 Prec@5 79.390             Loss 3.75660
Epoch [120] Testing Class Recall: [0.486,0.917,0.472,0.728,0.438,0.130,0.375,0.056,0.230,0.348]
Epoch [121] Training Results: Prec@1 89.897 Prec@5 99.819             Loss 0.30777
Epoch [121] Training Class Recall: [0.809,0.910,0.853,0.876,0.905,0.909,0.932,0.933,0.934,0.950]
Epoch [121] Testing Results: Prec@1 44.210 Prec@5 84.500             Loss 3.31057
Epoch [121] Testing Class Recall: [0.373,0.664,0.527,0.448,0.429,0.356,0.552,0.619,0.321,0.132]
Epoch [122] Training Results: Prec@1 89.017 Prec@5 99.692             Loss 0.32919
Epoch [122] Training Class Recall: [0.798,0.910,0.841,0.872,0.889,0.906,0.915,0.914,0.939,0.938]
Epoch [122] Testing Results: Prec@1 42.220 Prec@5 80.350             Loss 3.75938
Epoch [122] Testing Class Recall: [0.291,0.955,0.579,0.656,0.620,0.263,0.325,0.315,0.175,0.043]
Epoch [123] Training Results: Prec@1 89.353 Prec@5 99.633             Loss 0.32383
Epoch [123] Training Class Recall: [0.790,0.916,0.848,0.869,0.906,0.909,0.925,0.917,0.937,0.942]
Epoch [123] Testing Results: Prec@1 43.710 Prec@5 80.740             Loss 3.11500
Epoch [123] Testing Class Recall: [0.736,0.919,0.563,0.261,0.281,0.360,0.533,0.407,0.226,0.085]
Epoch [124] Training Results: Prec@1 89.597 Prec@5 99.764             Loss 0.31597
Epoch [124] Training Class Recall: [0.806,0.908,0.845,0.878,0.901,0.911,0.919,0.925,0.942,0.947]
Epoch [124] Testing Results: Prec@1 44.550 Prec@5 83.810             Loss 3.04725
Epoch [124] Testing Class Recall: [0.411,0.718,0.612,0.282,0.373,0.518,0.303,0.393,0.215,0.630]
Epoch [125] Training Results: Prec@1 89.242 Prec@5 99.728             Loss 0.32261
Epoch [125] Training Class Recall: [0.795,0.912,0.842,0.870,0.896,0.914,0.923,0.920,0.932,0.943]
Epoch [125] Testing Results: Prec@1 46.920 Prec@5 82.560             Loss 2.78326
Epoch [125] Testing Class Recall: [0.588,0.896,0.551,0.481,0.504,0.485,0.276,0.375,0.304,0.232]
Epoch [126] Training Results: Prec@1 89.953 Prec@5 99.725             Loss 0.30731
Epoch [126] Training Class Recall: [0.802,0.907,0.851,0.877,0.909,0.919,0.933,0.935,0.942,0.944]
Epoch [126] Testing Results: Prec@1 43.880 Prec@5 80.880             Loss 3.06971
Epoch [126] Testing Class Recall: [0.499,0.836,0.567,0.495,0.611,0.475,0.295,0.219,0.148,0.243]
Epoch [127] Training Results: Prec@1 89.967 Prec@5 99.778             Loss 0.30420
Epoch [127] Training Class Recall: [0.804,0.916,0.863,0.868,0.904,0.922,0.930,0.926,0.940,0.946]
Epoch [127] Testing Results: Prec@1 43.580 Prec@5 82.920             Loss 3.03343
Epoch [127] Testing Class Recall: [0.493,0.753,0.406,0.461,0.526,0.167,0.643,0.312,0.382,0.215]
Epoch [128] Training Results: Prec@1 89.700 Prec@5 99.678             Loss 0.31341
Epoch [128] Training Class Recall: [0.809,0.912,0.853,0.874,0.899,0.913,0.930,0.925,0.936,0.942]
Epoch [128] Testing Results: Prec@1 44.330 Prec@5 83.090             Loss 3.53518
Epoch [128] Testing Class Recall: [0.548,0.831,0.634,0.578,0.360,0.144,0.349,0.387,0.434,0.168]
Epoch [129] Training Results: Prec@1 89.594 Prec@5 99.681             Loss 0.31174
Epoch [129] Training Class Recall: [0.805,0.908,0.855,0.865,0.905,0.917,0.925,0.919,0.940,0.943]
Epoch [129] Testing Results: Prec@1 44.710 Prec@5 86.250             Loss 3.06848
Epoch [129] Testing Class Recall: [0.482,0.649,0.304,0.453,0.483,0.464,0.370,0.452,0.508,0.306]
Epoch [130] Training Results: Prec@1 89.403 Prec@5 99.719             Loss 0.31552
Epoch [130] Training Class Recall: [0.797,0.907,0.850,0.884,0.905,0.910,0.925,0.916,0.931,0.937]
Epoch [130] Testing Results: Prec@1 48.130 Prec@5 82.600             Loss 3.10815
Epoch [130] Testing Class Recall: [0.667,0.883,0.547,0.370,0.632,0.447,0.451,0.277,0.256,0.283]
Epoch [131] Training Results: Prec@1 89.669 Prec@5 99.753             Loss 0.30524
Epoch [131] Training Class Recall: [0.803,0.909,0.857,0.870,0.900,0.920,0.921,0.924,0.940,0.946]
Epoch [131] Testing Results: Prec@1 41.530 Prec@5 81.290             Loss 3.29157
Epoch [131] Testing Class Recall: [0.560,0.940,0.250,0.676,0.341,0.151,0.470,0.180,0.247,0.338]
Epoch [132] Training Results: Prec@1 89.647 Prec@5 99.689             Loss 0.31582
Epoch [132] Training Class Recall: [0.809,0.912,0.843,0.876,0.904,0.911,0.929,0.922,0.934,0.948]
Epoch [132] Testing Results: Prec@1 35.910 Prec@5 76.770             Loss 4.41110
Epoch [132] Testing Class Recall: [0.493,0.838,0.881,0.391,0.319,0.240,0.073,0.175,0.128,0.053]
Epoch [133] Training Results: Prec@1 89.539 Prec@5 99.703             Loss 0.31838
Epoch [133] Training Class Recall: [0.803,0.908,0.839,0.874,0.900,0.914,0.929,0.920,0.945,0.947]
Epoch [133] Testing Results: Prec@1 43.880 Prec@5 81.280             Loss 3.22653
Epoch [133] Testing Class Recall: [0.477,0.743,0.655,0.485,0.365,0.468,0.466,0.199,0.456,0.074]
Epoch [134] Training Results: Prec@1 90.108 Prec@5 99.750             Loss 0.29940
Epoch [134] Training Class Recall: [0.808,0.909,0.859,0.878,0.915,0.919,0.932,0.925,0.944,0.944]
Epoch [134] Testing Results: Prec@1 39.780 Prec@5 78.380             Loss 3.57925
Epoch [134] Testing Class Recall: [0.489,0.678,0.780,0.230,0.402,0.389,0.362,0.376,0.246,0.026]
Epoch [135] Training Results: Prec@1 89.692 Prec@5 99.764             Loss 0.31332
Epoch [135] Training Class Recall: [0.804,0.909,0.853,0.872,0.906,0.918,0.925,0.926,0.933,0.946]
Epoch [135] Testing Results: Prec@1 45.980 Prec@5 83.160             Loss 3.05139
Epoch [135] Testing Class Recall: [0.439,0.856,0.587,0.489,0.577,0.165,0.592,0.366,0.374,0.153]
Epoch [136] Training Results: Prec@1 89.600 Prec@5 99.747             Loss 0.30952
Epoch [136] Training Class Recall: [0.800,0.909,0.853,0.878,0.908,0.907,0.929,0.917,0.938,0.942]
Epoch [136] Testing Results: Prec@1 46.600 Prec@5 84.810             Loss 2.85780
Epoch [136] Testing Class Recall: [0.476,0.768,0.589,0.606,0.383,0.428,0.410,0.476,0.344,0.180]
Epoch [137] Training Results: Prec@1 89.936 Prec@5 99.781             Loss 0.30153
Epoch [137] Training Class Recall: [0.817,0.911,0.852,0.877,0.908,0.911,0.922,0.927,0.945,0.945]
Epoch [137] Testing Results: Prec@1 40.300 Prec@5 80.710             Loss 3.46363
Epoch [137] Testing Class Recall: [0.417,0.938,0.298,0.394,0.631,0.465,0.376,0.205,0.184,0.122]
Epoch [138] Training Results: Prec@1 89.658 Prec@5 99.744             Loss 0.31437
Epoch [138] Training Class Recall: [0.794,0.914,0.844,0.885,0.904,0.919,0.925,0.922,0.935,0.946]
Epoch [138] Testing Results: Prec@1 43.030 Prec@5 81.360             Loss 3.29260
Epoch [138] Testing Class Recall: [0.505,0.829,0.442,0.222,0.559,0.121,0.795,0.261,0.264,0.305]
Epoch [139] Training Results: Prec@1 89.817 Prec@5 99.758             Loss 0.30646
Epoch [139] Training Class Recall: [0.811,0.908,0.846,0.885,0.902,0.915,0.935,0.922,0.941,0.939]
Epoch [139] Testing Results: Prec@1 45.940 Prec@5 85.890             Loss 3.26958
Epoch [139] Testing Class Recall: [0.619,0.624,0.544,0.560,0.310,0.309,0.385,0.648,0.252,0.343]
Epoch [140] Training Results: Prec@1 89.892 Prec@5 99.764             Loss 0.30710
Epoch [140] Training Class Recall: [0.805,0.915,0.856,0.883,0.904,0.911,0.929,0.924,0.937,0.947]
Epoch [140] Testing Results: Prec@1 44.010 Prec@5 81.740             Loss 3.21653
Epoch [140] Testing Class Recall: [0.609,0.879,0.327,0.604,0.549,0.194,0.404,0.466,0.232,0.137]
Epoch [141] Training Results: Prec@1 89.669 Prec@5 99.692             Loss 0.31454
Epoch [141] Training Class Recall: [0.805,0.910,0.858,0.874,0.909,0.909,0.930,0.918,0.939,0.936]
Epoch [141] Testing Results: Prec@1 44.540 Prec@5 80.000             Loss 3.29849
Epoch [141] Testing Class Recall: [0.711,0.831,0.522,0.384,0.611,0.277,0.454,0.270,0.181,0.213]
Epoch [142] Training Results: Prec@1 90.131 Prec@5 99.725             Loss 0.29995
Epoch [142] Training Class Recall: [0.812,0.917,0.855,0.878,0.918,0.913,0.934,0.929,0.937,0.942]
Epoch [142] Testing Results: Prec@1 49.450 Prec@5 85.390             Loss 2.64349
Epoch [142] Testing Class Recall: [0.656,0.859,0.410,0.338,0.698,0.327,0.454,0.542,0.397,0.264]
Epoch [143] Training Results: Prec@1 90.053 Prec@5 99.772             Loss 0.30029
Epoch [143] Training Class Recall: [0.817,0.916,0.857,0.872,0.909,0.915,0.926,0.926,0.946,0.942]
Epoch [143] Testing Results: Prec@1 42.640 Prec@5 81.000             Loss 3.26478
Epoch [143] Testing Class Recall: [0.373,0.751,0.610,0.402,0.416,0.431,0.549,0.377,0.086,0.269]
Epoch [144] Training Results: Prec@1 89.578 Prec@5 99.728             Loss 0.31822
Epoch [144] Training Class Recall: [0.802,0.911,0.855,0.873,0.906,0.912,0.921,0.921,0.935,0.943]
Epoch [144] Testing Results: Prec@1 46.900 Prec@5 82.800             Loss 3.06760
Epoch [144] Testing Class Recall: [0.554,0.827,0.599,0.658,0.483,0.263,0.419,0.445,0.193,0.249]
Epoch [145] Training Results: Prec@1 90.444 Prec@5 99.747             Loss 0.28557
Epoch [145] Training Class Recall: [0.820,0.918,0.862,0.880,0.915,0.918,0.934,0.931,0.937,0.951]
Epoch [145] Testing Results: Prec@1 43.350 Prec@5 81.930             Loss 3.04393
Epoch [145] Testing Class Recall: [0.706,0.799,0.338,0.212,0.723,0.414,0.493,0.228,0.134,0.288]
Epoch [146] Training Results: Prec@1 89.539 Prec@5 99.700             Loss 0.31788
Epoch [146] Training Class Recall: [0.806,0.914,0.843,0.873,0.897,0.916,0.929,0.918,0.937,0.944]
Epoch [146] Testing Results: Prec@1 47.990 Prec@5 84.040             Loss 2.78345
Epoch [146] Testing Class Recall: [0.711,0.852,0.407,0.549,0.299,0.326,0.511,0.517,0.290,0.337]
Epoch [147] Training Results: Prec@1 90.047 Prec@5 99.750             Loss 0.29796
Epoch [147] Training Class Recall: [0.808,0.916,0.850,0.884,0.909,0.916,0.924,0.927,0.948,0.945]
Epoch [147] Testing Results: Prec@1 39.890 Prec@5 78.360             Loss 3.89634
Epoch [147] Testing Class Recall: [0.581,0.897,0.351,0.762,0.411,0.165,0.262,0.270,0.175,0.115]
Epoch [148] Training Results: Prec@1 89.639 Prec@5 99.733             Loss 0.31146
Epoch [148] Training Class Recall: [0.812,0.913,0.847,0.875,0.904,0.907,0.917,0.929,0.941,0.940]
Epoch [148] Testing Results: Prec@1 46.760 Prec@5 84.600             Loss 2.88604
Epoch [148] Testing Class Recall: [0.437,0.849,0.568,0.596,0.368,0.368,0.471,0.523,0.200,0.296]
Epoch [149] Training Results: Prec@1 89.464 Prec@5 99.714             Loss 0.31783
Epoch [149] Training Class Recall: [0.792,0.909,0.851,0.875,0.899,0.917,0.927,0.925,0.934,0.941]
Epoch [149] Testing Results: Prec@1 43.280 Prec@5 82.260             Loss 3.71110
Epoch [149] Testing Class Recall: [0.381,0.754,0.400,0.727,0.416,0.344,0.245,0.393,0.161,0.507]
Epoch [150] Training Results: Prec@1 90.639 Prec@5 99.767             Loss 0.28636
Epoch [150] Training Class Recall: [0.823,0.916,0.870,0.889,0.905,0.922,0.941,0.928,0.945,0.945]
Epoch [150] Testing Results: Prec@1 43.150 Prec@5 81.750             Loss 3.71913
Epoch [150] Testing Class Recall: [0.444,0.781,0.610,0.615,0.676,0.288,0.263,0.228,0.249,0.161]
Epoch [151] Training Results: Prec@1 90.308 Prec@5 99.750             Loss 0.29992
Epoch [151] Training Class Recall: [0.817,0.917,0.860,0.890,0.910,0.919,0.930,0.926,0.935,0.946]
Epoch [151] Testing Results: Prec@1 43.300 Prec@5 81.570             Loss 3.43682
Epoch [151] Testing Class Recall: [0.515,0.603,0.434,0.369,0.693,0.449,0.672,0.391,0.163,0.041]
Epoch [152] Training Results: Prec@1 90.544 Prec@5 99.753             Loss 0.28468
Epoch [152] Training Class Recall: [0.820,0.916,0.864,0.882,0.913,0.918,0.929,0.937,0.949,0.947]
Epoch [152] Testing Results: Prec@1 42.370 Prec@5 81.000             Loss 3.16386
Epoch [152] Testing Class Recall: [0.478,0.834,0.324,0.244,0.505,0.470,0.735,0.319,0.100,0.228]
Epoch [153] Training Results: Prec@1 90.175 Prec@5 99.739             Loss 0.29839
Epoch [153] Training Class Recall: [0.814,0.912,0.860,0.881,0.912,0.916,0.930,0.928,0.943,0.943]
Epoch [153] Testing Results: Prec@1 44.080 Prec@5 82.470             Loss 3.20645
Epoch [153] Testing Class Recall: [0.709,0.908,0.466,0.439,0.383,0.302,0.513,0.382,0.227,0.079]
Epoch [154] Training Results: Prec@1 89.419 Prec@5 99.781             Loss 0.31645
Epoch [154] Training Class Recall: [0.803,0.910,0.853,0.871,0.900,0.907,0.914,0.926,0.938,0.942]
Epoch [154] Testing Results: Prec@1 43.120 Prec@5 81.250             Loss 3.17611
Epoch [154] Testing Class Recall: [0.454,0.837,0.359,0.532,0.515,0.437,0.500,0.428,0.169,0.081]
Epoch [155] Training Results: Prec@1 89.764 Prec@5 99.794             Loss 0.30350
Epoch [155] Training Class Recall: [0.800,0.911,0.855,0.881,0.904,0.919,0.924,0.923,0.932,0.948]
Epoch [155] Testing Results: Prec@1 42.920 Prec@5 81.970             Loss 3.84131
Epoch [155] Testing Class Recall: [0.529,0.880,0.321,0.277,0.266,0.562,0.871,0.215,0.139,0.232]
Epoch [156] Training Results: Prec@1 89.594 Prec@5 99.725             Loss 0.31499
Epoch [156] Training Class Recall: [0.798,0.912,0.855,0.879,0.905,0.911,0.925,0.918,0.938,0.940]
Epoch [156] Testing Results: Prec@1 45.160 Prec@5 81.880             Loss 3.01266
Epoch [156] Testing Class Recall: [0.615,0.847,0.728,0.427,0.349,0.413,0.382,0.496,0.157,0.102]
Epoch [157] Training Results: Prec@1 89.953 Prec@5 99.786             Loss 0.30269
Epoch [157] Training Class Recall: [0.817,0.909,0.850,0.883,0.907,0.913,0.930,0.928,0.941,0.937]
Epoch [157] Testing Results: Prec@1 47.360 Prec@5 82.860             Loss 3.12837
Epoch [157] Testing Class Recall: [0.663,0.920,0.576,0.406,0.489,0.302,0.484,0.400,0.265,0.231]
Epoch [158] Training Results: Prec@1 90.133 Prec@5 99.750             Loss 0.29531
Epoch [158] Training Class Recall: [0.813,0.909,0.857,0.880,0.916,0.916,0.923,0.926,0.943,0.951]
Epoch [158] Testing Results: Prec@1 48.240 Prec@5 85.510             Loss 2.68757
Epoch [158] Testing Class Recall: [0.673,0.815,0.391,0.456,0.585,0.291,0.575,0.295,0.470,0.273]
Epoch [159] Training Results: Prec@1 89.636 Prec@5 99.772             Loss 0.31446
Epoch [159] Training Class Recall: [0.807,0.905,0.864,0.869,0.909,0.903,0.925,0.925,0.940,0.937]
Epoch [159] Testing Results: Prec@1 46.860 Prec@5 82.010             Loss 3.40651
Epoch [159] Testing Class Recall: [0.561,0.865,0.703,0.311,0.446,0.482,0.533,0.481,0.258,0.046]
Epoch [160] Training Results: Prec@1 93.206 Prec@5 99.869             Loss 0.21061
Epoch [160] Training Class Recall: [0.850,0.935,0.913,0.913,0.949,0.925,0.960,0.953,0.974,0.965]
Epoch [160] Testing Results: Prec@1 50.260 Prec@5 84.280             Loss 2.67861
Epoch [160] Testing Class Recall: [0.704,0.863,0.636,0.526,0.583,0.430,0.428,0.415,0.240,0.201]
Epoch [161] Training Results: Prec@1 95.608 Prec@5 99.928             Loss 0.14709
Epoch [161] Training Class Recall: [0.891,0.949,0.925,0.947,0.969,0.969,0.983,0.975,0.985,0.985]
Epoch [161] Testing Results: Prec@1 50.670 Prec@5 83.970             Loss 2.71468
Epoch [161] Testing Class Recall: [0.733,0.881,0.655,0.517,0.588,0.407,0.456,0.391,0.244,0.195]
Epoch [162] Training Results: Prec@1 96.333 Prec@5 99.953             Loss 0.12589
Epoch [162] Training Class Recall: [0.909,0.947,0.938,0.953,0.976,0.979,0.986,0.981,0.989,0.991]
Epoch [162] Testing Results: Prec@1 50.900 Prec@5 83.610             Loss 2.74973
Epoch [162] Testing Class Recall: [0.734,0.911,0.635,0.566,0.571,0.399,0.455,0.389,0.256,0.174]
Epoch [163] Training Results: Prec@1 96.906 Prec@5 99.931             Loss 0.11187
Epoch [163] Training Class Recall: [0.920,0.954,0.942,0.964,0.979,0.986,0.986,0.987,0.993,0.994]
Epoch [163] Testing Results: Prec@1 51.380 Prec@5 84.010             Loss 2.71056
Epoch [163] Testing Class Recall: [0.762,0.902,0.630,0.571,0.578,0.395,0.454,0.408,0.256,0.182]
Epoch [164] Training Results: Prec@1 97.050 Prec@5 99.944             Loss 0.10370
Epoch [164] Training Class Recall: [0.921,0.953,0.948,0.969,0.983,0.982,0.988,0.988,0.994,0.993]
Epoch [164] Testing Results: Prec@1 50.760 Prec@5 83.720             Loss 2.75578
Epoch [164] Testing Class Recall: [0.763,0.890,0.632,0.562,0.596,0.393,0.431,0.388,0.218,0.203]
Epoch [165] Training Results: Prec@1 97.478 Prec@5 99.956             Loss 0.09356
Epoch [165] Training Class Recall: [0.933,0.959,0.955,0.970,0.983,0.985,0.993,0.991,0.995,0.995]
Epoch [165] Testing Results: Prec@1 51.440 Prec@5 83.990             Loss 2.72807
Epoch [165] Testing Class Recall: [0.749,0.916,0.642,0.561,0.587,0.392,0.469,0.388,0.247,0.193]
Epoch [166] Training Results: Prec@1 97.389 Prec@5 99.967             Loss 0.09301
Epoch [166] Training Class Recall: [0.925,0.958,0.954,0.972,0.984,0.989,0.992,0.988,0.994,0.996]
Epoch [166] Testing Results: Prec@1 50.850 Prec@5 83.540             Loss 2.81348
Epoch [166] Testing Class Recall: [0.758,0.887,0.641,0.579,0.603,0.409,0.421,0.377,0.219,0.191]
Epoch [167] Training Results: Prec@1 97.658 Prec@5 99.972             Loss 0.08593
Epoch [167] Training Class Recall: [0.938,0.959,0.959,0.974,0.979,0.991,0.991,0.991,0.996,0.998]
Epoch [167] Testing Results: Prec@1 50.980 Prec@5 83.420             Loss 2.83969
Epoch [167] Testing Class Recall: [0.786,0.892,0.641,0.573,0.577,0.412,0.418,0.396,0.209,0.194]
Epoch [168] Training Results: Prec@1 97.825 Prec@5 99.969             Loss 0.08273
Epoch [168] Training Class Recall: [0.940,0.962,0.960,0.972,0.989,0.990,0.995,0.991,0.997,0.997]
Epoch [168] Testing Results: Prec@1 51.350 Prec@5 83.620             Loss 2.81949
Epoch [168] Testing Class Recall: [0.777,0.892,0.626,0.573,0.605,0.404,0.457,0.383,0.236,0.182]
Epoch [169] Training Results: Prec@1 97.922 Prec@5 99.961             Loss 0.07844
Epoch [169] Training Class Recall: [0.939,0.963,0.963,0.979,0.987,0.991,0.993,0.995,0.997,0.998]
Epoch [169] Testing Results: Prec@1 51.120 Prec@5 83.010             Loss 2.86651
Epoch [169] Testing Class Recall: [0.784,0.913,0.644,0.559,0.602,0.401,0.449,0.374,0.210,0.176]
Epoch [170] Training Results: Prec@1 97.936 Prec@5 99.969             Loss 0.07608
Epoch [170] Training Class Recall: [0.946,0.963,0.965,0.974,0.988,0.992,0.992,0.994,0.997,0.994]
Epoch [170] Testing Results: Prec@1 51.440 Prec@5 83.850             Loss 2.80798
Epoch [170] Testing Class Recall: [0.782,0.898,0.649,0.579,0.566,0.369,0.470,0.383,0.238,0.210]
Epoch [171] Training Results: Prec@1 97.992 Prec@5 99.961             Loss 0.07321
Epoch [171] Training Class Recall: [0.942,0.967,0.961,0.977,0.986,0.993,0.994,0.996,0.996,0.997]
Epoch [171] Testing Results: Prec@1 50.940 Prec@5 83.020             Loss 2.89271
Epoch [171] Testing Class Recall: [0.796,0.906,0.664,0.566,0.568,0.371,0.456,0.374,0.232,0.161]
Epoch [172] Training Results: Prec@1 98.103 Prec@5 99.983             Loss 0.07035
Epoch [172] Training Class Recall: [0.943,0.969,0.965,0.978,0.989,0.993,0.996,0.994,0.996,0.998]
Epoch [172] Testing Results: Prec@1 51.470 Prec@5 83.200             Loss 2.88374
Epoch [172] Testing Class Recall: [0.781,0.917,0.645,0.552,0.599,0.403,0.463,0.382,0.231,0.174]
Epoch [173] Training Results: Prec@1 98.308 Prec@5 99.972             Loss 0.06691
Epoch [173] Training Class Recall: [0.950,0.974,0.968,0.982,0.989,0.989,0.997,0.995,0.998,0.997]
Epoch [173] Testing Results: Prec@1 51.380 Prec@5 83.330             Loss 2.85573
Epoch [173] Testing Class Recall: [0.786,0.912,0.633,0.560,0.596,0.402,0.461,0.375,0.235,0.178]
Epoch [174] Training Results: Prec@1 98.283 Prec@5 99.969             Loss 0.06659
Epoch [174] Training Class Recall: [0.947,0.969,0.969,0.981,0.990,0.994,0.996,0.996,0.998,0.999]
Epoch [174] Testing Results: Prec@1 51.000 Prec@5 83.080             Loss 2.90895
Epoch [174] Testing Class Recall: [0.775,0.914,0.645,0.566,0.591,0.396,0.460,0.371,0.211,0.171]
Epoch [175] Training Results: Prec@1 98.403 Prec@5 99.978             Loss 0.06350
Epoch [175] Training Class Recall: [0.951,0.971,0.973,0.979,0.991,0.994,0.996,0.996,0.999,0.998]
Epoch [175] Testing Results: Prec@1 50.960 Prec@5 83.330             Loss 2.90732
Epoch [175] Testing Class Recall: [0.788,0.908,0.639,0.550,0.582,0.395,0.455,0.385,0.221,0.173]
Epoch [176] Training Results: Prec@1 98.439 Prec@5 99.989             Loss 0.06203
Epoch [176] Training Class Recall: [0.955,0.971,0.971,0.982,0.988,0.994,0.997,0.996,0.999,0.998]
Epoch [176] Testing Results: Prec@1 50.990 Prec@5 83.060             Loss 2.93827
Epoch [176] Testing Class Recall: [0.788,0.911,0.633,0.595,0.576,0.359,0.467,0.389,0.211,0.170]
Epoch [177] Training Results: Prec@1 98.375 Prec@5 99.972             Loss 0.06232
Epoch [177] Training Class Recall: [0.953,0.969,0.967,0.983,0.991,0.995,0.997,0.997,0.998,0.998]
Epoch [177] Testing Results: Prec@1 50.830 Prec@5 83.160             Loss 2.94989
Epoch [177] Testing Class Recall: [0.781,0.892,0.634,0.603,0.578,0.373,0.444,0.368,0.224,0.186]
Epoch [178] Training Results: Prec@1 98.514 Prec@5 99.978             Loss 0.05979
Epoch [178] Training Class Recall: [0.954,0.972,0.972,0.986,0.991,0.996,0.996,0.996,1.000,0.998]
Epoch [178] Testing Results: Prec@1 50.890 Prec@5 83.090             Loss 2.94165
Epoch [178] Testing Class Recall: [0.785,0.916,0.641,0.541,0.592,0.396,0.438,0.381,0.220,0.179]
Epoch [179] Training Results: Prec@1 98.572 Prec@5 99.981             Loss 0.05869
Epoch [179] Training Class Recall: [0.961,0.973,0.972,0.982,0.991,0.995,0.998,0.995,0.999,0.998]
Epoch [179] Testing Results: Prec@1 51.030 Prec@5 83.300             Loss 2.90609
Epoch [179] Testing Class Recall: [0.786,0.926,0.639,0.554,0.553,0.379,0.447,0.401,0.236,0.182]
Epoch [180] Training Results: Prec@1 98.594 Prec@5 99.978             Loss 0.05721
Epoch [180] Training Class Recall: [0.960,0.975,0.972,0.985,0.992,0.996,0.994,0.996,0.998,0.998]
Epoch [180] Testing Results: Prec@1 50.850 Prec@5 83.070             Loss 2.96689
Epoch [180] Testing Class Recall: [0.786,0.927,0.636,0.558,0.572,0.401,0.428,0.393,0.248,0.136]
Epoch [181] Training Results: Prec@1 98.550 Prec@5 99.972             Loss 0.05681
Epoch [181] Training Class Recall: [0.959,0.973,0.971,0.985,0.990,0.994,0.996,0.997,0.999,0.998]
Epoch [181] Testing Results: Prec@1 51.200 Prec@5 83.490             Loss 2.91205
Epoch [181] Testing Class Recall: [0.784,0.928,0.641,0.549,0.569,0.378,0.453,0.398,0.226,0.194]
Epoch [182] Training Results: Prec@1 98.531 Prec@5 99.978             Loss 0.05827
Epoch [182] Training Class Recall: [0.957,0.970,0.972,0.984,0.991,0.995,0.997,0.997,0.998,1.000]
Epoch [182] Testing Results: Prec@1 51.080 Prec@5 83.340             Loss 2.91129
Epoch [182] Testing Class Recall: [0.787,0.914,0.643,0.556,0.575,0.392,0.463,0.376,0.224,0.178]
Epoch [183] Training Results: Prec@1 98.517 Prec@5 99.986             Loss 0.05759
Epoch [183] Training Class Recall: [0.959,0.970,0.971,0.985,0.990,0.996,0.996,0.996,0.999,0.998]
Epoch [183] Testing Results: Prec@1 50.340 Prec@5 82.750             Loss 3.00423
Epoch [183] Testing Class Recall: [0.792,0.926,0.635,0.556,0.572,0.373,0.439,0.372,0.216,0.153]
Epoch [184] Training Results: Prec@1 98.639 Prec@5 99.969             Loss 0.05705
Epoch [184] Training Class Recall: [0.961,0.975,0.972,0.985,0.993,0.994,0.996,0.998,0.998,0.999]
Epoch [184] Testing Results: Prec@1 50.990 Prec@5 83.180             Loss 2.95719
Epoch [184] Testing Class Recall: [0.782,0.921,0.631,0.568,0.597,0.381,0.464,0.354,0.223,0.178]
Epoch [185] Training Results: Prec@1 98.458 Prec@5 99.989             Loss 0.05705
Epoch [185] Training Class Recall: [0.951,0.972,0.972,0.984,0.990,0.996,0.997,0.996,0.999,0.999]
Epoch [185] Testing Results: Prec@1 51.230 Prec@5 83.470             Loss 2.91502
Epoch [185] Testing Class Recall: [0.779,0.924,0.618,0.579,0.586,0.380,0.462,0.391,0.217,0.187]
Epoch [186] Training Results: Prec@1 98.553 Prec@5 99.978             Loss 0.05767
Epoch [186] Training Class Recall: [0.955,0.975,0.976,0.980,0.993,0.995,0.996,0.996,0.998,0.999]
Epoch [186] Testing Results: Prec@1 51.300 Prec@5 83.270             Loss 2.91113
Epoch [186] Testing Class Recall: [0.781,0.925,0.622,0.565,0.590,0.394,0.463,0.385,0.210,0.195]
Epoch [187] Training Results: Prec@1 98.458 Prec@5 99.981             Loss 0.05878
Epoch [187] Training Class Recall: [0.950,0.975,0.973,0.983,0.991,0.994,0.996,0.997,0.998,0.999]
Epoch [187] Testing Results: Prec@1 51.070 Prec@5 83.240             Loss 2.94182
Epoch [187] Testing Class Recall: [0.786,0.916,0.644,0.557,0.567,0.412,0.459,0.378,0.215,0.173]
Epoch [188] Training Results: Prec@1 98.436 Prec@5 99.992             Loss 0.05818
Epoch [188] Training Class Recall: [0.956,0.972,0.967,0.984,0.990,0.994,0.997,0.995,0.999,0.999]
Epoch [188] Testing Results: Prec@1 50.760 Prec@5 83.160             Loss 2.95085
Epoch [188] Testing Class Recall: [0.789,0.912,0.644,0.581,0.548,0.365,0.458,0.384,0.221,0.174]
Epoch [189] Training Results: Prec@1 98.522 Prec@5 99.986             Loss 0.05788
Epoch [189] Training Class Recall: [0.955,0.974,0.973,0.983,0.991,0.995,0.996,0.997,0.998,0.998]
Epoch [189] Testing Results: Prec@1 51.180 Prec@5 83.160             Loss 2.92141
Epoch [189] Testing Class Recall: [0.786,0.923,0.632,0.578,0.586,0.385,0.440,0.394,0.218,0.176]
Epoch [190] Training Results: Prec@1 98.456 Prec@5 99.969             Loss 0.05763
Epoch [190] Training Class Recall: [0.956,0.972,0.972,0.982,0.990,0.993,0.996,0.996,0.999,0.999]
Epoch [190] Testing Results: Prec@1 51.220 Prec@5 83.630             Loss 2.92312
Epoch [190] Testing Class Recall: [0.784,0.921,0.630,0.571,0.582,0.385,0.450,0.407,0.220,0.172]
Epoch [191] Training Results: Prec@1 98.567 Prec@5 99.981             Loss 0.05724
Epoch [191] Training Class Recall: [0.960,0.973,0.971,0.985,0.992,0.996,0.997,0.995,0.998,0.998]
Epoch [191] Testing Results: Prec@1 50.630 Prec@5 82.700             Loss 2.97643
Epoch [191] Testing Class Recall: [0.802,0.918,0.646,0.553,0.582,0.380,0.456,0.368,0.212,0.146]
Epoch [192] Training Results: Prec@1 98.569 Prec@5 99.983             Loss 0.05725
Epoch [192] Training Class Recall: [0.955,0.970,0.981,0.983,0.991,0.994,0.996,0.998,0.998,0.999]
Epoch [192] Testing Results: Prec@1 50.640 Prec@5 82.760             Loss 2.97745
Epoch [192] Testing Class Recall: [0.788,0.922,0.635,0.567,0.568,0.393,0.450,0.369,0.214,0.158]
Epoch [193] Training Results: Prec@1 98.611 Prec@5 99.967             Loss 0.05610
Epoch [193] Training Class Recall: [0.961,0.973,0.974,0.983,0.993,0.995,0.995,0.996,0.998,0.999]
Epoch [193] Testing Results: Prec@1 51.020 Prec@5 83.340             Loss 2.93189
Epoch [193] Testing Class Recall: [0.777,0.909,0.663,0.559,0.570,0.380,0.444,0.390,0.225,0.185]
Epoch [194] Training Results: Prec@1 98.578 Prec@5 99.989             Loss 0.05600
Epoch [194] Training Class Recall: [0.960,0.972,0.973,0.985,0.991,0.994,0.998,0.997,0.998,0.998]
Epoch [194] Testing Results: Prec@1 51.240 Prec@5 83.560             Loss 2.91966
Epoch [194] Testing Class Recall: [0.783,0.919,0.620,0.561,0.589,0.383,0.463,0.398,0.219,0.189]
Epoch [195] Training Results: Prec@1 98.486 Prec@5 99.981             Loss 0.05736
Epoch [195] Training Class Recall: [0.953,0.975,0.971,0.983,0.991,0.994,0.995,0.998,0.998,0.999]
Epoch [195] Testing Results: Prec@1 50.810 Prec@5 83.120             Loss 2.95015
Epoch [195] Testing Class Recall: [0.790,0.928,0.625,0.559,0.577,0.388,0.431,0.380,0.228,0.175]
Epoch [196] Training Results: Prec@1 98.531 Prec@5 99.981             Loss 0.05770
Epoch [196] Training Class Recall: [0.960,0.973,0.973,0.983,0.989,0.994,0.997,0.995,0.998,0.998]
Epoch [196] Testing Results: Prec@1 50.670 Prec@5 82.830             Loss 2.98413
Epoch [196] Testing Class Recall: [0.788,0.926,0.629,0.574,0.584,0.380,0.438,0.378,0.215,0.155]
Epoch [197] Training Results: Prec@1 98.528 Prec@5 99.986             Loss 0.05748
Epoch [197] Training Class Recall: [0.954,0.973,0.973,0.984,0.993,0.995,0.997,0.996,0.998,0.998]
Epoch [197] Testing Results: Prec@1 51.170 Prec@5 83.150             Loss 2.94040
Epoch [197] Testing Class Recall: [0.789,0.923,0.630,0.570,0.598,0.381,0.457,0.362,0.230,0.177]
Epoch [198] Training Results: Prec@1 98.531 Prec@5 99.972             Loss 0.05802
Epoch [198] Training Class Recall: [0.961,0.970,0.973,0.985,0.990,0.993,0.996,0.996,0.998,0.999]
Epoch [198] Testing Results: Prec@1 51.270 Prec@5 83.190             Loss 2.91189
Epoch [198] Testing Class Recall: [0.777,0.918,0.647,0.567,0.579,0.400,0.478,0.381,0.209,0.171]
Epoch [199] Training Results: Prec@1 98.536 Prec@5 99.975             Loss 0.05826
Epoch [199] Training Class Recall: [0.956,0.974,0.974,0.983,0.992,0.994,0.997,0.997,0.998,0.998]
Epoch [199] Testing Results: Prec@1 50.460 Prec@5 82.840             Loss 2.97688
Epoch [199] Testing Class Recall: [0.796,0.928,0.644,0.550,0.566,0.379,0.426,0.381,0.226,0.150]
